#
# A fatal error has been detected by the Java Runtime Environment:
#
#  SIGSEGV (0xb) at pc=0x00007f00a121712a, pid=30904, tid=0x00007f00e088c700
#
# JRE version: OpenJDK Runtime Environment (8.0_242-b08) (build 1.8.0_242-8u242-b08-0ubuntu3~18.04-b08)
# Java VM: OpenJDK 64-Bit Server VM (25.242-b08 mixed mode linux-amd64 compressed oops)
# Problematic frame:
# C  [mca_gds_ds21.so+0x212a]  pmix_gds_ds21_lock_init+0x12a
#
# Failed to write core dump. Core dumps have been disabled. To enable core dumping, try "ulimit -c unlimited" before starting Java again
#
# If you would like to submit a bug report, please visit:
#   http://bugreport.java.com/bugreport/crash.jsp
# The crash happened outside the Java Virtual Machine in native code.
# See problematic frame for where to report the bug.
#

---------------  T H R E A D  ---------------

Current thread (0x00007f00d800b800):  JavaThread "main" [_thread_in_native, id=30919, stack(0x00007f00e078d000,0x00007f00e088d000)]

siginfo: si_signo: 11 (SIGSEGV), si_code: 1 (SEGV_MAPERR), si_addr: 0x00007f00dc02b008

Registers:
RAX=0x00007f00d82654b0, RBX=0x00007f00d82653d0, RCX=0x00007f00a163785e, RDX=0x00007ffeb65c8ceb
RSP=0x00007f00e088a700, RBP=0x00007f00d8265428, RSI=0x0000000000085000, RDI=0x0000000000000000
R8 =0x000000000000001e, R9 =0x0000000000000000, R10=0x0000000000000001, R11=0x0000000000000000
R12=0x00007f00d8265028, R13=0x0000000000001000, R14=0x00007f00dc02b000, R15=0x00007f00d8265420
RIP=0x00007f00a121712a, EFLAGS=0x0000000000010202, CSGSFS=0x002b000000000033, ERR=0x0000000000000004
  TRAPNO=0x000000000000000e

Top of Stack: (sp=0x00007f00e088a700)
0x00007f00e088a700:   00007f00d8265380 00007ffeb65c8ceb
0x00007f00e088a710:   0000000000085000 000003e800000002
0x00007f00e088a720:   0000000000000000 00007f00e010b2ed
0x00007f00e088a730:   00007f00d8265070 6e9406aacd6b2200
0x00007f00e088a740:   0000000000000000 00007f00d8264d50
0x00007f00e088a750:   0000000000000000 00007ffeb65c8ceb
0x00007f00e088a760:   0000000000000000 00007f00d8264fc0
0x00007f00e088a770:   0000000000000000 00007f00a1633bcb
0x00007f00e088a780:   00007f00a1217cee 00007f00e088a810
0x00007f00e088a790:   00007f00a27b4513 0000001500000040
0x00007f00e088a7a0:   00007f00d82606a0 6e9406aacd6b2200
0x00007f00e088a7b0:   00007f00a1629280 00007f00d82601b0
0x00007f00e088a7c0:   00007f00a14192d4 00007f00a29da0a0
0x00007f00e088a7d0:   00007f00a1419180 00007f00a29ddfc0
0x00007f00e088a7e0:   00007f00d8264d00 00007f00a1216db4
0x00007f00e088a7f0:   00007f00a29da060 00007f00a279cee8
0x00007f00e088a800:   00007f00a29da100 00007f00e088a834
0x00007f00e088a810:   00007f00e088a838 0000000000000000
0x00007f00e088a820:   0000000000000000 00007f00a29ddfd0
0x00007f00e088a830:   0000001ea2711db0 00007f00a1419180
0x00007f00e088a840:   0000000000000000 6e9406aacd6b2200
0x00007f00e088a850:   00007f00a29da0a0 0000000000000000
0x00007f00e088a860:   0000000000000000 00007f00d81ef610
0x00007f00e088a870:   00007f00a2711db0 00007f00a29d9520
0x00007f00e088a880:   0000000000000000 00007f00a2757763
0x00007f00e088a890:   000000000000000c 00007f00a29d97d8
0x00007f00e088a8a0:   2d69706d6e65706f 0000346576616c73
0x00007f00e088a8b0:   00007f00a269c100 00007f00a2697b00
0x00007f00e088a8c0:   00007f00a269f64e 0000000100000000
0x00007f00e088a8d0:   00007f00e088a9d0 00007f0000000003
0x00007f00e088a8e0:   00007f00e088a9c0 6e9406aacd6b2200
0x00007f00e088a8f0:   00007f00d81ecff0 00007f00a29d8f60 

Instructions: (pc=0x00007f00a121712a)
0x00007f00a121710a:   f7 ff ff 48 85 c0 49 89 47 30 0f 84 16 03 00 00
0x00007f00a121711a:   4c 8b 70 18 49 8b 36 4c 39 ee 0f 87 ce 02 00 00
0x00007f00a121712a:   41 8b 46 08 41 89 47 40 49 8b 56 18 4c 01 f2 85
0x00007f00a121713a:   c0 49 89 57 38 0f 84 eb 02 00 00 31 c0 ba 01 00 

Register to memory mapping:

RAX=0x00007f00d82654b0 is an unknown value
RBX=0x00007f00d82653d0 is an unknown value
RCX=0x00007f00a163785e: pmix_common_dstor_attach_new_lock_seg+0x1e in /usr/local/lib/libmca_common_dstore.so.1 at 0x00007f00a162a000
RDX=0x00007ffeb65c8ceb is an unknown value
RSP=0x00007f00e088a700 is pointing into the stack for thread: 0x00007f00d800b800
RBP=0x00007f00d8265428 is an unknown value
RSI=0x0000000000085000 is an unknown value
RDI=0x0000000000000000 is an unknown value
R8 =0x000000000000001e is an unknown value
R9 =0x0000000000000000 is an unknown value
R10=0x0000000000000001 is an unknown value
R11=0x0000000000000000 is an unknown value
R12=0x00007f00d8265028 is an unknown value
R13=0x0000000000001000 is an unknown value
R14=0x00007f00dc02b000 is an unknown value
R15=0x00007f00d8265420 is an unknown value


Stack: [0x00007f00e078d000,0x00007f00e088d000],  sp=0x00007f00e088a700,  free space=1013k
Native frames: (J=compiled Java code, j=interpreted, Vv=VM code, C=native code)
C  [mca_gds_ds21.so+0x212a]  pmix_gds_ds21_lock_init+0x12a

Java frames: (J=compiled Java code, j=interpreted, Vv=VM code)
j  mpi.MPI.Init_jni([Ljava/lang/String;)[Ljava/lang/String;+0
j  mpi.MPI.Init([Ljava/lang/String;)[Ljava/lang/String;+17
j  Client.main([Ljava/lang/String;)V+1
v  ~StubRoutines::call_stub

---------------  P R O C E S S  ---------------

Java Threads: ( => current thread )
  0x00007f00d80b7800 JavaThread "Service Thread" daemon [_thread_blocked, id=31041, stack(0x00007f00c86ec000,0x00007f00c87ed000)]
  0x00007f00d80b4800 JavaThread "C1 CompilerThread1" daemon [_thread_blocked, id=31031, stack(0x00007f00c87ee000,0x00007f00c88ee000)]
  0x00007f00d80b2000 JavaThread "C2 CompilerThread0" daemon [_thread_blocked, id=31012, stack(0x00007f00c88ef000,0x00007f00c89ef000)]
  0x00007f00d80b0800 JavaThread "Signal Dispatcher" daemon [_thread_blocked, id=31006, stack(0x00007f00c89ef000,0x00007f00c8af0000)]
  0x00007f00d807e000 JavaThread "Finalizer" daemon [_thread_blocked, id=30953, stack(0x00007f00c8dfe000,0x00007f00c8eff000)]
  0x00007f00d8079800 JavaThread "Reference Handler" daemon [_thread_blocked, id=30940, stack(0x00007f00c8eff000,0x00007f00c9000000)]
=>0x00007f00d800b800 JavaThread "main" [_thread_in_native, id=30919, stack(0x00007f00e078d000,0x00007f00e088d000)]

Other Threads:
  0x00007f00d806f800 VMThread [stack: 0x00007f00dc0fd000,0x00007f00dc1fd000] [id=30938]
  0x00007f00d80ba800 WatcherThread [stack: 0x00007f00c85ec000,0x00007f00c86ec000] [id=31047]

VM state:not at safepoint (normal execution)

VM Mutex/Monitor currently owned by a thread: None

heap address: 0x00000000f0800000, size: 248 MB, Compressed Oops mode: 32-bit
Narrow klass base: 0x0000000000000000, Narrow klass shift: 3
Compressed class space size: 1073741824 Address: 0x0000000100000000

Heap:
 def new generation   total 4928K, used 1441K [0x00000000f0800000, 0x00000000f0d50000, 0x00000000f5aa0000)
  eden space 4416K,  32% used [0x00000000f0800000, 0x00000000f0968610, 0x00000000f0c50000)
  from space 512K,   0% used [0x00000000f0c50000, 0x00000000f0c50000, 0x00000000f0cd0000)
  to   space 512K,   0% used [0x00000000f0cd0000, 0x00000000f0cd0000, 0x00000000f0d50000)
 tenured generation   total 10944K, used 0K [0x00000000f5aa0000, 0x00000000f6550000, 0x0000000100000000)
   the space 10944K,   0% used [0x00000000f5aa0000, 0x00000000f5aa0000, 0x00000000f5aa0200, 0x00000000f6550000)
 Metaspace       used 3124K, capacity 4792K, committed 5120K, reserved 1056768K
  class space    used 313K, capacity 424K, committed 512K, reserved 1048576K

Card table byte_map: [0x00007f00e070f000,0x00007f00e078c000] byte_map_base: 0x00007f00dff8b000

Polling page: 0x00007f00e0898000

CodeCache: size=245760Kb used=1274Kb max_used=1274Kb free=244485Kb
 bounds [0x00007f00c9000000, 0x00007f00c9270000, 0x00007f00d8000000]
 total_blobs=384 nmethods=79 adapters=220
 compilation: enabled

Compilation events (10 events):
Event: 1.125 Thread 0x00007f00d80b4800   73       3       java.util.zip.ZStreamRef::address (5 bytes)
Event: 1.125 Thread 0x00007f00d80b4800 nmethod 73 0x00007f00c9134490 code [0x00007f00c91345e0, 0x00007f00c9134730]
Event: 1.163 Thread 0x00007f00d80b4800   75       3       java.util.jar.JarFile::getJarEntry (9 bytes)
Event: 1.163 Thread 0x00007f00d80b4800 nmethod 75 0x00007f00c9134b10 code [0x00007f00c9134cc0, 0x00007f00c9135178]
Event: 1.164 Thread 0x00007f00d80b4800   76       3       java.util.jar.JarFile::getEntry (22 bytes)
Event: 1.164 Thread 0x00007f00d80b4800 nmethod 76 0x00007f00c9135390 code [0x00007f00c9135520, 0x00007f00c9135878]
Event: 1.164 Thread 0x00007f00d80b4800   77   !   3       java.util.zip.ZipFile::getEntry (101 bytes)
Event: 1.164 Thread 0x00007f00d80b4800 nmethod 77 0x00007f00c91359d0 code [0x00007f00c9135ba0, 0x00007f00c9136218]
Event: 1.167 Thread 0x00007f00d80b4800   78       3       java.util.concurrent.ConcurrentHashMap::setTabAt (19 bytes)
Event: 1.193 Thread 0x00007f00d80b4800 nmethod 78 0x00007f00c913e710 code [0x00007f00c913e860, 0x00007f00c913e9d0]

GC Heap History (0 events):
No events

Deoptimization events (0 events):
No events

Classes redefined (0 events):
No events

Internal exceptions (5 events):
Event: 0.056 Thread 0x00007f00d800b800 Exception <a 'java/lang/NoSuchMethodError': Method sun.misc.Unsafe.defineClass(Ljava/lang/String;[BII)Ljava/lang/Class; name or signature does not match> (0x00000000f0807cc8) thrown at [/build/openjdk-8-58sEEn/openjdk-8-8u242-b08/src/hotspot/src/share/vm/
Event: 0.056 Thread 0x00007f00d800b800 Exception <a 'java/lang/NoSuchMethodError': Method sun.misc.Unsafe.prefetchRead(Ljava/lang/Object;J)V name or signature does not match> (0x00000000f0807fb0) thrown at [/build/openjdk-8-58sEEn/openjdk-8-8u242-b08/src/hotspot/src/share/vm/prims/jni.cpp, lin
Event: 0.420 Thread 0x00007f00d800b800 Exception <a 'java/util/zip/ZipException'> (0x00000000f085dec8) thrown at [/build/openjdk-8-58sEEn/openjdk-8-8u242-b08/src/hotspot/src/share/vm/prims/jni.cpp, line 710]
Event: 0.420 Thread 0x00007f00d800b800 Exception <a 'java/security/PrivilegedActionException'> (0x00000000f085e168) thrown at [/build/openjdk-8-58sEEn/openjdk-8-8u242-b08/src/hotspot/src/share/vm/prims/jvm.cpp, line 1502]
Event: 0.420 Thread 0x00007f00d800b800 Exception <a 'java/security/PrivilegedActionException'> (0x00000000f085e378) thrown at [/build/openjdk-8-58sEEn/openjdk-8-8u242-b08/src/hotspot/src/share/vm/prims/jvm.cpp, line 1502]

Events (10 events):
Event: 0.999 loading class mpi/Constant
Event: 0.999 loading class mpi/Constant done
Event: 1.122 loading class mpi/Errhandler
Event: 1.122 loading class mpi/Errhandler done
Event: 1.122 loading class mpi/Intracomm
Event: 1.122 loading class mpi/Intracomm done
Event: 1.163 loading class mpi/Comm
Event: 1.163 loading class mpi/Comm done
Event: 1.193 loading class mpi/Version
Event: 1.193 loading class mpi/Version done


Dynamic libraries:
f0800000-f0d50000 rw-p 00000000 00:00 0 
f0d50000-f5aa0000 ---p 00000000 00:00 0 
f5aa0000-f6550000 rw-p 00000000 00:00 0 
f6550000-100000000 ---p 00000000 00:00 0 
100000000-100080000 rw-p 00000000 00:00 0 
100080000-140000000 ---p 00000000 00:00 0 
55775c767000-55775c768000 r-xp 00000000 fc:01 2076260                    /usr/lib/jvm/java-8-openjdk-amd64/jre/bin/java
55775c967000-55775c968000 r--p 00000000 fc:01 2076260                    /usr/lib/jvm/java-8-openjdk-amd64/jre/bin/java
55775c968000-55775c969000 rw-p 00001000 fc:01 2076260                    /usr/lib/jvm/java-8-openjdk-amd64/jre/bin/java
55775d3b0000-55775d3d1000 rw-p 00000000 00:00 0                          [heap]
7f009c000000-7f009c021000 rw-p 00000000 00:00 0 
7f009c021000-7f00a0000000 ---p 00000000 00:00 0 
7f00a1012000-7f00a1014000 r-xp 00000000 fc:01 528289                     /usr/local/lib/pmix/mca_pshmem_mmap.so
7f00a1014000-7f00a1213000 ---p 00002000 fc:01 528289                     /usr/local/lib/pmix/mca_pshmem_mmap.so
7f00a1213000-7f00a1214000 r--p 00001000 fc:01 528289                     /usr/local/lib/pmix/mca_pshmem_mmap.so
7f00a1214000-7f00a1215000 rw-p 00002000 fc:01 528289                     /usr/local/lib/pmix/mca_pshmem_mmap.so
7f00a1215000-7f00a1219000 r-xp 00000000 fc:01 528265                     /usr/local/lib/pmix/mca_gds_ds21.so
7f00a1219000-7f00a1418000 ---p 00004000 fc:01 528265                     /usr/local/lib/pmix/mca_gds_ds21.so
7f00a1418000-7f00a1419000 r--p 00003000 fc:01 528265                     /usr/local/lib/pmix/mca_gds_ds21.so
7f00a1419000-7f00a141a000 rw-p 00004000 fc:01 528265                     /usr/local/lib/pmix/mca_gds_ds21.so
7f00a141a000-7f00a1429000 r-xp 00000000 fc:01 528267                     /usr/local/lib/pmix/mca_gds_hash.so
7f00a1429000-7f00a1628000 ---p 0000f000 fc:01 528267                     /usr/local/lib/pmix/mca_gds_hash.so
7f00a1628000-7f00a1629000 r--p 0000e000 fc:01 528267                     /usr/local/lib/pmix/mca_gds_hash.so
7f00a1629000-7f00a162a000 rw-p 0000f000 fc:01 528267                     /usr/local/lib/pmix/mca_gds_hash.so
7f00a162a000-7f00a1639000 r-xp 00000000 fc:01 7027                       /usr/local/lib/libmca_common_dstore.so.1.0.0
7f00a1639000-7f00a1838000 ---p 0000f000 fc:01 7027                       /usr/local/lib/libmca_common_dstore.so.1.0.0
7f00a1838000-7f00a1839000 r--p 0000e000 fc:01 7027                       /usr/local/lib/libmca_common_dstore.so.1.0.0
7f00a1839000-7f00a183a000 rw-p 0000f000 fc:01 7027                       /usr/local/lib/libmca_common_dstore.so.1.0.0
7f00a183a000-7f00a183e000 r-xp 00000000 fc:01 528263                     /usr/local/lib/pmix/mca_gds_ds12.so
7f00a183e000-7f00a1a3d000 ---p 00004000 fc:01 528263                     /usr/local/lib/pmix/mca_gds_ds12.so
7f00a1a3d000-7f00a1a3e000 r--p 00003000 fc:01 528263                     /usr/local/lib/pmix/mca_gds_ds12.so
7f00a1a3e000-7f00a1a3f000 rw-p 00004000 fc:01 528263                     /usr/local/lib/pmix/mca_gds_ds12.so
7f00a1a3f000-7f00a1a47000 r-xp 00000000 fc:01 528293                     /usr/local/lib/pmix/mca_ptl_usock.so
7f00a1a47000-7f00a1c46000 ---p 00008000 fc:01 528293                     /usr/local/lib/pmix/mca_ptl_usock.so
7f00a1c46000-7f00a1c47000 r--p 00007000 fc:01 528293                     /usr/local/lib/pmix/mca_ptl_usock.so
7f00a1c47000-7f00a1c48000 rw-p 00008000 fc:01 528293                     /usr/local/lib/pmix/mca_ptl_usock.so
7f00a1c48000-7f00a1c59000 r-xp 00000000 fc:01 528291                     /usr/local/lib/pmix/mca_ptl_tcp.so
7f00a1c59000-7f00a1e58000 ---p 00011000 fc:01 528291                     /usr/local/lib/pmix/mca_ptl_tcp.so
7f00a1e58000-7f00a1e59000 r--p 00010000 fc:01 528291                     /usr/local/lib/pmix/mca_ptl_tcp.so
7f00a1e59000-7f00a1e5a000 rw-p 00011000 fc:01 528291                     /usr/local/lib/pmix/mca_ptl_tcp.so
7f00a1e5a000-7f00a1e6b000 r-xp 00000000 fc:01 528255                     /usr/local/lib/pmix/mca_bfrops_v12.so
7f00a1e6b000-7f00a206b000 ---p 00011000 fc:01 528255                     /usr/local/lib/pmix/mca_bfrops_v12.so
7f00a206b000-7f00a206c000 r--p 00011000 fc:01 528255                     /usr/local/lib/pmix/mca_bfrops_v12.so
7f00a206c000-7f00a206d000 rw-p 00012000 fc:01 528255                     /usr/local/lib/pmix/mca_bfrops_v12.so
7f00a206d000-7f00a2084000 r-xp 00000000 fc:01 528257                     /usr/local/lib/pmix/mca_bfrops_v20.so
7f00a2084000-7f00a2283000 ---p 00017000 fc:01 528257                     /usr/local/lib/pmix/mca_bfrops_v20.so
7f00a2283000-7f00a2284000 r--p 00016000 fc:01 528257                     /usr/local/lib/pmix/mca_bfrops_v20.so
7f00a2284000-7f00a2285000 rw-p 00017000 fc:01 528257                     /usr/local/lib/pmix/mca_bfrops_v20.so
7f00a2285000-7f00a228d000 r-xp 00000000 fc:01 528261                     /usr/local/lib/pmix/mca_bfrops_v3.so
7f00a228d000-7f00a248c000 ---p 00008000 fc:01 528261                     /usr/local/lib/pmix/mca_bfrops_v3.so
7f00a248c000-7f00a248d000 r--p 00007000 fc:01 528261                     /usr/local/lib/pmix/mca_bfrops_v3.so
7f00a248d000-7f00a248e000 rw-p 00008000 fc:01 528261                     /usr/local/lib/pmix/mca_bfrops_v3.so
7f00a248e000-7f00a2495000 r-xp 00000000 fc:01 528259                     /usr/local/lib/pmix/mca_bfrops_v21.so
7f00a2495000-7f00a2695000 ---p 00007000 fc:01 528259                     /usr/local/lib/pmix/mca_bfrops_v21.so
7f00a2695000-7f00a2696000 r--p 00007000 fc:01 528259                     /usr/local/lib/pmix/mca_bfrops_v21.so
7f00a2696000-7f00a2697000 rw-p 00008000 fc:01 528259                     /usr/local/lib/pmix/mca_bfrops_v21.so
7f00a2697000-7f00a27d6000 r-xp 00000000 fc:01 528295                     /usr/local/lib/openmpi/mca_pmix_pmix3x.so
7f00a27d6000-7f00a29d6000 ---p 0013f000 fc:01 528295                     /usr/local/lib/openmpi/mca_pmix_pmix3x.so
7f00a29d6000-7f00a29d7000 r--p 0013f000 fc:01 528295                     /usr/local/lib/openmpi/mca_pmix_pmix3x.so
7f00a29d7000-7f00a29dc000 rw-p 00140000 fc:01 528295                     /usr/local/lib/openmpi/mca_pmix_pmix3x.so
7f00a29dc000-7f00a29df000 rw-p 00000000 00:00 0 
7f00a29e2000-7f00a29e4000 r-xp 00000000 fc:01 528281                     /usr/local/lib/pmix/mca_psec_native.so
7f00a29e4000-7f00a2be3000 ---p 00002000 fc:01 528281                     /usr/local/lib/pmix/mca_psec_native.so
7f00a2be3000-7f00a2be4000 r--p 00001000 fc:01 528281                     /usr/local/lib/pmix/mca_psec_native.so
7f00a2be4000-7f00a2be5000 rw-p 00002000 fc:01 528281                     /usr/local/lib/pmix/mca_psec_native.so
7f00a2be5000-7f00a2be6000 ---p 00000000 00:00 0 
7f00a2be6000-7f00a33e6000 rw-p 00000000 00:00 0 
7f00a33e6000-7f00a33ea000 r-xp 00000000 fc:01 528333                     /usr/local/lib/openmpi/mca_ess_pmi.so
7f00a33ea000-7f00a35e9000 ---p 00004000 fc:01 528333                     /usr/local/lib/openmpi/mca_ess_pmi.so
7f00a35e9000-7f00a35ea000 r--p 00003000 fc:01 528333                     /usr/local/lib/openmpi/mca_ess_pmi.so
7f00a35ea000-7f00a35eb000 rw-p 00004000 fc:01 528333                     /usr/local/lib/openmpi/mca_ess_pmi.so
7f00a35eb000-7f00a35ec000 r-xp 00000000 fc:01 528401                     /usr/local/lib/openmpi/mca_schizo_orte.so
7f00a35ec000-7f00a37eb000 ---p 00001000 fc:01 528401                     /usr/local/lib/openmpi/mca_schizo_orte.so
7f00a37eb000-7f00a37ec000 r--p 00000000 fc:01 528401                     /usr/local/lib/openmpi/mca_schizo_orte.so
7f00a37ec000-7f00a37ed000 rw-p 00001000 fc:01 528401                     /usr/local/lib/openmpi/mca_schizo_orte.so
7f00a37ed000-7f00a37ef000 r-xp 00000000 fc:01 528403                     /usr/local/lib/openmpi/mca_schizo_slurm.so
7f00a37ef000-7f00a39ee000 ---p 00002000 fc:01 528403                     /usr/local/lib/openmpi/mca_schizo_slurm.so
7f00a39ee000-7f00a39ef000 r--p 00001000 fc:01 528403                     /usr/local/lib/openmpi/mca_schizo_slurm.so
7f00a39ef000-7f00a39f0000 rw-p 00002000 fc:01 528403                     /usr/local/lib/openmpi/mca_schizo_slurm.so
7f00a39f0000-7f00a39f8000 r-xp 00000000 fc:01 528399                     /usr/local/lib/openmpi/mca_schizo_ompi.so
7f00a39f8000-7f00a3bf7000 ---p 00008000 fc:01 528399                     /usr/local/lib/openmpi/mca_schizo_ompi.so
7f00a3bf7000-7f00a3bf8000 r--p 00007000 fc:01 528399                     /usr/local/lib/openmpi/mca_schizo_ompi.so
7f00a3bf8000-7f00a3bfa000 rw-p 00008000 fc:01 528399                     /usr/local/lib/openmpi/mca_schizo_ompi.so
7f00a3bfa000-7f00a3bfb000 r-xp 00000000 fc:01 528397                     /usr/local/lib/openmpi/mca_schizo_flux.so
7f00a3bfb000-7f00a3dfb000 ---p 00001000 fc:01 528397                     /usr/local/lib/openmpi/mca_schizo_flux.so
7f00a3dfb000-7f00a3dfc000 r--p 00001000 fc:01 528397                     /usr/local/lib/openmpi/mca_schizo_flux.so
7f00a3dfc000-7f00a3dfd000 rw-p 00002000 fc:01 528397                     /usr/local/lib/openmpi/mca_schizo_flux.so
7f00a3dfd000-7f00a3dff000 r-xp 00000000 fc:01 528301                     /usr/local/lib/openmpi/mca_reachable_weighted.so
7f00a3dff000-7f00a3ffe000 ---p 00002000 fc:01 528301                     /usr/local/lib/openmpi/mca_reachable_weighted.so
7f00a3ffe000-7f00a3fff000 r--p 00001000 fc:01 528301                     /usr/local/lib/openmpi/mca_reachable_weighted.so
7f00a3fff000-7f00a4000000 rw-p 00002000 fc:01 528301                     /usr/local/lib/openmpi/mca_reachable_weighted.so
7f00a4000000-7f00a4021000 rw-p 00000000 00:00 0 
7f00a4021000-7f00a8000000 ---p 00000000 00:00 0 
7f00a80cc000-7f00a80cf000 r-xp 00000000 fc:01 528303                     /usr/local/lib/openmpi/mca_shmem_mmap.so
7f00a80cf000-7f00a82ce000 ---p 00003000 fc:01 528303                     /usr/local/lib/openmpi/mca_shmem_mmap.so
7f00a82ce000-7f00a82cf000 r--p 00002000 fc:01 528303                     /usr/local/lib/openmpi/mca_shmem_mmap.so
7f00a82cf000-7f00a82d0000 rw-p 00003000 fc:01 528303                     /usr/local/lib/openmpi/mca_shmem_mmap.so
7f00a82d0000-7f00a82d2000 r-xp 00000000 fc:01 2182                       /lib/x86_64-linux-gnu/libutil-2.27.so
7f00a82d2000-7f00a84d1000 ---p 00002000 fc:01 2182                       /lib/x86_64-linux-gnu/libutil-2.27.so
7f00a84d1000-7f00a84d2000 r--p 00001000 fc:01 2182                       /lib/x86_64-linux-gnu/libutil-2.27.so
7f00a84d2000-7f00a84d3000 rw-p 00002000 fc:01 2182                       /lib/x86_64-linux-gnu/libutil-2.27.so
7f00a84d3000-7f00a8586000 r-xp 00000000 fc:01 7145                       /usr/local/lib/libopen-rte.so.40.20.1
7f00a8586000-7f00a8785000 ---p 000b3000 fc:01 7145                       /usr/local/lib/libopen-rte.so.40.20.1
7f00a8785000-7f00a8787000 r--p 000b2000 fc:01 7145                       /usr/local/lib/libopen-rte.so.40.20.1
7f00a8787000-7f00a878b000 rw-p 000b4000 fc:01 7145                       /usr/local/lib/libopen-rte.so.40.20.1
7f00a878b000-7f00a878e000 rw-p 00000000 00:00 0 
7f00a878e000-7f00a8895000 r-xp 00000000 fc:01 4301                       /usr/local/lib/libopen-pal.so.40.20.1
7f00a8895000-7f00a8a95000 ---p 00107000 fc:01 4301                       /usr/local/lib/libopen-pal.so.40.20.1
7f00a8a95000-7f00a8a98000 r--p 00107000 fc:01 4301                       /usr/local/lib/libopen-pal.so.40.20.1
7f00a8a98000-7f00a8a9e000 rw-p 0010a000 fc:01 4301                       /usr/local/lib/libopen-pal.so.40.20.1
7f00a8a9e000-7f00a8aa5000 rw-p 00000000 00:00 0 
7f00a8aa5000-7f00a8bb2000 r-xp 00000000 fc:01 7360                       /usr/local/lib/libmpi.so.40.20.1
7f00a8bb2000-7f00a8db1000 ---p 0010d000 fc:01 7360                       /usr/local/lib/libmpi.so.40.20.1
7f00a8db1000-7f00a8db3000 r--p 0010c000 fc:01 7360                       /usr/local/lib/libmpi.so.40.20.1
7f00a8db3000-7f00a8dc4000 rw-p 0010e000 fc:01 7360                       /usr/local/lib/libmpi.so.40.20.1
7f00a8dc4000-7f00a8dd6000 rw-p 00000000 00:00 0 
7f00a8dd6000-7f00a8dfe000 r-xp 00000000 fc:01 29879                      /usr/local/lib/libmpi_java.so.40.20.0
7f00a8dfe000-7f00a8ffd000 ---p 00028000 fc:01 29879                      /usr/local/lib/libmpi_java.so.40.20.0
7f00a8ffd000-7f00a8ffe000 r--p 00027000 fc:01 29879                      /usr/local/lib/libmpi_java.so.40.20.0
7f00a8ffe000-7f00a8fff000 rw-p 00028000 fc:01 29879                      /usr/local/lib/libmpi_java.so.40.20.0
7f00a8fff000-7f00ac000000 rw-p 00000000 00:00 0 
7f00ac000000-7f00ac1ac000 rw-p 00000000 00:00 0 
7f00ac1ac000-7f00b0000000 ---p 00000000 00:00 0 
7f00b0000000-7f00b0021000 rw-p 00000000 00:00 0 
7f00b0021000-7f00b4000000 ---p 00000000 00:00 0 
7f00b4000000-7f00b4021000 rw-p 00000000 00:00 0 
7f00b4021000-7f00b8000000 ---p 00000000 00:00 0 
7f00b8000000-7f00b804f000 rw-p 00000000 00:00 0 
7f00b804f000-7f00bc000000 ---p 00000000 00:00 0 
7f00bc000000-7f00bc021000 rw-p 00000000 00:00 0 
7f00bc021000-7f00c0000000 ---p 00000000 00:00 0 
7f00c0000000-7f00c0021000 rw-p 00000000 00:00 0 
7f00c0021000-7f00c4000000 ---p 00000000 00:00 0 
7f00c4000000-7f00c4021000 rw-p 00000000 00:00 0 
7f00c4021000-7f00c8000000 ---p 00000000 00:00 0 
7f00c813b000-7f00c81c0000 rw-s 00000000 fc:01 528966                     /tmp/ompi.openmpi-slave4.1000/jf.8274/pmix_dstor_ds21_30887/smlockseg-542244865
7f00c81c0000-7f00c81d7000 r-xp 00000000 fc:01 2076298                    /usr/lib/jvm/java-8-openjdk-amd64/jre/lib/amd64/libnet.so
7f00c81d7000-7f00c83d6000 ---p 00017000 fc:01 2076298                    /usr/lib/jvm/java-8-openjdk-amd64/jre/lib/amd64/libnet.so
7f00c83d6000-7f00c83d7000 r--p 00016000 fc:01 2076298                    /usr/lib/jvm/java-8-openjdk-amd64/jre/lib/amd64/libnet.so
7f00c83d7000-7f00c83d8000 rw-p 00017000 fc:01 2076298                    /usr/lib/jvm/java-8-openjdk-amd64/jre/lib/amd64/libnet.so
7f00c83d8000-7f00c83e9000 r-xp 00000000 fc:01 2076299                    /usr/lib/jvm/java-8-openjdk-amd64/jre/lib/amd64/libnio.so
7f00c83e9000-7f00c85e9000 ---p 00011000 fc:01 2076299                    /usr/lib/jvm/java-8-openjdk-amd64/jre/lib/amd64/libnio.so
7f00c85e9000-7f00c85ea000 r--p 00011000 fc:01 2076299                    /usr/lib/jvm/java-8-openjdk-amd64/jre/lib/amd64/libnio.so
7f00c85ea000-7f00c85eb000 rw-p 00012000 fc:01 2076299                    /usr/lib/jvm/java-8-openjdk-amd64/jre/lib/amd64/libnio.so
7f00c85eb000-7f00c85ec000 ---p 00000000 00:00 0 
7f00c85ec000-7f00c86ec000 rw-p 00000000 00:00 0 
7f00c86ec000-7f00c86ef000 ---p 00000000 00:00 0 
7f00c86ef000-7f00c87ed000 rw-p 00000000 00:00 0 
7f00c87ed000-7f00c87ee000 ---p 00000000 00:00 0 
7f00c87ee000-7f00c87f1000 ---p 00000000 00:00 0 
7f00c87f1000-7f00c88ee000 rw-p 00000000 00:00 0 
7f00c88ee000-7f00c88ef000 ---p 00000000 00:00 0 
7f00c88ef000-7f00c88f2000 ---p 00000000 00:00 0 
7f00c88f2000-7f00c89ef000 rw-p 00000000 00:00 0 
7f00c89ef000-7f00c89f2000 ---p 00000000 00:00 0 
7f00c89f2000-7f00c8af0000 rw-p 00000000 00:00 0 
7f00c8af0000-7f00c8c63000 r--p 00000000 fc:01 7801                       /usr/lib/locale/C.UTF-8/LC_COLLATE
7f00c8c63000-7f00c8dfe000 r--p 00000000 fc:01 7796                       /usr/lib/locale/locale-archive
7f00c8dfe000-7f00c8e01000 ---p 00000000 00:00 0 
7f00c8e01000-7f00c8eff000 rw-p 00000000 00:00 0 
7f00c8eff000-7f00c8f02000 ---p 00000000 00:00 0 
7f00c8f02000-7f00c9000000 rw-p 00000000 00:00 0 
7f00c9000000-7f00c9270000 rwxp 00000000 00:00 0 
7f00c9270000-7f00d8000000 ---p 00000000 00:00 0 
7f00d8000000-7f00d8267000 rw-p 00000000 00:00 0 
7f00d8267000-7f00dc000000 ---p 00000000 00:00 0 
7f00dc02c000-7f00dc02d000 r--s 00000000 fc:01 528967                     /tmp/ompi.openmpi-slave4.1000/jf.8274/pmix_dstor_ds12_30887/initial-pmix_shared-segment-0
7f00dc02d000-7f00dc02e000 rw-s 00000000 fc:01 528968                     /tmp/ompi.openmpi-slave4.1000/jf.8274/pmix_dstor_ds12_30887/dstore_sm.lock
7f00dc02e000-7f00dc02f000 r--s 0000f000 00:34 527712                     /home/mpiuser/cloud/fyp/java_client/lib/mpi.jar
7f00dc02f000-7f00dc032000 r--s 0000e000 00:34 527707                     /home/mpiuser/cloud/fyp/java_client/lib/jackson-annotations-2.10.3.jar
7f00dc032000-7f00dc04f000 r--s 00142000 00:34 527719                     /home/mpiuser/cloud/fyp/java_client/lib/spring-web-5.2.5.RELEASE.jar
7f00dc04f000-7f00dc05c000 r--s 00090000 00:34 527704                     /home/mpiuser/cloud/fyp/java_client/lib/amqp-client-5.8.0.jar
7f00dc05c000-7f00dc05d000 r--s 00003000 00:34 527715                     /home/mpiuser/cloud/fyp/java_client/lib/slf4j-simple-1.7.30.jar
7f00dc05d000-7f00dc072000 r--s 00142000 00:34 527710                     /home/mpiuser/cloud/fyp/java_client/lib/jackson-databind-2.10.2.jar
7f00dc072000-7f00dc087000 r--s 00142000 00:34 527711                     /home/mpiuser/cloud/fyp/java_client/lib/jackson-databind-2.10.3.jar
7f00dc087000-7f00dc088000 r--s 00005000 00:34 527718                     /home/mpiuser/cloud/fyp/java_client/lib/spring-jcl-5.2.5.RELEASE.jar
7f00dc088000-7f00dc0a3000 r--s 001d6000 fc:01 2076325                    /usr/lib/jvm/java-8-openjdk-amd64/jre/lib/ext/nashorn.jar
7f00dc0a3000-7f00dc0a7000 r--s 0003a000 fc:01 2076328                    /usr/lib/jvm/java-8-openjdk-amd64/jre/lib/ext/sunpkcs11.jar
7f00dc0a7000-7f00dc0ac000 r--s 0003d000 fc:01 2076327                    /usr/lib/jvm/java-8-openjdk-amd64/jre/lib/ext/sunjce_provider.jar
7f00dc0ac000-7f00dc0ad000 r--s 00010000 fc:01 2076329                    /usr/lib/jvm/java-8-openjdk-amd64/jre/lib/ext/zipfs.jar
7f00dc0ad000-7f00dc0ae000 r--s 0000a000 fc:01 2076323                    /usr/lib/jvm/java-8-openjdk-amd64/jre/lib/ext/jaccess.jar
7f00dc0ae000-7f00dc0b0000 r--s 00007000 fc:01 29713                      /usr/share/java/java-atk-wrapper.jar
7f00dc0b0000-7f00dc0cb000 r--s 00394000 fc:01 2076320                    /usr/lib/jvm/java-8-openjdk-amd64/jre/lib/ext/cldrdata.jar
7f00dc0cb000-7f00dc0fc000 r--p 00000000 fc:01 7802                       /usr/lib/locale/C.UTF-8/LC_CTYPE
7f00dc0fc000-7f00dc0fd000 ---p 00000000 00:00 0 
7f00dc0fd000-7f00dc24b000 rw-p 00000000 00:00 0 
7f00dc24b000-7f00dc41b000 r--s 03c68000 fc:01 2076349                    /usr/lib/jvm/java-8-openjdk-amd64/jre/lib/rt.jar
7f00dc41b000-7f00dc994000 rw-p 00000000 00:00 0 
7f00dc994000-7f00dcd14000 ---p 00000000 00:00 0 
7f00dcd14000-7f00dcd1e000 rw-p 00000000 00:00 0 
7f00dcd1e000-7f00dd0d4000 ---p 00000000 00:00 0 
7f00dd0d4000-7f00dd0dc000 r-xp 00000000 fc:01 2076306                    /usr/lib/jvm/java-8-openjdk-amd64/jre/lib/amd64/libzip.so
7f00dd0dc000-7f00dd2db000 ---p 00008000 fc:01 2076306                    /usr/lib/jvm/java-8-openjdk-amd64/jre/lib/amd64/libzip.so
7f00dd2db000-7f00dd2dc000 r--p 00007000 fc:01 2076306                    /usr/lib/jvm/java-8-openjdk-amd64/jre/lib/amd64/libzip.so
7f00dd2dc000-7f00dd2dd000 rw-p 00008000 fc:01 2076306                    /usr/lib/jvm/java-8-openjdk-amd64/jre/lib/amd64/libzip.so
7f00dd2dd000-7f00dd2e8000 r-xp 00000000 fc:01 2093                       /lib/x86_64-linux-gnu/libnss_files-2.27.so
7f00dd2e8000-7f00dd4e7000 ---p 0000b000 fc:01 2093                       /lib/x86_64-linux-gnu/libnss_files-2.27.so
7f00dd4e7000-7f00dd4e8000 r--p 0000a000 fc:01 2093                       /lib/x86_64-linux-gnu/libnss_files-2.27.so
7f00dd4e8000-7f00dd4e9000 rw-p 0000b000 fc:01 2093                       /lib/x86_64-linux-gnu/libnss_files-2.27.so
7f00dd4e9000-7f00dd4ef000 rw-p 00000000 00:00 0 
7f00dd4ef000-7f00dd506000 r-xp 00000000 fc:01 2090                       /lib/x86_64-linux-gnu/libnsl-2.27.so
7f00dd506000-7f00dd705000 ---p 00017000 fc:01 2090                       /lib/x86_64-linux-gnu/libnsl-2.27.so
7f00dd705000-7f00dd706000 r--p 00016000 fc:01 2090                       /lib/x86_64-linux-gnu/libnsl-2.27.so
7f00dd706000-7f00dd707000 rw-p 00017000 fc:01 2090                       /lib/x86_64-linux-gnu/libnsl-2.27.so
7f00dd707000-7f00dd709000 rw-p 00000000 00:00 0 
7f00dd709000-7f00dd714000 r-xp 00000000 fc:01 2095                       /lib/x86_64-linux-gnu/libnss_nis-2.27.so
7f00dd714000-7f00dd913000 ---p 0000b000 fc:01 2095                       /lib/x86_64-linux-gnu/libnss_nis-2.27.so
7f00dd913000-7f00dd914000 r--p 0000a000 fc:01 2095                       /lib/x86_64-linux-gnu/libnss_nis-2.27.so
7f00dd914000-7f00dd915000 rw-p 0000b000 fc:01 2095                       /lib/x86_64-linux-gnu/libnss_nis-2.27.so
7f00dd915000-7f00dd91d000 r-xp 00000000 fc:01 2091                       /lib/x86_64-linux-gnu/libnss_compat-2.27.so
7f00dd91d000-7f00ddb1d000 ---p 00008000 fc:01 2091                       /lib/x86_64-linux-gnu/libnss_compat-2.27.so
7f00ddb1d000-7f00ddb1e000 r--p 00008000 fc:01 2091                       /lib/x86_64-linux-gnu/libnss_compat-2.27.so
7f00ddb1e000-7f00ddb1f000 rw-p 00009000 fc:01 2091                       /lib/x86_64-linux-gnu/libnss_compat-2.27.so
7f00ddb1f000-7f00ddb49000 r-xp 00000000 fc:01 2076287                    /usr/lib/jvm/java-8-openjdk-amd64/jre/lib/amd64/libjava.so
7f00ddb49000-7f00ddd48000 ---p 0002a000 fc:01 2076287                    /usr/lib/jvm/java-8-openjdk-amd64/jre/lib/amd64/libjava.so
7f00ddd48000-7f00ddd49000 r--p 00029000 fc:01 2076287                    /usr/lib/jvm/java-8-openjdk-amd64/jre/lib/amd64/libjava.so
7f00ddd49000-7f00ddd4b000 rw-p 0002a000 fc:01 2076287                    /usr/lib/jvm/java-8-openjdk-amd64/jre/lib/amd64/libjava.so
7f00ddd4b000-7f00ddd5b000 r-xp 00000000 fc:01 2076305                    /usr/lib/jvm/java-8-openjdk-amd64/jre/lib/amd64/libverify.so
7f00ddd5b000-7f00ddf5a000 ---p 00010000 fc:01 2076305                    /usr/lib/jvm/java-8-openjdk-amd64/jre/lib/amd64/libverify.so
7f00ddf5a000-7f00ddf5c000 r--p 0000f000 fc:01 2076305                    /usr/lib/jvm/java-8-openjdk-amd64/jre/lib/amd64/libverify.so
7f00ddf5c000-7f00ddf5d000 rw-p 00011000 fc:01 2076305                    /usr/lib/jvm/java-8-openjdk-amd64/jre/lib/amd64/libverify.so
7f00ddf5d000-7f00ddf64000 r-xp 00000000 fc:01 2180                       /lib/x86_64-linux-gnu/librt-2.27.so
7f00ddf64000-7f00de163000 ---p 00007000 fc:01 2180                       /lib/x86_64-linux-gnu/librt-2.27.so
7f00de163000-7f00de164000 r--p 00006000 fc:01 2180                       /lib/x86_64-linux-gnu/librt-2.27.so
7f00de164000-7f00de165000 rw-p 00007000 fc:01 2180                       /lib/x86_64-linux-gnu/librt-2.27.so
7f00de165000-7f00de17c000 r-xp 00000000 fc:01 29118                      /lib/x86_64-linux-gnu/libgcc_s.so.1
7f00de17c000-7f00de37b000 ---p 00017000 fc:01 29118                      /lib/x86_64-linux-gnu/libgcc_s.so.1
7f00de37b000-7f00de37c000 r--p 00016000 fc:01 29118                      /lib/x86_64-linux-gnu/libgcc_s.so.1
7f00de37c000-7f00de37d000 rw-p 00017000 fc:01 29118                      /lib/x86_64-linux-gnu/libgcc_s.so.1
7f00de37d000-7f00de51a000 r-xp 00000000 fc:01 2087                       /lib/x86_64-linux-gnu/libm-2.27.so
7f00de51a000-7f00de719000 ---p 0019d000 fc:01 2087                       /lib/x86_64-linux-gnu/libm-2.27.so
7f00de719000-7f00de71a000 r--p 0019c000 fc:01 2087                       /lib/x86_64-linux-gnu/libm-2.27.so
7f00de71a000-7f00de71b000 rw-p 0019d000 fc:01 2087                       /lib/x86_64-linux-gnu/libm-2.27.so
7f00de71b000-7f00de894000 r-xp 00000000 fc:01 2380                       /usr/lib/x86_64-linux-gnu/libstdc++.so.6.0.25
7f00de894000-7f00dea94000 ---p 00179000 fc:01 2380                       /usr/lib/x86_64-linux-gnu/libstdc++.so.6.0.25
7f00dea94000-7f00dea9e000 r--p 00179000 fc:01 2380                       /usr/lib/x86_64-linux-gnu/libstdc++.so.6.0.25
7f00dea9e000-7f00deaa0000 rw-p 00183000 fc:01 2380                       /usr/lib/x86_64-linux-gnu/libstdc++.so.6.0.25
7f00deaa0000-7f00deaa4000 rw-p 00000000 00:00 0 
7f00deaa4000-7f00df747000 r-xp 00000000 fc:01 2076309                    /usr/lib/jvm/java-8-openjdk-amd64/jre/lib/amd64/server/libjvm.so
7f00df747000-7f00df947000 ---p 00ca3000 fc:01 2076309                    /usr/lib/jvm/java-8-openjdk-amd64/jre/lib/amd64/server/libjvm.so
7f00df947000-7f00df9db000 r--p 00ca3000 fc:01 2076309                    /usr/lib/jvm/java-8-openjdk-amd64/jre/lib/amd64/server/libjvm.so
7f00df9db000-7f00dfa04000 rw-p 00d37000 fc:01 2076309                    /usr/lib/jvm/java-8-openjdk-amd64/jre/lib/amd64/server/libjvm.so
7f00dfa04000-7f00dfa34000 rw-p 00000000 00:00 0 
7f00dfa34000-7f00dfa4e000 r-xp 00000000 fc:01 2178                       /lib/x86_64-linux-gnu/libpthread-2.27.so
7f00dfa4e000-7f00dfc4d000 ---p 0001a000 fc:01 2178                       /lib/x86_64-linux-gnu/libpthread-2.27.so
7f00dfc4d000-7f00dfc4e000 r--p 00019000 fc:01 2178                       /lib/x86_64-linux-gnu/libpthread-2.27.so
7f00dfc4e000-7f00dfc4f000 rw-p 0001a000 fc:01 2178                       /lib/x86_64-linux-gnu/libpthread-2.27.so
7f00dfc4f000-7f00dfc53000 rw-p 00000000 00:00 0 
7f00dfc53000-7f00dfc56000 r-xp 00000000 fc:01 2086                       /lib/x86_64-linux-gnu/libdl-2.27.so
7f00dfc56000-7f00dfe55000 ---p 00003000 fc:01 2086                       /lib/x86_64-linux-gnu/libdl-2.27.so
7f00dfe55000-7f00dfe56000 r--p 00002000 fc:01 2086                       /lib/x86_64-linux-gnu/libdl-2.27.so
7f00dfe56000-7f00dfe57000 rw-p 00003000 fc:01 2086                       /lib/x86_64-linux-gnu/libdl-2.27.so
7f00dfe57000-7f00dfe73000 r-xp 00000000 fc:01 2183                       /lib/x86_64-linux-gnu/libz.so.1.2.11
7f00dfe73000-7f00e0072000 ---p 0001c000 fc:01 2183                       /lib/x86_64-linux-gnu/libz.so.1.2.11
7f00e0072000-7f00e0073000 r--p 0001b000 fc:01 2183                       /lib/x86_64-linux-gnu/libz.so.1.2.11
7f00e0073000-7f00e0074000 rw-p 0001c000 fc:01 2183                       /lib/x86_64-linux-gnu/libz.so.1.2.11
7f00e0074000-7f00e025b000 r-xp 00000000 fc:01 2083                       /lib/x86_64-linux-gnu/libc-2.27.so
7f00e025b000-7f00e045b000 ---p 001e7000 fc:01 2083                       /lib/x86_64-linux-gnu/libc-2.27.so
7f00e045b000-7f00e045f000 r--p 001e7000 fc:01 2083                       /lib/x86_64-linux-gnu/libc-2.27.so
7f00e045f000-7f00e0461000 rw-p 001eb000 fc:01 2083                       /lib/x86_64-linux-gnu/libc-2.27.so
7f00e0461000-7f00e0465000 rw-p 00000000 00:00 0 
7f00e0465000-7f00e0473000 r-xp 00000000 fc:01 2076273                    /usr/lib/jvm/java-8-openjdk-amd64/jre/lib/amd64/jli/libjli.so
7f00e0473000-7f00e0672000 ---p 0000e000 fc:01 2076273                    /usr/lib/jvm/java-8-openjdk-amd64/jre/lib/amd64/jli/libjli.so
7f00e0672000-7f00e0673000 r--p 0000d000 fc:01 2076273                    /usr/lib/jvm/java-8-openjdk-amd64/jre/lib/amd64/jli/libjli.so
7f00e0673000-7f00e0674000 rw-p 0000e000 fc:01 2076273                    /usr/lib/jvm/java-8-openjdk-amd64/jre/lib/amd64/jli/libjli.so
7f00e0674000-7f00e069b000 r-xp 00000000 fc:01 2079                       /lib/x86_64-linux-gnu/ld-2.27.so
7f00e069b000-7f00e069c000 r--s 0000d000 fc:01 2076326                    /usr/lib/jvm/java-8-openjdk-amd64/jre/lib/ext/sunec.jar
7f00e069c000-7f00e069e000 r--s 00001000 fc:01 2076321                    /usr/lib/jvm/java-8-openjdk-amd64/jre/lib/ext/dnsns.jar
7f00e069e000-7f00e06a1000 r--s 0000f000 fc:01 2076322                    /usr/lib/jvm/java-8-openjdk-amd64/jre/lib/ext/icedtea-sound.jar
7f00e06a1000-7f00e06ab000 r--s 00116000 fc:01 2076324                    /usr/lib/jvm/java-8-openjdk-amd64/jre/lib/ext/localedata.jar
7f00e06ab000-7f00e06ac000 r--p 00000000 fc:01 7807                       /usr/lib/locale/C.UTF-8/LC_NUMERIC
7f00e06ac000-7f00e06ad000 r--p 00000000 fc:01 7810                       /usr/lib/locale/C.UTF-8/LC_TIME
7f00e06ad000-7f00e06ae000 r--p 00000000 fc:01 7805                       /usr/lib/locale/C.UTF-8/LC_MONETARY
7f00e06ae000-7f00e06af000 r--p 00000000 fc:01 7799                       /usr/lib/locale/C.UTF-8/LC_MESSAGES/SYS_LC_MESSAGES
7f00e06af000-7f00e06b0000 r--p 00000000 fc:01 7808                       /usr/lib/locale/C.UTF-8/LC_PAPER
7f00e06b0000-7f00e06b1000 r--p 00000000 fc:01 7806                       /usr/lib/locale/C.UTF-8/LC_NAME
7f00e06b1000-7f00e06b2000 r--p 00000000 fc:01 7800                       /usr/lib/locale/C.UTF-8/LC_ADDRESS
7f00e06b2000-7f00e06b3000 r--p 00000000 fc:01 7809                       /usr/lib/locale/C.UTF-8/LC_TELEPHONE
7f00e06b3000-7f00e06b4000 r--p 00000000 fc:01 7804                       /usr/lib/locale/C.UTF-8/LC_MEASUREMENT
7f00e06b4000-7f00e06bb000 r--s 00000000 fc:01 5010                       /usr/lib/x86_64-linux-gnu/gconv/gconv-modules.cache
7f00e06bb000-7f00e06bc000 r--p 00000000 fc:01 7803                       /usr/lib/locale/C.UTF-8/LC_IDENTIFICATION
7f00e06bc000-7f00e06c2000 rw-p 00000000 00:00 0 
7f00e06c2000-7f00e070f000 ---p 00000000 00:00 0 
7f00e070f000-7f00e0712000 rw-p 00000000 00:00 0 
7f00e0712000-7f00e0738000 ---p 00000000 00:00 0 
7f00e0738000-7f00e073e000 rw-p 00000000 00:00 0 
7f00e073e000-7f00e078b000 ---p 00000000 00:00 0 
7f00e078b000-7f00e078c000 rw-p 00000000 00:00 0 
7f00e078c000-7f00e078d000 ---p 00000000 00:00 0 
7f00e078d000-7f00e0790000 ---p 00000000 00:00 0 
7f00e0790000-7f00e088f000 rw-p 00000000 00:00 0 
7f00e088f000-7f00e0897000 rw-s 00000000 fc:01 528979                     /tmp/hsperfdata_mpiuser/30904
7f00e0897000-7f00e0898000 rw-p 00000000 00:00 0 
7f00e0898000-7f00e0899000 r--p 00000000 00:00 0 
7f00e0899000-7f00e089b000 rw-p 00000000 00:00 0 
7f00e089b000-7f00e089c000 r--p 00027000 fc:01 2079                       /lib/x86_64-linux-gnu/ld-2.27.so
7f00e089c000-7f00e089d000 rw-p 00028000 fc:01 2079                       /lib/x86_64-linux-gnu/ld-2.27.so
7f00e089d000-7f00e089e000 rw-p 00000000 00:00 0 
7ffeb65a8000-7ffeb65c9000 rw-p 00000000 00:00 0                          [stack]
7ffeb65ce000-7ffeb65d1000 r--p 00000000 00:00 0                          [vvar]
7ffeb65d1000-7ffeb65d3000 r-xp 00000000 00:00 0                          [vdso]
ffffffffff600000-ffffffffff601000 r-xp 00000000 00:00 0                  [vsyscall]

VM Arguments:
jvm_args: -Djava.library.path=/usr/local/lib 
java_command: Client 1000000 100 0
java_class_path (initial): /home/mpiuser/cloud/fyp/java_client:./lib/spring-jcl-5.2.5.RELEASE.jar:./lib/jackson-databind-2.10.3.jar:./lib/jackson-databind-2.10.2.jar:./lib/slf4j-simple-1.7.30.jar:./lib/amqp-client-5.8.0.jar:./lib/spring-web-5.2.5.RELEASE.jar:./lib/jackson-annotations-2.10.3.jar:./lib/mpi.jar:./lib/spring-beans-5.2.5.RELEASE.jar:./lib/jackson-annotations-2.10.2.jar:./lib/jackson-core-2.10.2.jar:./lib/jackson-core-2.10.3.jar:./lib/slf4j-api-1.7.29.jar:./lib/spring-core-5.2.5.RELEASE.jar:./lib/slf4j-api-1.7.30.jar:./lib/http-client-3.6.1.RELEASE.jar:/usr/local/lib/mpi.jar
Launcher Type: SUN_STANDARD

Environment Variables:
PATH=/usr/local/sbin:/usr/local/bin:/usr/sbin:/usr/bin:/sbin:/bin:/usr/games:/usr/local/games
SHELL=/bin/bash

Signal Handlers:
SIGSEGV: [libjvm.so+0xabc3b0], sa_mask[0]=11111111011111111101111111111110, sa_flags=SA_RESTART|SA_SIGINFO
SIGBUS: [libjvm.so+0xabc3b0], sa_mask[0]=11111111011111111101111111111110, sa_flags=SA_RESTART|SA_SIGINFO
SIGFPE: [libjvm.so+0x8f0bb0], sa_mask[0]=11111111011111111101111111111110, sa_flags=SA_RESTART|SA_SIGINFO
SIGPIPE: [libjvm.so+0x8f0bb0], sa_mask[0]=11111111011111111101111111111110, sa_flags=SA_RESTART|SA_SIGINFO
SIGXFSZ: [libjvm.so+0x8f0bb0], sa_mask[0]=11111111011111111101111111111110, sa_flags=SA_RESTART|SA_SIGINFO
SIGILL: [libjvm.so+0x8f0bb0], sa_mask[0]=11111111011111111101111111111110, sa_flags=SA_RESTART|SA_SIGINFO
SIGUSR1: SIG_DFL, sa_mask[0]=00000000000000000000000000000000, sa_flags=none
SIGUSR2: [libjvm.so+0x8f0a60], sa_mask[0]=00000000000000000000000000000000, sa_flags=SA_RESTART|SA_SIGINFO
SIGHUP: [libjvm.so+0x8f10d0], sa_mask[0]=11111111011111111101111111111110, sa_flags=SA_RESTART|SA_SIGINFO
SIGINT: [libjvm.so+0x8f10d0], sa_mask[0]=11111111011111111101111111111110, sa_flags=SA_RESTART|SA_SIGINFO
SIGTERM: [libjvm.so+0x8f10d0], sa_mask[0]=11111111011111111101111111111110, sa_flags=SA_RESTART|SA_SIGINFO
SIGQUIT: [libjvm.so+0x8f10d0], sa_mask[0]=11111111011111111101111111111110, sa_flags=SA_RESTART|SA_SIGINFO


---------------  S Y S T E M  ---------------

OS:DISTRIB_ID=Ubuntu
DISTRIB_RELEASE=18.04
DISTRIB_CODENAME=bionic
DISTRIB_DESCRIPTION="Ubuntu 18.04.3 LTS"

uname:Linux 4.15.0-66-generic #75-Ubuntu SMP Tue Oct 1 05:24:09 UTC 2019 x86_64
libc:glibc 2.27 NPTL 2.27 
rlimit: STACK 8192k, CORE 0k, NPROC 3841, NOFILE 1048576, AS infinity
load average:3.65 0.76 0.24

/proc/meminfo:
MemTotal:        1008808 kB
MemFree:           69000 kB
MemAvailable:      67644 kB
Buffers:           11260 kB
Cached:            84492 kB
SwapCached:            0 kB
Active:           730308 kB
Inactive:          42228 kB
Active(anon):     676560 kB
Inactive(anon):      184 kB
Active(file):      53748 kB
Inactive(file):    42044 kB
Unevictable:           0 kB
Mlocked:               0 kB
SwapTotal:             0 kB
SwapFree:              0 kB
Dirty:              9896 kB
Writeback:             0 kB
AnonPages:        677056 kB
Mapped:            67172 kB
Shmem:               640 kB
Slab:              95684 kB
SReclaimable:      44176 kB
SUnreclaim:        51508 kB
KernelStack:       11828 kB
PageTables:        24100 kB
NFS_Unstable:          0 kB
Bounce:                0 kB
WritebackTmp:          0 kB
CommitLimit:      504404 kB
Committed_AS:    5023524 kB
VmallocTotal:   34359738367 kB
VmallocUsed:           0 kB
VmallocChunk:          0 kB
HardwareCorrupted:     0 kB
AnonHugePages:         0 kB
ShmemHugePages:        0 kB
ShmemPmdMapped:        0 kB
CmaTotal:              0 kB
CmaFree:               0 kB
HugePages_Total:       0
HugePages_Free:        0
HugePages_Rsvd:        0
HugePages_Surp:        0
Hugepagesize:       2048 kB
DirectMap4k:      274412 kB
DirectMap2M:      774144 kB
DirectMap1G:           0 kB

container (cgroup) information:
container_type: cgroupv1
cpu_cpuset_cpus: 0-2
cpu_memory_nodes: 0
active_processor_count: 3
cpu_quota: -1
cpu_period: 100000
cpu_shares: -1
memory_limit_in_bytes: -1
memory_and_swap_limit_in_bytes: -2
memory_soft_limit_in_bytes: -1
memory_usage_in_bytes: 757182464
memory_max_usage_in_bytes: 869789696


CPU:total 3 (initial active 3) (1 cores per cpu, 1 threads per core) family 6 model 85 stepping 4, cmov, cx8, fxsr, mmx, sse, sse2, sse3, ssse3, sse4.1, sse4.2, popcnt, avx, avx2, aes, clmul, erms, 3dnowpref, lzcnt, tsc, bmi1, bmi2, adx

/proc/cpuinfo:
processor	: 0
vendor_id	: GenuineIntel
cpu family	: 6
model		: 85
model name	: Intel(R) Xeon(R) Gold 6140 CPU @ 2.30GHz
stepping	: 4
microcode	: 0x1
cpu MHz		: 2294.608
cache size	: 4096 KB
physical id	: 0
siblings	: 1
core id		: 0
cpu cores	: 1
apicid		: 0
initial apicid	: 0
fpu		: yes
fpu_exception	: yes
cpuid level	: 13
wp		: yes
flags		: fpu vme de pse tsc msr pae mce cx8 apic sep mtrr pge mca cmov pat pse36 clflush mmx fxsr sse sse2 ss syscall nx pdpe1gb rdtscp lm constant_tsc arch_perfmon rep_good nopl cpuid tsc_known_freq pni pclmulqdq vmx ssse3 fma cx16 pcid sse4_1 sse4_2 x2apic movbe popcnt tsc_deadline_timer aes xsave avx f16c rdrand hypervisor lahf_lm abm 3dnowprefetch cpuid_fault invpcid_single pti ssbd ibrs ibpb tpr_shadow vnmi flexpriority ept vpid fsgsbase tsc_adjust bmi1 avx2 smep bmi2 erms invpcid mpx avx512f avx512dq rdseed adx smap clflushopt clwb avx512cd avx512bw avx512vl xsaveopt xsavec xgetbv1 pku ospke md_clear
bugs		: cpu_meltdown spectre_v1 spectre_v2 spec_store_bypass l1tf mds swapgs
bogomips	: 4589.21
clflush size	: 64
cache_alignment	: 64
address sizes	: 40 bits physical, 48 bits virtual
power management:

processor	: 1
vendor_id	: GenuineIntel
cpu family	: 6
model		: 85
model name	: Intel(R) Xeon(R) Gold 6140 CPU @ 2.30GHz
stepping	: 4
microcode	: 0x1
cpu MHz		: 2294.608
cache size	: 4096 KB
physical id	: 1
siblings	: 1
core id		: 0
cpu cores	: 1
apicid		: 1
initial apicid	: 1
fpu		: yes
fpu_exception	: yes
cpuid level	: 13
wp		: yes
flags		: fpu vme de pse tsc msr pae mce cx8 apic sep mtrr pge mca cmov pat pse36 clflush mmx fxsr sse sse2 ss syscall nx pdpe1gb rdtscp lm constant_tsc arch_perfmon rep_good nopl cpuid tsc_known_freq pni pclmulqdq vmx ssse3 fma cx16 pcid sse4_1 sse4_2 x2apic movbe popcnt tsc_deadline_timer aes xsave avx f16c rdrand hypervisor lahf_lm abm 3dnowprefetch cpuid_fault invpcid_single pti ssbd ibrs ibpb tpr_shadow vnmi flexpriority ept vpid fsgsbase tsc_adjust bmi1 avx2 smep bmi2 erms invpcid mpx avx512f avx512dq rdseed adx smap clflushopt clwb avx512cd avx512bw avx512vl xsaveopt xsavec xgetbv1 pku ospke md_clear
bugs		: cpu_meltdown spectre_v1 spectre_v2 spec_store_bypass l1tf mds swapgs
bogomips	: 4589.21
clflush size	: 64
cache_alignment	: 64
address sizes	: 40 bits physical, 48 bits virtual
power management:

processor	: 2
vendor_id	: GenuineIntel
cpu family	: 6
model		: 85
model name	: Intel(R) Xeon(R) Gold 6140 CPU @ 2.30GHz
stepping	: 4
microcode	: 0x1
cpu MHz		: 2294.608
cache size	: 4096 KB
physical id	: 2
siblings	: 1
core id		: 0
cpu cores	: 1
apicid		: 2
initial apicid	: 2
fpu		: yes
fpu_exception	: yes
cpuid level	: 13
wp		: yes
flags		: fpu vme de pse tsc msr pae mce cx8 apic sep mtrr pge mca cmov pat pse36 clflush mmx fxsr sse sse2 ss syscall nx pdpe1gb rdtscp lm constant_tsc arch_perfmon rep_good nopl cpuid tsc_known_freq pni pclmulqdq vmx ssse3 fma cx16 pcid sse4_1 sse4_2 x2apic movbe popcnt tsc_deadline_timer aes xsave avx f16c rdrand hypervisor lahf_lm abm 3dnowprefetch cpuid_fault invpcid_single pti ssbd ibrs ibpb tpr_shadow vnmi flexpriority ept vpid fsgsbase tsc_adjust bmi1 avx2 smep bmi2 erms invpcid mpx avx512f avx512dq rdseed adx smap clflushopt clwb avx512cd avx512bw avx512vl xsaveopt xsavec xgetbv1 pku ospke md_clear
bugs		: cpu_meltdown spectre_v1 spectre_v2 spec_store_bypass l1tf mds swapgs
bogomips	: 4589.21
clflush size	: 64
cache_alignment	: 64
address sizes	: 40 bits physical, 48 bits virtual
power management:



Memory: 4k page, physical 1008808k(67604k free), swap 0k(0k free)

vm_info: OpenJDK 64-Bit Server VM (25.242-b08) for linux-amd64 JRE (1.8.0_242-8u242-b08-0ubuntu3~18.04-b08), built on Jan 17 2020 23:41:21 by "buildd" with gcc 7.4.0

time: Mon Apr  6 11:39:51 2020
timezone: UTC
elapsed time: 2 seconds (0d 0h 0m 2s)

