#
# A fatal error has been detected by the Java Runtime Environment:
#
#  SIGSEGV (0xb) at pc=0x00007f840637f12a, pid=15459, tid=0x00007f84458e9700
#
# JRE version: OpenJDK Runtime Environment (8.0_242-b08) (build 1.8.0_242-8u242-b08-0ubuntu3~18.04-b08)
# Java VM: OpenJDK 64-Bit Server VM (25.242-b08 mixed mode linux-amd64 compressed oops)
# Problematic frame:
# C  [mca_gds_ds21.so+0x212a]  pmix_gds_ds21_lock_init+0x12a
#
# Failed to write core dump. Core dumps have been disabled. To enable core dumping, try "ulimit -c unlimited" before starting Java again
#
# If you would like to submit a bug report, please visit:
#   http://bugreport.java.com/bugreport/crash.jsp
# The crash happened outside the Java Virtual Machine in native code.
# See problematic frame for where to report the bug.
#

---------------  T H R E A D  ---------------

Current thread (0x00007f843c00b800):  JavaThread "main" [_thread_in_native, id=15466, stack(0x00007f84457ea000,0x00007f84458ea000)]

siginfo: si_signo: 11 (SIGSEGV), si_code: 1 (SEGV_MAPERR), si_addr: 0x00007f844001f008

Registers:
RAX=0x00007f843c28d2e0, RBX=0x00007f843c28d200, RCX=0x00007f840679f85e, RDX=0x00007ffe045e7cee
RSP=0x00007f84458e7700, RBP=0x00007f843c28d258, RSI=0x0000000000085000, RDI=0x0000000000000000
R8 =0x000000000000001e, R9 =0x0000000000000000, R10=0x0000000000000001, R11=0x0000000000000000
R12=0x00007f843c28ce58, R13=0x0000000000001000, R14=0x00007f844001f000, R15=0x00007f843c28d250
RIP=0x00007f840637f12a, EFLAGS=0x0000000000010202, CSGSFS=0x002b000000000033, ERR=0x0000000000000004
  TRAPNO=0x000000000000000e

Top of Stack: (sp=0x00007f84458e7700)
0x00007f84458e7700:   00007f843c28d1b0 00007ffe045e7cee
0x00007f84458e7710:   0000000000085000 000003e800000002
0x00007f84458e7720:   0000000000000000 00007f84451682ed
0x00007f84458e7730:   00007f843c28cea0 433e06187b920b00
0x00007f84458e7740:   0000000000000000 00007f843c28cb80
0x00007f84458e7750:   0000000000000000 00007ffe045e7cee
0x00007f84458e7760:   0000000000000000 00007f843c28cdf0
0x00007f84458e7770:   0000000000000000 00007f840679bbcb
0x00007f84458e7780:   00007f840637fcee 00007f84458e7810
0x00007f84458e7790:   00007f840c1b7513 0000001500000040
0x00007f84458e77a0:   00007f843c2884d0 433e06187b920b00
0x00007f84458e77b0:   00007f8406791280 00007f843c287fe0
0x00007f84458e77c0:   00007f84065812d4 00007f840c3dd0a0
0x00007f84458e77d0:   00007f8406581180 00007f840c3e0fc0
0x00007f84458e77e0:   00007f843c28cb30 00007f840637edb4
0x00007f84458e77f0:   00007f840c3dd060 00007f840c19fee8
0x00007f84458e7800:   00007f840c3dd100 00007f84458e7834
0x00007f84458e7810:   00007f84458e7838 0000000000000000
0x00007f84458e7820:   0000000000000000 00007f840c3e0fd0
0x00007f84458e7830:   0000001e0c114db0 00007f8406581180
0x00007f84458e7840:   0000000000000000 433e06187b920b00
0x00007f84458e7850:   00007f840c3dd0a0 0000000000000000
0x00007f84458e7860:   0000000000000000 00007f843c217410
0x00007f84458e7870:   00007f840c114db0 00007f840c3dc520
0x00007f84458e7880:   0000000000000000 00007f840c15a763
0x00007f84458e7890:   000000000000000c 00007f840c3dc7d8
0x00007f84458e78a0:   2d69706d6e65706f 0000316576616c73
0x00007f84458e78b0:   00007f840c09f100 00007f840c09ab00
0x00007f84458e78c0:   00007f840c0a264e 0000000100000000
0x00007f84458e78d0:   00007f84458e79d0 00007f8400000003
0x00007f84458e78e0:   00007f84458e79c0 433e06187b920b00
0x00007f84458e78f0:   00007f843c214df0 00007f840c3dbf60 

Instructions: (pc=0x00007f840637f12a)
0x00007f840637f10a:   f7 ff ff 48 85 c0 49 89 47 30 0f 84 16 03 00 00
0x00007f840637f11a:   4c 8b 70 18 49 8b 36 4c 39 ee 0f 87 ce 02 00 00
0x00007f840637f12a:   41 8b 46 08 41 89 47 40 49 8b 56 18 4c 01 f2 85
0x00007f840637f13a:   c0 49 89 57 38 0f 84 eb 02 00 00 31 c0 ba 01 00 

Register to memory mapping:

RAX=0x00007f843c28d2e0 is an unknown value
RBX=0x00007f843c28d200 is an unknown value
RCX=0x00007f840679f85e: pmix_common_dstor_attach_new_lock_seg+0x1e in /usr/local/lib/libmca_common_dstore.so.1 at 0x00007f8406792000
RDX=0x00007ffe045e7cee is an unknown value
RSP=0x00007f84458e7700 is pointing into the stack for thread: 0x00007f843c00b800
RBP=0x00007f843c28d258 is an unknown value
RSI=0x0000000000085000 is an unknown value
RDI=0x0000000000000000 is an unknown value
R8 =0x000000000000001e is an unknown value
R9 =0x0000000000000000 is an unknown value
R10=0x0000000000000001 is an unknown value
R11=0x0000000000000000 is an unknown value
R12=0x00007f843c28ce58 is an unknown value
R13=0x0000000000001000 is an unknown value
R14=0x00007f844001f000 is an unknown value
R15=0x00007f843c28d250 is an unknown value


Stack: [0x00007f84457ea000,0x00007f84458ea000],  sp=0x00007f84458e7700,  free space=1013k
Native frames: (J=compiled Java code, j=interpreted, Vv=VM code, C=native code)
C  [mca_gds_ds21.so+0x212a]  pmix_gds_ds21_lock_init+0x12a

Java frames: (J=compiled Java code, j=interpreted, Vv=VM code)
j  mpi.MPI.Init_jni([Ljava/lang/String;)[Ljava/lang/String;+0
j  mpi.MPI.Init([Ljava/lang/String;)[Ljava/lang/String;+17
j  Client.main([Ljava/lang/String;)V+1
v  ~StubRoutines::call_stub

---------------  P R O C E S S  ---------------

Java Threads: ( => current thread )
  0x00007f843c0b7800 JavaThread "Service Thread" daemon [_thread_blocked, id=15573, stack(0x00007f8440814000,0x00007f8440915000)]
  0x00007f843c0b4800 JavaThread "C1 CompilerThread1" daemon [_thread_blocked, id=15563, stack(0x00007f8440916000,0x00007f8440a16000)]
  0x00007f843c0b2000 JavaThread "C2 CompilerThread0" daemon [_thread_blocked, id=15558, stack(0x00007f8440a17000,0x00007f8440b17000)]
  0x00007f843c0b0800 JavaThread "Signal Dispatcher" daemon [_thread_blocked, id=15550, stack(0x00007f8440b17000,0x00007f8440c18000)]
  0x00007f843c07e000 JavaThread "Finalizer" daemon [_thread_blocked, id=15488, stack(0x00007f8440f57000,0x00007f8441058000)]
  0x00007f843c079800 JavaThread "Reference Handler" daemon [_thread_blocked, id=15482, stack(0x00007f8441058000,0x00007f8441159000)]
=>0x00007f843c00b800 JavaThread "main" [_thread_in_native, id=15466, stack(0x00007f84457ea000,0x00007f84458ea000)]

Other Threads:
  0x00007f843c06f800 VMThread [stack: 0x00007f844115a000,0x00007f844125a000] [id=15473]
  0x00007f843c0ba800 WatcherThread [stack: 0x00007f8440714000,0x00007f8440814000] [id=15585]

VM state:not at safepoint (normal execution)

VM Mutex/Monitor currently owned by a thread: None

heap address: 0x00000000f0800000, size: 248 MB, Compressed Oops mode: 32-bit
Narrow klass base: 0x0000000000000000, Narrow klass shift: 3
Compressed class space size: 1073741824 Address: 0x0000000100000000

Heap:
 def new generation   total 4928K, used 1441K [0x00000000f0800000, 0x00000000f0d50000, 0x00000000f5aa0000)
  eden space 4416K,  32% used [0x00000000f0800000, 0x00000000f0968610, 0x00000000f0c50000)
  from space 512K,   0% used [0x00000000f0c50000, 0x00000000f0c50000, 0x00000000f0cd0000)
  to   space 512K,   0% used [0x00000000f0cd0000, 0x00000000f0cd0000, 0x00000000f0d50000)
 tenured generation   total 10944K, used 0K [0x00000000f5aa0000, 0x00000000f6550000, 0x0000000100000000)
   the space 10944K,   0% used [0x00000000f5aa0000, 0x00000000f5aa0000, 0x00000000f5aa0200, 0x00000000f6550000)
 Metaspace       used 3129K, capacity 4792K, committed 5120K, reserved 1056768K
  class space    used 313K, capacity 424K, committed 512K, reserved 1048576K

Card table byte_map: [0x00007f844576c000,0x00007f84457e9000] byte_map_base: 0x00007f8444fe8000

Polling page: 0x00007f84458f5000

CodeCache: size=245760Kb used=1278Kb max_used=1278Kb free=244481Kb
 bounds [0x00007f842d000000, 0x00007f842d270000, 0x00007f843c000000]
 total_blobs=383 nmethods=78 adapters=220
 compilation: enabled

Compilation events (10 events):
Event: 0.851 Thread 0x00007f843c0b4800   72       3       java.nio.DirectLongBufferU::ix (10 bytes)
Event: 0.851 Thread 0x00007f843c0b4800 nmethod 72 0x00007f842d132990 code [0x00007f842d132ae0, 0x00007f842d132c50]
Event: 0.853 Thread 0x00007f843c0b4800   73       3       java.util.zip.ZipCoder::encoder (35 bytes)
Event: 0.853 Thread 0x00007f843c0b4800 nmethod 73 0x00007f842d133050 code [0x00007f842d133200, 0x00007f842d133868]
Event: 0.853 Thread 0x00007f843c0b4800   75       3       java.util.zip.ZStreamRef::address (5 bytes)
Event: 0.853 Thread 0x00007f843c0b4800 nmethod 75 0x00007f842d133a10 code [0x00007f842d133b60, 0x00007f842d133cb0]
Event: 0.853 Thread 0x00007f843c0b4800   76       3       java.util.zip.ZipCoder::getBytes (192 bytes)
Event: 0.856 Thread 0x00007f843c0b4800 nmethod 76 0x00007f842d133d10 code [0x00007f842d1340c0, 0x00007f842d1362d8]
Event: 0.920 Thread 0x00007f843c0b4800   77       3       java.util.concurrent.ConcurrentHashMap::setTabAt (19 bytes)
Event: 0.920 Thread 0x00007f843c0b4800 nmethod 77 0x00007f842d13f610 code [0x00007f842d13f760, 0x00007f842d13f8d0]

GC Heap History (0 events):
No events

Deoptimization events (0 events):
No events

Classes redefined (0 events):
No events

Internal exceptions (5 events):
Event: 0.051 Thread 0x00007f843c00b800 Exception <a 'java/lang/NoSuchMethodError': Method sun.misc.Unsafe.defineClass(Ljava/lang/String;[BII)Ljava/lang/Class; name or signature does not match> (0x00000000f0807cc8) thrown at [/build/openjdk-8-58sEEn/openjdk-8-8u242-b08/src/hotspot/src/share/vm/
Event: 0.051 Thread 0x00007f843c00b800 Exception <a 'java/lang/NoSuchMethodError': Method sun.misc.Unsafe.prefetchRead(Ljava/lang/Object;J)V name or signature does not match> (0x00000000f0807fb0) thrown at [/build/openjdk-8-58sEEn/openjdk-8-8u242-b08/src/hotspot/src/share/vm/prims/jni.cpp, lin
Event: 0.346 Thread 0x00007f843c00b800 Exception <a 'java/util/zip/ZipException'> (0x00000000f085dec8) thrown at [/build/openjdk-8-58sEEn/openjdk-8-8u242-b08/src/hotspot/src/share/vm/prims/jni.cpp, line 710]
Event: 0.346 Thread 0x00007f843c00b800 Exception <a 'java/security/PrivilegedActionException'> (0x00000000f085e168) thrown at [/build/openjdk-8-58sEEn/openjdk-8-8u242-b08/src/hotspot/src/share/vm/prims/jvm.cpp, line 1502]
Event: 0.346 Thread 0x00007f843c00b800 Exception <a 'java/security/PrivilegedActionException'> (0x00000000f085e378) thrown at [/build/openjdk-8-58sEEn/openjdk-8-8u242-b08/src/hotspot/src/share/vm/prims/jvm.cpp, line 1502]

Events (10 events):
Event: 0.850 loading class mpi/Constant
Event: 0.850 loading class mpi/Constant done
Event: 0.851 loading class mpi/Errhandler
Event: 0.851 loading class mpi/Errhandler done
Event: 0.852 loading class mpi/Intracomm
Event: 0.852 loading class mpi/Intracomm done
Event: 0.852 loading class mpi/Comm
Event: 0.852 loading class mpi/Comm done
Event: 0.919 loading class mpi/Version
Event: 0.919 loading class mpi/Version done


Dynamic libraries:
f0800000-f0d50000 rw-p 00000000 00:00 0 
f0d50000-f5aa0000 ---p 00000000 00:00 0 
f5aa0000-f6550000 rw-p 00000000 00:00 0 
f6550000-100000000 ---p 00000000 00:00 0 
100000000-100080000 rw-p 00000000 00:00 0 
100080000-140000000 ---p 00000000 00:00 0 
55ef1f604000-55ef1f605000 r-xp 00000000 fc:01 2079032                    /usr/lib/jvm/java-8-openjdk-amd64/jre/bin/java
55ef1f804000-55ef1f805000 r--p 00000000 fc:01 2079032                    /usr/lib/jvm/java-8-openjdk-amd64/jre/bin/java
55ef1f805000-55ef1f806000 rw-p 00001000 fc:01 2079032                    /usr/lib/jvm/java-8-openjdk-amd64/jre/bin/java
55ef20ab6000-55ef20ad7000 rw-p 00000000 00:00 0                          [heap]
7f8400000000-7f8400021000 rw-p 00000000 00:00 0 
7f8400021000-7f8404000000 ---p 00000000 00:00 0 
7f840617a000-7f840617c000 r-xp 00000000 fc:01 526222                     /usr/local/lib/pmix/mca_pshmem_mmap.so
7f840617c000-7f840637b000 ---p 00002000 fc:01 526222                     /usr/local/lib/pmix/mca_pshmem_mmap.so
7f840637b000-7f840637c000 r--p 00001000 fc:01 526222                     /usr/local/lib/pmix/mca_pshmem_mmap.so
7f840637c000-7f840637d000 rw-p 00002000 fc:01 526222                     /usr/local/lib/pmix/mca_pshmem_mmap.so
7f840637d000-7f8406381000 r-xp 00000000 fc:01 526198                     /usr/local/lib/pmix/mca_gds_ds21.so
7f8406381000-7f8406580000 ---p 00004000 fc:01 526198                     /usr/local/lib/pmix/mca_gds_ds21.so
7f8406580000-7f8406581000 r--p 00003000 fc:01 526198                     /usr/local/lib/pmix/mca_gds_ds21.so
7f8406581000-7f8406582000 rw-p 00004000 fc:01 526198                     /usr/local/lib/pmix/mca_gds_ds21.so
7f8406582000-7f8406591000 r-xp 00000000 fc:01 526200                     /usr/local/lib/pmix/mca_gds_hash.so
7f8406591000-7f8406790000 ---p 0000f000 fc:01 526200                     /usr/local/lib/pmix/mca_gds_hash.so
7f8406790000-7f8406791000 r--p 0000e000 fc:01 526200                     /usr/local/lib/pmix/mca_gds_hash.so
7f8406791000-7f8406792000 rw-p 0000f000 fc:01 526200                     /usr/local/lib/pmix/mca_gds_hash.so
7f8406792000-7f84067a1000 r-xp 00000000 fc:01 7028                       /usr/local/lib/libmca_common_dstore.so.1.0.0
7f84067a1000-7f84069a0000 ---p 0000f000 fc:01 7028                       /usr/local/lib/libmca_common_dstore.so.1.0.0
7f84069a0000-7f84069a1000 r--p 0000e000 fc:01 7028                       /usr/local/lib/libmca_common_dstore.so.1.0.0
7f84069a1000-7f84069a2000 rw-p 0000f000 fc:01 7028                       /usr/local/lib/libmca_common_dstore.so.1.0.0
7f84069a2000-7f84069a6000 r-xp 00000000 fc:01 526196                     /usr/local/lib/pmix/mca_gds_ds12.so
7f84069a6000-7f8406ba5000 ---p 00004000 fc:01 526196                     /usr/local/lib/pmix/mca_gds_ds12.so
7f8406ba5000-7f8406ba6000 r--p 00003000 fc:01 526196                     /usr/local/lib/pmix/mca_gds_ds12.so
7f8406ba6000-7f8406ba7000 rw-p 00004000 fc:01 526196                     /usr/local/lib/pmix/mca_gds_ds12.so
7f8406ba7000-7f8406baf000 r-xp 00000000 fc:01 526226                     /usr/local/lib/pmix/mca_ptl_usock.so
7f8406baf000-7f8406dae000 ---p 00008000 fc:01 526226                     /usr/local/lib/pmix/mca_ptl_usock.so
7f8406dae000-7f8406daf000 r--p 00007000 fc:01 526226                     /usr/local/lib/pmix/mca_ptl_usock.so
7f8406daf000-7f8406db0000 rw-p 00008000 fc:01 526226                     /usr/local/lib/pmix/mca_ptl_usock.so
7f8406db0000-7f8406dc1000 r-xp 00000000 fc:01 526224                     /usr/local/lib/pmix/mca_ptl_tcp.so
7f8406dc1000-7f8406fc0000 ---p 00011000 fc:01 526224                     /usr/local/lib/pmix/mca_ptl_tcp.so
7f8406fc0000-7f8406fc1000 r--p 00010000 fc:01 526224                     /usr/local/lib/pmix/mca_ptl_tcp.so
7f8406fc1000-7f8406fc2000 rw-p 00011000 fc:01 526224                     /usr/local/lib/pmix/mca_ptl_tcp.so
7f8406fc2000-7f8406fd3000 r-xp 00000000 fc:01 526188                     /usr/local/lib/pmix/mca_bfrops_v12.so
7f8406fd3000-7f84071d3000 ---p 00011000 fc:01 526188                     /usr/local/lib/pmix/mca_bfrops_v12.so
7f84071d3000-7f84071d4000 r--p 00011000 fc:01 526188                     /usr/local/lib/pmix/mca_bfrops_v12.so
7f84071d4000-7f84071d5000 rw-p 00012000 fc:01 526188                     /usr/local/lib/pmix/mca_bfrops_v12.so
7f84071d5000-7f84071ec000 r-xp 00000000 fc:01 526190                     /usr/local/lib/pmix/mca_bfrops_v20.so
7f84071ec000-7f84073eb000 ---p 00017000 fc:01 526190                     /usr/local/lib/pmix/mca_bfrops_v20.so
7f84073eb000-7f84073ec000 r--p 00016000 fc:01 526190                     /usr/local/lib/pmix/mca_bfrops_v20.so
7f84073ec000-7f84073ed000 rw-p 00017000 fc:01 526190                     /usr/local/lib/pmix/mca_bfrops_v20.so
7f84073ed000-7f84073f5000 r-xp 00000000 fc:01 526194                     /usr/local/lib/pmix/mca_bfrops_v3.so
7f84073f5000-7f84075f4000 ---p 00008000 fc:01 526194                     /usr/local/lib/pmix/mca_bfrops_v3.so
7f84075f4000-7f84075f5000 r--p 00007000 fc:01 526194                     /usr/local/lib/pmix/mca_bfrops_v3.so
7f84075f5000-7f84075f6000 rw-p 00008000 fc:01 526194                     /usr/local/lib/pmix/mca_bfrops_v3.so
7f84075f6000-7f84075fd000 r-xp 00000000 fc:01 526192                     /usr/local/lib/pmix/mca_bfrops_v21.so
7f84075fd000-7f84077fd000 ---p 00007000 fc:01 526192                     /usr/local/lib/pmix/mca_bfrops_v21.so
7f84077fd000-7f84077fe000 r--p 00007000 fc:01 526192                     /usr/local/lib/pmix/mca_bfrops_v21.so
7f84077fe000-7f84077ff000 rw-p 00008000 fc:01 526192                     /usr/local/lib/pmix/mca_bfrops_v21.so
7f84077ff000-7f8407800000 ---p 00000000 00:00 0 
7f8407800000-7f8408000000 rw-p 00000000 00:00 0 
7f8408000000-7f8408021000 rw-p 00000000 00:00 0 
7f8408021000-7f840c000000 ---p 00000000 00:00 0 
7f840c09a000-7f840c1d9000 r-xp 00000000 fc:01 526228                     /usr/local/lib/openmpi/mca_pmix_pmix3x.so
7f840c1d9000-7f840c3d9000 ---p 0013f000 fc:01 526228                     /usr/local/lib/openmpi/mca_pmix_pmix3x.so
7f840c3d9000-7f840c3da000 r--p 0013f000 fc:01 526228                     /usr/local/lib/openmpi/mca_pmix_pmix3x.so
7f840c3da000-7f840c3df000 rw-p 00140000 fc:01 526228                     /usr/local/lib/openmpi/mca_pmix_pmix3x.so
7f840c3df000-7f840c3e2000 rw-p 00000000 00:00 0 
7f840c3e5000-7f840c3e7000 r-xp 00000000 fc:01 526214                     /usr/local/lib/pmix/mca_psec_native.so
7f840c3e7000-7f840c5e6000 ---p 00002000 fc:01 526214                     /usr/local/lib/pmix/mca_psec_native.so
7f840c5e6000-7f840c5e7000 r--p 00001000 fc:01 526214                     /usr/local/lib/pmix/mca_psec_native.so
7f840c5e7000-7f840c5e8000 rw-p 00002000 fc:01 526214                     /usr/local/lib/pmix/mca_psec_native.so
7f840c5e8000-7f840c5ec000 r-xp 00000000 fc:01 526266                     /usr/local/lib/openmpi/mca_ess_pmi.so
7f840c5ec000-7f840c7eb000 ---p 00004000 fc:01 526266                     /usr/local/lib/openmpi/mca_ess_pmi.so
7f840c7eb000-7f840c7ec000 r--p 00003000 fc:01 526266                     /usr/local/lib/openmpi/mca_ess_pmi.so
7f840c7ec000-7f840c7ed000 rw-p 00004000 fc:01 526266                     /usr/local/lib/openmpi/mca_ess_pmi.so
7f840c7ed000-7f840c7ee000 r-xp 00000000 fc:01 526334                     /usr/local/lib/openmpi/mca_schizo_orte.so
7f840c7ee000-7f840c9ed000 ---p 00001000 fc:01 526334                     /usr/local/lib/openmpi/mca_schizo_orte.so
7f840c9ed000-7f840c9ee000 r--p 00000000 fc:01 526334                     /usr/local/lib/openmpi/mca_schizo_orte.so
7f840c9ee000-7f840c9ef000 rw-p 00001000 fc:01 526334                     /usr/local/lib/openmpi/mca_schizo_orte.so
7f840c9ef000-7f840c9f1000 r-xp 00000000 fc:01 526336                     /usr/local/lib/openmpi/mca_schizo_slurm.so
7f840c9f1000-7f840cbf0000 ---p 00002000 fc:01 526336                     /usr/local/lib/openmpi/mca_schizo_slurm.so
7f840cbf0000-7f840cbf1000 r--p 00001000 fc:01 526336                     /usr/local/lib/openmpi/mca_schizo_slurm.so
7f840cbf1000-7f840cbf2000 rw-p 00002000 fc:01 526336                     /usr/local/lib/openmpi/mca_schizo_slurm.so
7f840cbf2000-7f840cbfa000 r-xp 00000000 fc:01 526332                     /usr/local/lib/openmpi/mca_schizo_ompi.so
7f840cbfa000-7f840cdf9000 ---p 00008000 fc:01 526332                     /usr/local/lib/openmpi/mca_schizo_ompi.so
7f840cdf9000-7f840cdfa000 r--p 00007000 fc:01 526332                     /usr/local/lib/openmpi/mca_schizo_ompi.so
7f840cdfa000-7f840cdfc000 rw-p 00008000 fc:01 526332                     /usr/local/lib/openmpi/mca_schizo_ompi.so
7f840cdfc000-7f840cdfd000 r-xp 00000000 fc:01 526330                     /usr/local/lib/openmpi/mca_schizo_flux.so
7f840cdfd000-7f840cffd000 ---p 00001000 fc:01 526330                     /usr/local/lib/openmpi/mca_schizo_flux.so
7f840cffd000-7f840cffe000 r--p 00001000 fc:01 526330                     /usr/local/lib/openmpi/mca_schizo_flux.so
7f840cffe000-7f840cfff000 rw-p 00002000 fc:01 526330                     /usr/local/lib/openmpi/mca_schizo_flux.so
7f840cfff000-7f8410000000 rw-p 00000000 00:00 0 
7f8410000000-7f8410175000 rw-p 00000000 00:00 0 
7f8410175000-7f8414000000 ---p 00000000 00:00 0 
7f8414000000-7f8414021000 rw-p 00000000 00:00 0 
7f8414021000-7f8418000000 ---p 00000000 00:00 0 
7f8418000000-7f8418021000 rw-p 00000000 00:00 0 
7f8418021000-7f841c000000 ---p 00000000 00:00 0 
7f841c000000-7f841c04e000 rw-p 00000000 00:00 0 
7f841c04e000-7f8420000000 ---p 00000000 00:00 0 
7f8420000000-7f8420021000 rw-p 00000000 00:00 0 
7f8420021000-7f8424000000 ---p 00000000 00:00 0 
7f8424000000-7f8424021000 rw-p 00000000 00:00 0 
7f8424021000-7f8428000000 ---p 00000000 00:00 0 
7f8428000000-7f8428021000 rw-p 00000000 00:00 0 
7f8428021000-7f842c000000 ---p 00000000 00:00 0 
7f842c06e000-7f842c0f3000 rw-s 00000000 fc:01 526899                     /tmp/ompi.openmpi-slave1.1000/jf.8274/pmix_dstor_ds21_15448/smlockseg-542244865
7f842c0f3000-7f842c0f5000 r-xp 00000000 fc:01 526234                     /usr/local/lib/openmpi/mca_reachable_weighted.so
7f842c0f5000-7f842c2f4000 ---p 00002000 fc:01 526234                     /usr/local/lib/openmpi/mca_reachable_weighted.so
7f842c2f4000-7f842c2f5000 r--p 00001000 fc:01 526234                     /usr/local/lib/openmpi/mca_reachable_weighted.so
7f842c2f5000-7f842c2f6000 rw-p 00002000 fc:01 526234                     /usr/local/lib/openmpi/mca_reachable_weighted.so
7f842c2f6000-7f842c2f9000 r-xp 00000000 fc:01 526236                     /usr/local/lib/openmpi/mca_shmem_mmap.so
7f842c2f9000-7f842c4f8000 ---p 00003000 fc:01 526236                     /usr/local/lib/openmpi/mca_shmem_mmap.so
7f842c4f8000-7f842c4f9000 r--p 00002000 fc:01 526236                     /usr/local/lib/openmpi/mca_shmem_mmap.so
7f842c4f9000-7f842c4fa000 rw-p 00003000 fc:01 526236                     /usr/local/lib/openmpi/mca_shmem_mmap.so
7f842c4fa000-7f842c4fc000 r-xp 00000000 fc:01 2182                       /lib/x86_64-linux-gnu/libutil-2.27.so
7f842c4fc000-7f842c6fb000 ---p 00002000 fc:01 2182                       /lib/x86_64-linux-gnu/libutil-2.27.so
7f842c6fb000-7f842c6fc000 r--p 00001000 fc:01 2182                       /lib/x86_64-linux-gnu/libutil-2.27.so
7f842c6fc000-7f842c6fd000 rw-p 00002000 fc:01 2182                       /lib/x86_64-linux-gnu/libutil-2.27.so
7f842c6fd000-7f842c7b0000 r-xp 00000000 fc:01 7159                       /usr/local/lib/libopen-rte.so.40.20.1
7f842c7b0000-7f842c9af000 ---p 000b3000 fc:01 7159                       /usr/local/lib/libopen-rte.so.40.20.1
7f842c9af000-7f842c9b1000 r--p 000b2000 fc:01 7159                       /usr/local/lib/libopen-rte.so.40.20.1
7f842c9b1000-7f842c9b5000 rw-p 000b4000 fc:01 7159                       /usr/local/lib/libopen-rte.so.40.20.1
7f842c9b5000-7f842c9b8000 rw-p 00000000 00:00 0 
7f842c9b8000-7f842cabf000 r-xp 00000000 fc:01 4656                       /usr/local/lib/libopen-pal.so.40.20.1
7f842cabf000-7f842ccbf000 ---p 00107000 fc:01 4656                       /usr/local/lib/libopen-pal.so.40.20.1
7f842ccbf000-7f842ccc2000 r--p 00107000 fc:01 4656                       /usr/local/lib/libopen-pal.so.40.20.1
7f842ccc2000-7f842ccc8000 rw-p 0010a000 fc:01 4656                       /usr/local/lib/libopen-pal.so.40.20.1
7f842ccc8000-7f842cccf000 rw-p 00000000 00:00 0 
7f842cccf000-7f842cddc000 r-xp 00000000 fc:01 7362                       /usr/local/lib/libmpi.so.40.20.1
7f842cddc000-7f842cfdb000 ---p 0010d000 fc:01 7362                       /usr/local/lib/libmpi.so.40.20.1
7f842cfdb000-7f842cfdd000 r--p 0010c000 fc:01 7362                       /usr/local/lib/libmpi.so.40.20.1
7f842cfdd000-7f842cfee000 rw-p 0010e000 fc:01 7362                       /usr/local/lib/libmpi.so.40.20.1
7f842cfee000-7f842d000000 rw-p 00000000 00:00 0 
7f842d000000-7f842d270000 rwxp 00000000 00:00 0 
7f842d270000-7f843c000000 ---p 00000000 00:00 0 
7f843c000000-7f843c28f000 rw-p 00000000 00:00 0 
7f843c28f000-7f8440000000 ---p 00000000 00:00 0 
7f8440020000-7f8440021000 r--s 00000000 fc:01 526900                     /tmp/ompi.openmpi-slave1.1000/jf.8274/pmix_dstor_ds12_15448/initial-pmix_shared-segment-0
7f8440021000-7f8440022000 rw-s 00000000 fc:01 526901                     /tmp/ompi.openmpi-slave1.1000/jf.8274/pmix_dstor_ds12_15448/dstore_sm.lock
7f8440022000-7f844004a000 r-xp 00000000 fc:01 29870                      /usr/local/lib/libmpi_java.so.40.20.0
7f844004a000-7f8440249000 ---p 00028000 fc:01 29870                      /usr/local/lib/libmpi_java.so.40.20.0
7f8440249000-7f844024a000 r--p 00027000 fc:01 29870                      /usr/local/lib/libmpi_java.so.40.20.0
7f844024a000-7f844024b000 rw-p 00028000 fc:01 29870                      /usr/local/lib/libmpi_java.so.40.20.0
7f844024b000-7f844024c000 r--s 0000f000 00:34 527712                     /home/mpiuser/cloud/fyp/java_client/lib/mpi.jar
7f844024c000-7f844024f000 r--s 0000e000 00:34 527707                     /home/mpiuser/cloud/fyp/java_client/lib/jackson-annotations-2.10.3.jar
7f844024f000-7f844026c000 r--s 00142000 00:34 527719                     /home/mpiuser/cloud/fyp/java_client/lib/spring-web-5.2.5.RELEASE.jar
7f844026c000-7f8440279000 r--s 00090000 00:34 527704                     /home/mpiuser/cloud/fyp/java_client/lib/amqp-client-5.8.0.jar
7f8440279000-7f844027a000 r--s 00003000 00:34 527715                     /home/mpiuser/cloud/fyp/java_client/lib/slf4j-simple-1.7.30.jar
7f844027a000-7f844028f000 r--s 00142000 00:34 527710                     /home/mpiuser/cloud/fyp/java_client/lib/jackson-databind-2.10.2.jar
7f844028f000-7f84402a4000 r--s 00142000 00:34 527711                     /home/mpiuser/cloud/fyp/java_client/lib/jackson-databind-2.10.3.jar
7f84402a4000-7f84402a5000 r--s 00005000 00:34 527718                     /home/mpiuser/cloud/fyp/java_client/lib/spring-jcl-5.2.5.RELEASE.jar
7f84402a5000-7f84402bc000 r-xp 00000000 fc:01 2079070                    /usr/lib/jvm/java-8-openjdk-amd64/jre/lib/amd64/libnet.so
7f84402bc000-7f84404bb000 ---p 00017000 fc:01 2079070                    /usr/lib/jvm/java-8-openjdk-amd64/jre/lib/amd64/libnet.so
7f84404bb000-7f84404bc000 r--p 00016000 fc:01 2079070                    /usr/lib/jvm/java-8-openjdk-amd64/jre/lib/amd64/libnet.so
7f84404bc000-7f84404bd000 rw-p 00017000 fc:01 2079070                    /usr/lib/jvm/java-8-openjdk-amd64/jre/lib/amd64/libnet.so
7f84404bd000-7f84404ce000 r-xp 00000000 fc:01 2079071                    /usr/lib/jvm/java-8-openjdk-amd64/jre/lib/amd64/libnio.so
7f84404ce000-7f84406ce000 ---p 00011000 fc:01 2079071                    /usr/lib/jvm/java-8-openjdk-amd64/jre/lib/amd64/libnio.so
7f84406ce000-7f84406cf000 r--p 00011000 fc:01 2079071                    /usr/lib/jvm/java-8-openjdk-amd64/jre/lib/amd64/libnio.so
7f84406cf000-7f84406d0000 rw-p 00012000 fc:01 2079071                    /usr/lib/jvm/java-8-openjdk-amd64/jre/lib/amd64/libnio.so
7f84406d0000-7f84406eb000 r--s 001d6000 fc:01 2079097                    /usr/lib/jvm/java-8-openjdk-amd64/jre/lib/ext/nashorn.jar
7f84406eb000-7f84406ef000 r--s 0003a000 fc:01 2079100                    /usr/lib/jvm/java-8-openjdk-amd64/jre/lib/ext/sunpkcs11.jar
7f84406ef000-7f84406f4000 r--s 0003d000 fc:01 2079099                    /usr/lib/jvm/java-8-openjdk-amd64/jre/lib/ext/sunjce_provider.jar
7f84406f4000-7f84406f5000 r--s 00010000 fc:01 2079101                    /usr/lib/jvm/java-8-openjdk-amd64/jre/lib/ext/zipfs.jar
7f84406f5000-7f84406f6000 r--s 0000a000 fc:01 2079095                    /usr/lib/jvm/java-8-openjdk-amd64/jre/lib/ext/jaccess.jar
7f84406f6000-7f84406f8000 r--s 00007000 fc:01 29704                      /usr/share/java/java-atk-wrapper.jar
7f84406f8000-7f8440713000 r--s 00394000 fc:01 2079092                    /usr/lib/jvm/java-8-openjdk-amd64/jre/lib/ext/cldrdata.jar
7f8440713000-7f8440714000 ---p 00000000 00:00 0 
7f8440714000-7f8440814000 rw-p 00000000 00:00 0 
7f8440814000-7f8440817000 ---p 00000000 00:00 0 
7f8440817000-7f8440915000 rw-p 00000000 00:00 0 
7f8440915000-7f8440916000 ---p 00000000 00:00 0 
7f8440916000-7f8440919000 ---p 00000000 00:00 0 
7f8440919000-7f8440a16000 rw-p 00000000 00:00 0 
7f8440a16000-7f8440a17000 ---p 00000000 00:00 0 
7f8440a17000-7f8440a1a000 ---p 00000000 00:00 0 
7f8440a1a000-7f8440b17000 rw-p 00000000 00:00 0 
7f8440b17000-7f8440b1a000 ---p 00000000 00:00 0 
7f8440b1a000-7f8440c18000 rw-p 00000000 00:00 0 
7f8440c18000-7f8440c49000 r--p 00000000 fc:01 7802                       /usr/lib/locale/C.UTF-8/LC_CTYPE
7f8440c49000-7f8440dbc000 r--p 00000000 fc:01 7801                       /usr/lib/locale/C.UTF-8/LC_COLLATE
7f8440dbc000-7f8440f57000 r--p 00000000 fc:01 7796                       /usr/lib/locale/locale-archive
7f8440f57000-7f8440f5a000 ---p 00000000 00:00 0 
7f8440f5a000-7f8441058000 rw-p 00000000 00:00 0 
7f8441058000-7f844105b000 ---p 00000000 00:00 0 
7f844105b000-7f8441159000 rw-p 00000000 00:00 0 
7f8441159000-7f844115a000 ---p 00000000 00:00 0 
7f844115a000-7f84412a8000 rw-p 00000000 00:00 0 
7f84412a8000-7f8441478000 r--s 03c68000 fc:01 2079121                    /usr/lib/jvm/java-8-openjdk-amd64/jre/lib/rt.jar
7f8441478000-7f84419f1000 rw-p 00000000 00:00 0 
7f84419f1000-7f8441d71000 ---p 00000000 00:00 0 
7f8441d71000-7f8441d7b000 rw-p 00000000 00:00 0 
7f8441d7b000-7f8442131000 ---p 00000000 00:00 0 
7f8442131000-7f8442139000 r-xp 00000000 fc:01 2079078                    /usr/lib/jvm/java-8-openjdk-amd64/jre/lib/amd64/libzip.so
7f8442139000-7f8442338000 ---p 00008000 fc:01 2079078                    /usr/lib/jvm/java-8-openjdk-amd64/jre/lib/amd64/libzip.so
7f8442338000-7f8442339000 r--p 00007000 fc:01 2079078                    /usr/lib/jvm/java-8-openjdk-amd64/jre/lib/amd64/libzip.so
7f8442339000-7f844233a000 rw-p 00008000 fc:01 2079078                    /usr/lib/jvm/java-8-openjdk-amd64/jre/lib/amd64/libzip.so
7f844233a000-7f8442345000 r-xp 00000000 fc:01 2093                       /lib/x86_64-linux-gnu/libnss_files-2.27.so
7f8442345000-7f8442544000 ---p 0000b000 fc:01 2093                       /lib/x86_64-linux-gnu/libnss_files-2.27.so
7f8442544000-7f8442545000 r--p 0000a000 fc:01 2093                       /lib/x86_64-linux-gnu/libnss_files-2.27.so
7f8442545000-7f8442546000 rw-p 0000b000 fc:01 2093                       /lib/x86_64-linux-gnu/libnss_files-2.27.so
7f8442546000-7f844254c000 rw-p 00000000 00:00 0 
7f844254c000-7f8442563000 r-xp 00000000 fc:01 2090                       /lib/x86_64-linux-gnu/libnsl-2.27.so
7f8442563000-7f8442762000 ---p 00017000 fc:01 2090                       /lib/x86_64-linux-gnu/libnsl-2.27.so
7f8442762000-7f8442763000 r--p 00016000 fc:01 2090                       /lib/x86_64-linux-gnu/libnsl-2.27.so
7f8442763000-7f8442764000 rw-p 00017000 fc:01 2090                       /lib/x86_64-linux-gnu/libnsl-2.27.so
7f8442764000-7f8442766000 rw-p 00000000 00:00 0 
7f8442766000-7f8442771000 r-xp 00000000 fc:01 2095                       /lib/x86_64-linux-gnu/libnss_nis-2.27.so
7f8442771000-7f8442970000 ---p 0000b000 fc:01 2095                       /lib/x86_64-linux-gnu/libnss_nis-2.27.so
7f8442970000-7f8442971000 r--p 0000a000 fc:01 2095                       /lib/x86_64-linux-gnu/libnss_nis-2.27.so
7f8442971000-7f8442972000 rw-p 0000b000 fc:01 2095                       /lib/x86_64-linux-gnu/libnss_nis-2.27.so
7f8442972000-7f844297a000 r-xp 00000000 fc:01 2091                       /lib/x86_64-linux-gnu/libnss_compat-2.27.so
7f844297a000-7f8442b7a000 ---p 00008000 fc:01 2091                       /lib/x86_64-linux-gnu/libnss_compat-2.27.so
7f8442b7a000-7f8442b7b000 r--p 00008000 fc:01 2091                       /lib/x86_64-linux-gnu/libnss_compat-2.27.so
7f8442b7b000-7f8442b7c000 rw-p 00009000 fc:01 2091                       /lib/x86_64-linux-gnu/libnss_compat-2.27.so
7f8442b7c000-7f8442ba6000 r-xp 00000000 fc:01 2079059                    /usr/lib/jvm/java-8-openjdk-amd64/jre/lib/amd64/libjava.so
7f8442ba6000-7f8442da5000 ---p 0002a000 fc:01 2079059                    /usr/lib/jvm/java-8-openjdk-amd64/jre/lib/amd64/libjava.so
7f8442da5000-7f8442da6000 r--p 00029000 fc:01 2079059                    /usr/lib/jvm/java-8-openjdk-amd64/jre/lib/amd64/libjava.so
7f8442da6000-7f8442da8000 rw-p 0002a000 fc:01 2079059                    /usr/lib/jvm/java-8-openjdk-amd64/jre/lib/amd64/libjava.so
7f8442da8000-7f8442db8000 r-xp 00000000 fc:01 2079077                    /usr/lib/jvm/java-8-openjdk-amd64/jre/lib/amd64/libverify.so
7f8442db8000-7f8442fb7000 ---p 00010000 fc:01 2079077                    /usr/lib/jvm/java-8-openjdk-amd64/jre/lib/amd64/libverify.so
7f8442fb7000-7f8442fb9000 r--p 0000f000 fc:01 2079077                    /usr/lib/jvm/java-8-openjdk-amd64/jre/lib/amd64/libverify.so
7f8442fb9000-7f8442fba000 rw-p 00011000 fc:01 2079077                    /usr/lib/jvm/java-8-openjdk-amd64/jre/lib/amd64/libverify.so
7f8442fba000-7f8442fc1000 r-xp 00000000 fc:01 2180                       /lib/x86_64-linux-gnu/librt-2.27.so
7f8442fc1000-7f84431c0000 ---p 00007000 fc:01 2180                       /lib/x86_64-linux-gnu/librt-2.27.so
7f84431c0000-7f84431c1000 r--p 00006000 fc:01 2180                       /lib/x86_64-linux-gnu/librt-2.27.so
7f84431c1000-7f84431c2000 rw-p 00007000 fc:01 2180                       /lib/x86_64-linux-gnu/librt-2.27.so
7f84431c2000-7f84431d9000 r-xp 00000000 fc:01 19131                      /lib/x86_64-linux-gnu/libgcc_s.so.1
7f84431d9000-7f84433d8000 ---p 00017000 fc:01 19131                      /lib/x86_64-linux-gnu/libgcc_s.so.1
7f84433d8000-7f84433d9000 r--p 00016000 fc:01 19131                      /lib/x86_64-linux-gnu/libgcc_s.so.1
7f84433d9000-7f84433da000 rw-p 00017000 fc:01 19131                      /lib/x86_64-linux-gnu/libgcc_s.so.1
7f84433da000-7f8443577000 r-xp 00000000 fc:01 2087                       /lib/x86_64-linux-gnu/libm-2.27.so
7f8443577000-7f8443776000 ---p 0019d000 fc:01 2087                       /lib/x86_64-linux-gnu/libm-2.27.so
7f8443776000-7f8443777000 r--p 0019c000 fc:01 2087                       /lib/x86_64-linux-gnu/libm-2.27.so
7f8443777000-7f8443778000 rw-p 0019d000 fc:01 2087                       /lib/x86_64-linux-gnu/libm-2.27.so
7f8443778000-7f84438f1000 r-xp 00000000 fc:01 7835                       /usr/lib/x86_64-linux-gnu/libstdc++.so.6.0.25
7f84438f1000-7f8443af1000 ---p 00179000 fc:01 7835                       /usr/lib/x86_64-linux-gnu/libstdc++.so.6.0.25
7f8443af1000-7f8443afb000 r--p 00179000 fc:01 7835                       /usr/lib/x86_64-linux-gnu/libstdc++.so.6.0.25
7f8443afb000-7f8443afd000 rw-p 00183000 fc:01 7835                       /usr/lib/x86_64-linux-gnu/libstdc++.so.6.0.25
7f8443afd000-7f8443b01000 rw-p 00000000 00:00 0 
7f8443b01000-7f84447a4000 r-xp 00000000 fc:01 2079081                    /usr/lib/jvm/java-8-openjdk-amd64/jre/lib/amd64/server/libjvm.so
7f84447a4000-7f84449a4000 ---p 00ca3000 fc:01 2079081                    /usr/lib/jvm/java-8-openjdk-amd64/jre/lib/amd64/server/libjvm.so
7f84449a4000-7f8444a38000 r--p 00ca3000 fc:01 2079081                    /usr/lib/jvm/java-8-openjdk-amd64/jre/lib/amd64/server/libjvm.so
7f8444a38000-7f8444a61000 rw-p 00d37000 fc:01 2079081                    /usr/lib/jvm/java-8-openjdk-amd64/jre/lib/amd64/server/libjvm.so
7f8444a61000-7f8444a91000 rw-p 00000000 00:00 0 
7f8444a91000-7f8444aab000 r-xp 00000000 fc:01 2178                       /lib/x86_64-linux-gnu/libpthread-2.27.so
7f8444aab000-7f8444caa000 ---p 0001a000 fc:01 2178                       /lib/x86_64-linux-gnu/libpthread-2.27.so
7f8444caa000-7f8444cab000 r--p 00019000 fc:01 2178                       /lib/x86_64-linux-gnu/libpthread-2.27.so
7f8444cab000-7f8444cac000 rw-p 0001a000 fc:01 2178                       /lib/x86_64-linux-gnu/libpthread-2.27.so
7f8444cac000-7f8444cb0000 rw-p 00000000 00:00 0 
7f8444cb0000-7f8444cb3000 r-xp 00000000 fc:01 2086                       /lib/x86_64-linux-gnu/libdl-2.27.so
7f8444cb3000-7f8444eb2000 ---p 00003000 fc:01 2086                       /lib/x86_64-linux-gnu/libdl-2.27.so
7f8444eb2000-7f8444eb3000 r--p 00002000 fc:01 2086                       /lib/x86_64-linux-gnu/libdl-2.27.so
7f8444eb3000-7f8444eb4000 rw-p 00003000 fc:01 2086                       /lib/x86_64-linux-gnu/libdl-2.27.so
7f8444eb4000-7f8444ed0000 r-xp 00000000 fc:01 2183                       /lib/x86_64-linux-gnu/libz.so.1.2.11
7f8444ed0000-7f84450cf000 ---p 0001c000 fc:01 2183                       /lib/x86_64-linux-gnu/libz.so.1.2.11
7f84450cf000-7f84450d0000 r--p 0001b000 fc:01 2183                       /lib/x86_64-linux-gnu/libz.so.1.2.11
7f84450d0000-7f84450d1000 rw-p 0001c000 fc:01 2183                       /lib/x86_64-linux-gnu/libz.so.1.2.11
7f84450d1000-7f84452b8000 r-xp 00000000 fc:01 2083                       /lib/x86_64-linux-gnu/libc-2.27.so
7f84452b8000-7f84454b8000 ---p 001e7000 fc:01 2083                       /lib/x86_64-linux-gnu/libc-2.27.so
7f84454b8000-7f84454bc000 r--p 001e7000 fc:01 2083                       /lib/x86_64-linux-gnu/libc-2.27.so
7f84454bc000-7f84454be000 rw-p 001eb000 fc:01 2083                       /lib/x86_64-linux-gnu/libc-2.27.so
7f84454be000-7f84454c2000 rw-p 00000000 00:00 0 
7f84454c2000-7f84454d0000 r-xp 00000000 fc:01 2079045                    /usr/lib/jvm/java-8-openjdk-amd64/jre/lib/amd64/jli/libjli.so
7f84454d0000-7f84456cf000 ---p 0000e000 fc:01 2079045                    /usr/lib/jvm/java-8-openjdk-amd64/jre/lib/amd64/jli/libjli.so
7f84456cf000-7f84456d0000 r--p 0000d000 fc:01 2079045                    /usr/lib/jvm/java-8-openjdk-amd64/jre/lib/amd64/jli/libjli.so
7f84456d0000-7f84456d1000 rw-p 0000e000 fc:01 2079045                    /usr/lib/jvm/java-8-openjdk-amd64/jre/lib/amd64/jli/libjli.so
7f84456d1000-7f84456f8000 r-xp 00000000 fc:01 2079                       /lib/x86_64-linux-gnu/ld-2.27.so
7f84456f8000-7f84456f9000 r--s 0000d000 fc:01 2079098                    /usr/lib/jvm/java-8-openjdk-amd64/jre/lib/ext/sunec.jar
7f84456f9000-7f84456fb000 r--s 00001000 fc:01 2079093                    /usr/lib/jvm/java-8-openjdk-amd64/jre/lib/ext/dnsns.jar
7f84456fb000-7f84456fe000 r--s 0000f000 fc:01 2079094                    /usr/lib/jvm/java-8-openjdk-amd64/jre/lib/ext/icedtea-sound.jar
7f84456fe000-7f8445708000 r--s 00116000 fc:01 2079096                    /usr/lib/jvm/java-8-openjdk-amd64/jre/lib/ext/localedata.jar
7f8445708000-7f8445709000 r--p 00000000 fc:01 7807                       /usr/lib/locale/C.UTF-8/LC_NUMERIC
7f8445709000-7f844570a000 r--p 00000000 fc:01 7810                       /usr/lib/locale/C.UTF-8/LC_TIME
7f844570a000-7f844570b000 r--p 00000000 fc:01 7805                       /usr/lib/locale/C.UTF-8/LC_MONETARY
7f844570b000-7f844570c000 r--p 00000000 fc:01 7799                       /usr/lib/locale/C.UTF-8/LC_MESSAGES/SYS_LC_MESSAGES
7f844570c000-7f844570d000 r--p 00000000 fc:01 7808                       /usr/lib/locale/C.UTF-8/LC_PAPER
7f844570d000-7f844570e000 r--p 00000000 fc:01 7806                       /usr/lib/locale/C.UTF-8/LC_NAME
7f844570e000-7f844570f000 r--p 00000000 fc:01 7800                       /usr/lib/locale/C.UTF-8/LC_ADDRESS
7f844570f000-7f8445710000 r--p 00000000 fc:01 7809                       /usr/lib/locale/C.UTF-8/LC_TELEPHONE
7f8445710000-7f8445711000 r--p 00000000 fc:01 7804                       /usr/lib/locale/C.UTF-8/LC_MEASUREMENT
7f8445711000-7f8445718000 r--s 00000000 fc:01 5010                       /usr/lib/x86_64-linux-gnu/gconv/gconv-modules.cache
7f8445718000-7f8445719000 r--p 00000000 fc:01 7803                       /usr/lib/locale/C.UTF-8/LC_IDENTIFICATION
7f8445719000-7f844571f000 rw-p 00000000 00:00 0 
7f844571f000-7f844576c000 ---p 00000000 00:00 0 
7f844576c000-7f844576f000 rw-p 00000000 00:00 0 
7f844576f000-7f8445795000 ---p 00000000 00:00 0 
7f8445795000-7f844579b000 rw-p 00000000 00:00 0 
7f844579b000-7f84457e8000 ---p 00000000 00:00 0 
7f84457e8000-7f84457e9000 rw-p 00000000 00:00 0 
7f84457e9000-7f84457ea000 ---p 00000000 00:00 0 
7f84457ea000-7f84457ed000 ---p 00000000 00:00 0 
7f84457ed000-7f84458ec000 rw-p 00000000 00:00 0 
7f84458ec000-7f84458f4000 rw-s 00000000 fc:01 526905                     /tmp/hsperfdata_mpiuser/15459
7f84458f4000-7f84458f5000 rw-p 00000000 00:00 0 
7f84458f5000-7f84458f6000 r--p 00000000 00:00 0 
7f84458f6000-7f84458f8000 rw-p 00000000 00:00 0 
7f84458f8000-7f84458f9000 r--p 00027000 fc:01 2079                       /lib/x86_64-linux-gnu/ld-2.27.so
7f84458f9000-7f84458fa000 rw-p 00028000 fc:01 2079                       /lib/x86_64-linux-gnu/ld-2.27.so
7f84458fa000-7f84458fb000 rw-p 00000000 00:00 0 
7ffe045c7000-7ffe045e8000 rw-p 00000000 00:00 0                          [stack]
7ffe045ef000-7ffe045f2000 r--p 00000000 00:00 0                          [vvar]
7ffe045f2000-7ffe045f4000 r-xp 00000000 00:00 0                          [vdso]
ffffffffff600000-ffffffffff601000 r-xp 00000000 00:00 0                  [vsyscall]

VM Arguments:
jvm_args: -Djava.library.path=/usr/local/lib 
java_command: Client 1000000 100 0
java_class_path (initial): /home/mpiuser/cloud/fyp/java_client:./lib/spring-jcl-5.2.5.RELEASE.jar:./lib/jackson-databind-2.10.3.jar:./lib/jackson-databind-2.10.2.jar:./lib/slf4j-simple-1.7.30.jar:./lib/amqp-client-5.8.0.jar:./lib/spring-web-5.2.5.RELEASE.jar:./lib/jackson-annotations-2.10.3.jar:./lib/mpi.jar:./lib/spring-beans-5.2.5.RELEASE.jar:./lib/jackson-annotations-2.10.2.jar:./lib/jackson-core-2.10.2.jar:./lib/jackson-core-2.10.3.jar:./lib/slf4j-api-1.7.29.jar:./lib/spring-core-5.2.5.RELEASE.jar:./lib/slf4j-api-1.7.30.jar:./lib/http-client-3.6.1.RELEASE.jar:/usr/local/lib/mpi.jar
Launcher Type: SUN_STANDARD

Environment Variables:
PATH=/usr/local/sbin:/usr/local/bin:/usr/sbin:/usr/bin:/sbin:/bin:/usr/games:/usr/local/games
SHELL=/bin/bash

Signal Handlers:
SIGSEGV: [libjvm.so+0xabc3b0], sa_mask[0]=11111111011111111101111111111110, sa_flags=SA_RESTART|SA_SIGINFO
SIGBUS: [libjvm.so+0xabc3b0], sa_mask[0]=11111111011111111101111111111110, sa_flags=SA_RESTART|SA_SIGINFO
SIGFPE: [libjvm.so+0x8f0bb0], sa_mask[0]=11111111011111111101111111111110, sa_flags=SA_RESTART|SA_SIGINFO
SIGPIPE: [libjvm.so+0x8f0bb0], sa_mask[0]=11111111011111111101111111111110, sa_flags=SA_RESTART|SA_SIGINFO
SIGXFSZ: [libjvm.so+0x8f0bb0], sa_mask[0]=11111111011111111101111111111110, sa_flags=SA_RESTART|SA_SIGINFO
SIGILL: [libjvm.so+0x8f0bb0], sa_mask[0]=11111111011111111101111111111110, sa_flags=SA_RESTART|SA_SIGINFO
SIGUSR1: SIG_DFL, sa_mask[0]=00000000000000000000000000000000, sa_flags=none
SIGUSR2: [libjvm.so+0x8f0a60], sa_mask[0]=00000000000000000000000000000000, sa_flags=SA_RESTART|SA_SIGINFO
SIGHUP: [libjvm.so+0x8f10d0], sa_mask[0]=11111111011111111101111111111110, sa_flags=SA_RESTART|SA_SIGINFO
SIGINT: [libjvm.so+0x8f10d0], sa_mask[0]=11111111011111111101111111111110, sa_flags=SA_RESTART|SA_SIGINFO
SIGTERM: [libjvm.so+0x8f10d0], sa_mask[0]=11111111011111111101111111111110, sa_flags=SA_RESTART|SA_SIGINFO
SIGQUIT: [libjvm.so+0x8f10d0], sa_mask[0]=11111111011111111101111111111110, sa_flags=SA_RESTART|SA_SIGINFO


---------------  S Y S T E M  ---------------

OS:DISTRIB_ID=Ubuntu
DISTRIB_RELEASE=18.04
DISTRIB_CODENAME=bionic
DISTRIB_DESCRIPTION="Ubuntu 18.04.3 LTS"

uname:Linux 4.15.0-66-generic #75-Ubuntu SMP Tue Oct 1 05:24:09 UTC 2019 x86_64
libc:glibc 2.27 NPTL 2.27 
rlimit: STACK 8192k, CORE 0k, NPROC 3841, NOFILE 1048576, AS infinity
load average:3.36 0.70 0.23

/proc/meminfo:
MemTotal:        1008808 kB
MemFree:           75656 kB
MemAvailable:     223536 kB
Buffers:          104668 kB
Cached:           137996 kB
SwapCached:            0 kB
Active:           635696 kB
Inactive:         122392 kB
Active(anon):     513724 kB
Inactive(anon):      200 kB
Active(file):     121972 kB
Inactive(file):   122192 kB
Unevictable:           0 kB
Mlocked:               0 kB
SwapTotal:             0 kB
SwapFree:              0 kB
Dirty:             11068 kB
Writeback:            68 kB
AnonPages:        515580 kB
Mapped:            75200 kB
Shmem:               660 kB
Slab:             114036 kB
SReclaimable:      62728 kB
SUnreclaim:        51308 kB
KernelStack:        9024 kB
PageTables:        19792 kB
NFS_Unstable:          0 kB
Bounce:                0 kB
WritebackTmp:          0 kB
CommitLimit:      504404 kB
Committed_AS:    3703212 kB
VmallocTotal:   34359738367 kB
VmallocUsed:           0 kB
VmallocChunk:          0 kB
HardwareCorrupted:     0 kB
AnonHugePages:         0 kB
ShmemHugePages:        0 kB
ShmemPmdMapped:        0 kB
CmaTotal:              0 kB
CmaFree:               0 kB
HugePages_Total:       0
HugePages_Free:        0
HugePages_Rsvd:        0
HugePages_Surp:        0
Hugepagesize:       2048 kB
DirectMap4k:      292844 kB
DirectMap2M:      755712 kB
DirectMap1G:           0 kB

container (cgroup) information:
container_type: cgroupv1
cpu_cpuset_cpus: 0-2
cpu_memory_nodes: 0
active_processor_count: 3
cpu_quota: -1
cpu_period: 100000
cpu_shares: -1
memory_limit_in_bytes: -1
memory_and_swap_limit_in_bytes: -2
memory_soft_limit_in_bytes: -1
memory_usage_in_bytes: 641282048
memory_max_usage_in_bytes: 863526912


CPU:total 3 (initial active 3) (1 cores per cpu, 1 threads per core) family 6 model 85 stepping 4, cmov, cx8, fxsr, mmx, sse, sse2, sse3, ssse3, sse4.1, sse4.2, popcnt, avx, avx2, aes, clmul, erms, 3dnowpref, lzcnt, tsc, bmi1, bmi2, adx

/proc/cpuinfo:
processor	: 0
vendor_id	: GenuineIntel
cpu family	: 6
model		: 85
model name	: Intel(R) Xeon(R) Gold 6140 CPU @ 2.30GHz
stepping	: 4
microcode	: 0x1
cpu MHz		: 2294.608
cache size	: 4096 KB
physical id	: 0
siblings	: 1
core id		: 0
cpu cores	: 1
apicid		: 0
initial apicid	: 0
fpu		: yes
fpu_exception	: yes
cpuid level	: 13
wp		: yes
flags		: fpu vme de pse tsc msr pae mce cx8 apic sep mtrr pge mca cmov pat pse36 clflush mmx fxsr sse sse2 ss syscall nx pdpe1gb rdtscp lm constant_tsc arch_perfmon rep_good nopl cpuid tsc_known_freq pni pclmulqdq vmx ssse3 fma cx16 pcid sse4_1 sse4_2 x2apic movbe popcnt tsc_deadline_timer aes xsave avx f16c rdrand hypervisor lahf_lm abm 3dnowprefetch cpuid_fault invpcid_single pti ssbd ibrs ibpb tpr_shadow vnmi flexpriority ept vpid fsgsbase tsc_adjust bmi1 avx2 smep bmi2 erms invpcid mpx avx512f avx512dq rdseed adx smap clflushopt clwb avx512cd avx512bw avx512vl xsaveopt xsavec xgetbv1 pku ospke md_clear
bugs		: cpu_meltdown spectre_v1 spectre_v2 spec_store_bypass l1tf mds swapgs
bogomips	: 4589.21
clflush size	: 64
cache_alignment	: 64
address sizes	: 40 bits physical, 48 bits virtual
power management:

processor	: 1
vendor_id	: GenuineIntel
cpu family	: 6
model		: 85
model name	: Intel(R) Xeon(R) Gold 6140 CPU @ 2.30GHz
stepping	: 4
microcode	: 0x1
cpu MHz		: 2294.608
cache size	: 4096 KB
physical id	: 1
siblings	: 1
core id		: 0
cpu cores	: 1
apicid		: 1
initial apicid	: 1
fpu		: yes
fpu_exception	: yes
cpuid level	: 13
wp		: yes
flags		: fpu vme de pse tsc msr pae mce cx8 apic sep mtrr pge mca cmov pat pse36 clflush mmx fxsr sse sse2 ss syscall nx pdpe1gb rdtscp lm constant_tsc arch_perfmon rep_good nopl cpuid tsc_known_freq pni pclmulqdq vmx ssse3 fma cx16 pcid sse4_1 sse4_2 x2apic movbe popcnt tsc_deadline_timer aes xsave avx f16c rdrand hypervisor lahf_lm abm 3dnowprefetch cpuid_fault invpcid_single pti ssbd ibrs ibpb tpr_shadow vnmi flexpriority ept vpid fsgsbase tsc_adjust bmi1 avx2 smep bmi2 erms invpcid mpx avx512f avx512dq rdseed adx smap clflushopt clwb avx512cd avx512bw avx512vl xsaveopt xsavec xgetbv1 pku ospke md_clear
bugs		: cpu_meltdown spectre_v1 spectre_v2 spec_store_bypass l1tf mds swapgs
bogomips	: 4589.21
clflush size	: 64
cache_alignment	: 64
address sizes	: 40 bits physical, 48 bits virtual
power management:

processor	: 2
vendor_id	: GenuineIntel
cpu family	: 6
model		: 85
model name	: Intel(R) Xeon(R) Gold 6140 CPU @ 2.30GHz
stepping	: 4
microcode	: 0x1
cpu MHz		: 2294.608
cache size	: 4096 KB
physical id	: 2
siblings	: 1
core id		: 0
cpu cores	: 1
apicid		: 2
initial apicid	: 2
fpu		: yes
fpu_exception	: yes
cpuid level	: 13
wp		: yes
flags		: fpu vme de pse tsc msr pae mce cx8 apic sep mtrr pge mca cmov pat pse36 clflush mmx fxsr sse sse2 ss syscall nx pdpe1gb rdtscp lm constant_tsc arch_perfmon rep_good nopl cpuid tsc_known_freq pni pclmulqdq vmx ssse3 fma cx16 pcid sse4_1 sse4_2 x2apic movbe popcnt tsc_deadline_timer aes xsave avx f16c rdrand hypervisor lahf_lm abm 3dnowprefetch cpuid_fault invpcid_single pti ssbd ibrs ibpb tpr_shadow vnmi flexpriority ept vpid fsgsbase tsc_adjust bmi1 avx2 smep bmi2 erms invpcid mpx avx512f avx512dq rdseed adx smap clflushopt clwb avx512cd avx512bw avx512vl xsaveopt xsavec xgetbv1 pku ospke md_clear
bugs		: cpu_meltdown spectre_v1 spectre_v2 spec_store_bypass l1tf mds swapgs
bogomips	: 4589.21
clflush size	: 64
cache_alignment	: 64
address sizes	: 40 bits physical, 48 bits virtual
power management:



Memory: 4k page, physical 1008808k(75656k free), swap 0k(0k free)

vm_info: OpenJDK 64-Bit Server VM (25.242-b08) for linux-amd64 JRE (1.8.0_242-8u242-b08-0ubuntu3~18.04-b08), built on Jan 17 2020 23:41:21 by "buildd" with gcc 7.4.0

time: Mon Apr  6 11:39:50 2020
timezone: UTC
elapsed time: 1 seconds (0d 0h 0m 1s)

