#
# There is insufficient memory for the Java Runtime Environment to continue.
# Native memory allocation (mmap) failed to map 12288 bytes for committing reserved memory.
# Possible reasons:
#   The system is out of physical RAM or swap space
#   The process is running with CompressedOops enabled, and the Java Heap may be blocking the growth of the native heap
# Possible solutions:
#   Reduce memory load on the system
#   Increase physical memory or swap space
#   Check if swap backing store is full
#   Decrease Java heap size (-Xmx/-Xms)
#   Decrease number of Java threads
#   Decrease Java thread stack sizes (-Xss)
#   Set larger code cache with -XX:ReservedCodeCacheSize=
#   JVM is running with Unscaled Compressed Oops mode in which the Java heap is
#     placed in the first 4GB address space. The Java Heap base address is the
#     maximum limit for the native heap growth. Please use -XX:HeapBaseMinAddress
#     to set the Java Heap base and to place the Java Heap above 4GB virtual address.
# This output file may be truncated or incomplete.
#
#  Out of Memory Error (os_linux.cpp:2757), pid=5364, tid=0x00007f59972f5700
#
# JRE version: OpenJDK Runtime Environment (8.0_242-b08) (build 1.8.0_242-8u242-b08-0ubuntu3~18.04-b08)
# Java VM: OpenJDK 64-Bit Server VM (25.242-b08 mixed mode linux-amd64 compressed oops)
# Failed to write core dump. Core dumps have been disabled. To enable core dumping, try "ulimit -c unlimited" before starting Java again
#

---------------  T H R E A D  ---------------

Current thread (0x00007f59a80bf800):  JavaThread "Service Thread" daemon [_thread_new, id=5867, stack(0x00007f59971f5000,0x00007f59972f6000)]

Stack: [0x00007f59971f5000,0x00007f59972f6000],  sp=0x00007f59972f4b00,  free space=1022k
Native frames: (J=compiled Java code, j=interpreted, Vv=VM code, C=native code)
V  [libjvm.so+0xabba52]
V  [libjvm.so+0x4de2e7]
V  [libjvm.so+0x8f55e6]
V  [libjvm.so+0x8ec91e]
V  [libjvm.so+0x8f6b57]
V  [libjvm.so+0xa59eb6]
V  [libjvm.so+0xa5a0f0]
V  [libjvm.so+0x8f2d82]
C  [libpthread.so.0+0x76db]  start_thread+0xdb


---------------  P R O C E S S  ---------------

Java Threads: ( => current thread )
=>0x00007f59a80bf800 JavaThread "Service Thread" daemon [_thread_new, id=5867, stack(0x00007f59971f5000,0x00007f59972f6000)]
  0x00007f59a80b4800 JavaThread "C1 CompilerThread1" daemon [_thread_blocked, id=5852, stack(0x00007f59972f7000,0x00007f59973f7000)]
  0x00007f59a80b2000 JavaThread "C2 CompilerThread0" daemon [_thread_blocked, id=5840, stack(0x00007f59973f8000,0x00007f59974f8000)]
  0x00007f59a80b0800 JavaThread "Signal Dispatcher" daemon [_thread_blocked, id=5817, stack(0x00007f59974f8000,0x00007f59975f9000)]
  0x00007f59a807e000 JavaThread "Finalizer" daemon [_thread_blocked, id=5710, stack(0x00007f5997938000,0x00007f5997a39000)]
  0x00007f59a8079800 JavaThread "Reference Handler" daemon [_thread_blocked, id=5696, stack(0x00007f5997a39000,0x00007f5997b3a000)]
  0x00007f59a800b800 JavaThread "main" [_thread_in_native, id=5427, stack(0x00007f59af1db000,0x00007f59af2db000)]

Other Threads:
  0x00007f59a806f800 VMThread [stack: 0x00007f5997b3b000,0x00007f5997c3b000] [id=5624]

VM state:not at safepoint (normal execution)

VM Mutex/Monitor currently owned by a thread: None

heap address: 0x00000000f0800000, size: 248 MB, Compressed Oops mode: 32-bit
Narrow klass base: 0x0000000000000000, Narrow klass shift: 3
Compressed class space size: 1073741824 Address: 0x0000000100000000

Heap:
 def new generation   total 4928K, used 353K [0x00000000f0800000, 0x00000000f0d50000, 0x00000000f5aa0000)
  eden space 4416K,   8% used [0x00000000f0800000, 0x00000000f0858620, 0x00000000f0c50000)
  from space 512K,   0% used [0x00000000f0c50000, 0x00000000f0c50000, 0x00000000f0cd0000)
  to   space 512K,   0% used [0x00000000f0cd0000, 0x00000000f0cd0000, 0x00000000f0d50000)
 tenured generation   total 10944K, used 0K [0x00000000f5aa0000, 0x00000000f6550000, 0x0000000100000000)
   the space 10944K,   0% used [0x00000000f5aa0000, 0x00000000f5aa0000, 0x00000000f5aa0200, 0x00000000f6550000)
 Metaspace       used 2170K, capacity 4480K, committed 4480K, reserved 1056768K
  class space    used 227K, capacity 384K, committed 384K, reserved 1048576K

Card table byte_map: [0x00007f59af15d000,0x00007f59af1da000] byte_map_base: 0x00007f59ae9d9000

Polling page: 0x00007f59af2e6000

CodeCache: size=245760Kb used=1062Kb max_used=1072Kb free=244698Kb
 bounds [0x00007f59989cb000, 0x00007f5998c3b000, 0x00007f59a79cb000]
 total_blobs=225 nmethods=2 adapters=139
 compilation: enabled

Compilation events (4 events):
Event: 6.926 Thread 0x00007f59a80b4800    1       3       java.lang.String::hashCode (55 bytes)
Event: 6.926 Thread 0x00007f59a80b4800 nmethod 1 0x00007f5998ac9350 code [0x00007f5998ac94c0, 0x00007f5998ac9750]
Event: 6.926 Thread 0x00007f59a80b4800    2       3       java.lang.Object::<init> (1 bytes)
Event: 6.926 Thread 0x00007f59a80b4800 nmethod 2 0x00007f5998ac9010 code [0x00007f5998ac9180, 0x00007f5998ac92d0]

GC Heap History (0 events):
No events

Deoptimization events (0 events):
No events

Classes redefined (0 events):
No events

Internal exceptions (2 events):
Event: 0.915 Thread 0x00007f59a800b800 Exception <a 'java/lang/NoSuchMethodError': Method sun.misc.Unsafe.defineClass(Ljava/lang/String;[BII)Ljava/lang/Class; name or signature does not match> (0x00000000f0807cc8) thrown at [/build/openjdk-8-58sEEn/openjdk-8-8u242-b08/src/hotspot/src/share/vm/
Event: 0.915 Thread 0x00007f59a800b800 Exception <a 'java/lang/NoSuchMethodError': Method sun.misc.Unsafe.prefetchRead(Ljava/lang/Object;J)V name or signature does not match> (0x00000000f0807fb0) thrown at [/build/openjdk-8-58sEEn/openjdk-8-8u242-b08/src/hotspot/src/share/vm/prims/jni.cpp, lin

Events (10 events):
Event: 6.924 loading class java/lang/invoke/MemberName$Factory done
Event: 6.924 loading class java/lang/invoke/MethodHandleStatics
Event: 6.924 loading class java/lang/invoke/MethodHandleStatics done
Event: 6.924 loading class java/lang/invoke/MethodHandleStatics$1
Event: 6.924 loading class java/lang/invoke/MethodHandleStatics$1 done
Event: 7.290 Thread 0x00007f59a80bf800 Thread added: 0x00007f59a80bf800
Event: 7.291 loading class sun/misc/PostVMInitHook
Event: 7.291 loading class sun/misc/PostVMInitHook done
Event: 7.300 loading class sun/launcher/LauncherHelper
Event: 7.301 loading class sun/launcher/LauncherHelper done


Dynamic libraries:
f0800000-f0d50000 rw-p 00000000 00:00 0 
f0d50000-f5aa0000 ---p 00000000 00:00 0 
f5aa0000-f6550000 rw-p 00000000 00:00 0 
f6550000-100000000 ---p 00000000 00:00 0 
100000000-100060000 rw-p 00000000 00:00 0 
100060000-140000000 ---p 00000000 00:00 0 
557240fcd000-557240fce000 r-xp 00000000 fc:01 1302575                    /usr/lib/jvm/java-8-openjdk-amd64/jre/bin/java
5572411cd000-5572411ce000 r--p 00000000 fc:01 1302575                    /usr/lib/jvm/java-8-openjdk-amd64/jre/bin/java
5572411ce000-5572411cf000 rw-p 00001000 fc:01 1302575                    /usr/lib/jvm/java-8-openjdk-amd64/jre/bin/java
5572420a1000-5572420c2000 rw-p 00000000 00:00 0                          [heap]
7f5978000000-7f5978021000 rw-p 00000000 00:00 0 
7f5978021000-7f597c000000 ---p 00000000 00:00 0 
7f597c000000-7f597c021000 rw-p 00000000 00:00 0 
7f597c021000-7f5980000000 ---p 00000000 00:00 0 
7f5980000000-7f5980021000 rw-p 00000000 00:00 0 
7f5980021000-7f5984000000 ---p 00000000 00:00 0 
7f5984000000-7f5984056000 rw-p 00000000 00:00 0 
7f5984056000-7f5988000000 ---p 00000000 00:00 0 
7f5988000000-7f5988021000 rw-p 00000000 00:00 0 
7f5988021000-7f598c000000 ---p 00000000 00:00 0 
7f598c000000-7f598c021000 rw-p 00000000 00:00 0 
7f598c021000-7f5990000000 ---p 00000000 00:00 0 
7f5990000000-7f5990021000 rw-p 00000000 00:00 0 
7f5990021000-7f5994000000 ---p 00000000 00:00 0 
7f59971f8000-7f59972f6000 rw-p 00000000 00:00 0 
7f59972f6000-7f59972f7000 ---p 00000000 00:00 0 
7f59972f7000-7f59972fa000 ---p 00000000 00:00 0 
7f59972fa000-7f59973f7000 rw-p 00000000 00:00 0 
7f59973f7000-7f59973f8000 ---p 00000000 00:00 0 
7f59973f8000-7f59973fb000 ---p 00000000 00:00 0 
7f59973fb000-7f59974f8000 rw-p 00000000 00:00 0 
7f59974f8000-7f59974fb000 ---p 00000000 00:00 0 
7f59974fb000-7f59975f9000 rw-p 00000000 00:00 0 
7f59975f9000-7f599762a000 r--p 00000000 fc:01 7802                       /usr/lib/locale/C.UTF-8/LC_CTYPE
7f599762a000-7f599779d000 r--p 00000000 fc:01 7801                       /usr/lib/locale/C.UTF-8/LC_COLLATE
7f599779d000-7f5997938000 r--p 00000000 fc:01 7796                       /usr/lib/locale/locale-archive
7f5997938000-7f599793b000 ---p 00000000 00:00 0 
7f599793b000-7f5997a39000 rw-p 00000000 00:00 0 
7f5997a39000-7f5997a3c000 ---p 00000000 00:00 0 
7f5997a3c000-7f5997b3a000 rw-p 00000000 00:00 0 
7f5997b3a000-7f5997b3b000 ---p 00000000 00:00 0 
7f5997b3b000-7f5997c3b000 rw-p 00000000 00:00 0 
7f5997c3b000-7f5997e0b000 r--s 03c68000 fc:01 1302635                    /usr/lib/jvm/java-8-openjdk-amd64/jre/lib/rt.jar
7f5997e0b000-7f599820b000 rw-p 00000000 00:00 0 
7f599820b000-7f599860b000 ---p 00000000 00:00 0 
7f599860b000-7f5998615000 rw-p 00000000 00:00 0 
7f5998615000-7f59989cb000 ---p 00000000 00:00 0 
7f59989cb000-7f5998c3b000 rwxp 00000000 00:00 0 
7f5998c3b000-7f59a79cb000 ---p 00000000 00:00 0 
7f59a79cb000-7f59a79d3000 r-xp 00000000 fc:01 1302619                    /usr/lib/jvm/java-8-openjdk-amd64/jre/lib/amd64/libzip.so
7f59a79d3000-7f59a7bd2000 ---p 00008000 fc:01 1302619                    /usr/lib/jvm/java-8-openjdk-amd64/jre/lib/amd64/libzip.so
7f59a7bd2000-7f59a7bd3000 r--p 00007000 fc:01 1302619                    /usr/lib/jvm/java-8-openjdk-amd64/jre/lib/amd64/libzip.so
7f59a7bd3000-7f59a7bd4000 rw-p 00008000 fc:01 1302619                    /usr/lib/jvm/java-8-openjdk-amd64/jre/lib/amd64/libzip.so
7f59a7bd4000-7f59a7bdf000 r-xp 00000000 fc:01 2093                       /lib/x86_64-linux-gnu/libnss_files-2.27.so
7f59a7bdf000-7f59a7dde000 ---p 0000b000 fc:01 2093                       /lib/x86_64-linux-gnu/libnss_files-2.27.so
7f59a7dde000-7f59a7ddf000 r--p 0000a000 fc:01 2093                       /lib/x86_64-linux-gnu/libnss_files-2.27.so
7f59a7ddf000-7f59a7de0000 rw-p 0000b000 fc:01 2093                       /lib/x86_64-linux-gnu/libnss_files-2.27.so
7f59a7de0000-7f59a7de6000 rw-p 00000000 00:00 0 
7f59a7de6000-7f59a7dfd000 r-xp 00000000 fc:01 2090                       /lib/x86_64-linux-gnu/libnsl-2.27.so
7f59a7dfd000-7f59a7ffc000 ---p 00017000 fc:01 2090                       /lib/x86_64-linux-gnu/libnsl-2.27.so
7f59a7ffc000-7f59a7ffd000 r--p 00016000 fc:01 2090                       /lib/x86_64-linux-gnu/libnsl-2.27.so
7f59a7ffd000-7f59a7ffe000 rw-p 00017000 fc:01 2090                       /lib/x86_64-linux-gnu/libnsl-2.27.so
7f59a7ffe000-7f59a8000000 rw-p 00000000 00:00 0 
7f59a8000000-7f59a80c9000 rw-p 00000000 00:00 0 
7f59a80c9000-7f59ac000000 ---p 00000000 00:00 0 
7f59ac010000-7f59ac157000 rw-p 00000000 00:00 0 
7f59ac157000-7f59ac162000 r-xp 00000000 fc:01 2095                       /lib/x86_64-linux-gnu/libnss_nis-2.27.so
7f59ac162000-7f59ac361000 ---p 0000b000 fc:01 2095                       /lib/x86_64-linux-gnu/libnss_nis-2.27.so
7f59ac361000-7f59ac362000 r--p 0000a000 fc:01 2095                       /lib/x86_64-linux-gnu/libnss_nis-2.27.so
7f59ac362000-7f59ac363000 rw-p 0000b000 fc:01 2095                       /lib/x86_64-linux-gnu/libnss_nis-2.27.so
7f59ac363000-7f59ac36b000 r-xp 00000000 fc:01 2091                       /lib/x86_64-linux-gnu/libnss_compat-2.27.so
7f59ac36b000-7f59ac56b000 ---p 00008000 fc:01 2091                       /lib/x86_64-linux-gnu/libnss_compat-2.27.so
7f59ac56b000-7f59ac56c000 r--p 00008000 fc:01 2091                       /lib/x86_64-linux-gnu/libnss_compat-2.27.so
7f59ac56c000-7f59ac56d000 rw-p 00009000 fc:01 2091                       /lib/x86_64-linux-gnu/libnss_compat-2.27.so
7f59ac56d000-7f59ac597000 r-xp 00000000 fc:01 1302600                    /usr/lib/jvm/java-8-openjdk-amd64/jre/lib/amd64/libjava.so
7f59ac597000-7f59ac796000 ---p 0002a000 fc:01 1302600                    /usr/lib/jvm/java-8-openjdk-amd64/jre/lib/amd64/libjava.so
7f59ac796000-7f59ac797000 r--p 00029000 fc:01 1302600                    /usr/lib/jvm/java-8-openjdk-amd64/jre/lib/amd64/libjava.so
7f59ac797000-7f59ac799000 rw-p 0002a000 fc:01 1302600                    /usr/lib/jvm/java-8-openjdk-amd64/jre/lib/amd64/libjava.so
7f59ac799000-7f59ac7a9000 r-xp 00000000 fc:01 1302618                    /usr/lib/jvm/java-8-openjdk-amd64/jre/lib/amd64/libverify.so
7f59ac7a9000-7f59ac9a8000 ---p 00010000 fc:01 1302618                    /usr/lib/jvm/java-8-openjdk-amd64/jre/lib/amd64/libverify.so
7f59ac9a8000-7f59ac9aa000 r--p 0000f000 fc:01 1302618                    /usr/lib/jvm/java-8-openjdk-amd64/jre/lib/amd64/libverify.so
7f59ac9aa000-7f59ac9ab000 rw-p 00011000 fc:01 1302618                    /usr/lib/jvm/java-8-openjdk-amd64/jre/lib/amd64/libverify.so
7f59ac9ab000-7f59ac9b2000 r-xp 00000000 fc:01 2180                       /lib/x86_64-linux-gnu/librt-2.27.so
7f59ac9b2000-7f59acbb1000 ---p 00007000 fc:01 2180                       /lib/x86_64-linux-gnu/librt-2.27.so
7f59acbb1000-7f59acbb2000 r--p 00006000 fc:01 2180                       /lib/x86_64-linux-gnu/librt-2.27.so
7f59acbb2000-7f59acbb3000 rw-p 00007000 fc:01 2180                       /lib/x86_64-linux-gnu/librt-2.27.so
7f59acbb3000-7f59acbca000 r-xp 00000000 fc:01 29154                      /lib/x86_64-linux-gnu/libgcc_s.so.1
7f59acbca000-7f59acdc9000 ---p 00017000 fc:01 29154                      /lib/x86_64-linux-gnu/libgcc_s.so.1
7f59acdc9000-7f59acdca000 r--p 00016000 fc:01 29154                      /lib/x86_64-linux-gnu/libgcc_s.so.1
7f59acdca000-7f59acdcb000 rw-p 00017000 fc:01 29154                      /lib/x86_64-linux-gnu/libgcc_s.so.1
7f59acdcb000-7f59acf68000 r-xp 00000000 fc:01 2087                       /lib/x86_64-linux-gnu/libm-2.27.so
7f59acf68000-7f59ad167000 ---p 0019d000 fc:01 2087                       /lib/x86_64-linux-gnu/libm-2.27.so
7f59ad167000-7f59ad168000 r--p 0019c000 fc:01 2087                       /lib/x86_64-linux-gnu/libm-2.27.so
7f59ad168000-7f59ad169000 rw-p 0019d000 fc:01 2087                       /lib/x86_64-linux-gnu/libm-2.27.so
7f59ad169000-7f59ad2e2000 r-xp 00000000 fc:01 4344                       /usr/lib/x86_64-linux-gnu/libstdc++.so.6.0.25
7f59ad2e2000-7f59ad4e2000 ---p 00179000 fc:01 4344                       /usr/lib/x86_64-linux-gnu/libstdc++.so.6.0.25
7f59ad4e2000-7f59ad4ec000 r--p 00179000 fc:01 4344                       /usr/lib/x86_64-linux-gnu/libstdc++.so.6.0.25
7f59ad4ec000-7f59ad4ee000 rw-p 00183000 fc:01 4344                       /usr/lib/x86_64-linux-gnu/libstdc++.so.6.0.25
7f59ad4ee000-7f59ad4f2000 rw-p 00000000 00:00 0 
7f59ad4f2000-7f59ae195000 r-xp 00000000 fc:01 1302622                    /usr/lib/jvm/java-8-openjdk-amd64/jre/lib/amd64/server/libjvm.so
7f59ae195000-7f59ae395000 ---p 00ca3000 fc:01 1302622                    /usr/lib/jvm/java-8-openjdk-amd64/jre/lib/amd64/server/libjvm.so
7f59ae395000-7f59ae429000 r--p 00ca3000 fc:01 1302622                    /usr/lib/jvm/java-8-openjdk-amd64/jre/lib/amd64/server/libjvm.so
7f59ae429000-7f59ae452000 rw-p 00d37000 fc:01 1302622                    /usr/lib/jvm/java-8-openjdk-amd64/jre/lib/amd64/server/libjvm.so
7f59ae452000-7f59ae482000 rw-p 00000000 00:00 0 
7f59ae482000-7f59ae49c000 r-xp 00000000 fc:01 2178                       /lib/x86_64-linux-gnu/libpthread-2.27.so
7f59ae49c000-7f59ae69b000 ---p 0001a000 fc:01 2178                       /lib/x86_64-linux-gnu/libpthread-2.27.so
7f59ae69b000-7f59ae69c000 r--p 00019000 fc:01 2178                       /lib/x86_64-linux-gnu/libpthread-2.27.so
7f59ae69c000-7f59ae69d000 rw-p 0001a000 fc:01 2178                       /lib/x86_64-linux-gnu/libpthread-2.27.so
7f59ae69d000-7f59ae6a1000 rw-p 00000000 00:00 0 
7f59ae6a1000-7f59ae6a4000 r-xp 00000000 fc:01 2086                       /lib/x86_64-linux-gnu/libdl-2.27.so
7f59ae6a4000-7f59ae8a3000 ---p 00003000 fc:01 2086                       /lib/x86_64-linux-gnu/libdl-2.27.so
7f59ae8a3000-7f59ae8a4000 r--p 00002000 fc:01 2086                       /lib/x86_64-linux-gnu/libdl-2.27.so
7f59ae8a4000-7f59ae8a5000 rw-p 00003000 fc:01 2086                       /lib/x86_64-linux-gnu/libdl-2.27.so
7f59ae8a5000-7f59ae8c1000 r-xp 00000000 fc:01 2183                       /lib/x86_64-linux-gnu/libz.so.1.2.11
7f59ae8c1000-7f59aeac0000 ---p 0001c000 fc:01 2183                       /lib/x86_64-linux-gnu/libz.so.1.2.11
7f59aeac0000-7f59aeac1000 r--p 0001b000 fc:01 2183                       /lib/x86_64-linux-gnu/libz.so.1.2.11
7f59aeac1000-7f59aeac2000 rw-p 0001c000 fc:01 2183                       /lib/x86_64-linux-gnu/libz.so.1.2.11
7f59aeac2000-7f59aeca9000 r-xp 00000000 fc:01 2083                       /lib/x86_64-linux-gnu/libc-2.27.so
7f59aeca9000-7f59aeea9000 ---p 001e7000 fc:01 2083                       /lib/x86_64-linux-gnu/libc-2.27.so
7f59aeea9000-7f59aeead000 r--p 001e7000 fc:01 2083                       /lib/x86_64-linux-gnu/libc-2.27.so
7f59aeead000-7f59aeeaf000 rw-p 001eb000 fc:01 2083                       /lib/x86_64-linux-gnu/libc-2.27.so
7f59aeeaf000-7f59aeeb3000 rw-p 00000000 00:00 0 
7f59aeeb3000-7f59aeec1000 r-xp 00000000 fc:01 1555499                    /usr/lib/jvm/java-8-openjdk-amd64/jre/lib/amd64/jli/libjli.so
7f59aeec1000-7f59af0c0000 ---p 0000e000 fc:01 1555499                    /usr/lib/jvm/java-8-openjdk-amd64/jre/lib/amd64/jli/libjli.so
7f59af0c0000-7f59af0c1000 r--p 0000d000 fc:01 1555499                    /usr/lib/jvm/java-8-openjdk-amd64/jre/lib/amd64/jli/libjli.so
7f59af0c1000-7f59af0c2000 rw-p 0000e000 fc:01 1555499                    /usr/lib/jvm/java-8-openjdk-amd64/jre/lib/amd64/jli/libjli.so
7f59af0c2000-7f59af0e9000 r-xp 00000000 fc:01 2079                       /lib/x86_64-linux-gnu/ld-2.27.so
7f59af0f9000-7f59af0fa000 r--p 00000000 fc:01 7807                       /usr/lib/locale/C.UTF-8/LC_NUMERIC
7f59af0fa000-7f59af0fb000 r--p 00000000 fc:01 7810                       /usr/lib/locale/C.UTF-8/LC_TIME
7f59af0fb000-7f59af0fc000 r--p 00000000 fc:01 7805                       /usr/lib/locale/C.UTF-8/LC_MONETARY
7f59af0fc000-7f59af0fd000 r--p 00000000 fc:01 7799                       /usr/lib/locale/C.UTF-8/LC_MESSAGES/SYS_LC_MESSAGES
7f59af0fd000-7f59af0fe000 r--p 00000000 fc:01 7808                       /usr/lib/locale/C.UTF-8/LC_PAPER
7f59af0fe000-7f59af0ff000 r--p 00000000 fc:01 7806                       /usr/lib/locale/C.UTF-8/LC_NAME
7f59af0ff000-7f59af100000 r--p 00000000 fc:01 7800                       /usr/lib/locale/C.UTF-8/LC_ADDRESS
7f59af100000-7f59af101000 r--p 00000000 fc:01 7809                       /usr/lib/locale/C.UTF-8/LC_TELEPHONE
7f59af101000-7f59af102000 r--p 00000000 fc:01 7804                       /usr/lib/locale/C.UTF-8/LC_MEASUREMENT
7f59af102000-7f59af109000 r--s 00000000 fc:01 5010                       /usr/lib/x86_64-linux-gnu/gconv/gconv-modules.cache
7f59af109000-7f59af10a000 r--p 00000000 fc:01 7803                       /usr/lib/locale/C.UTF-8/LC_IDENTIFICATION
7f59af10a000-7f59af110000 rw-p 00000000 00:00 0 
7f59af110000-7f59af15d000 ---p 00000000 00:00 0 
7f59af15d000-7f59af160000 rw-p 00000000 00:00 0 
7f59af160000-7f59af186000 ---p 00000000 00:00 0 
7f59af186000-7f59af18c000 rw-p 00000000 00:00 0 
7f59af18c000-7f59af1d9000 ---p 00000000 00:00 0 
7f59af1d9000-7f59af1da000 rw-p 00000000 00:00 0 
7f59af1da000-7f59af1db000 ---p 00000000 00:00 0 
7f59af1db000-7f59af1de000 ---p 00000000 00:00 0 
7f59af1de000-7f59af2dd000 rw-p 00000000 00:00 0 
7f59af2dd000-7f59af2e5000 rw-s 00000000 fc:01 1039888                    /tmp/hsperfdata_mpiuser/5364
7f59af2e5000-7f59af2e6000 rw-p 00000000 00:00 0 
7f59af2e6000-7f59af2e7000 r--p 00000000 00:00 0 
7f59af2e7000-7f59af2e9000 rw-p 00000000 00:00 0 
7f59af2e9000-7f59af2ea000 r--p 00027000 fc:01 2079                       /lib/x86_64-linux-gnu/ld-2.27.so
7f59af2ea000-7f59af2eb000 rw-p 00028000 fc:01 2079                       /lib/x86_64-linux-gnu/ld-2.27.so
7f59af2eb000-7f59af2ec000 rw-p 00000000 00:00 0 
7ffeccae1000-7ffeccb02000 rw-p 00000000 00:00 0                          [stack]
7ffeccb29000-7ffeccb2c000 r--p 00000000 00:00 0                          [vvar]
7ffeccb2c000-7ffeccb2e000 r-xp 00000000 00:00 0                          [vdso]
ffffffffff600000-ffffffffff601000 r-xp 00000000 00:00 0                  [vsyscall]

VM Arguments:
jvm_args: -Djava.library.path=/usr/local/lib 
java_command: Client 1000000 100 0
java_class_path (initial): /home/mpiuser/cloud/fyp/java_client:./lib/spring-jcl-5.2.5.RELEASE.jar:./lib/jackson-databind-2.10.3.jar:./lib/jackson-databind-2.10.2.jar:./lib/slf4j-simple-1.7.30.jar:./lib/amqp-client-5.8.0.jar:./lib/spring-web-5.2.5.RELEASE.jar:./lib/jackson-annotations-2.10.3.jar:./lib/mpi.jar:./lib/spring-beans-5.2.5.RELEASE.jar:./lib/jackson-annotations-2.10.2.jar:./lib/jackson-core-2.10.2.jar:./lib/jackson-core-2.10.3.jar:./lib/slf4j-api-1.7.29.jar:./lib/spring-core-5.2.5.RELEASE.jar:./lib/slf4j-api-1.7.30.jar:./lib/http-client-3.6.1.RELEASE.jar:/usr/local/lib/mpi.jar
Launcher Type: SUN_STANDARD

Environment Variables:
PATH=/usr/local/sbin:/usr/local/bin:/usr/sbin:/usr/bin:/sbin:/bin:/usr/games:/usr/local/games:/snap/bin
SHELL=/bin/bash

Signal Handlers:
SIGSEGV: [libjvm.so+0xabc3b0], sa_mask[0]=11111111011111111101111111111110, sa_flags=SA_RESTART|SA_SIGINFO
SIGBUS: [libjvm.so+0xabc3b0], sa_mask[0]=11111111011111111101111111111110, sa_flags=SA_RESTART|SA_SIGINFO
SIGFPE: [libjvm.so+0x8f0bb0], sa_mask[0]=11111111011111111101111111111110, sa_flags=SA_RESTART|SA_SIGINFO
SIGPIPE: [libjvm.so+0x8f0bb0], sa_mask[0]=11111111011111111101111111111110, sa_flags=SA_RESTART|SA_SIGINFO
SIGXFSZ: [libjvm.so+0x8f0bb0], sa_mask[0]=11111111011111111101111111111110, sa_flags=SA_RESTART|SA_SIGINFO
SIGILL: [libjvm.so+0x8f0bb0], sa_mask[0]=11111111011111111101111111111110, sa_flags=SA_RESTART|SA_SIGINFO
SIGUSR1: SIG_DFL, sa_mask[0]=00000000000000000000000000000000, sa_flags=none
SIGUSR2: [libjvm.so+0x8f0a60], sa_mask[0]=00000000000000000000000000000000, sa_flags=SA_RESTART|SA_SIGINFO
SIGHUP: [libjvm.so+0x8f10d0], sa_mask[0]=11111111011111111101111111111110, sa_flags=SA_RESTART|SA_SIGINFO
SIGINT: [libjvm.so+0x8f10d0], sa_mask[0]=11111111011111111101111111111110, sa_flags=SA_RESTART|SA_SIGINFO
SIGTERM: [libjvm.so+0x8f10d0], sa_mask[0]=11111111011111111101111111111110, sa_flags=SA_RESTART|SA_SIGINFO
SIGQUIT: [libjvm.so+0x8f10d0], sa_mask[0]=11111111011111111101111111111110, sa_flags=SA_RESTART|SA_SIGINFO


---------------  S Y S T E M  ---------------

OS:DISTRIB_ID=Ubuntu
DISTRIB_RELEASE=18.04
DISTRIB_CODENAME=bionic
DISTRIB_DESCRIPTION="Ubuntu 18.04.3 LTS"

uname:Linux 4.15.0-91-generic #92-Ubuntu SMP Fri Feb 28 11:09:48 UTC 2020 x86_64
libc:glibc 2.27 NPTL 2.27 
rlimit: STACK 8192k, CORE 0k, NPROC 3837, NOFILE 1048576, AS infinity
load average:22.55 4.80 1.56

/proc/meminfo:
MemTotal:        1008492 kB
MemFree:           62712 kB
MemAvailable:       9572 kB
Buffers:             872 kB
Cached:            16028 kB
SwapCached:            0 kB
Active:           803804 kB
Inactive:           4768 kB
Active(anon):     792280 kB
Inactive(anon):      252 kB
Active(file):      11524 kB
Inactive(file):     4516 kB
Unevictable:           0 kB
Mlocked:               0 kB
SwapTotal:             0 kB
SwapFree:              0 kB
Dirty:               108 kB
Writeback:             0 kB
AnonPages:        791868 kB
Mapped:            13652 kB
Shmem:               648 kB
Slab:              68172 kB
SReclaimable:      20356 kB
SUnreclaim:        47816 kB
KernelStack:       12880 kB
PageTables:        24168 kB
NFS_Unstable:          0 kB
Bounce:                0 kB
WritebackTmp:          0 kB
CommitLimit:      504244 kB
Committed_AS:    4435796 kB
VmallocTotal:   34359738367 kB
VmallocUsed:           0 kB
VmallocChunk:          0 kB
HardwareCorrupted:     0 kB
AnonHugePages:         0 kB
ShmemHugePages:        0 kB
ShmemPmdMapped:        0 kB
CmaTotal:              0 kB
CmaFree:               0 kB
HugePages_Total:       0
HugePages_Free:        0
HugePages_Rsvd:        0
HugePages_Surp:        0
Hugepagesize:       2048 kB
DirectMap4k:       83948 kB
DirectMap2M:      964608 kB
DirectMap1G:           0 kB

container (cgroup) information:
container_type: cgroupv1
cpu_cpuset_cpus: 0-2
cpu_memory_nodes: 0
active_processor_count: 3
cpu_quota: -1
cpu_period: 100000
cpu_shares: -1
memory_limit_in_bytes: -1
memory_and_swap_limit_in_bytes: -2
memory_soft_limit_in_bytes: -1
memory_usage_in_bytes: 760537088
memory_max_usage_in_bytes: 817807360


CPU:total 3 (initial active 3) (1 cores per cpu, 1 threads per core) family 6 model 85 stepping 4, cmov, cx8, fxsr, mmx, sse, sse2, sse3, ssse3, sse4.1, sse4.2, popcnt, avx, avx2, aes, clmul, erms, 3dnowpref, lzcnt, tsc, bmi1, bmi2, adx

/proc/cpuinfo:
processor	: 0
vendor_id	: GenuineIntel
cpu family	: 6
model		: 85
model name	: Intel(R) Xeon(R) Gold 6140 CPU @ 2.30GHz
stepping	: 4
microcode	: 0x1
cpu MHz		: 2294.608
cache size	: 4096 KB
physical id	: 0
siblings	: 1
core id		: 0
cpu cores	: 1
apicid		: 0
initial apicid	: 0
fpu		: yes
fpu_exception	: yes
cpuid level	: 13
wp		: yes
flags		: fpu vme de pse tsc msr pae mce cx8 apic sep mtrr pge mca cmov pat pse36 clflush mmx fxsr sse sse2 ss syscall nx pdpe1gb rdtscp lm constant_tsc arch_perfmon rep_good nopl cpuid tsc_known_freq pni pclmulqdq vmx ssse3 fma cx16 pcid sse4_1 sse4_2 x2apic movbe popcnt tsc_deadline_timer aes xsave avx f16c rdrand hypervisor lahf_lm abm 3dnowprefetch cpuid_fault invpcid_single pti ssbd ibrs ibpb tpr_shadow vnmi flexpriority ept vpid fsgsbase tsc_adjust bmi1 avx2 smep bmi2 erms invpcid mpx avx512f avx512dq rdseed adx smap clflushopt clwb avx512cd avx512bw avx512vl xsaveopt xsavec xgetbv1 pku ospke md_clear
bugs		: cpu_meltdown spectre_v1 spectre_v2 spec_store_bypass l1tf mds swapgs itlb_multihit
bogomips	: 4589.21
clflush size	: 64
cache_alignment	: 64
address sizes	: 40 bits physical, 48 bits virtual
power management:

processor	: 1
vendor_id	: GenuineIntel
cpu family	: 6
model		: 85
model name	: Intel(R) Xeon(R) Gold 6140 CPU @ 2.30GHz
stepping	: 4
microcode	: 0x1
cpu MHz		: 2294.608
cache size	: 4096 KB
physical id	: 1
siblings	: 1
core id		: 0
cpu cores	: 1
apicid		: 1
initial apicid	: 1
fpu		: yes
fpu_exception	: yes
cpuid level	: 13
wp		: yes
flags		: fpu vme de pse tsc msr pae mce cx8 apic sep mtrr pge mca cmov pat pse36 clflush mmx fxsr sse sse2 ss syscall nx pdpe1gb rdtscp lm constant_tsc arch_perfmon rep_good nopl cpuid tsc_known_freq pni pclmulqdq vmx ssse3 fma cx16 pcid sse4_1 sse4_2 x2apic movbe popcnt tsc_deadline_timer aes xsave avx f16c rdrand hypervisor lahf_lm abm 3dnowprefetch cpuid_fault invpcid_single pti ssbd ibrs ibpb tpr_shadow vnmi flexpriority ept vpid fsgsbase tsc_adjust bmi1 avx2 smep bmi2 erms invpcid mpx avx512f avx512dq rdseed adx smap clflushopt clwb avx512cd avx512bw avx512vl xsaveopt xsavec xgetbv1 pku ospke md_clear
bugs		: cpu_meltdown spectre_v1 spectre_v2 spec_store_bypass l1tf mds swapgs itlb_multihit
bogomips	: 4589.21
clflush size	: 64
cache_alignment	: 64
address sizes	: 40 bits physical, 48 bits virtual
power management:

processor	: 2
vendor_id	: GenuineIntel
cpu family	: 6
model		: 85
model name	: Intel(R) Xeon(R) Gold 6140 CPU @ 2.30GHz
stepping	: 4
microcode	: 0x1
cpu MHz		: 2294.608
cache size	: 4096 KB
physical id	: 2
siblings	: 1
core id		: 0
cpu cores	: 1
apicid		: 2
initial apicid	: 2
fpu		: yes
fpu_exception	: yes
cpuid level	: 13
wp		: yes
flags		: fpu vme de pse tsc msr pae mce cx8 apic sep mtrr pge mca cmov pat pse36 clflush mmx fxsr sse sse2 ss syscall nx pdpe1gb rdtscp lm constant_tsc arch_perfmon rep_good nopl cpuid tsc_known_freq pni pclmulqdq vmx ssse3 fma cx16 pcid sse4_1 sse4_2 x2apic movbe popcnt tsc_deadline_timer aes xsave avx f16c rdrand hypervisor lahf_lm abm 3dnowprefetch cpuid_fault invpcid_single pti ssbd ibrs ibpb tpr_shadow vnmi flexpriority ept vpid fsgsbase tsc_adjust bmi1 avx2 smep bmi2 erms invpcid mpx avx512f avx512dq rdseed adx smap clflushopt clwb avx512cd avx512bw avx512vl xsaveopt xsavec xgetbv1 pku ospke md_clear
bugs		: cpu_meltdown spectre_v1 spectre_v2 spec_store_bypass l1tf mds swapgs itlb_multihit
bogomips	: 4589.21
clflush size	: 64
cache_alignment	: 64
address sizes	: 40 bits physical, 48 bits virtual
power management:



Memory: 4k page, physical 1008492k(62712k free), swap 0k(0k free)

vm_info: OpenJDK 64-Bit Server VM (25.242-b08) for linux-amd64 JRE (1.8.0_242-8u242-b08-0ubuntu3~18.04-b08), built on Jan 17 2020 23:41:21 by "buildd" with gcc 7.4.0

time: Mon Apr  6 11:39:58 2020
timezone: UTC
elapsed time: 8 seconds (0d 0h 0m 8s)

