#
# A fatal error has been detected by the Java Runtime Environment:
#
#  SIGSEGV (0xb) at pc=0x00007f82982e412a, pid=15458, tid=0x00007f82d7846700
#
# JRE version: OpenJDK Runtime Environment (8.0_242-b08) (build 1.8.0_242-8u242-b08-0ubuntu3~18.04-b08)
# Java VM: OpenJDK 64-Bit Server VM (25.242-b08 mixed mode linux-amd64 compressed oops)
# Problematic frame:
# C  [mca_gds_ds21.so+0x212a]  pmix_gds_ds21_lock_init+0x12a
#
# Failed to write core dump. Core dumps have been disabled. To enable core dumping, try "ulimit -c unlimited" before starting Java again
#
# If you would like to submit a bug report, please visit:
#   http://bugreport.java.com/bugreport/crash.jsp
# The crash happened outside the Java Virtual Machine in native code.
# See problematic frame for where to report the bug.
#

---------------  T H R E A D  ---------------

Current thread (0x00007f82d000b800):  JavaThread "main" [_thread_in_native, id=15465, stack(0x00007f82d7747000,0x00007f82d7847000)]

siginfo: si_signo: 11 (SIGSEGV), si_code: 1 (SEGV_MAPERR), si_addr: 0x00007f82c0002008

Registers:
RAX=0x00007f82d02655c0, RBX=0x00007f82d02654e0, RCX=0x00007f829870485e, RDX=0x00007ffdec3efcee
RSP=0x00007f82d7844700, RBP=0x00007f82d0265538, RSI=0x0000000000085000, RDI=0x0000000000000000
R8 =0x000000000000001e, R9 =0x0000000000000000, R10=0x0000000000000001, R11=0x0000000000000000
R12=0x00007f82d0265138, R13=0x0000000000001000, R14=0x00007f82c0002000, R15=0x00007f82d0265530
RIP=0x00007f82982e412a, EFLAGS=0x0000000000010206, CSGSFS=0x002b000000000033, ERR=0x0000000000000004
  TRAPNO=0x000000000000000e

Top of Stack: (sp=0x00007f82d7844700)
0x00007f82d7844700:   00007f82d0265490 00007ffdec3efcee
0x00007f82d7844710:   0000000000085000 000003e800000002
0x00007f82d7844720:   0000000000000000 00007f82d70c52ed
0x00007f82d7844730:   00007f82d0265180 d8b9408b88a38b00
0x00007f82d7844740:   0000000000000000 00007f82d0264e60
0x00007f82d7844750:   0000000000000000 00007ffdec3efcee
0x00007f82d7844760:   0000000000000000 00007f82d02650d0
0x00007f82d7844770:   0000000000000000 00007f8298700bcb
0x00007f82d7844780:   00007f82982e4cee 00007f82d7844810
0x00007f82d7844790:   00007f8299881513 0000001500000040
0x00007f82d78447a0:   00007f82d02607b0 d8b9408b88a38b00
0x00007f82d78447b0:   00007f82986f6280 00007f82d02602c0
0x00007f82d78447c0:   00007f82984e62d4 00007f8299aa70a0
0x00007f82d78447d0:   00007f82984e6180 00007f8299aaafc0
0x00007f82d78447e0:   00007f82d0264e10 00007f82982e3db4
0x00007f82d78447f0:   00007f8299aa7060 00007f8299869ee8
0x00007f82d7844800:   00007f8299aa7100 00007f82d7844834
0x00007f82d7844810:   00007f82d7844838 0000000000000000
0x00007f82d7844820:   0000000000000000 00007f8299aaafd0
0x00007f82d7844830:   0000001e997dedb0 00007f82984e6180
0x00007f82d7844840:   0000000000000000 d8b9408b88a38b00
0x00007f82d7844850:   00007f8299aa70a0 0000000000000000
0x00007f82d7844860:   0000000000000000 00007f82d01ef6a0
0x00007f82d7844870:   00007f82997dedb0 00007f8299aa6520
0x00007f82d7844880:   0000000000000000 00007f8299824763
0x00007f82d7844890:   000000000000000c 00007f8299aa67d8
0x00007f82d78448a0:   2d69706d6e65706f 0000316576616c73
0x00007f82d78448b0:   00007f8299769100 00007f8299764b00
0x00007f82d78448c0:   00007f829976c64e 0000000100000000
0x00007f82d78448d0:   00007f82d78449d0 00007f8200000003
0x00007f82d78448e0:   00007f82d78449c0 d8b9408b88a38b00
0x00007f82d78448f0:   00007f82d01ed080 00007f8299aa5f60 

Instructions: (pc=0x00007f82982e412a)
0x00007f82982e410a:   f7 ff ff 48 85 c0 49 89 47 30 0f 84 16 03 00 00
0x00007f82982e411a:   4c 8b 70 18 49 8b 36 4c 39 ee 0f 87 ce 02 00 00
0x00007f82982e412a:   41 8b 46 08 41 89 47 40 49 8b 56 18 4c 01 f2 85
0x00007f82982e413a:   c0 49 89 57 38 0f 84 eb 02 00 00 31 c0 ba 01 00 

Register to memory mapping:

RAX=0x00007f82d02655c0 is an unknown value
RBX=0x00007f82d02654e0 is an unknown value
RCX=0x00007f829870485e: pmix_common_dstor_attach_new_lock_seg+0x1e in /usr/local/lib/libmca_common_dstore.so.1 at 0x00007f82986f7000
RDX=0x00007ffdec3efcee is an unknown value
RSP=0x00007f82d7844700 is pointing into the stack for thread: 0x00007f82d000b800
RBP=0x00007f82d0265538 is an unknown value
RSI=0x0000000000085000 is an unknown value
RDI=0x0000000000000000 is an unknown value
R8 =0x000000000000001e is an unknown value
R9 =0x0000000000000000 is an unknown value
R10=0x0000000000000001 is an unknown value
R11=0x0000000000000000 is an unknown value
R12=0x00007f82d0265138 is an unknown value
R13=0x0000000000001000 is an unknown value
R14=0x00007f82c0002000 is an unknown value
R15=0x00007f82d0265530 is an unknown value


Stack: [0x00007f82d7747000,0x00007f82d7847000],  sp=0x00007f82d7844700,  free space=1013k
Native frames: (J=compiled Java code, j=interpreted, Vv=VM code, C=native code)
C  [mca_gds_ds21.so+0x212a]  pmix_gds_ds21_lock_init+0x12a

Java frames: (J=compiled Java code, j=interpreted, Vv=VM code)
j  mpi.MPI.Init_jni([Ljava/lang/String;)[Ljava/lang/String;+0
j  mpi.MPI.Init([Ljava/lang/String;)[Ljava/lang/String;+17
j  Client.main([Ljava/lang/String;)V+1
v  ~StubRoutines::call_stub

---------------  P R O C E S S  ---------------

Java Threads: ( => current thread )
  0x00007f82d00b7800 JavaThread "Service Thread" daemon [_thread_blocked, id=15633, stack(0x00007f82bb6ec000,0x00007f82bb7ed000)]
  0x00007f82d00b4800 JavaThread "C1 CompilerThread1" daemon [_thread_blocked, id=15623, stack(0x00007f82bb7ee000,0x00007f82bb8ee000)]
  0x00007f82d00b2000 JavaThread "C2 CompilerThread0" daemon [_thread_blocked, id=15615, stack(0x00007f82bb8ef000,0x00007f82bb9ef000)]
  0x00007f82d00b0800 JavaThread "Signal Dispatcher" daemon [_thread_blocked, id=15607, stack(0x00007f82bb9ef000,0x00007f82bbaf0000)]
  0x00007f82d007e000 JavaThread "Finalizer" daemon [_thread_blocked, id=15525, stack(0x00007f82bbdfe000,0x00007f82bbeff000)]
  0x00007f82d0079800 JavaThread "Reference Handler" daemon [_thread_blocked, id=15517, stack(0x00007f82bbeff000,0x00007f82bc000000)]
=>0x00007f82d000b800 JavaThread "main" [_thread_in_native, id=15465, stack(0x00007f82d7747000,0x00007f82d7847000)]

Other Threads:
  0x00007f82d006f800 VMThread [stack: 0x00007f82c00ac000,0x00007f82c01ac000] [id=15500]
  0x00007f82d00ba800 WatcherThread [stack: 0x00007f82bb5ec000,0x00007f82bb6ec000] [id=15647]

VM state:not at safepoint (normal execution)

VM Mutex/Monitor currently owned by a thread: None

heap address: 0x00000000f0800000, size: 248 MB, Compressed Oops mode: 32-bit
Narrow klass base: 0x0000000000000000, Narrow klass shift: 3
Compressed class space size: 1073741824 Address: 0x0000000100000000

Heap:
 def new generation   total 4928K, used 1441K [0x00000000f0800000, 0x00000000f0d50000, 0x00000000f5aa0000)
  eden space 4416K,  32% used [0x00000000f0800000, 0x00000000f0968610, 0x00000000f0c50000)
  from space 512K,   0% used [0x00000000f0c50000, 0x00000000f0c50000, 0x00000000f0cd0000)
  to   space 512K,   0% used [0x00000000f0cd0000, 0x00000000f0cd0000, 0x00000000f0d50000)
 tenured generation   total 10944K, used 0K [0x00000000f5aa0000, 0x00000000f6550000, 0x0000000100000000)
   the space 10944K,   0% used [0x00000000f5aa0000, 0x00000000f5aa0000, 0x00000000f5aa0200, 0x00000000f6550000)
 Metaspace       used 3116K, capacity 4792K, committed 5120K, reserved 1056768K
  class space    used 313K, capacity 424K, committed 512K, reserved 1048576K

Card table byte_map: [0x00007f82d76c9000,0x00007f82d7746000] byte_map_base: 0x00007f82d6f45000

Polling page: 0x00007f82d7852000

CodeCache: size=245760Kb used=1233Kb max_used=1233Kb free=244526Kb
 bounds [0x00007f82c1000000, 0x00007f82c1270000, 0x00007f82d0000000]
 total_blobs=374 nmethods=69 adapters=220
 compilation: enabled

Compilation events (10 events):
Event: 1.363 Thread 0x00007f82d00b4800   69       3       java.lang.CharacterDataLatin1::toLowerCase (39 bytes)
Event: 1.363 Thread 0x00007f82d00b4800 nmethod 69 0x00007f82c1133310 code [0x00007f82c1133480, 0x00007f82c11336f0]
Event: 1.363 Thread 0x00007f82d00b4800   63       3       java.lang.StringCoding::scale (7 bytes)
Event: 1.363 Thread 0x00007f82d00b4800 nmethod 63 0x00007f82c1133850 code [0x00007f82c11339c0, 0x00007f82c1133b30]
Event: 1.363 Thread 0x00007f82d00b4800   64       1       java.util.zip.ZipFile::access$000 (5 bytes)
Event: 1.363 Thread 0x00007f82d00b4800 nmethod 64 0x00007f82c1133b90 code [0x00007f82c1133ce0, 0x00007f82c1133dd0]
Event: 1.363 Thread 0x00007f82d00b4800   65  s    1       java.util.Vector::size (5 bytes)
Event: 1.363 Thread 0x00007f82d00b4800 nmethod 65 0x00007f82c1133e50 code [0x00007f82c1133fa0, 0x00007f82c1134210]
Event: 1.363 Thread 0x00007f82d00b4800   68       1       java.net.URL::getQuery (5 bytes)
Event: 1.506 Thread 0x00007f82d00b4800 nmethod 68 0x00007f82c1134290 code [0x00007f82c11343e0, 0x00007f82c11344f0]

GC Heap History (0 events):
No events

Deoptimization events (0 events):
No events

Classes redefined (0 events):
No events

Internal exceptions (5 events):
Event: 0.142 Thread 0x00007f82d000b800 Exception <a 'java/lang/NoSuchMethodError': Method sun.misc.Unsafe.defineClass(Ljava/lang/String;[BII)Ljava/lang/Class; name or signature does not match> (0x00000000f0807cc8) thrown at [/build/openjdk-8-58sEEn/openjdk-8-8u242-b08/src/hotspot/src/share/vm/
Event: 0.144 Thread 0x00007f82d000b800 Exception <a 'java/lang/NoSuchMethodError': Method sun.misc.Unsafe.prefetchRead(Ljava/lang/Object;J)V name or signature does not match> (0x00000000f0807fb0) thrown at [/build/openjdk-8-58sEEn/openjdk-8-8u242-b08/src/hotspot/src/share/vm/prims/jni.cpp, lin
Event: 0.524 Thread 0x00007f82d000b800 Exception <a 'java/util/zip/ZipException'> (0x00000000f085dec8) thrown at [/build/openjdk-8-58sEEn/openjdk-8-8u242-b08/src/hotspot/src/share/vm/prims/jni.cpp, line 710]
Event: 0.524 Thread 0x00007f82d000b800 Exception <a 'java/security/PrivilegedActionException'> (0x00000000f085e168) thrown at [/build/openjdk-8-58sEEn/openjdk-8-8u242-b08/src/hotspot/src/share/vm/prims/jvm.cpp, line 1502]
Event: 0.524 Thread 0x00007f82d000b800 Exception <a 'java/security/PrivilegedActionException'> (0x00000000f085e378) thrown at [/build/openjdk-8-58sEEn/openjdk-8-8u242-b08/src/hotspot/src/share/vm/prims/jvm.cpp, line 1502]

Events (10 events):
Event: 1.298 loading class mpi/Constant
Event: 1.298 loading class mpi/Constant done
Event: 1.319 loading class mpi/Errhandler
Event: 1.319 loading class mpi/Errhandler done
Event: 1.320 loading class mpi/Intracomm
Event: 1.320 loading class mpi/Intracomm done
Event: 1.320 loading class mpi/Comm
Event: 1.320 loading class mpi/Comm done
Event: 1.323 loading class mpi/Version
Event: 1.323 loading class mpi/Version done


Dynamic libraries:
f0800000-f0d50000 rw-p 00000000 00:00 0 
f0d50000-f5aa0000 ---p 00000000 00:00 0 
f5aa0000-f6550000 rw-p 00000000 00:00 0 
f6550000-100000000 ---p 00000000 00:00 0 
100000000-100080000 rw-p 00000000 00:00 0 
100080000-140000000 ---p 00000000 00:00 0 
5557ef37d000-5557ef37e000 r-xp 00000000 fc:01 2079032                    /usr/lib/jvm/java-8-openjdk-amd64/jre/bin/java
5557ef57d000-5557ef57e000 r--p 00000000 fc:01 2079032                    /usr/lib/jvm/java-8-openjdk-amd64/jre/bin/java
5557ef57e000-5557ef57f000 rw-p 00001000 fc:01 2079032                    /usr/lib/jvm/java-8-openjdk-amd64/jre/bin/java
5557f0456000-5557f0477000 rw-p 00000000 00:00 0                          [heap]
7f8294000000-7f8294021000 rw-p 00000000 00:00 0 
7f8294021000-7f8298000000 ---p 00000000 00:00 0 
7f82980df000-7f82980e1000 r-xp 00000000 fc:01 526222                     /usr/local/lib/pmix/mca_pshmem_mmap.so
7f82980e1000-7f82982e0000 ---p 00002000 fc:01 526222                     /usr/local/lib/pmix/mca_pshmem_mmap.so
7f82982e0000-7f82982e1000 r--p 00001000 fc:01 526222                     /usr/local/lib/pmix/mca_pshmem_mmap.so
7f82982e1000-7f82982e2000 rw-p 00002000 fc:01 526222                     /usr/local/lib/pmix/mca_pshmem_mmap.so
7f82982e2000-7f82982e6000 r-xp 00000000 fc:01 526198                     /usr/local/lib/pmix/mca_gds_ds21.so
7f82982e6000-7f82984e5000 ---p 00004000 fc:01 526198                     /usr/local/lib/pmix/mca_gds_ds21.so
7f82984e5000-7f82984e6000 r--p 00003000 fc:01 526198                     /usr/local/lib/pmix/mca_gds_ds21.so
7f82984e6000-7f82984e7000 rw-p 00004000 fc:01 526198                     /usr/local/lib/pmix/mca_gds_ds21.so
7f82984e7000-7f82984f6000 r-xp 00000000 fc:01 526200                     /usr/local/lib/pmix/mca_gds_hash.so
7f82984f6000-7f82986f5000 ---p 0000f000 fc:01 526200                     /usr/local/lib/pmix/mca_gds_hash.so
7f82986f5000-7f82986f6000 r--p 0000e000 fc:01 526200                     /usr/local/lib/pmix/mca_gds_hash.so
7f82986f6000-7f82986f7000 rw-p 0000f000 fc:01 526200                     /usr/local/lib/pmix/mca_gds_hash.so
7f82986f7000-7f8298706000 r-xp 00000000 fc:01 7028                       /usr/local/lib/libmca_common_dstore.so.1.0.0
7f8298706000-7f8298905000 ---p 0000f000 fc:01 7028                       /usr/local/lib/libmca_common_dstore.so.1.0.0
7f8298905000-7f8298906000 r--p 0000e000 fc:01 7028                       /usr/local/lib/libmca_common_dstore.so.1.0.0
7f8298906000-7f8298907000 rw-p 0000f000 fc:01 7028                       /usr/local/lib/libmca_common_dstore.so.1.0.0
7f8298907000-7f829890b000 r-xp 00000000 fc:01 526196                     /usr/local/lib/pmix/mca_gds_ds12.so
7f829890b000-7f8298b0a000 ---p 00004000 fc:01 526196                     /usr/local/lib/pmix/mca_gds_ds12.so
7f8298b0a000-7f8298b0b000 r--p 00003000 fc:01 526196                     /usr/local/lib/pmix/mca_gds_ds12.so
7f8298b0b000-7f8298b0c000 rw-p 00004000 fc:01 526196                     /usr/local/lib/pmix/mca_gds_ds12.so
7f8298b0c000-7f8298b14000 r-xp 00000000 fc:01 526226                     /usr/local/lib/pmix/mca_ptl_usock.so
7f8298b14000-7f8298d13000 ---p 00008000 fc:01 526226                     /usr/local/lib/pmix/mca_ptl_usock.so
7f8298d13000-7f8298d14000 r--p 00007000 fc:01 526226                     /usr/local/lib/pmix/mca_ptl_usock.so
7f8298d14000-7f8298d15000 rw-p 00008000 fc:01 526226                     /usr/local/lib/pmix/mca_ptl_usock.so
7f8298d15000-7f8298d26000 r-xp 00000000 fc:01 526224                     /usr/local/lib/pmix/mca_ptl_tcp.so
7f8298d26000-7f8298f25000 ---p 00011000 fc:01 526224                     /usr/local/lib/pmix/mca_ptl_tcp.so
7f8298f25000-7f8298f26000 r--p 00010000 fc:01 526224                     /usr/local/lib/pmix/mca_ptl_tcp.so
7f8298f26000-7f8298f27000 rw-p 00011000 fc:01 526224                     /usr/local/lib/pmix/mca_ptl_tcp.so
7f8298f27000-7f8298f38000 r-xp 00000000 fc:01 526188                     /usr/local/lib/pmix/mca_bfrops_v12.so
7f8298f38000-7f8299138000 ---p 00011000 fc:01 526188                     /usr/local/lib/pmix/mca_bfrops_v12.so
7f8299138000-7f8299139000 r--p 00011000 fc:01 526188                     /usr/local/lib/pmix/mca_bfrops_v12.so
7f8299139000-7f829913a000 rw-p 00012000 fc:01 526188                     /usr/local/lib/pmix/mca_bfrops_v12.so
7f829913a000-7f8299151000 r-xp 00000000 fc:01 526190                     /usr/local/lib/pmix/mca_bfrops_v20.so
7f8299151000-7f8299350000 ---p 00017000 fc:01 526190                     /usr/local/lib/pmix/mca_bfrops_v20.so
7f8299350000-7f8299351000 r--p 00016000 fc:01 526190                     /usr/local/lib/pmix/mca_bfrops_v20.so
7f8299351000-7f8299352000 rw-p 00017000 fc:01 526190                     /usr/local/lib/pmix/mca_bfrops_v20.so
7f8299352000-7f829935a000 r-xp 00000000 fc:01 526194                     /usr/local/lib/pmix/mca_bfrops_v3.so
7f829935a000-7f8299559000 ---p 00008000 fc:01 526194                     /usr/local/lib/pmix/mca_bfrops_v3.so
7f8299559000-7f829955a000 r--p 00007000 fc:01 526194                     /usr/local/lib/pmix/mca_bfrops_v3.so
7f829955a000-7f829955b000 rw-p 00008000 fc:01 526194                     /usr/local/lib/pmix/mca_bfrops_v3.so
7f829955b000-7f8299562000 r-xp 00000000 fc:01 526192                     /usr/local/lib/pmix/mca_bfrops_v21.so
7f8299562000-7f8299762000 ---p 00007000 fc:01 526192                     /usr/local/lib/pmix/mca_bfrops_v21.so
7f8299762000-7f8299763000 r--p 00007000 fc:01 526192                     /usr/local/lib/pmix/mca_bfrops_v21.so
7f8299763000-7f8299764000 rw-p 00008000 fc:01 526192                     /usr/local/lib/pmix/mca_bfrops_v21.so
7f8299764000-7f82998a3000 r-xp 00000000 fc:01 526228                     /usr/local/lib/openmpi/mca_pmix_pmix3x.so
7f82998a3000-7f8299aa3000 ---p 0013f000 fc:01 526228                     /usr/local/lib/openmpi/mca_pmix_pmix3x.so
7f8299aa3000-7f8299aa4000 r--p 0013f000 fc:01 526228                     /usr/local/lib/openmpi/mca_pmix_pmix3x.so
7f8299aa4000-7f8299aa9000 rw-p 00140000 fc:01 526228                     /usr/local/lib/openmpi/mca_pmix_pmix3x.so
7f8299aa9000-7f8299aac000 rw-p 00000000 00:00 0 
7f8299aaf000-7f8299ab1000 r-xp 00000000 fc:01 526214                     /usr/local/lib/pmix/mca_psec_native.so
7f8299ab1000-7f8299cb0000 ---p 00002000 fc:01 526214                     /usr/local/lib/pmix/mca_psec_native.so
7f8299cb0000-7f8299cb1000 r--p 00001000 fc:01 526214                     /usr/local/lib/pmix/mca_psec_native.so
7f8299cb1000-7f8299cb2000 rw-p 00002000 fc:01 526214                     /usr/local/lib/pmix/mca_psec_native.so
7f8299cb2000-7f8299cb3000 ---p 00000000 00:00 0 
7f8299cb3000-7f829a4b3000 rw-p 00000000 00:00 0 
7f829a4b3000-7f829a4b7000 r-xp 00000000 fc:01 526266                     /usr/local/lib/openmpi/mca_ess_pmi.so
7f829a4b7000-7f829a6b6000 ---p 00004000 fc:01 526266                     /usr/local/lib/openmpi/mca_ess_pmi.so
7f829a6b6000-7f829a6b7000 r--p 00003000 fc:01 526266                     /usr/local/lib/openmpi/mca_ess_pmi.so
7f829a6b7000-7f829a6b8000 rw-p 00004000 fc:01 526266                     /usr/local/lib/openmpi/mca_ess_pmi.so
7f829a6b8000-7f829a6b9000 r-xp 00000000 fc:01 526334                     /usr/local/lib/openmpi/mca_schizo_orte.so
7f829a6b9000-7f829a8b8000 ---p 00001000 fc:01 526334                     /usr/local/lib/openmpi/mca_schizo_orte.so
7f829a8b8000-7f829a8b9000 r--p 00000000 fc:01 526334                     /usr/local/lib/openmpi/mca_schizo_orte.so
7f829a8b9000-7f829a8ba000 rw-p 00001000 fc:01 526334                     /usr/local/lib/openmpi/mca_schizo_orte.so
7f829a8ba000-7f829a8bc000 r-xp 00000000 fc:01 526336                     /usr/local/lib/openmpi/mca_schizo_slurm.so
7f829a8bc000-7f829aabb000 ---p 00002000 fc:01 526336                     /usr/local/lib/openmpi/mca_schizo_slurm.so
7f829aabb000-7f829aabc000 r--p 00001000 fc:01 526336                     /usr/local/lib/openmpi/mca_schizo_slurm.so
7f829aabc000-7f829aabd000 rw-p 00002000 fc:01 526336                     /usr/local/lib/openmpi/mca_schizo_slurm.so
7f829aabd000-7f829aac5000 r-xp 00000000 fc:01 526332                     /usr/local/lib/openmpi/mca_schizo_ompi.so
7f829aac5000-7f829acc4000 ---p 00008000 fc:01 526332                     /usr/local/lib/openmpi/mca_schizo_ompi.so
7f829acc4000-7f829acc5000 r--p 00007000 fc:01 526332                     /usr/local/lib/openmpi/mca_schizo_ompi.so
7f829acc5000-7f829acc7000 rw-p 00008000 fc:01 526332                     /usr/local/lib/openmpi/mca_schizo_ompi.so
7f829acc7000-7f829acc8000 r-xp 00000000 fc:01 526330                     /usr/local/lib/openmpi/mca_schizo_flux.so
7f829acc8000-7f829aec8000 ---p 00001000 fc:01 526330                     /usr/local/lib/openmpi/mca_schizo_flux.so
7f829aec8000-7f829aec9000 r--p 00001000 fc:01 526330                     /usr/local/lib/openmpi/mca_schizo_flux.so
7f829aec9000-7f829aeca000 rw-p 00002000 fc:01 526330                     /usr/local/lib/openmpi/mca_schizo_flux.so
7f829aeca000-7f829aecc000 r-xp 00000000 fc:01 526234                     /usr/local/lib/openmpi/mca_reachable_weighted.so
7f829aecc000-7f829b0cb000 ---p 00002000 fc:01 526234                     /usr/local/lib/openmpi/mca_reachable_weighted.so
7f829b0cb000-7f829b0cc000 r--p 00001000 fc:01 526234                     /usr/local/lib/openmpi/mca_reachable_weighted.so
7f829b0cc000-7f829b0cd000 rw-p 00002000 fc:01 526234                     /usr/local/lib/openmpi/mca_reachable_weighted.so
7f829b0cd000-7f829b0d0000 r-xp 00000000 fc:01 526236                     /usr/local/lib/openmpi/mca_shmem_mmap.so
7f829b0d0000-7f829b2cf000 ---p 00003000 fc:01 526236                     /usr/local/lib/openmpi/mca_shmem_mmap.so
7f829b2cf000-7f829b2d0000 r--p 00002000 fc:01 526236                     /usr/local/lib/openmpi/mca_shmem_mmap.so
7f829b2d0000-7f829b2d1000 rw-p 00003000 fc:01 526236                     /usr/local/lib/openmpi/mca_shmem_mmap.so
7f829b2d1000-7f829b2d3000 r-xp 00000000 fc:01 2182                       /lib/x86_64-linux-gnu/libutil-2.27.so
7f829b2d3000-7f829b4d2000 ---p 00002000 fc:01 2182                       /lib/x86_64-linux-gnu/libutil-2.27.so
7f829b4d2000-7f829b4d3000 r--p 00001000 fc:01 2182                       /lib/x86_64-linux-gnu/libutil-2.27.so
7f829b4d3000-7f829b4d4000 rw-p 00002000 fc:01 2182                       /lib/x86_64-linux-gnu/libutil-2.27.so
7f829b4d4000-7f829b587000 r-xp 00000000 fc:01 7159                       /usr/local/lib/libopen-rte.so.40.20.1
7f829b587000-7f829b786000 ---p 000b3000 fc:01 7159                       /usr/local/lib/libopen-rte.so.40.20.1
7f829b786000-7f829b788000 r--p 000b2000 fc:01 7159                       /usr/local/lib/libopen-rte.so.40.20.1
7f829b788000-7f829b78c000 rw-p 000b4000 fc:01 7159                       /usr/local/lib/libopen-rte.so.40.20.1
7f829b78c000-7f829b78f000 rw-p 00000000 00:00 0 
7f829b78f000-7f829b896000 r-xp 00000000 fc:01 4656                       /usr/local/lib/libopen-pal.so.40.20.1
7f829b896000-7f829ba96000 ---p 00107000 fc:01 4656                       /usr/local/lib/libopen-pal.so.40.20.1
7f829ba96000-7f829ba99000 r--p 00107000 fc:01 4656                       /usr/local/lib/libopen-pal.so.40.20.1
7f829ba99000-7f829ba9f000 rw-p 0010a000 fc:01 4656                       /usr/local/lib/libopen-pal.so.40.20.1
7f829ba9f000-7f829baa6000 rw-p 00000000 00:00 0 
7f829baa6000-7f829bbb3000 r-xp 00000000 fc:01 7362                       /usr/local/lib/libmpi.so.40.20.1
7f829bbb3000-7f829bdb2000 ---p 0010d000 fc:01 7362                       /usr/local/lib/libmpi.so.40.20.1
7f829bdb2000-7f829bdb4000 r--p 0010c000 fc:01 7362                       /usr/local/lib/libmpi.so.40.20.1
7f829bdb4000-7f829bdc5000 rw-p 0010e000 fc:01 7362                       /usr/local/lib/libmpi.so.40.20.1
7f829bdc5000-7f829bdd7000 rw-p 00000000 00:00 0 
7f829bdd7000-7f829bdff000 r-xp 00000000 fc:01 29870                      /usr/local/lib/libmpi_java.so.40.20.0
7f829bdff000-7f829bffe000 ---p 00028000 fc:01 29870                      /usr/local/lib/libmpi_java.so.40.20.0
7f829bffe000-7f829bfff000 r--p 00027000 fc:01 29870                      /usr/local/lib/libmpi_java.so.40.20.0
7f829bfff000-7f829c000000 rw-p 00028000 fc:01 29870                      /usr/local/lib/libmpi_java.so.40.20.0
7f829c000000-7f829c021000 rw-p 00000000 00:00 0 
7f829c021000-7f82a0000000 ---p 00000000 00:00 0 
7f82a0000000-7f82a0021000 rw-p 00000000 00:00 0 
7f82a0021000-7f82a4000000 ---p 00000000 00:00 0 
7f82a4000000-7f82a404f000 rw-p 00000000 00:00 0 
7f82a404f000-7f82a8000000 ---p 00000000 00:00 0 
7f82a8000000-7f82a80aa000 rw-p 00000000 00:00 0 
7f82a80aa000-7f82ac000000 ---p 00000000 00:00 0 
7f82ac000000-7f82ac021000 rw-p 00000000 00:00 0 
7f82ac021000-7f82b0000000 ---p 00000000 00:00 0 
7f82b0000000-7f82b0021000 rw-p 00000000 00:00 0 
7f82b0021000-7f82b4000000 ---p 00000000 00:00 0 
7f82b4000000-7f82b4021000 rw-p 00000000 00:00 0 
7f82b4021000-7f82b8000000 ---p 00000000 00:00 0 
7f82b811d000-7f82b81a2000 rw-s 00000000 fc:01 526899                     /tmp/ompi.openmpi-slave1.1000/jf.8274/pmix_dstor_ds21_15448/smlockseg-542244865
7f82b81a2000-7f82b81bf000 r--s 00142000 00:34 527719                     /home/mpiuser/cloud/fyp/java_client/lib/spring-web-5.2.5.RELEASE.jar
7f82b81bf000-7f82bb1c0000 rw-p 00000000 00:00 0 
7f82bb1c0000-7f82bb1d7000 r-xp 00000000 fc:01 2079070                    /usr/lib/jvm/java-8-openjdk-amd64/jre/lib/amd64/libnet.so
7f82bb1d7000-7f82bb3d6000 ---p 00017000 fc:01 2079070                    /usr/lib/jvm/java-8-openjdk-amd64/jre/lib/amd64/libnet.so
7f82bb3d6000-7f82bb3d7000 r--p 00016000 fc:01 2079070                    /usr/lib/jvm/java-8-openjdk-amd64/jre/lib/amd64/libnet.so
7f82bb3d7000-7f82bb3d8000 rw-p 00017000 fc:01 2079070                    /usr/lib/jvm/java-8-openjdk-amd64/jre/lib/amd64/libnet.so
7f82bb3d8000-7f82bb3e9000 r-xp 00000000 fc:01 2079071                    /usr/lib/jvm/java-8-openjdk-amd64/jre/lib/amd64/libnio.so
7f82bb3e9000-7f82bb5e9000 ---p 00011000 fc:01 2079071                    /usr/lib/jvm/java-8-openjdk-amd64/jre/lib/amd64/libnio.so
7f82bb5e9000-7f82bb5ea000 r--p 00011000 fc:01 2079071                    /usr/lib/jvm/java-8-openjdk-amd64/jre/lib/amd64/libnio.so
7f82bb5ea000-7f82bb5eb000 rw-p 00012000 fc:01 2079071                    /usr/lib/jvm/java-8-openjdk-amd64/jre/lib/amd64/libnio.so
7f82bb5eb000-7f82bb5ec000 ---p 00000000 00:00 0 
7f82bb5ec000-7f82bb6ec000 rw-p 00000000 00:00 0 
7f82bb6ec000-7f82bb6ef000 ---p 00000000 00:00 0 
7f82bb6ef000-7f82bb7ed000 rw-p 00000000 00:00 0 
7f82bb7ed000-7f82bb7ee000 ---p 00000000 00:00 0 
7f82bb7ee000-7f82bb7f1000 ---p 00000000 00:00 0 
7f82bb7f1000-7f82bb8ee000 rw-p 00000000 00:00 0 
7f82bb8ee000-7f82bb8ef000 ---p 00000000 00:00 0 
7f82bb8ef000-7f82bb8f2000 ---p 00000000 00:00 0 
7f82bb8f2000-7f82bb9ef000 rw-p 00000000 00:00 0 
7f82bb9ef000-7f82bb9f2000 ---p 00000000 00:00 0 
7f82bb9f2000-7f82bbaf0000 rw-p 00000000 00:00 0 
7f82bbaf0000-7f82bbc63000 r--p 00000000 fc:01 7801                       /usr/lib/locale/C.UTF-8/LC_COLLATE
7f82bbc63000-7f82bbdfe000 r--p 00000000 fc:01 7796                       /usr/lib/locale/locale-archive
7f82bbdfe000-7f82bbe01000 ---p 00000000 00:00 0 
7f82bbe01000-7f82bbeff000 rw-p 00000000 00:00 0 
7f82bbeff000-7f82bbf02000 ---p 00000000 00:00 0 
7f82bbf02000-7f82bc000000 rw-p 00000000 00:00 0 
7f82bc000000-7f82bc021000 rw-p 00000000 00:00 0 
7f82bc021000-7f82c0000000 ---p 00000000 00:00 0 
7f82c0003000-7f82c0004000 r--s 00000000 fc:01 526900                     /tmp/ompi.openmpi-slave1.1000/jf.8274/pmix_dstor_ds12_15448/initial-pmix_shared-segment-0
7f82c0004000-7f82c0005000 rw-s 00000000 fc:01 526901                     /tmp/ompi.openmpi-slave1.1000/jf.8274/pmix_dstor_ds12_15448/dstore_sm.lock
7f82c0005000-7f82c0006000 r--s 0000f000 00:34 527712                     /home/mpiuser/cloud/fyp/java_client/lib/mpi.jar
7f82c0006000-7f82c0009000 r--s 0000e000 00:34 527707                     /home/mpiuser/cloud/fyp/java_client/lib/jackson-annotations-2.10.3.jar
7f82c0009000-7f82c0016000 r--s 00090000 00:34 527704                     /home/mpiuser/cloud/fyp/java_client/lib/amqp-client-5.8.0.jar
7f82c0016000-7f82c002b000 r--s 00142000 00:34 527710                     /home/mpiuser/cloud/fyp/java_client/lib/jackson-databind-2.10.2.jar
7f82c002b000-7f82c0040000 r--s 00142000 00:34 527711                     /home/mpiuser/cloud/fyp/java_client/lib/jackson-databind-2.10.3.jar
7f82c0040000-7f82c005b000 r--s 001d6000 fc:01 2079097                    /usr/lib/jvm/java-8-openjdk-amd64/jre/lib/ext/nashorn.jar
7f82c005b000-7f82c005f000 r--s 0003a000 fc:01 2079100                    /usr/lib/jvm/java-8-openjdk-amd64/jre/lib/ext/sunpkcs11.jar
7f82c005f000-7f82c007a000 r--s 00394000 fc:01 2079092                    /usr/lib/jvm/java-8-openjdk-amd64/jre/lib/ext/cldrdata.jar
7f82c007a000-7f82c00ab000 r--p 00000000 fc:01 7802                       /usr/lib/locale/C.UTF-8/LC_CTYPE
7f82c00ab000-7f82c00ac000 ---p 00000000 00:00 0 
7f82c00ac000-7f82c01fa000 rw-p 00000000 00:00 0 
7f82c01fa000-7f82c03ca000 r--s 03c68000 fc:01 2079121                    /usr/lib/jvm/java-8-openjdk-amd64/jre/lib/rt.jar
7f82c03ca000-7f82c08c0000 rw-p 00000000 00:00 0 
7f82c08c0000-7f82c0c40000 ---p 00000000 00:00 0 
7f82c0c40000-7f82c0c4a000 rw-p 00000000 00:00 0 
7f82c0c4a000-7f82c1000000 ---p 00000000 00:00 0 
7f82c1000000-7f82c1270000 rwxp 00000000 00:00 0 
7f82c1270000-7f82d0000000 ---p 00000000 00:00 0 
7f82d0000000-7f82d0267000 rw-p 00000000 00:00 0 
7f82d0267000-7f82d4000000 ---p 00000000 00:00 0 
7f82d4000000-7f82d4001000 r--s 00003000 00:34 527715                     /home/mpiuser/cloud/fyp/java_client/lib/slf4j-simple-1.7.30.jar
7f82d4001000-7f82d4002000 r--s 00005000 00:34 527718                     /home/mpiuser/cloud/fyp/java_client/lib/spring-jcl-5.2.5.RELEASE.jar
7f82d4002000-7f82d4007000 r--s 0003d000 fc:01 2079099                    /usr/lib/jvm/java-8-openjdk-amd64/jre/lib/ext/sunjce_provider.jar
7f82d4007000-7f82d4008000 r--s 00010000 fc:01 2079101                    /usr/lib/jvm/java-8-openjdk-amd64/jre/lib/ext/zipfs.jar
7f82d4008000-7f82d4009000 r--s 0000a000 fc:01 2079095                    /usr/lib/jvm/java-8-openjdk-amd64/jre/lib/ext/jaccess.jar
7f82d4009000-7f82d400b000 r--s 00007000 fc:01 29704                      /usr/share/java/java-atk-wrapper.jar
7f82d400b000-7f82d408e000 rw-p 00000000 00:00 0 
7f82d408e000-7f82d4096000 r-xp 00000000 fc:01 2079078                    /usr/lib/jvm/java-8-openjdk-amd64/jre/lib/amd64/libzip.so
7f82d4096000-7f82d4295000 ---p 00008000 fc:01 2079078                    /usr/lib/jvm/java-8-openjdk-amd64/jre/lib/amd64/libzip.so
7f82d4295000-7f82d4296000 r--p 00007000 fc:01 2079078                    /usr/lib/jvm/java-8-openjdk-amd64/jre/lib/amd64/libzip.so
7f82d4296000-7f82d4297000 rw-p 00008000 fc:01 2079078                    /usr/lib/jvm/java-8-openjdk-amd64/jre/lib/amd64/libzip.so
7f82d4297000-7f82d42a2000 r-xp 00000000 fc:01 2093                       /lib/x86_64-linux-gnu/libnss_files-2.27.so
7f82d42a2000-7f82d44a1000 ---p 0000b000 fc:01 2093                       /lib/x86_64-linux-gnu/libnss_files-2.27.so
7f82d44a1000-7f82d44a2000 r--p 0000a000 fc:01 2093                       /lib/x86_64-linux-gnu/libnss_files-2.27.so
7f82d44a2000-7f82d44a3000 rw-p 0000b000 fc:01 2093                       /lib/x86_64-linux-gnu/libnss_files-2.27.so
7f82d44a3000-7f82d44a9000 rw-p 00000000 00:00 0 
7f82d44a9000-7f82d44c0000 r-xp 00000000 fc:01 2090                       /lib/x86_64-linux-gnu/libnsl-2.27.so
7f82d44c0000-7f82d46bf000 ---p 00017000 fc:01 2090                       /lib/x86_64-linux-gnu/libnsl-2.27.so
7f82d46bf000-7f82d46c0000 r--p 00016000 fc:01 2090                       /lib/x86_64-linux-gnu/libnsl-2.27.so
7f82d46c0000-7f82d46c1000 rw-p 00017000 fc:01 2090                       /lib/x86_64-linux-gnu/libnsl-2.27.so
7f82d46c1000-7f82d46c3000 rw-p 00000000 00:00 0 
7f82d46c3000-7f82d46ce000 r-xp 00000000 fc:01 2095                       /lib/x86_64-linux-gnu/libnss_nis-2.27.so
7f82d46ce000-7f82d48cd000 ---p 0000b000 fc:01 2095                       /lib/x86_64-linux-gnu/libnss_nis-2.27.so
7f82d48cd000-7f82d48ce000 r--p 0000a000 fc:01 2095                       /lib/x86_64-linux-gnu/libnss_nis-2.27.so
7f82d48ce000-7f82d48cf000 rw-p 0000b000 fc:01 2095                       /lib/x86_64-linux-gnu/libnss_nis-2.27.so
7f82d48cf000-7f82d48d7000 r-xp 00000000 fc:01 2091                       /lib/x86_64-linux-gnu/libnss_compat-2.27.so
7f82d48d7000-7f82d4ad7000 ---p 00008000 fc:01 2091                       /lib/x86_64-linux-gnu/libnss_compat-2.27.so
7f82d4ad7000-7f82d4ad8000 r--p 00008000 fc:01 2091                       /lib/x86_64-linux-gnu/libnss_compat-2.27.so
7f82d4ad8000-7f82d4ad9000 rw-p 00009000 fc:01 2091                       /lib/x86_64-linux-gnu/libnss_compat-2.27.so
7f82d4ad9000-7f82d4b03000 r-xp 00000000 fc:01 2079059                    /usr/lib/jvm/java-8-openjdk-amd64/jre/lib/amd64/libjava.so
7f82d4b03000-7f82d4d02000 ---p 0002a000 fc:01 2079059                    /usr/lib/jvm/java-8-openjdk-amd64/jre/lib/amd64/libjava.so
7f82d4d02000-7f82d4d03000 r--p 00029000 fc:01 2079059                    /usr/lib/jvm/java-8-openjdk-amd64/jre/lib/amd64/libjava.so
7f82d4d03000-7f82d4d05000 rw-p 0002a000 fc:01 2079059                    /usr/lib/jvm/java-8-openjdk-amd64/jre/lib/amd64/libjava.so
7f82d4d05000-7f82d4d15000 r-xp 00000000 fc:01 2079077                    /usr/lib/jvm/java-8-openjdk-amd64/jre/lib/amd64/libverify.so
7f82d4d15000-7f82d4f14000 ---p 00010000 fc:01 2079077                    /usr/lib/jvm/java-8-openjdk-amd64/jre/lib/amd64/libverify.so
7f82d4f14000-7f82d4f16000 r--p 0000f000 fc:01 2079077                    /usr/lib/jvm/java-8-openjdk-amd64/jre/lib/amd64/libverify.so
7f82d4f16000-7f82d4f17000 rw-p 00011000 fc:01 2079077                    /usr/lib/jvm/java-8-openjdk-amd64/jre/lib/amd64/libverify.so
7f82d4f17000-7f82d4f1e000 r-xp 00000000 fc:01 2180                       /lib/x86_64-linux-gnu/librt-2.27.so
7f82d4f1e000-7f82d511d000 ---p 00007000 fc:01 2180                       /lib/x86_64-linux-gnu/librt-2.27.so
7f82d511d000-7f82d511e000 r--p 00006000 fc:01 2180                       /lib/x86_64-linux-gnu/librt-2.27.so
7f82d511e000-7f82d511f000 rw-p 00007000 fc:01 2180                       /lib/x86_64-linux-gnu/librt-2.27.so
7f82d511f000-7f82d5136000 r-xp 00000000 fc:01 19131                      /lib/x86_64-linux-gnu/libgcc_s.so.1
7f82d5136000-7f82d5335000 ---p 00017000 fc:01 19131                      /lib/x86_64-linux-gnu/libgcc_s.so.1
7f82d5335000-7f82d5336000 r--p 00016000 fc:01 19131                      /lib/x86_64-linux-gnu/libgcc_s.so.1
7f82d5336000-7f82d5337000 rw-p 00017000 fc:01 19131                      /lib/x86_64-linux-gnu/libgcc_s.so.1
7f82d5337000-7f82d54d4000 r-xp 00000000 fc:01 2087                       /lib/x86_64-linux-gnu/libm-2.27.so
7f82d54d4000-7f82d56d3000 ---p 0019d000 fc:01 2087                       /lib/x86_64-linux-gnu/libm-2.27.so
7f82d56d3000-7f82d56d4000 r--p 0019c000 fc:01 2087                       /lib/x86_64-linux-gnu/libm-2.27.so
7f82d56d4000-7f82d56d5000 rw-p 0019d000 fc:01 2087                       /lib/x86_64-linux-gnu/libm-2.27.so
7f82d56d5000-7f82d584e000 r-xp 00000000 fc:01 7835                       /usr/lib/x86_64-linux-gnu/libstdc++.so.6.0.25
7f82d584e000-7f82d5a4e000 ---p 00179000 fc:01 7835                       /usr/lib/x86_64-linux-gnu/libstdc++.so.6.0.25
7f82d5a4e000-7f82d5a58000 r--p 00179000 fc:01 7835                       /usr/lib/x86_64-linux-gnu/libstdc++.so.6.0.25
7f82d5a58000-7f82d5a5a000 rw-p 00183000 fc:01 7835                       /usr/lib/x86_64-linux-gnu/libstdc++.so.6.0.25
7f82d5a5a000-7f82d5a5e000 rw-p 00000000 00:00 0 
7f82d5a5e000-7f82d6701000 r-xp 00000000 fc:01 2079081                    /usr/lib/jvm/java-8-openjdk-amd64/jre/lib/amd64/server/libjvm.so
7f82d6701000-7f82d6901000 ---p 00ca3000 fc:01 2079081                    /usr/lib/jvm/java-8-openjdk-amd64/jre/lib/amd64/server/libjvm.so
7f82d6901000-7f82d6995000 r--p 00ca3000 fc:01 2079081                    /usr/lib/jvm/java-8-openjdk-amd64/jre/lib/amd64/server/libjvm.so
7f82d6995000-7f82d69be000 rw-p 00d37000 fc:01 2079081                    /usr/lib/jvm/java-8-openjdk-amd64/jre/lib/amd64/server/libjvm.so
7f82d69be000-7f82d69ee000 rw-p 00000000 00:00 0 
7f82d69ee000-7f82d6a08000 r-xp 00000000 fc:01 2178                       /lib/x86_64-linux-gnu/libpthread-2.27.so
7f82d6a08000-7f82d6c07000 ---p 0001a000 fc:01 2178                       /lib/x86_64-linux-gnu/libpthread-2.27.so
7f82d6c07000-7f82d6c08000 r--p 00019000 fc:01 2178                       /lib/x86_64-linux-gnu/libpthread-2.27.so
7f82d6c08000-7f82d6c09000 rw-p 0001a000 fc:01 2178                       /lib/x86_64-linux-gnu/libpthread-2.27.so
7f82d6c09000-7f82d6c0d000 rw-p 00000000 00:00 0 
7f82d6c0d000-7f82d6c10000 r-xp 00000000 fc:01 2086                       /lib/x86_64-linux-gnu/libdl-2.27.so
7f82d6c10000-7f82d6e0f000 ---p 00003000 fc:01 2086                       /lib/x86_64-linux-gnu/libdl-2.27.so
7f82d6e0f000-7f82d6e10000 r--p 00002000 fc:01 2086                       /lib/x86_64-linux-gnu/libdl-2.27.so
7f82d6e10000-7f82d6e11000 rw-p 00003000 fc:01 2086                       /lib/x86_64-linux-gnu/libdl-2.27.so
7f82d6e11000-7f82d6e2d000 r-xp 00000000 fc:01 2183                       /lib/x86_64-linux-gnu/libz.so.1.2.11
7f82d6e2d000-7f82d702c000 ---p 0001c000 fc:01 2183                       /lib/x86_64-linux-gnu/libz.so.1.2.11
7f82d702c000-7f82d702d000 r--p 0001b000 fc:01 2183                       /lib/x86_64-linux-gnu/libz.so.1.2.11
7f82d702d000-7f82d702e000 rw-p 0001c000 fc:01 2183                       /lib/x86_64-linux-gnu/libz.so.1.2.11
7f82d702e000-7f82d7215000 r-xp 00000000 fc:01 2083                       /lib/x86_64-linux-gnu/libc-2.27.so
7f82d7215000-7f82d7415000 ---p 001e7000 fc:01 2083                       /lib/x86_64-linux-gnu/libc-2.27.so
7f82d7415000-7f82d7419000 r--p 001e7000 fc:01 2083                       /lib/x86_64-linux-gnu/libc-2.27.so
7f82d7419000-7f82d741b000 rw-p 001eb000 fc:01 2083                       /lib/x86_64-linux-gnu/libc-2.27.so
7f82d741b000-7f82d741f000 rw-p 00000000 00:00 0 
7f82d741f000-7f82d742d000 r-xp 00000000 fc:01 2079045                    /usr/lib/jvm/java-8-openjdk-amd64/jre/lib/amd64/jli/libjli.so
7f82d742d000-7f82d762c000 ---p 0000e000 fc:01 2079045                    /usr/lib/jvm/java-8-openjdk-amd64/jre/lib/amd64/jli/libjli.so
7f82d762c000-7f82d762d000 r--p 0000d000 fc:01 2079045                    /usr/lib/jvm/java-8-openjdk-amd64/jre/lib/amd64/jli/libjli.so
7f82d762d000-7f82d762e000 rw-p 0000e000 fc:01 2079045                    /usr/lib/jvm/java-8-openjdk-amd64/jre/lib/amd64/jli/libjli.so
7f82d762e000-7f82d7655000 r-xp 00000000 fc:01 2079                       /lib/x86_64-linux-gnu/ld-2.27.so
7f82d7655000-7f82d7656000 r--s 0000d000 fc:01 2079098                    /usr/lib/jvm/java-8-openjdk-amd64/jre/lib/ext/sunec.jar
7f82d7656000-7f82d7658000 r--s 00001000 fc:01 2079093                    /usr/lib/jvm/java-8-openjdk-amd64/jre/lib/ext/dnsns.jar
7f82d7658000-7f82d765b000 r--s 0000f000 fc:01 2079094                    /usr/lib/jvm/java-8-openjdk-amd64/jre/lib/ext/icedtea-sound.jar
7f82d765b000-7f82d7665000 r--s 00116000 fc:01 2079096                    /usr/lib/jvm/java-8-openjdk-amd64/jre/lib/ext/localedata.jar
7f82d7665000-7f82d7666000 r--p 00000000 fc:01 7807                       /usr/lib/locale/C.UTF-8/LC_NUMERIC
7f82d7666000-7f82d7667000 r--p 00000000 fc:01 7810                       /usr/lib/locale/C.UTF-8/LC_TIME
7f82d7667000-7f82d7668000 r--p 00000000 fc:01 7805                       /usr/lib/locale/C.UTF-8/LC_MONETARY
7f82d7668000-7f82d7669000 r--p 00000000 fc:01 7799                       /usr/lib/locale/C.UTF-8/LC_MESSAGES/SYS_LC_MESSAGES
7f82d7669000-7f82d766a000 r--p 00000000 fc:01 7808                       /usr/lib/locale/C.UTF-8/LC_PAPER
7f82d766a000-7f82d766b000 r--p 00000000 fc:01 7806                       /usr/lib/locale/C.UTF-8/LC_NAME
7f82d766b000-7f82d766c000 r--p 00000000 fc:01 7800                       /usr/lib/locale/C.UTF-8/LC_ADDRESS
7f82d766c000-7f82d766d000 r--p 00000000 fc:01 7809                       /usr/lib/locale/C.UTF-8/LC_TELEPHONE
7f82d766d000-7f82d766e000 r--p 00000000 fc:01 7804                       /usr/lib/locale/C.UTF-8/LC_MEASUREMENT
7f82d766e000-7f82d7675000 r--s 00000000 fc:01 5010                       /usr/lib/x86_64-linux-gnu/gconv/gconv-modules.cache
7f82d7675000-7f82d7676000 r--p 00000000 fc:01 7803                       /usr/lib/locale/C.UTF-8/LC_IDENTIFICATION
7f82d7676000-7f82d767c000 rw-p 00000000 00:00 0 
7f82d767c000-7f82d76c9000 ---p 00000000 00:00 0 
7f82d76c9000-7f82d76cc000 rw-p 00000000 00:00 0 
7f82d76cc000-7f82d76f2000 ---p 00000000 00:00 0 
7f82d76f2000-7f82d76f8000 rw-p 00000000 00:00 0 
7f82d76f8000-7f82d7745000 ---p 00000000 00:00 0 
7f82d7745000-7f82d7746000 rw-p 00000000 00:00 0 
7f82d7746000-7f82d7747000 ---p 00000000 00:00 0 
7f82d7747000-7f82d774a000 ---p 00000000 00:00 0 
7f82d774a000-7f82d7849000 rw-p 00000000 00:00 0 
7f82d7849000-7f82d7851000 rw-s 00000000 fc:01 526907                     /tmp/hsperfdata_mpiuser/15458
7f82d7851000-7f82d7852000 rw-p 00000000 00:00 0 
7f82d7852000-7f82d7853000 r--p 00000000 00:00 0 
7f82d7853000-7f82d7855000 rw-p 00000000 00:00 0 
7f82d7855000-7f82d7856000 r--p 00027000 fc:01 2079                       /lib/x86_64-linux-gnu/ld-2.27.so
7f82d7856000-7f82d7857000 rw-p 00028000 fc:01 2079                       /lib/x86_64-linux-gnu/ld-2.27.so
7f82d7857000-7f82d7858000 rw-p 00000000 00:00 0 
7ffdec3cf000-7ffdec3f0000 rw-p 00000000 00:00 0                          [stack]
7ffdec3f1000-7ffdec3f4000 r--p 00000000 00:00 0                          [vvar]
7ffdec3f4000-7ffdec3f6000 r-xp 00000000 00:00 0                          [vdso]
ffffffffff600000-ffffffffff601000 r-xp 00000000 00:00 0                  [vsyscall]

VM Arguments:
jvm_args: -Djava.library.path=/usr/local/lib 
java_command: Client 1000000 100 0
java_class_path (initial): /home/mpiuser/cloud/fyp/java_client:./lib/spring-jcl-5.2.5.RELEASE.jar:./lib/jackson-databind-2.10.3.jar:./lib/jackson-databind-2.10.2.jar:./lib/slf4j-simple-1.7.30.jar:./lib/amqp-client-5.8.0.jar:./lib/spring-web-5.2.5.RELEASE.jar:./lib/jackson-annotations-2.10.3.jar:./lib/mpi.jar:./lib/spring-beans-5.2.5.RELEASE.jar:./lib/jackson-annotations-2.10.2.jar:./lib/jackson-core-2.10.2.jar:./lib/jackson-core-2.10.3.jar:./lib/slf4j-api-1.7.29.jar:./lib/spring-core-5.2.5.RELEASE.jar:./lib/slf4j-api-1.7.30.jar:./lib/http-client-3.6.1.RELEASE.jar:/usr/local/lib/mpi.jar
Launcher Type: SUN_STANDARD

Environment Variables:
PATH=/usr/local/sbin:/usr/local/bin:/usr/sbin:/usr/bin:/sbin:/bin:/usr/games:/usr/local/games
SHELL=/bin/bash

Signal Handlers:
SIGSEGV: [libjvm.so+0xabc3b0], sa_mask[0]=11111111011111111101111111111110, sa_flags=SA_RESTART|SA_SIGINFO
SIGBUS: [libjvm.so+0xabc3b0], sa_mask[0]=11111111011111111101111111111110, sa_flags=SA_RESTART|SA_SIGINFO
SIGFPE: [libjvm.so+0x8f0bb0], sa_mask[0]=11111111011111111101111111111110, sa_flags=SA_RESTART|SA_SIGINFO
SIGPIPE: [libjvm.so+0x8f0bb0], sa_mask[0]=11111111011111111101111111111110, sa_flags=SA_RESTART|SA_SIGINFO
SIGXFSZ: [libjvm.so+0x8f0bb0], sa_mask[0]=11111111011111111101111111111110, sa_flags=SA_RESTART|SA_SIGINFO
SIGILL: [libjvm.so+0x8f0bb0], sa_mask[0]=11111111011111111101111111111110, sa_flags=SA_RESTART|SA_SIGINFO
SIGUSR1: SIG_DFL, sa_mask[0]=00000000000000000000000000000000, sa_flags=none
SIGUSR2: [libjvm.so+0x8f0a60], sa_mask[0]=00000000000000000000000000000000, sa_flags=SA_RESTART|SA_SIGINFO
SIGHUP: [libjvm.so+0x8f10d0], sa_mask[0]=11111111011111111101111111111110, sa_flags=SA_RESTART|SA_SIGINFO
SIGINT: [libjvm.so+0x8f10d0], sa_mask[0]=11111111011111111101111111111110, sa_flags=SA_RESTART|SA_SIGINFO
SIGTERM: [libjvm.so+0x8f10d0], sa_mask[0]=11111111011111111101111111111110, sa_flags=SA_RESTART|SA_SIGINFO
SIGQUIT: [libjvm.so+0x8f10d0], sa_mask[0]=11111111011111111101111111111110, sa_flags=SA_RESTART|SA_SIGINFO


---------------  S Y S T E M  ---------------

OS:DISTRIB_ID=Ubuntu
DISTRIB_RELEASE=18.04
DISTRIB_CODENAME=bionic
DISTRIB_DESCRIPTION="Ubuntu 18.04.3 LTS"

uname:Linux 4.15.0-66-generic #75-Ubuntu SMP Tue Oct 1 05:24:09 UTC 2019 x86_64
libc:glibc 2.27 NPTL 2.27 
rlimit: STACK 8192k, CORE 0k, NPROC 3841, NOFILE 1048576, AS infinity
load average:3.36 0.70 0.23

/proc/meminfo:
MemTotal:        1008808 kB
MemFree:           63552 kB
MemAvailable:      49176 kB
Buffers:           15740 kB
Cached:            64488 kB
SwapCached:            0 kB
Active:           749700 kB
Inactive:          35332 kB
Active(anon):     705384 kB
Inactive(anon):      184 kB
Active(file):      44316 kB
Inactive(file):    35148 kB
Unevictable:           0 kB
Mlocked:               0 kB
SwapTotal:             0 kB
SwapFree:              0 kB
Dirty:               744 kB
Writeback:             0 kB
AnonPages:        705016 kB
Mapped:            55112 kB
Shmem:               660 kB
Slab:              88496 kB
SReclaimable:      34460 kB
SUnreclaim:        54036 kB
KernelStack:       11616 kB
PageTables:        24596 kB
NFS_Unstable:         44 kB
Bounce:                0 kB
WritebackTmp:          0 kB
CommitLimit:      504404 kB
Committed_AS:    5069772 kB
VmallocTotal:   34359738367 kB
VmallocUsed:           0 kB
VmallocChunk:          0 kB
HardwareCorrupted:     0 kB
AnonHugePages:         0 kB
ShmemHugePages:        0 kB
ShmemPmdMapped:        0 kB
CmaTotal:              0 kB
CmaFree:               0 kB
HugePages_Total:       0
HugePages_Free:        0
HugePages_Rsvd:        0
HugePages_Surp:        0
Hugepagesize:       2048 kB
DirectMap4k:      292844 kB
DirectMap2M:      755712 kB
DirectMap1G:           0 kB

container (cgroup) information:
container_type: cgroupv1
cpu_cpuset_cpus: 0-2
cpu_memory_nodes: 0
active_processor_count: 3
cpu_quota: -1
cpu_period: 100000
cpu_shares: -1
memory_limit_in_bytes: -1
memory_and_swap_limit_in_bytes: -2
memory_soft_limit_in_bytes: -1
memory_usage_in_bytes: 741588992
memory_max_usage_in_bytes: 863526912


CPU:total 3 (initial active 3) (1 cores per cpu, 1 threads per core) family 6 model 85 stepping 4, cmov, cx8, fxsr, mmx, sse, sse2, sse3, ssse3, sse4.1, sse4.2, popcnt, avx, avx2, aes, clmul, erms, 3dnowpref, lzcnt, tsc, bmi1, bmi2, adx

/proc/cpuinfo:
processor	: 0
vendor_id	: GenuineIntel
cpu family	: 6
model		: 85
model name	: Intel(R) Xeon(R) Gold 6140 CPU @ 2.30GHz
stepping	: 4
microcode	: 0x1
cpu MHz		: 2294.608
cache size	: 4096 KB
physical id	: 0
siblings	: 1
core id		: 0
cpu cores	: 1
apicid		: 0
initial apicid	: 0
fpu		: yes
fpu_exception	: yes
cpuid level	: 13
wp		: yes
flags		: fpu vme de pse tsc msr pae mce cx8 apic sep mtrr pge mca cmov pat pse36 clflush mmx fxsr sse sse2 ss syscall nx pdpe1gb rdtscp lm constant_tsc arch_perfmon rep_good nopl cpuid tsc_known_freq pni pclmulqdq vmx ssse3 fma cx16 pcid sse4_1 sse4_2 x2apic movbe popcnt tsc_deadline_timer aes xsave avx f16c rdrand hypervisor lahf_lm abm 3dnowprefetch cpuid_fault invpcid_single pti ssbd ibrs ibpb tpr_shadow vnmi flexpriority ept vpid fsgsbase tsc_adjust bmi1 avx2 smep bmi2 erms invpcid mpx avx512f avx512dq rdseed adx smap clflushopt clwb avx512cd avx512bw avx512vl xsaveopt xsavec xgetbv1 pku ospke md_clear
bugs		: cpu_meltdown spectre_v1 spectre_v2 spec_store_bypass l1tf mds swapgs
bogomips	: 4589.21
clflush size	: 64
cache_alignment	: 64
address sizes	: 40 bits physical, 48 bits virtual
power management:

processor	: 1
vendor_id	: GenuineIntel
cpu family	: 6
model		: 85
model name	: Intel(R) Xeon(R) Gold 6140 CPU @ 2.30GHz
stepping	: 4
microcode	: 0x1
cpu MHz		: 2294.608
cache size	: 4096 KB
physical id	: 1
siblings	: 1
core id		: 0
cpu cores	: 1
apicid		: 1
initial apicid	: 1
fpu		: yes
fpu_exception	: yes
cpuid level	: 13
wp		: yes
flags		: fpu vme de pse tsc msr pae mce cx8 apic sep mtrr pge mca cmov pat pse36 clflush mmx fxsr sse sse2 ss syscall nx pdpe1gb rdtscp lm constant_tsc arch_perfmon rep_good nopl cpuid tsc_known_freq pni pclmulqdq vmx ssse3 fma cx16 pcid sse4_1 sse4_2 x2apic movbe popcnt tsc_deadline_timer aes xsave avx f16c rdrand hypervisor lahf_lm abm 3dnowprefetch cpuid_fault invpcid_single pti ssbd ibrs ibpb tpr_shadow vnmi flexpriority ept vpid fsgsbase tsc_adjust bmi1 avx2 smep bmi2 erms invpcid mpx avx512f avx512dq rdseed adx smap clflushopt clwb avx512cd avx512bw avx512vl xsaveopt xsavec xgetbv1 pku ospke md_clear
bugs		: cpu_meltdown spectre_v1 spectre_v2 spec_store_bypass l1tf mds swapgs
bogomips	: 4589.21
clflush size	: 64
cache_alignment	: 64
address sizes	: 40 bits physical, 48 bits virtual
power management:

processor	: 2
vendor_id	: GenuineIntel
cpu family	: 6
model		: 85
model name	: Intel(R) Xeon(R) Gold 6140 CPU @ 2.30GHz
stepping	: 4
microcode	: 0x1
cpu MHz		: 2294.608
cache size	: 4096 KB
physical id	: 2
siblings	: 1
core id		: 0
cpu cores	: 1
apicid		: 2
initial apicid	: 2
fpu		: yes
fpu_exception	: yes
cpuid level	: 13
wp		: yes
flags		: fpu vme de pse tsc msr pae mce cx8 apic sep mtrr pge mca cmov pat pse36 clflush mmx fxsr sse sse2 ss syscall nx pdpe1gb rdtscp lm constant_tsc arch_perfmon rep_good nopl cpuid tsc_known_freq pni pclmulqdq vmx ssse3 fma cx16 pcid sse4_1 sse4_2 x2apic movbe popcnt tsc_deadline_timer aes xsave avx f16c rdrand hypervisor lahf_lm abm 3dnowprefetch cpuid_fault invpcid_single pti ssbd ibrs ibpb tpr_shadow vnmi flexpriority ept vpid fsgsbase tsc_adjust bmi1 avx2 smep bmi2 erms invpcid mpx avx512f avx512dq rdseed adx smap clflushopt clwb avx512cd avx512bw avx512vl xsaveopt xsavec xgetbv1 pku ospke md_clear
bugs		: cpu_meltdown spectre_v1 spectre_v2 spec_store_bypass l1tf mds swapgs
bogomips	: 4589.21
clflush size	: 64
cache_alignment	: 64
address sizes	: 40 bits physical, 48 bits virtual
power management:



Memory: 4k page, physical 1008808k(63552k free), swap 0k(0k free)

vm_info: OpenJDK 64-Bit Server VM (25.242-b08) for linux-amd64 JRE (1.8.0_242-8u242-b08-0ubuntu3~18.04-b08), built on Jan 17 2020 23:41:21 by "buildd" with gcc 7.4.0

time: Mon Apr  6 11:39:51 2020
timezone: UTC
elapsed time: 2 seconds (0d 0h 0m 2s)

