#
# A fatal error has been detected by the Java Runtime Environment:
#
#  SIGSEGV (0xb) at pc=0x00007f09901a317c, pid=5131, tid=0x00007f09cb59f700
#
# JRE version: OpenJDK Runtime Environment (8.0_242-b08) (build 1.8.0_242-8u242-b08-0ubuntu3~18.04-b08)
# Java VM: OpenJDK 64-Bit Server VM (25.242-b08 mixed mode linux-amd64 compressed oops)
# Problematic frame:
# C  [mca_gds_ds21.so+0x217c]  pmix_gds_ds21_lock_init+0x13c
#
# Failed to write core dump. Core dumps have been disabled. To enable core dumping, try "ulimit -c unlimited" before starting Java again
#
# If you would like to submit a bug report, please visit:
#   http://bugreport.java.com/bugreport/crash.jsp
# The crash happened outside the Java Virtual Machine in native code.
# See problematic frame for where to report the bug.
#

---------------  T H R E A D  ---------------

Current thread (0x00007f09c400b800):  JavaThread "main" [_thread_in_native, id=5149, stack(0x00007f09cb4a0000,0x00007f09cb5a0000)]

siginfo: si_signo: 11 (SIGSEGV), si_code: 1 (SEGV_MAPERR), si_addr: 0x00007f09c8007008

Registers:
RAX=0x00007f09c4285100, RBX=0x00007f09c4285070, RCX=0x00007f09905c819e, RDX=0x00007ffd5fd6acb3
RSP=0x00007f09cb59d6a0, RBP=0x00007f09c4285020, RSI=0x0000000000085000, RDI=0x0000000000000000
R8 =0x000000000000001e, R9 =0x0000000000000000, R10=0x0000000000000001, R11=0x0000000000000000
R12=0x00007f09c8007000, R13=0x00007f09c4284c78, R14=0x0000000000001000, R15=0x00007f09903a5240
RIP=0x00007f09901a317c, EFLAGS=0x0000000000010206, CSGSFS=0x002b000000000033, ERR=0x0000000000000004
  TRAPNO=0x000000000000000e

Top of Stack: (sp=0x00007f09cb59d6a0)
0x00007f09cb59d6a0:   00007f09c4284cf0 00007f09c4284fd0
0x00007f09cb59d6b0:   00007ffd5fd6acb3 0000000000085000
0x00007f09cb59d6c0:   0000000000001000 00000000000003e8
0x00007f09cb59d6d0:   00007f09c4285078 00007f09cae1e2ed
0x00007f09cb59d6e0:   00007f09c4284cc0 978d809cdb204400
0x00007f09cb59d6f0:   0000000000000000 00007f09c42849a0
0x00007f09cb59d700:   0000000000000000 00007ffd5fd6acb3
0x00007f09cb59d710:   0000000000000000 00007f09c4284c50
0x00007f09cb59d720:   00007f09c4284c10 00007f09905c2cd9
0x00007f09cb59d730:   00007f09901a3cdb 00007f09cb59d7c0
0x00007f09cb59d740:   00007f09b07918d3 0000001500000040
0x00007f09cb59d750:   00007f09c42802f0 978d809cdb204400
0x00007f09cb59d760:   00007f09b09b70a0 00007f09c427fe00
0x00007f09cb59d770:   00007f09b09bafd0 00007f09903a52d4
0x00007f09cb59d780:   00007f09b09b70a0 00007f09903a5180
0x00007f09cb59d790:   00007f09c4284950 00007f09901a2f04
0x00007f09cb59d7a0:   00007f09b09bafd0 00007f09b07791a6
0x00007f09cb59d7b0:   00007f09b09b7100 00007f09b09bafc0
0x00007f09cb59d7c0:   00007f09cb59d7e4 00007f09cb59d7e8
0x00007f09cb59d7d0:   0000000000000000 0000000000000000
0x00007f09cb59d7e0:   0000001eb09b6520 00007f09903a5180
0x00007f09cb59d7f0:   0000000000000000 978d809cdb204400
0x00007f09cb59d800:   00007f09b09b70a0 0000000000000000
0x00007f09cb59d810:   0000000000000000 00007f09c420f1f0
0x00007f09cb59d820:   00007f09b09b6520 00007f09b06e3760
0x00007f09cb59d830:   0000000000000000 00007f09b072c5a9
0x00007f09cb59d840:   00007f09c4237f60 00007f09b09b67d8
0x00007f09cb59d850:   2d69706d6e65706f 000072657473616d
0x00007f09cb59d860:   0000000003741ab1 00007f09b066ff86
0x00007f09cb59d870:   00007f09b066c118 00007f09b0667afc
0x00007f09cb59d880:   00007f09b066f67a 0000000100000000
0x00007f09cb59d890:   00007f09cb59d990 978d809cdb204400 

Instructions: (pc=0x00007f09901a317c)
0x00007f09901a315c:   ff ff 48 85 c0 48 89 43 30 0f 84 b3 01 00 00 4c
0x00007f09901a316c:   8b 60 18 49 8b 34 24 49 39 f6 0f 82 e4 02 00 00
0x00007f09901a317c:   41 8b 44 24 08 4c 89 e2 31 c9 48 8d 7c 24 40 be
0x00007f09901a318c:   01 00 00 00 89 43 40 49 03 54 24 18 85 c0 48 89 

Register to memory mapping:

RAX=0x00007f09c4285100 is an unknown value
RBX=0x00007f09c4285070 is an unknown value
RCX=0x00007f09905c819e: pmix_common_dstor_attach_new_lock_seg+0x1e in /usr/local/lib/libmca_common_dstore.so.1 at 0x00007f09905b8000
RDX=0x00007ffd5fd6acb3 is an unknown value
RSP=0x00007f09cb59d6a0 is pointing into the stack for thread: 0x00007f09c400b800
RBP=0x00007f09c4285020 is an unknown value
RSI=0x0000000000085000 is an unknown value
RDI=0x0000000000000000 is an unknown value
R8 =0x000000000000001e is an unknown value
R9 =0x0000000000000000 is an unknown value
R10=0x0000000000000001 is an unknown value
R11=0x0000000000000000 is an unknown value
R12=0x00007f09c8007000 is an unknown value
R13=0x00007f09c4284c78 is an unknown value
R14=0x0000000000001000 is an unknown value
R15=0x00007f09903a5240: lock_item_t_class+0 in /usr/local/lib/pmix/mca_gds_ds21.so at 0x00007f09901a1000


Stack: [0x00007f09cb4a0000,0x00007f09cb5a0000],  sp=0x00007f09cb59d6a0,  free space=1013k
Native frames: (J=compiled Java code, j=interpreted, Vv=VM code, C=native code)
C  [mca_gds_ds21.so+0x217c]  pmix_gds_ds21_lock_init+0x13c

Java frames: (J=compiled Java code, j=interpreted, Vv=VM code)
j  mpi.MPI.Init_jni([Ljava/lang/String;)[Ljava/lang/String;+0
j  mpi.MPI.Init([Ljava/lang/String;)[Ljava/lang/String;+17
j  Client.main([Ljava/lang/String;)V+1
v  ~StubRoutines::call_stub

---------------  P R O C E S S  ---------------

Java Threads: ( => current thread )
  0x00007f09c40b7000 JavaThread "Service Thread" daemon [_thread_blocked, id=5496, stack(0x00007f09b3440000,0x00007f09b3541000)]
  0x00007f09c40b4800 JavaThread "C1 CompilerThread1" daemon [_thread_in_native, id=5495, stack(0x00007f09b3542000,0x00007f09b3642000)]
  0x00007f09c40b2000 JavaThread "C2 CompilerThread0" daemon [_thread_blocked, id=5469, stack(0x00007f09b3643000,0x00007f09b3743000)]
  0x00007f09c40b0800 JavaThread "Signal Dispatcher" daemon [_thread_blocked, id=5449, stack(0x00007f09b3743000,0x00007f09b3844000)]
  0x00007f09c407e000 JavaThread "Finalizer" daemon [_thread_blocked, id=5285, stack(0x00007f09b3b52000,0x00007f09b3c53000)]
  0x00007f09c4079800 JavaThread "Reference Handler" daemon [_thread_blocked, id=5273, stack(0x00007f09b3c53000,0x00007f09b3d54000)]
=>0x00007f09c400b800 JavaThread "main" [_thread_in_native, id=5149, stack(0x00007f09cb4a0000,0x00007f09cb5a0000)]

Other Threads:
  0x00007f09c406f800 VMThread [stack: 0x00007f09b3d55000,0x00007f09b3e55000] [id=5237]
  0x00007f09c40ba000 WatcherThread [stack: 0x00007f09b3340000,0x00007f09b3440000] [id=5519]

VM state:not at safepoint (normal execution)

VM Mutex/Monitor currently owned by a thread: None

heap address: 0x00000000f0800000, size: 248 MB, Compressed Oops mode: 32-bit
Narrow klass base: 0x0000000000000000, Narrow klass shift: 3
Compressed class space size: 1073741824 Address: 0x0000000100000000

Heap:
 def new generation   total 4928K, used 1441K [0x00000000f0800000, 0x00000000f0d50000, 0x00000000f5aa0000)
  eden space 4416K,  32% used [0x00000000f0800000, 0x00000000f0968610, 0x00000000f0c50000)
  from space 512K,   0% used [0x00000000f0c50000, 0x00000000f0c50000, 0x00000000f0cd0000)
  to   space 512K,   0% used [0x00000000f0cd0000, 0x00000000f0cd0000, 0x00000000f0d50000)
 tenured generation   total 10944K, used 0K [0x00000000f5aa0000, 0x00000000f6550000, 0x0000000100000000)
   the space 10944K,   0% used [0x00000000f5aa0000, 0x00000000f5aa0000, 0x00000000f5aa0200, 0x00000000f6550000)
 Metaspace       used 3104K, capacity 4792K, committed 5120K, reserved 1056768K
  class space    used 313K, capacity 424K, committed 512K, reserved 1048576K

Card table byte_map: [0x00007f09cb422000,0x00007f09cb49f000] byte_map_base: 0x00007f09cac9e000

Polling page: 0x00007f09cb5ab000

CodeCache: size=245760Kb used=1206Kb max_used=1206Kb free=244553Kb
 bounds [0x00007f09b4be5000, 0x00007f09b4e55000, 0x00007f09c3be5000]
 total_blobs=357 nmethods=52 adapters=220
 compilation: enabled

Compilation events (10 events):
Event: 9.553 Thread 0x00007f09c40b4800 nmethod 51 0x00007f09b4d09a10 code [0x00007f09b4d09b60, 0x00007f09b4d09c50]
Event: 9.553 Thread 0x00007f09c40b4800   45       1       java.net.URL::getAuthority (5 bytes)
Event: 9.553 Thread 0x00007f09c40b4800 nmethod 45 0x00007f09b4d09cd0 code [0x00007f09b4d09e20, 0x00007f09b4d09f30]
Event: 9.553 Thread 0x00007f09c40b4800   49       1       java.net.URL::getFile (5 bytes)
Event: 9.554 Thread 0x00007f09c40b4800 nmethod 49 0x00007f09b4d09f90 code [0x00007f09b4d0a0e0, 0x00007f09b4d0a1f0]
Event: 9.554 Thread 0x00007f09c40b4800   52  s    1       java.util.Vector::size (5 bytes)
Event: 9.554 Thread 0x00007f09c40b4800 nmethod 52 0x00007f09b4d0a250 code [0x00007f09b4d0a3a0, 0x00007f09b4d0a610]
Event: 9.554 Thread 0x00007f09c40b4800   48       1       java.lang.ThreadLocal::access$400 (5 bytes)
Event: 9.554 Thread 0x00007f09c40b4800 nmethod 48 0x00007f09b4d0a690 code [0x00007f09b4d0a7e0, 0x00007f09b4d0a8d0]
Event: 9.554 Thread 0x00007f09c40b4800   53   !   3       sun.misc.URLClassPath$JarLoader::getResource (85 bytes)

GC Heap History (0 events):
No events

Deoptimization events (0 events):
No events

Classes redefined (0 events):
No events

Internal exceptions (5 events):
Event: 0.328 Thread 0x00007f09c400b800 Exception <a 'java/lang/NoSuchMethodError': Method sun.misc.Unsafe.defineClass(Ljava/lang/String;[BII)Ljava/lang/Class; name or signature does not match> (0x00000000f0807cc8) thrown at [/build/openjdk-8-58sEEn/openjdk-8-8u242-b08/src/hotspot/src/share/vm/
Event: 0.328 Thread 0x00007f09c400b800 Exception <a 'java/lang/NoSuchMethodError': Method sun.misc.Unsafe.prefetchRead(Ljava/lang/Object;J)V name or signature does not match> (0x00000000f0807fb0) thrown at [/build/openjdk-8-58sEEn/openjdk-8-8u242-b08/src/hotspot/src/share/vm/prims/jni.cpp, lin
Event: 1.241 Thread 0x00007f09c400b800 Exception <a 'java/util/zip/ZipException'> (0x00000000f085dec8) thrown at [/build/openjdk-8-58sEEn/openjdk-8-8u242-b08/src/hotspot/src/share/vm/prims/jni.cpp, line 710]
Event: 1.241 Thread 0x00007f09c400b800 Exception <a 'java/security/PrivilegedActionException'> (0x00000000f085e168) thrown at [/build/openjdk-8-58sEEn/openjdk-8-8u242-b08/src/hotspot/src/share/vm/prims/jvm.cpp, line 1502]
Event: 1.241 Thread 0x00007f09c400b800 Exception <a 'java/security/PrivilegedActionException'> (0x00000000f085e378) thrown at [/build/openjdk-8-58sEEn/openjdk-8-8u242-b08/src/hotspot/src/share/vm/prims/jvm.cpp, line 1502]

Events (10 events):
Event: 9.554 loading class mpi/Constant
Event: 9.554 loading class mpi/Constant done
Event: 9.576 loading class mpi/Errhandler
Event: 9.576 loading class mpi/Errhandler done
Event: 9.577 loading class mpi/Intracomm
Event: 9.577 loading class mpi/Intracomm done
Event: 9.577 loading class mpi/Comm
Event: 9.577 loading class mpi/Comm done
Event: 9.587 loading class mpi/Version
Event: 9.587 loading class mpi/Version done


Dynamic libraries:
f0800000-f0d50000 rw-p 00000000 00:00 0 
f0d50000-f5aa0000 ---p 00000000 00:00 0 
f5aa0000-f6550000 rw-p 00000000 00:00 0 
f6550000-100000000 ---p 00000000 00:00 0 
100000000-100080000 rw-p 00000000 00:00 0 
100080000-140000000 ---p 00000000 00:00 0 
55b7b3f0f000-55b7b3f10000 r-xp 00000000 fc:01 1302575                    /usr/lib/jvm/java-8-openjdk-amd64/jre/bin/java
55b7b410f000-55b7b4110000 r--p 00000000 fc:01 1302575                    /usr/lib/jvm/java-8-openjdk-amd64/jre/bin/java
55b7b4110000-55b7b4111000 rw-p 00001000 fc:01 1302575                    /usr/lib/jvm/java-8-openjdk-amd64/jre/bin/java
55b7b463b000-55b7b465c000 rw-p 00000000 00:00 0                          [heap]
7f098bdfd000-7f098bdff000 r-xp 00000000 fc:01 782288                     /usr/local/lib/pmix/mca_pshmem_mmap.so
7f098bdff000-7f098bffe000 ---p 00002000 fc:01 782288                     /usr/local/lib/pmix/mca_pshmem_mmap.so
7f098bffe000-7f098bfff000 r--p 00001000 fc:01 782288                     /usr/local/lib/pmix/mca_pshmem_mmap.so
7f098bfff000-7f098c000000 rw-p 00002000 fc:01 782288                     /usr/local/lib/pmix/mca_pshmem_mmap.so
7f098c000000-7f098c021000 rw-p 00000000 00:00 0 
7f098c021000-7f0990000000 ---p 00000000 00:00 0 
7f099011c000-7f09901a1000 rw-s 00000000 fc:01 1039764                    /tmp/ompi.openmpi-master.1000/pid.5069/pmix_dstor_ds21_5069/smlockseg-542244865
7f09901a1000-7f09901a5000 r-xp 00000000 fc:01 782262                     /usr/local/lib/pmix/mca_gds_ds21.so
7f09901a5000-7f09903a4000 ---p 00004000 fc:01 782262                     /usr/local/lib/pmix/mca_gds_ds21.so
7f09903a4000-7f09903a5000 r--p 00003000 fc:01 782262                     /usr/local/lib/pmix/mca_gds_ds21.so
7f09903a5000-7f09903a6000 rw-p 00004000 fc:01 782262                     /usr/local/lib/pmix/mca_gds_ds21.so
7f09903a6000-7f09903b6000 r-xp 00000000 fc:01 782264                     /usr/local/lib/pmix/mca_gds_hash.so
7f09903b6000-7f09905b6000 ---p 00010000 fc:01 782264                     /usr/local/lib/pmix/mca_gds_hash.so
7f09905b6000-7f09905b7000 r--p 00010000 fc:01 782264                     /usr/local/lib/pmix/mca_gds_hash.so
7f09905b7000-7f09905b8000 rw-p 00011000 fc:01 782264                     /usr/local/lib/pmix/mca_gds_hash.so
7f09905b8000-7f09905ca000 r-xp 00000000 fc:01 29681                      /usr/local/lib/libmca_common_dstore.so.1.0.0
7f09905ca000-7f09907c9000 ---p 00012000 fc:01 29681                      /usr/local/lib/libmca_common_dstore.so.1.0.0
7f09907c9000-7f09907ca000 r--p 00011000 fc:01 29681                      /usr/local/lib/libmca_common_dstore.so.1.0.0
7f09907ca000-7f09907cb000 rw-p 00012000 fc:01 29681                      /usr/local/lib/libmca_common_dstore.so.1.0.0
7f09907cb000-7f09907cf000 r-xp 00000000 fc:01 782260                     /usr/local/lib/pmix/mca_gds_ds12.so
7f09907cf000-7f09909ce000 ---p 00004000 fc:01 782260                     /usr/local/lib/pmix/mca_gds_ds12.so
7f09909ce000-7f09909cf000 r--p 00003000 fc:01 782260                     /usr/local/lib/pmix/mca_gds_ds12.so
7f09909cf000-7f09909d0000 rw-p 00004000 fc:01 782260                     /usr/local/lib/pmix/mca_gds_ds12.so
7f09909d0000-7f09909d8000 r-xp 00000000 fc:01 782292                     /usr/local/lib/pmix/mca_ptl_usock.so
7f09909d8000-7f0990bd7000 ---p 00008000 fc:01 782292                     /usr/local/lib/pmix/mca_ptl_usock.so
7f0990bd7000-7f0990bd8000 r--p 00007000 fc:01 782292                     /usr/local/lib/pmix/mca_ptl_usock.so
7f0990bd8000-7f0990bd9000 rw-p 00008000 fc:01 782292                     /usr/local/lib/pmix/mca_ptl_usock.so
7f0990bd9000-7f0990beb000 r-xp 00000000 fc:01 782290                     /usr/local/lib/pmix/mca_ptl_tcp.so
7f0990beb000-7f0990dea000 ---p 00012000 fc:01 782290                     /usr/local/lib/pmix/mca_ptl_tcp.so
7f0990dea000-7f0990deb000 r--p 00011000 fc:01 782290                     /usr/local/lib/pmix/mca_ptl_tcp.so
7f0990deb000-7f0990dec000 rw-p 00012000 fc:01 782290                     /usr/local/lib/pmix/mca_ptl_tcp.so
7f0990dec000-7f0990dfe000 r-xp 00000000 fc:01 782252                     /usr/local/lib/pmix/mca_bfrops_v12.so
7f0990dfe000-7f0990ffd000 ---p 00012000 fc:01 782252                     /usr/local/lib/pmix/mca_bfrops_v12.so
7f0990ffd000-7f0990ffe000 r--p 00011000 fc:01 782252                     /usr/local/lib/pmix/mca_bfrops_v12.so
7f0990ffe000-7f0990fff000 rw-p 00012000 fc:01 782252                     /usr/local/lib/pmix/mca_bfrops_v12.so
7f0990fff000-7f0994000000 rw-p 00000000 00:00 0 
7f0994000000-7f0994179000 rw-p 00000000 00:00 0 
7f0994179000-7f0998000000 ---p 00000000 00:00 0 
7f0998000000-7f0998021000 rw-p 00000000 00:00 0 
7f0998021000-7f099c000000 ---p 00000000 00:00 0 
7f099c000000-7f099c021000 rw-p 00000000 00:00 0 
7f099c021000-7f09a0000000 ---p 00000000 00:00 0 
7f09a0000000-7f09a004f000 rw-p 00000000 00:00 0 
7f09a004f000-7f09a4000000 ---p 00000000 00:00 0 
7f09a4000000-7f09a4021000 rw-p 00000000 00:00 0 
7f09a4021000-7f09a8000000 ---p 00000000 00:00 0 
7f09a8000000-7f09a8021000 rw-p 00000000 00:00 0 
7f09a8021000-7f09ac000000 ---p 00000000 00:00 0 
7f09ac000000-7f09ac021000 rw-p 00000000 00:00 0 
7f09ac021000-7f09b0000000 ---p 00000000 00:00 0 
7f09b003b000-7f09b0054000 r-xp 00000000 fc:01 782254                     /usr/local/lib/pmix/mca_bfrops_v20.so
7f09b0054000-7f09b0253000 ---p 00019000 fc:01 782254                     /usr/local/lib/pmix/mca_bfrops_v20.so
7f09b0253000-7f09b0254000 r--p 00018000 fc:01 782254                     /usr/local/lib/pmix/mca_bfrops_v20.so
7f09b0254000-7f09b0255000 rw-p 00019000 fc:01 782254                     /usr/local/lib/pmix/mca_bfrops_v20.so
7f09b0255000-7f09b025d000 r-xp 00000000 fc:01 782258                     /usr/local/lib/pmix/mca_bfrops_v3.so
7f09b025d000-7f09b045c000 ---p 00008000 fc:01 782258                     /usr/local/lib/pmix/mca_bfrops_v3.so
7f09b045c000-7f09b045d000 r--p 00007000 fc:01 782258                     /usr/local/lib/pmix/mca_bfrops_v3.so
7f09b045d000-7f09b045e000 rw-p 00008000 fc:01 782258                     /usr/local/lib/pmix/mca_bfrops_v3.so
7f09b045e000-7f09b0465000 r-xp 00000000 fc:01 782256                     /usr/local/lib/pmix/mca_bfrops_v21.so
7f09b0465000-7f09b0665000 ---p 00007000 fc:01 782256                     /usr/local/lib/pmix/mca_bfrops_v21.so
7f09b0665000-7f09b0666000 r--p 00007000 fc:01 782256                     /usr/local/lib/pmix/mca_bfrops_v21.so
7f09b0666000-7f09b0667000 rw-p 00008000 fc:01 782256                     /usr/local/lib/pmix/mca_bfrops_v21.so
7f09b0667000-7f09b07b3000 r-xp 00000000 fc:01 782295                     /usr/local/lib/openmpi/mca_pmix_pmix3x.so
7f09b07b3000-7f09b09b3000 ---p 0014c000 fc:01 782295                     /usr/local/lib/openmpi/mca_pmix_pmix3x.so
7f09b09b3000-7f09b09b4000 r--p 0014c000 fc:01 782295                     /usr/local/lib/openmpi/mca_pmix_pmix3x.so
7f09b09b4000-7f09b09b9000 rw-p 0014d000 fc:01 782295                     /usr/local/lib/openmpi/mca_pmix_pmix3x.so
7f09b09b9000-7f09b09bc000 rw-p 00000000 00:00 0 
7f09b09bf000-7f09b09c1000 r-xp 00000000 fc:01 782278                     /usr/local/lib/pmix/mca_psec_native.so
7f09b09c1000-7f09b0bc0000 ---p 00002000 fc:01 782278                     /usr/local/lib/pmix/mca_psec_native.so
7f09b0bc0000-7f09b0bc1000 r--p 00001000 fc:01 782278                     /usr/local/lib/pmix/mca_psec_native.so
7f09b0bc1000-7f09b0bc2000 rw-p 00002000 fc:01 782278                     /usr/local/lib/pmix/mca_psec_native.so
7f09b0bc2000-7f09b0bc3000 ---p 00000000 00:00 0 
7f09b0bc3000-7f09b13c3000 rw-p 00000000 00:00 0 
7f09b13c3000-7f09b13c7000 r-xp 00000000 fc:01 782352                     /usr/local/lib/openmpi/mca_ess_pmi.so
7f09b13c7000-7f09b15c6000 ---p 00004000 fc:01 782352                     /usr/local/lib/openmpi/mca_ess_pmi.so
7f09b15c6000-7f09b15c7000 r--p 00003000 fc:01 782352                     /usr/local/lib/openmpi/mca_ess_pmi.so
7f09b15c7000-7f09b15c8000 rw-p 00004000 fc:01 782352                     /usr/local/lib/openmpi/mca_ess_pmi.so
7f09b15c8000-7f09b15c9000 r-xp 00000000 fc:01 782435                     /usr/local/lib/openmpi/mca_schizo_orte.so
7f09b15c9000-7f09b17c8000 ---p 00001000 fc:01 782435                     /usr/local/lib/openmpi/mca_schizo_orte.so
7f09b17c8000-7f09b17c9000 r--p 00000000 fc:01 782435                     /usr/local/lib/openmpi/mca_schizo_orte.so
7f09b17c9000-7f09b17ca000 rw-p 00001000 fc:01 782435                     /usr/local/lib/openmpi/mca_schizo_orte.so
7f09b17ca000-7f09b17cc000 r-xp 00000000 fc:01 782437                     /usr/local/lib/openmpi/mca_schizo_slurm.so
7f09b17cc000-7f09b19cb000 ---p 00002000 fc:01 782437                     /usr/local/lib/openmpi/mca_schizo_slurm.so
7f09b19cb000-7f09b19cc000 r--p 00001000 fc:01 782437                     /usr/local/lib/openmpi/mca_schizo_slurm.so
7f09b19cc000-7f09b19cd000 rw-p 00002000 fc:01 782437                     /usr/local/lib/openmpi/mca_schizo_slurm.so
7f09b19cd000-7f09b19d5000 r-xp 00000000 fc:01 782433                     /usr/local/lib/openmpi/mca_schizo_ompi.so
7f09b19d5000-7f09b1bd4000 ---p 00008000 fc:01 782433                     /usr/local/lib/openmpi/mca_schizo_ompi.so
7f09b1bd4000-7f09b1bd5000 r--p 00007000 fc:01 782433                     /usr/local/lib/openmpi/mca_schizo_ompi.so
7f09b1bd5000-7f09b1bd7000 rw-p 00008000 fc:01 782433                     /usr/local/lib/openmpi/mca_schizo_ompi.so
7f09b1bd7000-7f09b1bd8000 r-xp 00000000 fc:01 782431                     /usr/local/lib/openmpi/mca_schizo_flux.so
7f09b1bd8000-7f09b1dd8000 ---p 00001000 fc:01 782431                     /usr/local/lib/openmpi/mca_schizo_flux.so
7f09b1dd8000-7f09b1dd9000 r--p 00001000 fc:01 782431                     /usr/local/lib/openmpi/mca_schizo_flux.so
7f09b1dd9000-7f09b1dda000 rw-p 00002000 fc:01 782431                     /usr/local/lib/openmpi/mca_schizo_flux.so
7f09b1dda000-7f09b1ddc000 r-xp 00000000 fc:01 782301                     /usr/local/lib/openmpi/mca_reachable_weighted.so
7f09b1ddc000-7f09b1fdb000 ---p 00002000 fc:01 782301                     /usr/local/lib/openmpi/mca_reachable_weighted.so
7f09b1fdb000-7f09b1fdc000 r--p 00001000 fc:01 782301                     /usr/local/lib/openmpi/mca_reachable_weighted.so
7f09b1fdc000-7f09b1fdd000 rw-p 00002000 fc:01 782301                     /usr/local/lib/openmpi/mca_reachable_weighted.so
7f09b1fdd000-7f09b1fe0000 r-xp 00000000 fc:01 782304                     /usr/local/lib/openmpi/mca_shmem_mmap.so
7f09b1fe0000-7f09b21df000 ---p 00003000 fc:01 782304                     /usr/local/lib/openmpi/mca_shmem_mmap.so
7f09b21df000-7f09b21e0000 r--p 00002000 fc:01 782304                     /usr/local/lib/openmpi/mca_shmem_mmap.so
7f09b21e0000-7f09b21e1000 rw-p 00003000 fc:01 782304                     /usr/local/lib/openmpi/mca_shmem_mmap.so
7f09b21e1000-7f09b21e3000 r-xp 00000000 fc:01 2182                       /lib/x86_64-linux-gnu/libutil-2.27.so
7f09b21e3000-7f09b23e2000 ---p 00002000 fc:01 2182                       /lib/x86_64-linux-gnu/libutil-2.27.so
7f09b23e2000-7f09b23e3000 r--p 00001000 fc:01 2182                       /lib/x86_64-linux-gnu/libutil-2.27.so
7f09b23e3000-7f09b23e4000 rw-p 00002000 fc:01 2182                       /lib/x86_64-linux-gnu/libutil-2.27.so
7f09b23e4000-7f09b2499000 r-xp 00000000 fc:01 29711                      /usr/local/lib/libopen-rte.so.40.20.1
7f09b2499000-7f09b2698000 ---p 000b5000 fc:01 29711                      /usr/local/lib/libopen-rte.so.40.20.1
7f09b2698000-7f09b269a000 r--p 000b4000 fc:01 29711                      /usr/local/lib/libopen-rte.so.40.20.1
7f09b269a000-7f09b269e000 rw-p 000b6000 fc:01 29711                      /usr/local/lib/libopen-rte.so.40.20.1
7f09b269e000-7f09b26a1000 rw-p 00000000 00:00 0 
7f09b26a1000-7f09b27a4000 r-xp 00000000 fc:01 13011                      /usr/local/lib/libopen-pal.so.40.20.1
7f09b27a4000-7f09b29a4000 ---p 00103000 fc:01 13011                      /usr/local/lib/libopen-pal.so.40.20.1
7f09b29a4000-7f09b29a7000 r--p 00103000 fc:01 13011                      /usr/local/lib/libopen-pal.so.40.20.1
7f09b29a7000-7f09b29ad000 rw-p 00106000 fc:01 13011                      /usr/local/lib/libopen-pal.so.40.20.1
7f09b29ad000-7f09b29b4000 rw-p 00000000 00:00 0 
7f09b29b4000-7f09b2aaa000 r-xp 00000000 fc:01 29875                      /usr/local/lib/libmpi.so.40.20.1
7f09b2aaa000-7f09b2ca9000 ---p 000f6000 fc:01 29875                      /usr/local/lib/libmpi.so.40.20.1
7f09b2ca9000-7f09b2cab000 r--p 000f5000 fc:01 29875                      /usr/local/lib/libmpi.so.40.20.1
7f09b2cab000-7f09b2cbc000 rw-p 000f7000 fc:01 29875                      /usr/local/lib/libmpi.so.40.20.1
7f09b2cbc000-7f09b2cce000 rw-p 00000000 00:00 0 
7f09b2cce000-7f09b2cf6000 r-xp 00000000 fc:01 71469                      /usr/local/lib/libmpi_java.so.40.20.0
7f09b2cf6000-7f09b2ef5000 ---p 00028000 fc:01 71469                      /usr/local/lib/libmpi_java.so.40.20.0
7f09b2ef5000-7f09b2ef6000 r--p 00027000 fc:01 71469                      /usr/local/lib/libmpi_java.so.40.20.0
7f09b2ef6000-7f09b2ef7000 rw-p 00028000 fc:01 71469                      /usr/local/lib/libmpi_java.so.40.20.0
7f09b2ef7000-7f09b2f14000 r--s 00142000 fc:01 527719                     /home/mpiuser/cloud/fyp/java_client/lib/spring-web-5.2.5.RELEASE.jar
7f09b2f14000-7f09b2f2b000 r-xp 00000000 fc:01 1302611                    /usr/lib/jvm/java-8-openjdk-amd64/jre/lib/amd64/libnet.so
7f09b2f2b000-7f09b312a000 ---p 00017000 fc:01 1302611                    /usr/lib/jvm/java-8-openjdk-amd64/jre/lib/amd64/libnet.so
7f09b312a000-7f09b312b000 r--p 00016000 fc:01 1302611                    /usr/lib/jvm/java-8-openjdk-amd64/jre/lib/amd64/libnet.so
7f09b312b000-7f09b312c000 rw-p 00017000 fc:01 1302611                    /usr/lib/jvm/java-8-openjdk-amd64/jre/lib/amd64/libnet.so
7f09b312c000-7f09b313d000 r-xp 00000000 fc:01 1302612                    /usr/lib/jvm/java-8-openjdk-amd64/jre/lib/amd64/libnio.so
7f09b313d000-7f09b333d000 ---p 00011000 fc:01 1302612                    /usr/lib/jvm/java-8-openjdk-amd64/jre/lib/amd64/libnio.so
7f09b333d000-7f09b333e000 r--p 00011000 fc:01 1302612                    /usr/lib/jvm/java-8-openjdk-amd64/jre/lib/amd64/libnio.so
7f09b333e000-7f09b333f000 rw-p 00012000 fc:01 1302612                    /usr/lib/jvm/java-8-openjdk-amd64/jre/lib/amd64/libnio.so
7f09b333f000-7f09b3340000 ---p 00000000 00:00 0 
7f09b3340000-7f09b3440000 rw-p 00000000 00:00 0 
7f09b3440000-7f09b3443000 ---p 00000000 00:00 0 
7f09b3443000-7f09b3541000 rw-p 00000000 00:00 0 
7f09b3541000-7f09b3542000 ---p 00000000 00:00 0 
7f09b3542000-7f09b3545000 ---p 00000000 00:00 0 
7f09b3545000-7f09b3642000 rw-p 00000000 00:00 0 
7f09b3642000-7f09b3643000 ---p 00000000 00:00 0 
7f09b3643000-7f09b3646000 ---p 00000000 00:00 0 
7f09b3646000-7f09b3743000 rw-p 00000000 00:00 0 
7f09b3743000-7f09b3746000 ---p 00000000 00:00 0 
7f09b3746000-7f09b3844000 rw-p 00000000 00:00 0 
7f09b3844000-7f09b39b7000 r--p 00000000 fc:01 7801                       /usr/lib/locale/C.UTF-8/LC_COLLATE
7f09b39b7000-7f09b3b52000 r--p 00000000 fc:01 7796                       /usr/lib/locale/locale-archive
7f09b3b52000-7f09b3b55000 ---p 00000000 00:00 0 
7f09b3b55000-7f09b3c53000 rw-p 00000000 00:00 0 
7f09b3c53000-7f09b3c56000 ---p 00000000 00:00 0 
7f09b3c56000-7f09b3d54000 rw-p 00000000 00:00 0 
7f09b3d54000-7f09b3d55000 ---p 00000000 00:00 0 
7f09b3d55000-7f09b3e55000 rw-p 00000000 00:00 0 
7f09b3e55000-7f09b4025000 r--s 03c68000 fc:01 1302635                    /usr/lib/jvm/java-8-openjdk-amd64/jre/lib/rt.jar
7f09b4025000-7f09b44a5000 rw-p 00000000 00:00 0 
7f09b44a5000-7f09b4825000 ---p 00000000 00:00 0 
7f09b4825000-7f09b482f000 rw-p 00000000 00:00 0 
7f09b482f000-7f09b4be5000 ---p 00000000 00:00 0 
7f09b4be5000-7f09b4e55000 rwxp 00000000 00:00 0 
7f09b4e55000-7f09c3be5000 ---p 00000000 00:00 0 
7f09c3be5000-7f09c3bed000 r-xp 00000000 fc:01 1302619                    /usr/lib/jvm/java-8-openjdk-amd64/jre/lib/amd64/libzip.so
7f09c3bed000-7f09c3dec000 ---p 00008000 fc:01 1302619                    /usr/lib/jvm/java-8-openjdk-amd64/jre/lib/amd64/libzip.so
7f09c3dec000-7f09c3ded000 r--p 00007000 fc:01 1302619                    /usr/lib/jvm/java-8-openjdk-amd64/jre/lib/amd64/libzip.so
7f09c3ded000-7f09c3dee000 rw-p 00008000 fc:01 1302619                    /usr/lib/jvm/java-8-openjdk-amd64/jre/lib/amd64/libzip.so
7f09c3dee000-7f09c3df9000 r-xp 00000000 fc:01 2093                       /lib/x86_64-linux-gnu/libnss_files-2.27.so
7f09c3df9000-7f09c3ff8000 ---p 0000b000 fc:01 2093                       /lib/x86_64-linux-gnu/libnss_files-2.27.so
7f09c3ff8000-7f09c3ff9000 r--p 0000a000 fc:01 2093                       /lib/x86_64-linux-gnu/libnss_files-2.27.so
7f09c3ff9000-7f09c3ffa000 rw-p 0000b000 fc:01 2093                       /lib/x86_64-linux-gnu/libnss_files-2.27.so
7f09c3ffa000-7f09c4000000 rw-p 00000000 00:00 0 
7f09c4000000-7f09c4287000 rw-p 00000000 00:00 0 
7f09c4287000-7f09c8000000 ---p 00000000 00:00 0 
7f09c8008000-7f09c8009000 r--s 00000000 fc:01 783094                     /tmp/ompi.openmpi-master.1000/pid.5069/pmix_dstor_ds12_5069/initial-pmix_shared-segment-0
7f09c8009000-7f09c800a000 rw-s 00000000 fc:01 783095                     /tmp/ompi.openmpi-master.1000/pid.5069/pmix_dstor_ds12_5069/dstore_sm.lock
7f09c800a000-7f09c800b000 r--s 0000f000 fc:01 527712                     /home/mpiuser/cloud/fyp/java_client/lib/mpi.jar
7f09c800b000-7f09c800e000 r--s 0000e000 fc:01 527707                     /home/mpiuser/cloud/fyp/java_client/lib/jackson-annotations-2.10.3.jar
7f09c800e000-7f09c801b000 r--s 00090000 fc:01 527704                     /home/mpiuser/cloud/fyp/java_client/lib/amqp-client-5.8.0.jar
7f09c801b000-7f09c801c000 r--s 00003000 fc:01 527715                     /home/mpiuser/cloud/fyp/java_client/lib/slf4j-simple-1.7.30.jar
7f09c801c000-7f09c8031000 r--s 00142000 fc:01 527710                     /home/mpiuser/cloud/fyp/java_client/lib/jackson-databind-2.10.2.jar
7f09c8031000-7f09c8046000 r--s 00142000 fc:01 527711                     /home/mpiuser/cloud/fyp/java_client/lib/jackson-databind-2.10.3.jar
7f09c8046000-7f09c8047000 r--s 00005000 fc:01 527718                     /home/mpiuser/cloud/fyp/java_client/lib/spring-jcl-5.2.5.RELEASE.jar
7f09c8047000-7f09c8062000 r--s 001d6000 fc:01 1555512                    /usr/lib/jvm/java-8-openjdk-amd64/jre/lib/ext/nashorn.jar
7f09c8062000-7f09c8066000 r--s 0003a000 fc:01 1555515                    /usr/lib/jvm/java-8-openjdk-amd64/jre/lib/ext/sunpkcs11.jar
7f09c8066000-7f09c806b000 r--s 0003d000 fc:01 1555514                    /usr/lib/jvm/java-8-openjdk-amd64/jre/lib/ext/sunjce_provider.jar
7f09c806b000-7f09c806c000 r--s 00010000 fc:01 1555516                    /usr/lib/jvm/java-8-openjdk-amd64/jre/lib/ext/zipfs.jar
7f09c806c000-7f09c806d000 r--s 0000a000 fc:01 1555510                    /usr/lib/jvm/java-8-openjdk-amd64/jre/lib/ext/jaccess.jar
7f09c806d000-7f09c806f000 r--s 00007000 fc:01 29606                      /usr/share/java/java-atk-wrapper.jar
7f09c806f000-7f09c808a000 r--s 00394000 fc:01 1555507                    /usr/lib/jvm/java-8-openjdk-amd64/jre/lib/ext/cldrdata.jar
7f09c808a000-7f09c80bb000 r--p 00000000 fc:01 7802                       /usr/lib/locale/C.UTF-8/LC_CTYPE
7f09c80bb000-7f09c8202000 rw-p 00000000 00:00 0 
7f09c8202000-7f09c8219000 r-xp 00000000 fc:01 2090                       /lib/x86_64-linux-gnu/libnsl-2.27.so
7f09c8219000-7f09c8418000 ---p 00017000 fc:01 2090                       /lib/x86_64-linux-gnu/libnsl-2.27.so
7f09c8418000-7f09c8419000 r--p 00016000 fc:01 2090                       /lib/x86_64-linux-gnu/libnsl-2.27.so
7f09c8419000-7f09c841a000 rw-p 00017000 fc:01 2090                       /lib/x86_64-linux-gnu/libnsl-2.27.so
7f09c841a000-7f09c841c000 rw-p 00000000 00:00 0 
7f09c841c000-7f09c8427000 r-xp 00000000 fc:01 2095                       /lib/x86_64-linux-gnu/libnss_nis-2.27.so
7f09c8427000-7f09c8626000 ---p 0000b000 fc:01 2095                       /lib/x86_64-linux-gnu/libnss_nis-2.27.so
7f09c8626000-7f09c8627000 r--p 0000a000 fc:01 2095                       /lib/x86_64-linux-gnu/libnss_nis-2.27.so
7f09c8627000-7f09c8628000 rw-p 0000b000 fc:01 2095                       /lib/x86_64-linux-gnu/libnss_nis-2.27.so
7f09c8628000-7f09c8630000 r-xp 00000000 fc:01 2091                       /lib/x86_64-linux-gnu/libnss_compat-2.27.so
7f09c8630000-7f09c8830000 ---p 00008000 fc:01 2091                       /lib/x86_64-linux-gnu/libnss_compat-2.27.so
7f09c8830000-7f09c8831000 r--p 00008000 fc:01 2091                       /lib/x86_64-linux-gnu/libnss_compat-2.27.so
7f09c8831000-7f09c8832000 rw-p 00009000 fc:01 2091                       /lib/x86_64-linux-gnu/libnss_compat-2.27.so
7f09c8832000-7f09c885c000 r-xp 00000000 fc:01 1302600                    /usr/lib/jvm/java-8-openjdk-amd64/jre/lib/amd64/libjava.so
7f09c885c000-7f09c8a5b000 ---p 0002a000 fc:01 1302600                    /usr/lib/jvm/java-8-openjdk-amd64/jre/lib/amd64/libjava.so
7f09c8a5b000-7f09c8a5c000 r--p 00029000 fc:01 1302600                    /usr/lib/jvm/java-8-openjdk-amd64/jre/lib/amd64/libjava.so
7f09c8a5c000-7f09c8a5e000 rw-p 0002a000 fc:01 1302600                    /usr/lib/jvm/java-8-openjdk-amd64/jre/lib/amd64/libjava.so
7f09c8a5e000-7f09c8a6e000 r-xp 00000000 fc:01 1302618                    /usr/lib/jvm/java-8-openjdk-amd64/jre/lib/amd64/libverify.so
7f09c8a6e000-7f09c8c6d000 ---p 00010000 fc:01 1302618                    /usr/lib/jvm/java-8-openjdk-amd64/jre/lib/amd64/libverify.so
7f09c8c6d000-7f09c8c6f000 r--p 0000f000 fc:01 1302618                    /usr/lib/jvm/java-8-openjdk-amd64/jre/lib/amd64/libverify.so
7f09c8c6f000-7f09c8c70000 rw-p 00011000 fc:01 1302618                    /usr/lib/jvm/java-8-openjdk-amd64/jre/lib/amd64/libverify.so
7f09c8c70000-7f09c8c77000 r-xp 00000000 fc:01 2180                       /lib/x86_64-linux-gnu/librt-2.27.so
7f09c8c77000-7f09c8e76000 ---p 00007000 fc:01 2180                       /lib/x86_64-linux-gnu/librt-2.27.so
7f09c8e76000-7f09c8e77000 r--p 00006000 fc:01 2180                       /lib/x86_64-linux-gnu/librt-2.27.so
7f09c8e77000-7f09c8e78000 rw-p 00007000 fc:01 2180                       /lib/x86_64-linux-gnu/librt-2.27.so
7f09c8e78000-7f09c8e8f000 r-xp 00000000 fc:01 29154                      /lib/x86_64-linux-gnu/libgcc_s.so.1
7f09c8e8f000-7f09c908e000 ---p 00017000 fc:01 29154                      /lib/x86_64-linux-gnu/libgcc_s.so.1
7f09c908e000-7f09c908f000 r--p 00016000 fc:01 29154                      /lib/x86_64-linux-gnu/libgcc_s.so.1
7f09c908f000-7f09c9090000 rw-p 00017000 fc:01 29154                      /lib/x86_64-linux-gnu/libgcc_s.so.1
7f09c9090000-7f09c922d000 r-xp 00000000 fc:01 2087                       /lib/x86_64-linux-gnu/libm-2.27.so
7f09c922d000-7f09c942c000 ---p 0019d000 fc:01 2087                       /lib/x86_64-linux-gnu/libm-2.27.so
7f09c942c000-7f09c942d000 r--p 0019c000 fc:01 2087                       /lib/x86_64-linux-gnu/libm-2.27.so
7f09c942d000-7f09c942e000 rw-p 0019d000 fc:01 2087                       /lib/x86_64-linux-gnu/libm-2.27.so
7f09c942e000-7f09c95a7000 r-xp 00000000 fc:01 4344                       /usr/lib/x86_64-linux-gnu/libstdc++.so.6.0.25
7f09c95a7000-7f09c97a7000 ---p 00179000 fc:01 4344                       /usr/lib/x86_64-linux-gnu/libstdc++.so.6.0.25
7f09c97a7000-7f09c97b1000 r--p 00179000 fc:01 4344                       /usr/lib/x86_64-linux-gnu/libstdc++.so.6.0.25
7f09c97b1000-7f09c97b3000 rw-p 00183000 fc:01 4344                       /usr/lib/x86_64-linux-gnu/libstdc++.so.6.0.25
7f09c97b3000-7f09c97b7000 rw-p 00000000 00:00 0 
7f09c97b7000-7f09ca45a000 r-xp 00000000 fc:01 1302622                    /usr/lib/jvm/java-8-openjdk-amd64/jre/lib/amd64/server/libjvm.so
7f09ca45a000-7f09ca65a000 ---p 00ca3000 fc:01 1302622                    /usr/lib/jvm/java-8-openjdk-amd64/jre/lib/amd64/server/libjvm.so
7f09ca65a000-7f09ca6ee000 r--p 00ca3000 fc:01 1302622                    /usr/lib/jvm/java-8-openjdk-amd64/jre/lib/amd64/server/libjvm.so
7f09ca6ee000-7f09ca717000 rw-p 00d37000 fc:01 1302622                    /usr/lib/jvm/java-8-openjdk-amd64/jre/lib/amd64/server/libjvm.so
7f09ca717000-7f09ca747000 rw-p 00000000 00:00 0 
7f09ca747000-7f09ca761000 r-xp 00000000 fc:01 2178                       /lib/x86_64-linux-gnu/libpthread-2.27.so
7f09ca761000-7f09ca960000 ---p 0001a000 fc:01 2178                       /lib/x86_64-linux-gnu/libpthread-2.27.so
7f09ca960000-7f09ca961000 r--p 00019000 fc:01 2178                       /lib/x86_64-linux-gnu/libpthread-2.27.so
7f09ca961000-7f09ca962000 rw-p 0001a000 fc:01 2178                       /lib/x86_64-linux-gnu/libpthread-2.27.so
7f09ca962000-7f09ca966000 rw-p 00000000 00:00 0 
7f09ca966000-7f09ca969000 r-xp 00000000 fc:01 2086                       /lib/x86_64-linux-gnu/libdl-2.27.so
7f09ca969000-7f09cab68000 ---p 00003000 fc:01 2086                       /lib/x86_64-linux-gnu/libdl-2.27.so
7f09cab68000-7f09cab69000 r--p 00002000 fc:01 2086                       /lib/x86_64-linux-gnu/libdl-2.27.so
7f09cab69000-7f09cab6a000 rw-p 00003000 fc:01 2086                       /lib/x86_64-linux-gnu/libdl-2.27.so
7f09cab6a000-7f09cab86000 r-xp 00000000 fc:01 2183                       /lib/x86_64-linux-gnu/libz.so.1.2.11
7f09cab86000-7f09cad85000 ---p 0001c000 fc:01 2183                       /lib/x86_64-linux-gnu/libz.so.1.2.11
7f09cad85000-7f09cad86000 r--p 0001b000 fc:01 2183                       /lib/x86_64-linux-gnu/libz.so.1.2.11
7f09cad86000-7f09cad87000 rw-p 0001c000 fc:01 2183                       /lib/x86_64-linux-gnu/libz.so.1.2.11
7f09cad87000-7f09caf6e000 r-xp 00000000 fc:01 2083                       /lib/x86_64-linux-gnu/libc-2.27.so
7f09caf6e000-7f09cb16e000 ---p 001e7000 fc:01 2083                       /lib/x86_64-linux-gnu/libc-2.27.so
7f09cb16e000-7f09cb172000 r--p 001e7000 fc:01 2083                       /lib/x86_64-linux-gnu/libc-2.27.so
7f09cb172000-7f09cb174000 rw-p 001eb000 fc:01 2083                       /lib/x86_64-linux-gnu/libc-2.27.so
7f09cb174000-7f09cb178000 rw-p 00000000 00:00 0 
7f09cb178000-7f09cb186000 r-xp 00000000 fc:01 1555499                    /usr/lib/jvm/java-8-openjdk-amd64/jre/lib/amd64/jli/libjli.so
7f09cb186000-7f09cb385000 ---p 0000e000 fc:01 1555499                    /usr/lib/jvm/java-8-openjdk-amd64/jre/lib/amd64/jli/libjli.so
7f09cb385000-7f09cb386000 r--p 0000d000 fc:01 1555499                    /usr/lib/jvm/java-8-openjdk-amd64/jre/lib/amd64/jli/libjli.so
7f09cb386000-7f09cb387000 rw-p 0000e000 fc:01 1555499                    /usr/lib/jvm/java-8-openjdk-amd64/jre/lib/amd64/jli/libjli.so
7f09cb387000-7f09cb3ae000 r-xp 00000000 fc:01 2079                       /lib/x86_64-linux-gnu/ld-2.27.so
7f09cb3ae000-7f09cb3af000 r--s 0000d000 fc:01 1555513                    /usr/lib/jvm/java-8-openjdk-amd64/jre/lib/ext/sunec.jar
7f09cb3af000-7f09cb3b1000 r--s 00001000 fc:01 1555508                    /usr/lib/jvm/java-8-openjdk-amd64/jre/lib/ext/dnsns.jar
7f09cb3b1000-7f09cb3b4000 r--s 0000f000 fc:01 1555509                    /usr/lib/jvm/java-8-openjdk-amd64/jre/lib/ext/icedtea-sound.jar
7f09cb3b4000-7f09cb3be000 r--s 00116000 fc:01 1555511                    /usr/lib/jvm/java-8-openjdk-amd64/jre/lib/ext/localedata.jar
7f09cb3be000-7f09cb3bf000 r--p 00000000 fc:01 7807                       /usr/lib/locale/C.UTF-8/LC_NUMERIC
7f09cb3bf000-7f09cb3c0000 r--p 00000000 fc:01 7810                       /usr/lib/locale/C.UTF-8/LC_TIME
7f09cb3c0000-7f09cb3c1000 r--p 00000000 fc:01 7805                       /usr/lib/locale/C.UTF-8/LC_MONETARY
7f09cb3c1000-7f09cb3c2000 r--p 00000000 fc:01 7799                       /usr/lib/locale/C.UTF-8/LC_MESSAGES/SYS_LC_MESSAGES
7f09cb3c2000-7f09cb3c3000 r--p 00000000 fc:01 7808                       /usr/lib/locale/C.UTF-8/LC_PAPER
7f09cb3c3000-7f09cb3c4000 r--p 00000000 fc:01 7806                       /usr/lib/locale/C.UTF-8/LC_NAME
7f09cb3c4000-7f09cb3c5000 r--p 00000000 fc:01 7800                       /usr/lib/locale/C.UTF-8/LC_ADDRESS
7f09cb3c5000-7f09cb3c6000 r--p 00000000 fc:01 7809                       /usr/lib/locale/C.UTF-8/LC_TELEPHONE
7f09cb3c6000-7f09cb3c7000 r--p 00000000 fc:01 7804                       /usr/lib/locale/C.UTF-8/LC_MEASUREMENT
7f09cb3c7000-7f09cb3ce000 r--s 00000000 fc:01 5010                       /usr/lib/x86_64-linux-gnu/gconv/gconv-modules.cache
7f09cb3ce000-7f09cb3cf000 r--p 00000000 fc:01 7803                       /usr/lib/locale/C.UTF-8/LC_IDENTIFICATION
7f09cb3cf000-7f09cb3d5000 rw-p 00000000 00:00 0 
7f09cb3d5000-7f09cb422000 ---p 00000000 00:00 0 
7f09cb422000-7f09cb425000 rw-p 00000000 00:00 0 
7f09cb425000-7f09cb44b000 ---p 00000000 00:00 0 
7f09cb44b000-7f09cb451000 rw-p 00000000 00:00 0 
7f09cb451000-7f09cb49e000 ---p 00000000 00:00 0 
7f09cb49e000-7f09cb49f000 rw-p 00000000 00:00 0 
7f09cb49f000-7f09cb4a0000 ---p 00000000 00:00 0 
7f09cb4a0000-7f09cb4a3000 ---p 00000000 00:00 0 
7f09cb4a3000-7f09cb5a2000 rw-p 00000000 00:00 0 
7f09cb5a2000-7f09cb5aa000 rw-s 00000000 fc:01 1039839                    /tmp/hsperfdata_mpiuser/5131
7f09cb5aa000-7f09cb5ab000 rw-p 00000000 00:00 0 
7f09cb5ab000-7f09cb5ac000 r--p 00000000 00:00 0 
7f09cb5ac000-7f09cb5ae000 rw-p 00000000 00:00 0 
7f09cb5ae000-7f09cb5af000 r--p 00027000 fc:01 2079                       /lib/x86_64-linux-gnu/ld-2.27.so
7f09cb5af000-7f09cb5b0000 rw-p 00028000 fc:01 2079                       /lib/x86_64-linux-gnu/ld-2.27.so
7f09cb5b0000-7f09cb5b1000 rw-p 00000000 00:00 0 
7ffd5fd4a000-7ffd5fd6b000 rw-p 00000000 00:00 0                          [stack]
7ffd5fd8b000-7ffd5fd8e000 r--p 00000000 00:00 0                          [vvar]
7ffd5fd8e000-7ffd5fd90000 r-xp 00000000 00:00 0                          [vdso]
ffffffffff600000-ffffffffff601000 r-xp 00000000 00:00 0                  [vsyscall]

VM Arguments:
jvm_args: -Djava.library.path=/usr/local/lib 
java_command: Client 1000000 100 0
java_class_path (initial): /home/mpiuser/cloud/fyp/java_client:./lib/spring-jcl-5.2.5.RELEASE.jar:./lib/jackson-databind-2.10.3.jar:./lib/jackson-databind-2.10.2.jar:./lib/slf4j-simple-1.7.30.jar:./lib/amqp-client-5.8.0.jar:./lib/spring-web-5.2.5.RELEASE.jar:./lib/jackson-annotations-2.10.3.jar:./lib/mpi.jar:./lib/spring-beans-5.2.5.RELEASE.jar:./lib/jackson-annotations-2.10.2.jar:./lib/jackson-core-2.10.2.jar:./lib/jackson-core-2.10.3.jar:./lib/slf4j-api-1.7.29.jar:./lib/spring-core-5.2.5.RELEASE.jar:./lib/slf4j-api-1.7.30.jar:./lib/http-client-3.6.1.RELEASE.jar:/usr/local/lib/mpi.jar
Launcher Type: SUN_STANDARD

Environment Variables:
PATH=/usr/local/sbin:/usr/local/bin:/usr/sbin:/usr/bin:/sbin:/bin:/usr/games:/usr/local/games:/snap/bin
SHELL=/bin/bash

Signal Handlers:
SIGSEGV: [libjvm.so+0xabc3b0], sa_mask[0]=11111111011111111101111111111110, sa_flags=SA_RESTART|SA_SIGINFO
SIGBUS: [libjvm.so+0xabc3b0], sa_mask[0]=11111111011111111101111111111110, sa_flags=SA_RESTART|SA_SIGINFO
SIGFPE: [libjvm.so+0x8f0bb0], sa_mask[0]=11111111011111111101111111111110, sa_flags=SA_RESTART|SA_SIGINFO
SIGPIPE: [libjvm.so+0x8f0bb0], sa_mask[0]=11111111011111111101111111111110, sa_flags=SA_RESTART|SA_SIGINFO
SIGXFSZ: [libjvm.so+0x8f0bb0], sa_mask[0]=11111111011111111101111111111110, sa_flags=SA_RESTART|SA_SIGINFO
SIGILL: [libjvm.so+0x8f0bb0], sa_mask[0]=11111111011111111101111111111110, sa_flags=SA_RESTART|SA_SIGINFO
SIGUSR1: SIG_DFL, sa_mask[0]=00000000000000000000000000000000, sa_flags=none
SIGUSR2: [libjvm.so+0x8f0a60], sa_mask[0]=00000000000000000000000000000000, sa_flags=SA_RESTART|SA_SIGINFO
SIGHUP: [libjvm.so+0x8f10d0], sa_mask[0]=11111111011111111101111111111110, sa_flags=SA_RESTART|SA_SIGINFO
SIGINT: [libjvm.so+0x8f10d0], sa_mask[0]=11111111011111111101111111111110, sa_flags=SA_RESTART|SA_SIGINFO
SIGTERM: [libjvm.so+0x8f10d0], sa_mask[0]=11111111011111111101111111111110, sa_flags=SA_RESTART|SA_SIGINFO
SIGQUIT: [libjvm.so+0x8f10d0], sa_mask[0]=11111111011111111101111111111110, sa_flags=SA_RESTART|SA_SIGINFO


---------------  S Y S T E M  ---------------

OS:DISTRIB_ID=Ubuntu
DISTRIB_RELEASE=18.04
DISTRIB_CODENAME=bionic
DISTRIB_DESCRIPTION="Ubuntu 18.04.3 LTS"

uname:Linux 4.15.0-91-generic #92-Ubuntu SMP Fri Feb 28 11:09:48 UTC 2020 x86_64
libc:glibc 2.27 NPTL 2.27 
rlimit: STACK 8192k, CORE 0k, NPROC 3837, NOFILE 1048576, AS infinity
load average:22.55 4.80 1.56

/proc/meminfo:
MemTotal:        1008492 kB
MemFree:           92868 kB
MemAvailable:      48660 kB
Buffers:            2068 kB
Cached:            33640 kB
SwapCached:            0 kB
Active:           771528 kB
Inactive:           8940 kB
Active(anon):     746312 kB
Inactive(anon):      252 kB
Active(file):      25216 kB
Inactive(file):     8688 kB
Unevictable:           0 kB
Mlocked:               0 kB
SwapTotal:             0 kB
SwapFree:              0 kB
Dirty:               516 kB
Writeback:             0 kB
AnonPages:        733472 kB
Mapped:            23648 kB
Shmem:               648 kB
Slab:              68280 kB
SReclaimable:      20356 kB
SUnreclaim:        47924 kB
KernelStack:       12368 kB
PageTables:        23416 kB
NFS_Unstable:          0 kB
Bounce:                0 kB
WritebackTmp:          0 kB
CommitLimit:      504244 kB
Committed_AS:    4352992 kB
VmallocTotal:   34359738367 kB
VmallocUsed:           0 kB
VmallocChunk:          0 kB
HardwareCorrupted:     0 kB
AnonHugePages:         0 kB
ShmemHugePages:        0 kB
ShmemPmdMapped:        0 kB
CmaTotal:              0 kB
CmaFree:               0 kB
HugePages_Total:       0
HugePages_Free:        0
HugePages_Rsvd:        0
HugePages_Surp:        0
Hugepagesize:       2048 kB
DirectMap4k:       83948 kB
DirectMap2M:      964608 kB
DirectMap1G:           0 kB

container (cgroup) information:
container_type: cgroupv1
cpu_cpuset_cpus: 0-2
cpu_memory_nodes: 0
active_processor_count: 3
cpu_quota: -1
cpu_period: 100000
cpu_shares: -1
memory_limit_in_bytes: -1
memory_and_swap_limit_in_bytes: -2
memory_soft_limit_in_bytes: -1
memory_usage_in_bytes: 742842368
memory_max_usage_in_bytes: 817807360


CPU:total 3 (initial active 3) (1 cores per cpu, 1 threads per core) family 6 model 85 stepping 4, cmov, cx8, fxsr, mmx, sse, sse2, sse3, ssse3, sse4.1, sse4.2, popcnt, avx, avx2, aes, clmul, erms, 3dnowpref, lzcnt, tsc, bmi1, bmi2, adx

/proc/cpuinfo:
processor	: 0
vendor_id	: GenuineIntel
cpu family	: 6
model		: 85
model name	: Intel(R) Xeon(R) Gold 6140 CPU @ 2.30GHz
stepping	: 4
microcode	: 0x1
cpu MHz		: 2294.608
cache size	: 4096 KB
physical id	: 0
siblings	: 1
core id		: 0
cpu cores	: 1
apicid		: 0
initial apicid	: 0
fpu		: yes
fpu_exception	: yes
cpuid level	: 13
wp		: yes
flags		: fpu vme de pse tsc msr pae mce cx8 apic sep mtrr pge mca cmov pat pse36 clflush mmx fxsr sse sse2 ss syscall nx pdpe1gb rdtscp lm constant_tsc arch_perfmon rep_good nopl cpuid tsc_known_freq pni pclmulqdq vmx ssse3 fma cx16 pcid sse4_1 sse4_2 x2apic movbe popcnt tsc_deadline_timer aes xsave avx f16c rdrand hypervisor lahf_lm abm 3dnowprefetch cpuid_fault invpcid_single pti ssbd ibrs ibpb tpr_shadow vnmi flexpriority ept vpid fsgsbase tsc_adjust bmi1 avx2 smep bmi2 erms invpcid mpx avx512f avx512dq rdseed adx smap clflushopt clwb avx512cd avx512bw avx512vl xsaveopt xsavec xgetbv1 pku ospke md_clear
bugs		: cpu_meltdown spectre_v1 spectre_v2 spec_store_bypass l1tf mds swapgs itlb_multihit
bogomips	: 4589.21
clflush size	: 64
cache_alignment	: 64
address sizes	: 40 bits physical, 48 bits virtual
power management:

processor	: 1
vendor_id	: GenuineIntel
cpu family	: 6
model		: 85
model name	: Intel(R) Xeon(R) Gold 6140 CPU @ 2.30GHz
stepping	: 4
microcode	: 0x1
cpu MHz		: 2294.608
cache size	: 4096 KB
physical id	: 1
siblings	: 1
core id		: 0
cpu cores	: 1
apicid		: 1
initial apicid	: 1
fpu		: yes
fpu_exception	: yes
cpuid level	: 13
wp		: yes
flags		: fpu vme de pse tsc msr pae mce cx8 apic sep mtrr pge mca cmov pat pse36 clflush mmx fxsr sse sse2 ss syscall nx pdpe1gb rdtscp lm constant_tsc arch_perfmon rep_good nopl cpuid tsc_known_freq pni pclmulqdq vmx ssse3 fma cx16 pcid sse4_1 sse4_2 x2apic movbe popcnt tsc_deadline_timer aes xsave avx f16c rdrand hypervisor lahf_lm abm 3dnowprefetch cpuid_fault invpcid_single pti ssbd ibrs ibpb tpr_shadow vnmi flexpriority ept vpid fsgsbase tsc_adjust bmi1 avx2 smep bmi2 erms invpcid mpx avx512f avx512dq rdseed adx smap clflushopt clwb avx512cd avx512bw avx512vl xsaveopt xsavec xgetbv1 pku ospke md_clear
bugs		: cpu_meltdown spectre_v1 spectre_v2 spec_store_bypass l1tf mds swapgs itlb_multihit
bogomips	: 4589.21
clflush size	: 64
cache_alignment	: 64
address sizes	: 40 bits physical, 48 bits virtual
power management:

processor	: 2
vendor_id	: GenuineIntel
cpu family	: 6
model		: 85
model name	: Intel(R) Xeon(R) Gold 6140 CPU @ 2.30GHz
stepping	: 4
microcode	: 0x1
cpu MHz		: 2294.608
cache size	: 4096 KB
physical id	: 2
siblings	: 1
core id		: 0
cpu cores	: 1
apicid		: 2
initial apicid	: 2
fpu		: yes
fpu_exception	: yes
cpuid level	: 13
wp		: yes
flags		: fpu vme de pse tsc msr pae mce cx8 apic sep mtrr pge mca cmov pat pse36 clflush mmx fxsr sse sse2 ss syscall nx pdpe1gb rdtscp lm constant_tsc arch_perfmon rep_good nopl cpuid tsc_known_freq pni pclmulqdq vmx ssse3 fma cx16 pcid sse4_1 sse4_2 x2apic movbe popcnt tsc_deadline_timer aes xsave avx f16c rdrand hypervisor lahf_lm abm 3dnowprefetch cpuid_fault invpcid_single pti ssbd ibrs ibpb tpr_shadow vnmi flexpriority ept vpid fsgsbase tsc_adjust bmi1 avx2 smep bmi2 erms invpcid mpx avx512f avx512dq rdseed adx smap clflushopt clwb avx512cd avx512bw avx512vl xsaveopt xsavec xgetbv1 pku ospke md_clear
bugs		: cpu_meltdown spectre_v1 spectre_v2 spec_store_bypass l1tf mds swapgs itlb_multihit
bogomips	: 4589.21
clflush size	: 64
cache_alignment	: 64
address sizes	: 40 bits physical, 48 bits virtual
power management:



Memory: 4k page, physical 1008492k(101356k free), swap 0k(0k free)

vm_info: OpenJDK 64-Bit Server VM (25.242-b08) for linux-amd64 JRE (1.8.0_242-8u242-b08-0ubuntu3~18.04-b08), built on Jan 17 2020 23:41:21 by "buildd" with gcc 7.4.0

time: Mon Apr  6 11:39:59 2020
timezone: UTC
elapsed time: 9 seconds (0d 0h 0m 9s)

