#
# There is insufficient memory for the Java Runtime Environment to continue.
# Native memory allocation (mmap) failed to map 262144 bytes for committing reserved memory.
# Possible reasons:
#   The system is out of physical RAM or swap space
#   The process is running with CompressedOops enabled, and the Java Heap may be blocking the growth of the native heap
# Possible solutions:
#   Reduce memory load on the system
#   Increase physical memory or swap space
#   Check if swap backing store is full
#   Decrease Java heap size (-Xmx/-Xms)
#   Decrease number of Java threads
#   Decrease Java thread stack sizes (-Xss)
#   Set larger code cache with -XX:ReservedCodeCacheSize=
#   JVM is running with Unscaled Compressed Oops mode in which the Java heap is
#     placed in the first 4GB address space. The Java Heap base address is the
#     maximum limit for the native heap growth. Please use -XX:HeapBaseMinAddress
#     to set the Java Heap base and to place the Java Heap above 4GB virtual address.
# This output file may be truncated or incomplete.
#
#  Out of Memory Error (os_linux.cpp:2757), pid=7998, tid=0x00007fe1939af700
#
# JRE version: OpenJDK Runtime Environment (8.0_242-b08) (build 1.8.0_242-8u242-b08-0ubuntu3~18.04-b08)
# Java VM: OpenJDK 64-Bit Server VM (25.242-b08 mixed mode linux-amd64 compressed oops)
# Failed to write core dump. Core dumps have been disabled. To enable core dumping, try "ulimit -c unlimited" before starting Java again
#

---------------  T H R E A D  ---------------

Current thread (0x00007fe18c00b800):  JavaThread "main" [_thread_in_vm, id=8016, stack(0x00007fe1938b0000,0x00007fe1939b0000)]

Stack: [0x00007fe1938b0000,0x00007fe1939b0000],  sp=0x00007fe1939a9b70,  free space=998k
Native frames: (J=compiled Java code, j=interpreted, Vv=VM code, C=native code)
V  [libjvm.so+0xabba52]
V  [libjvm.so+0x4de2e7]
V  [libjvm.so+0x8f59f0]
V  [libjvm.so+0x8ecabe]
V  [libjvm.so+0xab8220]
V  [libjvm.so+0x86dc39]
V  [libjvm.so+0x86f96f]
V  [libjvm.so+0x87026b]
V  [libjvm.so+0x870ce5]
V  [libjvm.so+0x877d14]
V  [libjvm.so+0x4341d7]
V  [libjvm.so+0x4355bc]
V  [libjvm.so+0x437475]
V  [libjvm.so+0xa259c7]
V  [libjvm.so+0x6c9d8c]
V  [libjvm.so+0x6cb77b]  JVM_DefineClassWithSource+0x8b
C  [libjava.so+0xd98d]  Java_java_lang_ClassLoader_defineClass1+0x17d
j  java.lang.ClassLoader.defineClass1(Ljava/lang/String;[BIILjava/security/ProtectionDomain;Ljava/lang/String;)Ljava/lang/Class;+0
j  java.lang.ClassLoader.defineClass(Ljava/lang/String;[BIILjava/security/ProtectionDomain;)Ljava/lang/Class;+27
j  java.security.SecureClassLoader.defineClass(Ljava/lang/String;[BIILjava/security/CodeSource;)Ljava/lang/Class;+12
j  java.net.URLClassLoader.defineClass(Ljava/lang/String;Lsun/misc/Resource;)Ljava/lang/Class;+138
J 396 C1 java.net.URLClassLoader$1.run()Ljava/lang/Class; (63 bytes) @ 0x00007fe17d20084c [0x00007fe17d2005a0+0x2ac]
J 369 C1 java.net.URLClassLoader$1.run()Ljava/lang/Object; (5 bytes) @ 0x00007fe17d1db3cc [0x00007fe17d1db340+0x8c]
v  ~StubRoutines::call_stub
V  [libjvm.so+0x68488a]
V  [libjvm.so+0x6da110]  JVM_DoPrivileged+0x550
J 335  java.security.AccessController.doPrivileged(Ljava/security/PrivilegedExceptionAction;Ljava/security/AccessControlContext;)Ljava/lang/Object; (0 bytes) @ 0x00007fe17d1c1dd5 [0x00007fe17d1c1d00+0xd5]
J 368 C1 java.net.URLClassLoader.findClass(Ljava/lang/String;)Ljava/lang/Class; (47 bytes) @ 0x00007fe17d1dab44 [0x00007fe17d1da9c0+0x184]
J 167 C1 java.lang.ClassLoader.loadClass(Ljava/lang/String;Z)Ljava/lang/Class; (122 bytes) @ 0x00007fe17d16bfdc [0x00007fe17d16b680+0x95c]
J 391 C1 sun.misc.Launcher$AppClassLoader.loadClass(Ljava/lang/String;Z)Ljava/lang/Class; (85 bytes) @ 0x00007fe17d1ee6cc [0x00007fe17d1edd40+0x98c]
J 390 C1 java.lang.ClassLoader.loadClass(Ljava/lang/String;)Ljava/lang/Class; (7 bytes) @ 0x00007fe17d1ef144 [0x00007fe17d1ef040+0x104]
v  ~StubRoutines::call_stub
V  [libjvm.so+0x68488a]
V  [libjvm.so+0x681e6b]
V  [libjvm.so+0x6824d4]
V  [libjvm.so+0xa2c0a4]
V  [libjvm.so+0xa2aa2b]
V  [libjvm.so+0xa2c98c]
V  [libjvm.so+0xa96a77]
V  [libjvm.so+0xa9b384]
V  [libjvm.so+0xaa270c]
V  [libjvm.so+0xaa7e30]
V  [libjvm.so+0xaa848b]
V  [libjvm.so+0x6375d4]
V  [libjvm.so+0x63dab7]
V  [libjvm.so+0x63e020]
V  [libjvm.so+0x671bb5]
j  com.rabbitmq.client.impl.recovery.RecoveryAwareAMQConnection.instantiateChannelManager(ILjava/util/concurrent/ThreadFactory;)Lcom/rabbitmq/client/impl/recovery/RecoveryAwareChannelManager;+0
j  com.rabbitmq.client.impl.recovery.RecoveryAwareAMQConnection.instantiateChannelManager(ILjava/util/concurrent/ThreadFactory;)Lcom/rabbitmq/client/impl/ChannelManager;+3
j  com.rabbitmq.client.impl.AMQConnection.start()V+611
j  com.rabbitmq.client.impl.recovery.RecoveryAwareAMQConnectionFactory.newConnection()Lcom/rabbitmq/client/impl/recovery/RecoveryAwareAMQConnection;+77
j  com.rabbitmq.client.impl.recovery.AutorecoveringConnection.init()V+5
j  com.rabbitmq.client.ConnectionFactory.newConnection(Ljava/util/concurrent/ExecutorService;Lcom/rabbitmq/client/AddressResolver;Ljava/lang/String;)Lcom/rabbitmq/client/Connection;+94
j  com.rabbitmq.client.ConnectionFactory.newConnection(Ljava/util/concurrent/ExecutorService;Ljava/util/List;Ljava/lang/String;)Lcom/rabbitmq/client/Connection;+8
j  com.rabbitmq.client.ConnectionFactory.newConnection(Ljava/util/concurrent/ExecutorService;Ljava/util/List;)Lcom/rabbitmq/client/Connection;+4
j  com.rabbitmq.client.ConnectionFactory.newConnection()Lcom/rabbitmq/client/Connection;+23
j  Client.subscribeToQueue()V+25
j  Client.prepareExperiment(III)V+152
j  Client.main([Ljava/lang/String;)V+32
v  ~StubRoutines::call_stub
V  [libjvm.so+0x68488a]
V  [libjvm.so+0x6a9747]
V  [libjvm.so+0x6ac203]
C  [libjli.so+0x36d6]
C  [libjli.so+0x78cd]
C  [libpthread.so.0+0x76db]  start_thread+0xdb

Java frames: (J=compiled Java code, j=interpreted, Vv=VM code)
j  java.lang.ClassLoader.defineClass1(Ljava/lang/String;[BIILjava/security/ProtectionDomain;Ljava/lang/String;)Ljava/lang/Class;+0
j  java.lang.ClassLoader.defineClass(Ljava/lang/String;[BIILjava/security/ProtectionDomain;)Ljava/lang/Class;+27
j  java.security.SecureClassLoader.defineClass(Ljava/lang/String;[BIILjava/security/CodeSource;)Ljava/lang/Class;+12
j  java.net.URLClassLoader.defineClass(Ljava/lang/String;Lsun/misc/Resource;)Ljava/lang/Class;+138
J 396 C1 java.net.URLClassLoader$1.run()Ljava/lang/Class; (63 bytes) @ 0x00007fe17d20084c [0x00007fe17d2005a0+0x2ac]
J 369 C1 java.net.URLClassLoader$1.run()Ljava/lang/Object; (5 bytes) @ 0x00007fe17d1db3cc [0x00007fe17d1db340+0x8c]
v  ~StubRoutines::call_stub
J 335  java.security.AccessController.doPrivileged(Ljava/security/PrivilegedExceptionAction;Ljava/security/AccessControlContext;)Ljava/lang/Object; (0 bytes) @ 0x00007fe17d1c1d63 [0x00007fe17d1c1d00+0x63]
J 368 C1 java.net.URLClassLoader.findClass(Ljava/lang/String;)Ljava/lang/Class; (47 bytes) @ 0x00007fe17d1dab44 [0x00007fe17d1da9c0+0x184]
J 167 C1 java.lang.ClassLoader.loadClass(Ljava/lang/String;Z)Ljava/lang/Class; (122 bytes) @ 0x00007fe17d16bfdc [0x00007fe17d16b680+0x95c]
J 391 C1 sun.misc.Launcher$AppClassLoader.loadClass(Ljava/lang/String;Z)Ljava/lang/Class; (85 bytes) @ 0x00007fe17d1ee6cc [0x00007fe17d1edd40+0x98c]
J 390 C1 java.lang.ClassLoader.loadClass(Ljava/lang/String;)Ljava/lang/Class; (7 bytes) @ 0x00007fe17d1ef144 [0x00007fe17d1ef040+0x104]
v  ~StubRoutines::call_stub
j  com.rabbitmq.client.impl.recovery.RecoveryAwareAMQConnection.instantiateChannelManager(ILjava/util/concurrent/ThreadFactory;)Lcom/rabbitmq/client/impl/recovery/RecoveryAwareChannelManager;+0
j  com.rabbitmq.client.impl.recovery.RecoveryAwareAMQConnection.instantiateChannelManager(ILjava/util/concurrent/ThreadFactory;)Lcom/rabbitmq/client/impl/ChannelManager;+3
j  com.rabbitmq.client.impl.AMQConnection.start()V+611
j  com.rabbitmq.client.impl.recovery.RecoveryAwareAMQConnectionFactory.newConnection()Lcom/rabbitmq/client/impl/recovery/RecoveryAwareAMQConnection;+77
j  com.rabbitmq.client.impl.recovery.AutorecoveringConnection.init()V+5
j  com.rabbitmq.client.ConnectionFactory.newConnection(Ljava/util/concurrent/ExecutorService;Lcom/rabbitmq/client/AddressResolver;Ljava/lang/String;)Lcom/rabbitmq/client/Connection;+94
j  com.rabbitmq.client.ConnectionFactory.newConnection(Ljava/util/concurrent/ExecutorService;Ljava/util/List;Ljava/lang/String;)Lcom/rabbitmq/client/Connection;+8
j  com.rabbitmq.client.ConnectionFactory.newConnection(Ljava/util/concurrent/ExecutorService;Ljava/util/List;)Lcom/rabbitmq/client/Connection;+4
j  com.rabbitmq.client.ConnectionFactory.newConnection()Lcom/rabbitmq/client/Connection;+23
j  Client.subscribeToQueue()V+25
j  Client.prepareExperiment(III)V+152
j  Client.main([Ljava/lang/String;)V+32
v  ~StubRoutines::call_stub

---------------  P R O C E S S  ---------------

Java Threads: ( => current thread )
  0x00007fe18c0cb000 JavaThread "AMQP Connection 68.183.253.43:5672" [_thread_in_native, id=8231, stack(0x00007fe147afe000,0x00007fe147bff000)]
  0x00007fe18c0d1800 JavaThread "Service Thread" daemon [_thread_blocked, id=8176, stack(0x00007fe1777ed000,0x00007fe1778ee000)]
  0x00007fe18c0b4800 JavaThread "C1 CompilerThread1" daemon [_thread_blocked, id=8175, stack(0x00007fe1778ef000,0x00007fe1779ef000)]
  0x00007fe18c0b2000 JavaThread "C2 CompilerThread0" daemon [_thread_blocked, id=8171, stack(0x00007fe1779f0000,0x00007fe177af0000)]
  0x00007fe18c0b0800 JavaThread "Signal Dispatcher" daemon [_thread_blocked, id=8164, stack(0x00007fe177af0000,0x00007fe177bf1000)]
  0x00007fe18c07e000 JavaThread "Finalizer" daemon [_thread_blocked, id=8082, stack(0x00007fe177eff000,0x00007fe178000000)]
  0x00007fe18c079800 JavaThread "Reference Handler" daemon [_thread_blocked, id=8080, stack(0x00007fe17c06e000,0x00007fe17c16f000)]
=>0x00007fe18c00b800 JavaThread "main" [_thread_in_vm, id=8016, stack(0x00007fe1938b0000,0x00007fe1939b0000)]

Other Threads:
  0x00007fe18c06f800 VMThread [stack: 0x00007fe17c170000,0x00007fe17c270000] [id=8067]
  0x00007fe18c0d4800 WatcherThread [stack: 0x00007fe1776ed000,0x00007fe1777ed000] [id=8177]

VM state:not at safepoint (normal execution)

VM Mutex/Monitor currently owned by a thread: None

heap address: 0x00000000f0800000, size: 248 MB, Compressed Oops mode: 32-bit
Narrow klass base: 0x0000000000000000, Narrow klass shift: 3
Compressed class space size: 1073741824 Address: 0x0000000100000000

Heap:
 def new generation   total 4928K, used 1642K [0x00000000f0800000, 0x00000000f0d50000, 0x00000000f5aa0000)
  eden space 4416K,  25% used [0x00000000f0800000, 0x00000000f091abb8, 0x00000000f0c50000)
  from space 512K, 100% used [0x00000000f0c50000, 0x00000000f0cd0000, 0x00000000f0cd0000)
  to   space 512K,   0% used [0x00000000f0cd0000, 0x00000000f0cd0000, 0x00000000f0d50000)
 tenured generation   total 10944K, used 1293K [0x00000000f5aa0000, 0x00000000f6550000, 0x0000000100000000)
   the space 10944K,  11% used [0x00000000f5aa0000, 0x00000000f5be3628, 0x00000000f5be3800, 0x00000000f6550000)
 Metaspace       used 6533K, capacity 6720K, committed 6784K, reserved 1056768K
  class space    used 739K, capacity 840K, committed 896K, reserved 1048576K

Card table byte_map: [0x00007fe193832000,0x00007fe1938af000] byte_map_base: 0x00007fe1930ae000

Polling page: 0x00007fe1939bb000

CodeCache: size=245760Kb used=2233Kb max_used=2248Kb free=243526Kb
 bounds [0x00007fe17d000000, 0x00007fe17d270000, 0x00007fe18c000000]
 total_blobs=792 nmethods=444 adapters=263
 compilation: enabled

Compilation events (10 events):
Event: 7.485 Thread 0x00007fe18c0b4800 nmethod 438 0x00007fe17d228a90 code [0x00007fe17d228ce0, 0x00007fe17d2298c8]
Event: 7.486 Thread 0x00007fe18c0b4800  439   !   3       sun.misc.URLClassPath$JarLoader::checkResource (55 bytes)
Event: 7.486 Thread 0x00007fe18c0b4800 nmethod 439 0x00007fe17d229d10 code [0x00007fe17d229ee0, 0x00007fe17d22a528]
Event: 7.486 Thread 0x00007fe18c0b4800  440       3       java.lang.Package::isSealed (13 bytes)
Event: 7.486 Thread 0x00007fe18c0b4800 nmethod 440 0x00007fe17d22a890 code [0x00007fe17d22aa00, 0x00007fe17d22abb0]
Event: 7.486 Thread 0x00007fe18c0b4800  441       3       java.net.URLClassLoader::isSealed (70 bytes)
Event: 7.487 Thread 0x00007fe18c0b4800 nmethod 441 0x00007fe17d22ac10 code [0x00007fe17d22ae60, 0x00007fe17d22ba68]
Event: 7.743 Thread 0x00007fe18c0b2000  442  s!   4       sun.misc.URLClassPath::getLoader (243 bytes)
Event: 7.949 Thread 0x00007fe18c0b4800  443       3       java.lang.String::checkBounds (46 bytes)
Event: 7.949 Thread 0x00007fe18c0b4800 nmethod 443 0x00007fe17d22c1d0 code [0x00007fe17d22c380, 0x00007fe17d22c6e8]

GC Heap History (4 events):
Event: 5.196 GC heap before
{Heap before GC invocations=0 (full 0):
 def new generation   total 4928K, used 4416K [0x00000000f0800000, 0x00000000f0d50000, 0x00000000f5aa0000)
  eden space 4416K, 100% used [0x00000000f0800000, 0x00000000f0c50000, 0x00000000f0c50000)
  from space 512K,   0% used [0x00000000f0c50000, 0x00000000f0c50000, 0x00000000f0cd0000)
  to   space 512K,   0% used [0x00000000f0cd0000, 0x00000000f0cd0000, 0x00000000f0d50000)
 tenured generation   total 10944K, used 0K [0x00000000f5aa0000, 0x00000000f6550000, 0x0000000100000000)
   the space 10944K,   0% used [0x00000000f5aa0000, 0x00000000f5aa0000, 0x00000000f5aa0200, 0x00000000f6550000)
 Metaspace       used 4971K, capacity 5224K, committed 5504K, reserved 1056768K
  class space    used 532K, capacity 596K, committed 640K, reserved 1048576K
Event: 5.199 GC heap after
Heap after GC invocations=1 (full 0):
 def new generation   total 4928K, used 511K [0x00000000f0800000, 0x00000000f0d50000, 0x00000000f5aa0000)
  eden space 4416K,   0% used [0x00000000f0800000, 0x00000000f0800000, 0x00000000f0c50000)
  from space 512K,  99% used [0x00000000f0cd0000, 0x00000000f0d4fff8, 0x00000000f0d50000)
  to   space 512K,   0% used [0x00000000f0c50000, 0x00000000f0c50000, 0x00000000f0cd0000)
 tenured generation   total 10944K, used 578K [0x00000000f5aa0000, 0x00000000f6550000, 0x0000000100000000)
   the space 10944K,   5% used [0x00000000f5aa0000, 0x00000000f5b30988, 0x00000000f5b30a00, 0x00000000f6550000)
 Metaspace       used 4971K, capacity 5224K, committed 5504K, reserved 1056768K
  class space    used 532K, capacity 596K, committed 640K, reserved 1048576K
}
Event: 7.332 GC heap before
{Heap before GC invocations=1 (full 0):
 def new generation   total 4928K, used 4927K [0x00000000f0800000, 0x00000000f0d50000, 0x00000000f5aa0000)
  eden space 4416K, 100% used [0x00000000f0800000, 0x00000000f0c50000, 0x00000000f0c50000)
  from space 512K,  99% used [0x00000000f0cd0000, 0x00000000f0d4fff8, 0x00000000f0d50000)
  to   space 512K,   0% used [0x00000000f0c50000, 0x00000000f0c50000, 0x00000000f0cd0000)
 tenured generation   total 10944K, used 578K [0x00000000f5aa0000, 0x00000000f6550000, 0x0000000100000000)
   the space 10944K,   5% used [0x00000000f5aa0000, 0x00000000f5b30988, 0x00000000f5b30a00, 0x00000000f6550000)
 Metaspace       used 6235K, capacity 6400K, committed 6528K, reserved 1056768K
  class space    used 707K, capacity 776K, committed 896K, reserved 1048576K
Event: 7.345 GC heap after
Heap after GC invocations=2 (full 0):
 def new generation   total 4928K, used 512K [0x00000000f0800000, 0x00000000f0d50000, 0x00000000f5aa0000)
  eden space 4416K,   0% used [0x00000000f0800000, 0x00000000f0800000, 0x00000000f0c50000)
  from space 512K, 100% used [0x00000000f0c50000, 0x00000000f0cd0000, 0x00000000f0cd0000)
  to   space 512K,   0% used [0x00000000f0cd0000, 0x00000000f0cd0000, 0x00000000f0d50000)
 tenured generation   total 10944K, used 1293K [0x00000000f5aa0000, 0x00000000f6550000, 0x0000000100000000)
   the space 10944K,  11% used [0x00000000f5aa0000, 0x00000000f5be3628, 0x00000000f5be3800, 0x00000000f6550000)
 Metaspace       used 6235K, capacity 6400K, committed 6528K, reserved 1056768K
  class space    used 707K, capacity 776K, committed 896K, reserved 1048576K
}

Deoptimization events (0 events):
No events

Classes redefined (0 events):
No events

Internal exceptions (10 events):
Event: 0.911 Thread 0x00007fe18c00b800 Exception <a 'java/security/PrivilegedActionException'> (0x00000000f085e168) thrown at [/build/openjdk-8-58sEEn/openjdk-8-8u242-b08/src/hotspot/src/share/vm/prims/jvm.cpp, line 1502]
Event: 0.911 Thread 0x00007fe18c00b800 Exception <a 'java/security/PrivilegedActionException'> (0x00000000f085e378) thrown at [/build/openjdk-8-58sEEn/openjdk-8-8u242-b08/src/hotspot/src/share/vm/prims/jvm.cpp, line 1502]
Event: 2.340 Thread 0x00007fe18c00b800 Exception <a 'java/security/PrivilegedActionException'> (0x00000000f0981798) thrown at [/build/openjdk-8-58sEEn/openjdk-8-8u242-b08/src/hotspot/src/share/vm/prims/jvm.cpp, line 1502]
Event: 2.340 Thread 0x00007fe18c00b800 Exception <a 'java/security/PrivilegedActionException'> (0x00000000f0981b90) thrown at [/build/openjdk-8-58sEEn/openjdk-8-8u242-b08/src/hotspot/src/share/vm/prims/jvm.cpp, line 1502]
Event: 2.340 Thread 0x00007fe18c00b800 Exception <a 'java/security/PrivilegedActionException'> (0x00000000f0983e00) thrown at [/build/openjdk-8-58sEEn/openjdk-8-8u242-b08/src/hotspot/src/share/vm/prims/jvm.cpp, line 1502]
Event: 2.340 Thread 0x00007fe18c00b800 Exception <a 'java/security/PrivilegedActionException'> (0x00000000f09841f8) thrown at [/build/openjdk-8-58sEEn/openjdk-8-8u242-b08/src/hotspot/src/share/vm/prims/jvm.cpp, line 1502]
Event: 2.340 Thread 0x00007fe18c00b800 Exception <a 'java/security/PrivilegedActionException'> (0x00000000f0984eb8) thrown at [/build/openjdk-8-58sEEn/openjdk-8-8u242-b08/src/hotspot/src/share/vm/prims/jvm.cpp, line 1502]
Event: 2.340 Thread 0x00007fe18c00b800 Exception <a 'java/security/PrivilegedActionException'> (0x00000000f09852b0) thrown at [/build/openjdk-8-58sEEn/openjdk-8-8u242-b08/src/hotspot/src/share/vm/prims/jvm.cpp, line 1502]
Event: 4.710 Thread 0x00007fe18c00b800 Exception <a 'java/lang/NoSuchFieldError': method resolution failed> (0x00000000f0bfcee8) thrown at [/build/openjdk-8-58sEEn/openjdk-8-8u242-b08/src/hotspot/src/share/vm/prims/methodHandles.cpp, line 1167]
Event: 4.822 Thread 0x00007fe18c00b800 Exception <a 'java/lang/NoSuchFieldError': method resolution failed> (0x00000000f0c0a2e8) thrown at [/build/openjdk-8-58sEEn/openjdk-8-8u242-b08/src/hotspot/src/share/vm/prims/methodHandles.cpp, line 1167]

Events (10 events):
Event: 8.128 loading class java/math/BigDecimal
Event: 8.133 loading class java/math/BigDecimal done
Event: 8.134 loading class java/util/Date
Event: 8.212 loading class java/util/Date done
Event: 8.229 loading class java/sql/Timestamp
Event: 8.343 loading class java/sql/Timestamp done
Event: 9.603 Executing VM operation: RevokeBias
Event: 9.902 Executing VM operation: RevokeBias done
Event: 9.922 loading class com/rabbitmq/client/impl/ChannelN
Event: 9.922 loading class com/rabbitmq/client/impl/ChannelN done


Dynamic libraries:
f0800000-f0d50000 rw-p 00000000 00:00 0 
f0d50000-f5aa0000 ---p 00000000 00:00 0 
f5aa0000-f6550000 rw-p 00000000 00:00 0 
f6550000-100000000 ---p 00000000 00:00 0 
100000000-1000e0000 rw-p 00000000 00:00 0 
1000e0000-140000000 ---p 00000000 00:00 0 
55eb1352b000-55eb1352c000 r-xp 00000000 fc:01 1302575                    /usr/lib/jvm/java-8-openjdk-amd64/jre/bin/java
55eb1372b000-55eb1372c000 r--p 00000000 fc:01 1302575                    /usr/lib/jvm/java-8-openjdk-amd64/jre/bin/java
55eb1372c000-55eb1372d000 rw-p 00001000 fc:01 1302575                    /usr/lib/jvm/java-8-openjdk-amd64/jre/bin/java
55eb14312000-55eb14333000 rw-p 00000000 00:00 0                          [heap]
7fe138000000-7fe138021000 rw-p 00000000 00:00 0 
7fe138021000-7fe13c000000 ---p 00000000 00:00 0 
7fe13e6c2000-7fe13e6d9000 r-xp 00000000 fc:01 2179                       /lib/x86_64-linux-gnu/libresolv-2.27.so
7fe13e6d9000-7fe13e8d9000 ---p 00017000 fc:01 2179                       /lib/x86_64-linux-gnu/libresolv-2.27.so
7fe13e8d9000-7fe13e8da000 r--p 00017000 fc:01 2179                       /lib/x86_64-linux-gnu/libresolv-2.27.so
7fe13e8da000-7fe13e8db000 rw-p 00018000 fc:01 2179                       /lib/x86_64-linux-gnu/libresolv-2.27.so
7fe13e8db000-7fe13e8dd000 rw-p 00000000 00:00 0 
7fe13e8dd000-7fe13ecde000 rw-s 00000000 00:19 57                         /dev/shm/vader_segment.openmpi-master.2d380001.29 (deleted)
7fe13ecde000-7fe13f0df000 rw-s 00000000 00:19 53                         /dev/shm/vader_segment.openmpi-master.2d380001.28
7fe13f0df000-7fe13f4e0000 rw-s 00000000 00:19 62                         /dev/shm/vader_segment.openmpi-master.2d380001.26
7fe13f4e0000-7fe13f8e1000 rw-s 00000000 00:19 49                         /dev/shm/vader_segment.openmpi-master.2d380001.25
7fe13f8e1000-7fe13fce2000 rw-s 00000000 00:19 51                         /dev/shm/vader_segment.openmpi-master.2d380001.24
7fe13fce2000-7fe1400e3000 rw-s 00000000 00:19 55                         /dev/shm/vader_segment.openmpi-master.2d380001.23
7fe1400e3000-7fe1404e4000 rw-s 00000000 00:19 54                         /dev/shm/vader_segment.openmpi-master.2d380001.22
7fe1404e4000-7fe1408e5000 rw-s 00000000 00:19 46                         /dev/shm/vader_segment.openmpi-master.2d380001.21
7fe1408e5000-7fe140ce6000 rw-s 00000000 00:19 61                         /dev/shm/vader_segment.openmpi-master.2d380001.20
7fe140ce6000-7fe1410e7000 rw-s 00000000 00:19 59                         /dev/shm/vader_segment.openmpi-master.2d380001.19
7fe1410e7000-7fe1414e8000 rw-s 00000000 00:19 39                         /dev/shm/vader_segment.openmpi-master.2d380001.18
7fe1414e8000-7fe1418e9000 rw-s 00000000 00:19 56                         /dev/shm/vader_segment.openmpi-master.2d380001.17
7fe1418e9000-7fe141cea000 rw-s 00000000 00:19 37                         /dev/shm/vader_segment.openmpi-master.2d380001.16
7fe141cea000-7fe1420eb000 rw-s 00000000 00:19 45                         /dev/shm/vader_segment.openmpi-master.2d380001.15
7fe1420eb000-7fe1424ec000 rw-s 00000000 00:19 35                         /dev/shm/vader_segment.openmpi-master.2d380001.14
7fe1424ec000-7fe1428ed000 rw-s 00000000 00:19 36                         /dev/shm/vader_segment.openmpi-master.2d380001.13
7fe1428ed000-7fe142cee000 rw-s 00000000 00:19 30                         /dev/shm/vader_segment.openmpi-master.2d380001.12
7fe142cee000-7fe1430ef000 rw-s 00000000 00:19 26                         /dev/shm/vader_segment.openmpi-master.2d380001.11
7fe1430ef000-7fe1434f0000 rw-s 00000000 00:19 25                         /dev/shm/vader_segment.openmpi-master.2d380001.10
7fe1434f0000-7fe1438f1000 rw-s 00000000 00:19 31                         /dev/shm/vader_segment.openmpi-master.2d380001.9
7fe1438f1000-7fe143cf2000 rw-s 00000000 00:19 27                         /dev/shm/vader_segment.openmpi-master.2d380001.8
7fe143cf2000-7fe1440f3000 rw-s 00000000 00:19 24                         /dev/shm/vader_segment.openmpi-master.2d380001.7
7fe1440f3000-7fe1444f4000 rw-s 00000000 00:19 20                         /dev/shm/vader_segment.openmpi-master.2d380001.6
7fe1444f4000-7fe1448f5000 rw-s 00000000 00:19 18                         /dev/shm/vader_segment.openmpi-master.2d380001.5
7fe1448f5000-7fe144cf6000 rw-s 00000000 00:19 11                         /dev/shm/vader_segment.openmpi-master.2d380001.4
7fe144cf6000-7fe1450f7000 rw-s 00000000 00:19 5                          /dev/shm/vader_segment.openmpi-master.2d380001.3
7fe1450f7000-7fe1454f8000 rw-s 00000000 00:19 15                         /dev/shm/vader_segment.openmpi-master.2d380001.2
7fe1454f8000-7fe1458f9000 rw-s 00000000 00:19 14                         /dev/shm/vader_segment.openmpi-master.2d380001.1
7fe1458f9000-7fe145cfa000 rw-s 00000000 00:19 7                          /dev/shm/vader_segment.openmpi-master.2d380001.0
7fe145cfa000-7fe145d29000 r-xp 00000000 fc:01 782967                     /usr/local/lib/openmpi/mca_osc_rdma.so
7fe145d29000-7fe145f29000 ---p 0002f000 fc:01 782967                     /usr/local/lib/openmpi/mca_osc_rdma.so
7fe145f29000-7fe145f2a000 r--p 0002f000 fc:01 782967                     /usr/local/lib/openmpi/mca_osc_rdma.so
7fe145f2a000-7fe145f2b000 rw-p 00030000 fc:01 782967                     /usr/local/lib/openmpi/mca_osc_rdma.so
7fe145f2b000-7fe145f31000 r-xp 00000000 fc:01 782960                     /usr/local/lib/openmpi/mca_osc_sm.so
7fe145f31000-7fe146130000 ---p 00006000 fc:01 782960                     /usr/local/lib/openmpi/mca_osc_sm.so
7fe146130000-7fe146131000 r--p 00005000 fc:01 782960                     /usr/local/lib/openmpi/mca_osc_sm.so
7fe146131000-7fe146133000 rw-p 00006000 fc:01 782960                     /usr/local/lib/openmpi/mca_osc_sm.so
7fe14633f000-7fe146360000 r-xp 00000000 fc:01 782965                     /usr/local/lib/openmpi/mca_osc_pt2pt.so
7fe146360000-7fe14655f000 ---p 00021000 fc:01 782965                     /usr/local/lib/openmpi/mca_osc_pt2pt.so
7fe14655f000-7fe146560000 r--p 00020000 fc:01 782965                     /usr/local/lib/openmpi/mca_osc_pt2pt.so
7fe146560000-7fe146561000 rw-p 00021000 fc:01 782965                     /usr/local/lib/openmpi/mca_osc_pt2pt.so
7fe146561000-7fe146563000 r-xp 00000000 fc:01 29414                      /usr/local/lib/libmca_common_sm.so.40.20.0
7fe146563000-7fe146762000 ---p 00002000 fc:01 29414                      /usr/local/lib/libmca_common_sm.so.40.20.0
7fe146762000-7fe146763000 r--p 00001000 fc:01 29414                      /usr/local/lib/libmca_common_sm.so.40.20.0
7fe146763000-7fe146764000 rw-p 00002000 fc:01 29414                      /usr/local/lib/libmca_common_sm.so.40.20.0
7fe146764000-7fe14676a000 r-xp 00000000 fc:01 782933                     /usr/local/lib/openmpi/mca_coll_sm.so
7fe14676a000-7fe146969000 ---p 00006000 fc:01 782933                     /usr/local/lib/openmpi/mca_coll_sm.so
7fe146969000-7fe14696a000 r--p 00005000 fc:01 782933                     /usr/local/lib/openmpi/mca_coll_sm.so
7fe14696a000-7fe14696b000 rw-p 00006000 fc:01 782933                     /usr/local/lib/openmpi/mca_coll_sm.so
7fe14696b000-7fe14696e000 r-xp 00000000 fc:01 782936                     /usr/local/lib/openmpi/mca_coll_sync.so
7fe14696e000-7fe146b6e000 ---p 00003000 fc:01 782936                     /usr/local/lib/openmpi/mca_coll_sync.so
7fe146b6e000-7fe146b6f000 r--p 00003000 fc:01 782936                     /usr/local/lib/openmpi/mca_coll_sync.so
7fe146b6f000-7fe146b70000 rw-p 00004000 fc:01 782936                     /usr/local/lib/openmpi/mca_coll_sync.so
7fe146d7f000-7fe146d83000 r-xp 00000000 fc:01 782926                     /usr/local/lib/openmpi/mca_coll_inter.so
7fe146d83000-7fe146f82000 ---p 00004000 fc:01 782926                     /usr/local/lib/openmpi/mca_coll_inter.so
7fe146f82000-7fe146f83000 r--p 00003000 fc:01 782926                     /usr/local/lib/openmpi/mca_coll_inter.so
7fe146f83000-7fe146f84000 rw-p 00004000 fc:01 782926                     /usr/local/lib/openmpi/mca_coll_inter.so
7fe146f84000-7fe146fa3000 r-xp 00000000 fc:01 782928                     /usr/local/lib/openmpi/mca_coll_libnbc.so
7fe146fa3000-7fe1471a3000 ---p 0001f000 fc:01 782928                     /usr/local/lib/openmpi/mca_coll_libnbc.so
7fe1471a3000-7fe1471a4000 r--p 0001f000 fc:01 782928                     /usr/local/lib/openmpi/mca_coll_libnbc.so
7fe1471a4000-7fe1471a5000 rw-p 00020000 fc:01 782928                     /usr/local/lib/openmpi/mca_coll_libnbc.so
7fe1471a5000-7fe1471b2000 r-xp 00000000 fc:01 782924                     /usr/local/lib/openmpi/mca_coll_basic.so
7fe1471b2000-7fe1473b1000 ---p 0000d000 fc:01 782924                     /usr/local/lib/openmpi/mca_coll_basic.so
7fe1473b1000-7fe1473b2000 r--p 0000c000 fc:01 782924                     /usr/local/lib/openmpi/mca_coll_basic.so
7fe1473b2000-7fe1473b3000 rw-p 0000d000 fc:01 782924                     /usr/local/lib/openmpi/mca_coll_basic.so
7fe1473b3000-7fe1473c4000 r-xp 00000000 fc:01 782938                     /usr/local/lib/openmpi/mca_coll_tuned.so
7fe1473c4000-7fe1475c3000 ---p 00011000 fc:01 782938                     /usr/local/lib/openmpi/mca_coll_tuned.so
7fe1475c3000-7fe1475c4000 r--p 00010000 fc:01 782938                     /usr/local/lib/openmpi/mca_coll_tuned.so
7fe1475c4000-7fe1475c5000 rw-p 00011000 fc:01 782938                     /usr/local/lib/openmpi/mca_coll_tuned.so
7fe1475c5000-7fe1475ec000 r-xp 00000000 fc:01 782974                     /usr/local/lib/openmpi/mca_pml_ob1.so
7fe1475ec000-7fe1477ec000 ---p 00027000 fc:01 782974                     /usr/local/lib/openmpi/mca_pml_ob1.so
7fe1477ec000-7fe1477ed000 r--p 00027000 fc:01 782974                     /usr/local/lib/openmpi/mca_pml_ob1.so
7fe1477ed000-7fe1477ee000 rw-p 00028000 fc:01 782974                     /usr/local/lib/openmpi/mca_pml_ob1.so
7fe1477f4000-7fe1477f6000 r-xp 00000000 fc:01 782930                     /usr/local/lib/openmpi/mca_coll_self.so
7fe1477f6000-7fe1479f6000 ---p 00002000 fc:01 782930                     /usr/local/lib/openmpi/mca_coll_self.so
7fe1479f6000-7fe1479f7000 r--p 00002000 fc:01 782930                     /usr/local/lib/openmpi/mca_coll_self.so
7fe1479f7000-7fe1479f8000 rw-p 00003000 fc:01 782930                     /usr/local/lib/openmpi/mca_coll_self.so
7fe147afe000-7fe147b01000 ---p 00000000 00:00 0 
7fe147b01000-7fe147bff000 rw-p 00000000 00:00 0 
7fe147bff000-7fe148000000 rw-s 00000000 00:19 63                         /dev/shm/vader_segment.openmpi-master.2d380001.27
7fe148000000-7fe148021000 rw-p 00000000 00:00 0 
7fe148021000-7fe14c000000 ---p 00000000 00:00 0 
7fe14c077000-7fe14c07c000 r-xp 00000000 fc:01 2092                       /lib/x86_64-linux-gnu/libnss_dns-2.27.so
7fe14c07c000-7fe14c27c000 ---p 00005000 fc:01 2092                       /lib/x86_64-linux-gnu/libnss_dns-2.27.so
7fe14c27c000-7fe14c27d000 r--p 00005000 fc:01 2092                       /lib/x86_64-linux-gnu/libnss_dns-2.27.so
7fe14c27d000-7fe14c27e000 rw-p 00006000 fc:01 2092                       /lib/x86_64-linux-gnu/libnss_dns-2.27.so
7fe14c27e000-7fe14c37f000 rw-p 00000000 00:00 0 
7fe14c37f000-7fe14c380000 r-xp 00000000 fc:01 782221                     /usr/local/lib/openmpi/mca_btl_sm.so
7fe14c380000-7fe14c57f000 ---p 00001000 fc:01 782221                     /usr/local/lib/openmpi/mca_btl_sm.so
7fe14c57f000-7fe14c580000 r--p 00000000 fc:01 782221                     /usr/local/lib/openmpi/mca_btl_sm.so
7fe14c580000-7fe14c581000 rw-p 00001000 fc:01 782221                     /usr/local/lib/openmpi/mca_btl_sm.so
7fe14c581000-7fe14c591000 r-xp 00000000 fc:01 782224                     /usr/local/lib/openmpi/mca_btl_tcp.so
7fe14c591000-7fe14c790000 ---p 00010000 fc:01 782224                     /usr/local/lib/openmpi/mca_btl_tcp.so
7fe14c790000-7fe14c791000 r--p 0000f000 fc:01 782224                     /usr/local/lib/openmpi/mca_btl_tcp.so
7fe14c791000-7fe14c793000 rw-p 00010000 fc:01 782224                     /usr/local/lib/openmpi/mca_btl_tcp.so
7fe14c793000-7fe14c796000 r-xp 00000000 fc:01 782218                     /usr/local/lib/openmpi/mca_btl_self.so
7fe14c796000-7fe14c995000 ---p 00003000 fc:01 782218                     /usr/local/lib/openmpi/mca_btl_self.so
7fe14c995000-7fe14c996000 r--p 00002000 fc:01 782218                     /usr/local/lib/openmpi/mca_btl_self.so
7fe14c996000-7fe14c997000 rw-p 00003000 fc:01 782218                     /usr/local/lib/openmpi/mca_btl_self.so
7fe14c997000-7fe14c9a0000 r-xp 00000000 fc:01 782227                     /usr/local/lib/openmpi/mca_btl_vader.so
7fe14c9a0000-7fe14cb9f000 ---p 00009000 fc:01 782227                     /usr/local/lib/openmpi/mca_btl_vader.so
7fe14cb9f000-7fe14cba0000 r--p 00008000 fc:01 782227                     /usr/local/lib/openmpi/mca_btl_vader.so
7fe14cba0000-7fe14cba2000 rw-p 00009000 fc:01 782227                     /usr/local/lib/openmpi/mca_btl_vader.so
7fe14cba2000-7fe14cba6000 r-xp 00000000 fc:01 782922                     /usr/local/lib/openmpi/mca_bml_r2.so
7fe14cba6000-7fe14cda5000 ---p 00004000 fc:01 782922                     /usr/local/lib/openmpi/mca_bml_r2.so
7fe14cda5000-7fe14cda6000 r--p 00003000 fc:01 782922                     /usr/local/lib/openmpi/mca_bml_r2.so
7fe14cda6000-7fe14cda7000 rw-p 00004000 fc:01 782922                     /usr/local/lib/openmpi/mca_bml_r2.so
7fe14cda7000-7fe14cdaa000 r-xp 00000000 fc:01 782236                     /usr/local/lib/openmpi/mca_mpool_hugepage.so
7fe14cdaa000-7fe14cfa9000 ---p 00003000 fc:01 782236                     /usr/local/lib/openmpi/mca_mpool_hugepage.so
7fe14cfa9000-7fe14cfaa000 r--p 00002000 fc:01 782236                     /usr/local/lib/openmpi/mca_mpool_hugepage.so
7fe14cfaa000-7fe14cfab000 rw-p 00003000 fc:01 782236                     /usr/local/lib/openmpi/mca_mpool_hugepage.so
7fe14cfab000-7fe14cfb1000 r-xp 00000000 fc:01 782334                     /usr/local/lib/openmpi/mca_dfs_app.so
7fe14cfb1000-7fe14d1b1000 ---p 00006000 fc:01 782334                     /usr/local/lib/openmpi/mca_dfs_app.so
7fe14d1b1000-7fe14d1b2000 r--p 00006000 fc:01 782334                     /usr/local/lib/openmpi/mca_dfs_app.so
7fe14d1b2000-7fe14d1b3000 rw-p 00007000 fc:01 782334                     /usr/local/lib/openmpi/mca_dfs_app.so
7fe14d1b5000-7fe14d1b8000 r-xp 00000000 fc:01 782299                     /usr/local/lib/openmpi/mca_rcache_grdma.so
7fe14d1b8000-7fe14d3b8000 ---p 00003000 fc:01 782299                     /usr/local/lib/openmpi/mca_rcache_grdma.so
7fe14d3b8000-7fe14d3b9000 r--p 00003000 fc:01 782299                     /usr/local/lib/openmpi/mca_rcache_grdma.so
7fe14d3b9000-7fe14d3ba000 rw-p 00004000 fc:01 782299                     /usr/local/lib/openmpi/mca_rcache_grdma.so
7fe14d3ba000-7fe14d3bd000 r-xp 00000000 fc:01 782418                     /usr/local/lib/openmpi/mca_rml_oob.so
7fe14d3bd000-7fe14d5bc000 ---p 00003000 fc:01 782418                     /usr/local/lib/openmpi/mca_rml_oob.so
7fe14d5bc000-7fe14d5bd000 r--p 00002000 fc:01 782418                     /usr/local/lib/openmpi/mca_rml_oob.so
7fe14d5bd000-7fe14d5be000 rw-p 00003000 fc:01 782418                     /usr/local/lib/openmpi/mca_rml_oob.so
7fe14d5be000-7fe14d5d1000 r-xp 00000000 fc:01 782380                     /usr/local/lib/openmpi/mca_oob_tcp.so
7fe14d5d1000-7fe14d7d0000 ---p 00013000 fc:01 782380                     /usr/local/lib/openmpi/mca_oob_tcp.so
7fe14d7d0000-7fe14d7d1000 r--p 00012000 fc:01 782380                     /usr/local/lib/openmpi/mca_oob_tcp.so
7fe14d7d1000-7fe14d7d2000 rw-p 00013000 fc:01 782380                     /usr/local/lib/openmpi/mca_oob_tcp.so
7fe14d7d2000-7fe14d7d4000 r-xp 00000000 fc:01 782420                     /usr/local/lib/openmpi/mca_routed_binomial.so
7fe14d7d4000-7fe14d9d3000 ---p 00002000 fc:01 782420                     /usr/local/lib/openmpi/mca_routed_binomial.so
7fe14d9d3000-7fe14d9d4000 r--p 00001000 fc:01 782420                     /usr/local/lib/openmpi/mca_routed_binomial.so
7fe14d9d4000-7fe14d9d5000 rw-p 00002000 fc:01 782420                     /usr/local/lib/openmpi/mca_routed_binomial.so
7fe14d9d5000-7fe14d9d7000 r-xp 00000000 fc:01 782426                     /usr/local/lib/openmpi/mca_routed_radix.so
7fe14d9d7000-7fe14dbd7000 ---p 00002000 fc:01 782426                     /usr/local/lib/openmpi/mca_routed_radix.so
7fe14dbd7000-7fe14dbd8000 r--p 00002000 fc:01 782426                     /usr/local/lib/openmpi/mca_routed_radix.so
7fe14dbd8000-7fe14dbd9000 rw-p 00003000 fc:01 782426                     /usr/local/lib/openmpi/mca_routed_radix.so
7fe14dbd9000-7fe14dbdb000 r-xp 00000000 fc:01 782424                     /usr/local/lib/openmpi/mca_routed_direct.so
7fe14dbdb000-7fe14ddda000 ---p 00002000 fc:01 782424                     /usr/local/lib/openmpi/mca_routed_direct.so
7fe14ddda000-7fe14dddb000 r--p 00001000 fc:01 782424                     /usr/local/lib/openmpi/mca_routed_direct.so
7fe14dddb000-7fe14dddc000 rw-p 00002000 fc:01 782424                     /usr/local/lib/openmpi/mca_routed_direct.so
7fe14dddc000-7fe14ddde000 r-xp 00000000 fc:01 782422                     /usr/local/lib/openmpi/mca_routed_debruijn.so
7fe14ddde000-7fe14dfdd000 ---p 00002000 fc:01 782422                     /usr/local/lib/openmpi/mca_routed_debruijn.so
7fe14dfdd000-7fe14dfde000 r--p 00001000 fc:01 782422                     /usr/local/lib/openmpi/mca_routed_debruijn.so
7fe14dfde000-7fe14dfdf000 rw-p 00002000 fc:01 782422                     /usr/local/lib/openmpi/mca_routed_debruijn.so
7fe14dfdf000-7fe14dfe1000 r-xp 00000000 fc:01 782340                     /usr/local/lib/openmpi/mca_errmgr_default_app.so
7fe14dfe1000-7fe14e1e0000 ---p 00002000 fc:01 782340                     /usr/local/lib/openmpi/mca_errmgr_default_app.so
7fe14e1e0000-7fe14e1e1000 r--p 00001000 fc:01 782340                     /usr/local/lib/openmpi/mca_errmgr_default_app.so
7fe14e1e1000-7fe14e1e2000 rw-p 00002000 fc:01 782340                     /usr/local/lib/openmpi/mca_errmgr_default_app.so
7fe14e1e3000-7fe14e1e5000 r-xp 00000000 fc:01 782214                     /usr/local/lib/openmpi/mca_allocator_basic.so
7fe14e1e5000-7fe14e3e5000 ---p 00002000 fc:01 782214                     /usr/local/lib/openmpi/mca_allocator_basic.so
7fe14e3e5000-7fe14e3e6000 r--p 00002000 fc:01 782214                     /usr/local/lib/openmpi/mca_allocator_basic.so
7fe14e3e6000-7fe14e3e7000 rw-p 00003000 fc:01 782214                     /usr/local/lib/openmpi/mca_allocator_basic.so
7fe14e3e7000-7fe14e3e9000 r-xp 00000000 fc:01 782439                     /usr/local/lib/openmpi/mca_state_app.so
7fe14e3e9000-7fe14e5e8000 ---p 00002000 fc:01 782439                     /usr/local/lib/openmpi/mca_state_app.so
7fe14e5e8000-7fe14e5e9000 r--p 00001000 fc:01 782439                     /usr/local/lib/openmpi/mca_state_app.so
7fe14e5e9000-7fe14e5ea000 rw-p 00002000 fc:01 782439                     /usr/local/lib/openmpi/mca_state_app.so
7fe14e5ea000-7fe14e5ec000 r-xp 00000000 fc:01 782216                     /usr/local/lib/openmpi/mca_allocator_bucket.so
7fe14e5ec000-7fe14e7eb000 ---p 00002000 fc:01 782216                     /usr/local/lib/openmpi/mca_allocator_bucket.so
7fe14e7eb000-7fe14e7ec000 r--p 00001000 fc:01 782216                     /usr/local/lib/openmpi/mca_allocator_bucket.so
7fe14e7ec000-7fe14e7ed000 rw-p 00002000 fc:01 782216                     /usr/local/lib/openmpi/mca_allocator_bucket.so
7fe14e7ed000-7fe14e7f2000 r-xp 00000000 fc:01 782363                     /usr/local/lib/openmpi/mca_grpcomm_direct.so
7fe14e7f2000-7fe14e9f1000 ---p 00005000 fc:01 782363                     /usr/local/lib/openmpi/mca_grpcomm_direct.so
7fe14e9f1000-7fe14e9f2000 r--p 00004000 fc:01 782363                     /usr/local/lib/openmpi/mca_grpcomm_direct.so
7fe14e9f2000-7fe14e9f3000 rw-p 00005000 fc:01 782363                     /usr/local/lib/openmpi/mca_grpcomm_direct.so
7fe14e9f3000-7fe14edf3000 r--s 00000000 fc:01 1039841                    /tmp/ompi.openmpi-master.1000/pid.7847/pmix_dstor_ds21_7847/smdataseg-758644737-0
7fe14edf3000-7fe14f1f3000 r--s 00000000 fc:01 1039840                    /tmp/ompi.openmpi-master.1000/pid.7847/pmix_dstor_ds21_7847/smseg-758644737-0
7fe14f1f3000-7fe14f1f4000 ---p 00000000 00:00 0 
7fe14f1f4000-7fe14f9f4000 rw-p 00000000 00:00 0 
7fe14f9f4000-7fe14f9f5000 r-xp 00000000 fc:01 782268                     /usr/local/lib/pmix/mca_plog_stdfd.so
7fe14f9f5000-7fe14fbf4000 ---p 00001000 fc:01 782268                     /usr/local/lib/pmix/mca_plog_stdfd.so
7fe14fbf4000-7fe14fbf5000 r--p 00000000 fc:01 782268                     /usr/local/lib/pmix/mca_plog_stdfd.so
7fe14fbf5000-7fe14fbf6000 rw-p 00001000 fc:01 782268                     /usr/local/lib/pmix/mca_plog_stdfd.so
7fe14fbf6000-7fe14fbf8000 r-xp 00000000 fc:01 782270                     /usr/local/lib/pmix/mca_plog_syslog.so
7fe14fbf8000-7fe14fdf7000 ---p 00002000 fc:01 782270                     /usr/local/lib/pmix/mca_plog_syslog.so
7fe14fdf7000-7fe14fdf8000 r--p 00001000 fc:01 782270                     /usr/local/lib/pmix/mca_plog_syslog.so
7fe14fdf8000-7fe14fdf9000 rw-p 00002000 fc:01 782270                     /usr/local/lib/pmix/mca_plog_syslog.so
7fe14fdf9000-7fe14fdfe000 r-xp 00000000 fc:01 782266                     /usr/local/lib/pmix/mca_plog_default.so
7fe14fdfe000-7fe14fffe000 ---p 00005000 fc:01 782266                     /usr/local/lib/pmix/mca_plog_default.so
7fe14fffe000-7fe14ffff000 r--p 00005000 fc:01 782266                     /usr/local/lib/pmix/mca_plog_default.so
7fe14ffff000-7fe150000000 rw-p 00006000 fc:01 782266                     /usr/local/lib/pmix/mca_plog_default.so
7fe150000000-7fe150021000 rw-p 00000000 00:00 0 
7fe150021000-7fe154000000 ---p 00000000 00:00 0 
7fe1540e5000-7fe154100000 r--s 00145000 fc:01 527717                     /home/mpiuser/cloud/fyp/java_client/lib/spring-core-5.2.5.RELEASE.jar
7fe154100000-7fe15410b000 r-xp 00000000 fc:01 782276                     /usr/local/lib/pmix/mca_preg_native.so
7fe15410b000-7fe15430a000 ---p 0000b000 fc:01 782276                     /usr/local/lib/pmix/mca_preg_native.so
7fe15430a000-7fe15430b000 r--p 0000a000 fc:01 782276                     /usr/local/lib/pmix/mca_preg_native.so
7fe15430b000-7fe15430c000 rw-p 0000b000 fc:01 782276                     /usr/local/lib/pmix/mca_preg_native.so
7fe15430c000-7fe15430e000 r-xp 00000000 fc:01 782288                     /usr/local/lib/pmix/mca_pshmem_mmap.so
7fe15430e000-7fe15450d000 ---p 00002000 fc:01 782288                     /usr/local/lib/pmix/mca_pshmem_mmap.so
7fe15450d000-7fe15450e000 r--p 00001000 fc:01 782288                     /usr/local/lib/pmix/mca_pshmem_mmap.so
7fe15450e000-7fe15450f000 rw-p 00002000 fc:01 782288                     /usr/local/lib/pmix/mca_pshmem_mmap.so
7fe15450f000-7fe154513000 r-xp 00000000 fc:01 782262                     /usr/local/lib/pmix/mca_gds_ds21.so
7fe154513000-7fe154712000 ---p 00004000 fc:01 782262                     /usr/local/lib/pmix/mca_gds_ds21.so
7fe154712000-7fe154713000 r--p 00003000 fc:01 782262                     /usr/local/lib/pmix/mca_gds_ds21.so
7fe154713000-7fe154714000 rw-p 00004000 fc:01 782262                     /usr/local/lib/pmix/mca_gds_ds21.so
7fe154714000-7fe154724000 r-xp 00000000 fc:01 782264                     /usr/local/lib/pmix/mca_gds_hash.so
7fe154724000-7fe154924000 ---p 00010000 fc:01 782264                     /usr/local/lib/pmix/mca_gds_hash.so
7fe154924000-7fe154925000 r--p 00010000 fc:01 782264                     /usr/local/lib/pmix/mca_gds_hash.so
7fe154925000-7fe154926000 rw-p 00011000 fc:01 782264                     /usr/local/lib/pmix/mca_gds_hash.so
7fe154926000-7fe154938000 r-xp 00000000 fc:01 29681                      /usr/local/lib/libmca_common_dstore.so.1.0.0
7fe154938000-7fe154b37000 ---p 00012000 fc:01 29681                      /usr/local/lib/libmca_common_dstore.so.1.0.0
7fe154b37000-7fe154b38000 r--p 00011000 fc:01 29681                      /usr/local/lib/libmca_common_dstore.so.1.0.0
7fe154b38000-7fe154b39000 rw-p 00012000 fc:01 29681                      /usr/local/lib/libmca_common_dstore.so.1.0.0
7fe154b39000-7fe154b3d000 r-xp 00000000 fc:01 782260                     /usr/local/lib/pmix/mca_gds_ds12.so
7fe154b3d000-7fe154d3c000 ---p 00004000 fc:01 782260                     /usr/local/lib/pmix/mca_gds_ds12.so
7fe154d3c000-7fe154d3d000 r--p 00003000 fc:01 782260                     /usr/local/lib/pmix/mca_gds_ds12.so
7fe154d3d000-7fe154d3e000 rw-p 00004000 fc:01 782260                     /usr/local/lib/pmix/mca_gds_ds12.so
7fe154d3e000-7fe154d46000 r-xp 00000000 fc:01 782292                     /usr/local/lib/pmix/mca_ptl_usock.so
7fe154d46000-7fe154f45000 ---p 00008000 fc:01 782292                     /usr/local/lib/pmix/mca_ptl_usock.so
7fe154f45000-7fe154f46000 r--p 00007000 fc:01 782292                     /usr/local/lib/pmix/mca_ptl_usock.so
7fe154f46000-7fe154f47000 rw-p 00008000 fc:01 782292                     /usr/local/lib/pmix/mca_ptl_usock.so
7fe154f47000-7fe154f59000 r-xp 00000000 fc:01 782290                     /usr/local/lib/pmix/mca_ptl_tcp.so
7fe154f59000-7fe155158000 ---p 00012000 fc:01 782290                     /usr/local/lib/pmix/mca_ptl_tcp.so
7fe155158000-7fe155159000 r--p 00011000 fc:01 782290                     /usr/local/lib/pmix/mca_ptl_tcp.so
7fe155159000-7fe15515a000 rw-p 00012000 fc:01 782290                     /usr/local/lib/pmix/mca_ptl_tcp.so
7fe15515a000-7fe15516c000 r-xp 00000000 fc:01 782252                     /usr/local/lib/pmix/mca_bfrops_v12.so
7fe15516c000-7fe15536b000 ---p 00012000 fc:01 782252                     /usr/local/lib/pmix/mca_bfrops_v12.so
7fe15536b000-7fe15536c000 r--p 00011000 fc:01 782252                     /usr/local/lib/pmix/mca_bfrops_v12.so
7fe15536c000-7fe15536d000 rw-p 00012000 fc:01 782252                     /usr/local/lib/pmix/mca_bfrops_v12.so
7fe15536d000-7fe155386000 r-xp 00000000 fc:01 782254                     /usr/local/lib/pmix/mca_bfrops_v20.so
7fe155386000-7fe155585000 ---p 00019000 fc:01 782254                     /usr/local/lib/pmix/mca_bfrops_v20.so
7fe155585000-7fe155586000 r--p 00018000 fc:01 782254                     /usr/local/lib/pmix/mca_bfrops_v20.so
7fe155586000-7fe155587000 rw-p 00019000 fc:01 782254                     /usr/local/lib/pmix/mca_bfrops_v20.so
7fe155587000-7fe15558f000 r-xp 00000000 fc:01 782258                     /usr/local/lib/pmix/mca_bfrops_v3.so
7fe15558f000-7fe15578e000 ---p 00008000 fc:01 782258                     /usr/local/lib/pmix/mca_bfrops_v3.so
7fe15578e000-7fe15578f000 r--p 00007000 fc:01 782258                     /usr/local/lib/pmix/mca_bfrops_v3.so
7fe15578f000-7fe155790000 rw-p 00008000 fc:01 782258                     /usr/local/lib/pmix/mca_bfrops_v3.so
7fe155790000-7fe155797000 r-xp 00000000 fc:01 782256                     /usr/local/lib/pmix/mca_bfrops_v21.so
7fe155797000-7fe155997000 ---p 00007000 fc:01 782256                     /usr/local/lib/pmix/mca_bfrops_v21.so
7fe155997000-7fe155998000 r--p 00007000 fc:01 782256                     /usr/local/lib/pmix/mca_bfrops_v21.so
7fe155998000-7fe155999000 rw-p 00008000 fc:01 782256                     /usr/local/lib/pmix/mca_bfrops_v21.so
7fe155999000-7fe155ae5000 r-xp 00000000 fc:01 782295                     /usr/local/lib/openmpi/mca_pmix_pmix3x.so
7fe155ae5000-7fe155ce5000 ---p 0014c000 fc:01 782295                     /usr/local/lib/openmpi/mca_pmix_pmix3x.so
7fe155ce5000-7fe155ce6000 r--p 0014c000 fc:01 782295                     /usr/local/lib/openmpi/mca_pmix_pmix3x.so
7fe155ce6000-7fe155ceb000 rw-p 0014d000 fc:01 782295                     /usr/local/lib/openmpi/mca_pmix_pmix3x.so
7fe155ceb000-7fe155cee000 rw-p 00000000 00:00 0 
7fe155cf1000-7fe155cf3000 r-xp 00000000 fc:01 782278                     /usr/local/lib/pmix/mca_psec_native.so
7fe155cf3000-7fe155ef2000 ---p 00002000 fc:01 782278                     /usr/local/lib/pmix/mca_psec_native.so
7fe155ef2000-7fe155ef3000 r--p 00001000 fc:01 782278                     /usr/local/lib/pmix/mca_psec_native.so
7fe155ef3000-7fe155ef4000 rw-p 00002000 fc:01 782278                     /usr/local/lib/pmix/mca_psec_native.so
7fe155ef4000-7fe155ef5000 ---p 00000000 00:00 0 
7fe155ef5000-7fe1566f5000 rw-p 00000000 00:00 0 
7fe1566f5000-7fe1566f9000 r-xp 00000000 fc:01 782352                     /usr/local/lib/openmpi/mca_ess_pmi.so
7fe1566f9000-7fe1568f8000 ---p 00004000 fc:01 782352                     /usr/local/lib/openmpi/mca_ess_pmi.so
7fe1568f8000-7fe1568f9000 r--p 00003000 fc:01 782352                     /usr/local/lib/openmpi/mca_ess_pmi.so
7fe1568f9000-7fe1568fa000 rw-p 00004000 fc:01 782352                     /usr/local/lib/openmpi/mca_ess_pmi.so
7fe1568fa000-7fe1568fb000 r-xp 00000000 fc:01 782435                     /usr/local/lib/openmpi/mca_schizo_orte.so
7fe1568fb000-7fe156afa000 ---p 00001000 fc:01 782435                     /usr/local/lib/openmpi/mca_schizo_orte.so
7fe156afa000-7fe156afb000 r--p 00000000 fc:01 782435                     /usr/local/lib/openmpi/mca_schizo_orte.so
7fe156afb000-7fe156afc000 rw-p 00001000 fc:01 782435                     /usr/local/lib/openmpi/mca_schizo_orte.so
7fe156afc000-7fe156afe000 r-xp 00000000 fc:01 782437                     /usr/local/lib/openmpi/mca_schizo_slurm.so
7fe156afe000-7fe156cfd000 ---p 00002000 fc:01 782437                     /usr/local/lib/openmpi/mca_schizo_slurm.so
7fe156cfd000-7fe156cfe000 r--p 00001000 fc:01 782437                     /usr/local/lib/openmpi/mca_schizo_slurm.so
7fe156cfe000-7fe156cff000 rw-p 00002000 fc:01 782437                     /usr/local/lib/openmpi/mca_schizo_slurm.so
7fe156cff000-7fe156d07000 r-xp 00000000 fc:01 782433                     /usr/local/lib/openmpi/mca_schizo_ompi.so
7fe156d07000-7fe156f06000 ---p 00008000 fc:01 782433                     /usr/local/lib/openmpi/mca_schizo_ompi.so
7fe156f06000-7fe156f07000 r--p 00007000 fc:01 782433                     /usr/local/lib/openmpi/mca_schizo_ompi.so
7fe156f07000-7fe156f09000 rw-p 00008000 fc:01 782433                     /usr/local/lib/openmpi/mca_schizo_ompi.so
7fe156f09000-7fe156f0a000 r-xp 00000000 fc:01 782431                     /usr/local/lib/openmpi/mca_schizo_flux.so
7fe156f0a000-7fe15710a000 ---p 00001000 fc:01 782431                     /usr/local/lib/openmpi/mca_schizo_flux.so
7fe15710a000-7fe15710b000 r--p 00001000 fc:01 782431                     /usr/local/lib/openmpi/mca_schizo_flux.so
7fe15710b000-7fe15710c000 rw-p 00002000 fc:01 782431                     /usr/local/lib/openmpi/mca_schizo_flux.so
7fe15710c000-7fe15710e000 r-xp 00000000 fc:01 782301                     /usr/local/lib/openmpi/mca_reachable_weighted.so
7fe15710e000-7fe15730d000 ---p 00002000 fc:01 782301                     /usr/local/lib/openmpi/mca_reachable_weighted.so
7fe15730d000-7fe15730e000 r--p 00001000 fc:01 782301                     /usr/local/lib/openmpi/mca_reachable_weighted.so
7fe15730e000-7fe15730f000 rw-p 00002000 fc:01 782301                     /usr/local/lib/openmpi/mca_reachable_weighted.so
7fe15730f000-7fe157312000 r-xp 00000000 fc:01 782304                     /usr/local/lib/openmpi/mca_shmem_mmap.so
7fe157312000-7fe157511000 ---p 00003000 fc:01 782304                     /usr/local/lib/openmpi/mca_shmem_mmap.so
7fe157511000-7fe157512000 r--p 00002000 fc:01 782304                     /usr/local/lib/openmpi/mca_shmem_mmap.so
7fe157512000-7fe157513000 rw-p 00003000 fc:01 782304                     /usr/local/lib/openmpi/mca_shmem_mmap.so
7fe157513000-7fe157515000 r-xp 00000000 fc:01 2182                       /lib/x86_64-linux-gnu/libutil-2.27.so
7fe157515000-7fe157714000 ---p 00002000 fc:01 2182                       /lib/x86_64-linux-gnu/libutil-2.27.so
7fe157714000-7fe157715000 r--p 00001000 fc:01 2182                       /lib/x86_64-linux-gnu/libutil-2.27.so
7fe157715000-7fe157716000 rw-p 00002000 fc:01 2182                       /lib/x86_64-linux-gnu/libutil-2.27.so
7fe157716000-7fe1577cb000 r-xp 00000000 fc:01 29711                      /usr/local/lib/libopen-rte.so.40.20.1
7fe1577cb000-7fe1579ca000 ---p 000b5000 fc:01 29711                      /usr/local/lib/libopen-rte.so.40.20.1
7fe1579ca000-7fe1579cc000 r--p 000b4000 fc:01 29711                      /usr/local/lib/libopen-rte.so.40.20.1
7fe1579cc000-7fe1579d0000 rw-p 000b6000 fc:01 29711                      /usr/local/lib/libopen-rte.so.40.20.1
7fe1579d0000-7fe1579d3000 rw-p 00000000 00:00 0 
7fe1579d3000-7fe157ad6000 r-xp 00000000 fc:01 13011                      /usr/local/lib/libopen-pal.so.40.20.1
7fe157ad6000-7fe157cd6000 ---p 00103000 fc:01 13011                      /usr/local/lib/libopen-pal.so.40.20.1
7fe157cd6000-7fe157cd9000 r--p 00103000 fc:01 13011                      /usr/local/lib/libopen-pal.so.40.20.1
7fe157cd9000-7fe157cdf000 rw-p 00106000 fc:01 13011                      /usr/local/lib/libopen-pal.so.40.20.1
7fe157cdf000-7fe157ce6000 rw-p 00000000 00:00 0 
7fe157ce6000-7fe157ddc000 r-xp 00000000 fc:01 29875                      /usr/local/lib/libmpi.so.40.20.1
7fe157ddc000-7fe157fdb000 ---p 000f6000 fc:01 29875                      /usr/local/lib/libmpi.so.40.20.1
7fe157fdb000-7fe157fdd000 r--p 000f5000 fc:01 29875                      /usr/local/lib/libmpi.so.40.20.1
7fe157fdd000-7fe157fee000 rw-p 000f7000 fc:01 29875                      /usr/local/lib/libmpi.so.40.20.1
7fe157fee000-7fe158000000 rw-p 00000000 00:00 0 
7fe158000000-7fe158021000 rw-p 00000000 00:00 0 
7fe158021000-7fe15c000000 ---p 00000000 00:00 0 
7fe15c000000-7fe15c021000 rw-p 00000000 00:00 0 
7fe15c021000-7fe160000000 ---p 00000000 00:00 0 
7fe160000000-7fe1600c8000 rw-p 00000000 00:00 0 
7fe1600c8000-7fe164000000 ---p 00000000 00:00 0 
7fe164000000-7fe164355000 rw-p 00000000 00:00 0 
7fe164355000-7fe168000000 ---p 00000000 00:00 0 
7fe168000000-7fe168021000 rw-p 00000000 00:00 0 
7fe168021000-7fe16c000000 ---p 00000000 00:00 0 
7fe16c000000-7fe16c021000 rw-p 00000000 00:00 0 
7fe16c021000-7fe170000000 ---p 00000000 00:00 0 
7fe170000000-7fe170021000 rw-p 00000000 00:00 0 
7fe170021000-7fe174000000 ---p 00000000 00:00 0 
7fe174016000-7fe174097000 rw-p 00000000 00:00 0 
7fe174097000-7fe1740bf000 r-xp 00000000 fc:01 71469                      /usr/local/lib/libmpi_java.so.40.20.0
7fe1740bf000-7fe1742be000 ---p 00028000 fc:01 71469                      /usr/local/lib/libmpi_java.so.40.20.0
7fe1742be000-7fe1742bf000 r--p 00027000 fc:01 71469                      /usr/local/lib/libmpi_java.so.40.20.0
7fe1742bf000-7fe1742c0000 rw-p 00028000 fc:01 71469                      /usr/local/lib/libmpi_java.so.40.20.0
7fe1742c0000-7fe1772c1000 rw-p 00000000 00:00 0 
7fe1772c1000-7fe1772d8000 r-xp 00000000 fc:01 1302611                    /usr/lib/jvm/java-8-openjdk-amd64/jre/lib/amd64/libnet.so
7fe1772d8000-7fe1774d7000 ---p 00017000 fc:01 1302611                    /usr/lib/jvm/java-8-openjdk-amd64/jre/lib/amd64/libnet.so
7fe1774d7000-7fe1774d8000 r--p 00016000 fc:01 1302611                    /usr/lib/jvm/java-8-openjdk-amd64/jre/lib/amd64/libnet.so
7fe1774d8000-7fe1774d9000 rw-p 00017000 fc:01 1302611                    /usr/lib/jvm/java-8-openjdk-amd64/jre/lib/amd64/libnet.so
7fe1774d9000-7fe1774ea000 r-xp 00000000 fc:01 1302612                    /usr/lib/jvm/java-8-openjdk-amd64/jre/lib/amd64/libnio.so
7fe1774ea000-7fe1776ea000 ---p 00011000 fc:01 1302612                    /usr/lib/jvm/java-8-openjdk-amd64/jre/lib/amd64/libnio.so
7fe1776ea000-7fe1776eb000 r--p 00011000 fc:01 1302612                    /usr/lib/jvm/java-8-openjdk-amd64/jre/lib/amd64/libnio.so
7fe1776eb000-7fe1776ec000 rw-p 00012000 fc:01 1302612                    /usr/lib/jvm/java-8-openjdk-amd64/jre/lib/amd64/libnio.so
7fe1776ec000-7fe1776ed000 ---p 00000000 00:00 0 
7fe1776ed000-7fe1777ed000 rw-p 00000000 00:00 0 
7fe1777ed000-7fe1777f0000 ---p 00000000 00:00 0 
7fe1777f0000-7fe1778ee000 rw-p 00000000 00:00 0 
7fe1778ee000-7fe1778ef000 ---p 00000000 00:00 0 
7fe1778ef000-7fe1778f2000 ---p 00000000 00:00 0 
7fe1778f2000-7fe1779ef000 rw-p 00000000 00:00 0 
7fe1779ef000-7fe1779f0000 ---p 00000000 00:00 0 
7fe1779f0000-7fe1779f3000 ---p 00000000 00:00 0 
7fe1779f3000-7fe177af0000 rw-p 00000000 00:00 0 
7fe177af0000-7fe177af3000 ---p 00000000 00:00 0 
7fe177af3000-7fe177bf1000 rw-p 00000000 00:00 0 
7fe177bf1000-7fe177d64000 r--p 00000000 fc:01 7801                       /usr/lib/locale/C.UTF-8/LC_COLLATE
7fe177d64000-7fe177eff000 r--p 00000000 fc:01 7796                       /usr/lib/locale/locale-archive
7fe177eff000-7fe177f02000 ---p 00000000 00:00 0 
7fe177f02000-7fe178000000 rw-p 00000000 00:00 0 
7fe178000000-7fe178021000 rw-p 00000000 00:00 0 
7fe178021000-7fe17c000000 ---p 00000000 00:00 0 
7fe17c008000-7fe17c009000 r--s 0000f000 fc:01 71467                      /usr/local/lib/mpi.jar
7fe17c009000-7fe17c00c000 r--s 00018000 fc:01 527705                     /home/mpiuser/cloud/fyp/java_client/lib/http-client-3.6.1.RELEASE.jar
7fe17c00c000-7fe17c00e000 r--s 00009000 fc:01 527714                     /home/mpiuser/cloud/fyp/java_client/lib/slf4j-api-1.7.30.jar
7fe17c00e000-7fe17c010000 r--s 00009000 fc:01 527713                     /home/mpiuser/cloud/fyp/java_client/lib/slf4j-api-1.7.29.jar
7fe17c010000-7fe17c015000 r--s 00051000 fc:01 527709                     /home/mpiuser/cloud/fyp/java_client/lib/jackson-core-2.10.3.jar
7fe17c015000-7fe17c01a000 r--s 00051000 fc:01 527708                     /home/mpiuser/cloud/fyp/java_client/lib/jackson-core-2.10.2.jar
7fe17c01a000-7fe17c01d000 r--s 0000e000 fc:01 527706                     /home/mpiuser/cloud/fyp/java_client/lib/jackson-annotations-2.10.2.jar
7fe17c01d000-7fe17c02a000 r--s 0009b000 fc:01 527716                     /home/mpiuser/cloud/fyp/java_client/lib/spring-beans-5.2.5.RELEASE.jar
7fe17c02a000-7fe17c04c000 rw-p 00000000 00:00 0 
7fe17c04c000-7fe17c04d000 r--s 00000000 fc:01 1039764                    /tmp/ompi.openmpi-master.1000/pid.7847/pmix_dstor_ds21_7847/initial-pmix_shared-segment-0
7fe17c04d000-7fe17c04e000 rw-s 00000000 fc:01 1039765                    /tmp/ompi.openmpi-master.1000/pid.7847/pmix_dstor_ds21_7847/smlockseg-758644737
7fe17c04e000-7fe17c04f000 r--s 00000000 fc:01 1039766                    /tmp/ompi.openmpi-master.1000/pid.7847/pmix_dstor_ds12_7847/initial-pmix_shared-segment-0
7fe17c04f000-7fe17c050000 rw-s 00000000 fc:01 1039767                    /tmp/ompi.openmpi-master.1000/pid.7847/pmix_dstor_ds12_7847/dstore_sm.lock
7fe17c050000-7fe17c051000 r--s 0000f000 fc:01 527712                     /home/mpiuser/cloud/fyp/java_client/lib/mpi.jar
7fe17c051000-7fe17c06e000 r--s 00142000 fc:01 527719                     /home/mpiuser/cloud/fyp/java_client/lib/spring-web-5.2.5.RELEASE.jar
7fe17c06e000-7fe17c071000 ---p 00000000 00:00 0 
7fe17c071000-7fe17c16f000 rw-p 00000000 00:00 0 
7fe17c16f000-7fe17c170000 ---p 00000000 00:00 0 
7fe17c170000-7fe17c270000 rw-p 00000000 00:00 0 
7fe17c270000-7fe17c440000 r--s 03c68000 fc:01 1302635                    /usr/lib/jvm/java-8-openjdk-amd64/jre/lib/rt.jar
7fe17c440000-7fe17ca00000 rw-p