#
# A fatal error has been detected by the Java Runtime Environment:
#
#  SIGSEGV (0xb) at pc=0x00007f839ab7817c, pid=5130, tid=0x00007f83da1e3700
#
# JRE version: OpenJDK Runtime Environment (8.0_242-b08) (build 1.8.0_242-8u242-b08-0ubuntu3~18.04-b08)
# Java VM: OpenJDK 64-Bit Server VM (25.242-b08 mixed mode linux-amd64 compressed oops)
# Problematic frame:
# C  [mca_gds_ds21.so+0x217c]  pmix_gds_ds21_lock_init+0x13c
#
# Failed to write core dump. Core dumps have been disabled. To enable core dumping, try "ulimit -c unlimited" before starting Java again
#
# If you would like to submit a bug report, please visit:
#   http://bugreport.java.com/bugreport/crash.jsp
# The crash happened outside the Java Virtual Machine in native code.
# See problematic frame for where to report the bug.
#

---------------  T H R E A D  ---------------

Current thread (0x00007f83d000b800):  JavaThread "main" [_thread_in_native, id=5151, stack(0x00007f83da0e4000,0x00007f83da1e4000)]

siginfo: si_signo: 11 (SIGSEGV), si_code: 1 (SEGV_MAPERR), si_addr: 0x00007f83d4919008

Registers:
RAX=0x00007f83d0295370, RBX=0x00007f83d02952e0, RCX=0x00007f839af9d19e, RDX=0x00007ffd3d3bacb3
RSP=0x00007f83da1e16a0, RBP=0x00007f83d0295290, RSI=0x0000000000085000, RDI=0x0000000000000000
R8 =0x000000000000001e, R9 =0x0000000000000000, R10=0x0000000000000001, R11=0x0000000000000000
R12=0x00007f83d4919000, R13=0x00007f83d0294ee8, R14=0x0000000000001000, R15=0x00007f839ad7a240
RIP=0x00007f839ab7817c, EFLAGS=0x0000000000010202, CSGSFS=0x002b000000000033, ERR=0x0000000000000004
  TRAPNO=0x000000000000000e

Top of Stack: (sp=0x00007f83da1e16a0)
0x00007f83da1e16a0:   00007f83d0294f60 00007f83d0295240
0x00007f83da1e16b0:   00007ffd3d3bacb3 0000000000085000
0x00007f83da1e16c0:   0000000000001000 00000000000003e8
0x00007f83da1e16d0:   00007f83d02952e8 00007f83d9a622ed
0x00007f83da1e16e0:   00007f83d0294f30 f1bbbd4ef21c8f00
0x00007f83da1e16f0:   0000000000000000 00007f83d0294c10
0x00007f83da1e1700:   0000000000000000 00007ffd3d3bacb3
0x00007f83da1e1710:   0000000000000000 00007f83d0294ec0
0x00007f83da1e1720:   00007f83d0294e80 00007f839af97cd9
0x00007f83da1e1730:   00007f839ab78cdb 00007f83da1e17c0
0x00007f83da1e1740:   00007f83a01c88d3 0000001500000040
0x00007f83da1e1750:   00007f83d0290560 f1bbbd4ef21c8f00
0x00007f83da1e1760:   00007f83a03ee0a0 00007f83d0290070
0x00007f83da1e1770:   00007f83a03f1fd0 00007f839ad7a2d4
0x00007f83da1e1780:   00007f83a03ee0a0 00007f839ad7a180
0x00007f83da1e1790:   00007f83d0294bc0 00007f839ab77f04
0x00007f83da1e17a0:   00007f83a03f1fd0 00007f83a01b01a6
0x00007f83da1e17b0:   00007f83a03ee100 00007f83a03f1fc0
0x00007f83da1e17c0:   00007f83da1e17e4 00007f83da1e17e8
0x00007f83da1e17d0:   0000000000000000 0000000000000000
0x00007f83da1e17e0:   0000001ea03ed520 00007f839ad7a180
0x00007f83da1e17f0:   0000000000000000 f1bbbd4ef21c8f00
0x00007f83da1e1800:   00007f83a03ee0a0 0000000000000000
0x00007f83da1e1810:   0000000000000000 00007f83d021f4d0
0x00007f83da1e1820:   00007f83a03ed520 00007f83a011a760
0x00007f83da1e1830:   0000000000000000 00007f83a01635a9
0x00007f83da1e1840:   00007f83d02481d0 00007f83a03ed7d8
0x00007f83da1e1850:   2d69706d6e65706f 000072657473616d
0x00007f83da1e1860:   0000000003741ab1 00007f83a00a6f86
0x00007f83da1e1870:   00007f83a00a3118 00007f83a009eafc
0x00007f83da1e1880:   00007f83a00a667a 0000000100000000
0x00007f83da1e1890:   00007f83da1e1990 f1bbbd4ef21c8f00 

Instructions: (pc=0x00007f839ab7817c)
0x00007f839ab7815c:   ff ff 48 85 c0 48 89 43 30 0f 84 b3 01 00 00 4c
0x00007f839ab7816c:   8b 60 18 49 8b 34 24 49 39 f6 0f 82 e4 02 00 00
0x00007f839ab7817c:   41 8b 44 24 08 4c 89 e2 31 c9 48 8d 7c 24 40 be
0x00007f839ab7818c:   01 00 00 00 89 43 40 49 03 54 24 18 85 c0 48 89 

Register to memory mapping:

RAX=0x00007f83d0295370 is an unknown value
RBX=0x00007f83d02952e0 is an unknown value
RCX=0x00007f839af9d19e: pmix_common_dstor_attach_new_lock_seg+0x1e in /usr/local/lib/libmca_common_dstore.so.1 at 0x00007f839af8d000
RDX=0x00007ffd3d3bacb3 is an unknown value
RSP=0x00007f83da1e16a0 is pointing into the stack for thread: 0x00007f83d000b800
RBP=0x00007f83d0295290 is an unknown value
RSI=0x0000000000085000 is an unknown value
RDI=0x0000000000000000 is an unknown value
R8 =0x000000000000001e is an unknown value
R9 =0x0000000000000000 is an unknown value
R10=0x0000000000000001 is an unknown value
R11=0x0000000000000000 is an unknown value
R12=0x00007f83d4919000 is an unknown value
R13=0x00007f83d0294ee8 is an unknown value
R14=0x0000000000001000 is an unknown value
R15=0x00007f839ad7a240: lock_item_t_class+0 in /usr/local/lib/pmix/mca_gds_ds21.so at 0x00007f839ab76000


Stack: [0x00007f83da0e4000,0x00007f83da1e4000],  sp=0x00007f83da1e16a0,  free space=1013k
Native frames: (J=compiled Java code, j=interpreted, Vv=VM code, C=native code)
C  [mca_gds_ds21.so+0x217c]  pmix_gds_ds21_lock_init+0x13c

Java frames: (J=compiled Java code, j=interpreted, Vv=VM code)
j  mpi.MPI.Init_jni([Ljava/lang/String;)[Ljava/lang/String;+0
j  mpi.MPI.Init([Ljava/lang/String;)[Ljava/lang/String;+17
j  Client.main([Ljava/lang/String;)V+1
v  ~StubRoutines::call_stub

---------------  P R O C E S S  ---------------

Java Threads: ( => current thread )
  0x00007f83d00b7800 JavaThread "Service Thread" daemon [_thread_blocked, id=5489, stack(0x00007f83d510e000,0x00007f83d520f000)]
  0x00007f83d00b4800 JavaThread "C1 CompilerThread1" daemon [_thread_blocked, id=5474, stack(0x00007f83d5210000,0x00007f83d5310000)]
  0x00007f83d00b2000 JavaThread "C2 CompilerThread0" daemon [_thread_blocked, id=5457, stack(0x00007f83d5311000,0x00007f83d5411000)]
  0x00007f83d00b0800 JavaThread "Signal Dispatcher" daemon [_thread_blocked, id=5440, stack(0x00007f83d5411000,0x00007f83d5512000)]
  0x00007f83d007e000 JavaThread "Finalizer" daemon [_thread_blocked, id=5271, stack(0x00007f83d5851000,0x00007f83d5952000)]
  0x00007f83d0079800 JavaThread "Reference Handler" daemon [_thread_blocked, id=5264, stack(0x00007f83d5952000,0x00007f83d5a53000)]
=>0x00007f83d000b800 JavaThread "main" [_thread_in_native, id=5151, stack(0x00007f83da0e4000,0x00007f83da1e4000)]

Other Threads:
  0x00007f83d006f800 VMThread [stack: 0x00007f83d5a54000,0x00007f83d5b54000] [id=5216]
  0x00007f83d00ba800 WatcherThread [stack: 0x00007f83d500e000,0x00007f83d510e000] [id=5491]

VM state:not at safepoint (normal execution)

VM Mutex/Monitor currently owned by a thread: None

heap address: 0x00000000f0800000, size: 248 MB, Compressed Oops mode: 32-bit
Narrow klass base: 0x0000000000000000, Narrow klass shift: 3
Compressed class space size: 1073741824 Address: 0x0000000100000000

Heap:
 def new generation   total 4928K, used 1441K [0x00000000f0800000, 0x00000000f0d50000, 0x00000000f5aa0000)
  eden space 4416K,  32% used [0x00000000f0800000, 0x00000000f0968610, 0x00000000f0c50000)
  from space 512K,   0% used [0x00000000f0c50000, 0x00000000f0c50000, 0x00000000f0cd0000)
  to   space 512K,   0% used [0x00000000f0cd0000, 0x00000000f0cd0000, 0x00000000f0d50000)
 tenured generation   total 10944K, used 0K [0x00000000f5aa0000, 0x00000000f6550000, 0x0000000100000000)
   the space 10944K,   0% used [0x00000000f5aa0000, 0x00000000f5aa0000, 0x00000000f5aa0200, 0x00000000f6550000)
 Metaspace       used 3127K, capacity 4792K, committed 5120K, reserved 1056768K
  class space    used 313K, capacity 424K, committed 512K, reserved 1048576K

Card table byte_map: [0x00007f83da066000,0x00007f83da0e3000] byte_map_base: 0x00007f83d98e2000

Polling page: 0x00007f83da1ef000

CodeCache: size=245760Kb used=1271Kb max_used=1271Kb free=244488Kb
 bounds [0x00007f83c1000000, 0x00007f83c1270000, 0x00007f83d0000000]
 total_blobs=377 nmethods=72 adapters=220
 compilation: enabled

Compilation events (10 events):
Event: 6.415 Thread 0x00007f83d00b4800   65       3       java.util.zip.ZipCoder::encoder (35 bytes)
Event: 6.416 Thread 0x00007f83d00b4800 nmethod 65 0x00007f83c1133a90 code [0x00007f83c1133c40, 0x00007f83c11342a8]
Event: 6.416 Thread 0x00007f83d00b4800   67       3       java.lang.String::startsWith (7 bytes)
Event: 6.509 Thread 0x00007f83d00b4800 nmethod 67 0x00007f83c113c2d0 code [0x00007f83c113c440, 0x00007f83c113c648]
Event: 6.541 Thread 0x00007f83d00b4800   69       3       java.util.concurrent.ConcurrentHashMap::setTabAt (19 bytes)
Event: 6.544 Thread 0x00007f83d00b4800 nmethod 69 0x00007f83c113ca50 code [0x00007f83c113cba0, 0x00007f83c113cd10]
Event: 6.557 Thread 0x00007f83d00b4800   71   !   3       java.util.zip.ZipFile::getEntry (101 bytes)
Event: 6.568 Thread 0x00007f83d00b4800 nmethod 71 0x00007f83c113cd90 code [0x00007f83c113cf60, 0x00007f83c113d5d8]
Event: 6.568 Thread 0x00007f83d00b4800   72       3       java.lang.CharacterDataLatin1::toLowerCase (39 bytes)
Event: 6.569 Thread 0x00007f83d00b4800 nmethod 72 0x00007f83c113d8d0 code [0x00007f83c113da40, 0x00007f83c113dcb0]

GC Heap History (0 events):
No events

Deoptimization events (0 events):
No events

Classes redefined (0 events):
No events

Internal exceptions (5 events):
Event: 0.288 Thread 0x00007f83d000b800 Exception <a 'java/lang/NoSuchMethodError': Method sun.misc.Unsafe.defineClass(Ljava/lang/String;[BII)Ljava/lang/Class; name or signature does not match> (0x00000000f0807cc8) thrown at [/build/openjdk-8-58sEEn/openjdk-8-8u242-b08/src/hotspot/src/share/vm/
Event: 0.288 Thread 0x00007f83d000b800 Exception <a 'java/lang/NoSuchMethodError': Method sun.misc.Unsafe.prefetchRead(Ljava/lang/Object;J)V name or signature does not match> (0x00000000f0807fb0) thrown at [/build/openjdk-8-58sEEn/openjdk-8-8u242-b08/src/hotspot/src/share/vm/prims/jni.cpp, lin
Event: 1.085 Thread 0x00007f83d000b800 Exception <a 'java/util/zip/ZipException'> (0x00000000f085dec8) thrown at [/build/openjdk-8-58sEEn/openjdk-8-8u242-b08/src/hotspot/src/share/vm/prims/jni.cpp, line 710]
Event: 1.085 Thread 0x00007f83d000b800 Exception <a 'java/security/PrivilegedActionException'> (0x00000000f085e168) thrown at [/build/openjdk-8-58sEEn/openjdk-8-8u242-b08/src/hotspot/src/share/vm/prims/jvm.cpp, line 1502]
Event: 1.085 Thread 0x00007f83d000b800 Exception <a 'java/security/PrivilegedActionException'> (0x00000000f085e378) thrown at [/build/openjdk-8-58sEEn/openjdk-8-8u242-b08/src/hotspot/src/share/vm/prims/jvm.cpp, line 1502]

Events (10 events):
Event: 6.346 loading class mpi/Constant
Event: 6.346 loading class mpi/Constant done
Event: 6.347 loading class mpi/Errhandler
Event: 6.347 loading class mpi/Errhandler done
Event: 6.391 loading class mpi/Intracomm
Event: 6.391 loading class mpi/Intracomm done
Event: 6.402 loading class mpi/Comm
Event: 6.402 loading class mpi/Comm done
Event: 6.553 loading class mpi/Version
Event: 6.553 loading class mpi/Version done


Dynamic libraries:
f0800000-f0d50000 rw-p 00000000 00:00 0 
f0d50000-f5aa0000 ---p 00000000 00:00 0 
f5aa0000-f6550000 rw-p 00000000 00:00 0 
f6550000-100000000 ---p 00000000 00:00 0 
100000000-100080000 rw-p 00000000 00:00 0 
100080000-140000000 ---p 00000000 00:00 0 
55ce840b7000-55ce840b8000 r-xp 00000000 fc:01 1302575                    /usr/lib/jvm/java-8-openjdk-amd64/jre/bin/java
55ce842b7000-55ce842b8000 r--p 00000000 fc:01 1302575                    /usr/lib/jvm/java-8-openjdk-amd64/jre/bin/java
55ce842b8000-55ce842b9000 rw-p 00001000 fc:01 1302575                    /usr/lib/jvm/java-8-openjdk-amd64/jre/bin/java
55ce84f11000-55ce84f32000 rw-p 00000000 00:00 0                          [heap]
7f839a973000-7f839a975000 r-xp 00000000 fc:01 782288                     /usr/local/lib/pmix/mca_pshmem_mmap.so
7f839a975000-7f839ab74000 ---p 00002000 fc:01 782288                     /usr/local/lib/pmix/mca_pshmem_mmap.so
7f839ab74000-7f839ab75000 r--p 00001000 fc:01 782288                     /usr/local/lib/pmix/mca_pshmem_mmap.so
7f839ab75000-7f839ab76000 rw-p 00002000 fc:01 782288                     /usr/local/lib/pmix/mca_pshmem_mmap.so
7f839ab76000-7f839ab7a000 r-xp 00000000 fc:01 782262                     /usr/local/lib/pmix/mca_gds_ds21.so
7f839ab7a000-7f839ad79000 ---p 00004000 fc:01 782262                     /usr/local/lib/pmix/mca_gds_ds21.so
7f839ad79000-7f839ad7a000 r--p 00003000 fc:01 782262                     /usr/local/lib/pmix/mca_gds_ds21.so
7f839ad7a000-7f839ad7b000 rw-p 00004000 fc:01 782262                     /usr/local/lib/pmix/mca_gds_ds21.so
7f839ad7b000-7f839ad8b000 r-xp 00000000 fc:01 782264                     /usr/local/lib/pmix/mca_gds_hash.so
7f839ad8b000-7f839af8b000 ---p 00010000 fc:01 782264                     /usr/local/lib/pmix/mca_gds_hash.so
7f839af8b000-7f839af8c000 r--p 00010000 fc:01 782264                     /usr/local/lib/pmix/mca_gds_hash.so
7f839af8c000-7f839af8d000 rw-p 00011000 fc:01 782264                     /usr/local/lib/pmix/mca_gds_hash.so
7f839af8d000-7f839af9f000 r-xp 00000000 fc:01 29681                      /usr/local/lib/libmca_common_dstore.so.1.0.0
7f839af9f000-7f839b19e000 ---p 00012000 fc:01 29681                      /usr/local/lib/libmca_common_dstore.so.1.0.0
7f839b19e000-7f839b19f000 r--p 00011000 fc:01 29681                      /usr/local/lib/libmca_common_dstore.so.1.0.0
7f839b19f000-7f839b1a0000 rw-p 00012000 fc:01 29681                      /usr/local/lib/libmca_common_dstore.so.1.0.0
7f839b1a0000-7f839b1a4000 r-xp 00000000 fc:01 782260                     /usr/local/lib/pmix/mca_gds_ds12.so
7f839b1a4000-7f839b3a3000 ---p 00004000 fc:01 782260                     /usr/local/lib/pmix/mca_gds_ds12.so
7f839b3a3000-7f839b3a4000 r--p 00003000 fc:01 782260                     /usr/local/lib/pmix/mca_gds_ds12.so
7f839b3a4000-7f839b3a5000 rw-p 00004000 fc:01 782260                     /usr/local/lib/pmix/mca_gds_ds12.so
7f839b3a5000-7f839b3ad000 r-xp 00000000 fc:01 782292                     /usr/local/lib/pmix/mca_ptl_usock.so
7f839b3ad000-7f839b5ac000 ---p 00008000 fc:01 782292                     /usr/local/lib/pmix/mca_ptl_usock.so
7f839b5ac000-7f839b5ad000 r--p 00007000 fc:01 782292                     /usr/local/lib/pmix/mca_ptl_usock.so
7f839b5ad000-7f839b5ae000 rw-p 00008000 fc:01 782292                     /usr/local/lib/pmix/mca_ptl_usock.so
7f839b5ae000-7f839b5c0000 r-xp 00000000 fc:01 782290                     /usr/local/lib/pmix/mca_ptl_tcp.so
7f839b5c0000-7f839b7bf000 ---p 00012000 fc:01 782290                     /usr/local/lib/pmix/mca_ptl_tcp.so
7f839b7bf000-7f839b7c0000 r--p 00011000 fc:01 782290                     /usr/local/lib/pmix/mca_ptl_tcp.so
7f839b7c0000-7f839b7c1000 rw-p 00012000 fc:01 782290                     /usr/local/lib/pmix/mca_ptl_tcp.so
7f839b7c1000-7f839b7d3000 r-xp 00000000 fc:01 782252                     /usr/local/lib/pmix/mca_bfrops_v12.so
7f839b7d3000-7f839b9d2000 ---p 00012000 fc:01 782252                     /usr/local/lib/pmix/mca_bfrops_v12.so
7f839b9d2000-7f839b9d3000 r--p 00011000 fc:01 782252                     /usr/local/lib/pmix/mca_bfrops_v12.so
7f839b9d3000-7f839b9d4000 rw-p 00012000 fc:01 782252                     /usr/local/lib/pmix/mca_bfrops_v12.so
7f839b9d4000-7f839b9ed000 r-xp 00000000 fc:01 782254                     /usr/local/lib/pmix/mca_bfrops_v20.so
7f839b9ed000-7f839bbec000 ---p 00019000 fc:01 782254                     /usr/local/lib/pmix/mca_bfrops_v20.so
7f839bbec000-7f839bbed000 r--p 00018000 fc:01 782254                     /usr/local/lib/pmix/mca_bfrops_v20.so
7f839bbed000-7f839bbee000 rw-p 00019000 fc:01 782254                     /usr/local/lib/pmix/mca_bfrops_v20.so
7f839bbee000-7f839bbf6000 r-xp 00000000 fc:01 782258                     /usr/local/lib/pmix/mca_bfrops_v3.so
7f839bbf6000-7f839bdf5000 ---p 00008000 fc:01 782258                     /usr/local/lib/pmix/mca_bfrops_v3.so
7f839bdf5000-7f839bdf6000 r--p 00007000 fc:01 782258                     /usr/local/lib/pmix/mca_bfrops_v3.so
7f839bdf6000-7f839bdf7000 rw-p 00008000 fc:01 782258                     /usr/local/lib/pmix/mca_bfrops_v3.so
7f839bdf7000-7f839bdfe000 r-xp 00000000 fc:01 782256                     /usr/local/lib/pmix/mca_bfrops_v21.so
7f839bdfe000-7f839bffe000 ---p 00007000 fc:01 782256                     /usr/local/lib/pmix/mca_bfrops_v21.so
7f839bffe000-7f839bfff000 r--p 00007000 fc:01 782256                     /usr/local/lib/pmix/mca_bfrops_v21.so
7f839bfff000-7f839c000000 rw-p 00008000 fc:01 782256                     /usr/local/lib/pmix/mca_bfrops_v21.so
7f839c000000-7f839c021000 rw-p 00000000 00:00 0 
7f839c021000-7f83a0000000 ---p 00000000 00:00 0 
7f83a009e000-7f83a01ea000 r-xp 00000000 fc:01 782295                     /usr/local/lib/openmpi/mca_pmix_pmix3x.so
7f83a01ea000-7f83a03ea000 ---p 0014c000 fc:01 782295                     /usr/local/lib/openmpi/mca_pmix_pmix3x.so
7f83a03ea000-7f83a03eb000 r--p 0014c000 fc:01 782295                     /usr/local/lib/openmpi/mca_pmix_pmix3x.so
7f83a03eb000-7f83a03f0000 rw-p 0014d000 fc:01 782295                     /usr/local/lib/openmpi/mca_pmix_pmix3x.so
7f83a03f0000-7f83a03f3000 rw-p 00000000 00:00 0 
7f83a03f6000-7f83a03f8000 r-xp 00000000 fc:01 782278                     /usr/local/lib/pmix/mca_psec_native.so
7f83a03f8000-7f83a05f7000 ---p 00002000 fc:01 782278                     /usr/local/lib/pmix/mca_psec_native.so
7f83a05f7000-7f83a05f8000 r--p 00001000 fc:01 782278                     /usr/local/lib/pmix/mca_psec_native.so
7f83a05f8000-7f83a05f9000 rw-p 00002000 fc:01 782278                     /usr/local/lib/pmix/mca_psec_native.so
7f83a05f9000-7f83a05fa000 ---p 00000000 00:00 0 
7f83a05fa000-7f83a0dfa000 rw-p 00000000 00:00 0 
7f83a0dfa000-7f83a0dfe000 r-xp 00000000 fc:01 782352                     /usr/local/lib/openmpi/mca_ess_pmi.so
7f83a0dfe000-7f83a0ffd000 ---p 00004000 fc:01 782352                     /usr/local/lib/openmpi/mca_ess_pmi.so
7f83a0ffd000-7f83a0ffe000 r--p 00003000 fc:01 782352                     /usr/local/lib/openmpi/mca_ess_pmi.so
7f83a0ffe000-7f83a0fff000 rw-p 00004000 fc:01 782352                     /usr/local/lib/openmpi/mca_ess_pmi.so
7f83a0fff000-7f83a4000000 rw-p 00000000 00:00 0 
7f83a4000000-7f83a417c000 rw-p 00000000 00:00 0 
7f83a417c000-7f83a8000000 ---p 00000000 00:00 0 
7f83a8000000-7f83a8021000 rw-p 00000000 00:00 0 
7f83a8021000-7f83ac000000 ---p 00000000 00:00 0 
7f83ac000000-7f83ac021000 rw-p 00000000 00:00 0 
7f83ac021000-7f83b0000000 ---p 00000000 00:00 0 
7f83b0000000-7f83b004f000 rw-p 00000000 00:00 0 
7f83b004f000-7f83b4000000 ---p 00000000 00:00 0 
7f83b4000000-7f83b4021000 rw-p 00000000 00:00 0 
7f83b4021000-7f83b8000000 ---p 00000000 00:00 0 
7f83b8000000-7f83b8021000 rw-p 00000000 00:00 0 
7f83b8021000-7f83bc000000 ---p 00000000 00:00 0 
7f83bc000000-7f83bc021000 rw-p 00000000 00:00 0 
7f83bc021000-7f83c0000000 ---p 00000000 00:00 0 
7f83c015f000-7f83c01e4000 rw-s 00000000 fc:01 1039764                    /tmp/ompi.openmpi-master.1000/pid.5069/pmix_dstor_ds21_5069/smlockseg-542244865
7f83c01e4000-7f83c01e5000 r-xp 00000000 fc:01 782435                     /usr/local/lib/openmpi/mca_schizo_orte.so
7f83c01e5000-7f83c03e4000 ---p 00001000 fc:01 782435                     /usr/local/lib/openmpi/mca_schizo_orte.so
7f83c03e4000-7f83c03e5000 r--p 00000000 fc:01 782435                     /usr/local/lib/openmpi/mca_schizo_orte.so
7f83c03e5000-7f83c03e6000 rw-p 00001000 fc:01 782435                     /usr/local/lib/openmpi/mca_schizo_orte.so
7f83c03e6000-7f83c03e8000 r-xp 00000000 fc:01 782437                     /usr/local/lib/openmpi/mca_schizo_slurm.so
7f83c03e8000-7f83c05e7000 ---p 00002000 fc:01 782437                     /usr/local/lib/openmpi/mca_schizo_slurm.so
7f83c05e7000-7f83c05e8000 r--p 00001000 fc:01 782437                     /usr/local/lib/openmpi/mca_schizo_slurm.so
7f83c05e8000-7f83c05e9000 rw-p 00002000 fc:01 782437                     /usr/local/lib/openmpi/mca_schizo_slurm.so
7f83c05e9000-7f83c05f1000 r-xp 00000000 fc:01 782433                     /usr/local/lib/openmpi/mca_schizo_ompi.so
7f83c05f1000-7f83c07f0000 ---p 00008000 fc:01 782433                     /usr/local/lib/openmpi/mca_schizo_ompi.so
7f83c07f0000-7f83c07f1000 r--p 00007000 fc:01 782433                     /usr/local/lib/openmpi/mca_schizo_ompi.so
7f83c07f1000-7f83c07f3000 rw-p 00008000 fc:01 782433                     /usr/local/lib/openmpi/mca_schizo_ompi.so
7f83c07f3000-7f83c07f4000 r-xp 00000000 fc:01 782431                     /usr/local/lib/openmpi/mca_schizo_flux.so
7f83c07f4000-7f83c09f4000 ---p 00001000 fc:01 782431                     /usr/local/lib/openmpi/mca_schizo_flux.so
7f83c09f4000-7f83c09f5000 r--p 00001000 fc:01 782431                     /usr/local/lib/openmpi/mca_schizo_flux.so
7f83c09f5000-7f83c09f6000 rw-p 00002000 fc:01 782431                     /usr/local/lib/openmpi/mca_schizo_flux.so
7f83c09f6000-7f83c09f8000 r-xp 00000000 fc:01 782301                     /usr/local/lib/openmpi/mca_reachable_weighted.so
7f83c09f8000-7f83c0bf7000 ---p 00002000 fc:01 782301                     /usr/local/lib/openmpi/mca_reachable_weighted.so
7f83c0bf7000-7f83c0bf8000 r--p 00001000 fc:01 782301                     /usr/local/lib/openmpi/mca_reachable_weighted.so
7f83c0bf8000-7f83c0bf9000 rw-p 00002000 fc:01 782301                     /usr/local/lib/openmpi/mca_reachable_weighted.so
7f83c0bf9000-7f83c0bfc000 r-xp 00000000 fc:01 782304                     /usr/local/lib/openmpi/mca_shmem_mmap.so
7f83c0bfc000-7f83c0dfb000 ---p 00003000 fc:01 782304                     /usr/local/lib/openmpi/mca_shmem_mmap.so
7f83c0dfb000-7f83c0dfc000 r--p 00002000 fc:01 782304                     /usr/local/lib/openmpi/mca_shmem_mmap.so
7f83c0dfc000-7f83c0dfd000 rw-p 00003000 fc:01 782304                     /usr/local/lib/openmpi/mca_shmem_mmap.so
7f83c0dfd000-7f83c0dff000 r-xp 00000000 fc:01 2182                       /lib/x86_64-linux-gnu/libutil-2.27.so
7f83c0dff000-7f83c0ffe000 ---p 00002000 fc:01 2182                       /lib/x86_64-linux-gnu/libutil-2.27.so
7f83c0ffe000-7f83c0fff000 r--p 00001000 fc:01 2182                       /lib/x86_64-linux-gnu/libutil-2.27.so
7f83c0fff000-7f83c1000000 rw-p 00002000 fc:01 2182                       /lib/x86_64-linux-gnu/libutil-2.27.so
7f83c1000000-7f83c1270000 rwxp 00000000 00:00 0 
7f83c1270000-7f83d0000000 ---p 00000000 00:00 0 
7f83d0000000-7f83d0297000 rw-p 00000000 00:00 0 
7f83d0297000-7f83d4000000 ---p 00000000 00:00 0 
7f83d4028000-7f83d40dd000 r-xp 00000000 fc:01 29711                      /usr/local/lib/libopen-rte.so.40.20.1
7f83d40dd000-7f83d42dc000 ---p 000b5000 fc:01 29711                      /usr/local/lib/libopen-rte.so.40.20.1
7f83d42dc000-7f83d42de000 r--p 000b4000 fc:01 29711                      /usr/local/lib/libopen-rte.so.40.20.1
7f83d42de000-7f83d42e2000 rw-p 000b6000 fc:01 29711                      /usr/local/lib/libopen-rte.so.40.20.1
7f83d42e2000-7f83d42e5000 rw-p 00000000 00:00 0 
7f83d42e5000-7f83d43e8000 r-xp 00000000 fc:01 13011                      /usr/local/lib/libopen-pal.so.40.20.1
7f83d43e8000-7f83d45e8000 ---p 00103000 fc:01 13011                      /usr/local/lib/libopen-pal.so.40.20.1
7f83d45e8000-7f83d45eb000 r--p 00103000 fc:01 13011                      /usr/local/lib/libopen-pal.so.40.20.1
7f83d45eb000-7f83d45f1000 rw-p 00106000 fc:01 13011                      /usr/local/lib/libopen-pal.so.40.20.1
7f83d45f1000-7f83d45f8000 rw-p 00000000 00:00 0 
7f83d45f8000-7f83d46ee000 r-xp 00000000 fc:01 29875                      /usr/local/lib/libmpi.so.40.20.1
7f83d46ee000-7f83d48ed000 ---p 000f6000 fc:01 29875                      /usr/local/lib/libmpi.so.40.20.1
7f83d48ed000-7f83d48ef000 r--p 000f5000 fc:01 29875                      /usr/local/lib/libmpi.so.40.20.1
7f83d48ef000-7f83d4900000 rw-p 000f7000 fc:01 29875                      /usr/local/lib/libmpi.so.40.20.1
7f83d4900000-7f83d4912000 rw-p 00000000 00:00 0 
7f83d491a000-7f83d491b000 r--s 00000000 fc:01 783094                     /tmp/ompi.openmpi-master.1000/pid.5069/pmix_dstor_ds12_5069/initial-pmix_shared-segment-0
7f83d491b000-7f83d491c000 rw-s 00000000 fc:01 783095                     /tmp/ompi.openmpi-master.1000/pid.5069/pmix_dstor_ds12_5069/dstore_sm.lock
7f83d491c000-7f83d4944000 r-xp 00000000 fc:01 71469                      /usr/local/lib/libmpi_java.so.40.20.0
7f83d4944000-7f83d4b43000 ---p 00028000 fc:01 71469                      /usr/local/lib/libmpi_java.so.40.20.0
7f83d4b43000-7f83d4b44000 r--p 00027000 fc:01 71469                      /usr/local/lib/libmpi_java.so.40.20.0
7f83d4b44000-7f83d4b45000 rw-p 00028000 fc:01 71469                      /usr/local/lib/libmpi_java.so.40.20.0
7f83d4b45000-7f83d4b46000 r--s 0000f000 fc:01 527712                     /home/mpiuser/cloud/fyp/java_client/lib/mpi.jar
7f83d4b46000-7f83d4b49000 r--s 0000e000 fc:01 527707                     /home/mpiuser/cloud/fyp/java_client/lib/jackson-annotations-2.10.3.jar
7f83d4b49000-7f83d4b66000 r--s 00142000 fc:01 527719                     /home/mpiuser/cloud/fyp/java_client/lib/spring-web-5.2.5.RELEASE.jar
7f83d4b66000-7f83d4b73000 r--s 00090000 fc:01 527704                     /home/mpiuser/cloud/fyp/java_client/lib/amqp-client-5.8.0.jar
7f83d4b73000-7f83d4b74000 r--s 00003000 fc:01 527715                     /home/mpiuser/cloud/fyp/java_client/lib/slf4j-simple-1.7.30.jar
7f83d4b74000-7f83d4b89000 r--s 00142000 fc:01 527710                     /home/mpiuser/cloud/fyp/java_client/lib/jackson-databind-2.10.2.jar
7f83d4b89000-7f83d4b9e000 r--s 00142000 fc:01 527711                     /home/mpiuser/cloud/fyp/java_client/lib/jackson-databind-2.10.3.jar
7f83d4b9e000-7f83d4b9f000 r--s 00005000 fc:01 527718                     /home/mpiuser/cloud/fyp/java_client/lib/spring-jcl-5.2.5.RELEASE.jar
7f83d4b9f000-7f83d4bb6000 r-xp 00000000 fc:01 1302611                    /usr/lib/jvm/java-8-openjdk-amd64/jre/lib/amd64/libnet.so
7f83d4bb6000-7f83d4db5000 ---p 00017000 fc:01 1302611                    /usr/lib/jvm/java-8-openjdk-amd64/jre/lib/amd64/libnet.so
7f83d4db5000-7f83d4db6000 r--p 00016000 fc:01 1302611                    /usr/lib/jvm/java-8-openjdk-amd64/jre/lib/amd64/libnet.so
7f83d4db6000-7f83d4db7000 rw-p 00017000 fc:01 1302611                    /usr/lib/jvm/java-8-openjdk-amd64/jre/lib/amd64/libnet.so
7f83d4db7000-7f83d4dc8000 r-xp 00000000 fc:01 1302612                    /usr/lib/jvm/java-8-openjdk-amd64/jre/lib/amd64/libnio.so
7f83d4dc8000-7f83d4fc8000 ---p 00011000 fc:01 1302612                    /usr/lib/jvm/java-8-openjdk-amd64/jre/lib/amd64/libnio.so
7f83d4fc8000-7f83d4fc9000 r--p 00011000 fc:01 1302612                    /usr/lib/jvm/java-8-openjdk-amd64/jre/lib/amd64/libnio.so
7f83d4fc9000-7f83d4fca000 rw-p 00012000 fc:01 1302612                    /usr/lib/jvm/java-8-openjdk-amd64/jre/lib/amd64/libnio.so
7f83d4fca000-7f83d4fe5000 r--s 001d6000 fc:01 1555512                    /usr/lib/jvm/java-8-openjdk-amd64/jre/lib/ext/nashorn.jar
7f83d4fe5000-7f83d4fe9000 r--s 0003a000 fc:01 1555515                    /usr/lib/jvm/java-8-openjdk-amd64/jre/lib/ext/sunpkcs11.jar
7f83d4fe9000-7f83d4fee000 r--s 0003d000 fc:01 1555514                    /usr/lib/jvm/java-8-openjdk-amd64/jre/lib/ext/sunjce_provider.jar
7f83d4fee000-7f83d4fef000 r--s 00010000 fc:01 1555516                    /usr/lib/jvm/java-8-openjdk-amd64/jre/lib/ext/zipfs.jar
7f83d4fef000-7f83d4ff0000 r--s 0000a000 fc:01 1555510                    /usr/lib/jvm/java-8-openjdk-amd64/jre/lib/ext/jaccess.jar
7f83d4ff0000-7f83d4ff2000 r--s 00007000 fc:01 29606                      /usr/share/java/java-atk-wrapper.jar
7f83d4ff2000-7f83d500d000 r--s 00394000 fc:01 1555507                    /usr/lib/jvm/java-8-openjdk-amd64/jre/lib/ext/cldrdata.jar
7f83d500d000-7f83d500e000 ---p 00000000 00:00 0 
7f83d500e000-7f83d510e000 rw-p 00000000 00:00 0 
7f83d510e000-7f83d5111000 ---p 00000000 00:00 0 
7f83d5111000-7f83d520f000 rw-p 00000000 00:00 0 
7f83d520f000-7f83d5210000 ---p 00000000 00:00 0 
7f83d5210000-7f83d5213000 ---p 00000000 00:00 0 
7f83d5213000-7f83d5310000 rw-p 00000000 00:00 0 
7f83d5310000-7f83d5311000 ---p 00000000 00:00 0 
7f83d5311000-7f83d5314000 ---p 00000000 00:00 0 
7f83d5314000-7f83d5411000 rw-p 00000000 00:00 0 
7f83d5411000-7f83d5414000 ---p 00000000 00:00 0 
7f83d5414000-7f83d5512000 rw-p 00000000 00:00 0 
7f83d5512000-7f83d5543000 r--p 00000000 fc:01 7802                       /usr/lib/locale/C.UTF-8/LC_CTYPE
7f83d5543000-7f83d56b6000 r--p 00000000 fc:01 7801                       /usr/lib/locale/C.UTF-8/LC_COLLATE
7f83d56b6000-7f83d5851000 r--p 00000000 fc:01 7796                       /usr/lib/locale/locale-archive
7f83d5851000-7f83d5854000 ---p 00000000 00:00 0 
7f83d5854000-7f83d5952000 rw-p 00000000 00:00 0 
7f83d5952000-7f83d5955000 ---p 00000000 00:00 0 
7f83d5955000-7f83d5a53000 rw-p 00000000 00:00 0 
7f83d5a53000-7f83d5a54000 ---p 00000000 00:00 0 
7f83d5a54000-7f83d5ba2000 rw-p 00000000 00:00 0 
7f83d5ba2000-7f83d5d72000 r--s 03c68000 fc:01 1302635                    /usr/lib/jvm/java-8-openjdk-amd64/jre/lib/rt.jar
7f83d5d72000-7f83d62eb000 rw-p 00000000 00:00 0 
7f83d62eb000-7f83d666b000 ---p 00000000 00:00 0 
7f83d666b000-7f83d6675000 rw-p 00000000 00:00 0 
7f83d6675000-7f83d6a2b000 ---p 00000000 00:00 0 
7f83d6a2b000-7f83d6a33000 r-xp 00000000 fc:01 1302619                    /usr/lib/jvm/java-8-openjdk-amd64/jre/lib/amd64/libzip.so
7f83d6a33000-7f83d6c32000 ---p 00008000 fc:01 1302619                    /usr/lib/jvm/java-8-openjdk-amd64/jre/lib/amd64/libzip.so
7f83d6c32000-7f83d6c33000 r--p 00007000 fc:01 1302619                    /usr/lib/jvm/java-8-openjdk-amd64/jre/lib/amd64/libzip.so
7f83d6c33000-7f83d6c34000 rw-p 00008000 fc:01 1302619                    /usr/lib/jvm/java-8-openjdk-amd64/jre/lib/amd64/libzip.so
7f83d6c34000-7f83d6c3f000 r-xp 00000000 fc:01 2093                       /lib/x86_64-linux-gnu/libnss_files-2.27.so
7f83d6c3f000-7f83d6e3e000 ---p 0000b000 fc:01 2093                       /lib/x86_64-linux-gnu/libnss_files-2.27.so
7f83d6e3e000-7f83d6e3f000 r--p 0000a000 fc:01 2093                       /lib/x86_64-linux-gnu/libnss_files-2.27.so
7f83d6e3f000-7f83d6e40000 rw-p 0000b000 fc:01 2093                       /lib/x86_64-linux-gnu/libnss_files-2.27.so
7f83d6e40000-7f83d6e46000 rw-p 00000000 00:00 0 
7f83d6e46000-7f83d6e5d000 r-xp 00000000 fc:01 2090                       /lib/x86_64-linux-gnu/libnsl-2.27.so
7f83d6e5d000-7f83d705c000 ---p 00017000 fc:01 2090                       /lib/x86_64-linux-gnu/libnsl-2.27.so
7f83d705c000-7f83d705d000 r--p 00016000 fc:01 2090                       /lib/x86_64-linux-gnu/libnsl-2.27.so
7f83d705d000-7f83d705e000 rw-p 00017000 fc:01 2090                       /lib/x86_64-linux-gnu/libnsl-2.27.so
7f83d705e000-7f83d7060000 rw-p 00000000 00:00 0 
7f83d7060000-7f83d706b000 r-xp 00000000 fc:01 2095                       /lib/x86_64-linux-gnu/libnss_nis-2.27.so
7f83d706b000-7f83d726a000 ---p 0000b000 fc:01 2095                       /lib/x86_64-linux-gnu/libnss_nis-2.27.so
7f83d726a000-7f83d726b000 r--p 0000a000 fc:01 2095                       /lib/x86_64-linux-gnu/libnss_nis-2.27.so
7f83d726b000-7f83d726c000 rw-p 0000b000 fc:01 2095                       /lib/x86_64-linux-gnu/libnss_nis-2.27.so
7f83d726c000-7f83d7274000 r-xp 00000000 fc:01 2091                       /lib/x86_64-linux-gnu/libnss_compat-2.27.so
7f83d7274000-7f83d7474000 ---p 00008000 fc:01 2091                       /lib/x86_64-linux-gnu/libnss_compat-2.27.so
7f83d7474000-7f83d7475000 r--p 00008000 fc:01 2091                       /lib/x86_64-linux-gnu/libnss_compat-2.27.so
7f83d7475000-7f83d7476000 rw-p 00009000 fc:01 2091                       /lib/x86_64-linux-gnu/libnss_compat-2.27.so
7f83d7476000-7f83d74a0000 r-xp 00000000 fc:01 1302600                    /usr/lib/jvm/java-8-openjdk-amd64/jre/lib/amd64/libjava.so
7f83d74a0000-7f83d769f000 ---p 0002a000 fc:01 1302600                    /usr/lib/jvm/java-8-openjdk-amd64/jre/lib/amd64/libjava.so
7f83d769f000-7f83d76a0000 r--p 00029000 fc:01 1302600                    /usr/lib/jvm/java-8-openjdk-amd64/jre/lib/amd64/libjava.so
7f83d76a0000-7f83d76a2000 rw-p 0002a000 fc:01 1302600                    /usr/lib/jvm/java-8-openjdk-amd64/jre/lib/amd64/libjava.so
7f83d76a2000-7f83d76b2000 r-xp 00000000 fc:01 1302618                    /usr/lib/jvm/java-8-openjdk-amd64/jre/lib/amd64/libverify.so
7f83d76b2000-7f83d78b1000 ---p 00010000 fc:01 1302618                    /usr/lib/jvm/java-8-openjdk-amd64/jre/lib/amd64/libverify.so
7f83d78b1000-7f83d78b3000 r--p 0000f000 fc:01 1302618                    /usr/lib/jvm/java-8-openjdk-amd64/jre/lib/amd64/libverify.so
7f83d78b3000-7f83d78b4000 rw-p 00011000 fc:01 1302618                    /usr/lib/jvm/java-8-openjdk-amd64/jre/lib/amd64/libverify.so
7f83d78b4000-7f83d78bb000 r-xp 00000000 fc:01 2180                       /lib/x86_64-linux-gnu/librt-2.27.so
7f83d78bb000-7f83d7aba000 ---p 00007000 fc:01 2180                       /lib/x86_64-linux-gnu/librt-2.27.so
7f83d7aba000-7f83d7abb000 r--p 00006000 fc:01 2180                       /lib/x86_64-linux-gnu/librt-2.27.so
7f83d7abb000-7f83d7abc000 rw-p 00007000 fc:01 2180                       /lib/x86_64-linux-gnu/librt-2.27.so
7f83d7abc000-7f83d7ad3000 r-xp 00000000 fc:01 29154                      /lib/x86_64-linux-gnu/libgcc_s.so.1
7f83d7ad3000-7f83d7cd2000 ---p 00017000 fc:01 29154                      /lib/x86_64-linux-gnu/libgcc_s.so.1
7f83d7cd2000-7f83d7cd3000 r--p 00016000 fc:01 29154                      /lib/x86_64-linux-gnu/libgcc_s.so.1
7f83d7cd3000-7f83d7cd4000 rw-p 00017000 fc:01 29154                      /lib/x86_64-linux-gnu/libgcc_s.so.1
7f83d7cd4000-7f83d7e71000 r-xp 00000000 fc:01 2087                       /lib/x86_64-linux-gnu/libm-2.27.so
7f83d7e71000-7f83d8070000 ---p 0019d000 fc:01 2087                       /lib/x86_64-linux-gnu/libm-2.27.so
7f83d8070000-7f83d8071000 r--p 0019c000 fc:01 2087                       /lib/x86_64-linux-gnu/libm-2.27.so
7f83d8071000-7f83d8072000 rw-p 0019d000 fc:01 2087                       /lib/x86_64-linux-gnu/libm-2.27.so
7f83d8072000-7f83d81eb000 r-xp 00000000 fc:01 4344                       /usr/lib/x86_64-linux-gnu/libstdc++.so.6.0.25
7f83d81eb000-7f83d83eb000 ---p 00179000 fc:01 4344                       /usr/lib/x86_64-linux-gnu/libstdc++.so.6.0.25
7f83d83eb000-7f83d83f5000 r--p 00179000 fc:01 4344                       /usr/lib/x86_64-linux-gnu/libstdc++.so.6.0.25
7f83d83f5000-7f83d83f7000 rw-p 00183000 fc:01 4344                       /usr/lib/x86_64-linux-gnu/libstdc++.so.6.0.25
7f83d83f7000-7f83d83fb000 rw-p 00000000 00:00 0 
7f83d83fb000-7f83d909e000 r-xp 00000000 fc:01 1302622                    /usr/lib/jvm/java-8-openjdk-amd64/jre/lib/amd64/server/libjvm.so
7f83d909e000-7f83d929e000 ---p 00ca3000 fc:01 1302622                    /usr/lib/jvm/java-8-openjdk-amd64/jre/lib/amd64/server/libjvm.so
7f83d929e000-7f83d9332000 r--p 00ca3000 fc:01 1302622                    /usr/lib/jvm/java-8-openjdk-amd64/jre/lib/amd64/server/libjvm.so
7f83d9332000-7f83d935b000 rw-p 00d37000 fc:01 1302622                    /usr/lib/jvm/java-8-openjdk-amd64/jre/lib/amd64/server/libjvm.so
7f83d935b000-7f83d938b000 rw-p 00000000 00:00 0 
7f83d938b000-7f83d93a5000 r-xp 00000000 fc:01 2178                       /lib/x86_64-linux-gnu/libpthread-2.27.so
7f83d93a5000-7f83d95a4000 ---p 0001a000 fc:01 2178                       /lib/x86_64-linux-gnu/libpthread-2.27.so
7f83d95a4000-7f83d95a5000 r--p 00019000 fc:01 2178                       /lib/x86_64-linux-gnu/libpthread-2.27.so
7f83d95a5000-7f83d95a6000 rw-p 0001a000 fc:01 2178                       /lib/x86_64-linux-gnu/libpthread-2.27.so
7f83d95a6000-7f83d95aa000 rw-p 00000000 00:00 0 
7f83d95aa000-7f83d95ad000 r-xp 00000000 fc:01 2086                       /lib/x86_64-linux-gnu/libdl-2.27.so
7f83d95ad000-7f83d97ac000 ---p 00003000 fc:01 2086                       /lib/x86_64-linux-gnu/libdl-2.27.so
7f83d97ac000-7f83d97ad000 r--p 00002000 fc:01 2086                       /lib/x86_64-linux-gnu/libdl-2.27.so
7f83d97ad000-7f83d97ae000 rw-p 00003000 fc:01 2086                       /lib/x86_64-linux-gnu/libdl-2.27.so
7f83d97ae000-7f83d97ca000 r-xp 00000000 fc:01 2183                       /lib/x86_64-linux-gnu/libz.so.1.2.11
7f83d97ca000-7f83d99c9000 ---p 0001c000 fc:01 2183                       /lib/x86_64-linux-gnu/libz.so.1.2.11
7f83d99c9000-7f83d99ca000 r--p 0001b000 fc:01 2183                       /lib/x86_64-linux-gnu/libz.so.1.2.11
7f83d99ca000-7f83d99cb000 rw-p 0001c000 fc:01 2183                       /lib/x86_64-linux-gnu/libz.so.1.2.11
7f83d99cb000-7f83d9bb2000 r-xp 00000000 fc:01 2083                       /lib/x86_64-linux-gnu/libc-2.27.so
7f83d9bb2000-7f83d9db2000 ---p 001e7000 fc:01 2083                       /lib/x86_64-linux-gnu/libc-2.27.so
7f83d9db2000-7f83d9db6000 r--p 001e7000 fc:01 2083                       /lib/x86_64-linux-gnu/libc-2.27.so
7f83d9db6000-7f83d9db8000 rw-p 001eb000 fc:01 2083                       /lib/x86_64-linux-gnu/libc-2.27.so
7f83d9db8000-7f83d9dbc000 rw-p 00000000 00:00 0 
7f83d9dbc000-7f83d9dca000 r-xp 00000000 fc:01 1555499                    /usr/lib/jvm/java-8-openjdk-amd64/jre/lib/amd64/jli/libjli.so
7f83d9dca000-7f83d9fc9000 ---p 0000e000 fc:01 1555499                    /usr/lib/jvm/java-8-openjdk-amd64/jre/lib/amd64/jli/libjli.so
7f83d9fc9000-7f83d9fca000 r--p 0000d000 fc:01 1555499                    /usr/lib/jvm/java-8-openjdk-amd64/jre/lib/amd64/jli/libjli.so
7f83d9fca000-7f83d9fcb000 rw-p 0000e000 fc:01 1555499                    /usr/lib/jvm/java-8-openjdk-amd64/jre/lib/amd64/jli/libjli.so
7f83d9fcb000-7f83d9ff2000 r-xp 00000000 fc:01 2079                       /lib/x86_64-linux-gnu/ld-2.27.so
7f83d9ff2000-7f83d9ff3000 r--s 0000d000 fc:01 1555513                    /usr/lib/jvm/java-8-openjdk-amd64/jre/lib/ext/sunec.jar
7f83d9ff3000-7f83d9ff5000 r--s 00001000 fc:01 1555508                    /usr/lib/jvm/java-8-openjdk-amd64/jre/lib/ext/dnsns.jar
7f83d9ff5000-7f83d9ff8000 r--s 0000f000 fc:01 1555509                    /usr/lib/jvm/java-8-openjdk-amd64/jre/lib/ext/icedtea-sound.jar
7f83d9ff8000-7f83da002000 r--s 00116000 fc:01 1555511                    /usr/lib/jvm/java-8-openjdk-amd64/jre/lib/ext/localedata.jar
7f83da002000-7f83da003000 r--p 00000000 fc:01 7807                       /usr/lib/locale/C.UTF-8/LC_NUMERIC
7f83da003000-7f83da004000 r--p 00000000 fc:01 7810                       /usr/lib/locale/C.UTF-8/LC_TIME
7f83da004000-7f83da005000 r--p 00000000 fc:01 7805                       /usr/lib/locale/C.UTF-8/LC_MONETARY
7f83da005000-7f83da006000 r--p 00000000 fc:01 7799                       /usr/lib/locale/C.UTF-8/LC_MESSAGES/SYS_LC_MESSAGES
7f83da006000-7f83da007000 r--p 00000000 fc:01 7808                       /usr/lib/locale/C.UTF-8/LC_PAPER
7f83da007000-7f83da008000 r--p 00000000 fc:01 7806                       /usr/lib/locale/C.UTF-8/LC_NAME
7f83da008000-7f83da009000 r--p 00000000 fc:01 7800                       /usr/lib/locale/C.UTF-8/LC_ADDRESS
7f83da009000-7f83da00a000 r--p 00000000 fc:01 7809                       /usr/lib/locale/C.UTF-8/LC_TELEPHONE
7f83da00a000-7f83da00b000 r--p 00000000 fc:01 7804                       /usr/lib/locale/C.UTF-8/LC_MEASUREMENT
7f83da00b000-7f83da012000 r--s 00000000 fc:01 5010                       /usr/lib/x86_64-linux-gnu/gconv/gconv-modules.cache
7f83da012000-7f83da013000 r--p 00000000 fc:01 7803                       /usr/lib/locale/C.UTF-8/LC_IDENTIFICATION
7f83da013000-7f83da019000 rw-p 00000000 00:00 0 
7f83da019000-7f83da066000 ---p 00000000 00:00 0 
7f83da066000-7f83da069000 rw-p 00000000 00:00 0 
7f83da069000-7f83da08f000 ---p 00000000 00:00 0 
7f83da08f000-7f83da095000 rw-p 00000000 00:00 0 
7f83da095000-7f83da0e2000 ---p 00000000 00:00 0 
7f83da0e2000-7f83da0e3000 rw-p 00000000 00:00 0 
7f83da0e3000-7f83da0e4000 ---p 00000000 00:00 0 
7f83da0e4000-7f83da0e7000 ---p 00000000 00:00 0 
7f83da0e7000-7f83da1e6000 rw-p 00000000 00:00 0 
7f83da1e6000-7f83da1ee000 rw-s 00000000 fc:01 1039838                    /tmp/hsperfdata_mpiuser/5130
7f83da1ee000-7f83da1ef000 rw-p 00000000 00:00 0 
7f83da1ef000-7f83da1f0000 r--p 00000000 00:00 0 
7f83da1f0000-7f83da1f2000 rw-p 00000000 00:00 0 
7f83da1f2000-7f83da1f3000 r--p 00027000 fc:01 2079                       /lib/x86_64-linux-gnu/ld-2.27.so
7f83da1f3000-7f83da1f4000 rw-p 00028000 fc:01 2079                       /lib/x86_64-linux-gnu/ld-2.27.so
7f83da1f4000-7f83da1f5000 rw-p 00000000 00:00 0 
7ffd3d39a000-7ffd3d3bb000 rw-p 00000000 00:00 0                          [stack]
7ffd3d3c7000-7ffd3d3ca000 r--p 00000000 00:00 0                          [vvar]
7ffd3d3ca000-7ffd3d3cc000 r-xp 00000000 00:00 0                          [vdso]
ffffffffff600000-ffffffffff601000 r-xp 00000000 00:00 0                  [vsyscall]

VM Arguments:
jvm_args: -Djava.library.path=/usr/local/lib 
java_command: Client 1000000 100 0
java_class_path (initial): /home/mpiuser/cloud/fyp/java_client:./lib/spring-jcl-5.2.5.RELEASE.jar:./lib/jackson-databind-2.10.3.jar:./lib/jackson-databind-2.10.2.jar:./lib/slf4j-simple-1.7.30.jar:./lib/amqp-client-5.8.0.jar:./lib/spring-web-5.2.5.RELEASE.jar:./lib/jackson-annotations-2.10.3.jar:./lib/mpi.jar:./lib/spring-beans-5.2.5.RELEASE.jar:./lib/jackson-annotations-2.10.2.jar:./lib/jackson-core-2.10.2.jar:./lib/jackson-core-2.10.3.jar:./lib/slf4j-api-1.7.29.jar:./lib/spring-core-5.2.5.RELEASE.jar:./lib/slf4j-api-1.7.30.jar:./lib/http-client-3.6.1.RELEASE.jar:/usr/local/lib/mpi.jar
Launcher Type: SUN_STANDARD

Environment Variables:
PATH=/usr/local/sbin:/usr/local/bin:/usr/sbin:/usr/bin:/sbin:/bin:/usr/games:/usr/local/games:/snap/bin
SHELL=/bin/bash

Signal Handlers:
SIGSEGV: [libjvm.so+0xabc3b0], sa_mask[0]=11111111011111111101111111111110, sa_flags=SA_RESTART|SA_SIGINFO
SIGBUS: [libjvm.so+0xabc3b0], sa_mask[0]=11111111011111111101111111111110, sa_flags=SA_RESTART|SA_SIGINFO
SIGFPE: [libjvm.so+0x8f0bb0], sa_mask[0]=11111111011111111101111111111110, sa_flags=SA_RESTART|SA_SIGINFO
SIGPIPE: [libjvm.so+0x8f0bb0], sa_mask[0]=11111111011111111101111111111110, sa_flags=SA_RESTART|SA_SIGINFO
SIGXFSZ: [libjvm.so+0x8f0bb0], sa_mask[0]=11111111011111111101111111111110, sa_flags=SA_RESTART|SA_SIGINFO
SIGILL: [libjvm.so+0x8f0bb0], sa_mask[0]=11111111011111111101111111111110, sa_flags=SA_RESTART|SA_SIGINFO
SIGUSR1: SIG_DFL, sa_mask[0]=00000000000000000000000000000000, sa_flags=none
SIGUSR2: [libjvm.so+0x8f0a60], sa_mask[0]=00000000000000000000000000000000, sa_flags=SA_RESTART|SA_SIGINFO
SIGHUP: [libjvm.so+0x8f10d0], sa_mask[0]=11111111011111111101111111111110, sa_flags=SA_RESTART|SA_SIGINFO
SIGINT: [libjvm.so+0x8f10d0], sa_mask[0]=11111111011111111101111111111110, sa_flags=SA_RESTART|SA_SIGINFO
SIGTERM: [libjvm.so+0x8f10d0], sa_mask[0]=11111111011111111101111111111110, sa_flags=SA_RESTART|SA_SIGINFO
SIGQUIT: [libjvm.so+0x8f10d0], sa_mask[0]=11111111011111111101111111111110, sa_flags=SA_RESTART|SA_SIGINFO


---------------  S Y S T E M  ---------------

OS:DISTRIB_ID=Ubuntu
DISTRIB_RELEASE=18.04
DISTRIB_CODENAME=bionic
DISTRIB_DESCRIPTION="Ubuntu 18.04.3 LTS"

uname:Linux 4.15.0-91-generic #92-Ubuntu SMP Fri Feb 28 11:09:48 UTC 2020 x86_64
libc:glibc 2.27 NPTL 2.27 
rlimit: STACK 8192k, CORE 0k, NPROC 3837, NOFILE 1048576, AS infinity
load average:22.55 4.80 1.56

/proc/meminfo:
MemTotal:        1008492 kB
MemFree:          246640 kB
MemAvailable:     210456 kB
Buffers:            5360 kB
Cached:            43108 kB
SwapCached:            0 kB
Active:           617456 kB
Inactive:          10624 kB
Active(anon):     580120 kB
Inactive(anon):      252 kB
Active(file):      37336 kB
Inactive(file):    10372 kB
Unevictable:           0 kB
Mlocked:               0 kB
SwapTotal:             0 kB
SwapFree:              0 kB
Dirty:              4800 kB
Writeback:             0 kB
AnonPages:        579692 kB
Mapped:            32760 kB
Shmem:               648 kB
Slab:              69996 kB
SReclaimable:      22592 kB
SUnreclaim:        47404 kB
KernelStack:        9796 kB
PageTables:        18908 kB
NFS_Unstable:          0 kB
Bounce:                0 kB
WritebackTmp:          0 kB
CommitLimit:      504244 kB
Committed_AS:    3606392 kB
VmallocTotal:   34359738367 kB
VmallocUsed:           0 kB
VmallocChunk:          0 kB
HardwareCorrupted:     0 kB
AnonHugePages:         0 kB
ShmemHugePages:        0 kB
ShmemPmdMapped:        0 kB
CmaTotal:              0 kB
CmaFree:               0 kB
HugePages_Total:       0
HugePages_Free:        0
HugePages_Rsvd:        0
HugePages_Surp:        0
Hugepagesize:       2048 kB
DirectMap4k:       83948 kB
DirectMap2M:      964608 kB
DirectMap1G:           0 kB

container (cgroup) information:
container_type: cgroupv1
cpu_cpuset_cpus: 0-2
cpu_memory_nodes: 0
active_processor_count: 3
cpu_quota: -1
cpu_period: 100000
cpu_shares: -1
memory_limit_in_bytes: -1
memory_and_swap_limit_in_bytes: -2
memory_soft_limit_in_bytes: -1
memory_usage_in_bytes: 578334720
memory_max_usage_in_bytes: 817807360


CPU:total 3 (initial active 3) (1 cores per cpu, 1 threads per core) family 6 model 85 stepping 4, cmov, cx8, fxsr, mmx, sse, sse2, sse3, ssse3, sse4.1, sse4.2, popcnt, avx, avx2, aes, clmul, erms, 3dnowpref, lzcnt, tsc, bmi1, bmi2, adx

/proc/cpuinfo:
processor	: 0
vendor_id	: GenuineIntel
cpu family	: 6
model		: 85
model name	: Intel(R) Xeon(R) Gold 6140 CPU @ 2.30GHz
stepping	: 4
microcode	: 0x1
cpu MHz		: 2294.608
cache size	: 4096 KB
physical id	: 0
siblings	: 1
core id		: 0
cpu cores	: 1
apicid		: 0
initial apicid	: 0
fpu		: yes
fpu_exception	: yes
cpuid level	: 13
wp		: yes
flags		: fpu vme de pse tsc msr pae mce cx8 apic sep mtrr pge mca cmov pat pse36 clflush mmx fxsr sse sse2 ss syscall nx pdpe1gb rdtscp lm constant_tsc arch_perfmon rep_good nopl cpuid tsc_known_freq pni pclmulqdq vmx ssse3 fma cx16 pcid sse4_1 sse4_2 x2apic movbe popcnt tsc_deadline_timer aes xsave avx f16c rdrand hypervisor lahf_lm abm 3dnowprefetch cpuid_fault invpcid_single pti ssbd ibrs ibpb tpr_shadow vnmi flexpriority ept vpid fsgsbase tsc_adjust bmi1 avx2 smep bmi2 erms invpcid mpx avx512f avx512dq rdseed adx smap clflushopt clwb avx512cd avx512bw avx512vl xsaveopt xsavec xgetbv1 pku ospke md_clear
bugs		: cpu_meltdown spectre_v1 spectre_v2 spec_store_bypass l1tf mds swapgs itlb_multihit
bogomips	: 4589.21
clflush size	: 64
cache_alignment	: 64
address sizes	: 40 bits physical, 48 bits virtual
power management:

processor	: 1
vendor_id	: GenuineIntel
cpu family	: 6
model		: 85
model name	: Intel(R) Xeon(R) Gold 6140 CPU @ 2.30GHz
stepping	: 4
microcode	: 0x1
cpu MHz		: 2294.608
cache size	: 4096 KB
physical id	: 1
siblings	: 1
core id		: 0
cpu cores	: 1
apicid		: 1
initial apicid	: 1
fpu		: yes
fpu_exception	: yes
cpuid level	: 13
wp		: yes
flags		: fpu vme de pse tsc msr pae mce cx8 apic sep mtrr pge mca cmov pat pse36 clflush mmx fxsr sse sse2 ss syscall nx pdpe1gb rdtscp lm constant_tsc arch_perfmon rep_good nopl cpuid tsc_known_freq pni pclmulqdq vmx ssse3 fma cx16 pcid sse4_1 sse4_2 x2apic movbe popcnt tsc_deadline_timer aes xsave avx f16c rdrand hypervisor lahf_lm abm 3dnowprefetch cpuid_fault invpcid_single pti ssbd ibrs ibpb tpr_shadow vnmi flexpriority ept vpid fsgsbase tsc_adjust bmi1 avx2 smep bmi2 erms invpcid mpx avx512f avx512dq rdseed adx smap clflushopt clwb avx512cd avx512bw avx512vl xsaveopt xsavec xgetbv1 pku ospke md_clear
bugs		: cpu_meltdown spectre_v1 spectre_v2 spec_store_bypass l1tf mds swapgs itlb_multihit
bogomips	: 4589.21
clflush size	: 64
cache_alignment	: 64
address sizes	: 40 bits physical, 48 bits virtual
power management:

processor	: 2
vendor_id	: GenuineIntel
cpu family	: 6
model		: 85
model name	: Intel(R) Xeon(R) Gold 6140 CPU @ 2.30GHz
stepping	: 4
microcode	: 0x1
cpu MHz		: 2294.608
cache size	: 4096 KB
physical id	: 2
siblings	: 1
core id		: 0
cpu cores	: 1
apicid		: 2
initial apicid	: 2
fpu		: yes
fpu_exception	: yes
cpuid level	: 13
wp		: yes
flags		: fpu vme de pse tsc msr pae mce cx8 apic sep mtrr pge mca cmov pat pse36 clflush mmx fxsr sse sse2 ss syscall nx pdpe1gb rdtscp lm constant_tsc arch_perfmon rep_good nopl cpuid tsc_known_freq pni pclmulqdq vmx ssse3 fma cx16 pcid sse4_1 sse4_2 x2apic movbe popcnt tsc_deadline_timer aes xsave avx f16c rdrand hypervisor lahf_lm abm 3dnowprefetch cpuid_fault invpcid_single pti ssbd ibrs ibpb tpr_shadow vnmi flexpriority ept vpid fsgsbase tsc_adjust bmi1 avx2 smep bmi2 erms invpcid mpx avx512f avx512dq rdseed adx smap clflushopt clwb avx512cd avx512bw avx512vl xsaveopt xsavec xgetbv1 pku ospke md_clear
bugs		: cpu_meltdown spectre_v1 spectre_v2 spec_store_bypass l1tf mds swapgs itlb_multihit
bogomips	: 4589.21
clflush size	: 64
cache_alignment	: 64
address sizes	: 40 bits physical, 48 bits virtual
power management:



Memory: 4k page, physical 1008492k(245448k free), swap 0k(0k free)

vm_info: OpenJDK 64-Bit Server VM (25.242-b08) for linux-amd64 JRE (1.8.0_242-8u242-b08-0ubuntu3~18.04-b08), built on Jan 17 2020 23:41:21 by "buildd" with gcc 7.4.0

time: Mon Apr  6 11:39:59 2020
timezone: UTC
elapsed time: 10 seconds (0d 0h 0m 10s)

