#
# A fatal error has been detected by the Java Runtime Environment:
#
#  SIGSEGV (0xb) at pc=0x00007fae1941a12a, pid=15480, tid=0x00007fae5cabc700
#
# JRE version: OpenJDK Runtime Environment (8.0_242-b08) (build 1.8.0_242-8u242-b08-0ubuntu3~18.04-b08)
# Java VM: OpenJDK 64-Bit Server VM (25.242-b08 mixed mode linux-amd64 compressed oops)
# Problematic frame:
# C  [mca_gds_ds21.so+0x212a]  pmix_gds_ds21_lock_init+0x12a
#
# Failed to write core dump. Core dumps have been disabled. To enable core dumping, try "ulimit -c unlimited" before starting Java again
#
# If you would like to submit a bug report, please visit:
#   http://bugreport.java.com/bugreport/crash.jsp
# The crash happened outside the Java Virtual Machine in native code.
# See problematic frame for where to report the bug.
#

---------------  T H R E A D  ---------------

Current thread (0x00007fae5400b800):  JavaThread "main" [_thread_in_native, id=15495, stack(0x00007fae5c9bd000,0x00007fae5cabd000)]

siginfo: si_signo: 11 (SIGSEGV), si_code: 1 (SEGV_MAPERR), si_addr: 0x00007fae58059008

Registers:
RAX=0x00007fae54264390, RBX=0x00007fae542642b0, RCX=0x00007fae1983a85e, RDX=0x00007ffda8ebbcee
RSP=0x00007fae5caba700, RBP=0x00007fae54264308, RSI=0x0000000000085000, RDI=0x0000000000000000
R8 =0x000000000000001e, R9 =0x0000000000000000, R10=0x0000000000000001, R11=0x0000000000000000
R12=0x00007fae54263f08, R13=0x0000000000001000, R14=0x00007fae58059000, R15=0x00007fae54264300
RIP=0x00007fae1941a12a, EFLAGS=0x0000000000010206, CSGSFS=0x002b000000000033, ERR=0x0000000000000004
  TRAPNO=0x000000000000000e

Top of Stack: (sp=0x00007fae5caba700)
0x00007fae5caba700:   00007fae54264260 00007ffda8ebbcee
0x00007fae5caba710:   0000000000085000 000003e800000002
0x00007fae5caba720:   0000000000000000 00007fae5c33b2ed
0x00007fae5caba730:   00007fae54263f50 f115cb5eb6e61a00
0x00007fae5caba740:   0000000000000000 00007fae54263c30
0x00007fae5caba750:   0000000000000000 00007ffda8ebbcee
0x00007fae5caba760:   0000000000000000 00007fae54263ea0
0x00007fae5caba770:   0000000000000000 00007fae19836bcb
0x00007fae5caba780:   00007fae1941acee 00007fae5caba810
0x00007fae5caba790:   00007fae1a9b7513 0000001500000040
0x00007fae5caba7a0:   00007fae5425f580 f115cb5eb6e61a00
0x00007fae5caba7b0:   00007fae1982c280 00007fae5425f090
0x00007fae5caba7c0:   00007fae1961c2d4 00007fae1abdd0a0
0x00007fae5caba7d0:   00007fae1961c180 00007fae1abe0fc0
0x00007fae5caba7e0:   00007fae54263be0 00007fae19419db4
0x00007fae5caba7f0:   00007fae1abdd060 00007fae1a99fee8
0x00007fae5caba800:   00007fae1abdd100 00007fae5caba834
0x00007fae5caba810:   00007fae5caba838 0000000000000000
0x00007fae5caba820:   0000000000000000 00007fae1abe0fd0
0x00007fae5caba830:   0000001e1a914db0 00007fae1961c180
0x00007fae5caba840:   0000000000000000 f115cb5eb6e61a00
0x00007fae5caba850:   00007fae1abdd0a0 0000000000000000
0x00007fae5caba860:   0000000000000000 00007fae541ee4d0
0x00007fae5caba870:   00007fae1a914db0 00007fae1abdc520
0x00007fae5caba880:   0000000000000000 00007fae1a95a763
0x00007fae5caba890:   000000000000000c 00007fae1abdc7d8
0x00007fae5caba8a0:   2d69706d6e65706f 0000316576616c73
0x00007fae5caba8b0:   00007fae1a89f100 00007fae1a89ab00
0x00007fae5caba8c0:   00007fae1a8a264e 0000000100000000
0x00007fae5caba8d0:   00007fae5caba9d0 00007fae00000003
0x00007fae5caba8e0:   00007fae5caba9c0 f115cb5eb6e61a00
0x00007fae5caba8f0:   00007fae541ebeb0 00007fae1abdbf60 

Instructions: (pc=0x00007fae1941a12a)
0x00007fae1941a10a:   f7 ff ff 48 85 c0 49 89 47 30 0f 84 16 03 00 00
0x00007fae1941a11a:   4c 8b 70 18 49 8b 36 4c 39 ee 0f 87 ce 02 00 00
0x00007fae1941a12a:   41 8b 46 08 41 89 47 40 49 8b 56 18 4c 01 f2 85
0x00007fae1941a13a:   c0 49 89 57 38 0f 84 eb 02 00 00 31 c0 ba 01 00 

Register to memory mapping:

RAX=0x00007fae54264390 is an unknown value
RBX=0x00007fae542642b0 is an unknown value
RCX=0x00007fae1983a85e: pmix_common_dstor_attach_new_lock_seg+0x1e in /usr/local/lib/libmca_common_dstore.so.1 at 0x00007fae1982d000
RDX=0x00007ffda8ebbcee is an unknown value
RSP=0x00007fae5caba700 is pointing into the stack for thread: 0x00007fae5400b800
RBP=0x00007fae54264308 is an unknown value
RSI=0x0000000000085000 is an unknown value
RDI=0x0000000000000000 is an unknown value
R8 =0x000000000000001e is an unknown value
R9 =0x0000000000000000 is an unknown value
R10=0x0000000000000001 is an unknown value
R11=0x0000000000000000 is an unknown value
R12=0x00007fae54263f08 is an unknown value
R13=0x0000000000001000 is an unknown value
R14=0x00007fae58059000 is an unknown value
R15=0x00007fae54264300 is an unknown value


Stack: [0x00007fae5c9bd000,0x00007fae5cabd000],  sp=0x00007fae5caba700,  free space=1013k
Native frames: (J=compiled Java code, j=interpreted, Vv=VM code, C=native code)
C  [mca_gds_ds21.so+0x212a]  pmix_gds_ds21_lock_init+0x12a

Java frames: (J=compiled Java code, j=interpreted, Vv=VM code)
j  mpi.MPI.Init_jni([Ljava/lang/String;)[Ljava/lang/String;+0
j  mpi.MPI.Init([Ljava/lang/String;)[Ljava/lang/String;+17
j  Client.main([Ljava/lang/String;)V+1
v  ~StubRoutines::call_stub

---------------  P R O C E S S  ---------------

Java Threads: ( => current thread )
  0x00007fae30001000 JavaThread "SIGTERM handler" daemon [_thread_blocked, id=16222, stack(0x00007fae44098000,0x00007fae44199000)]
  0x00007fae540b7800 JavaThread "Service Thread" daemon [_thread_blocked, id=15733, stack(0x00007fae448ee000,0x00007fae449ef000)]
  0x00007fae540b4800 JavaThread "C1 CompilerThread1" daemon [_thread_blocked, id=15722, stack(0x00007fae449f0000,0x00007fae44af0000)]
  0x00007fae540b2000 JavaThread "C2 CompilerThread0" daemon [_thread_blocked, id=15704, stack(0x00007fae44af1000,0x00007fae44bf1000)]
  0x00007fae5407e000 JavaThread "Finalizer" daemon [_thread_blocked, id=15574, stack(0x00007fae5812a000,0x00007fae5822b000)]
  0x00007fae54079800 JavaThread "Reference Handler" daemon [_thread_blocked, id=15560, stack(0x00007fae5822b000,0x00007fae5832c000)]
=>0x00007fae5400b800 JavaThread "main" [_thread_in_native, id=15495, stack(0x00007fae5c9bd000,0x00007fae5cabd000)]

Other Threads:
  0x00007fae5406f800 VMThread [stack: 0x00007fae5832d000,0x00007fae5842d000] [id=15547]

VM state:at safepoint (normal execution)

VM Mutex/Monitor currently owned by a thread:  ([mutex/lock_event])
[0x00007fae54007f60] Threads_lock - owner thread: 0x00007fae5406f800

heap address: 0x00000000f0800000, size: 248 MB, Compressed Oops mode: 32-bit
Narrow klass base: 0x0000000000000000, Narrow klass shift: 3
Compressed class space size: 1073741824 Address: 0x0000000100000000

Heap:
 def new generation   total 4928K, used 1618K [0x00000000f0800000, 0x00000000f0d50000, 0x00000000f5aa0000)
  eden space 4416K,  36% used [0x00000000f0800000, 0x00000000f0994988, 0x00000000f0c50000)
  from space 512K,   0% used [0x00000000f0c50000, 0x00000000f0c50000, 0x00000000f0cd0000)
  to   space 512K,   0% used [0x00000000f0cd0000, 0x00000000f0cd0000, 0x00000000f0d50000)
 tenured generation   total 10944K, used 0K [0x00000000f5aa0000, 0x00000000f6550000, 0x0000000100000000)
   the space 10944K,   0% used [0x00000000f5aa0000, 0x00000000f5aa0000, 0x00000000f5aa0200, 0x00000000f6550000)
 Metaspace       used 3138K, capacity 4792K, committed 5120K, reserved 1056768K
  class space    used 315K, capacity 424K, committed 512K, reserved 1048576K

Card table byte_map: [0x00007fae5c93f000,0x00007fae5c9bc000] byte_map_base: 0x00007fae5c1bb000

Polling page: 0x00007fae5cac8000

CodeCache: size=245760Kb used=1282Kb max_used=1282Kb free=244477Kb
 bounds [0x00007fae45000000, 0x00007fae45270000, 0x00007fae54000000]
 total_blobs=387 nmethods=82 adapters=220
 compilation: enabled

Compilation events (10 events):
Event: 13.594 Thread 0x00007fae540b4800   76       3       java.lang.String::startsWith (7 bytes)
Event: 13.594 Thread 0x00007fae540b4800 nmethod 76 0x00007fae45136f50 code [0x00007fae451370c0, 0x00007fae451372c8]
Event: 13.611 Thread 0x00007fae540b4800   77       3       java.util.zip.ZStreamRef::address (5 bytes)
Event: 13.614 Thread 0x00007fae540b4800 nmethod 77 0x00007fae45137350 code [0x00007fae451374a0, 0x00007fae451375f0]
Event: 21.979 Thread 0x00007fae540b4800   79       3       java.util.concurrent.ConcurrentHashMap::setTabAt (19 bytes)
Event: 30.151 Thread 0x00007fae540b4800 nmethod 79 0x00007fae4513fbd0 code [0x00007fae4513fd20, 0x00007fae4513fe90]
Event: 30.894 Thread 0x00007fae540b4800   81       3       java.lang.CharacterDataLatin1::toLowerCase (39 bytes)
Event: 34.946 Thread 0x00007fae540b4800 nmethod 81 0x00007fae4513ff10 code [0x00007fae45140080, 0x00007fae451402f0]
Event: 35.853 Thread 0x00007fae540b4800   82       3       java.lang.StringBuilder::<init> (7 bytes)
Event: 35.853 Thread 0x00007fae540b4800 nmethod 82 0x00007fae45140450 code [0x00007fae451405c0, 0x00007fae45140870]

GC Heap History (0 events):
No events

Deoptimization events (0 events):
No events

Classes redefined (0 events):
No events

Internal exceptions (5 events):
Event: 0.212 Thread 0x00007fae5400b800 Exception <a 'java/lang/NoSuchMethodError': Method sun.misc.Unsafe.defineClass(Ljava/lang/String;[BII)Ljava/lang/Class; name or signature does not match> (0x00000000f0807cc8) thrown at [/build/openjdk-8-58sEEn/openjdk-8-8u242-b08/src/hotspot/src/share/vm/
Event: 0.212 Thread 0x00007fae5400b800 Exception <a 'java/lang/NoSuchMethodError': Method sun.misc.Unsafe.prefetchRead(Ljava/lang/Object;J)V name or signature does not match> (0x00000000f0807fb0) thrown at [/build/openjdk-8-58sEEn/openjdk-8-8u242-b08/src/hotspot/src/share/vm/prims/jni.cpp, lin
Event: 0.715 Thread 0x00007fae5400b800 Exception <a 'java/util/zip/ZipException'> (0x00000000f085dec8) thrown at [/build/openjdk-8-58sEEn/openjdk-8-8u242-b08/src/hotspot/src/share/vm/prims/jni.cpp, line 710]
Event: 0.715 Thread 0x00007fae5400b800 Exception <a 'java/security/PrivilegedActionException'> (0x00000000f085e168) thrown at [/build/openjdk-8-58sEEn/openjdk-8-8u242-b08/src/hotspot/src/share/vm/prims/jvm.cpp, line 1502]
Event: 0.715 Thread 0x00007fae5400b800 Exception <a 'java/security/PrivilegedActionException'> (0x00000000f085e378) thrown at [/build/openjdk-8-58sEEn/openjdk-8-8u242-b08/src/hotspot/src/share/vm/prims/jvm.cpp, line 1502]

Events (10 events):
Event: 22.256 loading class mpi/Version done
Event: 28.473 loading class sun/misc/Signal$1
Event: 28.485 loading class sun/misc/Signal$1 done
Event: 30.129 Thread 0x00007fae30001000 Thread added: 0x00007fae30001000
Event: 31.194 loading class java/lang/Shutdown
Event: 35.293 loading class java/lang/Shutdown done
Event: 35.294 loading class java/lang/Shutdown$Lock
Event: 35.295 loading class java/lang/Shutdown$Lock done
Event: 35.852 Executing VM operation: Exit
Event: 35.872 Thread 0x00007fae540b0800 Thread exited: 0x00007fae540b0800


Dynamic libraries:
f0800000-f0d50000 rw-p 00000000 00:00 0 
f0d50000-f5aa0000 ---p 00000000 00:00 0 
f5aa0000-f6550000 rw-p 00000000 00:00 0 
f6550000-100000000 ---p 00000000 00:00 0 
100000000-100080000 rw-p 00000000 00:00 0 
100080000-140000000 ---p 00000000 00:00 0 
557f8ae67000-557f8ae68000 r-xp 00000000 fc:01 2079032                    /usr/lib/jvm/java-8-openjdk-amd64/jre/bin/java
557f8b067000-557f8b068000 r--p 00000000 fc:01 2079032                    /usr/lib/jvm/java-8-openjdk-amd64/jre/bin/java
557f8b068000-557f8b069000 rw-p 00001000 fc:01 2079032                    /usr/lib/jvm/java-8-openjdk-amd64/jre/bin/java
557f8ceeb000-557f8cf0c000 rw-p 00000000 00:00 0                          [heap]
7fae19215000-7fae19217000 r-xp 00000000 fc:01 526222                     /usr/local/lib/pmix/mca_pshmem_mmap.so
7fae19217000-7fae19416000 ---p 00002000 fc:01 526222                     /usr/local/lib/pmix/mca_pshmem_mmap.so
7fae19416000-7fae19417000 r--p 00001000 fc:01 526222                     /usr/local/lib/pmix/mca_pshmem_mmap.so
7fae19417000-7fae19418000 rw-p 00002000 fc:01 526222                     /usr/local/lib/pmix/mca_pshmem_mmap.so
7fae19418000-7fae1941c000 r-xp 00000000 fc:01 526198                     /usr/local/lib/pmix/mca_gds_ds21.so
7fae1941c000-7fae1961b000 ---p 00004000 fc:01 526198                     /usr/local/lib/pmix/mca_gds_ds21.so
7fae1961b000-7fae1961c000 r--p 00003000 fc:01 526198                     /usr/local/lib/pmix/mca_gds_ds21.so
7fae1961c000-7fae1961d000 rw-p 00004000 fc:01 526198                     /usr/local/lib/pmix/mca_gds_ds21.so
7fae1961d000-7fae1962c000 r-xp 00000000 fc:01 526200                     /usr/local/lib/pmix/mca_gds_hash.so
7fae1962c000-7fae1982b000 ---p 0000f000 fc:01 526200                     /usr/local/lib/pmix/mca_gds_hash.so
7fae1982b000-7fae1982c000 r--p 0000e000 fc:01 526200                     /usr/local/lib/pmix/mca_gds_hash.so
7fae1982c000-7fae1982d000 rw-p 0000f000 fc:01 526200                     /usr/local/lib/pmix/mca_gds_hash.so
7fae1982d000-7fae1983c000 r-xp 00000000 fc:01 7028                       /usr/local/lib/libmca_common_dstore.so.1.0.0
7fae1983c000-7fae19a3b000 ---p 0000f000 fc:01 7028                       /usr/local/lib/libmca_common_dstore.so.1.0.0
7fae19a3b000-7fae19a3c000 r--p 0000e000 fc:01 7028                       /usr/local/lib/libmca_common_dstore.so.1.0.0
7fae19a3c000-7fae19a3d000 rw-p 0000f000 fc:01 7028                       /usr/local/lib/libmca_common_dstore.so.1.0.0
7fae19a3d000-7fae19a41000 r-xp 00000000 fc:01 526196                     /usr/local/lib/pmix/mca_gds_ds12.so
7fae19a41000-7fae19c40000 ---p 00004000 fc:01 526196                     /usr/local/lib/pmix/mca_gds_ds12.so
7fae19c40000-7fae19c41000 r--p 00003000 fc:01 526196                     /usr/local/lib/pmix/mca_gds_ds12.so
7fae19c41000-7fae19c42000 rw-p 00004000 fc:01 526196                     /usr/local/lib/pmix/mca_gds_ds12.so
7fae19c42000-7fae19c4a000 r-xp 00000000 fc:01 526226                     /usr/local/lib/pmix/mca_ptl_usock.so
7fae19c4a000-7fae19e49000 ---p 00008000 fc:01 526226                     /usr/local/lib/pmix/mca_ptl_usock.so
7fae19e49000-7fae19e4a000 r--p 00007000 fc:01 526226                     /usr/local/lib/pmix/mca_ptl_usock.so
7fae19e4a000-7fae19e4b000 rw-p 00008000 fc:01 526226                     /usr/local/lib/pmix/mca_ptl_usock.so
7fae19e4b000-7fae19e5c000 r-xp 00000000 fc:01 526224                     /usr/local/lib/pmix/mca_ptl_tcp.so
7fae19e5c000-7fae1a05b000 ---p 00011000 fc:01 526224                     /usr/local/lib/pmix/mca_ptl_tcp.so
7fae1a05b000-7fae1a05c000 r--p 00010000 fc:01 526224                     /usr/local/lib/pmix/mca_ptl_tcp.so
7fae1a05c000-7fae1a05d000 rw-p 00011000 fc:01 526224                     /usr/local/lib/pmix/mca_ptl_tcp.so
7fae1a05d000-7fae1a06e000 r-xp 00000000 fc:01 526188                     /usr/local/lib/pmix/mca_bfrops_v12.so
7fae1a06e000-7fae1a26e000 ---p 00011000 fc:01 526188                     /usr/local/lib/pmix/mca_bfrops_v12.so
7fae1a26e000-7fae1a26f000 r--p 00011000 fc:01 526188                     /usr/local/lib/pmix/mca_bfrops_v12.so
7fae1a26f000-7fae1a270000 rw-p 00012000 fc:01 526188                     /usr/local/lib/pmix/mca_bfrops_v12.so
7fae1a270000-7fae1a287000 r-xp 00000000 fc:01 526190                     /usr/local/lib/pmix/mca_bfrops_v20.so
7fae1a287000-7fae1a486000 ---p 00017000 fc:01 526190                     /usr/local/lib/pmix/mca_bfrops_v20.so
7fae1a486000-7fae1a487000 r--p 00016000 fc:01 526190                     /usr/local/lib/pmix/mca_bfrops_v20.so
7fae1a487000-7fae1a488000 rw-p 00017000 fc:01 526190                     /usr/local/lib/pmix/mca_bfrops_v20.so
7fae1a488000-7fae1a490000 r-xp 00000000 fc:01 526194                     /usr/local/lib/pmix/mca_bfrops_v3.so
7fae1a490000-7fae1a68f000 ---p 00008000 fc:01 526194                     /usr/local/lib/pmix/mca_bfrops_v3.so
7fae1a68f000-7fae1a690000 r--p 00007000 fc:01 526194                     /usr/local/lib/pmix/mca_bfrops_v3.so
7fae1a690000-7fae1a691000 rw-p 00008000 fc:01 526194                     /usr/local/lib/pmix/mca_bfrops_v3.so
7fae1a691000-7fae1a698000 r-xp 00000000 fc:01 526192                     /usr/local/lib/pmix/mca_bfrops_v21.so
7fae1a698000-7fae1a898000 ---p 00007000 fc:01 526192                     /usr/local/lib/pmix/mca_bfrops_v21.so
7fae1a898000-7fae1a899000 r--p 00007000 fc:01 526192                     /usr/local/lib/pmix/mca_bfrops_v21.so
7fae1a899000-7fae1a89a000 rw-p 00008000 fc:01 526192                     /usr/local/lib/pmix/mca_bfrops_v21.so
7fae1a89a000-7fae1a9d9000 r-xp 00000000 fc:01 526228                     /usr/local/lib/openmpi/mca_pmix_pmix3x.so
7fae1a9d9000-7fae1abd9000 ---p 0013f000 fc:01 526228                     /usr/local/lib/openmpi/mca_pmix_pmix3x.so
7fae1abd9000-7fae1abda000 r--p 0013f000 fc:01 526228                     /usr/local/lib/openmpi/mca_pmix_pmix3x.so
7fae1abda000-7fae1abdf000 rw-p 00140000 fc:01 526228                     /usr/local/lib/openmpi/mca_pmix_pmix3x.so
7fae1abdf000-7fae1abe2000 rw-p 00000000 00:00 0 
7fae1abe5000-7fae1abe7000 r-xp 00000000 fc:01 526214                     /usr/local/lib/pmix/mca_psec_native.so
7fae1abe7000-7fae1ade6000 ---p 00002000 fc:01 526214                     /usr/local/lib/pmix/mca_psec_native.so
7fae1ade6000-7fae1ade7000 r--p 00001000 fc:01 526214                     /usr/local/lib/pmix/mca_psec_native.so
7fae1ade7000-7fae1ade8000 rw-p 00002000 fc:01 526214                     /usr/local/lib/pmix/mca_psec_native.so
7fae1ade8000-7fae1ade9000 ---p 00000000 00:00 0 
7fae1ade9000-7fae1b5e9000 rw-p 00000000 00:00 0 
7fae1b5e9000-7fae1b5ed000 r-xp 00000000 fc:01 526266                     /usr/local/lib/openmpi/mca_ess_pmi.so
7fae1b5ed000-7fae1b7ec000 ---p 00004000 fc:01 526266                     /usr/local/lib/openmpi/mca_ess_pmi.so
7fae1b7ec000-7fae1b7ed000 r--p 00003000 fc:01 526266                     /usr/local/lib/openmpi/mca_ess_pmi.so
7fae1b7ed000-7fae1b7ee000 rw-p 00004000 fc:01 526266                     /usr/local/lib/openmpi/mca_ess_pmi.so
7fae1b7ee000-7fae1b7ef000 r-xp 00000000 fc:01 526334                     /usr/local/lib/openmpi/mca_schizo_orte.so
7fae1b7ef000-7fae1b9ee000 ---p 00001000 fc:01 526334                     /usr/local/lib/openmpi/mca_schizo_orte.so
7fae1b9ee000-7fae1b9ef000 r--p 00000000 fc:01 526334                     /usr/local/lib/openmpi/mca_schizo_orte.so
7fae1b9ef000-7fae1b9f0000 rw-p 00001000 fc:01 526334                     /usr/local/lib/openmpi/mca_schizo_orte.so
7fae1b9f0000-7fae1b9f2000 r-xp 00000000 fc:01 526336                     /usr/local/lib/openmpi/mca_schizo_slurm.so
7fae1b9f2000-7fae1bbf1000 ---p 00002000 fc:01 526336                     /usr/local/lib/openmpi/mca_schizo_slurm.so
7fae1bbf1000-7fae1bbf2000 r--p 00001000 fc:01 526336                     /usr/local/lib/openmpi/mca_schizo_slurm.so
7fae1bbf2000-7fae1bbf3000 rw-p 00002000 fc:01 526336                     /usr/local/lib/openmpi/mca_schizo_slurm.so
7fae1bbf3000-7fae1bbfb000 r-xp 00000000 fc:01 526332                     /usr/local/lib/openmpi/mca_schizo_ompi.so
7fae1bbfb000-7fae1bdfa000 ---p 00008000 fc:01 526332                     /usr/local/lib/openmpi/mca_schizo_ompi.so
7fae1bdfa000-7fae1bdfb000 r--p 00007000 fc:01 526332                     /usr/local/lib/openmpi/mca_schizo_ompi.so
7fae1bdfb000-7fae1bdfd000 rw-p 00008000 fc:01 526332                     /usr/local/lib/openmpi/mca_schizo_ompi.so
7fae1bdfd000-7fae1bdfe000 r-xp 00000000 fc:01 526330                     /usr/local/lib/openmpi/mca_schizo_flux.so
7fae1bdfe000-7fae1bffe000 ---p 00001000 fc:01 526330                     /usr/local/lib/openmpi/mca_schizo_flux.so
7fae1bffe000-7fae1bfff000 r--p 00001000 fc:01 526330                     /usr/local/lib/openmpi/mca_schizo_flux.so
7fae1bfff000-7fae1c000000 rw-p 00002000 fc:01 526330                     /usr/local/lib/openmpi/mca_schizo_flux.so
7fae1c000000-7fae1c021000 rw-p 00000000 00:00 0 
7fae1c021000-7fae20000000 ---p 00000000 00:00 0 
7fae20000000-7fae20021000 rw-p 00000000 00:00 0 
7fae20021000-7fae24000000 ---p 00000000 00:00 0 
7fae240f2000-7fae240f4000 r-xp 00000000 fc:01 526234                     /usr/local/lib/openmpi/mca_reachable_weighted.so
7fae240f4000-7fae242f3000 ---p 00002000 fc:01 526234                     /usr/local/lib/openmpi/mca_reachable_weighted.so
7fae242f3000-7fae242f4000 r--p 00001000 fc:01 526234                     /usr/local/lib/openmpi/mca_reachable_weighted.so
7fae242f4000-7fae242f5000 rw-p 00002000 fc:01 526234                     /usr/local/lib/openmpi/mca_reachable_weighted.so
7fae242f5000-7fae242f8000 r-xp 00000000 fc:01 526236                     /usr/local/lib/openmpi/mca_shmem_mmap.so
7fae242f8000-7fae244f7000 ---p 00003000 fc:01 526236                     /usr/local/lib/openmpi/mca_shmem_mmap.so
7fae244f7000-7fae244f8000 r--p 00002000 fc:01 526236                     /usr/local/lib/openmpi/mca_shmem_mmap.so
7fae244f8000-7fae244f9000 rw-p 00003000 fc:01 526236                     /usr/local/lib/openmpi/mca_shmem_mmap.so
7fae244f9000-7fae244fb000 r-xp 00000000 fc:01 2182                       /lib/x86_64-linux-gnu/libutil-2.27.so
7fae244fb000-7fae246fa000 ---p 00002000 fc:01 2182                       /lib/x86_64-linux-gnu/libutil-2.27.so
7fae246fa000-7fae246fb000 r--p 00001000 fc:01 2182                       /lib/x86_64-linux-gnu/libutil-2.27.so
7fae246fb000-7fae246fc000 rw-p 00002000 fc:01 2182                       /lib/x86_64-linux-gnu/libutil-2.27.so
7fae246fc000-7fae247af000 r-xp 00000000 fc:01 7159                       /usr/local/lib/libopen-rte.so.40.20.1
7fae247af000-7fae249ae000 ---p 000b3000 fc:01 7159                       /usr/local/lib/libopen-rte.so.40.20.1
7fae249ae000-7fae249b0000 r--p 000b2000 fc:01 7159                       /usr/local/lib/libopen-rte.so.40.20.1
7fae249b0000-7fae249b4000 rw-p 000b4000 fc:01 7159                       /usr/local/lib/libopen-rte.so.40.20.1
7fae249b4000-7fae249b7000 rw-p 00000000 00:00 0 
7fae249b7000-7fae24abe000 r-xp 00000000 fc:01 4656                       /usr/local/lib/libopen-pal.so.40.20.1
7fae24abe000-7fae24cbe000 ---p 00107000 fc:01 4656                       /usr/local/lib/libopen-pal.so.40.20.1
7fae24cbe000-7fae24cc1000 r--p 00107000 fc:01 4656                       /usr/local/lib/libopen-pal.so.40.20.1
7fae24cc1000-7fae24cc7000 rw-p 0010a000 fc:01 4656                       /usr/local/lib/libopen-pal.so.40.20.1
7fae24cc7000-7fae24cce000 rw-p 00000000 00:00 0 
7fae24cce000-7fae24ddb000 r-xp 00000000 fc:01 7362                       /usr/local/lib/libmpi.so.40.20.1
7fae24ddb000-7fae24fda000 ---p 0010d000 fc:01 7362                       /usr/local/lib/libmpi.so.40.20.1
7fae24fda000-7fae24fdc000 r--p 0010c000 fc:01 7362                       /usr/local/lib/libmpi.so.40.20.1
7fae24fdc000-7fae24fed000 rw-p 0010e000 fc:01 7362                       /usr/local/lib/libmpi.so.40.20.1
7fae24fed000-7fae28000000 rw-p 00000000 00:00 0 
7fae28000000-7fae281a0000 rw-p 00000000 00:00 0 
7fae281a0000-7fae2c000000 ---p 00000000 00:00 0 
7fae2c000000-7fae2c021000 rw-p 00000000 00:00 0 
7fae2c021000-7fae30000000 ---p 00000000 00:00 0 
7fae30000000-7fae30021000 rw-p 00000000 00:00 0 
7fae30021000-7fae34000000 ---p 00000000 00:00 0 
7fae34000000-7fae3404f000 rw-p 00000000 00:00 0 
7fae3404f000-7fae38000000 ---p 00000000 00:00 0 
7fae38000000-7fae38021000 rw-p 00000000 00:00 0 
7fae38021000-7fae3c000000 ---p 00000000 00:00 0 
7fae3c000000-7fae3c021000 rw-p 00000000 00:00 0 
7fae3c021000-7fae40000000 ---p 00000000 00:00 0 
7fae40000000-7fae40021000 rw-p 00000000 00:00 0 
7fae40021000-7fae44000000 ---p 00000000 00:00 0 
7fae44013000-7fae44098000 rw-s 00000000 fc:01 526899                     /tmp/ompi.openmpi-slave1.1000/jf.8274/pmix_dstor_ds21_15448/smlockseg-542244865
7fae44098000-7fae4409b000 ---p 00000000 00:00 0 
7fae4409b000-7fae44199000 rw-p 00000000 00:00 0 
7fae44199000-7fae441c1000 r-xp 00000000 fc:01 29870                      /usr/local/lib/libmpi_java.so.40.20.0
7fae441c1000-7fae443c0000 ---p 00028000 fc:01 29870                      /usr/local/lib/libmpi_java.so.40.20.0
7fae443c0000-7fae443c1000 r--p 00027000 fc:01 29870                      /usr/local/lib/libmpi_java.so.40.20.0
7fae443c1000-7fae443c2000 rw-p 00028000 fc:01 29870                      /usr/local/lib/libmpi_java.so.40.20.0
7fae443c2000-7fae443d9000 r-xp 00000000 fc:01 2079070                    /usr/lib/jvm/java-8-openjdk-amd64/jre/lib/amd64/libnet.so
7fae443d9000-7fae445d8000 ---p 00017000 fc:01 2079070                    /usr/lib/jvm/java-8-openjdk-amd64/jre/lib/amd64/libnet.so
7fae445d8000-7fae445d9000 r--p 00016000 fc:01 2079070                    /usr/lib/jvm/java-8-openjdk-amd64/jre/lib/amd64/libnet.so
7fae445d9000-7fae445da000 rw-p 00017000 fc:01 2079070                    /usr/lib/jvm/java-8-openjdk-amd64/jre/lib/amd64/libnet.so
7fae445da000-7fae445eb000 r-xp 00000000 fc:01 2079071                    /usr/lib/jvm/java-8-openjdk-amd64/jre/lib/amd64/libnio.so
7fae445eb000-7fae447eb000 ---p 00011000 fc:01 2079071                    /usr/lib/jvm/java-8-openjdk-amd64/jre/lib/amd64/libnio.so
7fae447eb000-7fae447ec000 r--p 00011000 fc:01 2079071                    /usr/lib/jvm/java-8-openjdk-amd64/jre/lib/amd64/libnio.so
7fae447ec000-7fae447ed000 rw-p 00012000 fc:01 2079071                    /usr/lib/jvm/java-8-openjdk-amd64/jre/lib/amd64/libnio.so
7fae447ed000-7fae447ee000 ---p 00000000 00:00 0 
7fae447ee000-7fae448ee000 rw-p 00000000 00:00 0 
7fae448ee000-7fae448f1000 ---p 00000000 00:00 0 
7fae448f1000-7fae449ef000 rw-p 00000000 00:00 0 
7fae449ef000-7fae449f0000 ---p 00000000 00:00 0 
7fae449f0000-7fae449f3000 ---p 00000000 00:00 0 
7fae449f3000-7fae44af0000 rw-p 00000000 00:00 0 
7fae44af0000-7fae44af1000 ---p 00000000 00:00 0 
7fae44af1000-7fae44af4000 ---p 00000000 00:00 0 
7fae44af4000-7fae44bf1000 rw-p 00000000 00:00 0 
7fae44bf1000-7fae44bf4000 ---p 00000000 00:00 0 
7fae44bf4000-7fae44cf2000 rw-p 00000000 00:00 0 
7fae44cf2000-7fae44e65000 r--p 00000000 fc:01 7801                       /usr/lib/locale/C.UTF-8/LC_COLLATE
7fae44e65000-7fae45000000 r--p 00000000 fc:01 7796                       /usr/lib/locale/locale-archive
7fae45000000-7fae45270000 rwxp 00000000 00:00 0 
7fae45270000-7fae54000000 ---p 00000000 00:00 0 
7fae54000000-7fae54266000 rw-p 00000000 00:00 0 
7fae54266000-7fae58000000 ---p 00000000 00:00 0 
7fae5805a000-7fae5805b000 r--s 00000000 fc:01 526900                     /tmp/ompi.openmpi-slave1.1000/jf.8274/pmix_dstor_ds12_15448/initial-pmix_shared-segment-0
7fae5805b000-7fae5805c000 rw-s 00000000 fc:01 526901                     /tmp/ompi.openmpi-slave1.1000/jf.8274/pmix_dstor_ds12_15448/dstore_sm.lock
7fae5805c000-7fae5805d000 r--s 0000f000 00:34 527712                     /home/mpiuser/cloud/fyp/java_client/lib/mpi.jar
7fae5805d000-7fae58060000 r--s 0000e000 00:34 527707                     /home/mpiuser/cloud/fyp/java_client/lib/jackson-annotations-2.10.3.jar
7fae58060000-7fae5807d000 r--s 00142000 00:34 527719                     /home/mpiuser/cloud/fyp/java_client/lib/spring-web-5.2.5.RELEASE.jar
7fae5807d000-7fae5808a000 r--s 00090000 00:34 527704                     /home/mpiuser/cloud/fyp/java_client/lib/amqp-client-5.8.0.jar
7fae5808a000-7fae5808b000 r--s 00003000 00:34 527715                     /home/mpiuser/cloud/fyp/java_client/lib/slf4j-simple-1.7.30.jar
7fae5808b000-7fae580a0000 r--s 00142000 00:34 527710                     /home/mpiuser/cloud/fyp/java_client/lib/jackson-databind-2.10.2.jar
7fae580a0000-7fae580b5000 r--s 00142000 00:34 527711                     /home/mpiuser/cloud/fyp/java_client/lib/jackson-databind-2.10.3.jar
7fae580b5000-7fae580b6000 r--s 00005000 00:34 527718                     /home/mpiuser/cloud/fyp/java_client/lib/spring-jcl-5.2.5.RELEASE.jar
7fae580b6000-7fae580d1000 r--s 001d6000 fc:01 2079097                    /usr/lib/jvm/java-8-openjdk-amd64/jre/lib/ext/nashorn.jar
7fae580d1000-7fae580d5000 r--s 0003a000 fc:01 2079100                    /usr/lib/jvm/java-8-openjdk-amd64/jre/lib/ext/sunpkcs11.jar
7fae580d5000-7fae580da000 r--s 0003d000 fc:01 2079099                    /usr/lib/jvm/java-8-openjdk-amd64/jre/lib/ext/sunjce_provider.jar
7fae580da000-7fae580db000 r--s 00010000 fc:01 2079101                    /usr/lib/jvm/java-8-openjdk-amd64/jre/lib/ext/zipfs.jar
7fae580db000-7fae580dc000 r--s 0000a000 fc:01 2079095                    /usr/lib/jvm/java-8-openjdk-amd64/jre/lib/ext/jaccess.jar
7fae580dc000-7fae580de000 r--s 00007000 fc:01 29704                      /usr/share/java/java-atk-wrapper.jar
7fae580de000-7fae580f9000 r--s 00394000 fc:01 2079092                    /usr/lib/jvm/java-8-openjdk-amd64/jre/lib/ext/cldrdata.jar
7fae580f9000-7fae5812a000 r--p 00000000 fc:01 7802                       /usr/lib/locale/C.UTF-8/LC_CTYPE
7fae5812a000-7fae5812d000 ---p 00000000 00:00 0 
7fae5812d000-7fae5822b000 rw-p 00000000 00:00 0 
7fae5822b000-7fae5822e000 ---p 00000000 00:00 0 
7fae5822e000-7fae5832c000 rw-p 00000000 00:00 0 
7fae5832c000-7fae5832d000 ---p 00000000 00:00 0 
7fae5832d000-7fae5847b000 rw-p 00000000 00:00 0 
7fae5847b000-7fae5864b000 r--s 03c68000 fc:01 2079121                    /usr/lib/jvm/java-8-openjdk-amd64/jre/lib/rt.jar
7fae5864b000-7fae58bc4000 rw-p 00000000 00:00 0 
7fae58bc4000-7fae58f44000 ---p 00000000 00:00 0 
7fae58f44000-7fae58f4e000 rw-p 00000000 00:00 0 
7fae58f4e000-7fae59304000 ---p 00000000 00:00 0 
7fae59304000-7fae5930c000 r-xp 00000000 fc:01 2079078                    /usr/lib/jvm/java-8-openjdk-amd64/jre/lib/amd64/libzip.so
7fae5930c000-7fae5950b000 ---p 00008000 fc:01 2079078                    /usr/lib/jvm/java-8-openjdk-amd64/jre/lib/amd64/libzip.so
7fae5950b000-7fae5950c000 r--p 00007000 fc:01 2079078                    /usr/lib/jvm/java-8-openjdk-amd64/jre/lib/amd64/libzip.so
7fae5950c000-7fae5950d000 rw-p 00008000 fc:01 2079078                    /usr/lib/jvm/java-8-openjdk-amd64/jre/lib/amd64/libzip.so
7fae5950d000-7fae59518000 r-xp 00000000 fc:01 2093                       /lib/x86_64-linux-gnu/libnss_files-2.27.so
7fae59518000-7fae59717000 ---p 0000b000 fc:01 2093                       /lib/x86_64-linux-gnu/libnss_files-2.27.so
7fae59717000-7fae59718000 r--p 0000a000 fc:01 2093                       /lib/x86_64-linux-gnu/libnss_files-2.27.so
7fae59718000-7fae59719000 rw-p 0000b000 fc:01 2093                       /lib/x86_64-linux-gnu/libnss_files-2.27.so
7fae59719000-7fae5971f000 rw-p 00000000 00:00 0 
7fae5971f000-7fae59736000 r-xp 00000000 fc:01 2090                       /lib/x86_64-linux-gnu/libnsl-2.27.so
7fae59736000-7fae59935000 ---p 00017000 fc:01 2090                       /lib/x86_64-linux-gnu/libnsl-2.27.so
7fae59935000-7fae59936000 r--p 00016000 fc:01 2090                       /lib/x86_64-linux-gnu/libnsl-2.27.so
7fae59936000-7fae59937000 rw-p 00017000 fc:01 2090                       /lib/x86_64-linux-gnu/libnsl-2.27.so
7fae59937000-7fae59939000 rw-p 00000000 00:00 0 
7fae59939000-7fae59944000 r-xp 00000000 fc:01 2095                       /lib/x86_64-linux-gnu/libnss_nis-2.27.so
7fae59944000-7fae59b43000 ---p 0000b000 fc:01 2095                       /lib/x86_64-linux-gnu/libnss_nis-2.27.so
7fae59b43000-7fae59b44000 r--p 0000a000 fc:01 2095                       /lib/x86_64-linux-gnu/libnss_nis-2.27.so
7fae59b44000-7fae59b45000 rw-p 0000b000 fc:01 2095                       /lib/x86_64-linux-gnu/libnss_nis-2.27.so
7fae59b45000-7fae59b4d000 r-xp 00000000 fc:01 2091                       /lib/x86_64-linux-gnu/libnss_compat-2.27.so
7fae59b4d000-7fae59d4d000 ---p 00008000 fc:01 2091                       /lib/x86_64-linux-gnu/libnss_compat-2.27.so
7fae59d4d000-7fae59d4e000 r--p 00008000 fc:01 2091                       /lib/x86_64-linux-gnu/libnss_compat-2.27.so
7fae59d4e000-7fae59d4f000 rw-p 00009000 fc:01 2091                       /lib/x86_64-linux-gnu/libnss_compat-2.27.so
7fae59d4f000-7fae59d79000 r-xp 00000000 fc:01 2079059                    /usr/lib/jvm/java-8-openjdk-amd64/jre/lib/amd64/libjava.so
7fae59d79000-7fae59f78000 ---p 0002a000 fc:01 2079059                    /usr/lib/jvm/java-8-openjdk-amd64/jre/lib/amd64/libjava.so
7fae59f78000-7fae59f79000 r--p 00029000 fc:01 2079059                    /usr/lib/jvm/java-8-openjdk-amd64/jre/lib/amd64/libjava.so
7fae59f79000-7fae59f7b000 rw-p 0002a000 fc:01 2079059                    /usr/lib/jvm/java-8-openjdk-amd64/jre/lib/amd64/libjava.so
7fae59f7b000-7fae59f8b000 r-xp 00000000 fc:01 2079077                    /usr/lib/jvm/java-8-openjdk-amd64/jre/lib/amd64/libverify.so
7fae59f8b000-7fae5a18a000 ---p 00010000 fc:01 2079077                    /usr/lib/jvm/java-8-openjdk-amd64/jre/lib/amd64/libverify.so
7fae5a18a000-7fae5a18c000 r--p 0000f000 fc:01 2079077                    /usr/lib/jvm/java-8-openjdk-amd64/jre/lib/amd64/libverify.so
7fae5a18c000-7fae5a18d000 rw-p 00011000 fc:01 2079077                    /usr/lib/jvm/java-8-openjdk-amd64/jre/lib/amd64/libverify.so
7fae5a18d000-7fae5a194000 r-xp 00000000 fc:01 2180                       /lib/x86_64-linux-gnu/librt-2.27.so
7fae5a194000-7fae5a393000 ---p 00007000 fc:01 2180                       /lib/x86_64-linux-gnu/librt-2.27.so
7fae5a393000-7fae5a394000 r--p 00006000 fc:01 2180                       /lib/x86_64-linux-gnu/librt-2.27.so
7fae5a394000-7fae5a395000 rw-p 00007000 fc:01 2180                       /lib/x86_64-linux-gnu/librt-2.27.so
7fae5a395000-7fae5a3ac000 r-xp 00000000 fc:01 19131                      /lib/x86_64-linux-gnu/libgcc_s.so.1
7fae5a3ac000-7fae5a5ab000 ---p 00017000 fc:01 19131                      /lib/x86_64-linux-gnu/libgcc_s.so.1
7fae5a5ab000-7fae5a5ac000 r--p 00016000 fc:01 19131                      /lib/x86_64-linux-gnu/libgcc_s.so.1
7fae5a5ac000-7fae5a5ad000 rw-p 00017000 fc:01 19131                      /lib/x86_64-linux-gnu/libgcc_s.so.1
7fae5a5ad000-7fae5a74a000 r-xp 00000000 fc:01 2087                       /lib/x86_64-linux-gnu/libm-2.27.so
7fae5a74a000-7fae5a949000 ---p 0019d000 fc:01 2087                       /lib/x86_64-linux-gnu/libm-2.27.so
7fae5a949000-7fae5a94a000 r--p 0019c000 fc:01 2087                       /lib/x86_64-linux-gnu/libm-2.27.so
7fae5a94a000-7fae5a94b000 rw-p 0019d000 fc:01 2087                       /lib/x86_64-linux-gnu/libm-2.27.so
7fae5a94b000-7fae5aac4000 r-xp 00000000 fc:01 7835                       /usr/lib/x86_64-linux-gnu/libstdc++.so.6.0.25
7fae5aac4000-7fae5acc4000 ---p 00179000 fc:01 7835                       /usr/lib/x86_64-linux-gnu/libstdc++.so.6.0.25
7fae5acc4000-7fae5acce000 r--p 00179000 fc:01 7835                       /usr/lib/x86_64-linux-gnu/libstdc++.so.6.0.25
7fae5acce000-7fae5acd0000 rw-p 00183000 fc:01 7835                       /usr/lib/x86_64-linux-gnu/libstdc++.so.6.0.25
7fae5acd0000-7fae5acd4000 rw-p 00000000 00:00 0 
7fae5acd4000-7fae5b977000 r-xp 00000000 fc:01 2079081                    /usr/lib/jvm/java-8-openjdk-amd64/jre/lib/amd64/server/libjvm.so
7fae5b977000-7fae5bb77000 ---p 00ca3000 fc:01 2079081                    /usr/lib/jvm/java-8-openjdk-amd64/jre/lib/amd64/server/libjvm.so
7fae5bb77000-7fae5bc0b000 r--p 00ca3000 fc:01 2079081                    /usr/lib/jvm/java-8-openjdk-amd64/jre/lib/amd64/server/libjvm.so
7fae5bc0b000-7fae5bc34000 rw-p 00d37000 fc:01 2079081                    /usr/lib/jvm/java-8-openjdk-amd64/jre/lib/amd64/server/libjvm.so
7fae5bc34000-7fae5bc64000 rw-p 00000000 00:00 0 
7fae5bc64000-7fae5bc7e000 r-xp 00000000 fc:01 2178                       /lib/x86_64-linux-gnu/libpthread-2.27.so
7fae5bc7e000-7fae5be7d000 ---p 0001a000 fc:01 2178                       /lib/x86_64-linux-gnu/libpthread-2.27.so
7fae5be7d000-7fae5be7e000 r--p 00019000 fc:01 2178                       /lib/x86_64-linux-gnu/libpthread-2.27.so
7fae5be7e000-7fae5be7f000 rw-p 0001a000 fc:01 2178                       /lib/x86_64-linux-gnu/libpthread-2.27.so
7fae5be7f000-7fae5be83000 rw-p 00000000 00:00 0 
7fae5be83000-7fae5be86000 r-xp 00000000 fc:01 2086                       /lib/x86_64-linux-gnu/libdl-2.27.so
7fae5be86000-7fae5c085000 ---p 00003000 fc:01 2086                       /lib/x86_64-linux-gnu/libdl-2.27.so
7fae5c085000-7fae5c086000 r--p 00002000 fc:01 2086                       /lib/x86_64-linux-gnu/libdl-2.27.so
7fae5c086000-7fae5c087000 rw-p 00003000 fc:01 2086                       /lib/x86_64-linux-gnu/libdl-2.27.so
7fae5c087000-7fae5c0a3000 r-xp 00000000 fc:01 2183                       /lib/x86_64-linux-gnu/libz.so.1.2.11
7fae5c0a3000-7fae5c2a2000 ---p 0001c000 fc:01 2183                       /lib/x86_64-linux-gnu/libz.so.1.2.11
7fae5c2a2000-7fae5c2a3000 r--p 0001b000 fc:01 2183                       /lib/x86_64-linux-gnu/libz.so.1.2.11
7fae5c2a3000-7fae5c2a4000 rw-p 0001c000 fc:01 2183                       /lib/x86_64-linux-gnu/libz.so.1.2.11
7fae5c2a4000-7fae5c48b000 r-xp 00000000 fc:01 2083                       /lib/x86_64-linux-gnu/libc-2.27.so
7fae5c48b000-7fae5c68b000 ---p 001e7000 fc:01 2083                       /lib/x86_64-linux-gnu/libc-2.27.so
7fae5c68b000-7fae5c68f000 r--p 001e7000 fc:01 2083                       /lib/x86_64-linux-gnu/libc-2.27.so
7fae5c68f000-7fae5c691000 rw-p 001eb000 fc:01 2083                       /lib/x86_64-linux-gnu/libc-2.27.so
7fae5c691000-7fae5c695000 rw-p 00000000 00:00 0 
7fae5c695000-7fae5c6a3000 r-xp 00000000 fc:01 2079045                    /usr/lib/jvm/java-8-openjdk-amd64/jre/lib/amd64/jli/libjli.so
7fae5c6a3000-7fae5c8a2000 ---p 0000e000 fc:01 2079045                    /usr/lib/jvm/java-8-openjdk-amd64/jre/lib/amd64/jli/libjli.so
7fae5c8a2000-7fae5c8a3000 r--p 0000d000 fc:01 2079045                    /usr/lib/jvm/java-8-openjdk-amd64/jre/lib/amd64/jli/libjli.so
7fae5c8a3000-7fae5c8a4000 rw-p 0000e000 fc:01 2079045                    /usr/lib/jvm/java-8-openjdk-amd64/jre/lib/amd64/jli/libjli.so
7fae5c8a4000-7fae5c8cb000 r-xp 00000000 fc:01 2079                       /lib/x86_64-linux-gnu/ld-2.27.so
7fae5c8cb000-7fae5c8cc000 r--s 0000d000 fc:01 2079098                    /usr/lib/jvm/java-8-openjdk-amd64/jre/lib/ext/sunec.jar
7fae5c8cc000-7fae5c8ce000 r--s 00001000 fc:01 2079093                    /usr/lib/jvm/java-8-openjdk-amd64/jre/lib/ext/dnsns.jar
7fae5c8ce000-7fae5c8d1000 r--s 0000f000 fc:01 2079094                    /usr/lib/jvm/java-8-openjdk-amd64/jre/lib/ext/icedtea-sound.jar
7fae5c8d1000-7fae5c8db000 r--s 00116000 fc:01 2079096                    /usr/lib/jvm/java-8-openjdk-amd64/jre/lib/ext/localedata.jar
7fae5c8db000-7fae5c8dc000 r--p 00000000 fc:01 7807                       /usr/lib/locale/C.UTF-8/LC_NUMERIC
7fae5c8dc000-7fae5c8dd000 r--p 00000000 fc:01 7810                       /usr/lib/locale/C.UTF-8/LC_TIME
7fae5c8dd000-7fae5c8de000 r--p 00000000 fc:01 7805                       /usr/lib/locale/C.UTF-8/LC_MONETARY
7fae5c8de000-7fae5c8df000 r--p 00000000 fc:01 7799                       /usr/lib/locale/C.UTF-8/LC_MESSAGES/SYS_LC_MESSAGES
7fae5c8df000-7fae5c8e0000 r--p 00000000 fc:01 7808                       /usr/lib/locale/C.UTF-8/LC_PAPER
7fae5c8e0000-7fae5c8e1000 r--p 00000000 fc:01 7806                       /usr/lib/locale/C.UTF-8/LC_NAME
7fae5c8e1000-7fae5c8e2000 r--p 00000000 fc:01 7800                       /usr/lib/locale/C.UTF-8/LC_ADDRESS
7fae5c8e2000-7fae5c8e3000 r--p 00000000 fc:01 7809                       /usr/lib/locale/C.UTF-8/LC_TELEPHONE
7fae5c8e3000-7fae5c8e4000 r--p 00000000 fc:01 7804                       /usr/lib/locale/C.UTF-8/LC_MEASUREMENT
7fae5c8e4000-7fae5c8eb000 r--s 00000000 fc:01 5010                       /usr/lib/x86_64-linux-gnu/gconv/gconv-modules.cache
7fae5c8eb000-7fae5c8ec000 r--p 00000000 fc:01 7803                       /usr/lib/locale/C.UTF-8/LC_IDENTIFICATION
7fae5c8ec000-7fae5c8f2000 rw-p 00000000 00:00 0 
7fae5c8f2000-7fae5c93f000 ---p 00000000 00:00 0 
7fae5c93f000-7fae5c942000 rw-p 00000000 00:00 0 
7fae5c942000-7fae5c968000 ---p 00000000 00:00 0 
7fae5c968000-7fae5c96e000 rw-p 00000000 00:00 0 
7fae5c96e000-7fae5c9bb000 ---p 00000000 00:00 0 
7fae5c9bb000-7fae5c9bc000 rw-p 00000000 00:00 0 
7fae5c9bc000-7fae5c9bd000 ---p 00000000 00:00 0 
7fae5c9bd000-7fae5c9c0000 ---p 00000000 00:00 0 
7fae5c9c0000-7fae5cabf000 rw-p 00000000 00:00 0 
7fae5cabf000-7fae5cac7000 rw-s 00000000 fc:01 526914                     /tmp/hsperfdata_mpiuser/15480
7fae5cac7000-7fae5cac8000 rw-p 00000000 00:00 0 
7fae5cac8000-7fae5cac9000 ---p 00000000 00:00 0 
7fae5cac9000-7fae5cacb000 rw-p 00000000 00:00 0 
7fae5cacb000-7fae5cacc000 r--p 00027000 fc:01 2079                       /lib/x86_64-linux-gnu/ld-2.27.so
7fae5cacc000-7fae5cacd000 rw-p 00028000 fc:01 2079                       /lib/x86_64-linux-gnu/ld-2.27.so
7fae5cacd000-7fae5cace000 rw-p 00000000 00:00 0 
7ffda8e9b000-7ffda8ebc000 rw-p 00000000 00:00 0                          [stack]
7ffda8f51000-7ffda8f54000 r--p 00000000 00:00 0                          [vvar]
7ffda8f54000-7ffda8f56000 r-xp 00000000 00:00 0                          [vdso]
ffffffffff600000-ffffffffff601000 r-xp 00000000 00:00 0                  [vsyscall]

VM Arguments:
jvm_args: -Djava.library.path=/usr/local/lib 
java_command: Client 1000000 100 0
java_class_path (initial): /home/mpiuser/cloud/fyp/java_client:./lib/spring-jcl-5.2.5.RELEASE.jar:./lib/jackson-databind-2.10.3.jar:./lib/jackson-databind-2.10.2.jar:./lib/slf4j-simple-1.7.30.jar:./lib/amqp-client-5.8.0.jar:./lib/spring-web-5.2.5.RELEASE.jar:./lib/jackson-annotations-2.10.3.jar:./lib/mpi.jar:./lib/spring-beans-5.2.5.RELEASE.jar:./lib/jackson-annotations-2.10.2.jar:./lib/jackson-core-2.10.2.jar:./lib/jackson-core-2.10.3.jar:./lib/slf4j-api-1.7.29.jar:./lib/spring-core-5.2.5.RELEASE.jar:./lib/slf4j-api-1.7.30.jar:./lib/http-client-3.6.1.RELEASE.jar:/usr/local/lib/mpi.jar
Launcher Type: SUN_STANDARD

Environment Variables:
PATH=/usr/local/sbin:/usr/local/bin:/usr/sbin:/usr/bin:/sbin:/bin:/usr/games:/usr/local/games
SHELL=/bin/bash

Signal Handlers:
SIGSEGV: [libjvm.so+0xabc3b0], sa_mask[0]=11111111011111111101111111111110, sa_flags=SA_RESTART|SA_SIGINFO
SIGBUS: [libjvm.so+0xabc3b0], sa_mask[0]=11111111011111111101111111111110, sa_flags=SA_RESTART|SA_SIGINFO
SIGFPE: [libjvm.so+0x8f0bb0], sa_mask[0]=11111111011111111101111111111110, sa_flags=SA_RESTART|SA_SIGINFO
SIGPIPE: [libjvm.so+0x8f0bb0], sa_mask[0]=11111111011111111101111111111110, sa_flags=SA_RESTART|SA_SIGINFO
SIGXFSZ: [libjvm.so+0x8f0bb0], sa_mask[0]=11111111011111111101111111111110, sa_flags=SA_RESTART|SA_SIGINFO
SIGILL: [libjvm.so+0x8f0bb0], sa_mask[0]=11111111011111111101111111111110, sa_flags=SA_RESTART|SA_SIGINFO
SIGUSR1: SIG_DFL, sa_mask[0]=00000000000000000000000000000000, sa_flags=none
SIGUSR2: [libjvm.so+0x8f0a60], sa_mask[0]=00000000000000000000000000000000, sa_flags=SA_RESTART|SA_SIGINFO
SIGHUP: [libjvm.so+0x8f10d0], sa_mask[0]=11111111011111111101111111111110, sa_flags=SA_RESTART|SA_SIGINFO
SIGINT: [libjvm.so+0x8f10d0], sa_mask[0]=11111111011111111101111111111110, sa_flags=SA_RESTART|SA_SIGINFO
SIGTERM: [libjvm.so+0x8f10d0], sa_mask[0]=11111111011111111101111111111110, sa_flags=SA_RESTART|SA_SIGINFO
SIGQUIT: [libjvm.so+0x8f10d0], sa_mask[0]=11111111011111111101111111111110, sa_flags=SA_RESTART|SA_SIGINFO


---------------  S Y S T E M  ---------------

OS:DISTRIB_ID=Ubuntu
DISTRIB_RELEASE=18.04
DISTRIB_CODENAME=bionic
DISTRIB_DESCRIPTION="Ubuntu 18.04.3 LTS"

uname:Linux 4.15.0-66-generic #75-Ubuntu SMP Tue Oct 1 05:24:09 UTC 2019 x86_64
libc:glibc 2.27 NPTL 2.27 
rlimit: STACK 8192k, CORE 0k, NPROC 3841, NOFILE 1048576, AS infinity
load average:96.10 24.16 8.09

/proc/meminfo:
MemTotal:        1008808 kB
MemFree:          103956 kB
MemAvailable:      62908 kB
Buffers:            1348 kB
Cached:            32024 kB
SwapCached:            0 kB
Active:           738796 kB
Inactive:          10220 kB
Active(anon):     717460 kB
Inactive(anon):      184 kB
Active(file):      21336 kB
Inactive(file):    10036 kB
Unevictable:           0 kB
Mlocked:               0 kB
SwapTotal:             0 kB
SwapFree:              0 kB
Dirty:               672 kB
Writeback:            56 kB
AnonPages:        692236 kB
Mapped:            19944 kB
Shmem:               660 kB
Slab:              83976 kB
SReclaimable:      29216 kB
SUnreclaim:        54760 kB
KernelStack:       12716 kB
PageTables:        22252 kB
NFS_Unstable:          0 kB
Bounce:                0 kB
WritebackTmp:          0 kB
CommitLimit:      504404 kB
Committed_AS:    4252544 kB
VmallocTotal:   34359738367 kB
VmallocUsed:           0 kB
VmallocChunk:          0 kB
HardwareCorrupted:     0 kB
AnonHugePages:         0 kB
ShmemHugePages:        0 kB
ShmemPmdMapped:        0 kB
CmaTotal:              0 kB
CmaFree:               0 kB
HugePages_Total:       0
HugePages_Free:        0
HugePages_Rsvd:        0
HugePages_Surp:        0
Hugepagesize:       2048 kB
DirectMap4k:      292844 kB
DirectMap2M:      755712 kB
DirectMap1G:           0 kB

container (cgroup) information:
container_type: cgroupv1
cpu_cpuset_cpus: 0-2
cpu_memory_nodes: 0
active_processor_count: 3
cpu_quota: -1
cpu_period: 100000
cpu_shares: -1
memory_limit_in_bytes: -1
memory_and_swap_limit_in_bytes: -2
memory_soft_limit_in_bytes: -1
memory_usage_in_bytes: 716595200
memory_max_usage_in_bytes: 863526912


CPU:total 3 (initial active 3) (1 cores per cpu, 1 threads per core) family 6 model 85 stepping 4, cmov, cx8, fxsr, mmx, sse, sse2, sse3, ssse3, sse4.1, sse4.2, popcnt, avx, avx2, aes, clmul, erms, 3dnowpref, lzcnt, tsc, bmi1, bmi2, adx

/proc/cpuinfo:
processor	: 0
vendor_id	: GenuineIntel
cpu family	: 6
model		: 85
model name	: Intel(R) Xeon(R) Gold 6140 CPU @ 2.30GHz
stepping	: 4
microcode	: 0x1
cpu MHz		: 2294.608
cache size	: 4096 KB
physical id	: 0
siblings	: 1
core id		: 0
cpu cores	: 1
apicid		: 0
initial apicid	: 0
fpu		: yes
fpu_exception	: yes
cpuid level	: 13
wp		: yes
flags		: fpu vme de pse tsc msr pae mce cx8 apic sep mtrr pge mca cmov pat pse36 clflush mmx fxsr sse sse2 ss syscall nx pdpe1gb rdtscp lm constant_tsc arch_perfmon rep_good nopl cpuid tsc_known_freq pni pclmulqdq vmx ssse3 fma cx16 pcid sse4_1 sse4_2 x2apic movbe popcnt tsc_deadline_timer aes xsave avx f16c rdrand hypervisor lahf_lm abm 3dnowprefetch cpuid_fault invpcid_single pti ssbd ibrs ibpb tpr_shadow vnmi flexpriority ept vpid fsgsbase tsc_adjust bmi1 avx2 smep bmi2 erms invpcid mpx avx512f avx512dq rdseed adx smap clflushopt clwb avx512cd avx512bw avx512vl xsaveopt xsavec xgetbv1 pku ospke md_clear
bugs		: cpu_meltdown spectre_v1 spectre_v2 spec_store_bypass l1tf mds swapgs
bogomips	: 4589.21
clflush size	: 64
cache_alignment	: 64
address sizes	: 40 bits physical, 48 bits virtual
power management:

processor	: 1
vendor_id	: GenuineIntel
cpu family	: 6
model		: 85
model name	: Intel(R) Xeon(R) Gold 6140 CPU @ 2.30GHz
stepping	: 4
microcode	: 0x1
cpu MHz		: 2294.608
cache size	: 4096 KB
physical id	: 1
siblings	: 1
core id		: 0
cpu cores	: 1
apicid		: 1
initial apicid	: 1
fpu		: yes
fpu_exception	: yes
cpuid level	: 13
wp		: yes
flags		: fpu vme de pse tsc msr pae mce cx8 apic sep mtrr pge mca cmov pat pse36 clflush mmx fxsr sse sse2 ss syscall nx pdpe1gb rdtscp lm constant_tsc arch_perfmon rep_good nopl cpuid tsc_known_freq pni pclmulqdq vmx ssse3 fma cx16 pcid sse4_1 sse4_2 x2apic movbe popcnt tsc_deadline_timer aes xsave avx f16c rdrand hypervisor lahf_lm abm 3dnowprefetch cpuid_fault invpcid_single pti ssbd ibrs ibpb tpr_shadow vnmi flexpriority ept vpid fsgsbase tsc_adjust bmi1 avx2 smep bmi2 erms invpcid mpx avx512f avx512dq rdseed adx smap clflushopt clwb avx512cd avx512bw avx512vl xsaveopt xsavec xgetbv1 pku ospke md_clear
bugs		: cpu_meltdown spectre_v1 spectre_v2 spec_store_bypass l1tf mds swapgs
bogomips	: 4589.21
clflush size	: 64
cache_alignment	: 64
address sizes	: 40 bits physical, 48 bits virtual
power management:

processor	: 2
vendor_id	: GenuineIntel
cpu family	: 6
model		: 85
model name	: Intel(R) Xeon(R) Gold 6140 CPU @ 2.30GHz
stepping	: 4
microcode	: 0x1
cpu MHz		: 2294.608
cache size	: 4096 KB
physical id	: 2
siblings	: 1
core id		: 0
cpu cores	: 1
apicid		: 2
initial apicid	: 2
fpu		: yes
fpu_exception	: yes
cpuid level	: 13
wp		: yes
flags		: fpu vme de pse tsc msr pae mce cx8 apic sep mtrr pge mca cmov pat pse36 clflush mmx fxsr sse sse2 ss syscall nx pdpe1gb rdtscp lm constant_tsc arch_perfmon rep_good nopl cpuid tsc_known_freq pni pclmulqdq vmx ssse3 fma cx16 pcid sse4_1 sse4_2 x2apic movbe popcnt tsc_deadline_timer aes xsave avx f16c rdrand hypervisor lahf_lm abm 3dnowprefetch cpuid_fault invpcid_single pti ssbd ibrs ibpb tpr_shadow vnmi flexpriority ept vpid fsgsbase tsc_adjust bmi1 avx2 smep bmi2 erms invpcid mpx avx512f avx512dq rdseed adx smap clflushopt clwb avx512cd avx512bw avx512vl xsaveopt xsavec xgetbv1 pku ospke md_clear
bugs		: cpu_meltdown spectre_v1 spectre_v2 spec_store_bypass l1tf mds swapgs
bogomips	: 4589.21
clflush size	: 64
cache_alignment	: 64
address sizes	: 40 bits physical, 48 bits virtual
power management:



Memory: 4k page, physical 1008808k(103708k free), swap 0k(0k free)

vm_info: OpenJDK 64-Bit Server VM (25.242-b08) for linux-amd64 JRE (1.8.0_242-8u242-b08-0ubuntu3~18.04-b08), built on Jan 17 2020 23:41:21 by "buildd" with gcc 7.4.0

time: Mon Apr  6 11:40:25 2020
timezone: UTC
elapsed time: 36 seconds (0d 0h 0m 36s)

