#
# A fatal error has been detected by the Java Runtime Environment:
#
#  SIGSEGV (0xb) at pc=0x00007fec63bed12a, pid=16365, tid=0x00007feca728f700
#
# JRE version: OpenJDK Runtime Environment (8.0_242-b08) (build 1.8.0_242-8u242-b08-0ubuntu3~18.04-b08)
# Java VM: OpenJDK 64-Bit Server VM (25.242-b08 mixed mode linux-amd64 compressed oops)
# Problematic frame:
# C  [mca_gds_ds21.so+0x212a]  pmix_gds_ds21_lock_init+0x12a
#
# Failed to write core dump. Core dumps have been disabled. To enable core dumping, try "ulimit -c unlimited" before starting Java again
#
# If you would like to submit a bug report, please visit:
#   http://bugreport.java.com/bugreport/crash.jsp
# The crash happened outside the Java Virtual Machine in native code.
# See problematic frame for where to report the bug.
#

---------------  T H R E A D  ---------------

Current thread (0x00007feca000b800):  JavaThread "main" [_thread_in_native, id=16451, stack(0x00007feca7190000,0x00007feca7290000)]

siginfo: si_signo: 11 (SIGSEGV), si_code: 1 (SEGV_MAPERR), si_addr: 0x00007fec8e9c5008

Registers:
RAX=0x00007feca0275370, RBX=0x00007feca0275290, RCX=0x00007fec6c1a885e, RDX=0x00007ffc96960ce8
RSP=0x00007feca728d700, RBP=0x00007feca02752e8, RSI=0x0000000000085000, RDI=0x0000000000000000
R8 =0x000000000000001e, R9 =0x0000000000000000, R10=0x0000000000000001, R11=0x0000000000000000
R12=0x00007feca0274ee8, R13=0x0000000000001000, R14=0x00007fec8e9c5000, R15=0x00007feca02752e0
RIP=0x00007fec63bed12a, EFLAGS=0x0000000000010202, CSGSFS=0x002b000000000033, ERR=0x0000000000000004
  TRAPNO=0x000000000000000e

Top of Stack: (sp=0x00007feca728d700)
0x00007feca728d700:   00007feca0275240 00007ffc96960ce8
0x00007feca728d710:   0000000000085000 000003e800000002
0x00007feca728d720:   0000000000000000 00007feca6b0e2ed
0x00007feca728d730:   00007feca0274f30 630aa6c8ef863700
0x00007feca728d740:   0000000000000000 00007feca0274c10
0x00007feca728d750:   0000000000000000 00007ffc96960ce8
0x00007feca728d760:   0000000000000000 00007feca0274e80
0x00007feca728d770:   0000000000000000 00007fec6c1a4bcb
0x00007feca728d780:   00007fec63bedcee 00007feca728d810
0x00007feca728d790:   00007fec8c468513 0000001500000040
0x00007feca728d7a0:   00007feca0270560 630aa6c8ef863700
0x00007feca728d7b0:   00007fec63fff280 00007feca0270070
0x00007feca728d7c0:   00007fec63def2d4 00007fec8c68e0a0
0x00007feca728d7d0:   00007fec63def180 00007fec8c691fc0
0x00007feca728d7e0:   00007feca0274bc0 00007fec63becdb4
0x00007feca728d7f0:   00007fec8c68e060 00007fec8c450ee8
0x00007feca728d800:   00007fec8c68e100 00007feca728d834
0x00007feca728d810:   00007feca728d838 0000000000000000
0x00007feca728d820:   0000000000000000 00007fec8c691fd0
0x00007feca728d830:   0000001e8c3c5db0 00007fec63def180
0x00007feca728d840:   0000000000000000 630aa6c8ef863700
0x00007feca728d850:   00007fec8c68e0a0 0000000000000000
0x00007feca728d860:   0000000000000000 00007feca01ff490
0x00007feca728d870:   00007fec8c3c5db0 00007fec8c68d520
0x00007feca728d880:   0000000000000000 00007fec8c40b763
0x00007feca728d890:   000000000000000c 00007fec8c68d7d8
0x00007feca728d8a0:   2d69706d6e65706f 0000316576616c73
0x00007feca728d8b0:   00007fec8c350100 00007fec8c34bb00
0x00007feca728d8c0:   00007fec8c35364e 0000000100000000
0x00007feca728d8d0:   00007feca728d9d0 00007fec00000003
0x00007feca728d8e0:   00007feca728d9c0 630aa6c8ef863700
0x00007feca728d8f0:   00007feca01fce70 00007fec8c68cf60 

Instructions: (pc=0x00007fec63bed12a)
0x00007fec63bed10a:   f7 ff ff 48 85 c0 49 89 47 30 0f 84 16 03 00 00
0x00007fec63bed11a:   4c 8b 70 18 49 8b 36 4c 39 ee 0f 87 ce 02 00 00
0x00007fec63bed12a:   41 8b 46 08 41 89 47 40 49 8b 56 18 4c 01 f2 85
0x00007fec63bed13a:   c0 49 89 57 38 0f 84 eb 02 00 00 31 c0 ba 01 00 

Register to memory mapping:

RAX=0x00007feca0275370 is an unknown value
RBX=0x00007feca0275290 is an unknown value
RCX=0x00007fec6c1a885e: pmix_common_dstor_attach_new_lock_seg+0x1e in /usr/local/lib/libmca_common_dstore.so.1 at 0x00007fec6c19b000
RDX=0x00007ffc96960ce8 is an unknown value
RSP=0x00007feca728d700 is pointing into the stack for thread: 0x00007feca000b800
RBP=0x00007feca02752e8 is an unknown value
RSI=0x0000000000085000 is an unknown value
RDI=0x0000000000000000 is an unknown value
R8 =0x000000000000001e is an unknown value
R9 =0x0000000000000000 is an unknown value
R10=0x0000000000000001 is an unknown value
R11=0x0000000000000000 is an unknown value
R12=0x00007feca0274ee8 is an unknown value
R13=0x0000000000001000 is an unknown value
R14=0x00007fec8e9c5000 is an unknown value
R15=0x00007feca02752e0 is an unknown value


Stack: [0x00007feca7190000,0x00007feca7290000],  sp=0x00007feca728d700,  free space=1013k
Native frames: (J=compiled Java code, j=interpreted, Vv=VM code, C=native code)
C  [mca_gds_ds21.so+0x212a]  pmix_gds_ds21_lock_init+0x12a

Java frames: (J=compiled Java code, j=interpreted, Vv=VM code)
j  mpi.MPI.Init_jni([Ljava/lang/String;)[Ljava/lang/String;+0
j  mpi.MPI.Init([Ljava/lang/String;)[Ljava/lang/String;+17
j  Client.main([Ljava/lang/String;)V+1
v  ~StubRoutines::call_stub

---------------  P R O C E S S  ---------------

Java Threads: ( => current thread )
  0x00007fec78001000 JavaThread "SIGTERM handler" daemon [_thread_blocked, id=17017, stack(0x00007fec6c09a000,0x00007fec6c19b000)]
  0x00007feca00b7800 JavaThread "Service Thread" daemon [_thread_blocked, id=16639, stack(0x00007fec8f1a7000,0x00007fec8f2a8000)]
  0x00007feca00b4800 JavaThread "C1 CompilerThread1" daemon [_thread_blocked, id=16629, stack(0x00007fec8f2a9000,0x00007fec8f3a9000)]
  0x00007feca00b2000 JavaThread "C2 CompilerThread0" daemon [_thread_blocked, id=16619, stack(0x00007fec8f3aa000,0x00007fec8f4aa000)]
  0x00007feca00b0800 JavaThread "Signal Dispatcher" daemon [_thread_blocked, id=16607, stack(0x00007fec8f4aa000,0x00007fec8f5ab000)]
  0x00007feca007e000 JavaThread "Finalizer" daemon [_thread_blocked, id=16554, stack(0x00007fec8f8ea000,0x00007fec8f9eb000)]
  0x00007feca0079800 JavaThread "Reference Handler" daemon [_thread_blocked, id=16552, stack(0x00007fec8f9eb000,0x00007fec8faec000)]
=>0x00007feca000b800 JavaThread "main" [_thread_in_native, id=16451, stack(0x00007feca7190000,0x00007feca7290000)]

Other Threads:
  0x00007feca006f800 VMThread [stack: 0x00007fec8faed000,0x00007fec8fbed000] [id=16549]
  0x00007feca00ba800 WatcherThread [stack: 0x00007fec8f0a7000,0x00007fec8f1a7000] [id=16650]

VM state:not at safepoint (normal execution)

VM Mutex/Monitor currently owned by a thread: None

heap address: 0x00000000f0800000, size: 248 MB, Compressed Oops mode: 32-bit
Narrow klass base: 0x0000000000000000, Narrow klass shift: 3
Compressed class space size: 1073741824 Address: 0x0000000100000000

Heap:
 def new generation   total 4928K, used 1618K [0x00000000f0800000, 0x00000000f0d50000, 0x00000000f5aa0000)
  eden space 4416K,  36% used [0x00000000f0800000, 0x00000000f0994988, 0x00000000f0c50000)
  from space 512K,   0% used [0x00000000f0c50000, 0x00000000f0c50000, 0x00000000f0cd0000)
  to   space 512K,   0% used [0x00000000f0cd0000, 0x00000000f0cd0000, 0x00000000f0d50000)
 tenured generation   total 10944K, used 0K [0x00000000f5aa0000, 0x00000000f6550000, 0x0000000100000000)
   the space 10944K,   0% used [0x00000000f5aa0000, 0x00000000f5aa0000, 0x00000000f5aa0200, 0x00000000f6550000)
 Metaspace       used 3126K, capacity 4792K, committed 5120K, reserved 1056768K
  class space    used 315K, capacity 424K, committed 512K, reserved 1048576K

Card table byte_map: [0x00007feca7112000,0x00007feca718f000] byte_map_base: 0x00007feca698e000

Polling page: 0x00007feca729b000

CodeCache: size=245760Kb used=1240Kb max_used=1240Kb free=244519Kb
 bounds [0x00007fec909cb000, 0x00007fec90c3b000, 0x00007fec9f9cb000]
 total_blobs=379 nmethods=75 adapters=220
 compilation: enabled

Compilation events (10 events):
Event: 1.666 Thread 0x00007feca00b4800   68       3       java.lang.AbstractStringBuilder::<init> (12 bytes)
Event: 1.667 Thread 0x00007feca00b4800 nmethod 68 0x00007fec90af6b50 code [0x00007fec90af6cc0, 0x00007fec90af6f10]
Event: 1.667 Thread 0x00007feca00b4800   67       1       java.net.URL::getQuery (5 bytes)
Event: 1.667 Thread 0x00007feca00b4800 nmethod 67 0x00007fec90af6fd0 code [0x00007fec90af7120, 0x00007fec90af7230]
Event: 1.669 Thread 0x00007feca00b4800   69       3       java.lang.String::startsWith (7 bytes)
Event: 1.669 Thread 0x00007feca00b4800 nmethod 69 0x00007fec90af7610 code [0x00007fec90af7780, 0x00007fec90af7988]
Event: 1.766 Thread 0x00007feca00b4800   71       3       java.util.concurrent.ConcurrentHashMap::setTabAt (19 bytes)
Event: 1.767 Thread 0x00007feca00b4800 nmethod 71 0x00007fec90affc10 code [0x00007fec90affd60, 0x00007fec90affed0]
Event: 1.767 Thread 0x00007feca00b4800   73   !   3       java.util.zip.ZipFile::getEntry (101 bytes)
Event: 1.767 Thread 0x00007feca00b4800 nmethod 73 0x00007fec90afff50 code [0x00007fec90b00120, 0x00007fec90b00798]

GC Heap History (0 events):
No events

Deoptimization events (0 events):
No events

Classes redefined (0 events):
No events

Internal exceptions (5 events):
Event: 0.444 Thread 0x00007feca000b800 Exception <a 'java/lang/NoSuchMethodError': Method sun.misc.Unsafe.defineClass(Ljava/lang/String;[BII)Ljava/lang/Class; name or signature does not match> (0x00000000f0807cc8) thrown at [/build/openjdk-8-58sEEn/openjdk-8-8u242-b08/src/hotspot/src/share/vm/
Event: 0.444 Thread 0x00007feca000b800 Exception <a 'java/lang/NoSuchMethodError': Method sun.misc.Unsafe.prefetchRead(Ljava/lang/Object;J)V name or signature does not match> (0x00000000f0807fb0) thrown at [/build/openjdk-8-58sEEn/openjdk-8-8u242-b08/src/hotspot/src/share/vm/prims/jni.cpp, lin
Event: 1.031 Thread 0x00007feca000b800 Exception <a 'java/util/zip/ZipException'> (0x00000000f085dec8) thrown at [/build/openjdk-8-58sEEn/openjdk-8-8u242-b08/src/hotspot/src/share/vm/prims/jni.cpp, line 710]
Event: 1.031 Thread 0x00007feca000b800 Exception <a 'java/security/PrivilegedActionException'> (0x00000000f085e168) thrown at [/build/openjdk-8-58sEEn/openjdk-8-8u242-b08/src/hotspot/src/share/vm/prims/jvm.cpp, line 1502]
Event: 1.031 Thread 0x00007feca000b800 Exception <a 'java/security/PrivilegedActionException'> (0x00000000f085e378) thrown at [/build/openjdk-8-58sEEn/openjdk-8-8u242-b08/src/hotspot/src/share/vm/prims/jvm.cpp, line 1502]

Events (10 events):
Event: 1.666 loading class mpi/Constant
Event: 1.666 loading class mpi/Constant done
Event: 1.667 loading class mpi/Errhandler
Event: 1.667 loading class mpi/Errhandler done
Event: 1.667 loading class mpi/Intracomm
Event: 1.667 loading class mpi/Intracomm done
Event: 1.668 loading class mpi/Comm
Event: 1.668 loading class mpi/Comm done
Event: 1.766 loading class mpi/Version
Event: 1.766 loading class mpi/Version done


Dynamic libraries:
f0800000-f0d50000 rw-p 00000000 00:00 0 
f0d50000-f5aa0000 ---p 00000000 00:00 0 
f5aa0000-f6550000 rw-p 00000000 00:00 0 
f6550000-100000000 ---p 00000000 00:00 0 
100000000-100080000 rw-p 00000000 00:00 0 
100080000-140000000 ---p 00000000 00:00 0 
5580d5d64000-5580d5d65000 r-xp 00000000 fc:01 2079032                    /usr/lib/jvm/java-8-openjdk-amd64/jre/bin/java
5580d5f64000-5580d5f65000 r--p 00000000 fc:01 2079032                    /usr/lib/jvm/java-8-openjdk-amd64/jre/bin/java
5580d5f65000-5580d5f66000 rw-p 00001000 fc:01 2079032                    /usr/lib/jvm/java-8-openjdk-amd64/jre/bin/java
5580d69be000-5580d69df000 rw-p 00000000 00:00 0                          [heap]
7fec5c000000-7fec5c021000 rw-p 00000000 00:00 0 
7fec5c021000-7fec60000000 ---p 00000000 00:00 0 
7fec639e8000-7fec639ea000 r-xp 00000000 fc:01 526222                     /usr/local/lib/pmix/mca_pshmem_mmap.so
7fec639ea000-7fec63be9000 ---p 00002000 fc:01 526222                     /usr/local/lib/pmix/mca_pshmem_mmap.so
7fec63be9000-7fec63bea000 r--p 00001000 fc:01 526222                     /usr/local/lib/pmix/mca_pshmem_mmap.so
7fec63bea000-7fec63beb000 rw-p 00002000 fc:01 526222                     /usr/local/lib/pmix/mca_pshmem_mmap.so
7fec63beb000-7fec63bef000 r-xp 00000000 fc:01 526198                     /usr/local/lib/pmix/mca_gds_ds21.so
7fec63bef000-7fec63dee000 ---p 00004000 fc:01 526198                     /usr/local/lib/pmix/mca_gds_ds21.so
7fec63dee000-7fec63def000 r--p 00003000 fc:01 526198                     /usr/local/lib/pmix/mca_gds_ds21.so
7fec63def000-7fec63df0000 rw-p 00004000 fc:01 526198                     /usr/local/lib/pmix/mca_gds_ds21.so
7fec63df0000-7fec63dff000 r-xp 00000000 fc:01 526200                     /usr/local/lib/pmix/mca_gds_hash.so
7fec63dff000-7fec63ffe000 ---p 0000f000 fc:01 526200                     /usr/local/lib/pmix/mca_gds_hash.so
7fec63ffe000-7fec63fff000 r--p 0000e000 fc:01 526200                     /usr/local/lib/pmix/mca_gds_hash.so
7fec63fff000-7fec64000000 rw-p 0000f000 fc:01 526200                     /usr/local/lib/pmix/mca_gds_hash.so
7fec64000000-7fec64021000 rw-p 00000000 00:00 0 
7fec64021000-7fec68000000 ---p 00000000 00:00 0 
7fec68000000-7fec68021000 rw-p 00000000 00:00 0 
7fec68021000-7fec6c000000 ---p 00000000 00:00 0 
7fec6c09a000-7fec6c09d000 ---p 00000000 00:00 0 
7fec6c09d000-7fec6c19b000 rw-p 00000000 00:00 0 
7fec6c19b000-7fec6c1aa000 r-xp 00000000 fc:01 7028                       /usr/local/lib/libmca_common_dstore.so.1.0.0
7fec6c1aa000-7fec6c3a9000 ---p 0000f000 fc:01 7028                       /usr/local/lib/libmca_common_dstore.so.1.0.0
7fec6c3a9000-7fec6c3aa000 r--p 0000e000 fc:01 7028                       /usr/local/lib/libmca_common_dstore.so.1.0.0
7fec6c3aa000-7fec6c3ab000 rw-p 0000f000 fc:01 7028                       /usr/local/lib/libmca_common_dstore.so.1.0.0
7fec6c3ab000-7fec6c3af000 r-xp 00000000 fc:01 526196                     /usr/local/lib/pmix/mca_gds_ds12.so
7fec6c3af000-7fec6c5ae000 ---p 00004000 fc:01 526196                     /usr/local/lib/pmix/mca_gds_ds12.so
7fec6c5ae000-7fec6c5af000 r--p 00003000 fc:01 526196                     /usr/local/lib/pmix/mca_gds_ds12.so
7fec6c5af000-7fec6c5b0000 rw-p 00004000 fc:01 526196                     /usr/local/lib/pmix/mca_gds_ds12.so
7fec6c5b0000-7fec6c5b8000 r-xp 00000000 fc:01 526226                     /usr/local/lib/pmix/mca_ptl_usock.so
7fec6c5b8000-7fec6c7b7000 ---p 00008000 fc:01 526226                     /usr/local/lib/pmix/mca_ptl_usock.so
7fec6c7b7000-7fec6c7b8000 r--p 00007000 fc:01 526226                     /usr/local/lib/pmix/mca_ptl_usock.so
7fec6c7b8000-7fec6c7b9000 rw-p 00008000 fc:01 526226                     /usr/local/lib/pmix/mca_ptl_usock.so
7fec6c7b9000-7fec6c7ca000 r-xp 00000000 fc:01 526224                     /usr/local/lib/pmix/mca_ptl_tcp.so
7fec6c7ca000-7fec6c9c9000 ---p 00011000 fc:01 526224                     /usr/local/lib/pmix/mca_ptl_tcp.so
7fec6c9c9000-7fec6c9ca000 r--p 00010000 fc:01 526224                     /usr/local/lib/pmix/mca_ptl_tcp.so
7fec6c9ca000-7fec6c9cb000 rw-p 00011000 fc:01 526224                     /usr/local/lib/pmix/mca_ptl_tcp.so
7fec6c9cb000-7fec6c9dc000 r-xp 00000000 fc:01 526188                     /usr/local/lib/pmix/mca_bfrops_v12.so
7fec6c9dc000-7fec6cbdc000 ---p 00011000 fc:01 526188                     /usr/local/lib/pmix/mca_bfrops_v12.so
7fec6cbdc000-7fec6cbdd000 r--p 00011000 fc:01 526188                     /usr/local/lib/pmix/mca_bfrops_v12.so
7fec6cbdd000-7fec6cbde000 rw-p 00012000 fc:01 526188                     /usr/local/lib/pmix/mca_bfrops_v12.so
7fec6cbde000-7fec6cbf5000 r-xp 00000000 fc:01 526190                     /usr/local/lib/pmix/mca_bfrops_v20.so
7fec6cbf5000-7fec6cdf4000 ---p 00017000 fc:01 526190                     /usr/local/lib/pmix/mca_bfrops_v20.so
7fec6cdf4000-7fec6cdf5000 r--p 00016000 fc:01 526190                     /usr/local/lib/pmix/mca_bfrops_v20.so
7fec6cdf5000-7fec6cdf6000 rw-p 00017000 fc:01 526190                     /usr/local/lib/pmix/mca_bfrops_v20.so
7fec6cdf6000-7fec6cdfe000 r-xp 00000000 fc:01 526194                     /usr/local/lib/pmix/mca_bfrops_v3.so
7fec6cdfe000-7fec6cffd000 ---p 00008000 fc:01 526194                     /usr/local/lib/pmix/mca_bfrops_v3.so
7fec6cffd000-7fec6cffe000 r--p 00007000 fc:01 526194                     /usr/local/lib/pmix/mca_bfrops_v3.so
7fec6cffe000-7fec6cfff000 rw-p 00008000 fc:01 526194                     /usr/local/lib/pmix/mca_bfrops_v3.so
7fec6cfff000-7fec70000000 rw-p 00000000 00:00 0 
7fec70000000-7fec7009a000 rw-p 00000000 00:00 0 
7fec7009a000-7fec74000000 ---p 00000000 00:00 0 
7fec74000000-7fec74021000 rw-p 00000000 00:00 0 
7fec74021000-7fec78000000 ---p 00000000 00:00 0 
7fec78000000-7fec78021000 rw-p 00000000 00:00 0 
7fec78021000-7fec7c000000 ---p 00000000 00:00 0 
7fec7c000000-7fec7c04f000 rw-p 00000000 00:00 0 
7fec7c04f000-7fec80000000 ---p 00000000 00:00 0 
7fec80000000-7fec80021000 rw-p 00000000 00:00 0 
7fec80021000-7fec84000000 ---p 00000000 00:00 0 
7fec84000000-7fec84021000 rw-p 00000000 00:00 0 
7fec84021000-7fec88000000 ---p 00000000 00:00 0 
7fec88000000-7fec88021000 rw-p 00000000 00:00 0 
7fec88021000-7fec8c000000 ---p 00000000 00:00 0 
7fec8c0bd000-7fec8c142000 rw-s 00000000 fc:01 526899                     /tmp/ompi.openmpi-slave1.1000/jf.8274/pmix_dstor_ds21_15448/smlockseg-542244865
7fec8c142000-7fec8c149000 r-xp 00000000 fc:01 526192                     /usr/local/lib/pmix/mca_bfrops_v21.so
7fec8c149000-7fec8c349000 ---p 00007000 fc:01 526192                     /usr/local/lib/pmix/mca_bfrops_v21.so
7fec8c349000-7fec8c34a000 r--p 00007000 fc:01 526192                     /usr/local/lib/pmix/mca_bfrops_v21.so
7fec8c34a000-7fec8c34b000 rw-p 00008000 fc:01 526192                     /usr/local/lib/pmix/mca_bfrops_v21.so
7fec8c34b000-7fec8c48a000 r-xp 00000000 fc:01 526228                     /usr/local/lib/openmpi/mca_pmix_pmix3x.so
7fec8c48a000-7fec8c68a000 ---p 0013f000 fc:01 526228                     /usr/local/lib/openmpi/mca_pmix_pmix3x.so
7fec8c68a000-7fec8c68b000 r--p 0013f000 fc:01 526228                     /usr/local/lib/openmpi/mca_pmix_pmix3x.so
7fec8c68b000-7fec8c690000 rw-p 00140000 fc:01 526228                     /usr/local/lib/openmpi/mca_pmix_pmix3x.so
7fec8c690000-7fec8c693000 rw-p 00000000 00:00 0 
7fec8c696000-7fec8c698000 r-xp 00000000 fc:01 526214                     /usr/local/lib/pmix/mca_psec_native.so
7fec8c698000-7fec8c897000 ---p 00002000 fc:01 526214                     /usr/local/lib/pmix/mca_psec_native.so
7fec8c897000-7fec8c898000 r--p 00001000 fc:01 526214                     /usr/local/lib/pmix/mca_psec_native.so
7fec8c898000-7fec8c899000 rw-p 00002000 fc:01 526214                     /usr/local/lib/pmix/mca_psec_native.so
7fec8c899000-7fec8c89a000 ---p 00000000 00:00 0 
7fec8c89a000-7fec8d09a000 rw-p 00000000 00:00 0 
7fec8d09a000-7fec8d09e000 r-xp 00000000 fc:01 526266                     /usr/local/lib/openmpi/mca_ess_pmi.so
7fec8d09e000-7fec8d29d000 ---p 00004000 fc:01 526266                     /usr/local/lib/openmpi/mca_ess_pmi.so
7fec8d29d000-7fec8d29e000 r--p 00003000 fc:01 526266                     /usr/local/lib/openmpi/mca_ess_pmi.so
7fec8d29e000-7fec8d29f000 rw-p 00004000 fc:01 526266                     /usr/local/lib/openmpi/mca_ess_pmi.so
7fec8d29f000-7fec8d2a0000 r-xp 00000000 fc:01 526334                     /usr/local/lib/openmpi/mca_schizo_orte.so
7fec8d2a0000-7fec8d49f000 ---p 00001000 fc:01 526334                     /usr/local/lib/openmpi/mca_schizo_orte.so
7fec8d49f000-7fec8d4a0000 r--p 00000000 fc:01 526334                     /usr/local/lib/openmpi/mca_schizo_orte.so
7fec8d4a0000-7fec8d4a1000 rw-p 00001000 fc:01 526334                     /usr/local/lib/openmpi/mca_schizo_orte.so
7fec8d4a1000-7fec8d4a3000 r-xp 00000000 fc:01 526336                     /usr/local/lib/openmpi/mca_schizo_slurm.so
7fec8d4a3000-7fec8d6a2000 ---p 00002000 fc:01 526336                     /usr/local/lib/openmpi/mca_schizo_slurm.so
7fec8d6a2000-7fec8d6a3000 r--p 00001000 fc:01 526336                     /usr/local/lib/openmpi/mca_schizo_slurm.so
7fec8d6a3000-7fec8d6a4000 rw-p 00002000 fc:01 526336                     /usr/local/lib/openmpi/mca_schizo_slurm.so
7fec8d6a4000-7fec8d6ac000 r-xp 00000000 fc:01 526332                     /usr/local/lib/openmpi/mca_schizo_ompi.so
7fec8d6ac000-7fec8d8ab000 ---p 00008000 fc:01 526332                     /usr/local/lib/openmpi/mca_schizo_ompi.so
7fec8d8ab000-7fec8d8ac000 r--p 00007000 fc:01 526332                     /usr/local/lib/openmpi/mca_schizo_ompi.so
7fec8d8ac000-7fec8d8ae000 rw-p 00008000 fc:01 526332                     /usr/local/lib/openmpi/mca_schizo_ompi.so
7fec8d8ae000-7fec8d8af000 r-xp 00000000 fc:01 526330                     /usr/local/lib/openmpi/mca_schizo_flux.so
7fec8d8af000-7fec8daaf000 ---p 00001000 fc:01 526330                     /usr/local/lib/openmpi/mca_schizo_flux.so
7fec8daaf000-7fec8dab0000 r--p 00001000 fc:01 526330                     /usr/local/lib/openmpi/mca_schizo_flux.so
7fec8dab0000-7fec8dab1000 rw-p 00002000 fc:01 526330                     /usr/local/lib/openmpi/mca_schizo_flux.so
7fec8dab1000-7fec8dab3000 r-xp 00000000 fc:01 526234                     /usr/local/lib/openmpi/mca_reachable_weighted.so
7fec8dab3000-7fec8dcb2000 ---p 00002000 fc:01 526234                     /usr/local/lib/openmpi/mca_reachable_weighted.so
7fec8dcb2000-7fec8dcb3000 r--p 00001000 fc:01 526234                     /usr/local/lib/openmpi/mca_reachable_weighted.so
7fec8dcb3000-7fec8dcb4000 rw-p 00002000 fc:01 526234                     /usr/local/lib/openmpi/mca_reachable_weighted.so
7fec8dcb4000-7fec8dcb7000 r-xp 00000000 fc:01 526236                     /usr/local/lib/openmpi/mca_shmem_mmap.so
7fec8dcb7000-7fec8deb6000 ---p 00003000 fc:01 526236                     /usr/local/lib/openmpi/mca_shmem_mmap.so
7fec8deb6000-7fec8deb7000 r--p 00002000 fc:01 526236                     /usr/local/lib/openmpi/mca_shmem_mmap.so
7fec8deb7000-7fec8deb8000 rw-p 00003000 fc:01 526236                     /usr/local/lib/openmpi/mca_shmem_mmap.so
7fec8deb8000-7fec8deba000 r-xp 00000000 fc:01 2182                       /lib/x86_64-linux-gnu/libutil-2.27.so
7fec8deba000-7fec8e0b9000 ---p 00002000 fc:01 2182                       /lib/x86_64-linux-gnu/libutil-2.27.so
7fec8e0b9000-7fec8e0ba000 r--p 00001000 fc:01 2182                       /lib/x86_64-linux-gnu/libutil-2.27.so
7fec8e0ba000-7fec8e0bb000 rw-p 00002000 fc:01 2182                       /lib/x86_64-linux-gnu/libutil-2.27.so
7fec8e0bb000-7fec8e16e000 r-xp 00000000 fc:01 7159                       /usr/local/lib/libopen-rte.so.40.20.1
7fec8e16e000-7fec8e36d000 ---p 000b3000 fc:01 7159                       /usr/local/lib/libopen-rte.so.40.20.1
7fec8e36d000-7fec8e36f000 r--p 000b2000 fc:01 7159                       /usr/local/lib/libopen-rte.so.40.20.1
7fec8e36f000-7fec8e373000 rw-p 000b4000 fc:01 7159                       /usr/local/lib/libopen-rte.so.40.20.1
7fec8e373000-7fec8e376000 rw-p 00000000 00:00 0 
7fec8e376000-7fec8e47d000 r-xp 00000000 fc:01 4656                       /usr/local/lib/libopen-pal.so.40.20.1
7fec8e47d000-7fec8e67d000 ---p 00107000 fc:01 4656                       /usr/local/lib/libopen-pal.so.40.20.1
7fec8e67d000-7fec8e680000 r--p 00107000 fc:01 4656                       /usr/local/lib/libopen-pal.so.40.20.1
7fec8e680000-7fec8e686000 rw-p 0010a000 fc:01 4656                       /usr/local/lib/libopen-pal.so.40.20.1
7fec8e686000-7fec8e68d000 rw-p 00000000 00:00 0 
7fec8e68d000-7fec8e79a000 r-xp 00000000 fc:01 7362                       /usr/local/lib/libmpi.so.40.20.1
7fec8e79a000-7fec8e999000 ---p 0010d000 fc:01 7362                       /usr/local/lib/libmpi.so.40.20.1
7fec8e999000-7fec8e99b000 r--p 0010c000 fc:01 7362                       /usr/local/lib/libmpi.so.40.20.1
7fec8e99b000-7fec8e9ac000 rw-p 0010e000 fc:01 7362                       /usr/local/lib/libmpi.so.40.20.1
7fec8e9ac000-7fec8e9be000 rw-p 00000000 00:00 0 
7fec8e9c6000-7fec8e9c7000 r--s 00000000 fc:01 526900                     /tmp/ompi.openmpi-slave1.1000/jf.8274/pmix_dstor_ds12_15448/initial-pmix_shared-segment-0
7fec8e9c7000-7fec8e9c8000 rw-s 00000000 fc:01 526901                     /tmp/ompi.openmpi-slave1.1000/jf.8274/pmix_dstor_ds12_15448/dstore_sm.lock
7fec8e9c8000-7fec8e9f0000 r-xp 00000000 fc:01 29870                      /usr/local/lib/libmpi_java.so.40.20.0
7fec8e9f0000-7fec8ebef000 ---p 00028000 fc:01 29870                      /usr/local/lib/libmpi_java.so.40.20.0
7fec8ebef000-7fec8ebf0000 r--p 00027000 fc:01 29870                      /usr/local/lib/libmpi_java.so.40.20.0
7fec8ebf0000-7fec8ebf1000 rw-p 00028000 fc:01 29870                      /usr/local/lib/libmpi_java.so.40.20.0
7fec8ebf1000-7fec8ec0e000 r--s 00142000 00:34 527719                     /home/mpiuser/cloud/fyp/java_client/lib/spring-web-5.2.5.RELEASE.jar
7fec8ec0e000-7fec8ec1b000 r--s 00090000 00:34 527704                     /home/mpiuser/cloud/fyp/java_client/lib/amqp-client-5.8.0.jar
7fec8ec1b000-7fec8ec30000 r--s 00142000 00:34 527710                     /home/mpiuser/cloud/fyp/java_client/lib/jackson-databind-2.10.2.jar
7fec8ec30000-7fec8ec45000 r--s 00142000 00:34 527711                     /home/mpiuser/cloud/fyp/java_client/lib/jackson-databind-2.10.3.jar
7fec8ec45000-7fec8ec5c000 r-xp 00000000 fc:01 2079070                    /usr/lib/jvm/java-8-openjdk-amd64/jre/lib/amd64/libnet.so
7fec8ec5c000-7fec8ee5b000 ---p 00017000 fc:01 2079070                    /usr/lib/jvm/java-8-openjdk-amd64/jre/lib/amd64/libnet.so
7fec8ee5b000-7fec8ee5c000 r--p 00016000 fc:01 2079070                    /usr/lib/jvm/java-8-openjdk-amd64/jre/lib/amd64/libnet.so
7fec8ee5c000-7fec8ee5d000 rw-p 00017000 fc:01 2079070                    /usr/lib/jvm/java-8-openjdk-amd64/jre/lib/amd64/libnet.so
7fec8ee5d000-7fec8ee6e000 r-xp 00000000 fc:01 2079071                    /usr/lib/jvm/java-8-openjdk-amd64/jre/lib/amd64/libnio.so
7fec8ee6e000-7fec8f06e000 ---p 00011000 fc:01 2079071                    /usr/lib/jvm/java-8-openjdk-amd64/jre/lib/amd64/libnio.so
7fec8f06e000-7fec8f06f000 r--p 00011000 fc:01 2079071                    /usr/lib/jvm/java-8-openjdk-amd64/jre/lib/amd64/libnio.so
7fec8f06f000-7fec8f070000 rw-p 00012000 fc:01 2079071                    /usr/lib/jvm/java-8-openjdk-amd64/jre/lib/amd64/libnio.so
7fec8f070000-7fec8f08b000 r--s 001d6000 fc:01 2079097                    /usr/lib/jvm/java-8-openjdk-amd64/jre/lib/ext/nashorn.jar
7fec8f08b000-7fec8f0a6000 r--s 00394000 fc:01 2079092                    /usr/lib/jvm/java-8-openjdk-amd64/jre/lib/ext/cldrdata.jar
7fec8f0a6000-7fec8f0a7000 ---p 00000000 00:00 0 
7fec8f0a7000-7fec8f1a7000 rw-p 00000000 00:00 0 
7fec8f1a7000-7fec8f1aa000 ---p 00000000 00:00 0 
7fec8f1aa000-7fec8f2a8000 rw-p 00000000 00:00 0 
7fec8f2a8000-7fec8f2a9000 ---p 00000000 00:00 0 
7fec8f2a9000-7fec8f2ac000 ---p 00000000 00:00 0 
7fec8f2ac000-7fec8f3a9000 rw-p 00000000 00:00 0 
7fec8f3a9000-7fec8f3aa000 ---p 00000000 00:00 0 
7fec8f3aa000-7fec8f3ad000 ---p 00000000 00:00 0 
7fec8f3ad000-7fec8f4aa000 rw-p 00000000 00:00 0 
7fec8f4aa000-7fec8f4ad000 ---p 00000000 00:00 0 
7fec8f4ad000-7fec8f5ab000 rw-p 00000000 00:00 0 
7fec8f5ab000-7fec8f5dc000 r--p 00000000 fc:01 7802                       /usr/lib/locale/C.UTF-8/LC_CTYPE
7fec8f5dc000-7fec8f74f000 r--p 00000000 fc:01 7801                       /usr/lib/locale/C.UTF-8/LC_COLLATE
7fec8f74f000-7fec8f8ea000 r--p 00000000 fc:01 7796                       /usr/lib/locale/locale-archive
7fec8f8ea000-7fec8f8ed000 ---p 00000000 00:00 0 
7fec8f8ed000-7fec8f9eb000 rw-p 00000000 00:00 0 
7fec8f9eb000-7fec8f9ee000 ---p 00000000 00:00 0 
7fec8f9ee000-7fec8faec000 rw-p 00000000 00:00 0 
7fec8faec000-7fec8faed000 ---p 00000000 00:00 0 
7fec8faed000-7fec8fc3b000 rw-p 00000000 00:00 0 
7fec8fc3b000-7fec8fe0b000 r--s 03c68000 fc:01 2079121                    /usr/lib/jvm/java-8-openjdk-amd64/jre/lib/rt.jar
7fec8fe0b000-7fec9028b000 rw-p 00000000 00:00 0 
7fec9028b000-7fec9060b000 ---p 00000000 00:00 0 
7fec9060b000-7fec90615000 rw-p 00000000 00:00 0 
7fec90615000-7fec909cb000 ---p 00000000 00:00 0 
7fec909cb000-7fec90c3b000 rwxp 00000000 00:00 0 
7fec90c3b000-7fec9f9cb000 ---p 00000000 00:00 0 
7fec9f9cb000-7fec9f9d3000 r-xp 00000000 fc:01 2079078                    /usr/lib/jvm/java-8-openjdk-amd64/jre/lib/amd64/libzip.so
7fec9f9d3000-7fec9fbd2000 ---p 00008000 fc:01 2079078                    /usr/lib/jvm/java-8-openjdk-amd64/jre/lib/amd64/libzip.so
7fec9fbd2000-7fec9fbd3000 r--p 00007000 fc:01 2079078                    /usr/lib/jvm/java-8-openjdk-amd64/jre/lib/amd64/libzip.so
7fec9fbd3000-7fec9fbd4000 rw-p 00008000 fc:01 2079078                    /usr/lib/jvm/java-8-openjdk-amd64/jre/lib/amd64/libzip.so
7fec9fbd4000-7fec9fbdf000 r-xp 00000000 fc:01 2093                       /lib/x86_64-linux-gnu/libnss_files-2.27.so
7fec9fbdf000-7fec9fdde000 ---p 0000b000 fc:01 2093                       /lib/x86_64-linux-gnu/libnss_files-2.27.so
7fec9fdde000-7fec9fddf000 r--p 0000a000 fc:01 2093                       /lib/x86_64-linux-gnu/libnss_files-2.27.so
7fec9fddf000-7fec9fde0000 rw-p 0000b000 fc:01 2093                       /lib/x86_64-linux-gnu/libnss_files-2.27.so
7fec9fde0000-7fec9fde6000 rw-p 00000000 00:00 0 
7fec9fde6000-7fec9fdfd000 r-xp 00000000 fc:01 2090                       /lib/x86_64-linux-gnu/libnsl-2.27.so
7fec9fdfd000-7fec9fffc000 ---p 00017000 fc:01 2090                       /lib/x86_64-linux-gnu/libnsl-2.27.so
7fec9fffc000-7fec9fffd000 r--p 00016000 fc:01 2090                       /lib/x86_64-linux-gnu/libnsl-2.27.so
7fec9fffd000-7fec9fffe000 rw-p 00017000 fc:01 2090                       /lib/x86_64-linux-gnu/libnsl-2.27.so
7fec9fffe000-7feca0000000 rw-p 00000000 00:00 0 
7feca0000000-7feca0277000 rw-p 00000000 00:00 0 
7feca0277000-7feca4000000 ---p 00000000 00:00 0 
7feca4000000-7feca4001000 r--s 0000f000 00:34 527712                     /home/mpiuser/cloud/fyp/java_client/lib/mpi.jar
7feca4001000-7feca4004000 r--s 0000e000 00:34 527707                     /home/mpiuser/cloud/fyp/java_client/lib/jackson-annotations-2.10.3.jar
7feca4004000-7feca4005000 r--s 00003000 00:34 527715                     /home/mpiuser/cloud/fyp/java_client/lib/slf4j-simple-1.7.30.jar
7feca4005000-7feca4006000 r--s 00005000 00:34 527718                     /home/mpiuser/cloud/fyp/java_client/lib/spring-jcl-5.2.5.RELEASE.jar
7feca4006000-7feca400a000 r--s 0003a000 fc:01 2079100                    /usr/lib/jvm/java-8-openjdk-amd64/jre/lib/ext/sunpkcs11.jar
7feca400a000-7feca400f000 r--s 0003d000 fc:01 2079099                    /usr/lib/jvm/java-8-openjdk-amd64/jre/lib/ext/sunjce_provider.jar
7feca400f000-7feca4010000 r--s 00010000 fc:01 2079101                    /usr/lib/jvm/java-8-openjdk-amd64/jre/lib/ext/zipfs.jar
7feca4010000-7feca4011000 r--s 0000a000 fc:01 2079095                    /usr/lib/jvm/java-8-openjdk-amd64/jre/lib/ext/jaccess.jar
7feca4011000-7feca4013000 r--s 00007000 fc:01 29704                      /usr/share/java/java-atk-wrapper.jar
7feca4013000-7feca410c000 rw-p 00000000 00:00 0 
7feca410c000-7feca4117000 r-xp 00000000 fc:01 2095                       /lib/x86_64-linux-gnu/libnss_nis-2.27.so
7feca4117000-7feca4316000 ---p 0000b000 fc:01 2095                       /lib/x86_64-linux-gnu/libnss_nis-2.27.so
7feca4316000-7feca4317000 r--p 0000a000 fc:01 2095                       /lib/x86_64-linux-gnu/libnss_nis-2.27.so
7feca4317000-7feca4318000 rw-p 0000b000 fc:01 2095                       /lib/x86_64-linux-gnu/libnss_nis-2.27.so
7feca4318000-7feca4320000 r-xp 00000000 fc:01 2091                       /lib/x86_64-linux-gnu/libnss_compat-2.27.so
7feca4320000-7feca4520000 ---p 00008000 fc:01 2091                       /lib/x86_64-linux-gnu/libnss_compat-2.27.so
7feca4520000-7feca4521000 r--p 00008000 fc:01 2091                       /lib/x86_64-linux-gnu/libnss_compat-2.27.so
7feca4521000-7feca4522000 rw-p 00009000 fc:01 2091                       /lib/x86_64-linux-gnu/libnss_compat-2.27.so
7feca4522000-7feca454c000 r-xp 00000000 fc:01 2079059                    /usr/lib/jvm/java-8-openjdk-amd64/jre/lib/amd64/libjava.so
7feca454c000-7feca474b000 ---p 0002a000 fc:01 2079059                    /usr/lib/jvm/java-8-openjdk-amd64/jre/lib/amd64/libjava.so
7feca474b000-7feca474c000 r--p 00029000 fc:01 2079059                    /usr/lib/jvm/java-8-openjdk-amd64/jre/lib/amd64/libjava.so
7feca474c000-7feca474e000 rw-p 0002a000 fc:01 2079059                    /usr/lib/jvm/java-8-openjdk-amd64/jre/lib/amd64/libjava.so
7feca474e000-7feca475e000 r-xp 00000000 fc:01 2079077                    /usr/lib/jvm/java-8-openjdk-amd64/jre/lib/amd64/libverify.so
7feca475e000-7feca495d000 ---p 00010000 fc:01 2079077                    /usr/lib/jvm/java-8-openjdk-amd64/jre/lib/amd64/libverify.so
7feca495d000-7feca495f000 r--p 0000f000 fc:01 2079077                    /usr/lib/jvm/java-8-openjdk-amd64/jre/lib/amd64/libverify.so
7feca495f000-7feca4960000 rw-p 00011000 fc:01 2079077                    /usr/lib/jvm/java-8-openjdk-amd64/jre/lib/amd64/libverify.so
7feca4960000-7feca4967000 r-xp 00000000 fc:01 2180                       /lib/x86_64-linux-gnu/librt-2.27.so
7feca4967000-7feca4b66000 ---p 00007000 fc:01 2180                       /lib/x86_64-linux-gnu/librt-2.27.so
7feca4b66000-7feca4b67000 r--p 00006000 fc:01 2180                       /lib/x86_64-linux-gnu/librt-2.27.so
7feca4b67000-7feca4b68000 rw-p 00007000 fc:01 2180                       /lib/x86_64-linux-gnu/librt-2.27.so
7feca4b68000-7feca4b7f000 r-xp 00000000 fc:01 19131                      /lib/x86_64-linux-gnu/libgcc_s.so.1
7feca4b7f000-7feca4d7e000 ---p 00017000 fc:01 19131                      /lib/x86_64-linux-gnu/libgcc_s.so.1
7feca4d7e000-7feca4d7f000 r--p 00016000 fc:01 19131                      /lib/x86_64-linux-gnu/libgcc_s.so.1
7feca4d7f000-7feca4d80000 rw-p 00017000 fc:01 19131                      /lib/x86_64-linux-gnu/libgcc_s.so.1
7feca4d80000-7feca4f1d000 r-xp 00000000 fc:01 2087                       /lib/x86_64-linux-gnu/libm-2.27.so
7feca4f1d000-7feca511c000 ---p 0019d000 fc:01 2087                       /lib/x86_64-linux-gnu/libm-2.27.so
7feca511c000-7feca511d000 r--p 0019c000 fc:01 2087                       /lib/x86_64-linux-gnu/libm-2.27.so
7feca511d000-7feca511e000 rw-p 0019d000 fc:01 2087                       /lib/x86_64-linux-gnu/libm-2.27.so
7feca511e000-7feca5297000 r-xp 00000000 fc:01 7835                       /usr/lib/x86_64-linux-gnu/libstdc++.so.6.0.25
7feca5297000-7feca5497000 ---p 00179000 fc:01 7835                       /usr/lib/x86_64-linux-gnu/libstdc++.so.6.0.25
7feca5497000-7feca54a1000 r--p 00179000 fc:01 7835                       /usr/lib/x86_64-linux-gnu/libstdc++.so.6.0.25
7feca54a1000-7feca54a3000 rw-p 00183000 fc:01 7835                       /usr/lib/x86_64-linux-gnu/libstdc++.so.6.0.25
7feca54a3000-7feca54a7000 rw-p 00000000 00:00 0 
7feca54a7000-7feca614a000 r-xp 00000000 fc:01 2079081                    /usr/lib/jvm/java-8-openjdk-amd64/jre/lib/amd64/server/libjvm.so
7feca614a000-7feca634a000 ---p 00ca3000 fc:01 2079081                    /usr/lib/jvm/java-8-openjdk-amd64/jre/lib/amd64/server/libjvm.so
7feca634a000-7feca63de000 r--p 00ca3000 fc:01 2079081                    /usr/lib/jvm/java-8-openjdk-amd64/jre/lib/amd64/server/libjvm.so
7feca63de000-7feca6407000 rw-p 00d37000 fc:01 2079081                    /usr/lib/jvm/java-8-openjdk-amd64/jre/lib/amd64/server/libjvm.so
7feca6407000-7feca6437000 rw-p 00000000 00:00 0 
7feca6437000-7feca6451000 r-xp 00000000 fc:01 2178                       /lib/x86_64-linux-gnu/libpthread-2.27.so
7feca6451000-7feca6650000 ---p 0001a000 fc:01 2178                       /lib/x86_64-linux-gnu/libpthread-2.27.so
7feca6650000-7feca6651000 r--p 00019000 fc:01 2178                       /lib/x86_64-linux-gnu/libpthread-2.27.so
7feca6651000-7feca6652000 rw-p 0001a000 fc:01 2178                       /lib/x86_64-linux-gnu/libpthread-2.27.so
7feca6652000-7feca6656000 rw-p 00000000 00:00 0 
7feca6656000-7feca6659000 r-xp 00000000 fc:01 2086                       /lib/x86_64-linux-gnu/libdl-2.27.so
7feca6659000-7feca6858000 ---p 00003000 fc:01 2086                       /lib/x86_64-linux-gnu/libdl-2.27.so
7feca6858000-7feca6859000 r--p 00002000 fc:01 2086                       /lib/x86_64-linux-gnu/libdl-2.27.so
7feca6859000-7feca685a000 rw-p 00003000 fc:01 2086                       /lib/x86_64-linux-gnu/libdl-2.27.so
7feca685a000-7feca6876000 r-xp 00000000 fc:01 2183                       /lib/x86_64-linux-gnu/libz.so.1.2.11
7feca6876000-7feca6a75000 ---p 0001c000 fc:01 2183                       /lib/x86_64-linux-gnu/libz.so.1.2.11
7feca6a75000-7feca6a76000 r--p 0001b000 fc:01 2183                       /lib/x86_64-linux-gnu/libz.so.1.2.11
7feca6a76000-7feca6a77000 rw-p 0001c000 fc:01 2183                       /lib/x86_64-linux-gnu/libz.so.1.2.11
7feca6a77000-7feca6c5e000 r-xp 00000000 fc:01 2083                       /lib/x86_64-linux-gnu/libc-2.27.so
7feca6c5e000-7feca6e5e000 ---p 001e7000 fc:01 2083                       /lib/x86_64-linux-gnu/libc-2.27.so
7feca6e5e000-7feca6e62000 r--p 001e7000 fc:01 2083                       /lib/x86_64-linux-gnu/libc-2.27.so
7feca6e62000-7feca6e64000 rw-p 001eb000 fc:01 2083                       /lib/x86_64-linux-gnu/libc-2.27.so
7feca6e64000-7feca6e68000 rw-p 00000000 00:00 0 
7feca6e68000-7feca6e76000 r-xp 00000000 fc:01 2079045                    /usr/lib/jvm/java-8-openjdk-amd64/jre/lib/amd64/jli/libjli.so
7feca6e76000-7feca7075000 ---p 0000e000 fc:01 2079045                    /usr/lib/jvm/java-8-openjdk-amd64/jre/lib/amd64/jli/libjli.so
7feca7075000-7feca7076000 r--p 0000d000 fc:01 2079045                    /usr/lib/jvm/java-8-openjdk-amd64/jre/lib/amd64/jli/libjli.so
7feca7076000-7feca7077000 rw-p 0000e000 fc:01 2079045                    /usr/lib/jvm/java-8-openjdk-amd64/jre/lib/amd64/jli/libjli.so
7feca7077000-7feca709e000 r-xp 00000000 fc:01 2079                       /lib/x86_64-linux-gnu/ld-2.27.so
7feca709e000-7feca709f000 r--s 0000d000 fc:01 2079098                    /usr/lib/jvm/java-8-openjdk-amd64/jre/lib/ext/sunec.jar
7feca709f000-7feca70a1000 r--s 00001000 fc:01 2079093                    /usr/lib/jvm/java-8-openjdk-amd64/jre/lib/ext/dnsns.jar
7feca70a1000-7feca70a4000 r--s 0000f000 fc:01 2079094                    /usr/lib/jvm/java-8-openjdk-amd64/jre/lib/ext/icedtea-sound.jar
7feca70a4000-7feca70ae000 r--s 00116000 fc:01 2079096                    /usr/lib/jvm/java-8-openjdk-amd64/jre/lib/ext/localedata.jar
7feca70ae000-7feca70af000 r--p 00000000 fc:01 7807                       /usr/lib/locale/C.UTF-8/LC_NUMERIC
7feca70af000-7feca70b0000 r--p 00000000 fc:01 7810                       /usr/lib/locale/C.UTF-8/LC_TIME
7feca70b0000-7feca70b1000 r--p 00000000 fc:01 7805                       /usr/lib/locale/C.UTF-8/LC_MONETARY
7feca70b1000-7feca70b2000 r--p 00000000 fc:01 7799                       /usr/lib/locale/C.UTF-8/LC_MESSAGES/SYS_LC_MESSAGES
7feca70b2000-7feca70b3000 r--p 00000000 fc:01 7808                       /usr/lib/locale/C.UTF-8/LC_PAPER
7feca70b3000-7feca70b4000 r--p 00000000 fc:01 7806                       /usr/lib/locale/C.UTF-8/LC_NAME
7feca70b4000-7feca70b5000 r--p 00000000 fc:01 7800                       /usr/lib/locale/C.UTF-8/LC_ADDRESS
7feca70b5000-7feca70b6000 r--p 00000000 fc:01 7809                       /usr/lib/locale/C.UTF-8/LC_TELEPHONE
7feca70b6000-7feca70b7000 r--p 00000000 fc:01 7804                       /usr/lib/locale/C.UTF-8/LC_MEASUREMENT
7feca70b7000-7feca70be000 r--s 00000000 fc:01 5010                       /usr/lib/x86_64-linux-gnu/gconv/gconv-modules.cache
7feca70be000-7feca70bf000 r--p 00000000 fc:01 7803                       /usr/lib/locale/C.UTF-8/LC_IDENTIFICATION
7feca70bf000-7feca70c5000 rw-p 00000000 00:00 0 
7feca70c5000-7feca7112000 ---p 00000000 00:00 0 
7feca7112000-7feca7115000 rw-p 00000000 00:00 0 
7feca7115000-7feca713b000 ---p 00000000 00:00 0 
7feca713b000-7feca7141000 rw-p 00000000 00:00 0 
7feca7141000-7feca718e000 ---p 00000000 00:00 0 
7feca718e000-7feca718f000 rw-p 00000000 00:00 0 
7feca718f000-7feca7190000 ---p 00000000 00:00 0 
7feca7190000-7feca7193000 ---p 00000000 00:00 0 
7feca7193000-7feca7292000 rw-p 00000000 00:00 0 
7feca7292000-7feca729a000 rw-s 00000000 fc:01 526919                     /tmp/hsperfdata_mpiuser/16365
7feca729a000-7feca729b000 rw-p 00000000 00:00 0 
7feca729b000-7feca729c000 r--p 00000000 00:00 0 
7feca729c000-7feca729e000 rw-p 00000000 00:00 0 
7feca729e000-7feca729f000 r--p 00027000 fc:01 2079                       /lib/x86_64-linux-gnu/ld-2.27.so
7feca729f000-7feca72a0000 rw-p 00028000 fc:01 2079                       /lib/x86_64-linux-gnu/ld-2.27.so
7feca72a0000-7feca72a1000 rw-p 00000000 00:00 0 
7ffc96940000-7ffc96961000 rw-p 00000000 00:00 0                          [stack]
7ffc96975000-7ffc96978000 r--p 00000000 00:00 0                          [vvar]
7ffc96978000-7ffc9697a000 r-xp 00000000 00:00 0                          [vdso]
ffffffffff600000-ffffffffff601000 r-xp 00000000 00:00 0                  [vsyscall]

VM Arguments:
jvm_args: -Djava.library.path=/usr/local/lib 
java_command: Client 1000000 100 0
java_class_path (initial): /home/mpiuser/cloud/fyp/java_client:./lib/spring-jcl-5.2.5.RELEASE.jar:./lib/jackson-databind-2.10.3.jar:./lib/jackson-databind-2.10.2.jar:./lib/slf4j-simple-1.7.30.jar:./lib/amqp-client-5.8.0.jar:./lib/spring-web-5.2.5.RELEASE.jar:./lib/jackson-annotations-2.10.3.jar:./lib/mpi.jar:./lib/spring-beans-5.2.5.RELEASE.jar:./lib/jackson-annotations-2.10.2.jar:./lib/jackson-core-2.10.2.jar:./lib/jackson-core-2.10.3.jar:./lib/slf4j-api-1.7.29.jar:./lib/spring-core-5.2.5.RELEASE.jar:./lib/slf4j-api-1.7.30.jar:./lib/http-client-3.6.1.RELEASE.jar:/usr/local/lib/mpi.jar
Launcher Type: SUN_STANDARD

Environment Variables:
PATH=/usr/local/sbin:/usr/local/bin:/usr/sbin:/usr/bin:/sbin:/bin:/usr/games:/usr/local/games
SHELL=/bin/bash

Signal Handlers:
SIGSEGV: [libjvm.so+0xabc3b0], sa_mask[0]=11111111011111111101111111111110, sa_flags=SA_RESTART|SA_SIGINFO
SIGBUS: [libjvm.so+0xabc3b0], sa_mask[0]=11111111011111111101111111111110, sa_flags=SA_RESTART|SA_SIGINFO
SIGFPE: [libjvm.so+0x8f0bb0], sa_mask[0]=11111111011111111101111111111110, sa_flags=SA_RESTART|SA_SIGINFO
SIGPIPE: [libjvm.so+0x8f0bb0], sa_mask[0]=11111111011111111101111111111110, sa_flags=SA_RESTART|SA_SIGINFO
SIGXFSZ: [libjvm.so+0x8f0bb0], sa_mask[0]=11111111011111111101111111111110, sa_flags=SA_RESTART|SA_SIGINFO
SIGILL: [libjvm.so+0x8f0bb0], sa_mask[0]=11111111011111111101111111111110, sa_flags=SA_RESTART|SA_SIGINFO
SIGUSR1: SIG_DFL, sa_mask[0]=00000000000000000000000000000000, sa_flags=none
SIGUSR2: [libjvm.so+0x8f0a60], sa_mask[0]=00000000000000000000000000000000, sa_flags=SA_RESTART|SA_SIGINFO
SIGHUP: [libjvm.so+0x8f10d0], sa_mask[0]=11111111011111111101111111111110, sa_flags=SA_RESTART|SA_SIGINFO
SIGINT: [libjvm.so+0x8f10d0], sa_mask[0]=11111111011111111101111111111110, sa_flags=SA_RESTART|SA_SIGINFO
SIGTERM: [libjvm.so+0x8f10d0], sa_mask[0]=11111111011111111101111111111110, sa_flags=SA_RESTART|SA_SIGINFO
SIGQUIT: [libjvm.so+0x8f10d0], sa_mask[0]=11111111011111111101111111111110, sa_flags=SA_RESTART|SA_SIGINFO


---------------  S Y S T E M  ---------------

OS:DISTRIB_ID=Ubuntu
DISTRIB_RELEASE=18.04
DISTRIB_CODENAME=bionic
DISTRIB_DESCRIPTION="Ubuntu 18.04.3 LTS"

uname:Linux 4.15.0-66-generic #75-Ubuntu SMP Tue Oct 1 05:24:09 UTC 2019 x86_64
libc:glibc 2.27 NPTL 2.27 
rlimit: STACK 8192k, CORE 0k, NPROC 3841, NOFILE 1048576, AS infinity
load average:96.10 24.16 8.09

/proc/meminfo:
MemTotal:        1008808 kB
MemFree:          217128 kB
MemAvailable:     211492 kB
Buffers:            5104 kB
Cached:            50236 kB
SwapCached:            0 kB
Active:           580076 kB
Inactive:          13392 kB
Active(anon):     538588 kB
Inactive(anon):      184 kB
Active(file):      41488 kB
Inactive(file):    13208 kB
Unevictable:           0 kB
Mlocked:               0 kB
SwapTotal:             0 kB
SwapFree:              0 kB
Dirty:              2900 kB
Writeback:             0 kB
AnonPages:        537972 kB
Mapped:            33448 kB
Shmem:               660 kB
Slab:             131412 kB
SReclaimable:      76708 kB
SUnreclaim:        54704 kB
KernelStack:        8744 kB
PageTables:        21396 kB
NFS_Unstable:          0 kB
Bounce:                0 kB
WritebackTmp:          0 kB
CommitLimit:      504404 kB
Committed_AS:    3962108 kB
VmallocTotal:   34359738367 kB
VmallocUsed:           0 kB
VmallocChunk:          0 kB
HardwareCorrupted:     0 kB
AnonHugePages:         0 kB
ShmemHugePages:        0 kB
ShmemPmdMapped:        0 kB
CmaTotal:              0 kB
CmaFree:               0 kB
HugePages_Total:       0
HugePages_Free:        0
HugePages_Rsvd:        0
HugePages_Surp:        0
Hugepagesize:       2048 kB
DirectMap4k:      292844 kB
DirectMap2M:      755712 kB
DirectMap1G:           0 kB

container (cgroup) information:
container_type: cgroupv1
cpu_cpuset_cpus: 0-2
cpu_memory_nodes: 0
active_processor_count: 3
cpu_quota: -1
cpu_period: 100000
cpu_shares: -1
memory_limit_in_bytes: -1
memory_and_swap_limit_in_bytes: -2
memory_soft_limit_in_bytes: -1
memory_usage_in_bytes: 651956224
memory_max_usage_in_bytes: 863526912


CPU:total 3 (initial active 3) (1 cores per cpu, 1 threads per core) family 6 model 85 stepping 4, cmov, cx8, fxsr, mmx, sse, sse2, sse3, ssse3, sse4.1, sse4.2, popcnt, avx, avx2, aes, clmul, erms, 3dnowpref, lzcnt, tsc, bmi1, bmi2, adx

/proc/cpuinfo:
processor	: 0
vendor_id	: GenuineIntel
cpu family	: 6
model		: 85
model name	: Intel(R) Xeon(R) Gold 6140 CPU @ 2.30GHz
stepping	: 4
microcode	: 0x1
cpu MHz		: 2294.608
cache size	: 4096 KB
physical id	: 0
siblings	: 1
core id		: 0
cpu cores	: 1
apicid		: 0
initial apicid	: 0
fpu		: yes
fpu_exception	: yes
cpuid level	: 13
wp		: yes
flags		: fpu vme de pse tsc msr pae mce cx8 apic sep mtrr pge mca cmov pat pse36 clflush mmx fxsr sse sse2 ss syscall nx pdpe1gb rdtscp lm constant_tsc arch_perfmon rep_good nopl cpuid tsc_known_freq pni pclmulqdq vmx ssse3 fma cx16 pcid sse4_1 sse4_2 x2apic movbe popcnt tsc_deadline_timer aes xsave avx f16c rdrand hypervisor lahf_lm abm 3dnowprefetch cpuid_fault invpcid_single pti ssbd ibrs ibpb tpr_shadow vnmi flexpriority ept vpid fsgsbase tsc_adjust bmi1 avx2 smep bmi2 erms invpcid mpx avx512f avx512dq rdseed adx smap clflushopt clwb avx512cd avx512bw avx512vl xsaveopt xsavec xgetbv1 pku ospke md_clear
bugs		: cpu_meltdown spectre_v1 spectre_v2 spec_store_bypass l1tf mds swapgs
bogomips	: 4589.21
clflush size	: 64
cache_alignment	: 64
address sizes	: 40 bits physical, 48 bits virtual
power management:

processor	: 1
vendor_id	: GenuineIntel
cpu family	: 6
model		: 85
model name	: Intel(R) Xeon(R) Gold 6140 CPU @ 2.30GHz
stepping	: 4
microcode	: 0x1
cpu MHz		: 2294.608
cache size	: 4096 KB
physical id	: 1
siblings	: 1
core id		: 0
cpu cores	: 1
apicid		: 1
initial apicid	: 1
fpu		: yes
fpu_exception	: yes
cpuid level	: 13
wp		: yes
flags		: fpu vme de pse tsc msr pae mce cx8 apic sep mtrr pge mca cmov pat pse36 clflush mmx fxsr sse sse2 ss syscall nx pdpe1gb rdtscp lm constant_tsc arch_perfmon rep_good nopl cpuid tsc_known_freq pni pclmulqdq vmx ssse3 fma cx16 pcid sse4_1 sse4_2 x2apic movbe popcnt tsc_deadline_timer aes xsave avx f16c rdrand hypervisor lahf_lm abm 3dnowprefetch cpuid_fault invpcid_single pti ssbd ibrs ibpb tpr_shadow vnmi flexpriority ept vpid fsgsbase tsc_adjust bmi1 avx2 smep bmi2 erms invpcid mpx avx512f avx512dq rdseed adx smap clflushopt clwb avx512cd avx512bw avx512vl xsaveopt xsavec xgetbv1 pku ospke md_clear
bugs		: cpu_meltdown spectre_v1 spectre_v2 spec_store_bypass l1tf mds swapgs
bogomips	: 4589.21
clflush size	: 64
cache_alignment	: 64
address sizes	: 40 bits physical, 48 bits virtual
power management:

processor	: 2
vendor_id	: GenuineIntel
cpu family	: 6
model		: 85
model name	: Intel(R) Xeon(R) Gold 6140 CPU @ 2.30GHz
stepping	: 4
microcode	: 0x1
cpu MHz		: 2294.608
cache size	: 4096 KB
physical id	: 2
siblings	: 1
core id		: 0
cpu cores	: 1
apicid		: 2
initial apicid	: 2
fpu		: yes
fpu_exception	: yes
cpuid level	: 13
wp		: yes
flags		: fpu vme de pse tsc msr pae mce cx8 apic sep mtrr pge mca cmov pat pse36 clflush mmx fxsr sse sse2 ss syscall nx pdpe1gb rdtscp lm constant_tsc arch_perfmon rep_good nopl cpuid tsc_known_freq pni pclmulqdq vmx ssse3 fma cx16 pcid sse4_1 sse4_2 x2apic movbe popcnt tsc_deadline_timer aes xsave avx f16c rdrand hypervisor lahf_lm abm 3dnowprefetch cpuid_fault invpcid_single pti ssbd ibrs ibpb tpr_shadow vnmi flexpriority ept vpid fsgsbase tsc_adjust bmi1 avx2 smep bmi2 erms invpcid mpx avx512f avx512dq rdseed adx smap clflushopt clwb avx512cd avx512bw avx512vl xsaveopt xsavec xgetbv1 pku ospke md_clear
bugs		: cpu_meltdown spectre_v1 spectre_v2 spec_store_bypass l1tf mds swapgs
bogomips	: 4589.21
clflush size	: 64
cache_alignment	: 64
address sizes	: 40 bits physical, 48 bits virtual
power management:



Memory: 4k page, physical 1008808k(200912k free), swap 0k(0k free)

vm_info: OpenJDK 64-Bit Server VM (25.242-b08) for linux-amd64 JRE (1.8.0_242-8u242-b08-0ubuntu3~18.04-b08), built on Jan 17 2020 23:41:21 by "buildd" with gcc 7.4.0

time: Mon Apr  6 11:40:29 2020
timezone: UTC
elapsed time: 2 seconds (0d 0h 0m 2s)

