#
# A fatal error has been detected by the Java Runtime Environment:
#
#  SIGSEGV (0xb) at pc=0x00007fdd4efa117c, pid=5146, tid=0x00007fdd8e8f8700
#
# JRE version: OpenJDK Runtime Environment (8.0_242-b08) (build 1.8.0_242-8u242-b08-0ubuntu3~18.04-b08)
# Java VM: OpenJDK 64-Bit Server VM (25.242-b08 mixed mode linux-amd64 compressed oops)
# Problematic frame:
# C  [mca_gds_ds21.so+0x217c]  pmix_gds_ds21_lock_init+0x13c
#
# Failed to write core dump. Core dumps have been disabled. To enable core dumping, try "ulimit -c unlimited" before starting Java again
#
# If you would like to submit a bug report, please visit:
#   http://bugreport.java.com/bugreport/crash.jsp
# The crash happened outside the Java Virtual Machine in native code.
# See problematic frame for where to report the bug.
#

---------------  T H R E A D  ---------------

Current thread (0x00007fdd8800b800):  JavaThread "main" [_thread_in_native, id=5165, stack(0x00007fdd8e7f9000,0x00007fdd8e8f9000)]

siginfo: si_signo: 11 (SIGSEGV), si_code: 1 (SEGV_MAPERR), si_addr: 0x00007fdd7602e008

Registers:
RAX=0x00007fdd8826d770, RBX=0x00007fdd8826d6e0, RCX=0x00007fdd4f3c619e, RDX=0x00007fff5aa3bcb3
RSP=0x00007fdd8e8f66a0, RBP=0x00007fdd8826d690, RSI=0x0000000000085000, RDI=0x0000000000000000
R8 =0x000000000000001e, R9 =0x0000000000000000, R10=0x0000000000000001, R11=0x0000000000000000
R12=0x00007fdd7602e000, R13=0x00007fdd8826d2e8, R14=0x0000000000001000, R15=0x00007fdd4f1a3240
RIP=0x00007fdd4efa117c, EFLAGS=0x0000000000010202, CSGSFS=0x002b000000000033, ERR=0x0000000000000004
  TRAPNO=0x000000000000000e

Top of Stack: (sp=0x00007fdd8e8f66a0)
0x00007fdd8e8f66a0:   00007fdd8826d360 00007fdd8826d640
0x00007fdd8e8f66b0:   00007fff5aa3bcb3 0000000000085000
0x00007fdd8e8f66c0:   0000000000001000 00000000000003e8
0x00007fdd8e8f66d0:   00007fdd8826d6e8 00007fdd8e1772ed
0x00007fdd8e8f66e0:   00007fdd8826d330 2da642619ef7ea00
0x00007fdd8e8f66f0:   0000000000000000 00007fdd8826d010
0x00007fdd8e8f6700:   0000000000000000 00007fff5aa3bcb3
0x00007fdd8e8f6710:   0000000000000000 00007fdd8826d2c0
0x00007fdd8e8f6720:   00007fdd8826d280 00007fdd4f3c0cd9
0x00007fdd8e8f6730:   00007fdd4efa1cdb 00007fdd8e8f67c0
0x00007fdd8e8f6740:   00007fdd742eb8d3 0000001500000040
0x00007fdd8e8f6750:   00007fdd88268960 2da642619ef7ea00
0x00007fdd8e8f6760:   00007fdd745110a0 00007fdd88268470
0x00007fdd8e8f6770:   00007fdd74514fd0 00007fdd4f1a32d4
0x00007fdd8e8f6780:   00007fdd745110a0 00007fdd4f1a3180
0x00007fdd8e8f6790:   00007fdd8826cfc0 00007fdd4efa0f04
0x00007fdd8e8f67a0:   00007fdd74514fd0 00007fdd742d31a6
0x00007fdd8e8f67b0:   00007fdd74511100 00007fdd74514fc0
0x00007fdd8e8f67c0:   00007fdd8e8f67e4 00007fdd8e8f67e8
0x00007fdd8e8f67d0:   0000000000000000 0000000000000000
0x00007fdd8e8f67e0:   0000001e74510520 00007fdd4f1a3180
0x00007fdd8e8f67f0:   0000000000000000 2da642619ef7ea00
0x00007fdd8e8f6800:   00007fdd745110a0 0000000000000000
0x00007fdd8e8f6810:   0000000000000000 00007fdd881f78e0
0x00007fdd8e8f6820:   00007fdd74510520 00007fdd7423d760
0x00007fdd8e8f6830:   0000000000000000 00007fdd742865a9
0x00007fdd8e8f6840:   00007fdd882205d0 00007fdd745107d8
0x00007fdd8e8f6850:   2d69706d6e65706f 000072657473616d
0x00007fdd8e8f6860:   0000000003741ab1 00007fdd741c9f86
0x00007fdd8e8f6870:   00007fdd741c6118 00007fdd741c1afc
0x00007fdd8e8f6880:   00007fdd741c967a 0000000100000000
0x00007fdd8e8f6890:   00007fdd8e8f6990 2da642619ef7ea00 

Instructions: (pc=0x00007fdd4efa117c)
0x00007fdd4efa115c:   ff ff 48 85 c0 48 89 43 30 0f 84 b3 01 00 00 4c
0x00007fdd4efa116c:   8b 60 18 49 8b 34 24 49 39 f6 0f 82 e4 02 00 00
0x00007fdd4efa117c:   41 8b 44 24 08 4c 89 e2 31 c9 48 8d 7c 24 40 be
0x00007fdd4efa118c:   01 00 00 00 89 43 40 49 03 54 24 18 85 c0 48 89 

Register to memory mapping:

RAX=0x00007fdd8826d770 is an unknown value
RBX=0x00007fdd8826d6e0 is an unknown value
RCX=0x00007fdd4f3c619e: pmix_common_dstor_attach_new_lock_seg+0x1e in /usr/local/lib/libmca_common_dstore.so.1 at 0x00007fdd4f3b6000
RDX=0x00007fff5aa3bcb3 is an unknown value
RSP=0x00007fdd8e8f66a0 is pointing into the stack for thread: 0x00007fdd8800b800
RBP=0x00007fdd8826d690 is an unknown value
RSI=0x0000000000085000 is an unknown value
RDI=0x0000000000000000 is an unknown value
R8 =0x000000000000001e is an unknown value
R9 =0x0000000000000000 is an unknown value
R10=0x0000000000000001 is an unknown value
R11=0x0000000000000000 is an unknown value
R12=0x00007fdd7602e000 is an unknown value
R13=0x00007fdd8826d2e8 is an unknown value
R14=0x0000000000001000 is an unknown value
R15=0x00007fdd4f1a3240: lock_item_t_class+0 in /usr/local/lib/pmix/mca_gds_ds21.so at 0x00007fdd4ef9f000


Stack: [0x00007fdd8e7f9000,0x00007fdd8e8f9000],  sp=0x00007fdd8e8f66a0,  free space=1013k
Native frames: (J=compiled Java code, j=interpreted, Vv=VM code, C=native code)
C  [mca_gds_ds21.so+0x217c]  pmix_gds_ds21_lock_init+0x13c

Java frames: (J=compiled Java code, j=interpreted, Vv=VM code)
j  mpi.MPI.Init_jni([Ljava/lang/String;)[Ljava/lang/String;+0
j  mpi.MPI.Init([Ljava/lang/String;)[Ljava/lang/String;+17
j  Client.main([Ljava/lang/String;)V+1
v  ~StubRoutines::call_stub

---------------  P R O C E S S  ---------------

Java Threads: ( => current thread )
  0x00007fdd60001000 JavaThread "SIGTERM handler" daemon [_thread_blocked, id=6164, stack(0x00007fdd7461b000,0x00007fdd7471c000)]
  0x00007fdd880c9800 JavaThread "Service Thread" daemon [_thread_blocked, id=5567, stack(0x00007fdd767ca000,0x00007fdd768cb000)]
  0x00007fdd880b4800 JavaThread "C1 CompilerThread1" daemon [_thread_blocked, id=5545, stack(0x00007fdd768cc000,0x00007fdd769cc000)]
  0x00007fdd880b2000 JavaThread "C2 CompilerThread0" daemon [_thread_blocked, id=5525, stack(0x00007fdd769cd000,0x00007fdd76acd000)]
  0x00007fdd880b0800 JavaThread "Signal Dispatcher" daemon [_thread_blocked, id=5513, stack(0x00007fdd76acd000,0x00007fdd76bce000)]
  0x00007fdd8807e000 JavaThread "Finalizer" daemon [_thread_blocked, id=5300, stack(0x00007fdd76edc000,0x00007fdd76fdd000)]
  0x00007fdd88079800 JavaThread "Reference Handler" daemon [_thread_blocked, id=5287, stack(0x00007fdd76fdd000,0x00007fdd770de000)]
=>0x00007fdd8800b800 JavaThread "main" [_thread_in_native, id=5165, stack(0x00007fdd8e7f9000,0x00007fdd8e8f9000)]

Other Threads:
  0x00007fdd8806f800 VMThread [stack: 0x00007fdd770df000,0x00007fdd771df000] [id=5255]
  0x00007fdd880cc800 WatcherThread [stack: 0x00007fdd766ca000,0x00007fdd767ca000] [id=5585]

VM state:not at safepoint (normal execution)

VM Mutex/Monitor currently owned by a thread: None

heap address: 0x00000000f0800000, size: 248 MB, Compressed Oops mode: 32-bit
Narrow klass base: 0x0000000000000000, Narrow klass shift: 3
Compressed class space size: 1073741824 Address: 0x0000000100000000

Heap:
 def new generation   total 4928K, used 1618K [0x00000000f0800000, 0x00000000f0d50000, 0x00000000f5aa0000)
  eden space 4416K,  36% used [0x00000000f0800000, 0x00000000f0994988, 0x00000000f0c50000)
  from space 512K,   0% used [0x00000000f0c50000, 0x00000000f0c50000, 0x00000000f0cd0000)
  to   space 512K,   0% used [0x00000000f0cd0000, 0x00000000f0cd0000, 0x00000000f0d50000)
 tenured generation   total 10944K, used 0K [0x00000000f5aa0000, 0x00000000f6550000, 0x0000000100000000)
   the space 10944K,   0% used [0x00000000f5aa0000, 0x00000000f5aa0000, 0x00000000f5aa0200, 0x00000000f6550000)
 Metaspace       used 3136K, capacity 4792K, committed 5120K, reserved 1056768K
  class space    used 315K, capacity 424K, committed 512K, reserved 1048576K

Card table byte_map: [0x00007fdd8e77b000,0x00007fdd8e7f8000] byte_map_base: 0x00007fdd8dff7000

Polling page: 0x00007fdd8e904000

CodeCache: size=245760Kb used=1277Kb max_used=1277Kb free=244482Kb
 bounds [0x00007fdd77f6f000, 0x00007fdd781df000, 0x00007fdd86f6f000]
 total_blobs=378 nmethods=73 adapters=220
 compilation: enabled

Compilation events (10 events):
Event: 10.737 Thread 0x00007fdd880b4800   74  s!   3       sun.misc.URLClassPath::getLoader (243 bytes)
Event: 10.740 Thread 0x00007fdd880b4800 nmethod 74 0x00007fdd780a7590 code [0x00007fdd780a79c0, 0x00007fdd780aa588]
Event: 10.740 Thread 0x00007fdd880b4800   70   !   3       sun.misc.URLClassPath$JarLoader::ensureOpen (36 bytes)
Event: 10.740 Thread 0x00007fdd880b4800 nmethod 70 0x00007fdd780ac090 code [0x00007fdd780ac220, 0x00007fdd780ac668]
Event: 10.740 Thread 0x00007fdd880b4800   71   !   3       java.util.zip.ZipFile::getEntry (101 bytes)
Event: 10.740 Thread 0x00007fdd880b4800 nmethod 71 0x00007fdd780ac810 code [0x00007fdd780ac9e0, 0x00007fdd780ad058]
Event: 10.740 Thread 0x00007fdd880b4800   73  s    3       sun.misc.URLClassPath::getNextLoader (88 bytes)
Event: 10.744 Thread 0x00007fdd880b4800 nmethod 73 0x00007fdd780ad350 code [0x00007fdd780ad540, 0x00007fdd780adda8]
Event: 10.744 Thread 0x00007fdd880b4800   72       3       java.lang.String::startsWith (7 bytes)
Event: 10.744 Thread 0x00007fdd880b4800 nmethod 72 0x00007fdd780ae210 code [0x00007fdd780ae380, 0x00007fdd780ae588]

GC Heap History (0 events):
No events

Deoptimization events (0 events):
No events

Classes redefined (0 events):
No events

Internal exceptions (5 events):
Event: 0.319 Thread 0x00007fdd8800b800 Exception <a 'java/lang/NoSuchMethodError': Method sun.misc.Unsafe.defineClass(Ljava/lang/String;[BII)Ljava/lang/Class; name or signature does not match> (0x00000000f0807cc8) thrown at [/build/openjdk-8-58sEEn/openjdk-8-8u242-b08/src/hotspot/src/share/vm/
Event: 0.319 Thread 0x00007fdd8800b800 Exception <a 'java/lang/NoSuchMethodError': Method sun.misc.Unsafe.prefetchRead(Ljava/lang/Object;J)V name or signature does not match> (0x00000000f0807fb0) thrown at [/build/openjdk-8-58sEEn/openjdk-8-8u242-b08/src/hotspot/src/share/vm/prims/jni.cpp, lin
Event: 1.490 Thread 0x00007fdd8800b800 Exception <a 'java/util/zip/ZipException'> (0x00000000f085dec8) thrown at [/build/openjdk-8-58sEEn/openjdk-8-8u242-b08/src/hotspot/src/share/vm/prims/jni.cpp, line 710]
Event: 1.490 Thread 0x00007fdd8800b800 Exception <a 'java/security/PrivilegedActionException'> (0x00000000f085e168) thrown at [/build/openjdk-8-58sEEn/openjdk-8-8u242-b08/src/hotspot/src/share/vm/prims/jvm.cpp, line 1502]
Event: 1.526 Thread 0x00007fdd8800b800 Exception <a 'java/security/PrivilegedActionException'> (0x00000000f085e378) thrown at [/build/openjdk-8-58sEEn/openjdk-8-8u242-b08/src/hotspot/src/share/vm/prims/jvm.cpp, line 1502]

Events (10 events):
Event: 10.685 loading class mpi/Comm done
Event: 10.690 loading class mpi/Version
Event: 10.690 loading class mpi/Version done
Event: 11.077 loading class sun/misc/Signal$1
Event: 11.077 loading class sun/misc/Signal$1 done
Event: 11.096 Thread 0x00007fdd60001000 Thread added: 0x00007fdd60001000
Event: 11.096 loading class java/lang/Shutdown
Event: 11.096 loading class java/lang/Shutdown done
Event: 11.096 loading class java/lang/Shutdown$Lock
Event: 11.096 loading class java/lang/Shutdown$Lock done


Dynamic libraries:
f0800000-f0d50000 rw-p 00000000 00:00 0 
f0d50000-f5aa0000 ---p 00000000 00:00 0 
f5aa0000-f6550000 rw-p 00000000 00:00 0 
f6550000-100000000 ---p 00000000 00:00 0 
100000000-100080000 rw-p 00000000 00:00 0 
100080000-140000000 ---p 00000000 00:00 0 
55c78ae39000-55c78ae3a000 r-xp 00000000 fc:01 1302575                    /usr/lib/jvm/java-8-openjdk-amd64/jre/bin/java
55c78b039000-55c78b03a000 r--p 00000000 fc:01 1302575                    /usr/lib/jvm/java-8-openjdk-amd64/jre/bin/java
55c78b03a000-55c78b03b000 rw-p 00001000 fc:01 1302575                    /usr/lib/jvm/java-8-openjdk-amd64/jre/bin/java
55c78c2ce000-55c78c2ef000 rw-p 00000000 00:00 0                          [heap]
7fdd40000000-7fdd40021000 rw-p 00000000 00:00 0 
7fdd40021000-7fdd44000000 ---p 00000000 00:00 0 
7fdd48000000-7fdd48021000 rw-p 00000000 00:00 0 
7fdd48021000-7fdd4c000000 ---p 00000000 00:00 0 
7fdd4ed9c000-7fdd4ed9e000 r-xp 00000000 fc:01 782288                     /usr/local/lib/pmix/mca_pshmem_mmap.so
7fdd4ed9e000-7fdd4ef9d000 ---p 00002000 fc:01 782288                     /usr/local/lib/pmix/mca_pshmem_mmap.so
7fdd4ef9d000-7fdd4ef9e000 r--p 00001000 fc:01 782288                     /usr/local/lib/pmix/mca_pshmem_mmap.so
7fdd4ef9e000-7fdd4ef9f000 rw-p 00002000 fc:01 782288                     /usr/local/lib/pmix/mca_pshmem_mmap.so
7fdd4ef9f000-7fdd4efa3000 r-xp 00000000 fc:01 782262                     /usr/local/lib/pmix/mca_gds_ds21.so
7fdd4efa3000-7fdd4f1a2000 ---p 00004000 fc:01 782262                     /usr/local/lib/pmix/mca_gds_ds21.so
7fdd4f1a2000-7fdd4f1a3000 r--p 00003000 fc:01 782262                     /usr/local/lib/pmix/mca_gds_ds21.so
7fdd4f1a3000-7fdd4f1a4000 rw-p 00004000 fc:01 782262                     /usr/local/lib/pmix/mca_gds_ds21.so
7fdd4f1a4000-7fdd4f1b4000 r-xp 00000000 fc:01 782264                     /usr/local/lib/pmix/mca_gds_hash.so
7fdd4f1b4000-7fdd4f3b4000 ---p 00010000 fc:01 782264                     /usr/local/lib/pmix/mca_gds_hash.so
7fdd4f3b4000-7fdd4f3b5000 r--p 00010000 fc:01 782264                     /usr/local/lib/pmix/mca_gds_hash.so
7fdd4f3b5000-7fdd4f3b6000 rw-p 00011000 fc:01 782264                     /usr/local/lib/pmix/mca_gds_hash.so
7fdd4f3b6000-7fdd4f3c8000 r-xp 00000000 fc:01 29681                      /usr/local/lib/libmca_common_dstore.so.1.0.0
7fdd4f3c8000-7fdd4f5c7000 ---p 00012000 fc:01 29681                      /usr/local/lib/libmca_common_dstore.so.1.0.0
7fdd4f5c7000-7fdd4f5c8000 r--p 00011000 fc:01 29681                      /usr/local/lib/libmca_common_dstore.so.1.0.0
7fdd4f5c8000-7fdd4f5c9000 rw-p 00012000 fc:01 29681                      /usr/local/lib/libmca_common_dstore.so.1.0.0
7fdd4f5c9000-7fdd4f5cd000 r-xp 00000000 fc:01 782260                     /usr/local/lib/pmix/mca_gds_ds12.so
7fdd4f5cd000-7fdd4f7cc000 ---p 00004000 fc:01 782260                     /usr/local/lib/pmix/mca_gds_ds12.so
7fdd4f7cc000-7fdd4f7cd000 r--p 00003000 fc:01 782260                     /usr/local/lib/pmix/mca_gds_ds12.so
7fdd4f7cd000-7fdd4f7ce000 rw-p 00004000 fc:01 782260                     /usr/local/lib/pmix/mca_gds_ds12.so
7fdd4f7ce000-7fdd4f7d0000 r-xp 00000000 fc:01 782278                     /usr/local/lib/pmix/mca_psec_native.so
7fdd4f7d0000-7fdd4f9cf000 ---p 00002000 fc:01 782278                     /usr/local/lib/pmix/mca_psec_native.so
7fdd4f9cf000-7fdd4f9d0000 r--p 00001000 fc:01 782278                     /usr/local/lib/pmix/mca_psec_native.so
7fdd4f9d0000-7fdd4f9d1000 rw-p 00002000 fc:01 782278                     /usr/local/lib/pmix/mca_psec_native.so
7fdd4f9d1000-7fdd4f9d9000 r-xp 00000000 fc:01 782292                     /usr/local/lib/pmix/mca_ptl_usock.so
7fdd4f9d9000-7fdd4fbd8000 ---p 00008000 fc:01 782292                     /usr/local/lib/pmix/mca_ptl_usock.so
7fdd4fbd8000-7fdd4fbd9000 r--p 00007000 fc:01 782292                     /usr/local/lib/pmix/mca_ptl_usock.so
7fdd4fbd9000-7fdd4fbda000 rw-p 00008000 fc:01 782292                     /usr/local/lib/pmix/mca_ptl_usock.so
7fdd4fbda000-7fdd4fbec000 r-xp 00000000 fc:01 782290                     /usr/local/lib/pmix/mca_ptl_tcp.so
7fdd4fbec000-7fdd4fdeb000 ---p 00012000 fc:01 782290                     /usr/local/lib/pmix/mca_ptl_tcp.so
7fdd4fdeb000-7fdd4fdec000 r--p 00011000 fc:01 782290                     /usr/local/lib/pmix/mca_ptl_tcp.so
7fdd4fdec000-7fdd4fded000 rw-p 00012000 fc:01 782290                     /usr/local/lib/pmix/mca_ptl_tcp.so
7fdd4fded000-7fdd4fdff000 r-xp 00000000 fc:01 782252                     /usr/local/lib/pmix/mca_bfrops_v12.so
7fdd4fdff000-7fdd4fffe000 ---p 00012000 fc:01 782252                     /usr/local/lib/pmix/mca_bfrops_v12.so
7fdd4fffe000-7fdd4ffff000 r--p 00011000 fc:01 782252                     /usr/local/lib/pmix/mca_bfrops_v12.so
7fdd4ffff000-7fdd50000000 rw-p 00012000 fc:01 782252                     /usr/local/lib/pmix/mca_bfrops_v12.so
7fdd50000000-7fdd50021000 rw-p 00000000 00:00 0 
7fdd50021000-7fdd54000000 ---p 00000000 00:00 0 
7fdd541d2000-7fdd541eb000 r-xp 00000000 fc:01 782254                     /usr/local/lib/pmix/mca_bfrops_v20.so
7fdd541eb000-7fdd543ea000 ---p 00019000 fc:01 782254                     /usr/local/lib/pmix/mca_bfrops_v20.so
7fdd543ea000-7fdd543eb000 r--p 00018000 fc:01 782254                     /usr/local/lib/pmix/mca_bfrops_v20.so
7fdd543eb000-7fdd543ec000 rw-p 00019000 fc:01 782254                     /usr/local/lib/pmix/mca_bfrops_v20.so
7fdd543ec000-7fdd543f4000 r-xp 00000000 fc:01 782258                     /usr/local/lib/pmix/mca_bfrops_v3.so
7fdd543f4000-7fdd545f3000 ---p 00008000 fc:01 782258                     /usr/local/lib/pmix/mca_bfrops_v3.so
7fdd545f3000-7fdd545f4000 r--p 00007000 fc:01 782258                     /usr/local/lib/pmix/mca_bfrops_v3.so
7fdd545f4000-7fdd545f5000 rw-p 00008000 fc:01 782258                     /usr/local/lib/pmix/mca_bfrops_v3.so
7fdd545f5000-7fdd545fc000 r-xp 00000000 fc:01 782256                     /usr/local/lib/pmix/mca_bfrops_v21.so
7fdd545fc000-7fdd547fc000 ---p 00007000 fc:01 782256                     /usr/local/lib/pmix/mca_bfrops_v21.so
7fdd547fc000-7fdd547fd000 r--p 00007000 fc:01 782256                     /usr/local/lib/pmix/mca_bfrops_v21.so
7fdd547fd000-7fdd547fe000 rw-p 00008000 fc:01 782256                     /usr/local/lib/pmix/mca_bfrops_v21.so
7fdd547fe000-7fdd547ff000 ---p 00000000 00:00 0 
7fdd547ff000-7fdd58000000 rw-p 00000000 00:00 0 
7fdd58000000-7fdd581ad000 rw-p 00000000 00:00 0 
7fdd581ad000-7fdd5c000000 ---p 00000000 00:00 0 
7fdd5c000000-7fdd5c021000 rw-p 00000000 00:00 0 
7fdd5c021000-7fdd60000000 ---p 00000000 00:00 0 
7fdd60000000-7fdd60021000 rw-p 00000000 00:00 0 
7fdd60021000-7fdd64000000 ---p 00000000 00:00 0 
7fdd64000000-7fdd64046000 rw-p 00000000 00:00 0 
7fdd64046000-7fdd68000000 ---p 00000000 00:00 0 
7fdd68000000-7fdd68021000 rw-p 00000000 00:00 0 
7fdd68021000-7fdd6c000000 ---p 00000000 00:00 0 
7fdd6c000000-7fdd6c021000 rw-p 00000000 00:00 0 
7fdd6c021000-7fdd70000000 ---p 00000000 00:00 0 
7fdd70000000-7fdd70021000 rw-p 00000000 00:00 0 
7fdd70021000-7fdd74000000 ---p 00000000 00:00 0 
7fdd741c1000-7fdd7430d000 r-xp 00000000 fc:01 782295                     /usr/local/lib/openmpi/mca_pmix_pmix3x.so
7fdd7430d000-7fdd7450d000 ---p 0014c000 fc:01 782295                     /usr/local/lib/openmpi/mca_pmix_pmix3x.so
7fdd7450d000-7fdd7450e000 r--p 0014c000 fc:01 782295                     /usr/local/lib/openmpi/mca_pmix_pmix3x.so
7fdd7450e000-7fdd74513000 rw-p 0014d000 fc:01 782295                     /usr/local/lib/openmpi/mca_pmix_pmix3x.so
7fdd74513000-7fdd74516000 rw-p 00000000 00:00 0 
7fdd74596000-7fdd7461b000 rw-s 00000000 fc:01 1039764                    /tmp/ompi.openmpi-master.1000/pid.5069/pmix_dstor_ds21_5069/smlockseg-542244865
7fdd7461b000-7fdd7461e000 ---p 00000000 00:00 0 
7fdd7461e000-7fdd7471c000 rw-p 00000000 00:00 0 
7fdd7471c000-7fdd74720000 r-xp 00000000 fc:01 782352                     /usr/local/lib/openmpi/mca_ess_pmi.so
7fdd74720000-7fdd7491f000 ---p 00004000 fc:01 782352                     /usr/local/lib/openmpi/mca_ess_pmi.so
7fdd7491f000-7fdd74920000 r--p 00003000 fc:01 782352                     /usr/local/lib/openmpi/mca_ess_pmi.so
7fdd74920000-7fdd74921000 rw-p 00004000 fc:01 782352                     /usr/local/lib/openmpi/mca_ess_pmi.so
7fdd74921000-7fdd74922000 r-xp 00000000 fc:01 782435                     /usr/local/lib/openmpi/mca_schizo_orte.so
7fdd74922000-7fdd74b21000 ---p 00001000 fc:01 782435                     /usr/local/lib/openmpi/mca_schizo_orte.so
7fdd74b21000-7fdd74b22000 r--p 00000000 fc:01 782435                     /usr/local/lib/openmpi/mca_schizo_orte.so
7fdd74b22000-7fdd74b23000 rw-p 00001000 fc:01 782435                     /usr/local/lib/openmpi/mca_schizo_orte.so
7fdd74b23000-7fdd74b25000 r-xp 00000000 fc:01 782437                     /usr/local/lib/openmpi/mca_schizo_slurm.so
7fdd74b25000-7fdd74d24000 ---p 00002000 fc:01 782437                     /usr/local/lib/openmpi/mca_schizo_slurm.so
7fdd74d24000-7fdd74d25000 r--p 00001000 fc:01 782437                     /usr/local/lib/openmpi/mca_schizo_slurm.so
7fdd74d25000-7fdd74d26000 rw-p 00002000 fc:01 782437                     /usr/local/lib/openmpi/mca_schizo_slurm.so
7fdd74d26000-7fdd74d2e000 r-xp 00000000 fc:01 782433                     /usr/local/lib/openmpi/mca_schizo_ompi.so
7fdd74d2e000-7fdd74f2d000 ---p 00008000 fc:01 782433                     /usr/local/lib/openmpi/mca_schizo_ompi.so
7fdd74f2d000-7fdd74f2e000 r--p 00007000 fc:01 782433                     /usr/local/lib/openmpi/mca_schizo_ompi.so
7fdd74f2e000-7fdd74f30000 rw-p 00008000 fc:01 782433                     /usr/local/lib/openmpi/mca_schizo_ompi.so
7fdd74f30000-7fdd74f31000 r-xp 00000000 fc:01 782431                     /usr/local/lib/openmpi/mca_schizo_flux.so
7fdd74f31000-7fdd75131000 ---p 00001000 fc:01 782431                     /usr/local/lib/openmpi/mca_schizo_flux.so
7fdd75131000-7fdd75132000 r--p 00001000 fc:01 782431                     /usr/local/lib/openmpi/mca_schizo_flux.so
7fdd75132000-7fdd75133000 rw-p 00002000 fc:01 782431                     /usr/local/lib/openmpi/mca_schizo_flux.so
7fdd75133000-7fdd75135000 r-xp 00000000 fc:01 782301                     /usr/local/lib/openmpi/mca_reachable_weighted.so
7fdd75135000-7fdd75334000 ---p 00002000 fc:01 782301                     /usr/local/lib/openmpi/mca_reachable_weighted.so
7fdd75334000-7fdd75335000 r--p 00001000 fc:01 782301                     /usr/local/lib/openmpi/mca_reachable_weighted.so
7fdd75335000-7fdd75336000 rw-p 00002000 fc:01 782301                     /usr/local/lib/openmpi/mca_reachable_weighted.so
7fdd75336000-7fdd75339000 r-xp 00000000 fc:01 782304                     /usr/local/lib/openmpi/mca_shmem_mmap.so
7fdd75339000-7fdd75538000 ---p 00003000 fc:01 782304                     /usr/local/lib/openmpi/mca_shmem_mmap.so
7fdd75538000-7fdd75539000 r--p 00002000 fc:01 782304                     /usr/local/lib/openmpi/mca_shmem_mmap.so
7fdd75539000-7fdd7553a000 rw-p 00003000 fc:01 782304                     /usr/local/lib/openmpi/mca_shmem_mmap.so
7fdd7553a000-7fdd7553c000 r-xp 00000000 fc:01 2182                       /lib/x86_64-linux-gnu/libutil-2.27.so
7fdd7553c000-7fdd7573b000 ---p 00002000 fc:01 2182                       /lib/x86_64-linux-gnu/libutil-2.27.so
7fdd7573b000-7fdd7573c000 r--p 00001000 fc:01 2182                       /lib/x86_64-linux-gnu/libutil-2.27.so
7fdd7573c000-7fdd7573d000 rw-p 00002000 fc:01 2182                       /lib/x86_64-linux-gnu/libutil-2.27.so
7fdd7573d000-7fdd757f2000 r-xp 00000000 fc:01 29711                      /usr/local/lib/libopen-rte.so.40.20.1
7fdd757f2000-7fdd759f1000 ---p 000b5000 fc:01 29711                      /usr/local/lib/libopen-rte.so.40.20.1
7fdd759f1000-7fdd759f3000 r--p 000b4000 fc:01 29711                      /usr/local/lib/libopen-rte.so.40.20.1
7fdd759f3000-7fdd759f7000 rw-p 000b6000 fc:01 29711                      /usr/local/lib/libopen-rte.so.40.20.1
7fdd759f7000-7fdd759fa000 rw-p 00000000 00:00 0 
7fdd759fa000-7fdd75afd000 r-xp 00000000 fc:01 13011                      /usr/local/lib/libopen-pal.so.40.20.1
7fdd75afd000-7fdd75cfd000 ---p 00103000 fc:01 13011                      /usr/local/lib/libopen-pal.so.40.20.1
7fdd75cfd000-7fdd75d00000 r--p 00103000 fc:01 13011                      /usr/local/lib/libopen-pal.so.40.20.1
7fdd75d00000-7fdd75d06000 rw-p 00106000 fc:01 13011                      /usr/local/lib/libopen-pal.so.40.20.1
7fdd75d06000-7fdd75d0d000 rw-p 00000000 00:00 0 
7fdd75d0d000-7fdd75e03000 r-xp 00000000 fc:01 29875                      /usr/local/lib/libmpi.so.40.20.1
7fdd75e03000-7fdd76002000 ---p 000f6000 fc:01 29875                      /usr/local/lib/libmpi.so.40.20.1
7fdd76002000-7fdd76004000 r--p 000f5000 fc:01 29875                      /usr/local/lib/libmpi.so.40.20.1
7fdd76004000-7fdd76015000 rw-p 000f7000 fc:01 29875                      /usr/local/lib/libmpi.so.40.20.1
7fdd76015000-7fdd76027000 rw-p 00000000 00:00 0 
7fdd7602f000-7fdd76030000 r--s 00000000 fc:01 783094                     /tmp/ompi.openmpi-master.1000/pid.5069/pmix_dstor_ds12_5069/initial-pmix_shared-segment-0
7fdd76030000-7fdd76031000 rw-s 00000000 fc:01 783095                     /tmp/ompi.openmpi-master.1000/pid.5069/pmix_dstor_ds12_5069/dstore_sm.lock
7fdd76031000-7fdd76059000 r-xp 00000000 fc:01 71469                      /usr/local/lib/libmpi_java.so.40.20.0
7fdd76059000-7fdd76258000 ---p 00028000 fc:01 71469                      /usr/local/lib/libmpi_java.so.40.20.0
7fdd76258000-7fdd76259000 r--p 00027000 fc:01 71469                      /usr/local/lib/libmpi_java.so.40.20.0
7fdd76259000-7fdd7625a000 rw-p 00028000 fc:01 71469                      /usr/local/lib/libmpi_java.so.40.20.0
7fdd7625a000-7fdd7625b000 r--s 0000f000 fc:01 527712                     /home/mpiuser/cloud/fyp/java_client/lib/mpi.jar
7fdd7625b000-7fdd7625e000 r--s 0000e000 fc:01 527707                     /home/mpiuser/cloud/fyp/java_client/lib/jackson-annotations-2.10.3.jar
7fdd7625e000-7fdd7627b000 r--s 00142000 fc:01 527719                     /home/mpiuser/cloud/fyp/java_client/lib/spring-web-5.2.5.RELEASE.jar
7fdd7627b000-7fdd76288000 r--s 00090000 fc:01 527704                     /home/mpiuser/cloud/fyp/java_client/lib/amqp-client-5.8.0.jar
7fdd76288000-7fdd76289000 r--s 00003000 fc:01 527715                     /home/mpiuser/cloud/fyp/java_client/lib/slf4j-simple-1.7.30.jar
7fdd76289000-7fdd7629e000 r--s 00142000 fc:01 527710                     /home/mpiuser/cloud/fyp/java_client/lib/jackson-databind-2.10.2.jar
7fdd7629e000-7fdd762b5000 r-xp 00000000 fc:01 1302611                    /usr/lib/jvm/java-8-openjdk-amd64/jre/lib/amd64/libnet.so
7fdd762b5000-7fdd764b4000 ---p 00017000 fc:01 1302611                    /usr/lib/jvm/java-8-openjdk-amd64/jre/lib/amd64/libnet.so
7fdd764b4000-7fdd764b5000 r--p 00016000 fc:01 1302611                    /usr/lib/jvm/java-8-openjdk-amd64/jre/lib/amd64/libnet.so
7fdd764b5000-7fdd764b6000 rw-p 00017000 fc:01 1302611                    /usr/lib/jvm/java-8-openjdk-amd64/jre/lib/amd64/libnet.so
7fdd764b6000-7fdd764c7000 r-xp 00000000 fc:01 1302612                    /usr/lib/jvm/java-8-openjdk-amd64/jre/lib/amd64/libnio.so
7fdd764c7000-7fdd766c7000 ---p 00011000 fc:01 1302612                    /usr/lib/jvm/java-8-openjdk-amd64/jre/lib/amd64/libnio.so
7fdd766c7000-7fdd766c8000 r--p 00011000 fc:01 1302612                    /usr/lib/jvm/java-8-openjdk-amd64/jre/lib/amd64/libnio.so
7fdd766c8000-7fdd766c9000 rw-p 00012000 fc:01 1302612                    /usr/lib/jvm/java-8-openjdk-amd64/jre/lib/amd64/libnio.so
7fdd766c9000-7fdd766ca000 ---p 00000000 00:00 0 
7fdd766ca000-7fdd767ca000 rw-p 00000000 00:00 0 
7fdd767ca000-7fdd767cd000 ---p 00000000 00:00 0 
7fdd767cd000-7fdd768cb000 rw-p 00000000 00:00 0 
7fdd768cb000-7fdd768cc000 ---p 00000000 00:00 0 
7fdd768cc000-7fdd768cf000 ---p 00000000 00:00 0 
7fdd768cf000-7fdd769cc000 rw-p 00000000 00:00 0 
7fdd769cc000-7fdd769cd000 ---p 00000000 00:00 0 
7fdd769cd000-7fdd769d0000 ---p 00000000 00:00 0 
7fdd769d0000-7fdd76acd000 rw-p 00000000 00:00 0 
7fdd76acd000-7fdd76ad0000 ---p 00000000 00:00 0 
7fdd76ad0000-7fdd76bce000 rw-p 00000000 00:00 0 
7fdd76bce000-7fdd76d41000 r--p 00000000 fc:01 7801                       /usr/lib/locale/C.UTF-8/LC_COLLATE
7fdd76d41000-7fdd76edc000 r--p 00000000 fc:01 7796                       /usr/lib/locale/locale-archive
7fdd76edc000-7fdd76edf000 ---p 00000000 00:00 0 
7fdd76edf000-7fdd76fdd000 rw-p 00000000 00:00 0 
7fdd76fdd000-7fdd76fe0000 ---p 00000000 00:00 0 
7fdd76fe0000-7fdd770de000 rw-p 00000000 00:00 0 
7fdd770de000-7fdd770df000 ---p 00000000 00:00 0 
7fdd770df000-7fdd771df000 rw-p 00000000 00:00 0 
7fdd771df000-7fdd773af000 r--s 03c68000 fc:01 1302635                    /usr/lib/jvm/java-8-openjdk-amd64/jre/lib/rt.jar
7fdd773af000-7fdd7782f000 rw-p 00000000 00:00 0 
7fdd7782f000-7fdd77baf000 ---p 00000000 00:00 0 
7fdd77baf000-7fdd77bb9000 rw-p 00000000 00:00 0 
7fdd77bb9000-7fdd77f6f000 ---p 00000000 00:00 0 
7fdd77f6f000-7fdd781df000 rwxp 00000000 00:00 0 
7fdd781df000-7fdd86f6f000 ---p 00000000 00:00 0 
7fdd86f6f000-7fdd86f77000 r-xp 00000000 fc:01 1302619                    /usr/lib/jvm/java-8-openjdk-amd64/jre/lib/amd64/libzip.so
7fdd86f77000-7fdd87176000 ---p 00008000 fc:01 1302619                    /usr/lib/jvm/java-8-openjdk-amd64/jre/lib/amd64/libzip.so
7fdd87176000-7fdd87177000 r--p 00007000 fc:01 1302619                    /usr/lib/jvm/java-8-openjdk-amd64/jre/lib/amd64/libzip.so
7fdd87177000-7fdd87178000 rw-p 00008000 fc:01 1302619                    /usr/lib/jvm/java-8-openjdk-amd64/jre/lib/amd64/libzip.so
7fdd87178000-7fdd87183000 r-xp 00000000 fc:01 2093                       /lib/x86_64-linux-gnu/libnss_files-2.27.so
7fdd87183000-7fdd87382000 ---p 0000b000 fc:01 2093                       /lib/x86_64-linux-gnu/libnss_files-2.27.so
7fdd87382000-7fdd87383000 r--p 0000a000 fc:01 2093                       /lib/x86_64-linux-gnu/libnss_files-2.27.so
7fdd87383000-7fdd87384000 rw-p 0000b000 fc:01 2093                       /lib/x86_64-linux-gnu/libnss_files-2.27.so
7fdd87384000-7fdd8738a000 rw-p 00000000 00:00 0 
7fdd8738a000-7fdd873a1000 r-xp 00000000 fc:01 2090                       /lib/x86_64-linux-gnu/libnsl-2.27.so
7fdd873a1000-7fdd875a0000 ---p 00017000 fc:01 2090                       /lib/x86_64-linux-gnu/libnsl-2.27.so
7fdd875a0000-7fdd875a1000 r--p 00016000 fc:01 2090                       /lib/x86_64-linux-gnu/libnsl-2.27.so
7fdd875a1000-7fdd875a2000 rw-p 00017000 fc:01 2090                       /lib/x86_64-linux-gnu/libnsl-2.27.so
7fdd875a2000-7fdd875a4000 rw-p 00000000 00:00 0 
7fdd875a4000-7fdd875af000 r-xp 00000000 fc:01 2095                       /lib/x86_64-linux-gnu/libnss_nis-2.27.so
7fdd875af000-7fdd877ae000 ---p 0000b000 fc:01 2095                       /lib/x86_64-linux-gnu/libnss_nis-2.27.so
7fdd877ae000-7fdd877af000 r--p 0000a000 fc:01 2095                       /lib/x86_64-linux-gnu/libnss_nis-2.27.so
7fdd877af000-7fdd877b0000 rw-p 0000b000 fc:01 2095                       /lib/x86_64-linux-gnu/libnss_nis-2.27.so
7fdd877b0000-7fdd877b8000 r-xp 00000000 fc:01 2091                       /lib/x86_64-linux-gnu/libnss_compat-2.27.so
7fdd877b8000-7fdd879b8000 ---p 00008000 fc:01 2091                       /lib/x86_64-linux-gnu/libnss_compat-2.27.so
7fdd879b8000-7fdd879b9000 r--p 00008000 fc:01 2091                       /lib/x86_64-linux-gnu/libnss_compat-2.27.so
7fdd879b9000-7fdd879ba000 rw-p 00009000 fc:01 2091                       /lib/x86_64-linux-gnu/libnss_compat-2.27.so
7fdd879ba000-7fdd879e4000 r-xp 00000000 fc:01 1302600                    /usr/lib/jvm/java-8-openjdk-amd64/jre/lib/amd64/libjava.so
7fdd879e4000-7fdd87be3000 ---p 0002a000 fc:01 1302600                    /usr/lib/jvm/java-8-openjdk-amd64/jre/lib/amd64/libjava.so
7fdd87be3000-7fdd87be4000 r--p 00029000 fc:01 1302600                    /usr/lib/jvm/java-8-openjdk-amd64/jre/lib/amd64/libjava.so
7fdd87be4000-7fdd87be6000 rw-p 0002a000 fc:01 1302600                    /usr/lib/jvm/java-8-openjdk-amd64/jre/lib/amd64/libjava.so
7fdd87be6000-7fdd87bf6000 r-xp 00000000 fc:01 1302618                    /usr/lib/jvm/java-8-openjdk-amd64/jre/lib/amd64/libverify.so
7fdd87bf6000-7fdd87df5000 ---p 00010000 fc:01 1302618                    /usr/lib/jvm/java-8-openjdk-amd64/jre/lib/amd64/libverify.so
7fdd87df5000-7fdd87df7000 r--p 0000f000 fc:01 1302618                    /usr/lib/jvm/java-8-openjdk-amd64/jre/lib/amd64/libverify.so
7fdd87df7000-7fdd87df8000 rw-p 00011000 fc:01 1302618                    /usr/lib/jvm/java-8-openjdk-amd64/jre/lib/amd64/libverify.so
7fdd87df8000-7fdd87dff000 r-xp 00000000 fc:01 2180                       /lib/x86_64-linux-gnu/librt-2.27.so
7fdd87dff000-7fdd87ffe000 ---p 00007000 fc:01 2180                       /lib/x86_64-linux-gnu/librt-2.27.so
7fdd87ffe000-7fdd87fff000 r--p 00006000 fc:01 2180                       /lib/x86_64-linux-gnu/librt-2.27.so
7fdd87fff000-7fdd88000000 rw-p 00007000 fc:01 2180                       /lib/x86_64-linux-gnu/librt-2.27.so
7fdd88000000-7fdd8826f000 rw-p 00000000 00:00 0 
7fdd8826f000-7fdd8c000000 ---p 00000000 00:00 0 
7fdd8c000000-7fdd8c015000 r--s 00142000 fc:01 527711                     /home/mpiuser/cloud/fyp/java_client/lib/jackson-databind-2.10.3.jar
7fdd8c015000-7fdd8c016000 r--s 00005000 fc:01 527718                     /home/mpiuser/cloud/fyp/java_client/lib/spring-jcl-5.2.5.RELEASE.jar
7fdd8c016000-7fdd8c031000 r--s 001d6000 fc:01 1555512                    /usr/lib/jvm/java-8-openjdk-amd64/jre/lib/ext/nashorn.jar
7fdd8c031000-7fdd8c035000 r--s 0003a000 fc:01 1555515                    /usr/lib/jvm/java-8-openjdk-amd64/jre/lib/ext/sunpkcs11.jar
7fdd8c035000-7fdd8c03a000 r--s 0003d000 fc:01 1555514                    /usr/lib/jvm/java-8-openjdk-amd64/jre/lib/ext/sunjce_provider.jar
7fdd8c03a000-7fdd8c03b000 r--s 00010000 fc:01 1555516                    /usr/lib/jvm/java-8-openjdk-amd64/jre/lib/ext/zipfs.jar
7fdd8c03b000-7fdd8c03c000 r--s 0000a000 fc:01 1555510                    /usr/lib/jvm/java-8-openjdk-amd64/jre/lib/ext/jaccess.jar
7fdd8c03c000-7fdd8c03e000 r--s 00007000 fc:01 29606                      /usr/share/java/java-atk-wrapper.jar
7fdd8c03e000-7fdd8c059000 r--s 00394000 fc:01 1555507                    /usr/lib/jvm/java-8-openjdk-amd64/jre/lib/ext/cldrdata.jar
7fdd8c059000-7fdd8c08a000 r--p 00000000 fc:01 7802                       /usr/lib/locale/C.UTF-8/LC_CTYPE
7fdd8c08a000-7fdd8c1d1000 rw-p 00000000 00:00 0 
7fdd8c1d1000-7fdd8c1e8000 r-xp 00000000 fc:01 29154                      /lib/x86_64-linux-gnu/libgcc_s.so.1
7fdd8c1e8000-7fdd8c3e7000 ---p 00017000 fc:01 29154                      /lib/x86_64-linux-gnu/libgcc_s.so.1
7fdd8c3e7000-7fdd8c3e8000 r--p 00016000 fc:01 29154                      /lib/x86_64-linux-gnu/libgcc_s.so.1
7fdd8c3e8000-7fdd8c3e9000 rw-p 00017000 fc:01 29154                      /lib/x86_64-linux-gnu/libgcc_s.so.1
7fdd8c3e9000-7fdd8c586000 r-xp 00000000 fc:01 2087                       /lib/x86_64-linux-gnu/libm-2.27.so
7fdd8c586000-7fdd8c785000 ---p 0019d000 fc:01 2087                       /lib/x86_64-linux-gnu/libm-2.27.so
7fdd8c785000-7fdd8c786000 r--p 0019c000 fc:01 2087                       /lib/x86_64-linux-gnu/libm-2.27.so
7fdd8c786000-7fdd8c787000 rw-p 0019d000 fc:01 2087                       /lib/x86_64-linux-gnu/libm-2.27.so
7fdd8c787000-7fdd8c900000 r-xp 00000000 fc:01 4344                       /usr/lib/x86_64-linux-gnu/libstdc++.so.6.0.25
7fdd8c900000-7fdd8cb00000 ---p 00179000 fc:01 4344                       /usr/lib/x86_64-linux-gnu/libstdc++.so.6.0.25
7fdd8cb00000-7fdd8cb0a000 r--p 00179000 fc:01 4344                       /usr/lib/x86_64-linux-gnu/libstdc++.so.6.0.25
7fdd8cb0a000-7fdd8cb0c000 rw-p 00183000 fc:01 4344                       /usr/lib/x86_64-linux-gnu/libstdc++.so.6.0.25
7fdd8cb0c000-7fdd8cb10000 rw-p 00000000 00:00 0 
7fdd8cb10000-7fdd8d7b3000 r-xp 00000000 fc:01 1302622                    /usr/lib/jvm/java-8-openjdk-amd64/jre/lib/amd64/server/libjvm.so
7fdd8d7b3000-7fdd8d9b3000 ---p 00ca3000 fc:01 1302622                    /usr/lib/jvm/java-8-openjdk-amd64/jre/lib/amd64/server/libjvm.so
7fdd8d9b3000-7fdd8da47000 r--p 00ca3000 fc:01 1302622                    /usr/lib/jvm/java-8-openjdk-amd64/jre/lib/amd64/server/libjvm.so
7fdd8da47000-7fdd8da70000 rw-p 00d37000 fc:01 1302622                    /usr/lib/jvm/java-8-openjdk-amd64/jre/lib/amd64/server/libjvm.so
7fdd8da70000-7fdd8daa0000 rw-p 00000000 00:00 0 
7fdd8daa0000-7fdd8daba000 r-xp 00000000 fc:01 2178                       /lib/x86_64-linux-gnu/libpthread-2.27.so
7fdd8daba000-7fdd8dcb9000 ---p 0001a000 fc:01 2178                       /lib/x86_64-linux-gnu/libpthread-2.27.so
7fdd8dcb9000-7fdd8dcba000 r--p 00019000 fc:01 2178                       /lib/x86_64-linux-gnu/libpthread-2.27.so
7fdd8dcba000-7fdd8dcbb000 rw-p 0001a000 fc:01 2178                       /lib/x86_64-linux-gnu/libpthread-2.27.so
7fdd8dcbb000-7fdd8dcbf000 rw-p 00000000 00:00 0 
7fdd8dcbf000-7fdd8dcc2000 r-xp 00000000 fc:01 2086                       /lib/x86_64-linux-gnu/libdl-2.27.so
7fdd8dcc2000-7fdd8dec1000 ---p 00003000 fc:01 2086                       /lib/x86_64-linux-gnu/libdl-2.27.so
7fdd8dec1000-7fdd8dec2000 r--p 00002000 fc:01 2086                       /lib/x86_64-linux-gnu/libdl-2.27.so
7fdd8dec2000-7fdd8dec3000 rw-p 00003000 fc:01 2086                       /lib/x86_64-linux-gnu/libdl-2.27.so
7fdd8dec3000-7fdd8dedf000 r-xp 00000000 fc:01 2183                       /lib/x86_64-linux-gnu/libz.so.1.2.11
7fdd8dedf000-7fdd8e0de000 ---p 0001c000 fc:01 2183                       /lib/x86_64-linux-gnu/libz.so.1.2.11
7fdd8e0de000-7fdd8e0df000 r--p 0001b000 fc:01 2183                       /lib/x86_64-linux-gnu/libz.so.1.2.11
7fdd8e0df000-7fdd8e0e0000 rw-p 0001c000 fc:01 2183                       /lib/x86_64-linux-gnu/libz.so.1.2.11
7fdd8e0e0000-7fdd8e2c7000 r-xp 00000000 fc:01 2083                       /lib/x86_64-linux-gnu/libc-2.27.so
7fdd8e2c7000-7fdd8e4c7000 ---p 001e7000 fc:01 2083                       /lib/x86_64-linux-gnu/libc-2.27.so
7fdd8e4c7000-7fdd8e4cb000 r--p 001e7000 fc:01 2083                       /lib/x86_64-linux-gnu/libc-2.27.so
7fdd8e4cb000-7fdd8e4cd000 rw-p 001eb000 fc:01 2083                       /lib/x86_64-linux-gnu/libc-2.27.so
7fdd8e4cd000-7fdd8e4d1000 rw-p 00000000 00:00 0 
7fdd8e4d1000-7fdd8e4df000 r-xp 00000000 fc:01 1555499                    /usr/lib/jvm/java-8-openjdk-amd64/jre/lib/amd64/jli/libjli.so
7fdd8e4df000-7fdd8e6de000 ---p 0000e000 fc:01 1555499                    /usr/lib/jvm/java-8-openjdk-amd64/jre/lib/amd64/jli/libjli.so
7fdd8e6de000-7fdd8e6df000 r--p 0000d000 fc:01 1555499                    /usr/lib/jvm/java-8-openjdk-amd64/jre/lib/amd64/jli/libjli.so
7fdd8e6df000-7fdd8e6e0000 rw-p 0000e000 fc:01 1555499                    /usr/lib/jvm/java-8-openjdk-amd64/jre/lib/amd64/jli/libjli.so
7fdd8e6e0000-7fdd8e707000 r-xp 00000000 fc:01 2079                       /lib/x86_64-linux-gnu/ld-2.27.so
7fdd8e707000-7fdd8e708000 r--s 0000d000 fc:01 1555513                    /usr/lib/jvm/java-8-openjdk-amd64/jre/lib/ext/sunec.jar
7fdd8e708000-7fdd8e70a000 r--s 00001000 fc:01 1555508                    /usr/lib/jvm/java-8-openjdk-amd64/jre/lib/ext/dnsns.jar
7fdd8e70a000-7fdd8e70d000 r--s 0000f000 fc:01 1555509                    /usr/lib/jvm/java-8-openjdk-amd64/jre/lib/ext/icedtea-sound.jar
7fdd8e70d000-7fdd8e717000 r--s 00116000 fc:01 1555511                    /usr/lib/jvm/java-8-openjdk-amd64/jre/lib/ext/localedata.jar
7fdd8e717000-7fdd8e718000 r--p 00000000 fc:01 7807                       /usr/lib/locale/C.UTF-8/LC_NUMERIC
7fdd8e718000-7fdd8e719000 r--p 00000000 fc:01 7810                       /usr/lib/locale/C.UTF-8/LC_TIME
7fdd8e719000-7fdd8e71a000 r--p 00000000 fc:01 7805                       /usr/lib/locale/C.UTF-8/LC_MONETARY
7fdd8e71a000-7fdd8e71b000 r--p 00000000 fc:01 7799                       /usr/lib/locale/C.UTF-8/LC_MESSAGES/SYS_LC_MESSAGES
7fdd8e71b000-7fdd8e71c000 r--p 00000000 fc:01 7808                       /usr/lib/locale/C.UTF-8/LC_PAPER
7fdd8e71c000-7fdd8e71d000 r--p 00000000 fc:01 7806                       /usr/lib/locale/C.UTF-8/LC_NAME
7fdd8e71d000-7fdd8e71e000 r--p 00000000 fc:01 7800                       /usr/lib/locale/C.UTF-8/LC_ADDRESS
7fdd8e71e000-7fdd8e71f000 r--p 00000000 fc:01 7809                       /usr/lib/locale/C.UTF-8/LC_TELEPHONE
7fdd8e71f000-7fdd8e720000 r--p 00000000 fc:01 7804                       /usr/lib/locale/C.UTF-8/LC_MEASUREMENT
7fdd8e720000-7fdd8e727000 r--s 00000000 fc:01 5010                       /usr/lib/x86_64-linux-gnu/gconv/gconv-modules.cache
7fdd8e727000-7fdd8e728000 r--p 00000000 fc:01 7803                       /usr/lib/locale/C.UTF-8/LC_IDENTIFICATION
7fdd8e728000-7fdd8e72e000 rw-p 00000000 00:00 0 
7fdd8e72e000-7fdd8e77b000 ---p 00000000 00:00 0 
7fdd8e77b000-7fdd8e77e000 rw-p 00000000 00:00 0 
7fdd8e77e000-7fdd8e7a4000 ---p 00000000 00:00 0 
7fdd8e7a4000-7fdd8e7aa000 rw-p 00000000 00:00 0 
7fdd8e7aa000-7fdd8e7f7000 ---p 00000000 00:00 0 
7fdd8e7f7000-7fdd8e7f8000 rw-p 00000000 00:00 0 
7fdd8e7f8000-7fdd8e7f9000 ---p 00000000 00:00 0 
7fdd8e7f9000-7fdd8e7fc000 ---p 00000000 00:00 0 
7fdd8e7fc000-7fdd8e8fb000 rw-p 00000000 00:00 0 
7fdd8e8fb000-7fdd8e903000 rw-s 00000000 fc:01 1039842                    /tmp/hsperfdata_mpiuser/5146
7fdd8e903000-7fdd8e904000 rw-p 00000000 00:00 0 
7fdd8e904000-7fdd8e905000 r--p 00000000 00:00 0 
7fdd8e905000-7fdd8e907000 rw-p 00000000 00:00 0 
7fdd8e907000-7fdd8e908000 r--p 00027000 fc:01 2079                       /lib/x86_64-linux-gnu/ld-2.27.so
7fdd8e908000-7fdd8e909000 rw-p 00028000 fc:01 2079                       /lib/x86_64-linux-gnu/ld-2.27.so
7fdd8e909000-7fdd8e90a000 rw-p 00000000 00:00 0 
7fff5aa1b000-7fff5aa3c000 rw-p 00000000 00:00 0                          [stack]
7fff5ab1e000-7fff5ab21000 r--p 00000000 00:00 0                          [vvar]
7fff5ab21000-7fff5ab23000 r-xp 00000000 00:00 0                          [vdso]
ffffffffff600000-ffffffffff601000 r-xp 00000000 00:00 0                  [vsyscall]

VM Arguments:
jvm_args: -Djava.library.path=/usr/local/lib 
java_command: Client 1000000 100 0
java_class_path (initial): /home/mpiuser/cloud/fyp/java_client:./lib/spring-jcl-5.2.5.RELEASE.jar:./lib/jackson-databind-2.10.3.jar:./lib/jackson-databind-2.10.2.jar:./lib/slf4j-simple-1.7.30.jar:./lib/amqp-client-5.8.0.jar:./lib/spring-web-5.2.5.RELEASE.jar:./lib/jackson-annotations-2.10.3.jar:./lib/mpi.jar:./lib/spring-beans-5.2.5.RELEASE.jar:./lib/jackson-annotations-2.10.2.jar:./lib/jackson-core-2.10.2.jar:./lib/jackson-core-2.10.3.jar:./lib/slf4j-api-1.7.29.jar:./lib/spring-core-5.2.5.RELEASE.jar:./lib/slf4j-api-1.7.30.jar:./lib/http-client-3.6.1.RELEASE.jar:/usr/local/lib/mpi.jar
Launcher Type: SUN_STANDARD

Environment Variables:
PATH=/usr/local/sbin:/usr/local/bin:/usr/sbin:/usr/bin:/sbin:/bin:/usr/games:/usr/local/games:/snap/bin
SHELL=/bin/bash

Signal Handlers:
SIGSEGV: [libjvm.so+0xabc3b0], sa_mask[0]=11111111011111111101111111111110, sa_flags=SA_RESTART|SA_SIGINFO
SIGBUS: [libjvm.so+0xabc3b0], sa_mask[0]=11111111011111111101111111111110, sa_flags=SA_RESTART|SA_SIGINFO
SIGFPE: [libjvm.so+0x8f0bb0], sa_mask[0]=11111111011111111101111111111110, sa_flags=SA_RESTART|SA_SIGINFO
SIGPIPE: [libjvm.so+0x8f0bb0], sa_mask[0]=11111111011111111101111111111110, sa_flags=SA_RESTART|SA_SIGINFO
SIGXFSZ: [libjvm.so+0x8f0bb0], sa_mask[0]=11111111011111111101111111111110, sa_flags=SA_RESTART|SA_SIGINFO
SIGILL: [libjvm.so+0x8f0bb0], sa_mask[0]=11111111011111111101111111111110, sa_flags=SA_RESTART|SA_SIGINFO
SIGUSR1: SIG_DFL, sa_mask[0]=00000000000000000000000000000000, sa_flags=none
SIGUSR2: [libjvm.so+0x8f0a60], sa_mask[0]=00000000000000000000000000000000, sa_flags=SA_RESTART|SA_SIGINFO
SIGHUP: [libjvm.so+0x8f10d0], sa_mask[0]=11111111011111111101111111111110, sa_flags=SA_RESTART|SA_SIGINFO
SIGINT: [libjvm.so+0x8f10d0], sa_mask[0]=11111111011111111101111111111110, sa_flags=SA_RESTART|SA_SIGINFO
SIGTERM: [libjvm.so+0x8f10d0], sa_mask[0]=11111111011111111101111111111110, sa_flags=SA_RESTART|SA_SIGINFO
SIGQUIT: [libjvm.so+0x8f10d0], sa_mask[0]=11111111011111111101111111111110, sa_flags=SA_RESTART|SA_SIGINFO


---------------  S Y S T E M  ---------------

OS:DISTRIB_ID=Ubuntu
DISTRIB_RELEASE=18.04
DISTRIB_CODENAME=bionic
DISTRIB_DESCRIPTION="Ubuntu 18.04.3 LTS"

uname:Linux 4.15.0-91-generic #92-Ubuntu SMP Fri Feb 28 11:09:48 UTC 2020 x86_64
libc:glibc 2.27 NPTL 2.27 
rlimit: STACK 8192k, CORE 0k, NPROC 3837, NOFILE 1048576, AS infinity
load average:22.55 4.80 1.56

/proc/meminfo:
MemTotal:        1008492 kB
MemFree:          323848 kB
MemAvailable:     303852 kB
Buffers:            5472 kB
Cached:            53988 kB
SwapCached:            0 kB
Active:           520212 kB
Inactive:          14680 kB
Active(anon):     475860 kB
Inactive(anon):      252 kB
Active(file):      44352 kB
Inactive(file):    14428 kB
Unevictable:           0 kB
Mlocked:               0 kB
SwapTotal:             0 kB
SwapFree:              0 kB
Dirty:             10392 kB
Writeback:             0 kB
AnonPages:        457208 kB
Mapped:            38748 kB
Shmem:               648 kB
Slab:              90844 kB
SReclaimable:      43892 kB
SUnreclaim:        46952 kB
KernelStack:        7540 kB
PageTables:        20804 kB
NFS_Unstable:          0 kB
Bounce:                0 kB
WritebackTmp:          0 kB
CommitLimit:      504244 kB
Committed_AS:    3791936 kB
VmallocTotal:   34359738367 kB
VmallocUsed:           0 kB
VmallocChunk:          0 kB
HardwareCorrupted:     0 kB
AnonHugePages:         0 kB
ShmemHugePages:        0 kB
ShmemPmdMapped:        0 kB
CmaTotal:              0 kB
CmaFree:               0 kB
HugePages_Total:       0
HugePages_Free:        0
HugePages_Rsvd:        0
HugePages_Surp:        0
Hugepagesize:       2048 kB
DirectMap4k:       83948 kB
DirectMap2M:      964608 kB
DirectMap1G:           0 kB

container (cgroup) information:
container_type: cgroupv1
cpu_cpuset_cpus: 0-2
cpu_memory_nodes: 0
active_processor_count: 3
cpu_quota: -1
cpu_period: 100000
cpu_shares: -1
memory_limit_in_bytes: -1
memory_and_swap_limit_in_bytes: -2
memory_soft_limit_in_bytes: -1
memory_usage_in_bytes: 533475328
memory_max_usage_in_bytes: 817807360


CPU:total 3 (initial active 3) (1 cores per cpu, 1 threads per core) family 6 model 85 stepping 4, cmov, cx8, fxsr, mmx, sse, sse2, sse3, ssse3, sse4.1, sse4.2, popcnt, avx, avx2, aes, clmul, erms, 3dnowpref, lzcnt, tsc, bmi1, bmi2, adx

/proc/cpuinfo:
processor	: 0
vendor_id	: GenuineIntel
cpu family	: 6
model		: 85
model name	: Intel(R) Xeon(R) Gold 6140 CPU @ 2.30GHz
stepping	: 4
microcode	: 0x1
cpu MHz		: 2294.608
cache size	: 4096 KB
physical id	: 0
siblings	: 1
core id		: 0
cpu cores	: 1
apicid		: 0
initial apicid	: 0
fpu		: yes
fpu_exception	: yes
cpuid level	: 13
wp		: yes
flags		: fpu vme de pse tsc msr pae mce cx8 apic sep mtrr pge mca cmov pat pse36 clflush mmx fxsr sse sse2 ss syscall nx pdpe1gb rdtscp lm constant_tsc arch_perfmon rep_good nopl cpuid tsc_known_freq pni pclmulqdq vmx ssse3 fma cx16 pcid sse4_1 sse4_2 x2apic movbe popcnt tsc_deadline_timer aes xsave avx f16c rdrand hypervisor lahf_lm abm 3dnowprefetch cpuid_fault invpcid_single pti ssbd ibrs ibpb tpr_shadow vnmi flexpriority ept vpid fsgsbase tsc_adjust bmi1 avx2 smep bmi2 erms invpcid mpx avx512f avx512dq rdseed adx smap clflushopt clwb avx512cd avx512bw avx512vl xsaveopt xsavec xgetbv1 pku ospke md_clear
bugs		: cpu_meltdown spectre_v1 spectre_v2 spec_store_bypass l1tf mds swapgs itlb_multihit
bogomips	: 4589.21
clflush size	: 64
cache_alignment	: 64
address sizes	: 40 bits physical, 48 bits virtual
power management:

processor	: 1
vendor_id	: GenuineIntel
cpu family	: 6
model		: 85
model name	: Intel(R) Xeon(R) Gold 6140 CPU @ 2.30GHz
stepping	: 4
microcode	: 0x1
cpu MHz		: 2294.608
cache size	: 4096 KB
physical id	: 1
siblings	: 1
core id		: 0
cpu cores	: 1
apicid		: 1
initial apicid	: 1
fpu		: yes
fpu_exception	: yes
cpuid level	: 13
wp		: yes
flags		: fpu vme de pse tsc msr pae mce cx8 apic sep mtrr pge mca cmov pat pse36 clflush mmx fxsr sse sse2 ss syscall nx pdpe1gb rdtscp lm constant_tsc arch_perfmon rep_good nopl cpuid tsc_known_freq pni pclmulqdq vmx ssse3 fma cx16 pcid sse4_1 sse4_2 x2apic movbe popcnt tsc_deadline_timer aes xsave avx f16c rdrand hypervisor lahf_lm abm 3dnowprefetch cpuid_fault invpcid_single pti ssbd ibrs ibpb tpr_shadow vnmi flexpriority ept vpid fsgsbase tsc_adjust bmi1 avx2 smep bmi2 erms invpcid mpx avx512f avx512dq rdseed adx smap clflushopt clwb avx512cd avx512bw avx512vl xsaveopt xsavec xgetbv1 pku ospke md_clear
bugs		: cpu_meltdown spectre_v1 spectre_v2 spec_store_bypass l1tf mds swapgs itlb_multihit
bogomips	: 4589.21
clflush size	: 64
cache_alignment	: 64
address sizes	: 40 bits physical, 48 bits virtual
power management:

processor	: 2
vendor_id	: GenuineIntel
cpu family	: 6
model		: 85
model name	: Intel(R) Xeon(R) Gold 6140 CPU @ 2.30GHz
stepping	: 4
microcode	: 0x1
cpu MHz		: 2294.608
cache size	: 4096 KB
physical id	: 2
siblings	: 1
core id		: 0
cpu cores	: 1
apicid		: 2
initial apicid	: 2
fpu		: yes
fpu_exception	: yes
cpuid level	: 13
wp		: yes
flags		: fpu vme de pse tsc msr pae mce cx8 apic sep mtrr pge mca cmov pat pse36 clflush mmx fxsr sse sse2 ss syscall nx pdpe1gb rdtscp lm constant_tsc arch_perfmon rep_good nopl cpuid tsc_known_freq pni pclmulqdq vmx ssse3 fma cx16 pcid sse4_1 sse4_2 x2apic movbe popcnt tsc_deadline_timer aes xsave avx f16c rdrand hypervisor lahf_lm abm 3dnowprefetch cpuid_fault invpcid_single pti ssbd ibrs ibpb tpr_shadow vnmi flexpriority ept vpid fsgsbase tsc_adjust bmi1 avx2 smep bmi2 erms invpcid mpx avx512f avx512dq rdseed adx smap clflushopt clwb avx512cd avx512bw avx512vl xsaveopt xsavec xgetbv1 pku ospke md_clear
bugs		: cpu_meltdown spectre_v1 spectre_v2 spec_store_bypass l1tf mds swapgs itlb_multihit
bogomips	: 4589.21
clflush size	: 64
cache_alignment	: 64
address sizes	: 40 bits physical, 48 bits virtual
power management:



Memory: 4k page, physical 1008492k(345212k free), swap 0k(0k free)

vm_info: OpenJDK 64-Bit Server VM (25.242-b08) for linux-amd64 JRE (1.8.0_242-8u242-b08-0ubuntu3~18.04-b08), built on Jan 17 2020 23:41:21 by "buildd" with gcc 7.4.0

time: Mon Apr  6 11:40:00 2020
timezone: UTC
elapsed time: 11 seconds (0d 0h 0m 11s)

