#
# There is insufficient memory for the Java Runtime Environment to continue.
# Native memory allocation (mmap) failed to map 12288 bytes for committing reserved memory.
# Possible reasons:
#   The system is out of physical RAM or swap space
#   The process is running with CompressedOops enabled, and the Java Heap may be blocking the growth of the native heap
# Possible solutions:
#   Reduce memory load on the system
#   Increase physical memory or swap space
#   Check if swap backing store is full
#   Decrease Java heap size (-Xmx/-Xms)
#   Decrease number of Java threads
#   Decrease Java thread stack sizes (-Xss)
#   Set larger code cache with -XX:ReservedCodeCacheSize=
#   JVM is running with Unscaled Compressed Oops mode in which the Java heap is
#     placed in the first 4GB address space. The Java Heap base address is the
#     maximum limit for the native heap growth. Please use -XX:HeapBaseMinAddress
#     to set the Java Heap base and to place the Java Heap above 4GB virtual address.
# This output file may be truncated or incomplete.
#
#  Out of Memory Error (os_linux.cpp:2757), pid=7920, tid=0x00007fa892d79700
#
# JRE version: OpenJDK Runtime Environment (8.0_242-b08) (build 1.8.0_242-8u242-b08-0ubuntu3~18.04-b08)
# Java VM: OpenJDK 64-Bit Server VM (25.242-b08 mixed mode linux-amd64 compressed oops)
# Failed to write core dump. Core dumps have been disabled. To enable core dumping, try "ulimit -c unlimited" before starting Java again
#

---------------  T H R E A D  ---------------

Current thread (0x00007fa8d84b8000):  JavaThread "pool-1-thread-2" [_thread_new, id=8248, stack(0x00007fa892c79000,0x00007fa892d7a000)]

Stack: [0x00007fa892c79000,0x00007fa892d7a000],  sp=0x00007fa892d78b00,  free space=1022k
Native frames: (J=compiled Java code, j=interpreted, Vv=VM code, C=native code)
V  [libjvm.so+0xabba52]
V  [libjvm.so+0x4de2e7]
V  [libjvm.so+0x8f55e6]
V  [libjvm.so+0x8ec91e]
V  [libjvm.so+0x8f6b57]
V  [libjvm.so+0xa59eb6]
V  [libjvm.so+0xa5a0f0]
V  [libjvm.so+0x8f2d82]
C  [libpthread.so.0+0x76db]  start_thread+0xdb


---------------  P R O C E S S  ---------------

Java Threads: ( => current thread )
=>0x00007fa8d84b8000 JavaThread "pool-1-thread-2" [_thread_new, id=8248, stack(0x00007fa892c79000,0x00007fa892d7a000)]
  0x00007fa8d84af000 JavaThread "AMQP Connection 68.183.253.43:5672" [_thread_blocked, id=8218, stack(0x00007fa89804b000,0x00007fa89814c000)]
  0x00007fa8d80c1800 JavaThread "Service Thread" daemon [_thread_blocked, id=8099, stack(0x00007fa8c84eb000,0x00007fa8c85ec000)]
  0x00007fa8d80b4800 JavaThread "C1 CompilerThread1" daemon [_thread_blocked, id=8094, stack(0x00007fa8c85ed000,0x00007fa8c86ed000)]
  0x00007fa8d80b2000 JavaThread "C2 CompilerThread0" daemon [_thread_blocked, id=8088, stack(0x00007fa8c86ee000,0x00007fa8c87ee000)]
  0x00007fa8d80b0800 JavaThread "Signal Dispatcher" daemon [_thread_blocked, id=8079, stack(0x00007fa8c87ee000,0x00007fa8c88ef000)]
  0x00007fa8d807e000 JavaThread "Finalizer" daemon [_thread_blocked, id=8012, stack(0x00007fa8c8c2e000,0x00007fa8c8d2f000)]
  0x00007fa8d8079800 JavaThread "Reference Handler" daemon [_thread_blocked, id=8003, stack(0x00007fa8c8d2f000,0x00007fa8c8e30000)]
  0x00007fa8d800b800 JavaThread "main" [_thread_blocked, id=7936, stack(0x00007fa8e04c9000,0x00007fa8e05c9000)]

Other Threads:
  0x00007fa8d806f800 VMThread [stack: 0x00007fa8dc009000,0x00007fa8dc109000] [id=7991]
  0x00007fa8d80c4000 WatcherThread [stack: 0x00007fa8c83eb000,0x00007fa8c84eb000] [id=8103]

VM state:synchronizing (normal execution)

VM Mutex/Monitor currently owned by a thread:  ([mutex/lock_event])
[0x00007fa8d8007ee0] Safepoint_lock - owner thread: 0x00007fa8d806f800
[0x00007fa8d8007f60] Threads_lock - owner thread: 0x00007fa8d806f800

heap address: 0x00000000f0800000, size: 248 MB, Compressed Oops mode: 32-bit
Narrow klass base: 0x0000000000000000, Narrow klass shift: 3
Compressed class space size: 1073741824 Address: 0x0000000100000000

Heap:
 def new generation   total 4928K, used 1776K [0x00000000f0800000, 0x00000000f0d50000, 0x00000000f5aa0000)
  eden space 4416K,  28% used [0x00000000f0800000, 0x00000000f093c098, 0x00000000f0c50000)
  from space 512K, 100% used [0x00000000f0c50000, 0x00000000f0cd0000, 0x00000000f0cd0000)
  to   space 512K,   0% used [0x00000000f0cd0000, 0x00000000f0cd0000, 0x00000000f0d50000)
 tenured generation   total 10944K, used 1290K [0x00000000f5aa0000, 0x00000000f6550000, 0x0000000100000000)
   the space 10944K,  11% used [0x00000000f5aa0000, 0x00000000f5be2818, 0x00000000f5be2a00, 0x00000000f6550000)
 Metaspace       used 6636K, capacity 6788K, committed 7040K, reserved 1056768K
  class space    used 759K, capacity 840K, committed 896K, reserved 1048576K

Card table byte_map: [0x00007fa8e044b000,0x00007fa8e04c8000] byte_map_base: 0x00007fa8dfcc7000

Polling page: 0x00007fa8e05d4000

CodeCache: size=245760Kb used=2181Kb max_used=2194Kb free=243579Kb
 bounds [0x00007fa8c9000000, 0x00007fa8c9270000, 0x00007fa8d8000000]
 total_blobs=798 nmethods=448 adapters=265
 compilation: enabled

Compilation events (10 events):
Event: 7.431 Thread 0x00007fa8d80b2000  444       4       java.util.concurrent.ConcurrentHashMap::casTabAt (20 bytes)
Event: 7.434 Thread 0x00007fa8d80b2000 nmethod 444 0x00007fa8c920d690 code [0x00007fa8c920d7c0, 0x00007fa8c920d838]
Event: 7.477 Thread 0x00007fa8d80b4800  445   !   3       sun.misc.URLClassPath$JarLoader::checkResource (55 bytes)
Event: 7.477 Thread 0x00007fa8d80b4800 nmethod 445 0x00007fa8c9220310 code [0x00007fa8c92204e0, 0x00007fa8c9220b28]
Event: 7.479 Thread 0x00007fa8d80b2000  446  s!   4       sun.misc.URLClassPath::getLoader (243 bytes)
Event: 7.629 Thread 0x00007fa8d80b4800  447       3       java.lang.String::checkBounds (46 bytes)
Event: 7.630 Thread 0x00007fa8d80b4800 nmethod 447 0x00007fa8c921fc50 code [0x00007fa8c921fe00, 0x00007fa8c9220168]
Event: 7.677 Thread 0x00007fa8d80b2000 nmethod 446 0x00007fa8c92236d0 code [0x00007fa8c9223920, 0x00007fa8c9224a60]
Event: 7.678 Thread 0x00007fa8d80b2000  448       4       java.util.zip.ZipFile::ensureOpen (37 bytes)
Event: 7.679 Thread 0x00007fa8d80b2000 nmethod 448 0x00007fa8c921e490 code [0x00007fa8c921e5e0, 0x00007fa8c921e698]

GC Heap History (4 events):
Event: 4.811 GC heap before
{Heap before GC invocations=0 (full 0):
 def new generation   total 4928K, used 4416K [0x00000000f0800000, 0x00000000f0d50000, 0x00000000f5aa0000)
  eden space 4416K, 100% used [0x00000000f0800000, 0x00000000f0c50000, 0x00000000f0c50000)
  from space 512K,   0% used [0x00000000f0c50000, 0x00000000f0c50000, 0x00000000f0cd0000)
  to   space 512K,   0% used [0x00000000f0cd0000, 0x00000000f0cd0000, 0x00000000f0d50000)
 tenured generation   total 10944K, used 0K [0x00000000f5aa0000, 0x00000000f6550000, 0x0000000100000000)
   the space 10944K,   0% used [0x00000000f5aa0000, 0x00000000f5aa0000, 0x00000000f5aa0200, 0x00000000f6550000)
 Metaspace       used 4978K, capacity 5224K, committed 5504K, reserved 1056768K
  class space    used 532K, capacity 596K, committed 640K, reserved 1048576K
Event: 4.815 GC heap after
Heap after GC invocations=1 (full 0):
 def new generation   total 4928K, used 512K [0x00000000f0800000, 0x00000000f0d50000, 0x00000000f5aa0000)
  eden space 4416K,   0% used [0x00000000f0800000, 0x00000000f0800000, 0x00000000f0c50000)
  from space 512K, 100% used [0x00000000f0cd0000, 0x00000000f0d50000, 0x00000000f0d50000)
  to   space 512K,   0% used [0x00000000f0c50000, 0x00000000f0c50000, 0x00000000f0cd0000)
 tenured generation   total 10944K, used 578K [0x00000000f5aa0000, 0x00000000f6550000, 0x0000000100000000)
   the space 10944K,   5% used [0x00000000f5aa0000, 0x00000000f5b30950, 0x00000000f5b30a00, 0x00000000f6550000)
 Metaspace       used 4978K, capacity 5224K, committed 5504K, reserved 1056768K
  class space    used 532K, capacity 596K, committed 640K, reserved 1048576K
}
Event: 7.294 GC heap before
{Heap before GC invocations=1 (full 0):
 def new generation   total 4928K, used 4928K [0x00000000f0800000, 0x00000000f0d50000, 0x00000000f5aa0000)
  eden space 4416K, 100% used [0x00000000f0800000, 0x00000000f0c50000, 0x00000000f0c50000)
  from space 512K, 100% used [0x00000000f0cd0000, 0x00000000f0d50000, 0x00000000f0d50000)
  to   space 512K,   0% used [0x00000000f0c50000, 0x00000000f0c50000, 0x00000000f0cd0000)
 tenured generation   total 10944K, used 578K [0x00000000f5aa0000, 0x00000000f6550000, 0x0000000100000000)
   the space 10944K,   5% used [0x00000000f5aa0000, 0x00000000f5b30950, 0x00000000f5b30a00, 0x00000000f6550000)
 Metaspace       used 6220K, capacity 6340K, committed 6528K, reserved 1056768K
  class space    used 707K, capacity 776K, committed 896K, reserved 1048576K
Event: 7.300 GC heap after
Heap after GC invocations=2 (full 0):
 def new generation   total 4928K, used 512K [0x00000000f0800000, 0x00000000f0d50000, 0x00000000f5aa0000)
  eden space 4416K,   0% used [0x00000000f0800000, 0x00000000f0800000, 0x00000000f0c50000)
  from space 512K, 100% used [0x00000000f0c50000, 0x00000000f0cd0000, 0x00000000f0cd0000)
  to   space 512K,   0% used [0x00000000f0cd0000, 0x00000000f0cd0000, 0x00000000f0d50000)
 tenured generation   total 10944K, used 1290K [0x00000000f5aa0000, 0x00000000f6550000, 0x0000000100000000)
   the space 10944K,  11% used [0x00000000f5aa0000, 0x00000000f5be2818, 0x00000000f5be2a00, 0x00000000f6550000)
 Metaspace       used 6220K, capacity 6340K, committed 6528K, reserved 1056768K
  class space    used 707K, capacity 776K, committed 896K, reserved 1048576K
}

Deoptimization events (0 events):
No events

Classes redefined (0 events):
No events

Internal exceptions (10 events):
Event: 0.698 Thread 0x00007fa8d800b800 Exception <a 'java/security/PrivilegedActionException'> (0x00000000f085e168) thrown at [/build/openjdk-8-58sEEn/openjdk-8-8u242-b08/src/hotspot/src/share/vm/prims/jvm.cpp, line 1502]
Event: 0.698 Thread 0x00007fa8d800b800 Exception <a 'java/security/PrivilegedActionException'> (0x00000000f085e378) thrown at [/build/openjdk-8-58sEEn/openjdk-8-8u242-b08/src/hotspot/src/share/vm/prims/jvm.cpp, line 1502]
Event: 2.506 Thread 0x00007fa8d800b800 Exception <a 'java/security/PrivilegedActionException'> (0x00000000f0981798) thrown at [/build/openjdk-8-58sEEn/openjdk-8-8u242-b08/src/hotspot/src/share/vm/prims/jvm.cpp, line 1502]
Event: 2.506 Thread 0x00007fa8d800b800 Exception <a 'java/security/PrivilegedActionException'> (0x00000000f0981b90) thrown at [/build/openjdk-8-58sEEn/openjdk-8-8u242-b08/src/hotspot/src/share/vm/prims/jvm.cpp, line 1502]
Event: 2.507 Thread 0x00007fa8d800b800 Exception <a 'java/security/PrivilegedActionException'> (0x00000000f0983e00) thrown at [/build/openjdk-8-58sEEn/openjdk-8-8u242-b08/src/hotspot/src/share/vm/prims/jvm.cpp, line 1502]
Event: 2.507 Thread 0x00007fa8d800b800 Exception <a 'java/security/PrivilegedActionException'> (0x00000000f09841f8) thrown at [/build/openjdk-8-58sEEn/openjdk-8-8u242-b08/src/hotspot/src/share/vm/prims/jvm.cpp, line 1502]
Event: 2.507 Thread 0x00007fa8d800b800 Exception <a 'java/security/PrivilegedActionException'> (0x00000000f0984eb8) thrown at [/build/openjdk-8-58sEEn/openjdk-8-8u242-b08/src/hotspot/src/share/vm/prims/jvm.cpp, line 1502]
Event: 2.507 Thread 0x00007fa8d800b800 Exception <a 'java/security/PrivilegedActionException'> (0x00000000f09852b0) thrown at [/build/openjdk-8-58sEEn/openjdk-8-8u242-b08/src/hotspot/src/share/vm/prims/jvm.cpp, line 1502]
Event: 4.419 Thread 0x00007fa8d800b800 Exception <a 'java/lang/NoSuchFieldError': method resolution failed> (0x00000000f0bfcfd0) thrown at [/build/openjdk-8-58sEEn/openjdk-8-8u242-b08/src/hotspot/src/share/vm/prims/methodHandles.cpp, line 1167]
Event: 4.499 Thread 0x00007fa8d800b800 Exception <a 'java/lang/NoSuchFieldError': method resolution failed> (0x00000000f0c0a3d0) thrown at [/build/openjdk-8-58sEEn/openjdk-8-8u242-b08/src/hotspot/src/share/vm/prims/methodHandles.cpp, line 1167]

Events (10 events):
Event: 7.845 loading class java/util/concurrent/FutureTask$WaitNode done
Event: 7.846 loading class java/util/concurrent/Executors$RunnableAdapter
Event: 7.875 loading class java/util/concurrent/Executors$RunnableAdapter done
Event: 7.901 loading class java/util/concurrent/ThreadPoolExecutor$Worker
Event: 7.903 loading class java/util/concurrent/ThreadPoolExecutor$Worker done
Event: 7.999 Thread 0x00007fa8d84b8000 Thread added: 0x00007fa8d84b8000
Event: 7.999 loading class com/rabbitmq/client/AMQP$Connection$TuneOk$Builder
Event: 7.999 loading class com/rabbitmq/client/AMQP$Connection$TuneOk$Builder done
Event: 8.000 loading class com/rabbitmq/client/AMQP$Connection$Open$Builder
Event: 8.000 loading class com/rabbitmq/client/AMQP$Connection$Open$Builder done


Dynamic libraries:
f0800000-f0d50000 rw-p 00000000 00:00 0 
f0d50000-f5aa0000 ---p 00000000 00:00 0 
f5aa0000-f6550000 rw-p 00000000 00:00 0 
f6550000-100000000 ---p 00000000 00:00 0 
100000000-1000e0000 rw-p 00000000 00:00 0 
1000e0000-140000000 ---p 00000000 00:00 0 
55964f150000-55964f151000 r-xp 00000000 fc:01 1302575                    /usr/lib/jvm/java-8-openjdk-amd64/jre/bin/java
55964f350000-55964f351000 r--p 00000000 fc:01 1302575                    /usr/lib/jvm/java-8-openjdk-amd64/jre/bin/java
55964f351000-55964f352000 rw-p 00001000 fc:01 1302575                    /usr/lib/jvm/java-8-openjdk-amd64/jre/bin/java
559650134000-559650155000 rw-p 00000000 00:00 0                          [heap]
7fa87c000000-7fa87c021000 rw-p 00000000 00:00 0 
7fa87c021000-7fa880000000 ---p 00000000 00:00 0 
7fa884000000-7fa884021000 rw-p 00000000 00:00 0 
7fa884021000-7fa888000000 ---p 00000000 00:00 0 
7fa88b4fe000-7fa88b515000 r-xp 00000000 fc:01 2179                       /lib/x86_64-linux-gnu/libresolv-2.27.so
7fa88b515000-7fa88b715000 ---p 00017000 fc:01 2179                       /lib/x86_64-linux-gnu/libresolv-2.27.so
7fa88b715000-7fa88b716000 r--p 00017000 fc:01 2179                       /lib/x86_64-linux-gnu/libresolv-2.27.so
7fa88b716000-7fa88b717000 rw-p 00018000 fc:01 2179                       /lib/x86_64-linux-gnu/libresolv-2.27.so
7fa88b717000-7fa88b719000 rw-p 00000000 00:00 0 
7fa88b719000-7fa88bb1a000 rw-s 00000000 00:19 57                         /dev/shm/vader_segment.openmpi-master.2d380001.29
7fa88bb1a000-7fa88bf1b000 rw-s 00000000 00:19 53                         /dev/shm/vader_segment.openmpi-master.2d380001.28
7fa88bf1b000-7fa88c31c000 rw-s 00000000 00:19 63                         /dev/shm/vader_segment.openmpi-master.2d380001.27
7fa88c31c000-7fa88c71d000 rw-s 00000000 00:19 62                         /dev/shm/vader_segment.openmpi-master.2d380001.26
7fa88c71d000-7fa88cb1e000 rw-s 00000000 00:19 49                         /dev/shm/vader_segment.openmpi-master.2d380001.25
7fa88cb1e000-7fa88cf1f000 rw-s 00000000 00:19 51                         /dev/shm/vader_segment.openmpi-master.2d380001.24
7fa88cf1f000-7fa88d320000 rw-s 00000000 00:19 55                         /dev/shm/vader_segment.openmpi-master.2d380001.23
7fa88d320000-7fa88d721000 rw-s 00000000 00:19 54                         /dev/shm/vader_segment.openmpi-master.2d380001.22
7fa88d721000-7fa88db22000 rw-s 00000000 00:19 46                         /dev/shm/vader_segment.openmpi-master.2d380001.21
7fa88db22000-7fa88df23000 rw-s 00000000 00:19 61                         /dev/shm/vader_segment.openmpi-master.2d380001.20
7fa88df23000-7fa88e324000 rw-s 00000000 00:19 59                         /dev/shm/vader_segment.openmpi-master.2d380001.19
7fa88e324000-7fa88e725000 rw-s 00000000 00:19 39                         /dev/shm/vader_segment.openmpi-master.2d380001.18
7fa88e725000-7fa88eb26000 rw-s 00000000 00:19 37                         /dev/shm/vader_segment.openmpi-master.2d380001.16
7fa88eb26000-7fa88ef27000 rw-s 00000000 00:19 45                         /dev/shm/vader_segment.openmpi-master.2d380001.15
7fa88ef27000-7fa88f328000 rw-s 00000000 00:19 35                         /dev/shm/vader_segment.openmpi-master.2d380001.14
7fa88f328000-7fa88f729000 rw-s 00000000 00:19 36                         /dev/shm/vader_segment.openmpi-master.2d380001.13
7fa88f729000-7fa88fb2a000 rw-s 00000000 00:19 30                         /dev/shm/vader_segment.openmpi-master.2d380001.12
7fa88fb2a000-7fa88ff2b000 rw-s 00000000 00:19 26                         /dev/shm/vader_segment.openmpi-master.2d380001.11
7fa88ff2b000-7fa89032c000 rw-s 00000000 00:19 25                         /dev/shm/vader_segment.openmpi-master.2d380001.10
7fa89032c000-7fa89072d000 rw-s 00000000 00:19 31                         /dev/shm/vader_segment.openmpi-master.2d380001.9
7fa89072d000-7fa890b2e000 rw-s 00000000 00:19 27                         /dev/shm/vader_segment.openmpi-master.2d380001.8
7fa890b2e000-7fa890f2f000 rw-s 00000000 00:19 24                         /dev/shm/vader_segment.openmpi-master.2d380001.7
7fa890f2f000-7fa891330000 rw-s 00000000 00:19 20                         /dev/shm/vader_segment.openmpi-master.2d380001.6
7fa891330000-7fa891731000 rw-s 00000000 00:19 18                         /dev/shm/vader_segment.openmpi-master.2d380001.5
7fa891731000-7fa891b32000 rw-s 00000000 00:19 11                         /dev/shm/vader_segment.openmpi-master.2d380001.4
7fa891b32000-7fa891f33000 rw-s 00000000 00:19 5                          /dev/shm/vader_segment.openmpi-master.2d380001.3
7fa891f33000-7fa892334000 rw-s 00000000 00:19 15                         /dev/shm/vader_segment.openmpi-master.2d380001.2
7fa892334000-7fa892735000 rw-s 00000000 00:19 14                         /dev/shm/vader_segment.openmpi-master.2d380001.1
7fa892735000-7fa892764000 r-xp 00000000 fc:01 782967                     /usr/local/lib/openmpi/mca_osc_rdma.so
7fa892764000-7fa892964000 ---p 0002f000 fc:01 782967                     /usr/local/lib/openmpi/mca_osc_rdma.so
7fa892964000-7fa892965000 r--p 0002f000 fc:01 782967                     /usr/local/lib/openmpi/mca_osc_rdma.so
7fa892965000-7fa892966000 rw-p 00030000 fc:01 782967                     /usr/local/lib/openmpi/mca_osc_rdma.so
7fa892966000-7fa89296c000 r-xp 00000000 fc:01 782960                     /usr/local/lib/openmpi/mca_osc_sm.so
7fa89296c000-7fa892b6b000 ---p 00006000 fc:01 782960                     /usr/local/lib/openmpi/mca_osc_sm.so
7fa892b6b000-7fa892b6c000 r--p 00005000 fc:01 782960                     /usr/local/lib/openmpi/mca_osc_sm.so
7fa892b6c000-7fa892b6e000 rw-p 00006000 fc:01 782960                     /usr/local/lib/openmpi/mca_osc_sm.so
7fa892c7c000-7fa892d7a000 rw-p 00000000 00:00 0 
7fa892d7a000-7fa892d9b000 r-xp 00000000 fc:01 782965                     /usr/local/lib/openmpi/mca_osc_pt2pt.so
7fa892d9b000-7fa892f9a000 ---p 00021000 fc:01 782965                     /usr/local/lib/openmpi/mca_osc_pt2pt.so
7fa892f9a000-7fa892f9b000 r--p 00020000 fc:01 782965                     /usr/local/lib/openmpi/mca_osc_pt2pt.so
7fa892f9b000-7fa892f9c000 rw-p 00021000 fc:01 782965                     /usr/local/lib/openmpi/mca_osc_pt2pt.so
7fa892f9c000-7fa892f9e000 r-xp 00000000 fc:01 29414                      /usr/local/lib/libmca_common_sm.so.40.20.0
7fa892f9e000-7fa89319d000 ---p 00002000 fc:01 29414                      /usr/local/lib/libmca_common_sm.so.40.20.0
7fa89319d000-7fa89319e000 r--p 00001000 fc:01 29414                      /usr/local/lib/libmca_common_sm.so.40.20.0
7fa89319e000-7fa89319f000 rw-p 00002000 fc:01 29414                      /usr/local/lib/libmca_common_sm.so.40.20.0
7fa89319f000-7fa8931a5000 r-xp 00000000 fc:01 782933                     /usr/local/lib/openmpi/mca_coll_sm.so
7fa8931a5000-7fa8933a4000 ---p 00006000 fc:01 782933                     /usr/local/lib/openmpi/mca_coll_sm.so
7fa8933a4000-7fa8933a5000 r--p 00005000 fc:01 782933                     /usr/local/lib/openmpi/mca_coll_sm.so
7fa8933a5000-7fa8933a6000 rw-p 00006000 fc:01 782933                     /usr/local/lib/openmpi/mca_coll_sm.so
7fa8933a6000-7fa8933a9000 r-xp 00000000 fc:01 782936                     /usr/local/lib/openmpi/mca_coll_sync.so
7fa8933a9000-7fa8935a9000 ---p 00003000 fc:01 782936                     /usr/local/lib/openmpi/mca_coll_sync.so
7fa8935a9000-7fa8935aa000 r--p 00003000 fc:01 782936                     /usr/local/lib/openmpi/mca_coll_sync.so
7fa8935aa000-7fa8935ab000 rw-p 00004000 fc:01 782936                     /usr/local/lib/openmpi/mca_coll_sync.so
7fa8935b3000-7fa8935b8000 r-xp 00000000 fc:01 2092                       /lib/x86_64-linux-gnu/libnss_dns-2.27.so
7fa8935b8000-7fa8937b8000 ---p 00005000 fc:01 2092                       /lib/x86_64-linux-gnu/libnss_dns-2.27.so
7fa8937b8000-7fa8937b9000 r--p 00005000 fc:01 2092                       /lib/x86_64-linux-gnu/libnss_dns-2.27.so
7fa8937b9000-7fa8937ba000 rw-p 00006000 fc:01 2092                       /lib/x86_64-linux-gnu/libnss_dns-2.27.so
7fa8937ba000-7fa8937be000 r-xp 00000000 fc:01 782926                     /usr/local/lib/openmpi/mca_coll_inter.so
7fa8937be000-7fa8939bd000 ---p 00004000 fc:01 782926                     /usr/local/lib/openmpi/mca_coll_inter.so
7fa8939bd000-7fa8939be000 r--p 00003000 fc:01 782926                     /usr/local/lib/openmpi/mca_coll_inter.so
7fa8939be000-7fa8939bf000 rw-p 00004000 fc:01 782926                     /usr/local/lib/openmpi/mca_coll_inter.so
7fa8939bf000-7fa8939de000 r-xp 00000000 fc:01 782928                     /usr/local/lib/openmpi/mca_coll_libnbc.so
7fa8939de000-7fa893bde000 ---p 0001f000 fc:01 782928                     /usr/local/lib/openmpi/mca_coll_libnbc.so
7fa893bde000-7fa893bdf000 r--p 0001f000 fc:01 782928                     /usr/local/lib/openmpi/mca_coll_libnbc.so
7fa893bdf000-7fa893be0000 rw-p 00020000 fc:01 782928                     /usr/local/lib/openmpi/mca_coll_libnbc.so
7fa893be0000-7fa893bed000 r-xp 00000000 fc:01 782924                     /usr/local/lib/openmpi/mca_coll_basic.so
7fa893bed000-7fa893dec000 ---p 0000d000 fc:01 782924                     /usr/local/lib/openmpi/mca_coll_basic.so
7fa893dec000-7fa893ded000 r--p 0000c000 fc:01 782924                     /usr/local/lib/openmpi/mca_coll_basic.so
7fa893ded000-7fa893dee000 rw-p 0000d000 fc:01 782924                     /usr/local/lib/openmpi/mca_coll_basic.so
7fa893dee000-7fa893dff000 r-xp 00000000 fc:01 782938                     /usr/local/lib/openmpi/mca_coll_tuned.so
7fa893dff000-7fa893ffe000 ---p 00011000 fc:01 782938                     /usr/local/lib/openmpi/mca_coll_tuned.so
7fa893ffe000-7fa893fff000 r--p 00010000 fc:01 782938                     /usr/local/lib/openmpi/mca_coll_tuned.so
7fa893fff000-7fa894000000 rw-p 00011000 fc:01 782938                     /usr/local/lib/openmpi/mca_coll_tuned.so
7fa894000000-7fa894021000 rw-p 00000000 00:00 0 
7fa894021000-7fa898000000 ---p 00000000 00:00 0 
7fa89804b000-7fa89804e000 ---p 00000000 00:00 0 
7fa89804e000-7fa89814c000 rw-p 00000000 00:00 0 
7fa89814c000-7fa898173000 r-xp 00000000 fc:01 782974                     /usr/local/lib/openmpi/mca_pml_ob1.so
7fa898173000-7fa898373000 ---p 00027000 fc:01 782974                     /usr/local/lib/openmpi/mca_pml_ob1.so
7fa898373000-7fa898374000 r--p 00027000 fc:01 782974                     /usr/local/lib/openmpi/mca_pml_ob1.so
7fa898374000-7fa898375000 rw-p 00028000 fc:01 782974                     /usr/local/lib/openmpi/mca_pml_ob1.so
7fa89837b000-7fa89837d000 r-xp 00000000 fc:01 782930                     /usr/local/lib/openmpi/mca_coll_self.so
7fa89837d000-7fa89857d000 ---p 00002000 fc:01 782930                     /usr/local/lib/openmpi/mca_coll_self.so
7fa89857d000-7fa89857e000 r--p 00002000 fc:01 782930                     /usr/local/lib/openmpi/mca_coll_self.so
7fa89857e000-7fa89857f000 rw-p 00003000 fc:01 782930                     /usr/local/lib/openmpi/mca_coll_self.so
7fa898589000-7fa89898a000 rw-s 00000000 00:19 7                          /dev/shm/vader_segment.openmpi-master.2d380001.0
7fa89898a000-7fa898d8b000 rw-s 00000000 00:19 56                         /dev/shm/vader_segment.openmpi-master.2d380001.17
7fa898d8b000-7fa898d8c000 r-xp 00000000 fc:01 782221                     /usr/local/lib/openmpi/mca_btl_sm.so
7fa898d8c000-7fa898f8b000 ---p 00001000 fc:01 782221                     /usr/local/lib/openmpi/mca_btl_sm.so
7fa898f8b000-7fa898f8c000 r--p 00000000 fc:01 782221                     /usr/local/lib/openmpi/mca_btl_sm.so
7fa898f8c000-7fa898f8d000 rw-p 00001000 fc:01 782221                     /usr/local/lib/openmpi/mca_btl_sm.so
7fa898f8d000-7fa898f9d000 r-xp 00000000 fc:01 782224                     /usr/local/lib/openmpi/mca_btl_tcp.so
7fa898f9d000-7fa89919c000 ---p 00010000 fc:01 782224                     /usr/local/lib/openmpi/mca_btl_tcp.so
7fa89919c000-7fa89919d000 r--p 0000f000 fc:01 782224                     /usr/local/lib/openmpi/mca_btl_tcp.so
7fa89919d000-7fa89919f000 rw-p 00010000 fc:01 782224                     /usr/local/lib/openmpi/mca_btl_tcp.so
7fa89919f000-7fa8991a2000 r-xp 00000000 fc:01 782218                     /usr/local/lib/openmpi/mca_btl_self.so
7fa8991a2000-7fa8993a1000 ---p 00003000 fc:01 782218                     /usr/local/lib/openmpi/mca_btl_self.so
7fa8993a1000-7fa8993a2000 r--p 00002000 fc:01 782218                     /usr/local/lib/openmpi/mca_btl_self.so
7fa8993a2000-7fa8993a3000 rw-p 00003000 fc:01 782218                     /usr/local/lib/openmpi/mca_btl_self.so
7fa8993a3000-7fa8993ac000 r-xp 00000000 fc:01 782227                     /usr/local/lib/openmpi/mca_btl_vader.so
7fa8993ac000-7fa8995ab000 ---p 00009000 fc:01 782227                     /usr/local/lib/openmpi/mca_btl_vader.so
7fa8995ab000-7fa8995ac000 r--p 00008000 fc:01 782227                     /usr/local/lib/openmpi/mca_btl_vader.so
7fa8995ac000-7fa8995ae000 rw-p 00009000 fc:01 782227                     /usr/local/lib/openmpi/mca_btl_vader.so
7fa8995ae000-7fa8995b2000 r-xp 00000000 fc:01 782922                     /usr/local/lib/openmpi/mca_bml_r2.so
7fa8995b2000-7fa8997b1000 ---p 00004000 fc:01 782922                     /usr/local/lib/openmpi/mca_bml_r2.so
7fa8997b1000-7fa8997b2000 r--p 00003000 fc:01 782922                     /usr/local/lib/openmpi/mca_bml_r2.so
7fa8997b2000-7fa8997b3000 rw-p 00004000 fc:01 782922                     /usr/local/lib/openmpi/mca_bml_r2.so
7fa8997b3000-7fa8997b6000 r-xp 00000000 fc:01 782236                     /usr/local/lib/openmpi/mca_mpool_hugepage.so
7fa8997b6000-7fa8999b5000 ---p 00003000 fc:01 782236                     /usr/local/lib/openmpi/mca_mpool_hugepage.so
7fa8999b5000-7fa8999b6000 r--p 00002000 fc:01 782236                     /usr/local/lib/openmpi/mca_mpool_hugepage.so
7fa8999b6000-7fa8999b7000 rw-p 00003000 fc:01 782236                     /usr/local/lib/openmpi/mca_mpool_hugepage.so
7fa8999b7000-7fa8999bd000 r-xp 00000000 fc:01 782334                     /usr/local/lib/openmpi/mca_dfs_app.so
7fa8999bd000-7fa899bbd000 ---p 00006000 fc:01 782334                     /usr/local/lib/openmpi/mca_dfs_app.so
7fa899bbd000-7fa899bbe000 r--p 00006000 fc:01 782334                     /usr/local/lib/openmpi/mca_dfs_app.so
7fa899bbe000-7fa899bbf000 rw-p 00007000 fc:01 782334                     /usr/local/lib/openmpi/mca_dfs_app.so
7fa899bc1000-7fa899bc4000 r-xp 00000000 fc:01 782299                     /usr/local/lib/openmpi/mca_rcache_grdma.so
7fa899bc4000-7fa899dc4000 ---p 00003000 fc:01 782299                     /usr/local/lib/openmpi/mca_rcache_grdma.so
7fa899dc4000-7fa899dc5000 r--p 00003000 fc:01 782299                     /usr/local/lib/openmpi/mca_rcache_grdma.so
7fa899dc5000-7fa899dc6000 rw-p 00004000 fc:01 782299                     /usr/local/lib/openmpi/mca_rcache_grdma.so
7fa899dc6000-7fa899dc9000 r-xp 00000000 fc:01 782418                     /usr/local/lib/openmpi/mca_rml_oob.so
7fa899dc9000-7fa899fc8000 ---p 00003000 fc:01 782418                     /usr/local/lib/openmpi/mca_rml_oob.so
7fa899fc8000-7fa899fc9000 r--p 00002000 fc:01 782418                     /usr/local/lib/openmpi/mca_rml_oob.so
7fa899fc9000-7fa899fca000 rw-p 00003000 fc:01 782418                     /usr/local/lib/openmpi/mca_rml_oob.so
7fa899fca000-7fa899fdd000 r-xp 00000000 fc:01 782380                     /usr/local/lib/openmpi/mca_oob_tcp.so
7fa899fdd000-7fa89a1dc000 ---p 00013000 fc:01 782380                     /usr/local/lib/openmpi/mca_oob_tcp.so
7fa89a1dc000-7fa89a1dd000 r--p 00012000 fc:01 782380                     /usr/local/lib/openmpi/mca_oob_tcp.so
7fa89a1dd000-7fa89a1de000 rw-p 00013000 fc:01 782380                     /usr/local/lib/openmpi/mca_oob_tcp.so
7fa89a1de000-7fa89a1e0000 r-xp 00000000 fc:01 782420                     /usr/local/lib/openmpi/mca_routed_binomial.so
7fa89a1e0000-7fa89a3df000 ---p 00002000 fc:01 782420                     /usr/local/lib/openmpi/mca_routed_binomial.so
7fa89a3df000-7fa89a3e0000 r--p 00001000 fc:01 782420                     /usr/local/lib/openmpi/mca_routed_binomial.so
7fa89a3e0000-7fa89a3e1000 rw-p 00002000 fc:01 782420                     /usr/local/lib/openmpi/mca_routed_binomial.so
7fa89a3e1000-7fa89a3e3000 r-xp 00000000 fc:01 782426                     /usr/local/lib/openmpi/mca_routed_radix.so
7fa89a3e3000-7fa89a5e3000 ---p 00002000 fc:01 782426                     /usr/local/lib/openmpi/mca_routed_radix.so
7fa89a5e3000-7fa89a5e4000 r--p 00002000 fc:01 782426                     /usr/local/lib/openmpi/mca_routed_radix.so
7fa89a5e4000-7fa89a5e5000 rw-p 00003000 fc:01 782426                     /usr/local/lib/openmpi/mca_routed_radix.so
7fa89a5e5000-7fa89a5e7000 r-xp 00000000 fc:01 782424                     /usr/local/lib/openmpi/mca_routed_direct.so
7fa89a5e7000-7fa89a7e6000 ---p 00002000 fc:01 782424                     /usr/local/lib/openmpi/mca_routed_direct.so
7fa89a7e6000-7fa89a7e7000 r--p 00001000 fc:01 782424                     /usr/local/lib/openmpi/mca_routed_direct.so
7fa89a7e7000-7fa89a7e8000 rw-p 00002000 fc:01 782424                     /usr/local/lib/openmpi/mca_routed_direct.so
7fa89a7e8000-7fa89a7ea000 r-xp 00000000 fc:01 782422                     /usr/local/lib/openmpi/mca_routed_debruijn.so
7fa89a7ea000-7fa89a9e9000 ---p 00002000 fc:01 782422                     /usr/local/lib/openmpi/mca_routed_debruijn.so
7fa89a9e9000-7fa89a9ea000 r--p 00001000 fc:01 782422                     /usr/local/lib/openmpi/mca_routed_debruijn.so
7fa89a9ea000-7fa89a9eb000 rw-p 00002000 fc:01 782422                     /usr/local/lib/openmpi/mca_routed_debruijn.so
7fa89a9eb000-7fa89a9ed000 r-xp 00000000 fc:01 782340                     /usr/local/lib/openmpi/mca_errmgr_default_app.so
7fa89a9ed000-7fa89abec000 ---p 00002000 fc:01 782340                     /usr/local/lib/openmpi/mca_errmgr_default_app.so
7fa89abec000-7fa89abed000 r--p 00001000 fc:01 782340                     /usr/local/lib/openmpi/mca_errmgr_default_app.so
7fa89abed000-7fa89abee000 rw-p 00002000 fc:01 782340                     /usr/local/lib/openmpi/mca_errmgr_default_app.so
7fa89abef000-7fa89abf1000 r-xp 00000000 fc:01 782214                     /usr/local/lib/openmpi/mca_allocator_basic.so
7fa89abf1000-7fa89adf1000 ---p 00002000 fc:01 782214                     /usr/local/lib/openmpi/mca_allocator_basic.so
7fa89adf1000-7fa89adf2000 r--p 00002000 fc:01 782214                     /usr/local/lib/openmpi/mca_allocator_basic.so
7fa89adf2000-7fa89adf3000 rw-p 00003000 fc:01 782214                     /usr/local/lib/openmpi/mca_allocator_basic.so
7fa89adf3000-7fa89adf5000 r-xp 00000000 fc:01 782439                     /usr/local/lib/openmpi/mca_state_app.so
7fa89adf5000-7fa89aff4000 ---p 00002000 fc:01 782439                     /usr/local/lib/openmpi/mca_state_app.so
7fa89aff4000-7fa89aff5000 r--p 00001000 fc:01 782439                     /usr/local/lib/openmpi/mca_state_app.so
7fa89aff5000-7fa89aff6000 rw-p 00002000 fc:01 782439                     /usr/local/lib/openmpi/mca_state_app.so
7fa89aff6000-7fa89aff8000 r-xp 00000000 fc:01 782216                     /usr/local/lib/openmpi/mca_allocator_bucket.so
7fa89aff8000-7fa89b1f7000 ---p 00002000 fc:01 782216                     /usr/local/lib/openmpi/mca_allocator_bucket.so
7fa89b1f7000-7fa89b1f8000 r--p 00001000 fc:01 782216                     /usr/local/lib/openmpi/mca_allocator_bucket.so
7fa89b1f8000-7fa89b1f9000 rw-p 00002000 fc:01 782216                     /usr/local/lib/openmpi/mca_allocator_bucket.so
7fa89b1f9000-7fa89b1fe000 r-xp 00000000 fc:01 782363                     /usr/local/lib/openmpi/mca_grpcomm_direct.so
7fa89b1fe000-7fa89b3fd000 ---p 00005000 fc:01 782363                     /usr/local/lib/openmpi/mca_grpcomm_direct.so
7fa89b3fd000-7fa89b3fe000 r--p 00004000 fc:01 782363                     /usr/local/lib/openmpi/mca_grpcomm_direct.so
7fa89b3fe000-7fa89b3ff000 rw-p 00005000 fc:01 782363                     /usr/local/lib/openmpi/mca_grpcomm_direct.so
7fa89b3ff000-7fa89b7ff000 r--s 00000000 fc:01 1039841                    /tmp/ompi.openmpi-master.1000/pid.7847/pmix_dstor_ds21_7847/smdataseg-758644737-0
7fa89b7ff000-7fa89b800000 ---p 00000000 00:00 0 
7fa89b800000-7fa89c000000 rw-p 00000000 00:00 0 
7fa89c000000-7fa89c021000 rw-p 00000000 00:00 0 
7fa89c021000-7fa8a0000000 ---p 00000000 00:00 0 
7fa8a00e0000-7fa8a01e1000 rw-p 00000000 00:00 0 
7fa8a01e1000-7fa8a05e1000 r--s 00000000 fc:01 1039840                    /tmp/ompi.openmpi-master.1000/pid.7847/pmix_dstor_ds21_7847/smseg-758644737-0
7fa8a05e1000-7fa8a05e2000 r-xp 00000000 fc:01 782268                     /usr/local/lib/pmix/mca_plog_stdfd.so
7fa8a05e2000-7fa8a07e1000 ---p 00001000 fc:01 782268                     /usr/local/lib/pmix/mca_plog_stdfd.so
7fa8a07e1000-7fa8a07e2000 r--p 00000000 fc:01 782268                     /usr/local/lib/pmix/mca_plog_stdfd.so
7fa8a07e2000-7fa8a07e3000 rw-p 00001000 fc:01 782268                     /usr/local/lib/pmix/mca_plog_stdfd.so
7fa8a07e3000-7fa8a07e5000 r-xp 00000000 fc:01 782270                     /usr/local/lib/pmix/mca_plog_syslog.so
7fa8a07e5000-7fa8a09e4000 ---p 00002000 fc:01 782270                     /usr/local/lib/pmix/mca_plog_syslog.so
7fa8a09e4000-7fa8a09e5000 r--p 00001000 fc:01 782270                     /usr/local/lib/pmix/mca_plog_syslog.so
7fa8a09e5000-7fa8a09e6000 rw-p 00002000 fc:01 782270                     /usr/local/lib/pmix/mca_plog_syslog.so
7fa8a09e6000-7fa8a09eb000 r-xp 00000000 fc:01 782266                     /usr/local/lib/pmix/mca_plog_default.so
7fa8a09eb000-7fa8a0beb000 ---p 00005000 fc:01 782266                     /usr/local/lib/pmix/mca_plog_default.so
7fa8a0beb000-7fa8a0bec000 r--p 00005000 fc:01 782266                     /usr/local/lib/pmix/mca_plog_default.so
7fa8a0bec000-7fa8a0bed000 rw-p 00006000 fc:01 782266                     /usr/local/lib/pmix/mca_plog_default.so
7fa8a0bed000-7fa8a0bf8000 r-xp 00000000 fc:01 782276                     /usr/local/lib/pmix/mca_preg_native.so
7fa8a0bf8000-7fa8a0df7000 ---p 0000b000 fc:01 782276                     /usr/local/lib/pmix/mca_preg_native.so
7fa8a0df7000-7fa8a0df8000 r--p 0000a000 fc:01 782276                     /usr/local/lib/pmix/mca_preg_native.so
7fa8a0df8000-7fa8a0df9000 rw-p 0000b000 fc:01 782276                     /usr/local/lib/pmix/mca_preg_native.so
7fa8a0df9000-7fa8a0dfb000 r-xp 00000000 fc:01 782288                     /usr/local/lib/pmix/mca_pshmem_mmap.so
7fa8a0dfb000-7fa8a0ffa000 ---p 00002000 fc:01 782288                     /usr/local/lib/pmix/mca_pshmem_mmap.so
7fa8a0ffa000-7fa8a0ffb000 r--p 00001000 fc:01 782288                     /usr/local/lib/pmix/mca_pshmem_mmap.so
7fa8a0ffb000-7fa8a0ffc000 rw-p 00002000 fc:01 782288                     /usr/local/lib/pmix/mca_pshmem_mmap.so
7fa8a0ffc000-7fa8a1000000 r-xp 00000000 fc:01 782262                     /usr/local/lib/pmix/mca_gds_ds21.so
7fa8a1000000-7fa8a11ff000 ---p 00004000 fc:01 782262                     /usr/local/lib/pmix/mca_gds_ds21.so
7fa8a11ff000-7fa8a1200000 r--p 00003000 fc:01 782262                     /usr/local/lib/pmix/mca_gds_ds21.so
7fa8a1200000-7fa8a1201000 rw-p 00004000 fc:01 782262                     /usr/local/lib/pmix/mca_gds_ds21.so
7fa8a1201000-7fa8a1211000 r-xp 00000000 fc:01 782264                     /usr/local/lib/pmix/mca_gds_hash.so
7fa8a1211000-7fa8a1411000 ---p 00010000 fc:01 782264                     /usr/local/lib/pmix/mca_gds_hash.so
7fa8a1411000-7fa8a1412000 r--p 00010000 fc:01 782264                     /usr/local/lib/pmix/mca_gds_hash.so
7fa8a1412000-7fa8a1413000 rw-p 00011000 fc:01 782264                     /usr/local/lib/pmix/mca_gds_hash.so
7fa8a1413000-7fa8a1425000 r-xp 00000000 fc:01 29681                      /usr/local/lib/libmca_common_dstore.so.1.0.0
7fa8a1425000-7fa8a1624000 ---p 00012000 fc:01 29681                      /usr/local/lib/libmca_common_dstore.so.1.0.0
7fa8a1624000-7fa8a1625000 r--p 00011000 fc:01 29681                      /usr/local/lib/libmca_common_dstore.so.1.0.0
7fa8a1625000-7fa8a1626000 rw-p 00012000 fc:01 29681                      /usr/local/lib/libmca_common_dstore.so.1.0.0
7fa8a1626000-7fa8a162a000 r-xp 00000000 fc:01 782260                     /usr/local/lib/pmix/mca_gds_ds12.so
7fa8a162a000-7fa8a1829000 ---p 00004000 fc:01 782260                     /usr/local/lib/pmix/mca_gds_ds12.so
7fa8a1829000-7fa8a182a000 r--p 00003000 fc:01 782260                     /usr/local/lib/pmix/mca_gds_ds12.so
7fa8a182a000-7fa8a182b000 rw-p 00004000 fc:01 782260                     /usr/local/lib/pmix/mca_gds_ds12.so
7fa8a182b000-7fa8a1833000 r-xp 00000000 fc:01 782292                     /usr/local/lib/pmix/mca_ptl_usock.so
7fa8a1833000-7fa8a1a32000 ---p 00008000 fc:01 782292                     /usr/local/lib/pmix/mca_ptl_usock.so
7fa8a1a32000-7fa8a1a33000 r--p 00007000 fc:01 782292                     /usr/local/lib/pmix/mca_ptl_usock.so
7fa8a1a33000-7fa8a1a34000 rw-p 00008000 fc:01 782292                     /usr/local/lib/pmix/mca_ptl_usock.so
7fa8a1a34000-7fa8a1a46000 r-xp 00000000 fc:01 782290                     /usr/local/lib/pmix/mca_ptl_tcp.so
7fa8a1a46000-7fa8a1c45000 ---p 00012000 fc:01 782290                     /usr/local/lib/pmix/mca_ptl_tcp.so
7fa8a1c45000-7fa8a1c46000 r--p 00011000 fc:01 782290                     /usr/local/lib/pmix/mca_ptl_tcp.so
7fa8a1c46000-7fa8a1c47000 rw-p 00012000 fc:01 782290                     /usr/local/lib/pmix/mca_ptl_tcp.so
7fa8a1c47000-7fa8a1c59000 r-xp 00000000 fc:01 782252                     /usr/local/lib/pmix/mca_bfrops_v12.so
7fa8a1c59000-7fa8a1e58000 ---p 00012000 fc:01 782252                     /usr/local/lib/pmix/mca_bfrops_v12.so
7fa8a1e58000-7fa8a1e59000 r--p 00011000 fc:01 782252                     /usr/local/lib/pmix/mca_bfrops_v12.so
7fa8a1e59000-7fa8a1e5a000 rw-p 00012000 fc:01 782252                     /usr/local/lib/pmix/mca_bfrops_v12.so
7fa8a1e5a000-7fa8a1e73000 r-xp 00000000 fc:01 782254                     /usr/local/lib/pmix/mca_bfrops_v20.so
7fa8a1e73000-7fa8a2072000 ---p 00019000 fc:01 782254                     /usr/local/lib/pmix/mca_bfrops_v20.so
7fa8a2072000-7fa8a2073000 r--p 00018000 fc:01 782254                     /usr/local/lib/pmix/mca_bfrops_v20.so
7fa8a2073000-7fa8a2074000 rw-p 00019000 fc:01 782254                     /usr/local/lib/pmix/mca_bfrops_v20.so
7fa8a2074000-7fa8a207c000 r-xp 00000000 fc:01 782258                     /usr/local/lib/pmix/mca_bfrops_v3.so
7fa8a207c000-7fa8a227b000 ---p 00008000 fc:01 782258                     /usr/local/lib/pmix/mca_bfrops_v3.so
7fa8a227b000-7fa8a227c000 r--p 00007000 fc:01 782258                     /usr/local/lib/pmix/mca_bfrops_v3.so
7fa8a227c000-7fa8a227d000 rw-p 00008000 fc:01 782258                     /usr/local/lib/pmix/mca_bfrops_v3.so
7fa8a227d000-7fa8a2284000 r-xp 00000000 fc:01 782256                     /usr/local/lib/pmix/mca_bfrops_v21.so
7fa8a2284000-7fa8a2484000 ---p 00007000 fc:01 782256                     /usr/local/lib/pmix/mca_bfrops_v21.so
7fa8a2484000-7fa8a2485000 r--p 00007000 fc:01 782256                     /usr/local/lib/pmix/mca_bfrops_v21.so
7fa8a2485000-7fa8a2486000 rw-p 00008000 fc:01 782256                     /usr/local/lib/pmix/mca_bfrops_v21.so
7fa8a2486000-7fa8a25d2000 r-xp 00000000 fc:01 782295                     /usr/local/lib/openmpi/mca_pmix_pmix3x.so
7fa8a25d2000-7fa8a27d2000 ---p 0014c000 fc:01 782295                     /usr/local/lib/openmpi/mca_pmix_pmix3x.so
7fa8a27d2000-7fa8a27d3000 r--p 0014c000 fc:01 782295                     /usr/local/lib/openmpi/mca_pmix_pmix3x.so
7fa8a27d3000-7fa8a27d8000 rw-p 0014d000 fc:01 782295                     /usr/local/lib/openmpi/mca_pmix_pmix3x.so
7fa8a27d8000-7fa8a27db000 rw-p 00000000 00:00 0 
7fa8a27de000-7fa8a27e0000 r-xp 00000000 fc:01 782278                     /usr/local/lib/pmix/mca_psec_native.so
7fa8a27e0000-7fa8a29df000 ---p 00002000 fc:01 782278                     /usr/local/lib/pmix/mca_psec_native.so
7fa8a29df000-7fa8a29e0000 r--p 00001000 fc:01 782278                     /usr/local/lib/pmix/mca_psec_native.so
7fa8a29e0000-7fa8a29e1000 rw-p 00002000 fc:01 782278                     /usr/local/lib/pmix/mca_psec_native.so
7fa8a29e1000-7fa8a29e2000 ---p 00000000 00:00 0 
7fa8a29e2000-7fa8a31e2000 rw-p 00000000 00:00 0 
7fa8a31e2000-7fa8a31e6000 r-xp 00000000 fc:01 782352                     /usr/local/lib/openmpi/mca_ess_pmi.so
7fa8a31e6000-7fa8a33e5000 ---p 00004000 fc:01 782352                     /usr/local/lib/openmpi/mca_ess_pmi.so
7fa8a33e5000-7fa8a33e6000 r--p 00003000 fc:01 782352                     /usr/local/lib/openmpi/mca_ess_pmi.so
7fa8a33e6000-7fa8a33e7000 rw-p 00004000 fc:01 782352                     /usr/local/lib/openmpi/mca_ess_pmi.so
7fa8a33e7000-7fa8a33e8000 r-xp 00000000 fc:01 782435                     /usr/local/lib/openmpi/mca_schizo_orte.so
7fa8a33e8000-7fa8a35e7000 ---p 00001000 fc:01 782435                     /usr/local/lib/openmpi/mca_schizo_orte.so
7fa8a35e7000-7fa8a35e8000 r--p 00000000 fc:01 782435                     /usr/local/lib/openmpi/mca_schizo_orte.so
7fa8a35e8000-7fa8a35e9000 rw-p 00001000 fc:01 782435                     /usr/local/lib/openmpi/mca_schizo_orte.so
7fa8a35e9000-7fa8a35eb000 r-xp 00000000 fc:01 782437                     /usr/local/lib/openmpi/mca_schizo_slurm.so
7fa8a35eb000-7fa8a37ea000 ---p 00002000 fc:01 782437                     /usr/local/lib/openmpi/mca_schizo_slurm.so
7fa8a37ea000-7fa8a37eb000 r--p 00001000 fc:01 782437                     /usr/local/lib/openmpi/mca_schizo_slurm.so
7fa8a37eb000-7fa8a37ec000 rw-p 00002000 fc:01 782437                     /usr/local/lib/openmpi/mca_schizo_slurm.so
7fa8a37ec000-7fa8a37f4000 r-xp 00000000 fc:01 782433                     /usr/local/lib/openmpi/mca_schizo_ompi.so
7fa8a37f4000-7fa8a39f3000 ---p 00008000 fc:01 782433                     /usr/local/lib/openmpi/mca_schizo_ompi.so
7fa8a39f3000-7fa8a39f4000 r--p 00007000 fc:01 782433                     /usr/local/lib/openmpi/mca_schizo_ompi.so
7fa8a39f4000-7fa8a39f6000 rw-p 00008000 fc:01 782433                     /usr/local/lib/openmpi/mca_schizo_ompi.so
7fa8a39f6000-7fa8a39f7000 r-xp 00000000 fc:01 782431                     /usr/local/lib/openmpi/mca_schizo_flux.so
7fa8a39f7000-7fa8a3bf7000 ---p 00001000 fc:01 782431                     /usr/local/lib/openmpi/mca_schizo_flux.so
7fa8a3bf7000-7fa8a3bf8000 r--p 00001000 fc:01 782431                     /usr/local/lib/openmpi/mca_schizo_flux.so
7fa8a3bf8000-7fa8a3bf9000 rw-p 00002000 fc:01 782431                     /usr/local/lib/openmpi/mca_schizo_flux.so
7fa8a3bf9000-7fa8a3bfb000 r-xp 00000000 fc:01 782301                     /usr/local/lib/openmpi/mca_reachable_weighted.so
7fa8a3bfb000-7fa8a3dfa000 ---p 00002000 fc:01 782301                     /usr/local/lib/openmpi/mca_reachable_weighted.so
7fa8a3dfa000-7fa8a3dfb000 r--p 00001000 fc:01 782301                     /usr/local/lib/openmpi/mca_reachable_weighted.so
7fa8a3dfb000-7fa8a3dfc000 rw-p 00002000 fc:01 782301                     /usr/local/lib/openmpi/mca_reachable_weighted.so
7fa8a3dfc000-7fa8a3dff000 r-xp 00000000 fc:01 782304                     /usr/local/lib/openmpi/mca_shmem_mmap.so
7fa8a3dff000-7fa8a3ffe000 ---p 00003000 fc:01 782304                     /usr/local/lib/openmpi/mca_shmem_mmap.so
7fa8a3ffe000-7fa8a3fff000 r--p 00002000 fc:01 782304                     /usr/local/lib/openmpi/mca_shmem_mmap.so
7fa8a3fff000-7fa8a4000000 rw-p 00003000 fc:01 782304                     /usr/local/lib/openmpi/mca_shmem_mmap.so
7fa8a4000000-7fa8a4021000 rw-p 00000000 00:00 0 
7fa8a4021000-7fa8a8000000 ---p 00000000 00:00 0 
7fa8a80d1000-7fa8a80d3000 r-xp 00000000 fc:01 2182                       /lib/x86_64-linux-gnu/libutil-2.27.so
7fa8a80d3000-7fa8a82d2000 ---p 00002000 fc:01 2182                       /lib/x86_64-linux-gnu/libutil-2.27.so
7fa8a82d2000-7fa8a82d3000 r--p 00001000 fc:01 2182                       /lib/x86_64-linux-gnu/libutil-2.27.so
7fa8a82d3000-7fa8a82d4000 rw-p 00002000 fc:01 2182                       /lib/x86_64-linux-gnu/libutil-2.27.so
7fa8a82d4000-7fa8a8389000 r-xp 00000000 fc:01 29711                      /usr/local/lib/libopen-rte.so.40.20.1
7fa8a8389000-7fa8a8588000 ---p 000b5000 fc:01 29711                      /usr/local/lib/libopen-rte.so.40.20.1
7fa8a8588000-7fa8a858a000 r--p 000b4000 fc:01 29711                      /usr/local/lib/libopen-rte.so.40.20.1
7fa8a858a000-7fa8a858e000 rw-p 000b6000 fc:01 29711                      /usr/local/lib/libopen-rte.so.40.20.1
7fa8a858e000-7fa8a8591000 rw-p 00000000 00:00 0 
7fa8a8591000-7fa8a8694000 r-xp 00000000 fc:01 13011                      /usr/local/lib/libopen-pal.so.40.20.1
7fa8a8694000-7fa8a8894000 ---p 00103000 fc:01 13011                      /usr/local/lib/libopen-pal.so.40.20.1
7fa8a8894000-7fa8a8897000 r--p 00103000 fc:01 13011                      /usr/local/lib/libopen-pal.so.40.20.1
7fa8a8897000-7fa8a889d000 rw-p 00106000 fc:01 13011                      /usr/local/lib/libopen-pal.so.40.20.1
7fa8a889d000-7fa8a88a4000 rw-p 00000000 00:00 0 
7fa8a88a4000-7fa8a899a000 r-xp 00000000 fc:01 29875                      /usr/local/lib/libmpi.so.40.20.1
7fa8a899a000-7fa8a8b99000 ---p 000f6000 fc:01 29875                      /usr/local/lib/libmpi.so.40.20.1
7fa8a8b99000-7fa8a8b9b000 r--p 000f5000 fc:01 29875                      /usr/local/lib/libmpi.so.40.20.1
7fa8a8b9b000-7fa8a8bac000 rw-p 000f7000 fc:01 29875                      /usr/local/lib/libmpi.so.40.20.1
7fa8a8bac000-7fa8a8bbe000 rw-p 00000000 00:00 0 
7fa8a8bbe000-7fa8a8be6000 r-xp 00000000 fc:01 71469                      /usr/local/lib/libmpi_java.so.40.20.0
7fa8a8be6000-7fa8a8de5000 ---p 00028000 fc:01 71469                      /usr/local/lib/libmpi_java.so.40.20.0
7fa8a8de5000-7fa8a8de6000 r--p 00027000 fc:01 71469                      /usr/local/lib/libmpi_java.so.40.20.0
7fa8a8de6000-7fa8a8de7000 rw-p 00028000 fc:01 71469                      /usr/local/lib/libmpi_java.so.40.20.0
7fa8a8de7000-7fa8abde8000 rw-p 00000000 00:00 0 
7fa8abde8000-7fa8abdff000 r-xp 00000000 fc:01 1302611                    /usr/lib/jvm/java-8-openjdk-amd64/jre/lib/amd64/libnet.so
7fa8abdff000-7fa8abffe000 ---p 00017000 fc:01 1302611                    /usr/lib/jvm/java-8-openjdk-amd64/jre/lib/amd64/libnet.so
7fa8abffe000-7fa8abfff000 r--p 00016000 fc:01 1302611                    /usr/lib/jvm/java-8-openjdk-amd64/jre/lib/amd64/libnet.so
7fa8abfff000-7fa8ac000000 rw-p 00017000 fc:01 1302611                    /usr/lib/jvm/java-8-openjdk-amd64/jre/lib/amd64/libnet.so
7fa8ac000000-7fa8ac32b000 rw-p 00000000 00:00 0 
7fa8ac32b000-7fa8b0000000 ---p 00000000 00:00 0 
7fa8b0000000-7fa8b0021000 rw-p 00000000 00:00 0 
7fa8b0021000-7fa8b4000000 ---p 00000000 00:00 0 
7fa8b4000000-7fa8b4021000 rw-p 00000000 00:00 0 
7fa8b4021000-7fa8b8000000 ---p 00000000 00:00 0 
7fa8b8000000-7fa8b8106000 rw-p 00000000 00:00 0 
7fa8b8106000-7fa8bc000000 ---p 00000000 00:00 0 
7fa8bc000000-7fa8bc021000 rw-p 00000000 00:00 0 
7fa8bc021000-7fa8c0000000 ---p 00000000 00:00 0 
7fa8c0000000-7fa8c0021000 rw-p 00000000 00:00 0 
7fa8c0021000-7fa8c4000000 ---p 00000000 00:00 0 
7fa8c4000000-7fa8c4021000 rw-p 00000000 00:00 0 
7fa8c4021000-7fa8c8000000 ---p 00000000 00:00 0 
7fa8c805e000-7fa8c805f000 r--s 0000f000 fc:01 71467                      /usr/local/lib/mpi.jar
7fa8c805f000-7fa8c8062000 r--s 00018000 fc:01 527705                     /home/mpiuser/cloud/fyp/java_client/lib/http-client-3.6.1.RELEASE.jar
7fa8c8062000-7fa8c8064000 r--s 00009000 fc:01 527714                     /home/mpiuser/cloud/fyp/java_client/lib/slf4j-api-1.7.30.jar
7fa8c8064000-7fa8c807f000 r--s 00145000 fc:01 527717                     /home/mpiuser/cloud/fyp/java_client/lib/spring-core-5.2.5.RELEASE.jar
7fa8c807f000-7fa8c8081000 r--s 00009000 fc:01 527713                     /home/mpiuser/cloud/fyp/java_client/lib/slf4j-api-1.7.29.jar
7fa8c8081000-7fa8c8086000 r--s 00051000 fc:01 527709                     /home/mpiuser/cloud/fyp/java_client/lib/jackson-core-2.10.3.jar
7fa8c8086000-7fa8c808b000 r--s 00051000 fc:01 527708                     /home/mpiuser/cloud/fyp/java_client/lib/jackson-core-2.10.2.jar
7fa8c808b000-7fa8c808e000 r--s 0000e000 fc:01 527706                     /home/mpiuser/cloud/fyp/java_client/lib/jackson-annotations-2.10.2.jar
7fa8c808e000-7fa8c809b000 r--s 0009b000 fc:01 527716                     /home/mpiuser/cloud/fyp/java_client/lib/spring-beans-5.2.5.RELEASE.jar
7fa8c809b000-7fa8c813e000 rw-p 00000000 00:00 0 
7fa8c813e000-7fa8c813f000 r--s 00000000 fc:01 1039764                    /tmp/ompi.openmpi-master.1000/pid.7847/pmix_dstor_ds21_7847/initial-pmix_shared-segment-0
7fa8c813f000-7fa8c8140000 rw-s 00000000 fc:01 1039765                    /tmp/ompi.openmpi-master.1000/pid.7847/pmix_dstor_ds21_7847/smlockseg-758644737
7fa8c8140000-7fa8c8141000 r--s 00000000 fc:01 1039766                    /tmp/ompi.openmpi-master.1000/pid.7847/pmix_dstor_ds12_7847/initial-pmix_shared-segment-0
7fa8c8141000-7fa8c8142000 rw-s 00000000 fc:01 1039767                    /tmp/ompi.openmpi-master.1000/pid.7847/pmix_dstor_ds12_7847/dstore_sm.lock
7fa8c8142000-7fa8c8143000 r--s 0000f000 fc:01 527712                     /home/mpiuser/cloud/fyp/java_client/lib/mpi.jar
7fa8c8143000-7fa8c8146000 r--s 0000e000 fc:01 527707                     /home/mpiuser/cloud/fyp/java_client/lib/jackson-annotations-2.10.3.jar
7fa8c8146000-7fa8c8163000 r--s 00142000 fc:01 527719                     /home/mpiuser/cloud/fyp/java_client/lib/spring-web-5.2.5.RELEASE.jar
7fa8c8163000-7fa8c8170000 r--s 00090000 fc:01 527704                     /home/mpiuser/cloud/fyp/java_client/lib/amqp-client-5.8.0.jar
7fa8c8170000-7fa8c8171000 r--s 00003000 fc:01 527715                     /home/mpiuser/cloud/fyp/java_client/lib/slf4j-simple-1.7.30.jar
7fa8c8171000-7fa8c8186000 r--s 00142000 fc:01 527710                     /home/mpiuser/cloud/fyp/java_client/lib/jackson-databind-2.10.2.jar
7fa8c8186000-7fa8c819b000 r--s 00142000 fc:01 527711                     /home/mpiuser/cloud/fyp/java_client/lib/jackson-databind-2.10.3.jar
7fa8c819b000-7fa8c819c000 r--s 00005000 fc:01 527718                     /home/mpiuser/cloud/fyp/java_client/lib/spring-jcl-5.2.5.RELEASE.jar
7fa8c819c000-7fa8c81ad000 r-xp 00000000 fc:01 1302612                    /usr/lib/jvm/java-8-openjdk-amd64/jre/lib/amd64/libnio.so
7fa8c81ad000-7fa8c83ad000 ---p 00011000 fc:01 1302612                    /usr/lib/jvm/java-8-openjdk-amd64/jre/lib/amd64/libnio.so
7fa8c83ad000-7fa8c83ae000 r--p 00011000 fc:01 1302612                    /usr/lib/jvm/java-8-openjdk-amd64/jre/lib/amd64/libnio.so
7fa8c83ae000-7fa8c83af000 rw-p 00012000 fc:01 1302612                    /usr/lib/jvm/java-8-openjdk-amd64/jre/lib/amd64/libnio.so
7fa8c83af000-7fa8c83ca000 r--s 001d6000 fc:01 1555512                    /usr/lib/jvm/java-8-openjdk-amd64/jre/lib/ext/nashorn.jar
7fa8c83ca000-7fa8c83cf000 r--s 0003d000 fc:01 1555514                    /usr/lib/jvm/java-8-openjdk-amd64/jre/lib/ext/sunjce_provider.jar
7fa8c83cf000-7fa8c83ea000 r--s 00394000 fc:01 1555507                    /usr/lib/jvm/java-8-openjdk-amd64/jre/lib/ext/cldrdata.jar
7fa8c83ea000-7fa8c83eb000 ---p 00000000 00:00 0 
7fa8c83eb000-7fa8c84eb000 rw-p 00000000 00:00 0 
7fa8c84eb000-7fa8c84ee000 ---p 00000000 00:00 0 
7fa8c84ee000-7fa8c85ec000 rw-p 00000000 00:00 0 
7fa8c85ec000-7fa8c85ed000 ---p 00000000 00:00 0 
7fa8c85ed000-7fa8c85f0000 ---p 00000000 00:00 0 
7fa8c85f0000-7fa8c86ed000 rw-p 00000000 00:00 0 
7fa8c86ed000-7fa8c86ee000 ---p 00000000 00:00 0 
7fa8c86ee000-7fa8c86f1000 ---p 00000000 00:00 0 
7fa8c86f1000-7fa8c87ee000 rw-p 00000000 00:00 0 
7fa8c87ee000-7fa8c87f1000 ---p 00000000 00:00 0 
7fa8c87f1000-7fa8c88ef000 rw-p 00000000 00:00 0 
7fa8c88ef000-7fa8c8920000 r--p 00000000 fc:01 7802                       /usr/lib/locale/C.UTF-8/LC_CTYPE
7fa8c8920000-7fa8c8a93000 r--p 00000000 fc:01 7801                       /usr/lib/locale/C.UTF-8/LC_COLLATE
7fa8c8a93000-7fa8c8c2e000 r--p 00000000 fc:01 7796                       /usr/lib/locale/locale-archive
7fa8c8c2e000-7fa8c8c31000 ---p 00000000 00:00 0 
7fa8c8c31000-7fa8c8d2f000 rw-p 00000000 00:00 0 
7fa8c8d2f000-7fa8c8d32000 ---p 00000000 00:00 0 
7fa8c8d32000-7fa8c8e30000 rw-p 00000000 00:00 0 
7fa8c8e30000-7fa8c9000000 r--s 03c68000 fc:01 1302635                    /usr/lib/jvm/java-8-openjdk-amd64/jre/lib/rt.jar
7fa8c9000000-7fa8c9270000 rwxp 00000000 00:00 0 
7fa8c9270000-7fa8d8000000 ---p 00000000 00:00 0 
7fa8d8000000-7fa8d84ce000 rw-p 00000000 00:00 0 
7fa8d84ce000-7fa8dc000000 ---p 00000000 00:00 0 
7fa8dc000000-7fa8dc004000 r--s 0003a000 fc:01 1555515                    /usr/lib/jvm/java-8-openjdk-amd64/jre/lib/ext/sunpkcs11.jar
7fa8dc004000-7fa8dc005000 r--s 00010000 fc:01 1555516                    /usr/lib/jvm/java-8-openjdk-amd64/jre/lib/ext/zipfs.jar
7fa8dc005000-7fa8dc006000 r--s 0000a000 fc:01 1555510                    /usr/lib/jvm/java-8-openjdk-amd64/jre/lib/ext/jaccess.jar
7fa8dc006000-7fa8dc008000 r--s 00007000 fc:01 29606                      /usr/share/java/java-atk-wrapper.jar
7fa8dc008000-7fa8dc009000 ---p 00000000 00:00 0 
7fa8dc009000-7fa8dc850000 rw-p 00000000 00:00 0 
7fa8dc850000-7fa8dca50000 ---p 00000000 00:00 0 
7fa8dca50000-7fa8dca5a000 rw-p 00000000 00:00 0 
7fa8dca5a000-7fa8dce10000 ---p 00000000 00:00 0 
7fa8dce10000-7fa8dce18000 r-xp 00000000 fc:01 1302619                    /usr/lib/jvm/java-8-openjdk-amd64/jre/lib/amd64/libzip.so
7fa8dce18000-7fa8dd017000 ---p 00008000 fc:01 1302619                    /usr/lib/jvm/java-8-openjdk-amd64/jre/lib/amd64/libzip.so
7fa8dd017000-7fa8dd018000 r--p 00007000 fc:01 1302619                    /usr/lib/jvm/java-8-openjdk-amd64/jre/lib/amd64/libzip.so
7fa8dd018000-7fa8dd019000 rw-p 00008000 fc:01 1302619                    /usr/lib/jvm/java-8-openjdk-amd64/jre/lib/amd64/libzip.so
7fa8dd019000-7fa8dd024000 r-xp 00000000 fc:01 2093                       /lib/x86_64-linux-gnu/libnss_files-2.27.so
7fa8dd024000-7fa8dd223000 ---p 0000b000 fc:01 2093                       /lib/x86_64-linux-gnu/libnss_files-2.27.so
7fa8dd223000-7fa8dd224000 r--p 0000a000 fc:01 2093                       /lib/x86_64-linux-gnu/libnss_files-2.27.so
7fa8dd224000-7fa8dd225000 rw-p 0000b000 fc:01 2093                       /lib/x86_64-linux-gnu/libnss_files-2.27.so
7fa8dd225000-7fa8dd22b000 rw-p 00000000 00:00 0 
7fa8dd22b000-7fa8dd242000 r-xp 00000000 fc:01 2090                       /lib/x86_64-linux-gnu/libnsl-2.27.so
7fa8dd242000-7fa8dd441000 ---p 00017000 fc:01 2090                       /lib/x86_64-linux-gnu/libnsl-2.27.so
7fa8dd441000-7fa8dd442000 r--p 00016000 fc:01 2090                       /lib/x86_64-linux-gnu/libnsl-2.27.so
7fa8dd442000-7fa8dd443000 rw-p 00017000 fc:01 2090                       /lib/x86_64-linux-gnu/libnsl-2.27.so
7fa8dd443000-7fa8dd445000 rw-p 00000000 00:00 0 
7fa8dd445000-7fa8dd450000 r-xp 00000000 fc:01 2095                       /lib/x86_64-linux-gnu/libnss_nis-2.27.so
7fa8dd450000-7fa8dd64f000 ---p 0000b000 fc:01 2095                       /lib/x86_64-linux-gnu/libnss_nis-2.27.so
7fa8dd64f000-7fa8dd650000 r--p 0000a000 fc:01 2095                       /lib/x86_64-linux-gnu/libnss_nis-2.27.so
7fa8dd650000-7fa8dd651000 rw-p 0000b000 fc:01 2095                       /lib/x86_64-linux-gnu/libnss_nis-2.27.so
7fa8dd651000-7fa8dd659000 r-xp 00000000 fc:01 2091                       /lib/x86_64-linux-gnu/libnss_compat-2.27.so
7fa8dd659000-7fa8dd859000 ---p 00008000 fc:01 2091                       /lib/x86_64-linux-gnu/libnss_compat-2.27.so
7fa8dd859000-7fa8dd85a000 r--p 00008000 fc:01 2091                       /lib/x86_64-linux-gnu/libnss_compat-2.27.so
7fa8dd85a000-7fa8dd85b000 rw-p 00009000 fc:01 2091                       /lib/x86_64-linux-gnu/libnss_compat-2.27.so
7fa8dd85b000-7fa8dd885000 r-xp 00000000 fc:01 1302600                    /usr/lib/jvm/java-8-openjdk-amd64/jre/lib/amd64/libjava.so
7fa8dd885000-7fa8dda84000 ---p 0002a000 fc:01 1302600                    /usr/lib/jvm/java-8-openjdk-amd64/jre/lib/amd64/libjava.so
7fa8dda84000-7fa8dda85000 r--p 00029000 fc:01 1302600                    /usr/lib/jvm/java-8-openjdk-amd64/jre/lib/amd64/libjava.so
7fa8dda85000-7fa8dda87000 rw-p 0002a000 fc:01 1302600                    /usr/lib/jvm/java-8-openjdk-amd64/jre/lib/amd64/libjava.so
7fa8dda87000-7fa8dda97000 r-xp 00000000 fc:01 1302618                    /usr/lib/jvm/java-8-openjdk-amd64/jre/lib/amd64/libverify.so
7fa8dda97000-7fa8ddc96000 ---p 00010000 fc:01 1302618                    /usr/lib/jvm/java-8-openjdk-amd64/jre/lib/amd64/libverify.so
7fa8ddc96000-7fa8ddc98000 r--p 0000f000 fc:01 1302618                    /usr/lib/jvm/java-8-openjdk-amd64/jre/lib/amd64/libverify.so
7fa8ddc98000-7fa8ddc99000 rw-p 00011000 fc:01 1302618                    /usr/lib/jvm/java-8-openjdk-amd64/jre/lib/amd64/libverify.so
7fa8ddc99000-7fa8ddca0000 r-xp 00000000 fc:01 2180                       /lib/x86_64-linux-gnu/librt-2.27.so
7fa8ddca0000-7fa8dde9f000 ---p 00007000 fc:01 2180                       /lib/x86_64-linux-gnu/librt-2.27.so
7fa8dde9f000-7fa8ddea0000 r--p 00006000 fc:01 2180                       /lib/x86_64-linux-gnu/librt-2.27.so
7fa8ddea0000-7fa8ddea1000 rw-p 00007000 fc:01 2180                       /lib/x86_64-linux-gnu/librt-2.27.so
7fa8ddea1000-7fa8ddeb8000 r-xp 00000000 fc:01 29154                      /lib/x86_64-linux-gnu/libgcc_s.so.1
7fa8ddeb8000-7fa8de0b7000 ---p 00017000 fc:01 29154                      /lib/x86_64-linux-gnu/libgcc_s.so.1
7fa8de0b7000-7fa8de0b8000 r--p 00016000 fc:01 29154                      /lib/x86_64-linux-gnu/libgcc_s.so.1
7fa8de0b8000-7fa8de0b9000 rw-p 00017000 fc:01 29154                      /lib/x86_64-linux-gnu/libgcc_s.so.1
7fa8de0b9000-7fa8de256000 r-xp 00000000 fc:01 2087                       /lib/x86_64-linux-gnu/libm-2.27.so
7fa8de256000-7fa8de455000 ---p 0019d000 fc:01 2087                       /lib/x86_64-linux-gnu/libm-2.27.so
7fa8de455000-7fa8de456000 r--p 0019c000 fc:01 2087                       /lib/x86_64-linux-gnu/libm-2.27.so
7fa8de456000-7fa8de457000 rw-p 0019d000 fc:01 2087                       /lib/x86_64-linux-gnu/libm-2.27.so
7fa8de457000-7fa8de5d0000 r-xp 00000000 fc:01 4344                       /usr/lib/x86_64-linux-gnu/libstdc++.so.6.0.25
7fa8de5d0000-7fa8de7d0000 ---p 00179000 fc:01 4344                       /usr/lib/x86_64-linux-gnu/libstdc++.so.6.0.25
7fa8de7d0000-7fa8de7da000 r--p 00179000 fc:01 4344                       /usr/lib/x86_64-linux-gnu/libstdc++.so.6.0.25
7fa8de7da000-7fa8de7dc000 rw-p 00183000 fc:01 4344                       /usr/lib/x86_64-linux-gnu/libstdc++.so.6.0.25
7fa8de7dc000-7fa8de7e0000 rw-p 00000000 00:00 0 
7fa8de7e0000-7fa8df483000 r-xp 00000000 fc:01 1302622                    /usr/lib/jvm/java-8-openjdk-amd64/jre/lib/amd64/server/libjvm.so
7fa8df483000-7fa8df683000 ---p 00ca3000 fc:01 1302622                    /usr/lib/jvm/java-8-openjdk-amd64/jre/lib/amd64/server/libjvm.so
7fa8df683000-7fa8df717000 r--p 00ca3000 fc:01 1302622                    /usr/lib/jvm/java-8-openjdk-amd64/jre/lib/amd64/server/libjvm.so
7fa8df717000-7fa8df740000 rw-p 00d37000 fc:01 1302622                    /usr/lib/jvm/java-8-openjdk-amd64/jre/lib/amd64/server/libjvm.so
7fa8df740000-7fa8df770000 rw-p 00000000 00:00 0 
7fa8df770000-7fa8df78a000 r-xp 00000000 fc:01 2178                       /lib/x86_64-linux-gnu/libpthread-2.27.so
7fa8df78a000-7fa8df989000 ---p 0001a000 fc:01 2178                       /lib/x86_64-linux-gnu/libpthread-2.27.so
7fa8df989000-7fa8df98a000 r--p 00019000 fc:01 2178                       /lib/x86_64-linux-gnu/libpthread-2.27.so
7fa8df98a000-7fa8df98b000 rw-p 0001a000 fc:01 2178                       /lib/x86_64-linux-gnu/libpthread-2.27.so
7fa8df98b000-7fa8df98f000 rw-p 00000000 00:00 0 
7fa8df98f000-7fa8df992000 r-xp 00000000 fc:01 2086                       /lib/x86_64-linux-gnu/libdl-2.27.so
7fa8df992000-7fa8dfb91000 ---p 00003000 fc:01 2086                       /lib/x86_64-linux-gnu/libdl-2.27.so
7fa8dfb91000-7fa8dfb92000 r--p 00002000 fc:01 2086                       /lib/x86_64-linux-gnu/libdl-2.27.so
7fa8dfb92000-7fa8dfb93000 rw-p 00003000 fc:01 2086                       /lib/x86_64-linux-gnu/libdl-2.27.so
7fa8dfb93000-7fa8dfbaf000 r-xp 00000000 fc:01 2183                       /lib/x86_64-linux-gnu/libz.so.1.2.11
7fa8dfbaf000-7fa8dfdae000 ---p 0001c000 fc:01 2183                       /lib/x86_64-linux-gnu/libz.so.1.2.11
7fa8dfdae000-7fa8dfdaf000 r--p 0001b000 fc:01 2183                       /lib/x86_64-linux-gnu/libz.so.1.2.11
7fa8dfdaf000-7fa8dfdb0000 rw-p 0001c000 fc:01 2183                       /lib/x86_64-linux-gnu/libz.so.1.2.11
7fa8dfdb0000-7fa8dff97000 r-xp 00000000 fc:01 2083                       /lib/x86_64-linux-gnu/libc-2.27.so
7fa8dff97000-7fa8e0197000 ---p 001e7000 fc:01 2083                       /lib/x86_64-linux-gnu/libc-2.27.so
7fa8e0197000-7fa8e019b000 r--p 001e7000 fc:01 2083                       /lib/x86_64-linux-gnu/libc-2.27.so
7fa8e019b000-7fa8e019d000 rw-p 001eb000 fc:01 2083                       /lib/x86_64-linux-gnu/libc-2.27.so
7fa8e019d000-7fa8e01a1000 rw-p 00000000 00:00 0 
7fa8e01a1000-7fa8e01af000 r-xp 00000000 fc:01 1555499                    /usr/lib/jvm/java-8-openjdk-amd64/jre/lib/amd64/jli/libjli.so
7fa8e01af000-7fa8e03ae000 ---p 0000e000 fc:01 1555499                    /usr/lib/jvm/java-8-openjdk-amd64/jre/lib/amd64/jli/libjli.so
7fa8e03ae000-7fa8e03af000 r--p 0000d000 fc:01 1555499                    /usr/lib/jvm/java-8-openjdk-amd64/jre/lib/amd64/jli/libjli.so
7fa8e03af000-7fa8e03b0000 rw-p 0000e000 fc:01 1555499                    /usr/lib/jvm/java-8-openjdk-amd64/jre/lib/amd64/jli/libjli.so
7fa8e03b0000-7fa8e03d7000 r-xp 00000000 fc:01 2079                       /lib/x86_64-linux-gnu/ld-2.27.so
7fa8e03d7000-7fa8e03d8000 r--s 0000d000 fc:01 1555513                    /usr/lib/jvm/java-8-openjdk-amd64/jre/lib/ext/sunec.jar
7fa8e03d8000-7fa8e03da000 r--s 00001000 fc:01 1555508                    /usr/lib/jvm/java-8-openjdk-amd64/jre/lib/ext/dnsns.jar
7fa8e03da000-7fa8e03dd000 r--s 0000f000 fc:01 1555509                    /usr/lib/jvm/java-8-openjdk-amd64/jre/lib/ext/icedtea-sound.jar
7fa8e03dd000-7fa8e03e7000 r--s 00116000 fc:01 1555511                    /usr/lib/jvm/java-8-openjdk-amd64/jre/lib/ext/localedata.jar
7fa8e03e7000-7fa8e03e8000 r--p 00000000 fc:01 7807                       /usr/lib/locale/C.UTF-8/LC_NUMERIC
7fa8e03e8000-7fa8e03e9000 r--p 00000000 fc:01 7810                       /usr/lib/locale/C.UTF-8/LC_TIME
7fa8e03e9000-7fa8e03ea000 r--p 00000000 fc:01 7805                       /usr/lib/locale/C.UTF-8/LC_MONETARY
7fa8e03ea000-7fa8e03eb000 r--p 00000000 fc:01 7799                       /usr/lib/locale/C.UTF-8/LC_MESSAGES/SYS_LC_MESSAGES
7fa8e03eb000-7fa8e03ec000 r--p 00000000 fc:01 7808                       /usr/lib/locale/C.UTF-8/LC_PAPER
7fa8e03ec000-7fa8e03ed000 r--p 00000000 fc:01 7806                       /usr/lib/locale/C.UTF-8/LC_NAME
7fa8e03ed000-7fa8e03ee000 r--p 00000000 fc:01 7800                       /usr/lib/locale/C.UTF-8/LC_ADDRESS
7fa8e03ee000-7fa8e03ef000 r--p 00000000 fc:01 7809                       /usr/lib/locale/C.UTF-8/LC_TELEPHONE
7fa8e03ef000-7fa8e03f0000 r--p 00000000 fc:01 7804                       /usr/lib/locale/C.UTF-8/LC_MEASUREMENT
7fa8e03f0000-7fa8e03f7000 r--s 00000000 fc:01 5010                       /usr/lib/x86_64-linux-gnu/gconv/gconv-modules.cache
7fa8e03f7000-7fa8e03f8000 r--p 00000000 fc:01 7803                       /usr/lib/locale/C.UTF-8/LC_IDENTIFICATION
7fa8e03f8000-7fa8e03fe000 rw-p 00000000 00:00 0 
7fa8e03fe000-7fa8e044b000 ---p 00000000 00:00 0 
7fa8e044b000-7fa8e044e000 rw-p 00000000 00:00 0 
7fa8e044e000-7fa8e0474000 ---p 00000000 00:00 0 
7fa8e0474000-7fa8e047a000 rw-p 00000000 00:00 0 
7fa8e047a000-7fa8e04c7000 ---p 00000000 00:00 0 
7fa8e04c7000-7fa8e04c8000 rw-p 00000000 00:00 0 
7fa8e04c8000-7fa8e04c9000 ---p 00000000 00:00 0 
7fa8e04c9000-7fa8e04cc000 ---p 00000000 00:00 0 
7fa8e04cc000-7fa8e05cb000 rw-p 00000000 00:00 0 
7fa8e05cb000-7fa8e05d3000 rw-s 00000000 fc:01 1039839                    /tmp/hsperfdata_mpiuser/7920
7fa8e05d3000-7fa8e05d4000 rw-p 00000000 00:00 0 
7fa8e05d4000-7fa8e05d5000 ---p 00000000 00:00 0 
7fa8e05d5000-7fa8e05d7000 rw-p 00000000 00:00 0 
7fa8e05d7000-7fa8e05d8000 r--p 00027000 fc:01 2079                       /lib/x86_64-linux-gnu/ld-2.27.so
7fa8e05d8000-7fa8e05d9000 rw-p 00028000 fc:01 2079                       /lib/x86_64-linux-gnu/ld-2.27.so
7fa8e05d9000-7fa8e05da000 rw-p 00000000 00:00 0 
7fff25f35000-7fff25f56000 rw-p 00000000 00:00 0                          [stack]
7fff25f82000-7fff25f85000 r--p 00000000 00:00 0                          [vvar]
7fff25f85000-7fff25f87000 r-xp 00000000 00:00 0                          [vdso]
ffffffffff600000-ffffffffff601000 r-xp 00000000 00:00 0                  [vsyscall]

VM Arguments:
jvm_args: -Djava.library.path=/usr/local/lib 
java_command: Client 1000000 10 0
java_class_path (initial): /home/mpiuser/cloud/fyp/java_client:./lib/spring-jcl-5.2.5.RELEASE.jar:./lib/jackson-databind-2.10.3.jar:./lib/jackson-databind-2.10.2.jar:./lib/slf4j-simple-1.7.30.jar:./lib/amqp-client-5.8.0.jar:./lib/spring-web-5.2.5.RELEASE.jar:./lib/jackson-annotations-2.10.3.jar:./lib/mpi.jar:./lib/spring-beans-5.2.5.RELEASE.jar:./lib/jackson-annotations-2.10.2.jar:./lib/jackson-core-2.10.2.jar:./lib/jackson-core-2.10.3.jar:./lib/slf4j-api-1.7.29.jar:./lib/spring-core-5.2.5.RELEASE.jar:./lib/slf4j-api-1.7.30.jar:./lib/http-client-3.6.1.RELEASE.jar:/usr/local/lib/mpi.jar
Launcher Type: SUN_STANDARD

Environment Variables:
PATH=/usr/local/sbin:/usr/local/bin:/usr/sbin:/usr/bin:/sbin:/bin:/usr/games:/usr/local/games:/snap/bin
SHELL=/bin/bash

Signal Handlers:
SIGSEGV: [libjvm.so+0xabc3b0], sa_mask[0]=11111111011111111101111111111110, sa_flags=SA_RESTART|SA_SIGINFO
SIGBUS: [libjvm.so+0xabc3b0], sa_mask[0]=11111111011111111101111111111110, sa_flags=SA_RESTART|SA_SIGINFO
SIGFPE: [libjvm.so+0x8f0bb0], sa_mask[0]=11111111011111111101111111111110, sa_flags=SA_RESTART|SA_SIGINFO
SIGPIPE: [libjvm.so+0x8f0bb0], sa_mask[0]=11111111011111111101111111111110, sa_flags=SA_RESTART|SA_SIGINFO
SIGXFSZ: [libjvm.so+0x8f0bb0], sa_mask[0]=11111111011111111101111111111110, sa_flags=SA_RESTART|SA_SIGINFO
SIGILL: [libjvm.so+0x8f0bb0], sa_mask[0]=11111111011111111101111111111110, sa_flags=SA_RESTART|SA_SIGINFO
SIGUSR1: SIG_DFL, sa_mask[0]=00000000000000000000000000000000, sa_flags=none
SIGUSR2: [libjvm.so+0x8f0a60], sa_mask[0]=00000000000000000000000000000000, sa_flags=SA_RESTART|SA_SIGINFO
SIGHUP: [libjvm.so+0x8f10d0], sa_mask[0]=11111111011111111101111111111110, sa_flags=SA_RESTART|SA_SIGINFO
SIGINT: [libjvm.so+0x8f10d0], sa_mask[0]=11111111011111111101111111111110, sa_flags=SA_RESTART|SA_SIGINFO
SIGTERM: [libjvm.so+0x8f10d0], sa_mask[0]=11111111011111111101111111111110, sa_flags=SA_RESTART|SA_SIGINFO
SIGQUIT: [libjvm.so+0x8f10d0], sa_mask[0]=11111111011111111101111111111110, sa_flags=SA_RESTART|SA_SIGINFO


---------------  S Y S T E M  ---------------

OS:DISTRIB_ID=Ubuntu
DISTRIB_RELEASE=18.04
DISTRIB_CODENAME=bionic
DISTRIB_DESCRIPTION="Ubuntu 18.04.3 LTS"

uname:Linux 4.15.0-91-generic #92-Ubuntu SMP Fri Feb 28 11:09:48 UTC 2020 x86_64
libc:glibc 2.27 NPTL 2.27 
rlimit: STACK 8192k, CORE 0k, NPROC 3837, NOFILE 1048576, AS infinity
load average:12.89 6.14 2.45

/proc/meminfo:
MemTotal:        1008492 kB
MemFree:           49180 kB
MemAvailable:          0 kB
Buffers:             168 kB
Cached:             9876 kB
SwapCached:            0 kB
Active:           833572 kB
Inactive:           5064 kB
Active(anon):     829292 kB
Inactive(anon):     2412 kB
Active(file):       4280 kB
Inactive(file):     2652 kB
Unevictable:           0 kB
Mlocked:               0 kB
SwapTotal:             0 kB
SwapFree:              0 kB
Dirty:               120 kB
Writeback:           100 kB
AnonPages:        828896 kB
Mapped:             7812 kB
Shmem:              2808 kB
Slab:              65512 kB
SReclaimable:      20348 kB
SUnreclaim:        45164 kB
KernelStack:        8768 kB
PageTables:        23876 kB
NFS_Unstable:          0 kB
Bounce:                0 kB
WritebackTmp:          0 kB
CommitLimit:      504244 kB
Committed_AS:    3616380 kB
VmallocTotal:   34359738367 kB
VmallocUsed:           0 kB
VmallocChunk:          0 kB
HardwareCorrupted:     0 kB
AnonHugePages:         0 kB
ShmemHugePages:        0 kB
ShmemPmdMapped:        0 kB
CmaTotal:              0 kB
CmaFree:               0 kB
HugePages_Total:       0
HugePages_Free:        0
HugePages_Rsvd:        0
HugePages_Surp:        0
Hugepagesize:       2048 kB
DirectMap4k:       83948 kB
DirectMap2M:      964608 kB
DirectMap1G:           0 kB

container (cgroup) information:
container_type: cgroupv1
cpu_cpuset_cpus: 0-2
cpu_memory_nodes: 0
active_processor_count: 3
cpu_quota: -1
cpu_period: 100000
cpu_shares: -1
memory_limit_in_bytes: -1
memory_and_swap_limit_in_bytes: -2
memory_soft_limit_in_bytes: -1
memory_usage_in_bytes: 858705920
memory_max_usage_in_bytes: 861147136


CPU:total 3 (initial active 3) (1 cores per cpu, 1 threads per core) family 6 model 85 stepping 4, cmov, cx8, fxsr, mmx, sse, sse2, sse3, ssse3, sse4.1, sse4.2, popcnt, avx, avx2, aes, clmul, erms, 3dnowpref, lzcnt, tsc, bmi1, bmi2, adx

/proc/cpuinfo:
processor	: 0
vendor_id	: GenuineIntel
cpu family	: 6
model		: 85
model name	: Intel(R) Xeon(R) Gold 6140 CPU @ 2.30GHz
stepping	: 4
microcode	: 0x1
cpu MHz		: 2294.608
cache size	: 4096 KB
physical id	: 0
siblings	: 1
core id		: 0
cpu cores	: 1
apicid		: 0
initial apicid	: 0
fpu		: yes
fpu_exception	: yes
cpuid level	: 13
wp		: yes
flags		: fpu vme de pse tsc msr pae mce cx8 apic sep mtrr pge mca cmov pat pse36 clflush mmx fxsr sse sse2 ss syscall nx pdpe1gb rdtscp lm constant_tsc arch_perfmon rep_good nopl cpuid tsc_known_freq pni pclmulqdq vmx ssse3 fma cx16 pcid sse4_1 sse4_2 x2apic movbe popcnt tsc_deadline_timer aes xsave avx f16c rdrand hypervisor lahf_lm abm 3dnowprefetch cpuid_fault invpcid_single pti ssbd ibrs ibpb tpr_shadow vnmi flexpriority ept vpid fsgsbase tsc_adjust bmi1 avx2 smep bmi2 erms invpcid mpx avx512f avx512dq rdseed adx smap clflushopt clwb avx512cd avx512bw avx512vl xsaveopt xsavec xgetbv1 pku ospke md_clear
bugs		: cpu_meltdown spectre_v1 spectre_v2 spec_store_bypass l1tf mds swapgs itlb_multihit
bogomips	: 4589.21
clflush size	: 64
cache_alignment	: 64
address sizes	: 40 bits physical, 48 bits virtual
power management:

processor	: 1
vendor_id	: GenuineIntel
cpu family	: 6
model		: 85
model name	: Intel(R) Xeon(R) Gold 6140 CPU @ 2.30GHz
stepping	: 4
microcode	: 0x1
cpu MHz		: 2294.608
cache size	: 4096 KB
physical id	: 1
siblings	: 1
core id		: 0
cpu cores	: 1
apicid		: 1
initial apicid	: 1
fpu		: yes
fpu_exception	: yes
cpuid level	: 13
wp		: yes
flags		: fpu vme de pse tsc msr pae mce cx8 apic sep mtrr pge mca cmov pat pse36 clflush mmx fxsr sse sse2 ss syscall nx pdpe1gb rdtscp lm constant_tsc arch_perfmon rep_good nopl cpuid tsc_known_freq pni pclmulqdq vmx ssse3 fma cx16 pcid sse4_1 sse4_2 x2apic movbe popcnt tsc_deadline_timer aes xsave avx f16c rdrand hypervisor lahf_lm abm 3dnowprefetch cpuid_fault invpcid_single pti ssbd ibrs ibpb tpr_shadow vnmi flexpriority ept vpid fsgsbase tsc_adjust bmi1 avx2 smep bmi2 erms invpcid mpx avx512f avx512dq rdseed adx smap clflushopt clwb avx512cd avx512bw avx512vl xsaveopt xsavec xgetbv1 pku ospke md_clear
bugs		: cpu_meltdown spectre_v1 spectre_v2 spec_store_bypass l1tf mds swapgs itlb_multihit
bogomips	: 4589.21
clflush size	: 64
cache_alignment	: 64
address sizes	: 40 bits physical, 48 bits virtual
power management:

processor	: 2
vendor_id	: GenuineIntel
cpu family	: 6
model		: 85
model name	: Intel(R) Xeon(R) Gold 6140 CPU @ 2.30GHz
stepping	: 4
microcode	: 0x1
cpu MHz		: 2294.608
cache size	: 4096 KB
physical id	: 2
siblings	: 1
core id		: 0
cpu cores	: 1
apicid		: 2
initial apicid	: 2
fpu		: yes
fpu_exception	: yes
cpuid level	: 13
wp		: yes
flags		: fpu vme de pse tsc msr pae mce cx8 apic sep mtrr pge mca cmov pat pse36 clflush mmx fxsr sse sse2 ss syscall nx pdpe1gb rdtscp lm constant_tsc arch_perfmon rep_good nopl cpuid tsc_known_freq pni pclmulqdq vmx ssse3 fma cx16 pcid sse4_1 sse4_2 x2apic movbe popcnt tsc_deadline_timer aes xsave avx f16c rdrand hypervisor lahf_lm abm 3dnowprefetch cpuid_fault invpcid_single pti ssbd ibrs ibpb tpr_shadow vnmi flexpriority ept vpid fsgsbase tsc_adjust bmi1 avx2 smep bmi2 erms invpcid mpx avx512f avx512dq rdseed adx smap clflushopt clwb avx512cd avx512bw avx512vl xsaveopt xsavec xgetbv1 pku ospke md_clear
bugs		: cpu_meltdown spectre_v1 spectre_v2 spec_store_bypass l1tf mds swapgs itlb_multihit
bogomips	: 4589.21
clflush size	: 64
cache_alignment	: 64
address sizes	: 40 bits physical, 48 bits virtual
power management:



Memory: 4k page, physical 1008492k(48688k free), swap 0k(0k free)

vm_info: OpenJDK 64-Bit Server VM (25.242-b08) for linux-amd64 JRE (1.8.0_242-8u242-b08-0ubuntu3~18.04-b08), built on Jan 17 2020 23:41:21 by "buildd" with gcc 7.4.0

time: Mon Apr  6 11:42:08 2020
timezone: UTC
elapsed time: 11 seconds (0d 0h 0m 11s)

