#
# There is insufficient memory for the Java Runtime Environment to continue.
# Native memory allocation (mmap) failed to map 262144 bytes for committing reserved memory.
# Possible reasons:
#   The system is out of physical RAM or swap space
#   The process is running with CompressedOops enabled, and the Java Heap may be blocking the growth of the native heap
# Possible solutions:
#   Reduce memory load on the system
#   Increase physical memory or swap space
#   Check if swap backing store is full
#   Decrease Java heap size (-Xmx/-Xms)
#   Decrease number of Java threads
#   Decrease Java thread stack sizes (-Xss)
#   Set larger code cache with -XX:ReservedCodeCacheSize=
#   JVM is running with Unscaled Compressed Oops mode in which the Java heap is
#     placed in the first 4GB address space. The Java Heap base address is the
#     maximum limit for the native heap growth. Please use -XX:HeapBaseMinAddress
#     to set the Java Heap base and to place the Java Heap above 4GB virtual address.
# This output file may be truncated or incomplete.
#
#  Out of Memory Error (os_linux.cpp:2757), pid=5109, tid=0x00007ff9aeaaf700
#
# JRE version: OpenJDK Runtime Environment (8.0_242-b08) (build 1.8.0_242-8u242-b08-0ubuntu3~18.04-b08)
# Java VM: OpenJDK 64-Bit Server VM (25.242-b08 mixed mode linux-amd64 compressed oops)
# Failed to write core dump. Core dumps have been disabled. To enable core dumping, try "ulimit -c unlimited" before starting Java again
#

---------------  T H R E A D  ---------------

Current thread (0x00007ff9a800b800):  JavaThread "main" [_thread_in_vm, id=5133, stack(0x00007ff9ae9b0000,0x00007ff9aeab0000)]

Stack: [0x00007ff9ae9b0000,0x00007ff9aeab0000],  sp=0x00007ff9aeaad560,  free space=1013k
Native frames: (J=compiled Java code, j=interpreted, Vv=VM code, C=native code)
V  [libjvm.so+0xabba52]
V  [libjvm.so+0x4de2e7]
V  [libjvm.so+0x8f59f0]
V  [libjvm.so+0x8ecabe]
V  [libjvm.so+0xab8220]
V  [libjvm.so+0x86dc39]
V  [libjvm.so+0x86f96f]
V  [libjvm.so+0x87026b]
V  [libjvm.so+0x870ce5]
V  [libjvm.so+0x888aa6]
V  [libjvm.so+0x879620]
V  [libjvm.so+0x67bc53]
j  mpi.Comm.init()V+0
j  mpi.Comm.<clinit>()V+0
v  ~StubRoutines::call_stub
V  [libjvm.so+0x68488a]
V  [libjvm.so+0x63d70f]
V  [libjvm.so+0x63dba0]
V  [libjvm.so+0x63e020]
V  [libjvm.so+0x63dd96]
V  [libjvm.so+0x63e020]
V  [libjvm.so+0x671bb5]
j  mpi.MPI.<clinit>()V+900
v  ~StubRoutines::call_stub
V  [libjvm.so+0x68488a]
V  [libjvm.so+0x63d70f]
V  [libjvm.so+0x63dba0]
V  [libjvm.so+0x63e020]
V  [libjvm.so+0x7b4c00]
V  [libjvm.so+0x7b96ee]
V  [libjvm.so+0x7bc570]
V  [libjvm.so+0x677a03]
j  Client.main([Ljava/lang/String;)V+1
v  ~StubRoutines::call_stub
V  [libjvm.so+0x68488a]
V  [libjvm.so+0x6a9747]
V  [libjvm.so+0x6ac203]
C  [libjli.so+0x36d6]
C  [libjli.so+0x78cd]
C  [libpthread.so.0+0x76db]  start_thread+0xdb

Java frames: (J=compiled Java code, j=interpreted, Vv=VM code)
j  mpi.Comm.init()V+0
j  mpi.Comm.<clinit>()V+0
v  ~StubRoutines::call_stub
j  mpi.MPI.<clinit>()V+900
v  ~StubRoutines::call_stub
j  Client.main([Ljava/lang/String;)V+1
v  ~StubRoutines::call_stub

---------------  P R O C E S S  ---------------

Java Threads: ( => current thread )
  0x00007ff9a80b7000 JavaThread "Service Thread" daemon [_thread_blocked, id=5436, stack(0x00007ff9969d2000,0x00007ff996ad3000)]
  0x00007ff9a80b4800 JavaThread "C1 CompilerThread1" daemon [_thread_blocked, id=5420, stack(0x00007ff996ad4000,0x00007ff996bd4000)]
  0x00007ff9a80b2000 JavaThread "C2 CompilerThread0" daemon [_thread_blocked, id=5405, stack(0x00007ff996bd5000,0x00007ff996cd5000)]
  0x00007ff9a80b0800 JavaThread "Signal Dispatcher" daemon [_thread_blocked, id=5390, stack(0x00007ff996cd5000,0x00007ff996dd6000)]
  0x00007ff9a807e000 JavaThread "Finalizer" daemon [_thread_blocked, id=5231, stack(0x00007ff9970e4000,0x00007ff9971e5000)]
  0x00007ff9a8079800 JavaThread "Reference Handler" daemon [_thread_blocked, id=5210, stack(0x00007ff9971e5000,0x00007ff9972e6000)]
=>0x00007ff9a800b800 JavaThread "main" [_thread_in_vm, id=5133, stack(0x00007ff9ae9b0000,0x00007ff9aeab0000)]

Other Threads:
  0x00007ff9a806f800 VMThread [stack: 0x00007ff9972e7000,0x00007ff9973e7000] [id=5177]
  0x00007ff9a80ba000 WatcherThread [stack: 0x00007ff9968d2000,0x00007ff9969d2000] [id=5453]

VM state:not at safepoint (normal execution)

VM Mutex/Monitor currently owned by a thread: None

heap address: 0x00000000f0800000, size: 248 MB, Compressed Oops mode: 32-bit
Narrow klass base: 0x0000000000000000, Narrow klass shift: 3
Compressed class space size: 1073741824 Address: 0x0000000100000000

Heap:
 def new generation   total 4928K, used 1441K [0x00000000f0800000, 0x00000000f0d50000, 0x00000000f5aa0000)
  eden space 4416K,  32% used [0x00000000f0800000, 0x00000000f0968678, 0x00000000f0c50000)
  from space 512K,   0% used [0x00000000f0c50000, 0x00000000f0c50000, 0x00000000f0cd0000)
  to   space 512K,   0% used [0x00000000f0cd0000, 0x00000000f0cd0000, 0x00000000f0d50000)
 tenured generation   total 10944K, used 0K [0x00000000f5aa0000, 0x00000000f6550000, 0x0000000100000000)
   the space 10944K,   0% used [0x00000000f5aa0000, 0x00000000f5aa0000, 0x00000000f5aa0200, 0x00000000f6550000)
 Metaspace       used 3119K, capacity 4728K, committed 4864K, reserved 1056768K
  class space    used 313K, capacity 424K, committed 512K, reserved 1048576K

Card table byte_map: [0x00007ff9ae932000,0x00007ff9ae9af000] byte_map_base: 0x00007ff9ae1ae000

Polling page: 0x00007ff9aeabb000

CodeCache: size=245760Kb used=1244Kb max_used=1244Kb free=244515Kb
 bounds [0x00007ff998177000, 0x00007ff9983e7000, 0x00007ff9a7177000]
 total_blobs=363 nmethods=58 adapters=220
 compilation: enabled

Compilation events (10 events):
Event: 6.752 Thread 0x00007ff9a80b4800 nmethod 54 0x00007ff99829c890 code [0x00007ff99829c9e0, 0x00007ff99829cb30]
Event: 6.752 Thread 0x00007ff9a80b4800   55       3       java.util.zip.ZipFile::ensureOpen (37 bytes)
Event: 6.752 Thread 0x00007ff9a80b4800 nmethod 55 0x00007ff99829cb90 code [0x00007ff99829cd20, 0x00007ff99829cff8]
Event: 6.752 Thread 0x00007ff9a80b4800   51       3       java.lang.ThreadLocal$ThreadLocalMap::access$000 (6 bytes)
Event: 6.752 Thread 0x00007ff9a80b4800 nmethod 51 0x00007ff99829d110 code [0x00007ff99829d280, 0x00007ff99829d3e8]
Event: 6.752 Thread 0x00007ff9a80b4800   52       3       java.lang.ThreadLocal$ThreadLocalMap::getEntry (42 bytes)
Event: 6.752 Thread 0x00007ff9a80b4800 nmethod 52 0x00007ff99829d4d0 code [0x00007ff99829d640, 0x00007ff99829d948]
Event: 6.856 Thread 0x00007ff9a80b4800   59  s!   3       sun.misc.URLClassPath::getLoader (243 bytes)
Event: 7.702 Thread 0x00007ff9a80b4800 nmethod 59 0x00007ff99829dc90 code [0x00007ff99829e0c0, 0x00007ff9982a0ce8]
Event: 7.702 Thread 0x00007ff9a80b4800   63       3       java.util.zip.ZipCoder::getBytes (192 bytes)

GC Heap History (0 events):
No events

Deoptimization events (0 events):
No events

Classes redefined (0 events):
No events

Internal exceptions (5 events):
Event: 0.231 Thread 0x00007ff9a800b800 Exception <a 'java/lang/NoSuchMethodError': Method sun.misc.Unsafe.defineClass(Ljava/lang/String;[BII)Ljava/lang/Class; name or signature does not match> (0x00000000f0807cc8) thrown at [/build/openjdk-8-58sEEn/openjdk-8-8u242-b08/src/hotspot/src/share/vm/
Event: 0.231 Thread 0x00007ff9a800b800 Exception <a 'java/lang/NoSuchMethodError': Method sun.misc.Unsafe.prefetchRead(Ljava/lang/Object;J)V name or signature does not match> (0x00000000f0807fb0) thrown at [/build/openjdk-8-58sEEn/openjdk-8-8u242-b08/src/hotspot/src/share/vm/prims/jni.cpp, lin
Event: 1.079 Thread 0x00007ff9a800b800 Exception <a 'java/util/zip/ZipException'> (0x00000000f085dec8) thrown at [/build/openjdk-8-58sEEn/openjdk-8-8u242-b08/src/hotspot/src/share/vm/prims/jni.cpp, line 710]
Event: 1.079 Thread 0x00007ff9a800b800 Exception <a 'java/security/PrivilegedActionException'> (0x00000000f085e168) thrown at [/build/openjdk-8-58sEEn/openjdk-8-8u242-b08/src/hotspot/src/share/vm/prims/jvm.cpp, line 1502]
Event: 1.079 Thread 0x00007ff9a800b800 Exception <a 'java/security/PrivilegedActionException'> (0x00000000f085e378) thrown at [/build/openjdk-8-58sEEn/openjdk-8-8u242-b08/src/hotspot/src/share/vm/prims/jvm.cpp, line 1502]

Events (10 events):
Event: 6.843 loading class mpi/Info
Event: 6.843 loading class mpi/Info done
Event: 6.844 loading class mpi/Constant
Event: 6.844 loading class mpi/Constant done
Event: 6.864 loading class mpi/Errhandler
Event: 6.864 loading class mpi/Errhandler done
Event: 6.864 loading class mpi/Intracomm
Event: 6.864 loading class mpi/Intracomm done
Event: 6.865 loading class mpi/Comm
Event: 6.865 loading class mpi/Comm done


Dynamic libraries:
f0800000-f0d50000 rw-p 00000000 00:00 0 
f0d50000-f5aa0000 ---p 00000000 00:00 0 
f5aa0000-f6550000 rw-p 00000000 00:00 0 
f6550000-100000000 ---p 00000000 00:00 0 
100000000-100080000 rw-p 00000000 00:00 0 
100080000-140000000 ---p 00000000 00:00 0 
561d95d38000-561d95d39000 r-xp 00000000 fc:01 1302575                    /usr/lib/jvm/java-8-openjdk-amd64/jre/bin/java
561d95f38000-561d95f39000 r--p 00000000 fc:01 1302575                    /usr/lib/jvm/java-8-openjdk-amd64/jre/bin/java
561d95f39000-561d95f3a000 rw-p 00001000 fc:01 1302575                    /usr/lib/jvm/java-8-openjdk-amd64/jre/bin/java
561d96735000-561d96756000 rw-p 00000000 00:00 0                          [heap]
7ff970000000-7ff970021000 rw-p 00000000 00:00 0 
7ff970021000-7ff974000000 ---p 00000000 00:00 0 
7ff974fff000-7ff978000000 rw-p 00000000 00:00 0 
7ff978000000-7ff978193000 rw-p 00000000 00:00 0 
7ff978193000-7ff97c000000 ---p 00000000 00:00 0 
7ff97c000000-7ff97c021000 rw-p 00000000 00:00 0 
7ff97c021000-7ff980000000 ---p 00000000 00:00 0 
7ff980000000-7ff980021000 rw-p 00000000 00:00 0 
7ff980021000-7ff984000000 ---p 00000000 00:00 0 
7ff984000000-7ff98404f000 rw-p 00000000 00:00 0 
7ff98404f000-7ff988000000 ---p 00000000 00:00 0 
7ff988000000-7ff988021000 rw-p 00000000 00:00 0 
7ff988021000-7ff98c000000 ---p 00000000 00:00 0 
7ff98c000000-7ff98c021000 rw-p 00000000 00:00 0 
7ff98c021000-7ff990000000 ---p 00000000 00:00 0 
7ff990000000-7ff990021000 rw-p 00000000 00:00 0 
7ff990021000-7ff994000000 ---p 00000000 00:00 0 
7ff9955f0000-7ff9956f1000 rw-p 00000000 00:00 0 
7ff9956f1000-7ff9956f3000 r-xp 00000000 fc:01 2182                       /lib/x86_64-linux-gnu/libutil-2.27.so
7ff9956f3000-7ff9958f2000 ---p 00002000 fc:01 2182                       /lib/x86_64-linux-gnu/libutil-2.27.so
7ff9958f2000-7ff9958f3000 r--p 00001000 fc:01 2182                       /lib/x86_64-linux-gnu/libutil-2.27.so
7ff9958f3000-7ff9958f4000 rw-p 00002000 fc:01 2182                       /lib/x86_64-linux-gnu/libutil-2.27.so
7ff9958f4000-7ff9959a9000 r-xp 00000000 fc:01 29711                      /usr/local/lib/libopen-rte.so.40.20.1
7ff9959a9000-7ff995ba8000 ---p 000b5000 fc:01 29711                      /usr/local/lib/libopen-rte.so.40.20.1
7ff995ba8000-7ff995baa000 r--p 000b4000 fc:01 29711                      /usr/local/lib/libopen-rte.so.40.20.1
7ff995baa000-7ff995bae000 rw-p 000b6000 fc:01 29711                      /usr/local/lib/libopen-rte.so.40.20.1
7ff995bae000-7ff995bb1000 rw-p 00000000 00:00 0 
7ff995bb1000-7ff995cb4000 r-xp 00000000 fc:01 13011                      /usr/local/lib/libopen-pal.so.40.20.1
7ff995cb4000-7ff995eb4000 ---p 00103000 fc:01 13011                      /usr/local/lib/libopen-pal.so.40.20.1
7ff995eb4000-7ff995eb7000 r--p 00103000 fc:01 13011                      /usr/local/lib/libopen-pal.so.40.20.1
7ff995eb7000-7ff995ebd000 rw-p 00106000 fc:01 13011                      /usr/local/lib/libopen-pal.so.40.20.1
7ff995ebd000-7ff995ec4000 rw-p 00000000 00:00 0 
7ff995ec4000-7ff995fba000 r-xp 00000000 fc:01 29875                      /usr/local/lib/libmpi.so.40.20.1
7ff995fba000-7ff9961b9000 ---p 000f6000 fc:01 29875                      /usr/local/lib/libmpi.so.40.20.1
7ff9961b9000-7ff9961bb000 r--p 000f5000 fc:01 29875                      /usr/local/lib/libmpi.so.40.20.1
7ff9961bb000-7ff9961cc000 rw-p 000f7000 fc:01 29875                      /usr/local/lib/libmpi.so.40.20.1
7ff9961cc000-7ff9961de000 rw-p 00000000 00:00 0 
7ff9961e8000-7ff996210000 r-xp 00000000 fc:01 71469                      /usr/local/lib/libmpi_java.so.40.20.0
7ff996210000-7ff99640f000 ---p 00028000 fc:01 71469                      /usr/local/lib/libmpi_java.so.40.20.0
7ff99640f000-7ff996410000 r--p 00027000 fc:01 71469                      /usr/local/lib/libmpi_java.so.40.20.0
7ff996410000-7ff996411000 rw-p 00028000 fc:01 71469                      /usr/local/lib/libmpi_java.so.40.20.0
7ff996411000-7ff996412000 r--s 0000f000 fc:01 527712                     /home/mpiuser/cloud/fyp/java_client/lib/mpi.jar
7ff996412000-7ff996415000 r--s 0000e000 fc:01 527707                     /home/mpiuser/cloud/fyp/java_client/lib/jackson-annotations-2.10.3.jar
7ff996415000-7ff996432000 r--s 00142000 fc:01 527719                     /home/mpiuser/cloud/fyp/java_client/lib/spring-web-5.2.5.RELEASE.jar
7ff996432000-7ff99643f000 r--s 00090000 fc:01 527704                     /home/mpiuser/cloud/fyp/java_client/lib/amqp-client-5.8.0.jar
7ff99643f000-7ff996440000 r--s 00003000 fc:01 527715                     /home/mpiuser/cloud/fyp/java_client/lib/slf4j-simple-1.7.30.jar
7ff996440000-7ff996455000 r--s 00142000 fc:01 527710                     /home/mpiuser/cloud/fyp/java_client/lib/jackson-databind-2.10.2.jar
7ff996455000-7ff99646a000 r--s 00142000 fc:01 527711                     /home/mpiuser/cloud/fyp/java_client/lib/jackson-databind-2.10.3.jar
7ff99646a000-7ff99646b000 r--s 00005000 fc:01 527718                     /home/mpiuser/cloud/fyp/java_client/lib/spring-jcl-5.2.5.RELEASE.jar
7ff99646b000-7ff996482000 r-xp 00000000 fc:01 1302611                    /usr/lib/jvm/java-8-openjdk-amd64/jre/lib/amd64/libnet.so
7ff996482000-7ff996681000 ---p 00017000 fc:01 1302611                    /usr/lib/jvm/java-8-openjdk-amd64/jre/lib/amd64/libnet.so
7ff996681000-7ff996682000 r--p 00016000 fc:01 1302611                    /usr/lib/jvm/java-8-openjdk-amd64/jre/lib/amd64/libnet.so
7ff996682000-7ff996683000 rw-p 00017000 fc:01 1302611                    /usr/lib/jvm/java-8-openjdk-amd64/jre/lib/amd64/libnet.so
7ff996683000-7ff996694000 r-xp 00000000 fc:01 1302612                    /usr/lib/jvm/java-8-openjdk-amd64/jre/lib/amd64/libnio.so
7ff996694000-7ff996894000 ---p 00011000 fc:01 1302612                    /usr/lib/jvm/java-8-openjdk-amd64/jre/lib/amd64/libnio.so
7ff996894000-7ff996895000 r--p 00011000 fc:01 1302612                    /usr/lib/jvm/java-8-openjdk-amd64/jre/lib/amd64/libnio.so
7ff996895000-7ff996896000 rw-p 00012000 fc:01 1302612                    /usr/lib/jvm/java-8-openjdk-amd64/jre/lib/amd64/libnio.so
7ff996896000-7ff9968b1000 r--s 001d6000 fc:01 1555512                    /usr/lib/jvm/java-8-openjdk-amd64/jre/lib/ext/nashorn.jar
7ff9968b1000-7ff9968b6000 r--s 0003d000 fc:01 1555514                    /usr/lib/jvm/java-8-openjdk-amd64/jre/lib/ext/sunjce_provider.jar
7ff9968b6000-7ff9968d1000 r--s 00394000 fc:01 1555507                    /usr/lib/jvm/java-8-openjdk-amd64/jre/lib/ext/cldrdata.jar
7ff9968d1000-7ff9968d2000 ---p 00000000 00:00 0 
7ff9968d2000-7ff9969d2000 rw-p 00000000 00:00 0 
7ff9969d2000-7ff9969d5000 ---p 00000000 00:00 0 
7ff9969d5000-7ff996ad3000 rw-p 00000000 00:00 0 
7ff996ad3000-7ff996ad4000 ---p 00000000 00:00 0 
7ff996ad4000-7ff996ad7000 ---p 00000000 00:00 0 
7ff996ad7000-7ff996bd4000 rw-p 00000000 00:00 0 
7ff996bd4000-7ff996bd5000 ---p 00000000 00:00 0 
7ff996bd5000-7ff996bd8000 ---p 00000000 00:00 0 
7ff996bd8000-7ff996cd5000 rw-p 00000000 00:00 0 
7ff996cd5000-7ff996cd8000 ---p 00000000 00:00 0 
7ff996cd8000-7ff996dd6000 rw-p 00000000 00:00 0 
7ff996dd6000-7ff996f49000 r--p 00000000 fc:01 7801                       /usr/lib/locale/C.UTF-8/LC_COLLATE
7ff996f49000-7ff9970e4000 r--p 00000000 fc:01 7796                       /usr/lib/locale/locale-archive
7ff9970e4000-7ff9970e7000 ---p 00000000 00:00 0 
7ff9970e7000-7ff9971e5000 rw-p 00000000 00:00 0 
7ff9971e5000-7ff9971e8000 ---p 00000000 00:00 0 
7ff9971e8000-7ff9972e6000 rw-p 00000000 00:00 0 
7ff9972e6000-7ff9972e7000 ---p 00000000 00:00 0 
7ff9972e7000-7ff9973e7000 rw-p 00000000 00:00 0 
7ff9973e7000-7ff9975b7000 r--s 03c68000 fc:01 1302635                    /usr/lib/jvm/java-8-openjdk-amd64/jre/lib/rt.jar
7ff9975b7000-7ff9979f7000 rw-p 00000000 00:00 0 
7ff997a37000-7ff997db7000 ---p 00000000 00:00 0 
7ff997db7000-7ff997dc1000 rw-p 00000000 00:00 0 
7ff997dc1000-7ff998177000 ---p 00000000 00:00 0 
7ff998177000-7ff9983e7000 rwxp 00000000 00:00 0 
7ff9983e7000-7ff9a7177000 ---p 00000000 00:00 0 
7ff9a7177000-7ff9a717f000 r-xp 00000000 fc:01 1302619                    /usr/lib/jvm/java-8-openjdk-amd64/jre/lib/amd64/libzip.so
7ff9a717f000-7ff9a737e000 ---p 00008000 fc:01 1302619                    /usr/lib/jvm/java-8-openjdk-amd64/jre/lib/amd64/libzip.so
7ff9a737e000-7ff9a737f000 r--p 00007000 fc:01 1302619                    /usr/lib/jvm/java-8-openjdk-amd64/jre/lib/amd64/libzip.so
7ff9a737f000-7ff9a7380000 rw-p 00008000 fc:01 1302619                    /usr/lib/jvm/java-8-openjdk-amd64/jre/lib/amd64/libzip.so
7ff9a7380000-7ff9a738b000 r-xp 00000000 fc:01 2093                       /lib/x86_64-linux-gnu/libnss_files-2.27.so
7ff9a738b000-7ff9a758a000 ---p 0000b000 fc:01 2093                       /lib/x86_64-linux-gnu/libnss_files-2.27.so
7ff9a758a000-7ff9a758b000 r--p 0000a000 fc:01 2093                       /lib/x86_64-linux-gnu/libnss_files-2.27.so
7ff9a758b000-7ff9a758c000 rw-p 0000b000 fc:01 2093                       /lib/x86_64-linux-gnu/libnss_files-2.27.so
7ff9a758c000-7ff9a7592000 rw-p 00000000 00:00 0 
7ff9a7592000-7ff9a75a9000 r-xp 00000000 fc:01 2090                       /lib/x86_64-linux-gnu/libnsl-2.27.so
7ff9a75a9000-7ff9a77a8000 ---p 00017000 fc:01 2090                       /lib/x86_64-linux-gnu/libnsl-2.27.so
7ff9a77a8000-7ff9a77a9000 r--p 00016000 fc:01 2090                       /lib/x86_64-linux-gnu/libnsl-2.27.so
7ff9a77a9000-7ff9a77aa000 rw-p 00017000 fc:01 2090                       /lib/x86_64-linux-gnu/libnsl-2.27.so
7ff9a77aa000-7ff9a77ac000 rw-p 00000000 00:00 0 
7ff9a77ac000-7ff9a77b7000 r-xp 00000000 fc:01 2095                       /lib/x86_64-linux-gnu/libnss_nis-2.27.so
7ff9a77b7000-7ff9a79b6000 ---p 0000b000 fc:01 2095                       /lib/x86_64-linux-gnu/libnss_nis-2.27.so
7ff9a79b6000-7ff9a79b7000 r--p 0000a000 fc:01 2095                       /lib/x86_64-linux-gnu/libnss_nis-2.27.so
7ff9a79b7000-7ff9a79b8000 rw-p 0000b000 fc:01 2095                       /lib/x86_64-linux-gnu/libnss_nis-2.27.so
7ff9a79b8000-7ff9a79c0000 r-xp 00000000 fc:01 2091                       /lib/x86_64-linux-gnu/libnss_compat-2.27.so
7ff9a79c0000-7ff9a7bc0000 ---p 00008000 fc:01 2091                       /lib/x86_64-linux-gnu/libnss_compat-2.27.so
7ff9a7bc0000-7ff9a7bc1000 r--p 00008000 fc:01 2091                       /lib/x86_64-linux-gnu/libnss_compat-2.27.so
7ff9a7bc1000-7ff9a7bc2000 rw-p 00009000 fc:01 2091                       /lib/x86_64-linux-gnu/libnss_compat-2.27.so
7ff9a7bc2000-7ff9a7bec000 r-xp 00000000 fc:01 1302600                    /usr/lib/jvm/java-8-openjdk-amd64/jre/lib/amd64/libjava.so
7ff9a7bec000-7ff9a7deb000 ---p 0002a000 fc:01 1302600                    /usr/lib/jvm/java-8-openjdk-amd64/jre/lib/amd64/libjava.so
7ff9a7deb000-7ff9a7dec000 r--p 00029000 fc:01 1302600                    /usr/lib/jvm/java-8-openjdk-amd64/jre/lib/amd64/libjava.so
7ff9a7dec000-7ff9a7dee000 rw-p 0002a000 fc:01 1302600                    /usr/lib/jvm/java-8-openjdk-amd64/jre/lib/amd64/libjava.so
7ff9a7dee000-7ff9a7dfe000 r-xp 00000000 fc:01 1302618                    /usr/lib/jvm/java-8-openjdk-amd64/jre/lib/amd64/libverify.so
7ff9a7dfe000-7ff9a7ffd000 ---p 00010000 fc:01 1302618                    /usr/lib/jvm/java-8-openjdk-amd64/jre/lib/amd64/libverify.so
7ff9a7ffd000-7ff9a7fff000 r--p 0000f000 fc:01 1302618                    /usr/lib/jvm/java-8-openjdk-amd64/jre/lib/amd64/libverify.so
7ff9a7fff000-7ff9a8000000 rw-p 00011000 fc:01 1302618                    /usr/lib/jvm/java-8-openjdk-amd64/jre/lib/amd64/libverify.so
7ff9a8000000-7ff9a81d0000 rw-p 00000000 00:00 0 
7ff9a81d0000-7ff9ac000000 ---p 00000000 00:00 0 
7ff9ac000000-7ff9ac004000 r--s 0003a000 fc:01 1555515                    /usr/lib/jvm/java-8-openjdk-amd64/jre/lib/ext/sunpkcs11.jar
7ff9ac004000-7ff9ac005000 r--s 00010000 fc:01 1555516                    /usr/lib/jvm/java-8-openjdk-amd64/jre/lib/ext/zipfs.jar
7ff9ac005000-7ff9ac006000 r--s 0000a000 fc:01 1555510                    /usr/lib/jvm/java-8-openjdk-amd64/jre/lib/ext/jaccess.jar
7ff9ac006000-7ff9ac008000 r--s 00007000 fc:01 29606                      /usr/share/java/java-atk-wrapper.jar
7ff9ac008000-7ff9ac039000 r--p 00000000 fc:01 7802                       /usr/lib/locale/C.UTF-8/LC_CTYPE
7ff9ac039000-7ff9ac180000 rw-p 00000000 00:00 0 
7ff9ac180000-7ff9ac187000 r-xp 00000000 fc:01 2180                       /lib/x86_64-linux-gnu/librt-2.27.so
7ff9ac187000-7ff9ac386000 ---p 00007000 fc:01 2180                       /lib/x86_64-linux-gnu/librt-2.27.so
7ff9ac386000-7ff9ac387000 r--p 00006000 fc:01 2180                       /lib/x86_64-linux-gnu/librt-2.27.so
7ff9ac387000-7ff9ac388000 rw-p 00007000 fc:01 2180                       /lib/x86_64-linux-gnu/librt-2.27.so
7ff9ac388000-7ff9ac39f000 r-xp 00000000 fc:01 29154                      /lib/x86_64-linux-gnu/libgcc_s.so.1
7ff9ac39f000-7ff9ac59e000 ---p 00017000 fc:01 29154                      /lib/x86_64-linux-gnu/libgcc_s.so.1
7ff9ac59e000-7ff9ac59f000 r--p 00016000 fc:01 29154                      /lib/x86_64-linux-gnu/libgcc_s.so.1
7ff9ac59f000-7ff9ac5a0000 rw-p 00017000 fc:01 29154                      /lib/x86_64-linux-gnu/libgcc_s.so.1
7ff9ac5a0000-7ff9ac73d000 r-xp 00000000 fc:01 2087                       /lib/x86_64-linux-gnu/libm-2.27.so
7ff9ac73d000-7ff9ac93c000 ---p 0019d000 fc:01 2087                       /lib/x86_64-linux-gnu/libm-2.27.so
7ff9ac93c000-7ff9ac93d000 r--p 0019c000 fc:01 2087                       /lib/x86_64-linux-gnu/libm-2.27.so
7ff9ac93d000-7ff9ac93e000 rw-p 0019d000 fc:01 2087                       /lib/x86_64-linux-gnu/libm-2.27.so
7ff9ac93e000-7ff9acab7000 r-xp 00000000 fc:01 4344                       /usr/lib/x86_64-linux-gnu/libstdc++.so.6.0.25
7ff9acab7000-7ff9accb7000 ---p 00179000 fc:01 4344                       /usr/lib/x86_64-linux-gnu/libstdc++.so.6.0.25
7ff9accb7000-7ff9accc1000 r--p 00179000 fc:01 4344                       /usr/lib/x86_64-linux-gnu/libstdc++.so.6.0.25
7ff9accc1000-7ff9accc3000 rw-p 00183000 fc:01 4344                       /usr/lib/x86_64-linux-gnu/libstdc++.so.6.0.25
7ff9accc3000-7ff9accc7000 rw-p 00000000 00:00 0 
7ff9accc7000-7ff9ad96a000 r-xp 00000000 fc:01 1302622                    /usr/lib/jvm/java-8-openjdk-amd64/jre/lib/amd64/server/libjvm.so
7ff9ad96a000-7ff9adb6a000 ---p 00ca3000 fc:01 1302622                    /usr/lib/jvm/java-8-openjdk-amd64/jre/lib/amd64/server/libjvm.so
7ff9adb6a000-7ff9adbfe000 r--p 00ca3000 fc:01 1302622                    /usr/lib/jvm/java-8-openjdk-amd64/jre/lib/amd64/server/libjvm.so
7ff9adbfe000-7ff9adc27000 rw-p 00d37000 fc:01 1302622                    /usr/lib/jvm/java-8-openjdk-amd64/jre/lib/amd64/server/libjvm.so
7ff9adc27000-7ff9adc57000 rw-p 00000000 00:00 0 
7ff9adc57000-7ff9adc71000 r-xp 00000000 fc:01 2178                       /lib/x86_64-linux-gnu/libpthread-2.27.so
7ff9adc71000-7ff9ade70000 ---p 0001a000 fc:01 2178                       /lib/x86_64-linux-gnu/libpthread-2.27.so
7ff9ade70000-7ff9ade71000 r--p 00019000 fc:01 2178                       /lib/x86_64-linux-gnu/libpthread-2.27.so
7ff9ade71000-7ff9ade72000 rw-p 0001a000 fc:01 2178                       /lib/x86_64-linux-gnu/libpthread-2.27.so
7ff9ade72000-7ff9ade76000 rw-p 00000000 00:00 0 
7ff9ade76000-7ff9ade79000 r-xp 00000000 fc:01 2086                       /lib/x86_64-linux-gnu/libdl-2.27.so
7ff9ade79000-7ff9ae078000 ---p 00003000 fc:01 2086                       /lib/x86_64-linux-gnu/libdl-2.27.so
7ff9ae078000-7ff9ae079000 r--p 00002000 fc:01 2086                       /lib/x86_64-linux-gnu/libdl-2.27.so
7ff9ae079000-7ff9ae07a000 rw-p 00003000 fc:01 2086                       /lib/x86_64-linux-gnu/libdl-2.27.so
7ff9ae07a000-7ff9ae096000 r-xp 00000000 fc:01 2183                       /lib/x86_64-linux-gnu/libz.so.1.2.11
7ff9ae096000-7ff9ae295000 ---p 0001c000 fc:01 2183                       /lib/x86_64-linux-gnu/libz.so.1.2.11
7ff9ae295000-7ff9ae296000 r--p 0001b000 fc:01 2183                       /lib/x86_64-linux-gnu/libz.so.1.2.11
7ff9ae296000-7ff9ae297000 rw-p 0001c000 fc:01 2183                       /lib/x86_64-linux-gnu/libz.so.1.2.11
7ff9ae297000-7ff9ae47e000 r-xp 00000000 fc:01 2083                       /lib/x86_64-linux-gnu/libc-2.27.so
7ff9ae47e000-7ff9ae67e000 ---p 001e7000 fc:01 2083                       /lib/x86_64-linux-gnu/libc-2.27.so
7ff9ae67e000-7ff9ae682000 r--p 001e7000 fc:01 2083                       /lib/x86_64-linux-gnu/libc-2.27.so
7ff9ae682000-7ff9ae684000 rw-p 001eb000 fc:01 2083                       /lib/x86_64-linux-gnu/libc-2.27.so
7ff9ae684000-7ff9ae688000 rw-p 00000000 00:00 0 
7ff9ae688000-7ff9ae696000 r-xp 00000000 fc:01 1555499                    /usr/lib/jvm/java-8-openjdk-amd64/jre/lib/amd64/jli/libjli.so
7ff9ae696000-7ff9ae895000 ---p 0000e000 fc:01 1555499                    /usr/lib/jvm/java-8-openjdk-amd64/jre/lib/amd64/jli/libjli.so
7ff9ae895000-7ff9ae896000 r--p 0000d000 fc:01 1555499                    /usr/lib/jvm/java-8-openjdk-amd64/jre/lib/amd64/jli/libjli.so
7ff9ae896000-7ff9ae897000 rw-p 0000e000 fc:01 1555499                    /usr/lib/jvm/java-8-openjdk-amd64/jre/lib/amd64/jli/libjli.so
7ff9ae897000-7ff9ae8be000 r-xp 00000000 fc:01 2079                       /lib/x86_64-linux-gnu/ld-2.27.so
7ff9ae8be000-7ff9ae8bf000 r--s 0000d000 fc:01 1555513                    /usr/lib/jvm/java-8-openjdk-amd64/jre/lib/ext/sunec.jar
7ff9ae8bf000-7ff9ae8c1000 r--s 00001000 fc:01 1555508                    /usr/lib/jvm/java-8-openjdk-amd64/jre/lib/ext/dnsns.jar
7ff9ae8c1000-7ff9ae8c4000 r--s 0000f000 fc:01 1555509                    /usr/lib/jvm/java-8-openjdk-amd64/jre/lib/ext/icedtea-sound.jar
7ff9ae8c4000-7ff9ae8ce000 r--s 00116000 fc:01 1555511                    /usr/lib/jvm/java-8-openjdk-amd64/jre/lib/ext/localedata.jar
7ff9ae8ce000-7ff9ae8cf000 r--p 00000000 fc:01 7807                       /usr/lib/locale/C.UTF-8/LC_NUMERIC
7ff9ae8cf000-7ff9ae8d0000 r--p 00000000 fc:01 7810                       /usr/lib/locale/C.UTF-8/LC_TIME
7ff9ae8d0000-7ff9ae8d1000 r--p 00000000 fc:01 7805                       /usr/lib/locale/C.UTF-8/LC_MONETARY
7ff9ae8d1000-7ff9ae8d2000 r--p 00000000 fc:01 7799                       /usr/lib/locale/C.UTF-8/LC_MESSAGES/SYS_LC_MESSAGES
7ff9ae8d2000-7ff9ae8d3000 r--p 00000000 fc:01 7808                       /usr/lib/locale/C.UTF-8/LC_PAPER
7ff9ae8d3000-7ff9ae8d4000 r--p 00000000 fc:01 7806                       /usr/lib/locale/C.UTF-8/LC_NAME
7ff9ae8d4000-7ff9ae8d5000 r--p 00000000 fc:01 7800                       /usr/lib/locale/C.UTF-8/LC_ADDRESS
7ff9ae8d5000-7ff9ae8d6000 r--p 00000000 fc:01 7809                       /usr/lib/locale/C.UTF-8/LC_TELEPHONE
7ff9ae8d6000-7ff9ae8d7000 r--p 00000000 fc:01 7804                       /usr/lib/locale/C.UTF-8/LC_MEASUREMENT
7ff9ae8d7000-7ff9ae8de000 r--s 00000000 fc:01 5010                       /usr/lib/x86_64-linux-gnu/gconv/gconv-modules.cache
7ff9ae8de000-7ff9ae8df000 r--p 00000000 fc:01 7803                       /usr/lib/locale/C.UTF-8/LC_IDENTIFICATION
7ff9ae8df000-7ff9ae8e5000 rw-p 00000000 00:00 0 
7ff9ae8e5000-7ff9ae932000 ---p 00000000 00:00 0 
7ff9ae932000-7ff9ae935000 rw-p 00000000 00:00 0 
7ff9ae935000-7ff9ae95b000 ---p 00000000 00:00 0 
7ff9ae95b000-7ff9ae961000 rw-p 00000000 00:00 0 
7ff9ae961000-7ff9ae9ae000 ---p 00000000 00:00 0 
7ff9ae9ae000-7ff9ae9af000 rw-p 00000000 00:00 0 
7ff9ae9af000-7ff9ae9b0000 ---p 00000000 00:00 0 
7ff9ae9b0000-7ff9ae9b3000 ---p 00000000 00:00 0 
7ff9ae9b3000-7ff9aeab2000 rw-p 00000000 00:00 0 
7ff9aeab2000-7ff9aeaba000 rw-s 00000000 fc:01 1039831                    /tmp/hsperfdata_mpiuser/5109
7ff9aeaba000-7ff9aeabb000 rw-p 00000000 00:00 0 
7ff9aeabb000-7ff9aeabc000 r--p 00000000 00:00 0 
7ff9aeabc000-7ff9aeabe000 rw-p 00000000 00:00 0 
7ff9aeabe000-7ff9aeabf000 r--p 00027000 fc:01 2079                       /lib/x86_64-linux-gnu/ld-2.27.so
7ff9aeabf000-7ff9aeac0000 rw-p 00028000 fc:01 2079                       /lib/x86_64-linux-gnu/ld-2.27.so
7ff9aeac0000-7ff9aeac1000 rw-p 00000000 00:00 0 
7ffe20609000-7ffe2062a000 rw-p 00000000 00:00 0                          [stack]
7ffe2070f000-7ffe20712000 r--p 00000000 00:00 0                          [vvar]
7ffe20712000-7ffe20714000 r-xp 00000000 00:00 0                          [vdso]
ffffffffff600000-ffffffffff601000 r-xp 00000000 00:00 0                  [vsyscall]

VM Arguments:
jvm_args: -Djava.library.path=/usr/local/lib 
java_command: Client 1000000 100 0
java_class_path (initial): /home/mpiuser/cloud/fyp/java_client:./lib/spring-jcl-5.2.5.RELEASE.jar:./lib/jackson-databind-2.10.3.jar:./lib/jackson-databind-2.10.2.jar:./lib/slf4j-simple-1.7.30.jar:./lib/amqp-client-5.8.0.jar:./lib/spring-web-5.2.5.RELEASE.jar:./lib/jackson-annotations-2.10.3.jar:./lib/mpi.jar:./lib/spring-beans-5.2.5.RELEASE.jar:./lib/jackson-annotations-2.10.2.jar:./lib/jackson-core-2.10.2.jar:./lib/jackson-core-2.10.3.jar:./lib/slf4j-api-1.7.29.jar:./lib/spring-core-5.2.5.RELEASE.jar:./lib/slf4j-api-1.7.30.jar:./lib/http-client-3.6.1.RELEASE.jar:/usr/local/lib/mpi.jar
Launcher Type: SUN_STANDARD

Environment Variables:
PATH=/usr/local/sbin:/usr/local/bin:/usr/sbin:/usr/bin:/sbin:/bin:/usr/games:/usr/local/games:/snap/bin
SHELL=/bin/bash

Signal Handlers:
SIGSEGV: [libjvm.so+0xabc3b0], sa_mask[0]=11111111011111111101111111111110, sa_flags=SA_RESTART|SA_SIGINFO
SIGBUS: [libjvm.so+0xabc3b0], sa_mask[0]=11111111011111111101111111111110, sa_flags=SA_RESTART|SA_SIGINFO
SIGFPE: [libjvm.so+0x8f0bb0], sa_mask[0]=11111111011111111101111111111110, sa_flags=SA_RESTART|SA_SIGINFO
SIGPIPE: [libjvm.so+0x8f0bb0], sa_mask[0]=11111111011111111101111111111110, sa_flags=SA_RESTART|SA_SIGINFO
SIGXFSZ: [libjvm.so+0x8f0bb0], sa_mask[0]=11111111011111111101111111111110, sa_flags=SA_RESTART|SA_SIGINFO
SIGILL: [libjvm.so+0x8f0bb0], sa_mask[0]=11111111011111111101111111111110, sa_flags=SA_RESTART|SA_SIGINFO
SIGUSR1: SIG_DFL, sa_mask[0]=00000000000000000000000000000000, sa_flags=none
SIGUSR2: [libjvm.so+0x8f0a60], sa_mask[0]=00000000000000000000000000000000, sa_flags=SA_RESTART|SA_SIGINFO
SIGHUP: [libjvm.so+0x8f10d0], sa_mask[0]=11111111011111111101111111111110, sa_flags=SA_RESTART|SA_SIGINFO
SIGINT: [libjvm.so+0x8f10d0], sa_mask[0]=11111111011111111101111111111110, sa_flags=SA_RESTART|SA_SIGINFO
SIGTERM: [libjvm.so+0x8f10d0], sa_mask[0]=11111111011111111101111111111110, sa_flags=SA_RESTART|SA_SIGINFO
SIGQUIT: [libjvm.so+0x8f10d0], sa_mask[0]=11111111011111111101111111111110, sa_flags=SA_RESTART|SA_SIGINFO


---------------  S Y S T E M  ---------------

OS:DISTRIB_ID=Ubuntu
DISTRIB_RELEASE=18.04
DISTRIB_CODENAME=bionic
DISTRIB_DESCRIPTION="Ubuntu 18.04.3 LTS"

uname:Linux 4.15.0-91-generic #92-Ubuntu SMP Fri Feb 28 11:09:48 UTC 2020 x86_64
libc:glibc 2.27 NPTL 2.27 
rlimit: STACK 8192k, CORE 0k, NPROC 3837, NOFILE 1048576, AS infinity
load average:22.55 4.80 1.56

/proc/meminfo:
MemTotal:        1008492 kB
MemFree:           58244 kB
MemAvailable:      13272 kB
Buffers:            1876 kB
Cached:            31340 kB
SwapCached:            0 kB
Active:           802776 kB
Inactive:          12200 kB
Active(anon):     782352 kB
Inactive(anon):      252 kB
Active(file):      20424 kB
Inactive(file):    11948 kB
Unevictable:           0 kB
Mlocked:               0 kB
SwapTotal:             0 kB
SwapFree:              0 kB
Dirty:               312 kB
Writeback:           204 kB
AnonPages:        782020 kB
Mapped:            24600 kB
Shmem:               648 kB
Slab:              68280 kB
SReclaimable:      20356 kB
SUnreclaim:        47924 kB
KernelStack:       12624 kB
PageTables:        24168 kB
NFS_Unstable:          0 kB
Bounce:                0 kB
WritebackTmp:          0 kB
CommitLimit:      504244 kB
Committed_AS:    4325812 kB
VmallocTotal:   34359738367 kB
VmallocUsed:           0 kB
VmallocChunk:          0 kB
HardwareCorrupted:     0 kB
AnonHugePages:         0 kB
ShmemHugePages:        0 kB
ShmemPmdMapped:        0 kB
CmaTotal:              0 kB
CmaFree:               0 kB
HugePages_Total:       0
HugePages_Free:        0
HugePages_Rsvd:        0
HugePages_Surp:        0
Hugepagesize:       2048 kB
DirectMap4k:       83948 kB
DirectMap2M:      964608 kB
DirectMap1G:           0 kB

container (cgroup) information:
container_type: cgroupv1
cpu_cpuset_cpus: 0-2
cpu_memory_nodes: 0
active_processor_count: 3
cpu_quota: -1
cpu_period: 100000
cpu_shares: -1
memory_limit_in_bytes: -1
memory_and_swap_limit_in_bytes: -2
memory_soft_limit_in_bytes: -1
memory_usage_in_bytes: 752746496
memory_max_usage_in_bytes: 817807360


CPU:total 3 (initial active 3) (1 cores per cpu, 1 threads per core) family 6 model 85 stepping 4, cmov, cx8, fxsr, mmx, sse, sse2, sse3, ssse3, sse4.1, sse4.2, popcnt, avx, avx2, aes, clmul, erms, 3dnowpref, lzcnt, tsc, bmi1, bmi2, adx

/proc/cpuinfo:
processor	: 0
vendor_id	: GenuineIntel
cpu family	: 6
model		: 85
model name	: Intel(R) Xeon(R) Gold 6140 CPU @ 2.30GHz
stepping	: 4
microcode	: 0x1
cpu MHz		: 2294.608
cache size	: 4096 KB
physical id	: 0
siblings	: 1
core id		: 0
cpu cores	: 1
apicid		: 0
initial apicid	: 0
fpu		: yes
fpu_exception	: yes
cpuid level	: 13
wp		: yes
flags		: fpu vme de pse tsc msr pae mce cx8 apic sep mtrr pge mca cmov pat pse36 clflush mmx fxsr sse sse2 ss syscall nx pdpe1gb rdtscp lm constant_tsc arch_perfmon rep_good nopl cpuid tsc_known_freq pni pclmulqdq vmx ssse3 fma cx16 pcid sse4_1 sse4_2 x2apic movbe popcnt tsc_deadline_timer aes xsave avx f16c rdrand hypervisor lahf_lm abm 3dnowprefetch cpuid_fault invpcid_single pti ssbd ibrs ibpb tpr_shadow vnmi flexpriority ept vpid fsgsbase tsc_adjust bmi1 avx2 smep bmi2 erms invpcid mpx avx512f avx512dq rdseed adx smap clflushopt clwb avx512cd avx512bw avx512vl xsaveopt xsavec xgetbv1 pku ospke md_clear
bugs		: cpu_meltdown spectre_v1 spectre_v2 spec_store_bypass l1tf mds swapgs itlb_multihit
bogomips	: 4589.21
clflush size	: 64
cache_alignment	: 64
address sizes	: 40 bits physical, 48 bits virtual
power management:

processor	: 1
vendor_id	: GenuineIntel
cpu family	: 6
model		: 85
model name	: Intel(R) Xeon(R) Gold 6140 CPU @ 2.30GHz
stepping	: 4
microcode	: 0x1
cpu MHz		: 2294.608
cache size	: 4096 KB
physical id	: 1
siblings	: 1
core id		: 0
cpu cores	: 1
apicid		: 1
initial apicid	: 1
fpu		: yes
fpu_exception	: yes
cpuid level	: 13
wp		: yes
flags		: fpu vme de pse tsc msr pae mce cx8 apic sep mtrr pge mca cmov pat pse36 clflush mmx fxsr sse sse2 ss syscall nx pdpe1gb rdtscp lm constant_tsc arch_perfmon rep_good nopl cpuid tsc_known_freq pni pclmulqdq vmx ssse3 fma cx16 pcid sse4_1 sse4_2 x2apic movbe popcnt tsc_deadline_timer aes xsave avx f16c rdrand hypervisor lahf_lm abm 3dnowprefetch cpuid_fault invpcid_single pti ssbd ibrs ibpb tpr_shadow vnmi flexpriority ept vpid fsgsbase tsc_adjust bmi1 avx2 smep bmi2 erms invpcid mpx avx512f avx512dq rdseed adx smap clflushopt clwb avx512cd avx512bw avx512vl xsaveopt xsavec xgetbv1 pku ospke md_clear
bugs		: cpu_meltdown spectre_v1 spectre_v2 spec_store_bypass l1tf mds swapgs itlb_multihit
bogomips	: 4589.21
clflush size	: 64
cache_alignment	: 64
address sizes	: 40 bits physical, 48 bits virtual
power management:

processor	: 2
vendor_id	: GenuineIntel
cpu family	: 6
model		: 85
model name	: Intel(R) Xeon(R) Gold 6140 CPU @ 2.30GHz
stepping	: 4
microcode	: 0x1
cpu MHz		: 2294.608
cache size	: 4096 KB
physical id	: 2
siblings	: 1
core id		: 0
cpu cores	: 1
apicid		: 2
initial apicid	: 2
fpu		: yes
fpu_exception	: yes
cpuid level	: 13
wp		: yes
flags		: fpu vme de pse tsc msr pae mce cx8 apic sep mtrr pge mca cmov pat pse36 clflush mmx fxsr sse sse2 ss syscall nx pdpe1gb rdtscp lm constant_tsc arch_perfmon rep_good nopl cpuid tsc_known_freq pni pclmulqdq vmx ssse3 fma cx16 pcid sse4_1 sse4_2 x2apic movbe popcnt tsc_deadline_timer aes xsave avx f16c rdrand hypervisor lahf_lm abm 3dnowprefetch cpuid_fault invpcid_single pti ssbd ibrs ibpb tpr_shadow vnmi flexpriority ept vpid fsgsbase tsc_adjust bmi1 avx2 smep bmi2 erms invpcid mpx avx512f avx512dq rdseed adx smap clflushopt clwb avx512cd avx512bw avx512vl xsaveopt xsavec xgetbv1 pku ospke md_clear
bugs		: cpu_meltdown spectre_v1 spectre_v2 spec_store_bypass l1tf mds swapgs itlb_multihit
bogomips	: 4589.21
clflush size	: 64
cache_alignment	: 64
address sizes	: 40 bits physical, 48 bits virtual
power management:



Memory: 4k page, physical 1008492k(81328k free), swap 0k(0k free)

vm_info: OpenJDK 64-Bit Server VM (25.242-b08) for linux-amd64 JRE (1.8.0_242-8u242-b08-0ubuntu3~18.04-b08), built on Jan 17 2020 23:41:21 by "buildd" with gcc 7.4.0

time: Mon Apr  6 11:39:59 2020
timezone: UTC
elapsed time: 9 seconds (0d 0h 0m 9s)

