#
# A fatal error has been detected by the Java Runtime Environment:
#
#  SIGSEGV (0xb) at pc=0x00007f71bc2e817c, pid=5194, tid=0x00007f71f77a2700
#
# JRE version: OpenJDK Runtime Environment (8.0_242-b08) (build 1.8.0_242-8u242-b08-0ubuntu3~18.04-b08)
# Java VM: OpenJDK 64-Bit Server VM (25.242-b08 mixed mode linux-amd64 compressed oops)
# Problematic frame:
# C  [mca_gds_ds21.so+0x217c]  pmix_gds_ds21_lock_init+0x13c
#
# Failed to write core dump. Core dumps have been disabled. To enable core dumping, try "ulimit -c unlimited" before starting Java again
#
# If you would like to submit a bug report, please visit:
#   http://bugreport.java.com/bugreport/crash.jsp
# The crash happened outside the Java Virtual Machine in native code.
# See problematic frame for where to report the bug.
#

---------------  T H R E A D  ---------------

Current thread (0x00007f71f000b800):  JavaThread "main" [_thread_in_native, id=5251, stack(0x00007f71f76a3000,0x00007f71f77a3000)]

siginfo: si_signo: 11 (SIGSEGV), si_code: 1 (SEGV_MAPERR), si_addr: 0x00007f71f4005008

Registers:
RAX=0x00007f71f02a5480, RBX=0x00007f71f02a53f0, RCX=0x00007f71bc70d19e, RDX=0x00007ffe6d22dcb3
RSP=0x00007f71f77a06a0, RBP=0x00007f71f02a53a0, RSI=0x0000000000085000, RDI=0x0000000000000000
R8 =0x000000000000001e, R9 =0x0000000000000000, R10=0x0000000000000001, R11=0x0000000000000000
R12=0x00007f71f4005000, R13=0x00007f71f02a4ff8, R14=0x0000000000001000, R15=0x00007f71bc4ea240
RIP=0x00007f71bc2e817c, EFLAGS=0x0000000000010202, CSGSFS=0x002b000000000033, ERR=0x0000000000000004
  TRAPNO=0x000000000000000e

Top of Stack: (sp=0x00007f71f77a06a0)
0x00007f71f77a06a0:   00007f71f02a5070 00007f71f02a5350
0x00007f71f77a06b0:   00007ffe6d22dcb3 0000000000085000
0x00007f71f77a06c0:   0000000000001000 00000000000003e8
0x00007f71f77a06d0:   00007f71f02a53f8 00007f71f70212ed
0x00007f71f77a06e0:   00007f71f02a5040 460d9fd582f62f00
0x00007f71f77a06f0:   0000000000000000 00007f71f02a4d20
0x00007f71f77a0700:   0000000000000000 00007ffe6d22dcb3
0x00007f71f77a0710:   0000000000000000 00007f71f02a4fd0
0x00007f71f77a0720:   00007f71f02a4f90 00007f71bc707cd9
0x00007f71f77a0730:   00007f71bc2e8cdb 00007f71f77a07c0
0x00007f71f77a0740:   00007f71bd89a8d3 0000001500000040
0x00007f71f77a0750:   00007f71f02a0670 460d9fd582f62f00
0x00007f71f77a0760:   00007f71bdac00a0 00007f71f02a0180
0x00007f71f77a0770:   00007f71bdac3fd0 00007f71bc4ea2d4
0x00007f71f77a0780:   00007f71bdac00a0 00007f71bc4ea180
0x00007f71f77a0790:   00007f71f02a4cd0 00007f71bc2e7f04
0x00007f71f77a07a0:   00007f71bdac3fd0 00007f71bd8821a6
0x00007f71f77a07b0:   00007f71bdac0100 00007f71bdac3fc0
0x00007f71f77a07c0:   00007f71f77a07e4 00007f71f77a07e8
0x00007f71f77a07d0:   0000000000000000 0000000000000000
0x00007f71f77a07e0:   0000001ebdabf520 00007f71bc4ea180
0x00007f71f77a07f0:   0000000000000000 460d9fd582f62f00
0x00007f71f77a0800:   00007f71bdac00a0 0000000000000000
0x00007f71f77a0810:   0000000000000000 00007f71f022f5d0
0x00007f71f77a0820:   00007f71bdabf520 00007f71bd7ec760
0x00007f71f77a0830:   0000000000000000 00007f71bd8355a9
0x00007f71f77a0840:   00007f71f02582e0 00007f71bdabf7d8
0x00007f71f77a0850:   2d69706d6e65706f 000072657473616d
0x00007f71f77a0860:   0000000003741ab1 00007f71bd778f86
0x00007f71f77a0870:   00007f71bd775118 00007f71bd770afc
0x00007f71f77a0880:   00007f71bd77867a 0000000100000000
0x00007f71f77a0890:   00007f71f77a0990 460d9fd582f62f00 

Instructions: (pc=0x00007f71bc2e817c)
0x00007f71bc2e815c:   ff ff 48 85 c0 48 89 43 30 0f 84 b3 01 00 00 4c
0x00007f71bc2e816c:   8b 60 18 49 8b 34 24 49 39 f6 0f 82 e4 02 00 00
0x00007f71bc2e817c:   41 8b 44 24 08 4c 89 e2 31 c9 48 8d 7c 24 40 be
0x00007f71bc2e818c:   01 00 00 00 89 43 40 49 03 54 24 18 85 c0 48 89 

Register to memory mapping:

RAX=0x00007f71f02a5480 is an unknown value
RBX=0x00007f71f02a53f0 is an unknown value
RCX=0x00007f71bc70d19e: pmix_common_dstor_attach_new_lock_seg+0x1e in /usr/local/lib/libmca_common_dstore.so.1 at 0x00007f71bc6fd000
RDX=0x00007ffe6d22dcb3 is an unknown value
RSP=0x00007f71f77a06a0 is pointing into the stack for thread: 0x00007f71f000b800
RBP=0x00007f71f02a53a0 is an unknown value
RSI=0x0000000000085000 is an unknown value
RDI=0x0000000000000000 is an unknown value
R8 =0x000000000000001e is an unknown value
R9 =0x0000000000000000 is an unknown value
R10=0x0000000000000001 is an unknown value
R11=0x0000000000000000 is an unknown value
R12=0x00007f71f4005000 is an unknown value
R13=0x00007f71f02a4ff8 is an unknown value
R14=0x0000000000001000 is an unknown value
R15=0x00007f71bc4ea240: lock_item_t_class+0 in /usr/local/lib/pmix/mca_gds_ds21.so at 0x00007f71bc2e6000


Stack: [0x00007f71f76a3000,0x00007f71f77a3000],  sp=0x00007f71f77a06a0,  free space=1013k
Native frames: (J=compiled Java code, j=interpreted, Vv=VM code, C=native code)
C  [mca_gds_ds21.so+0x217c]  pmix_gds_ds21_lock_init+0x13c

Java frames: (J=compiled Java code, j=interpreted, Vv=VM code)
j  mpi.MPI.Init_jni([Ljava/lang/String;)[Ljava/lang/String;+0
j  mpi.MPI.Init([Ljava/lang/String;)[Ljava/lang/String;+17
j  Client.main([Ljava/lang/String;)V+1
v  ~StubRoutines::call_stub

---------------  P R O C E S S  ---------------

Java Threads: ( => current thread )
  0x00007f71f00d1800 JavaThread "Service Thread" daemon [_thread_blocked, id=5723, stack(0x00007f71df652000,0x00007f71df753000)]
  0x00007f71f00b4800 JavaThread "C1 CompilerThread1" daemon [_thread_blocked, id=5713, stack(0x00007f71df754000,0x00007f71df854000)]
  0x00007f71f00b2000 JavaThread "C2 CompilerThread0" daemon [_thread_blocked, id=5702, stack(0x00007f71df855000,0x00007f71df955000)]
  0x00007f71f00b0800 JavaThread "Signal Dispatcher" daemon [_thread_blocked, id=5682, stack(0x00007f71df955000,0x00007f71dfa56000)]
  0x00007f71f007e000 JavaThread "Finalizer" daemon [_thread_blocked, id=5415, stack(0x00007f71dfd64000,0x00007f71dfe65000)]
  0x00007f71f0079800 JavaThread "Reference Handler" daemon [_thread_blocked, id=5370, stack(0x00007f71dfe65000,0x00007f71dff66000)]
=>0x00007f71f000b800 JavaThread "main" [_thread_in_native, id=5251, stack(0x00007f71f76a3000,0x00007f71f77a3000)]

Other Threads:
  0x00007f71f006f800 VMThread [stack: 0x00007f71dff67000,0x00007f71e0067000] [id=5348]
  0x00007f71f00d4800 WatcherThread [stack: 0x00007f71df552000,0x00007f71df652000] [id=5744]

VM state:not at safepoint (normal execution)

VM Mutex/Monitor currently owned by a thread: None

heap address: 0x00000000f0800000, size: 248 MB, Compressed Oops mode: 32-bit
Narrow klass base: 0x0000000000000000, Narrow klass shift: 3
Compressed class space size: 1073741824 Address: 0x0000000100000000

Heap:
 def new generation   total 4928K, used 1441K [0x00000000f0800000, 0x00000000f0d50000, 0x00000000f5aa0000)
  eden space 4416K,  32% used [0x00000000f0800000, 0x00000000f0968610, 0x00000000f0c50000)
  from space 512K,   0% used [0x00000000f0c50000, 0x00000000f0c50000, 0x00000000f0cd0000)
  to   space 512K,   0% used [0x00000000f0cd0000, 0x00000000f0cd0000, 0x00000000f0d50000)
 tenured generation   total 10944K, used 0K [0x00000000f5aa0000, 0x00000000f6550000, 0x0000000100000000)
   the space 10944K,   0% used [0x00000000f5aa0000, 0x00000000f5aa0000, 0x00000000f5aa0200, 0x00000000f6550000)
 Metaspace       used 3112K, capacity 4792K, committed 5120K, reserved 1056768K
  class space    used 313K, capacity 424K, committed 512K, reserved 1048576K

Card table byte_map: [0x00007f71f7625000,0x00007f71f76a2000] byte_map_base: 0x00007f71f6ea1000

Polling page: 0x00007f71f77ae000

CodeCache: size=245760Kb used=1226Kb max_used=1226Kb free=244533Kb
 bounds [0x00007f71e0df7000, 0x00007f71e1067000, 0x00007f71efdf7000]
 total_blobs=369 nmethods=65 adapters=220
 compilation: enabled

Compilation events (10 events):
Event: 10.421 Thread 0x00007f71f00b4800   61   !   3       java.util.zip.ZipFile::getEntry (101 bytes)
Event: 10.422 Thread 0x00007f71f00b4800 nmethod 61 0x00007f71e0f27210 code [0x00007f71e0f273e0, 0x00007f71e0f27a58]
Event: 10.422 Thread 0x00007f71f00b4800   57       3       java.util.zip.ZStreamRef::address (5 bytes)
Event: 10.422 Thread 0x00007f71f00b4800 nmethod 57 0x00007f71e0f27d50 code [0x00007f71e0f27ea0, 0x00007f71e0f27ff0]
Event: 10.488 Thread 0x00007f71f00b4800   64       3       java.util.concurrent.ConcurrentHashMap::tabAt (21 bytes)
Event: 10.488 Thread 0x00007f71f00b4800 nmethod 64 0x00007f71e0f28c50 code [0x00007f71e0f28dc0, 0x00007f71e0f28ff0]
Event: 10.488 Thread 0x00007f71f00b4800   66       3       java.util.concurrent.ConcurrentHashMap::setTabAt (19 bytes)
Event: 10.488 Thread 0x00007f71f00b4800 nmethod 66 0x00007f71e0f29090 code [0x00007f71e0f291e0, 0x00007f71e0f29350]
Event: 10.488 Thread 0x00007f71f00b4800   67       3       java.lang.CharacterDataLatin1::toLowerCase (39 bytes)
Event: 10.488 Thread 0x00007f71f00b4800 nmethod 67 0x00007f71e0f293d0 code [0x00007f71e0f29540, 0x00007f71e0f297b0]

GC Heap History (0 events):
No events

Deoptimization events (0 events):
No events

Classes redefined (0 events):
No events

Internal exceptions (5 events):
Event: 0.434 Thread 0x00007f71f000b800 Exception <a 'java/lang/NoSuchMethodError': Method sun.misc.Unsafe.defineClass(Ljava/lang/String;[BII)Ljava/lang/Class; name or signature does not match> (0x00000000f0807cc8) thrown at [/build/openjdk-8-58sEEn/openjdk-8-8u242-b08/src/hotspot/src/share/vm/
Event: 0.434 Thread 0x00007f71f000b800 Exception <a 'java/lang/NoSuchMethodError': Method sun.misc.Unsafe.prefetchRead(Ljava/lang/Object;J)V name or signature does not match> (0x00000000f0807fb0) thrown at [/build/openjdk-8-58sEEn/openjdk-8-8u242-b08/src/hotspot/src/share/vm/prims/jni.cpp, lin
Event: 3.386 Thread 0x00007f71f000b800 Exception <a 'java/util/zip/ZipException'> (0x00000000f085dec8) thrown at [/build/openjdk-8-58sEEn/openjdk-8-8u242-b08/src/hotspot/src/share/vm/prims/jni.cpp, line 710]
Event: 4.553 Thread 0x00007f71f000b800 Exception <a 'java/security/PrivilegedActionException'> (0x00000000f085e168) thrown at [/build/openjdk-8-58sEEn/openjdk-8-8u242-b08/src/hotspot/src/share/vm/prims/jvm.cpp, line 1502]
Event: 4.556 Thread 0x00007f71f000b800 Exception <a 'java/security/PrivilegedActionException'> (0x00000000f085e378) thrown at [/build/openjdk-8-58sEEn/openjdk-8-8u242-b08/src/hotspot/src/share/vm/prims/jvm.cpp, line 1502]

Events (10 events):
Event: 10.195 loading class mpi/Constant
Event: 10.195 loading class mpi/Constant done
Event: 10.195 loading class mpi/Errhandler
Event: 10.195 loading class mpi/Errhandler done
Event: 10.336 loading class mpi/Intracomm
Event: 10.336 loading class mpi/Intracomm done
Event: 10.337 loading class mpi/Comm
Event: 10.337 loading class mpi/Comm done
Event: 10.473 loading class mpi/Version
Event: 10.473 loading class mpi/Version done


Dynamic libraries:
f0800000-f0d50000 rw-p 00000000 00:00 0 
f0d50000-f5aa0000 ---p 00000000 00:00 0 
f5aa0000-f6550000 rw-p 00000000 00:00 0 
f6550000-100000000 ---p 00000000 00:00 0 
100000000-100080000 rw-p 00000000 00:00 0 
100080000-140000000 ---p 00000000 00:00 0 
564696856000-564696857000 r-xp 00000000 fc:01 1302575                    /usr/lib/jvm/java-8-openjdk-amd64/jre/bin/java
564696a56000-564696a57000 r--p 00000000 fc:01 1302575                    /usr/lib/jvm/java-8-openjdk-amd64/jre/bin/java
564696a57000-564696a58000 rw-p 00001000 fc:01 1302575                    /usr/lib/jvm/java-8-openjdk-amd64/jre/bin/java
5646982ff000-564698320000 rw-p 00000000 00:00 0                          [heap]
7f71b4000000-7f71b4021000 rw-p 00000000 00:00 0 
7f71b4021000-7f71b8000000 ---p 00000000 00:00 0 
7f71b8000000-7f71b8021000 rw-p 00000000 00:00 0 
7f71b8021000-7f71bc000000 ---p 00000000 00:00 0 
7f71bc0e3000-7f71bc0e5000 r-xp 00000000 fc:01 782288                     /usr/local/lib/pmix/mca_pshmem_mmap.so
7f71bc0e5000-7f71bc2e4000 ---p 00002000 fc:01 782288                     /usr/local/lib/pmix/mca_pshmem_mmap.so
7f71bc2e4000-7f71bc2e5000 r--p 00001000 fc:01 782288                     /usr/local/lib/pmix/mca_pshmem_mmap.so
7f71bc2e5000-7f71bc2e6000 rw-p 00002000 fc:01 782288                     /usr/local/lib/pmix/mca_pshmem_mmap.so
7f71bc2e6000-7f71bc2ea000 r-xp 00000000 fc:01 782262                     /usr/local/lib/pmix/mca_gds_ds21.so
7f71bc2ea000-7f71bc4e9000 ---p 00004000 fc:01 782262                     /usr/local/lib/pmix/mca_gds_ds21.so
7f71bc4e9000-7f71bc4ea000 r--p 00003000 fc:01 782262                     /usr/local/lib/pmix/mca_gds_ds21.so
7f71bc4ea000-7f71bc4eb000 rw-p 00004000 fc:01 782262                     /usr/local/lib/pmix/mca_gds_ds21.so
7f71bc4eb000-7f71bc4fb000 r-xp 00000000 fc:01 782264                     /usr/local/lib/pmix/mca_gds_hash.so
7f71bc4fb000-7f71bc6fb000 ---p 00010000 fc:01 782264                     /usr/local/lib/pmix/mca_gds_hash.so
7f71bc6fb000-7f71bc6fc000 r--p 00010000 fc:01 782264                     /usr/local/lib/pmix/mca_gds_hash.so
7f71bc6fc000-7f71bc6fd000 rw-p 00011000 fc:01 782264                     /usr/local/lib/pmix/mca_gds_hash.so
7f71bc6fd000-7f71bc70f000 r-xp 00000000 fc:01 29681                      /usr/local/lib/libmca_common_dstore.so.1.0.0
7f71bc70f000-7f71bc90e000 ---p 00012000 fc:01 29681                      /usr/local/lib/libmca_common_dstore.so.1.0.0
7f71bc90e000-7f71bc90f000 r--p 00011000 fc:01 29681                      /usr/local/lib/libmca_common_dstore.so.1.0.0
7f71bc90f000-7f71bc910000 rw-p 00012000 fc:01 29681                      /usr/local/lib/libmca_common_dstore.so.1.0.0
7f71bc910000-7f71bc914000 r-xp 00000000 fc:01 782260                     /usr/local/lib/pmix/mca_gds_ds12.so
7f71bc914000-7f71bcb13000 ---p 00004000 fc:01 782260                     /usr/local/lib/pmix/mca_gds_ds12.so
7f71bcb13000-7f71bcb14000 r--p 00003000 fc:01 782260                     /usr/local/lib/pmix/mca_gds_ds12.so
7f71bcb14000-7f71bcb15000 rw-p 00004000 fc:01 782260                     /usr/local/lib/pmix/mca_gds_ds12.so
7f71bcb15000-7f71bcb1d000 r-xp 00000000 fc:01 782292                     /usr/local/lib/pmix/mca_ptl_usock.so
7f71bcb1d000-7f71bcd1c000 ---p 00008000 fc:01 782292                     /usr/local/lib/pmix/mca_ptl_usock.so
7f71bcd1c000-7f71bcd1d000 r--p 00007000 fc:01 782292                     /usr/local/lib/pmix/mca_ptl_usock.so
7f71bcd1d000-7f71bcd1e000 rw-p 00008000 fc:01 782292                     /usr/local/lib/pmix/mca_ptl_usock.so
7f71bcd1e000-7f71bcd30000 r-xp 00000000 fc:01 782290                     /usr/local/lib/pmix/mca_ptl_tcp.so
7f71bcd30000-7f71bcf2f000 ---p 00012000 fc:01 782290                     /usr/local/lib/pmix/mca_ptl_tcp.so
7f71bcf2f000-7f71bcf30000 r--p 00011000 fc:01 782290                     /usr/local/lib/pmix/mca_ptl_tcp.so
7f71bcf30000-7f71bcf31000 rw-p 00012000 fc:01 782290                     /usr/local/lib/pmix/mca_ptl_tcp.so
7f71bcf31000-7f71bcf43000 r-xp 00000000 fc:01 782252                     /usr/local/lib/pmix/mca_bfrops_v12.so
7f71bcf43000-7f71bd142000 ---p 00012000 fc:01 782252                     /usr/local/lib/pmix/mca_bfrops_v12.so
7f71bd142000-7f71bd143000 r--p 00011000 fc:01 782252                     /usr/local/lib/pmix/mca_bfrops_v12.so
7f71bd143000-7f71bd144000 rw-p 00012000 fc:01 782252                     /usr/local/lib/pmix/mca_bfrops_v12.so
7f71bd144000-7f71bd15d000 r-xp 00000000 fc:01 782254                     /usr/local/lib/pmix/mca_bfrops_v20.so
7f71bd15d000-7f71bd35c000 ---p 00019000 fc:01 782254                     /usr/local/lib/pmix/mca_bfrops_v20.so
7f71bd35c000-7f71bd35d000 r--p 00018000 fc:01 782254                     /usr/local/lib/pmix/mca_bfrops_v20.so
7f71bd35d000-7f71bd35e000 rw-p 00019000 fc:01 782254                     /usr/local/lib/pmix/mca_bfrops_v20.so
7f71bd35e000-7f71bd366000 r-xp 00000000 fc:01 782258                     /usr/local/lib/pmix/mca_bfrops_v3.so
7f71bd366000-7f71bd565000 ---p 00008000 fc:01 782258                     /usr/local/lib/pmix/mca_bfrops_v3.so
7f71bd565000-7f71bd566000 r--p 00007000 fc:01 782258                     /usr/local/lib/pmix/mca_bfrops_v3.so
7f71bd566000-7f71bd567000 rw-p 00008000 fc:01 782258                     /usr/local/lib/pmix/mca_bfrops_v3.so
7f71bd567000-7f71bd56e000 r-xp 00000000 fc:01 782256                     /usr/local/lib/pmix/mca_bfrops_v21.so
7f71bd56e000-7f71bd76e000 ---p 00007000 fc:01 782256                     /usr/local/lib/pmix/mca_bfrops_v21.so
7f71bd76e000-7f71bd76f000 r--p 00007000 fc:01 782256                     /usr/local/lib/pmix/mca_bfrops_v21.so
7f71bd76f000-7f71bd770000 rw-p 00008000 fc:01 782256                     /usr/local/lib/pmix/mca_bfrops_v21.so
7f71bd770000-7f71bd8bc000 r-xp 00000000 fc:01 782295                     /usr/local/lib/openmpi/mca_pmix_pmix3x.so
7f71bd8bc000-7f71bdabc000 ---p 0014c000 fc:01 782295                     /usr/local/lib/openmpi/mca_pmix_pmix3x.so
7f71bdabc000-7f71bdabd000 r--p 0014c000 fc:01 782295                     /usr/local/lib/openmpi/mca_pmix_pmix3x.so
7f71bdabd000-7f71bdac2000 rw-p 0014d000 fc:01 782295                     /usr/local/lib/openmpi/mca_pmix_pmix3x.so
7f71bdac2000-7f71bdac5000 rw-p 00000000 00:00 0 
7f71bdac8000-7f71bdaca000 r-xp 00000000 fc:01 782278                     /usr/local/lib/pmix/mca_psec_native.so
7f71bdaca000-7f71bdcc9000 ---p 00002000 fc:01 782278                     /usr/local/lib/pmix/mca_psec_native.so
7f71bdcc9000-7f71bdcca000 r--p 00001000 fc:01 782278                     /usr/local/lib/pmix/mca_psec_native.so
7f71bdcca000-7f71bdccb000 rw-p 00002000 fc:01 782278                     /usr/local/lib/pmix/mca_psec_native.so
7f71bdccb000-7f71bdccc000 ---p 00000000 00:00 0 
7f71bdccc000-7f71be4cc000 rw-p 00000000 00:00 0 
7f71be4cc000-7f71be4d0000 r-xp 00000000 fc:01 782352                     /usr/local/lib/openmpi/mca_ess_pmi.so
7f71be4d0000-7f71be6cf000 ---p 00004000 fc:01 782352                     /usr/local/lib/openmpi/mca_ess_pmi.so
7f71be6cf000-7f71be6d0000 r--p 00003000 fc:01 782352                     /usr/local/lib/openmpi/mca_ess_pmi.so
7f71be6d0000-7f71be6d1000 rw-p 00004000 fc:01 782352                     /usr/local/lib/openmpi/mca_ess_pmi.so
7f71be6d1000-7f71be6d2000 r-xp 00000000 fc:01 782435                     /usr/local/lib/openmpi/mca_schizo_orte.so
7f71be6d2000-7f71be8d1000 ---p 00001000 fc:01 782435                     /usr/local/lib/openmpi/mca_schizo_orte.so
7f71be8d1000-7f71be8d2000 r--p 00000000 fc:01 782435                     /usr/local/lib/openmpi/mca_schizo_orte.so
7f71be8d2000-7f71be8d3000 rw-p 00001000 fc:01 782435                     /usr/local/lib/openmpi/mca_schizo_orte.so
7f71be8d3000-7f71be8d5000 r-xp 00000000 fc:01 782437                     /usr/local/lib/openmpi/mca_schizo_slurm.so
7f71be8d5000-7f71bead4000 ---p 00002000 fc:01 782437                     /usr/local/lib/openmpi/mca_schizo_slurm.so
7f71bead4000-7f71bead5000 r--p 00001000 fc:01 782437                     /usr/local/lib/openmpi/mca_schizo_slurm.so
7f71bead5000-7f71bead6000 rw-p 00002000 fc:01 782437                     /usr/local/lib/openmpi/mca_schizo_slurm.so
7f71bead6000-7f71beade000 r-xp 00000000 fc:01 782433                     /usr/local/lib/openmpi/mca_schizo_ompi.so
7f71beade000-7f71becdd000 ---p 00008000 fc:01 782433                     /usr/local/lib/openmpi/mca_schizo_ompi.so
7f71becdd000-7f71becde000 r--p 00007000 fc:01 782433                     /usr/local/lib/openmpi/mca_schizo_ompi.so
7f71becde000-7f71bece0000 rw-p 00008000 fc:01 782433                     /usr/local/lib/openmpi/mca_schizo_ompi.so
7f71bece0000-7f71bece1000 r-xp 00000000 fc:01 782431                     /usr/local/lib/openmpi/mca_schizo_flux.so
7f71bece1000-7f71beee1000 ---p 00001000 fc:01 782431                     /usr/local/lib/openmpi/mca_schizo_flux.so
7f71beee1000-7f71beee2000 r--p 00001000 fc:01 782431                     /usr/local/lib/openmpi/mca_schizo_flux.so
7f71beee2000-7f71beee3000 rw-p 00002000 fc:01 782431                     /usr/local/lib/openmpi/mca_schizo_flux.so
7f71beee3000-7f71beee5000 r-xp 00000000 fc:01 782301                     /usr/local/lib/openmpi/mca_reachable_weighted.so
7f71beee5000-7f71bf0e4000 ---p 00002000 fc:01 782301                     /usr/local/lib/openmpi/mca_reachable_weighted.so
7f71bf0e4000-7f71bf0e5000 r--p 00001000 fc:01 782301                     /usr/local/lib/openmpi/mca_reachable_weighted.so
7f71bf0e5000-7f71bf0e6000 rw-p 00002000 fc:01 782301                     /usr/local/lib/openmpi/mca_reachable_weighted.so
7f71bf0e6000-7f71bf0e9000 r-xp 00000000 fc:01 782304                     /usr/local/lib/openmpi/mca_shmem_mmap.so
7f71bf0e9000-7f71bf2e8000 ---p 00003000 fc:01 782304                     /usr/local/lib/openmpi/mca_shmem_mmap.so
7f71bf2e8000-7f71bf2e9000 r--p 00002000 fc:01 782304                     /usr/local/lib/openmpi/mca_shmem_mmap.so
7f71bf2e9000-7f71bf2ea000 rw-p 00003000 fc:01 782304                     /usr/local/lib/openmpi/mca_shmem_mmap.so
7f71bf2ea000-7f71bf2ec000 r-xp 00000000 fc:01 2182                       /lib/x86_64-linux-gnu/libutil-2.27.so
7f71bf2ec000-7f71bf4eb000 ---p 00002000 fc:01 2182                       /lib/x86_64-linux-gnu/libutil-2.27.so
7f71bf4eb000-7f71bf4ec000 r--p 00001000 fc:01 2182                       /lib/x86_64-linux-gnu/libutil-2.27.so
7f71bf4ec000-7f71bf4ed000 rw-p 00002000 fc:01 2182                       /lib/x86_64-linux-gnu/libutil-2.27.so
7f71bf4ed000-7f71bf5a2000 r-xp 00000000 fc:01 29711                      /usr/local/lib/libopen-rte.so.40.20.1
7f71bf5a2000-7f71bf7a1000 ---p 000b5000 fc:01 29711                      /usr/local/lib/libopen-rte.so.40.20.1
7f71bf7a1000-7f71bf7a3000 r--p 000b4000 fc:01 29711                      /usr/local/lib/libopen-rte.so.40.20.1
7f71bf7a3000-7f71bf7a7000 rw-p 000b6000 fc:01 29711                      /usr/local/lib/libopen-rte.so.40.20.1
7f71bf7a7000-7f71bf7aa000 rw-p 00000000 00:00 0 
7f71bf7aa000-7f71bf8ad000 r-xp 00000000 fc:01 13011                      /usr/local/lib/libopen-pal.so.40.20.1
7f71bf8ad000-7f71bfaad000 ---p 00103000 fc:01 13011                      /usr/local/lib/libopen-pal.so.40.20.1
7f71bfaad000-7f71bfab0000 r--p 00103000 fc:01 13011                      /usr/local/lib/libopen-pal.so.40.20.1
7f71bfab0000-7f71bfab6000 rw-p 00106000 fc:01 13011                      /usr/local/lib/libopen-pal.so.40.20.1
7f71bfab6000-7f71bfabd000 rw-p 00000000 00:00 0 
7f71bfabd000-7f71bfbb3000 r-xp 00000000 fc:01 29875                      /usr/local/lib/libmpi.so.40.20.1
7f71bfbb3000-7f71bfdb2000 ---p 000f6000 fc:01 29875                      /usr/local/lib/libmpi.so.40.20.1
7f71bfdb2000-7f71bfdb4000 r--p 000f5000 fc:01 29875                      /usr/local/lib/libmpi.so.40.20.1
7f71bfdb4000-7f71bfdc5000 rw-p 000f7000 fc:01 29875                      /usr/local/lib/libmpi.so.40.20.1
7f71bfdc5000-7f71bfdd7000 rw-p 00000000 00:00 0 
7f71bfdd7000-7f71bfdff000 r-xp 00000000 fc:01 71469                      /usr/local/lib/libmpi_java.so.40.20.0
7f71bfdff000-7f71bfffe000 ---p 00028000 fc:01 71469                      /usr/local/lib/libmpi_java.so.40.20.0
7f71bfffe000-7f71bffff000 r--p 00027000 fc:01 71469                      /usr/local/lib/libmpi_java.so.40.20.0
7f71bffff000-7f71c0000000 rw-p 00028000 fc:01 71469                      /usr/local/lib/libmpi_java.so.40.20.0
7f71c0000000-7f71c007a000 rw-p 00000000 00:00 0 
7f71c007a000-7f71c4000000 ---p 00000000 00:00 0 
7f71c4000000-7f71c4021000 rw-p 00000000 00:00 0 
7f71c4021000-7f71c8000000 ---p 00000000 00:00 0 
7f71c8000000-7f71c8021000 rw-p 00000000 00:00 0 
7f71c8021000-7f71cc000000 ---p 00000000 00:00 0 
7f71cc000000-7f71cc056000 rw-p 00000000 00:00 0 
7f71cc056000-7f71d0000000 ---p 00000000 00:00 0 
7f71d0000000-7f71d0021000 rw-p 00000000 00:00 0 
7f71d0021000-7f71d4000000 ---p 00000000 00:00 0 
7f71d4000000-7f71d4021000 rw-p 00000000 00:00 0 
7f71d4021000-7f71d8000000 ---p 00000000 00:00 0 
7f71d8000000-7f71d8021000 rw-p 00000000 00:00 0 
7f71d8021000-7f71dc000000 ---p 00000000 00:00 0 
7f71dc076000-7f71dc0fb000 rw-s 00000000 fc:01 1039764                    /tmp/ompi.openmpi-master.1000/pid.5069/pmix_dstor_ds21_5069/smlockseg-542244865
7f71dc0fb000-7f71dc118000 r--s 00142000 fc:01 527719                     /home/mpiuser/cloud/fyp/java_client/lib/spring-web-5.2.5.RELEASE.jar
7f71dc118000-7f71dc125000 r--s 00090000 fc:01 527704                     /home/mpiuser/cloud/fyp/java_client/lib/amqp-client-5.8.0.jar
7f71dc125000-7f71df126000 rw-p 00000000 00:00 0 
7f71df126000-7f71df13d000 r-xp 00000000 fc:01 1302611                    /usr/lib/jvm/java-8-openjdk-amd64/jre/lib/amd64/libnet.so
7f71df13d000-7f71df33c000 ---p 00017000 fc:01 1302611                    /usr/lib/jvm/java-8-openjdk-amd64/jre/lib/amd64/libnet.so
7f71df33c000-7f71df33d000 r--p 00016000 fc:01 1302611                    /usr/lib/jvm/java-8-openjdk-amd64/jre/lib/amd64/libnet.so
7f71df33d000-7f71df33e000 rw-p 00017000 fc:01 1302611                    /usr/lib/jvm/java-8-openjdk-amd64/jre/lib/amd64/libnet.so
7f71df33e000-7f71df34f000 r-xp 00000000 fc:01 1302612                    /usr/lib/jvm/java-8-openjdk-amd64/jre/lib/amd64/libnio.so
7f71df34f000-7f71df54f000 ---p 00011000 fc:01 1302612                    /usr/lib/jvm/java-8-openjdk-amd64/jre/lib/amd64/libnio.so
7f71df54f000-7f71df550000 r--p 00011000 fc:01 1302612                    /usr/lib/jvm/java-8-openjdk-amd64/jre/lib/amd64/libnio.so
7f71df550000-7f71df551000 rw-p 00012000 fc:01 1302612                    /usr/lib/jvm/java-8-openjdk-amd64/jre/lib/amd64/libnio.so
7f71df551000-7f71df552000 ---p 00000000 00:00 0 
7f71df552000-7f71df652000 rw-p 00000000 00:00 0 
7f71df652000-7f71df655000 ---p 00000000 00:00 0 
7f71df655000-7f71df753000 rw-p 00000000 00:00 0 
7f71df753000-7f71df754000 ---p 00000000 00:00 0 
7f71df754000-7f71df757000 ---p 00000000 00:00 0 
7f71df757000-7f71df854000 rw-p 00000000 00:00 0 
7f71df854000-7f71df855000 ---p 00000000 00:00 0 
7f71df855000-7f71df858000 ---p 00000000 00:00 0 
7f71df858000-7f71df955000 rw-p 00000000 00:00 0 
7f71df955000-7f71df958000 ---p 00000000 00:00 0 
7f71df958000-7f71dfa56000 rw-p 00000000 00:00 0 
7f71dfa56000-7f71dfbc9000 r--p 00000000 fc:01 7801                       /usr/lib/locale/C.UTF-8/LC_COLLATE
7f71dfbc9000-7f71dfd64000 r--p 00000000 fc:01 7796                       /usr/lib/locale/locale-archive
7f71dfd64000-7f71dfd67000 ---p 00000000 00:00 0 
7f71dfd67000-7f71dfe65000 rw-p 00000000 00:00 0 
7f71dfe65000-7f71dfe68000 ---p 00000000 00:00 0 
7f71dfe68000-7f71dff66000 rw-p 00000000 00:00 0 
7f71dff66000-7f71dff67000 ---p 00000000 00:00 0 
7f71dff67000-7f71e0067000 rw-p 00000000 00:00 0 
7f71e0067000-7f71e0237000 r--s 03c68000 fc:01 1302635                    /usr/lib/jvm/java-8-openjdk-amd64/jre/lib/rt.jar
7f71e0237000-7f71e06b7000 rw-p 00000000 00:00 0 
7f71e06b7000-7f71e0a37000 ---p 00000000 00:00 0 
7f71e0a37000-7f71e0a41000 rw-p 00000000 00:00 0 
7f71e0a41000-7f71e0df7000 ---p 00000000 00:00 0 
7f71e0df7000-7f71e1067000 rwxp 00000000 00:00 0 
7f71e1067000-7f71efdf7000 ---p 00000000 00:00 0 
7f71efdf7000-7f71efdff000 r-xp 00000000 fc:01 1302619                    /usr/lib/jvm/java-8-openjdk-amd64/jre/lib/amd64/libzip.so
7f71efdff000-7f71efffe000 ---p 00008000 fc:01 1302619                    /usr/lib/jvm/java-8-openjdk-amd64/jre/lib/amd64/libzip.so
7f71efffe000-7f71effff000 r--p 00007000 fc:01 1302619                    /usr/lib/jvm/java-8-openjdk-amd64/jre/lib/amd64/libzip.so
7f71effff000-7f71f0000000 rw-p 00008000 fc:01 1302619                    /usr/lib/jvm/java-8-openjdk-amd64/jre/lib/amd64/libzip.so
7f71f0000000-7f71f02a7000 rw-p 00000000 00:00 0 
7f71f02a7000-7f71f4000000 ---p 00000000 00:00 0 
7f71f4006000-7f71f4007000 r--s 00000000 fc:01 783094                     /tmp/ompi.openmpi-master.1000/pid.5069/pmix_dstor_ds12_5069/initial-pmix_shared-segment-0
7f71f4007000-7f71f4008000 rw-s 00000000 fc:01 783095                     /tmp/ompi.openmpi-master.1000/pid.5069/pmix_dstor_ds12_5069/dstore_sm.lock
7f71f4008000-7f71f4009000 r--s 0000f000 fc:01 527712                     /home/mpiuser/cloud/fyp/java_client/lib/mpi.jar
7f71f4009000-7f71f400c000 r--s 0000e000 fc:01 527707                     /home/mpiuser/cloud/fyp/java_client/lib/jackson-annotations-2.10.3.jar
7f71f400c000-7f71f400d000 r--s 00003000 fc:01 527715                     /home/mpiuser/cloud/fyp/java_client/lib/slf4j-simple-1.7.30.jar
7f71f400d000-7f71f4022000 r--s 00142000 fc:01 527710                     /home/mpiuser/cloud/fyp/java_client/lib/jackson-databind-2.10.2.jar
7f71f4022000-7f71f4037000 r--s 00142000 fc:01 527711                     /home/mpiuser/cloud/fyp/java_client/lib/jackson-databind-2.10.3.jar
7f71f4037000-7f71f4038000 r--s 00005000 fc:01 527718                     /home/mpiuser/cloud/fyp/java_client/lib/spring-jcl-5.2.5.RELEASE.jar
7f71f4038000-7f71f4053000 r--s 001d6000 fc:01 1555512                    /usr/lib/jvm/java-8-openjdk-amd64/jre/lib/ext/nashorn.jar
7f71f4053000-7f71f4057000 r--s 0003a000 fc:01 1555515                    /usr/lib/jvm/java-8-openjdk-amd64/jre/lib/ext/sunpkcs11.jar
7f71f4057000-7f71f405c000 r--s 0003d000 fc:01 1555514                    /usr/lib/jvm/java-8-openjdk-amd64/jre/lib/ext/sunjce_provider.jar
7f71f405c000-7f71f405d000 r--s 00010000 fc:01 1555516                    /usr/lib/jvm/java-8-openjdk-amd64/jre/lib/ext/zipfs.jar
7f71f405d000-7f71f405e000 r--s 0000a000 fc:01 1555510                    /usr/lib/jvm/java-8-openjdk-amd64/jre/lib/ext/jaccess.jar
7f71f405e000-7f71f4060000 r--s 00007000 fc:01 29606                      /usr/share/java/java-atk-wrapper.jar
7f71f4060000-7f71f407b000 r--s 00394000 fc:01 1555507                    /usr/lib/jvm/java-8-openjdk-amd64/jre/lib/ext/cldrdata.jar
7f71f407b000-7f71f40ac000 r--p 00000000 fc:01 7802                       /usr/lib/locale/C.UTF-8/LC_CTYPE
7f71f40ac000-7f71f41f3000 rw-p 00000000 00:00 0 
7f71f41f3000-7f71f41fe000 r-xp 00000000 fc:01 2093                       /lib/x86_64-linux-gnu/libnss_files-2.27.so
7f71f41fe000-7f71f43fd000 ---p 0000b000 fc:01 2093                       /lib/x86_64-linux-gnu/libnss_files-2.27.so
7f71f43fd000-7f71f43fe000 r--p 0000a000 fc:01 2093                       /lib/x86_64-linux-gnu/libnss_files-2.27.so
7f71f43fe000-7f71f43ff000 rw-p 0000b000 fc:01 2093                       /lib/x86_64-linux-gnu/libnss_files-2.27.so
7f71f43ff000-7f71f4405000 rw-p 00000000 00:00 0 
7f71f4405000-7f71f441c000 r-xp 00000000 fc:01 2090                       /lib/x86_64-linux-gnu/libnsl-2.27.so
7f71f441c000-7f71f461b000 ---p 00017000 fc:01 2090                       /lib/x86_64-linux-gnu/libnsl-2.27.so
7f71f461b000-7f71f461c000 r--p 00016000 fc:01 2090                       /lib/x86_64-linux-gnu/libnsl-2.27.so
7f71f461c000-7f71f461d000 rw-p 00017000 fc:01 2090                       /lib/x86_64-linux-gnu/libnsl-2.27.so
7f71f461d000-7f71f461f000 rw-p 00000000 00:00 0 
7f71f461f000-7f71f462a000 r-xp 00000000 fc:01 2095                       /lib/x86_64-linux-gnu/libnss_nis-2.27.so
7f71f462a000-7f71f4829000 ---p 0000b000 fc:01 2095                       /lib/x86_64-linux-gnu/libnss_nis-2.27.so
7f71f4829000-7f71f482a000 r--p 0000a000 fc:01 2095                       /lib/x86_64-linux-gnu/libnss_nis-2.27.so
7f71f482a000-7f71f482b000 rw-p 0000b000 fc:01 2095                       /lib/x86_64-linux-gnu/libnss_nis-2.27.so
7f71f482b000-7f71f4833000 r-xp 00000000 fc:01 2091                       /lib/x86_64-linux-gnu/libnss_compat-2.27.so
7f71f4833000-7f71f4a33000 ---p 00008000 fc:01 2091                       /lib/x86_64-linux-gnu/libnss_compat-2.27.so
7f71f4a33000-7f71f4a34000 r--p 00008000 fc:01 2091                       /lib/x86_64-linux-gnu/libnss_compat-2.27.so
7f71f4a34000-7f71f4a35000 rw-p 00009000 fc:01 2091                       /lib/x86_64-linux-gnu/libnss_compat-2.27.so
7f71f4a35000-7f71f4a5f000 r-xp 00000000 fc:01 1302600                    /usr/lib/jvm/java-8-openjdk-amd64/jre/lib/amd64/libjava.so
7f71f4a5f000-7f71f4c5e000 ---p 0002a000 fc:01 1302600                    /usr/lib/jvm/java-8-openjdk-amd64/jre/lib/amd64/libjava.so
7f71f4c5e000-7f71f4c5f000 r--p 00029000 fc:01 1302600                    /usr/lib/jvm/java-8-openjdk-amd64/jre/lib/amd64/libjava.so
7f71f4c5f000-7f71f4c61000 rw-p 0002a000 fc:01 1302600                    /usr/lib/jvm/java-8-openjdk-amd64/jre/lib/amd64/libjava.so
7f71f4c61000-7f71f4c71000 r-xp 00000000 fc:01 1302618                    /usr/lib/jvm/java-8-openjdk-amd64/jre/lib/amd64/libverify.so
7f71f4c71000-7f71f4e70000 ---p 00010000 fc:01 1302618                    /usr/lib/jvm/java-8-openjdk-amd64/jre/lib/amd64/libverify.so
7f71f4e70000-7f71f4e72000 r--p 0000f000 fc:01 1302618                    /usr/lib/jvm/java-8-openjdk-amd64/jre/lib/amd64/libverify.so
7f71f4e72000-7f71f4e73000 rw-p 00011000 fc:01 1302618                    /usr/lib/jvm/java-8-openjdk-amd64/jre/lib/amd64/libverify.so
7f71f4e73000-7f71f4e7a000 r-xp 00000000 fc:01 2180                       /lib/x86_64-linux-gnu/librt-2.27.so
7f71f4e7a000-7f71f5079000 ---p 00007000 fc:01 2180                       /lib/x86_64-linux-gnu/librt-2.27.so
7f71f5079000-7f71f507a000 r--p 00006000 fc:01 2180                       /lib/x86_64-linux-gnu/librt-2.27.so
7f71f507a000-7f71f507b000 rw-p 00007000 fc:01 2180                       /lib/x86_64-linux-gnu/librt-2.27.so
7f71f507b000-7f71f5092000 r-xp 00000000 fc:01 29154                      /lib/x86_64-linux-gnu/libgcc_s.so.1
7f71f5092000-7f71f5291000 ---p 00017000 fc:01 29154                      /lib/x86_64-linux-gnu/libgcc_s.so.1
7f71f5291000-7f71f5292000 r--p 00016000 fc:01 29154                      /lib/x86_64-linux-gnu/libgcc_s.so.1
7f71f5292000-7f71f5293000 rw-p 00017000 fc:01 29154                      /lib/x86_64-linux-gnu/libgcc_s.so.1
7f71f5293000-7f71f5430000 r-xp 00000000 fc:01 2087                       /lib/x86_64-linux-gnu/libm-2.27.so
7f71f5430000-7f71f562f000 ---p 0019d000 fc:01 2087                       /lib/x86_64-linux-gnu/libm-2.27.so
7f71f562f000-7f71f5630000 r--p 0019c000 fc:01 2087                       /lib/x86_64-linux-gnu/libm-2.27.so
7f71f5630000-7f71f5631000 rw-p 0019d000 fc:01 2087                       /lib/x86_64-linux-gnu/libm-2.27.so
7f71f5631000-7f71f57aa000 r-xp 00000000 fc:01 4344                       /usr/lib/x86_64-linux-gnu/libstdc++.so.6.0.25
7f71f57aa000-7f71f59aa000 ---p 00179000 fc:01 4344                       /usr/lib/x86_64-linux-gnu/libstdc++.so.6.0.25
7f71f59aa000-7f71f59b4000 r--p 00179000 fc:01 4344                       /usr/lib/x86_64-linux-gnu/libstdc++.so.6.0.25
7f71f59b4000-7f71f59b6000 rw-p 00183000 fc:01 4344                       /usr/lib/x86_64-linux-gnu/libstdc++.so.6.0.25
7f71f59b6000-7f71f59ba000 rw-p 00000000 00:00 0 
7f71f59ba000-7f71f665d000 r-xp 00000000 fc:01 1302622                    /usr/lib/jvm/java-8-openjdk-amd64/jre/lib/amd64/server/libjvm.so
7f71f665d000-7f71f685d000 ---p 00ca3000 fc:01 1302622                    /usr/lib/jvm/java-8-openjdk-amd64/jre/lib/amd64/server/libjvm.so
7f71f685d000-7f71f68f1000 r--p 00ca3000 fc:01 1302622                    /usr/lib/jvm/java-8-openjdk-amd64/jre/lib/amd64/server/libjvm.so
7f71f68f1000-7f71f691a000 rw-p 00d37000 fc:01 1302622                    /usr/lib/jvm/java-8-openjdk-amd64/jre/lib/amd64/server/libjvm.so
7f71f691a000-7f71f694a000 rw-p 00000000 00:00 0 
7f71f694a000-7f71f6964000 r-xp 00000000 fc:01 2178                       /lib/x86_64-linux-gnu/libpthread-2.27.so
7f71f6964000-7f71f6b63000 ---p 0001a000 fc:01 2178                       /lib/x86_64-linux-gnu/libpthread-2.27.so
7f71f6b63000-7f71f6b64000 r--p 00019000 fc:01 2178                       /lib/x86_64-linux-gnu/libpthread-2.27.so
7f71f6b64000-7f71f6b65000 rw-p 0001a000 fc:01 2178                       /lib/x86_64-linux-gnu/libpthread-2.27.so
7f71f6b65000-7f71f6b69000 rw-p 00000000 00:00 0 
7f71f6b69000-7f71f6b6c000 r-xp 00000000 fc:01 2086                       /lib/x86_64-linux-gnu/libdl-2.27.so
7f71f6b6c000-7f71f6d6b000 ---p 00003000 fc:01 2086                       /lib/x86_64-linux-gnu/libdl-2.27.so
7f71f6d6b000-7f71f6d6c000 r--p 00002000 fc:01 2086                       /lib/x86_64-linux-gnu/libdl-2.27.so
7f71f6d6c000-7f71f6d6d000 rw-p 00003000 fc:01 2086                       /lib/x86_64-linux-gnu/libdl-2.27.so
7f71f6d6d000-7f71f6d89000 r-xp 00000000 fc:01 2183                       /lib/x86_64-linux-gnu/libz.so.1.2.11
7f71f6d89000-7f71f6f88000 ---p 0001c000 fc:01 2183                       /lib/x86_64-linux-gnu/libz.so.1.2.11
7f71f6f88000-7f71f6f89000 r--p 0001b000 fc:01 2183                       /lib/x86_64-linux-gnu/libz.so.1.2.11
7f71f6f89000-7f71f6f8a000 rw-p 0001c000 fc:01 2183                       /lib/x86_64-linux-gnu/libz.so.1.2.11
7f71f6f8a000-7f71f7171000 r-xp 00000000 fc:01 2083                       /lib/x86_64-linux-gnu/libc-2.27.so
7f71f7171000-7f71f7371000 ---p 001e7000 fc:01 2083                       /lib/x86_64-linux-gnu/libc-2.27.so
7f71f7371000-7f71f7375000 r--p 001e7000 fc:01 2083                       /lib/x86_64-linux-gnu/libc-2.27.so
7f71f7375000-7f71f7377000 rw-p 001eb000 fc:01 2083                       /lib/x86_64-linux-gnu/libc-2.27.so
7f71f7377000-7f71f737b000 rw-p 00000000 00:00 0 
7f71f737b000-7f71f7389000 r-xp 00000000 fc:01 1555499                    /usr/lib/jvm/java-8-openjdk-amd64/jre/lib/amd64/jli/libjli.so
7f71f7389000-7f71f7588000 ---p 0000e000 fc:01 1555499                    /usr/lib/jvm/java-8-openjdk-amd64/jre/lib/amd64/jli/libjli.so
7f71f7588000-7f71f7589000 r--p 0000d000 fc:01 1555499                    /usr/lib/jvm/java-8-openjdk-amd64/jre/lib/amd64/jli/libjli.so
7f71f7589000-7f71f758a000 rw-p 0000e000 fc:01 1555499                    /usr/lib/jvm/java-8-openjdk-amd64/jre/lib/amd64/jli/libjli.so
7f71f758a000-7f71f75b1000 r-xp 00000000 fc:01 2079                       /lib/x86_64-linux-gnu/ld-2.27.so
7f71f75b1000-7f71f75b2000 r--s 0000d000 fc:01 1555513                    /usr/lib/jvm/java-8-openjdk-amd64/jre/lib/ext/sunec.jar
7f71f75b2000-7f71f75b4000 r--s 00001000 fc:01 1555508                    /usr/lib/jvm/java-8-openjdk-amd64/jre/lib/ext/dnsns.jar
7f71f75b4000-7f71f75b7000 r--s 0000f000 fc:01 1555509                    /usr/lib/jvm/java-8-openjdk-amd64/jre/lib/ext/icedtea-sound.jar
7f71f75b7000-7f71f75c1000 r--s 00116000 fc:01 1555511                    /usr/lib/jvm/java-8-openjdk-amd64/jre/lib/ext/localedata.jar
7f71f75c1000-7f71f75c2000 r--p 00000000 fc:01 7807                       /usr/lib/locale/C.UTF-8/LC_NUMERIC
7f71f75c2000-7f71f75c3000 r--p 00000000 fc:01 7810                       /usr/lib/locale/C.UTF-8/LC_TIME
7f71f75c3000-7f71f75c4000 r--p 00000000 fc:01 7805                       /usr/lib/locale/C.UTF-8/LC_MONETARY
7f71f75c4000-7f71f75c5000 r--p 00000000 fc:01 7799                       /usr/lib/locale/C.UTF-8/LC_MESSAGES/SYS_LC_MESSAGES
7f71f75c5000-7f71f75c6000 r--p 00000000 fc:01 7808                       /usr/lib/locale/C.UTF-8/LC_PAPER
7f71f75c6000-7f71f75c7000 r--p 00000000 fc:01 7806                       /usr/lib/locale/C.UTF-8/LC_NAME
7f71f75c7000-7f71f75c8000 r--p 00000000 fc:01 7800                       /usr/lib/locale/C.UTF-8/LC_ADDRESS
7f71f75c8000-7f71f75c9000 r--p 00000000 fc:01 7809                       /usr/lib/locale/C.UTF-8/LC_TELEPHONE
7f71f75c9000-7f71f75ca000 r--p 00000000 fc:01 7804                       /usr/lib/locale/C.UTF-8/LC_MEASUREMENT
7f71f75ca000-7f71f75d1000 r--s 00000000 fc:01 5010                       /usr/lib/x86_64-linux-gnu/gconv/gconv-modules.cache
7f71f75d1000-7f71f75d2000 r--p 00000000 fc:01 7803                       /usr/lib/locale/C.UTF-8/LC_IDENTIFICATION
7f71f75d2000-7f71f75d8000 rw-p 00000000 00:00 0 
7f71f75d8000-7f71f7625000 ---p 00000000 00:00 0 
7f71f7625000-7f71f7628000 rw-p 00000000 00:00 0 
7f71f7628000-7f71f764e000 ---p 00000000 00:00 0 
7f71f764e000-7f71f7654000 rw-p 00000000 00:00 0 
7f71f7654000-7f71f76a1000 ---p 00000000 00:00 0 
7f71f76a1000-7f71f76a2000 rw-p 00000000 00:00 0 
7f71f76a2000-7f71f76a3000 ---p 00000000 00:00 0 
7f71f76a3000-7f71f76a6000 ---p 00000000 00:00 0 
7f71f76a6000-7f71f77a5000 rw-p 00000000 00:00 0 
7f71f77a5000-7f71f77ad000 rw-s 00000000 fc:01 1039859                    /tmp/hsperfdata_mpiuser/5194
7f71f77ad000-7f71f77ae000 rw-p 00000000 00:00 0 
7f71f77ae000-7f71f77af000 r--p 00000000 00:00 0 
7f71f77af000-7f71f77b1000 rw-p 00000000 00:00 0 
7f71f77b1000-7f71f77b2000 r--p 00027000 fc:01 2079                       /lib/x86_64-linux-gnu/ld-2.27.so
7f71f77b2000-7f71f77b3000 rw-p 00028000 fc:01 2079                       /lib/x86_64-linux-gnu/ld-2.27.so
7f71f77b3000-7f71f77b4000 rw-p 00000000 00:00 0 
7ffe6d20d000-7ffe6d22e000 rw-p 00000000 00:00 0                          [stack]
7ffe6d32b000-7ffe6d32e000 r--p 00000000 00:00 0                          [vvar]
7ffe6d32e000-7ffe6d330000 r-xp 00000000 00:00 0                          [vdso]
ffffffffff600000-ffffffffff601000 r-xp 00000000 00:00 0                  [vsyscall]

VM Arguments:
jvm_args: -Djava.library.path=/usr/local/lib 
java_command: Client 1000000 100 0
java_class_path (initial): /home/mpiuser/cloud/fyp/java_client:./lib/spring-jcl-5.2.5.RELEASE.jar:./lib/jackson-databind-2.10.3.jar:./lib/jackson-databind-2.10.2.jar:./lib/slf4j-simple-1.7.30.jar:./lib/amqp-client-5.8.0.jar:./lib/spring-web-5.2.5.RELEASE.jar:./lib/jackson-annotations-2.10.3.jar:./lib/mpi.jar:./lib/spring-beans-5.2.5.RELEASE.jar:./lib/jackson-annotations-2.10.2.jar:./lib/jackson-core-2.10.2.jar:./lib/jackson-core-2.10.3.jar:./lib/slf4j-api-1.7.29.jar:./lib/spring-core-5.2.5.RELEASE.jar:./lib/slf4j-api-1.7.30.jar:./lib/http-client-3.6.1.RELEASE.jar:/usr/local/lib/mpi.jar
Launcher Type: SUN_STANDARD

Environment Variables:
PATH=/usr/local/sbin:/usr/local/bin:/usr/sbin:/usr/bin:/sbin:/bin:/usr/games:/usr/local/games:/snap/bin
SHELL=/bin/bash

Signal Handlers:
SIGSEGV: [libjvm.so+0xabc3b0], sa_mask[0]=11111111011111111101111111111110, sa_flags=SA_RESTART|SA_SIGINFO
SIGBUS: [libjvm.so+0xabc3b0], sa_mask[0]=11111111011111111101111111111110, sa_flags=SA_RESTART|SA_SIGINFO
SIGFPE: [libjvm.so+0x8f0bb0], sa_mask[0]=11111111011111111101111111111110, sa_flags=SA_RESTART|SA_SIGINFO
SIGPIPE: [libjvm.so+0x8f0bb0], sa_mask[0]=11111111011111111101111111111110, sa_flags=SA_RESTART|SA_SIGINFO
SIGXFSZ: [libjvm.so+0x8f0bb0], sa_mask[0]=11111111011111111101111111111110, sa_flags=SA_RESTART|SA_SIGINFO
SIGILL: [libjvm.so+0x8f0bb0], sa_mask[0]=11111111011111111101111111111110, sa_flags=SA_RESTART|SA_SIGINFO
SIGUSR1: SIG_DFL, sa_mask[0]=00000000000000000000000000000000, sa_flags=none
SIGUSR2: [libjvm.so+0x8f0a60], sa_mask[0]=00000000000000000000000000000000, sa_flags=SA_RESTART|SA_SIGINFO
SIGHUP: [libjvm.so+0x8f10d0], sa_mask[0]=11111111011111111101111111111110, sa_flags=SA_RESTART|SA_SIGINFO
SIGINT: [libjvm.so+0x8f10d0], sa_mask[0]=11111111011111111101111111111110, sa_flags=SA_RESTART|SA_SIGINFO
SIGTERM: [libjvm.so+0x8f10d0], sa_mask[0]=11111111011111111101111111111110, sa_flags=SA_RESTART|SA_SIGINFO
SIGQUIT: [libjvm.so+0x8f10d0], sa_mask[0]=11111111011111111101111111111110, sa_flags=SA_RESTART|SA_SIGINFO


---------------  S Y S T E M  ---------------

OS:DISTRIB_ID=Ubuntu
DISTRIB_RELEASE=18.04
DISTRIB_CODENAME=bionic
DISTRIB_DESCRIPTION="Ubuntu 18.04.3 LTS"

uname:Linux 4.15.0-91-generic #92-Ubuntu SMP Fri Feb 28 11:09:48 UTC 2020 x86_64
libc:glibc 2.27 NPTL 2.27 
rlimit: STACK 8192k, CORE 0k, NPROC 3837, NOFILE 1048576, AS infinity
load average:22.55 4.80 1.56

/proc/meminfo:
MemTotal:        1008492 kB
MemFree:          152364 kB
MemAvailable:     130308 kB
Buffers:            5460 kB
Cached:            53760 kB
SwapCached:            0 kB
Active:           686364 kB
Inactive:          17908 kB
Active(anon):     645504 kB
Inactive(anon):      252 kB
Active(file):      40860 kB
Inactive(file):    17656 kB
Unevictable:           0 kB
Mlocked:               0 kB
SwapTotal:             0 kB
SwapFree:              0 kB
Dirty:             10196 kB
Writeback:             0 kB
AnonPages:        645008 kB
Mapped:            36176 kB
Shmem:               648 kB
Slab:              87152 kB
SReclaimable:      40036 kB
SUnreclaim:        47116 kB
KernelStack:       11232 kB
PageTables:        23740 kB
NFS_Unstable:          0 kB
Bounce:                0 kB
WritebackTmp:          0 kB
CommitLimit:      504244 kB
Committed_AS:    4836524 kB
VmallocTotal:   34359738367 kB
VmallocUsed:           0 kB
VmallocChunk:          0 kB
HardwareCorrupted:     0 kB
AnonHugePages:         0 kB
ShmemHugePages:        0 kB
ShmemPmdMapped:        0 kB
CmaTotal:              0 kB
CmaFree:               0 kB
HugePages_Total:       0
HugePages_Free:        0
HugePages_Rsvd:        0
HugePages_Surp:        0
Hugepagesize:       2048 kB
DirectMap4k:       83948 kB
DirectMap2M:      964608 kB
DirectMap1G:           0 kB

container (cgroup) information:
container_type: cgroupv1
cpu_cpuset_cpus: 0-2
cpu_memory_nodes: 0
active_processor_count: 3
cpu_quota: -1
cpu_period: 100000
cpu_shares: -1
memory_limit_in_bytes: -1
memory_and_swap_limit_in_bytes: -2
memory_soft_limit_in_bytes: -1
memory_usage_in_bytes: 720719872
memory_max_usage_in_bytes: 817807360


CPU:total 3 (initial active 3) (1 cores per cpu, 1 threads per core) family 6 model 85 stepping 4, cmov, cx8, fxsr, mmx, sse, sse2, sse3, ssse3, sse4.1, sse4.2, popcnt, avx, avx2, aes, clmul, erms, 3dnowpref, lzcnt, tsc, bmi1, bmi2, adx

/proc/cpuinfo:
processor	: 0
vendor_id	: GenuineIntel
cpu family	: 6
model		: 85
model name	: Intel(R) Xeon(R) Gold 6140 CPU @ 2.30GHz
stepping	: 4
microcode	: 0x1
cpu MHz		: 2294.608
cache size	: 4096 KB
physical id	: 0
siblings	: 1
core id		: 0
cpu cores	: 1
apicid		: 0
initial apicid	: 0
fpu		: yes
fpu_exception	: yes
cpuid level	: 13
wp		: yes
flags		: fpu vme de pse tsc msr pae mce cx8 apic sep mtrr pge mca cmov pat pse36 clflush mmx fxsr sse sse2 ss syscall nx pdpe1gb rdtscp lm constant_tsc arch_perfmon rep_good nopl cpuid tsc_known_freq pni pclmulqdq vmx ssse3 fma cx16 pcid sse4_1 sse4_2 x2apic movbe popcnt tsc_deadline_timer aes xsave avx f16c rdrand hypervisor lahf_lm abm 3dnowprefetch cpuid_fault invpcid_single pti ssbd ibrs ibpb tpr_shadow vnmi flexpriority ept vpid fsgsbase tsc_adjust bmi1 avx2 smep bmi2 erms invpcid mpx avx512f avx512dq rdseed adx smap clflushopt clwb avx512cd avx512bw avx512vl xsaveopt xsavec xgetbv1 pku ospke md_clear
bugs		: cpu_meltdown spectre_v1 spectre_v2 spec_store_bypass l1tf mds swapgs itlb_multihit
bogomips	: 4589.21
clflush size	: 64
cache_alignment	: 64
address sizes	: 40 bits physical, 48 bits virtual
power management:

processor	: 1
vendor_id	: GenuineIntel
cpu family	: 6
model		: 85
model name	: Intel(R) Xeon(R) Gold 6140 CPU @ 2.30GHz
stepping	: 4
microcode	: 0x1
cpu MHz		: 2294.608
cache size	: 4096 KB
physical id	: 1
siblings	: 1
core id		: 0
cpu cores	: 1
apicid		: 1
initial apicid	: 1
fpu		: yes
fpu_exception	: yes
cpuid level	: 13
wp		: yes
flags		: fpu vme de pse tsc msr pae mce cx8 apic sep mtrr pge mca cmov pat pse36 clflush mmx fxsr sse sse2 ss syscall nx pdpe1gb rdtscp lm constant_tsc arch_perfmon rep_good nopl cpuid tsc_known_freq pni pclmulqdq vmx ssse3 fma cx16 pcid sse4_1 sse4_2 x2apic movbe popcnt tsc_deadline_timer aes xsave avx f16c rdrand hypervisor lahf_lm abm 3dnowprefetch cpuid_fault invpcid_single pti ssbd ibrs ibpb tpr_shadow vnmi flexpriority ept vpid fsgsbase tsc_adjust bmi1 avx2 smep bmi2 erms invpcid mpx avx512f avx512dq rdseed adx smap clflushopt clwb avx512cd avx512bw avx512vl xsaveopt xsavec xgetbv1 pku ospke md_clear
bugs		: cpu_meltdown spectre_v1 spectre_v2 spec_store_bypass l1tf mds swapgs itlb_multihit
bogomips	: 4589.21
clflush size	: 64
cache_alignment	: 64
address sizes	: 40 bits physical, 48 bits virtual
power management:

processor	: 2
vendor_id	: GenuineIntel
cpu family	: 6
model		: 85
model name	: Intel(R) Xeon(R) Gold 6140 CPU @ 2.30GHz
stepping	: 4
microcode	: 0x1
cpu MHz		: 2294.608
cache size	: 4096 KB
physical id	: 2
siblings	: 1
core id		: 0
cpu cores	: 1
apicid		: 2
initial apicid	: 2
fpu		: yes
fpu_exception	: yes
cpuid level	: 13
wp		: yes
flags		: fpu vme de pse tsc msr pae mce cx8 apic sep mtrr pge mca cmov pat pse36 clflush mmx fxsr sse sse2 ss syscall nx pdpe1gb rdtscp lm constant_tsc arch_perfmon rep_good nopl cpuid tsc_known_freq pni pclmulqdq vmx ssse3 fma cx16 pcid sse4_1 sse4_2 x2apic movbe popcnt tsc_deadline_timer aes xsave avx f16c rdrand hypervisor lahf_lm abm 3dnowprefetch cpuid_fault invpcid_single pti ssbd ibrs ibpb tpr_shadow vnmi flexpriority ept vpid fsgsbase tsc_adjust bmi1 avx2 smep bmi2 erms invpcid mpx avx512f avx512dq rdseed adx smap clflushopt clwb avx512cd avx512bw avx512vl xsaveopt xsavec xgetbv1 pku ospke md_clear
bugs		: cpu_meltdown spectre_v1 spectre_v2 spec_store_bypass l1tf mds swapgs itlb_multihit
bogomips	: 4589.21
clflush size	: 64
cache_alignment	: 64
address sizes	: 40 bits physical, 48 bits virtual
power management:



Memory: 4k page, physical 1008492k(297044k free), swap 0k(0k free)

vm_info: OpenJDK 64-Bit Server VM (25.242-b08) for linux-amd64 JRE (1.8.0_242-8u242-b08-0ubuntu3~18.04-b08), built on Jan 17 2020 23:41:21 by "buildd" with gcc 7.4.0

time: Mon Apr  6 11:40:00 2020
timezone: UTC
elapsed time: 11 seconds (0d 0h 0m 11s)

