#
# A fatal error has been detected by the Java Runtime Environment:
#
#  SIGSEGV (0xb) at pc=0x00007fc075c2c12a, pid=15553, tid=0x00007fc0b51c8700
#
# JRE version: OpenJDK Runtime Environment (8.0_242-b08) (build 1.8.0_242-8u242-b08-0ubuntu3~18.04-b08)
# Java VM: OpenJDK 64-Bit Server VM (25.242-b08 mixed mode linux-amd64 compressed oops)
# Problematic frame:
# C  [mca_gds_ds21.so+0x212a]  pmix_gds_ds21_lock_init+0x12a
#
# Failed to write core dump. Core dumps have been disabled. To enable core dumping, try "ulimit -c unlimited" before starting Java again
#
# If you would like to submit a bug report, please visit:
#   http://bugreport.java.com/bugreport/crash.jsp
# The crash happened outside the Java Virtual Machine in native code.
# See problematic frame for where to report the bug.
#

---------------  T H R E A D  ---------------

Current thread (0x00007fc0ac00b800):  JavaThread "main" [_thread_in_native, id=15605, stack(0x00007fc0b50c9000,0x00007fc0b51c9000)]

siginfo: si_signo: 11 (SIGSEGV), si_code: 1 (SEGV_MAPERR), si_addr: 0x00007fc0b0053008

Registers:
RAX=0x00007fc0ac25d5c0, RBX=0x00007fc0ac25d4e0, RCX=0x00007fc07604c85e, RDX=0x00007ffd53401ceb
RSP=0x00007fc0b51c6700, RBP=0x00007fc0ac25d538, RSI=0x0000000000085000, RDI=0x0000000000000000
R8 =0x000000000000001e, R9 =0x0000000000000000, R10=0x0000000000000001, R11=0x0000000000000000
R12=0x00007fc0ac25d138, R13=0x0000000000001000, R14=0x00007fc0b0053000, R15=0x00007fc0ac25d530
RIP=0x00007fc075c2c12a, EFLAGS=0x0000000000010206, CSGSFS=0x002b000000000033, ERR=0x0000000000000004
  TRAPNO=0x000000000000000e

Top of Stack: (sp=0x00007fc0b51c6700)
0x00007fc0b51c6700:   00007fc0ac25d490 00007ffd53401ceb
0x00007fc0b51c6710:   0000000000085000 000003e800000002
0x00007fc0b51c6720:   0000000000000000 00007fc0b4a472ed
0x00007fc0b51c6730:   00007fc0ac25d180 3af06b6ffcde6100
0x00007fc0b51c6740:   0000000000000000 00007fc0ac25ce60
0x00007fc0b51c6750:   0000000000000000 00007ffd53401ceb
0x00007fc0b51c6760:   0000000000000000 00007fc0ac25d0d0
0x00007fc0b51c6770:   0000000000000000 00007fc076048bcb
0x00007fc0b51c6780:   00007fc075c2ccee 00007fc0b51c6810
0x00007fc0b51c6790:   00007fc0771c9513 0000001500000040
0x00007fc0b51c67a0:   00007fc0ac143430 3af06b6ffcde6100
0x00007fc0b51c67b0:   00007fc07603e280 00007fc0ac142f40
0x00007fc0b51c67c0:   00007fc075e2e2d4 00007fc0773ef0a0
0x00007fc0b51c67d0:   00007fc075e2e180 00007fc0773f2fc0
0x00007fc0b51c67e0:   00007fc0ac25ce10 00007fc075c2bdb4
0x00007fc0b51c67f0:   00007fc0773ef060 00007fc0771b1ee8
0x00007fc0b51c6800:   00007fc0773ef100 00007fc0b51c6834
0x00007fc0b51c6810:   00007fc0b51c6838 0000000000000000
0x00007fc0b51c6820:   0000000000000000 00007fc0773f2fd0
0x00007fc0b51c6830:   0000001e77126db0 00007fc075e2e180
0x00007fc0b51c6840:   0000000000000000 3af06b6ffcde6100
0x00007fc0b51c6850:   00007fc0773ef0a0 0000000000000000
0x00007fc0b51c6860:   0000000000000000 00007fc0ac1ef720
0x00007fc0b51c6870:   00007fc077126db0 00007fc0773ee520
0x00007fc0b51c6880:   0000000000000000 00007fc07716c763
0x00007fc0b51c6890:   000000000000000c 00007fc0773ee7d8
0x00007fc0b51c68a0:   2d69706d6e65706f 0000316576616c73
0x00007fc0b51c68b0:   00007fc0770b1100 00007fc0770acb00
0x00007fc0b51c68c0:   00007fc0770b464e 0000000100000000
0x00007fc0b51c68d0:   00007fc0b51c69d0 00007fc000000003
0x00007fc0b51c68e0:   00007fc0b51c69c0 3af06b6ffcde6100
0x00007fc0b51c68f0:   00007fc0ac1ed100 00007fc0773edf60 

Instructions: (pc=0x00007fc075c2c12a)
0x00007fc075c2c10a:   f7 ff ff 48 85 c0 49 89 47 30 0f 84 16 03 00 00
0x00007fc075c2c11a:   4c 8b 70 18 49 8b 36 4c 39 ee 0f 87 ce 02 00 00
0x00007fc075c2c12a:   41 8b 46 08 41 89 47 40 49 8b 56 18 4c 01 f2 85
0x00007fc075c2c13a:   c0 49 89 57 38 0f 84 eb 02 00 00 31 c0 ba 01 00 

Register to memory mapping:

RAX=0x00007fc0ac25d5c0 is an unknown value
RBX=0x00007fc0ac25d4e0 is an unknown value
RCX=0x00007fc07604c85e: pmix_common_dstor_attach_new_lock_seg+0x1e in /usr/local/lib/libmca_common_dstore.so.1 at 0x00007fc07603f000
RDX=0x00007ffd53401ceb is an unknown value
RSP=0x00007fc0b51c6700 is pointing into the stack for thread: 0x00007fc0ac00b800
RBP=0x00007fc0ac25d538 is an unknown value
RSI=0x0000000000085000 is an unknown value
RDI=0x0000000000000000 is an unknown value
R8 =0x000000000000001e is an unknown value
R9 =0x0000000000000000 is an unknown value
R10=0x0000000000000001 is an unknown value
R11=0x0000000000000000 is an unknown value
R12=0x00007fc0ac25d138 is an unknown value
R13=0x0000000000001000 is an unknown value
R14=0x00007fc0b0053000 is an unknown value
R15=0x00007fc0ac25d530 is an unknown value


Stack: [0x00007fc0b50c9000,0x00007fc0b51c9000],  sp=0x00007fc0b51c6700,  free space=1013k
Native frames: (J=compiled Java code, j=interpreted, Vv=VM code, C=native code)
C  [mca_gds_ds21.so+0x212a]  pmix_gds_ds21_lock_init+0x12a

Java frames: (J=compiled Java code, j=interpreted, Vv=VM code)
j  mpi.MPI.Init_jni([Ljava/lang/String;)[Ljava/lang/String;+0
j  mpi.MPI.Init([Ljava/lang/String;)[Ljava/lang/String;+17
j  Client.main([Ljava/lang/String;)V+1
v  ~StubRoutines::call_stub

---------------  P R O C E S S  ---------------

Java Threads: ( => current thread )
  0x00007fc0ac0b7800 JavaThread "Service Thread" daemon [_thread_blocked, id=15960, stack(0x00007fc0b00f3000,0x00007fc0b01f4000)]
  0x00007fc0ac0b4800 JavaThread "C1 CompilerThread1" daemon [_thread_blocked, id=15951, stack(0x00007fc0b01f5000,0x00007fc0b02f5000)]
  0x00007fc0ac0b2000 JavaThread "C2 CompilerThread0" daemon [_thread_blocked, id=15943, stack(0x00007fc0b02f6000,0x00007fc0b03f6000)]
  0x00007fc0ac0b0800 JavaThread "Signal Dispatcher" daemon [_thread_blocked, id=15903, stack(0x00007fc0b03f6000,0x00007fc0b04f7000)]
  0x00007fc0ac07e000 JavaThread "Finalizer" daemon [_thread_blocked, id=15758, stack(0x00007fc0b0836000,0x00007fc0b0937000)]
  0x00007fc0ac079800 JavaThread "Reference Handler" daemon [_thread_blocked, id=15740, stack(0x00007fc0b0937000,0x00007fc0b0a38000)]
=>0x00007fc0ac00b800 JavaThread "main" [_thread_in_native, id=15605, stack(0x00007fc0b50c9000,0x00007fc0b51c9000)]

Other Threads:
  0x00007fc0ac06f800 VMThread [stack: 0x00007fc0b0a39000,0x00007fc0b0b39000] [id=15711]
  0x00007fc0ac0ba800 WatcherThread [stack: 0x00007fc09cf00000,0x00007fc09d000000] [id=15984]

VM state:not at safepoint (normal execution)

VM Mutex/Monitor currently owned by a thread: None

heap address: 0x00000000f0800000, size: 248 MB, Compressed Oops mode: 32-bit
Narrow klass base: 0x0000000000000000, Narrow klass shift: 3
Compressed class space size: 1073741824 Address: 0x0000000100000000

Heap:
 def new generation   total 4928K, used 1441K [0x00000000f0800000, 0x00000000f0d50000, 0x00000000f5aa0000)
  eden space 4416K,  32% used [0x00000000f0800000, 0x00000000f0968610, 0x00000000f0c50000)
  from space 512K,   0% used [0x00000000f0c50000, 0x00000000f0c50000, 0x00000000f0cd0000)
  to   space 512K,   0% used [0x00000000f0cd0000, 0x00000000f0cd0000, 0x00000000f0d50000)
 tenured generation   total 10944K, used 0K [0x00000000f5aa0000, 0x00000000f6550000, 0x0000000100000000)
   the space 10944K,   0% used [0x00000000f5aa0000, 0x00000000f5aa0000, 0x00000000f5aa0200, 0x00000000f6550000)
 Metaspace       used 3127K, capacity 4792K, committed 5120K, reserved 1056768K
  class space    used 313K, capacity 424K, committed 512K, reserved 1048576K

Card table byte_map: [0x00007fc0b504b000,0x00007fc0b50c8000] byte_map_base: 0x00007fc0b48c7000

Polling page: 0x00007fc0b51d4000

CodeCache: size=245760Kb used=1272Kb max_used=1272Kb free=244487Kb
 bounds [0x00007fc09d000000, 0x00007fc09d270000, 0x00007fc0ac000000]
 total_blobs=380 nmethods=76 adapters=220
 compilation: enabled

Compilation events (10 events):
Event: 35.804 Thread 0x00007fc0ac0b4800   66  s    1       java.util.Vector::size (5 bytes)
Event: 35.804 Thread 0x00007fc0ac0b4800 nmethod 66 0x00007fc09d1345d0 code [0x00007fc09d134720, 0x00007fc09d134990]
Event: 35.876 Thread 0x00007fc0ac0b4800   72       3       java.util.concurrent.ConcurrentHashMap::setTabAt (19 bytes)
Event: 35.876 Thread 0x00007fc0ac0b4800 nmethod 72 0x00007fc09d13cf90 code [0x00007fc09d13d0e0, 0x00007fc09d13d250]
Event: 35.876 Thread 0x00007fc0ac0b4800   74       3       java.lang.CharacterDataLatin1::toLowerCase (39 bytes)
Event: 35.877 Thread 0x00007fc0ac0b4800 nmethod 74 0x00007fc09d13d2d0 code [0x00007fc09d13d440, 0x00007fc09d13d6b0]
Event: 35.877 Thread 0x00007fc0ac0b4800   75       3       java.lang.StringBuilder::<init> (7 bytes)
Event: 35.877 Thread 0x00007fc0ac0b4800 nmethod 75 0x00007fc09d13d810 code [0x00007fc09d13d980, 0x00007fc09d13dc30]
Event: 35.877 Thread 0x00007fc0ac0b4800   76       3       java.lang.StringBuilder::toString (17 bytes)
Event: 35.877 Thread 0x00007fc0ac0b4800 nmethod 76 0x00007fc09d13dd50 code [0x00007fc09d13dec0, 0x00007fc09d13e0a8]

GC Heap History (0 events):
No events

Deoptimization events (0 events):
No events

Classes redefined (0 events):
No events

Internal exceptions (5 events):
Event: 0.405 Thread 0x00007fc0ac00b800 Exception <a 'java/lang/NoSuchMethodError': Method sun.misc.Unsafe.defineClass(Ljava/lang/String;[BII)Ljava/lang/Class; name or signature does not match> (0x00000000f0807cc8) thrown at [/build/openjdk-8-58sEEn/openjdk-8-8u242-b08/src/hotspot/src/share/vm/
Event: 0.405 Thread 0x00007fc0ac00b800 Exception <a 'java/lang/NoSuchMethodError': Method sun.misc.Unsafe.prefetchRead(Ljava/lang/Object;J)V name or signature does not match> (0x00000000f0807fb0) thrown at [/build/openjdk-8-58sEEn/openjdk-8-8u242-b08/src/hotspot/src/share/vm/prims/jni.cpp, lin
Event: 1.240 Thread 0x00007fc0ac00b800 Exception <a 'java/util/zip/ZipException'> (0x00000000f085dec8) thrown at [/build/openjdk-8-58sEEn/openjdk-8-8u242-b08/src/hotspot/src/share/vm/prims/jni.cpp, line 710]
Event: 1.240 Thread 0x00007fc0ac00b800 Exception <a 'java/security/PrivilegedActionException'> (0x00000000f085e168) thrown at [/build/openjdk-8-58sEEn/openjdk-8-8u242-b08/src/hotspot/src/share/vm/prims/jvm.cpp, line 1502]
Event: 1.240 Thread 0x00007fc0ac00b800 Exception <a 'java/security/PrivilegedActionException'> (0x00000000f085e378) thrown at [/build/openjdk-8-58sEEn/openjdk-8-8u242-b08/src/hotspot/src/share/vm/prims/jvm.cpp, line 1502]

Events (10 events):
Event: 35.729 loading class mpi/Constant
Event: 35.729 loading class mpi/Constant done
Event: 35.730 loading class mpi/Errhandler
Event: 35.730 loading class mpi/Errhandler done
Event: 35.730 loading class mpi/Intracomm
Event: 35.730 loading class mpi/Intracomm done
Event: 35.827 loading class mpi/Comm
Event: 35.827 loading class mpi/Comm done
Event: 35.876 loading class mpi/Version
Event: 35.876 loading class mpi/Version done


Dynamic libraries:
f0800000-f0d50000 rw-p 00000000 00:00 0 
f0d50000-f5aa0000 ---p 00000000 00:00 0 
f5aa0000-f6550000 rw-p 00000000 00:00 0 
f6550000-100000000 ---p 00000000 00:00 0 
100000000-100080000 rw-p 00000000 00:00 0 
100080000-140000000 ---p 00000000 00:00 0 
5590dfd2a000-5590dfd2b000 r-xp 00000000 fc:01 2079032                    /usr/lib/jvm/java-8-openjdk-amd64/jre/bin/java
5590dff2a000-5590dff2b000 r--p 00000000 fc:01 2079032                    /usr/lib/jvm/java-8-openjdk-amd64/jre/bin/java
5590dff2b000-5590dff2c000 rw-p 00001000 fc:01 2079032                    /usr/lib/jvm/java-8-openjdk-amd64/jre/bin/java
5590e1f07000-5590e1f28000 rw-p 00000000 00:00 0                          [heap]
7fc070000000-7fc070021000 rw-p 00000000 00:00 0 
7fc070021000-7fc074000000 ---p 00000000 00:00 0 
7fc075a27000-7fc075a29000 r-xp 00000000 fc:01 526222                     /usr/local/lib/pmix/mca_pshmem_mmap.so
7fc075a29000-7fc075c28000 ---p 00002000 fc:01 526222                     /usr/local/lib/pmix/mca_pshmem_mmap.so
7fc075c28000-7fc075c29000 r--p 00001000 fc:01 526222                     /usr/local/lib/pmix/mca_pshmem_mmap.so
7fc075c29000-7fc075c2a000 rw-p 00002000 fc:01 526222                     /usr/local/lib/pmix/mca_pshmem_mmap.so
7fc075c2a000-7fc075c2e000 r-xp 00000000 fc:01 526198                     /usr/local/lib/pmix/mca_gds_ds21.so
7fc075c2e000-7fc075e2d000 ---p 00004000 fc:01 526198                     /usr/local/lib/pmix/mca_gds_ds21.so
7fc075e2d000-7fc075e2e000 r--p 00003000 fc:01 526198                     /usr/local/lib/pmix/mca_gds_ds21.so
7fc075e2e000-7fc075e2f000 rw-p 00004000 fc:01 526198                     /usr/local/lib/pmix/mca_gds_ds21.so
7fc075e2f000-7fc075e3e000 r-xp 00000000 fc:01 526200                     /usr/local/lib/pmix/mca_gds_hash.so
7fc075e3e000-7fc07603d000 ---p 0000f000 fc:01 526200                     /usr/local/lib/pmix/mca_gds_hash.so
7fc07603d000-7fc07603e000 r--p 0000e000 fc:01 526200                     /usr/local/lib/pmix/mca_gds_hash.so
7fc07603e000-7fc07603f000 rw-p 0000f000 fc:01 526200                     /usr/local/lib/pmix/mca_gds_hash.so
7fc07603f000-7fc07604e000 r-xp 00000000 fc:01 7028                       /usr/local/lib/libmca_common_dstore.so.1.0.0
7fc07604e000-7fc07624d000 ---p 0000f000 fc:01 7028                       /usr/local/lib/libmca_common_dstore.so.1.0.0
7fc07624d000-7fc07624e000 r--p 0000e000 fc:01 7028                       /usr/local/lib/libmca_common_dstore.so.1.0.0
7fc07624e000-7fc07624f000 rw-p 0000f000 fc:01 7028                       /usr/local/lib/libmca_common_dstore.so.1.0.0
7fc07624f000-7fc076253000 r-xp 00000000 fc:01 526196                     /usr/local/lib/pmix/mca_gds_ds12.so
7fc076253000-7fc076452000 ---p 00004000 fc:01 526196                     /usr/local/lib/pmix/mca_gds_ds12.so
7fc076452000-7fc076453000 r--p 00003000 fc:01 526196                     /usr/local/lib/pmix/mca_gds_ds12.so
7fc076453000-7fc076454000 rw-p 00004000 fc:01 526196                     /usr/local/lib/pmix/mca_gds_ds12.so
7fc076454000-7fc07645c000 r-xp 00000000 fc:01 526226                     /usr/local/lib/pmix/mca_ptl_usock.so
7fc07645c000-7fc07665b000 ---p 00008000 fc:01 526226                     /usr/local/lib/pmix/mca_ptl_usock.so
7fc07665b000-7fc07665c000 r--p 00007000 fc:01 526226                     /usr/local/lib/pmix/mca_ptl_usock.so
7fc07665c000-7fc07665d000 rw-p 00008000 fc:01 526226                     /usr/local/lib/pmix/mca_ptl_usock.so
7fc07665d000-7fc07666e000 r-xp 00000000 fc:01 526224                     /usr/local/lib/pmix/mca_ptl_tcp.so
7fc07666e000-7fc07686d000 ---p 00011000 fc:01 526224                     /usr/local/lib/pmix/mca_ptl_tcp.so
7fc07686d000-7fc07686e000 r--p 00010000 fc:01 526224                     /usr/local/lib/pmix/mca_ptl_tcp.so
7fc07686e000-7fc07686f000 rw-p 00011000 fc:01 526224                     /usr/local/lib/pmix/mca_ptl_tcp.so
7fc07686f000-7fc076880000 r-xp 00000000 fc:01 526188                     /usr/local/lib/pmix/mca_bfrops_v12.so
7fc076880000-7fc076a80000 ---p 00011000 fc:01 526188                     /usr/local/lib/pmix/mca_bfrops_v12.so
7fc076a80000-7fc076a81000 r--p 00011000 fc:01 526188                     /usr/local/lib/pmix/mca_bfrops_v12.so
7fc076a81000-7fc076a82000 rw-p 00012000 fc:01 526188                     /usr/local/lib/pmix/mca_bfrops_v12.so
7fc076a82000-7fc076a99000 r-xp 00000000 fc:01 526190                     /usr/local/lib/pmix/mca_bfrops_v20.so
7fc076a99000-7fc076c98000 ---p 00017000 fc:01 526190                     /usr/local/lib/pmix/mca_bfrops_v20.so
7fc076c98000-7fc076c99000 r--p 00016000 fc:01 526190                     /usr/local/lib/pmix/mca_bfrops_v20.so
7fc076c99000-7fc076c9a000 rw-p 00017000 fc:01 526190                     /usr/local/lib/pmix/mca_bfrops_v20.so
7fc076c9a000-7fc076ca2000 r-xp 00000000 fc:01 526194                     /usr/local/lib/pmix/mca_bfrops_v3.so
7fc076ca2000-7fc076ea1000 ---p 00008000 fc:01 526194                     /usr/local/lib/pmix/mca_bfrops_v3.so
7fc076ea1000-7fc076ea2000 r--p 00007000 fc:01 526194                     /usr/local/lib/pmix/mca_bfrops_v3.so
7fc076ea2000-7fc076ea3000 rw-p 00008000 fc:01 526194                     /usr/local/lib/pmix/mca_bfrops_v3.so
7fc076ea3000-7fc076eaa000 r-xp 00000000 fc:01 526192                     /usr/local/lib/pmix/mca_bfrops_v21.so
7fc076eaa000-7fc0770aa000 ---p 00007000 fc:01 526192                     /usr/local/lib/pmix/mca_bfrops_v21.so
7fc0770aa000-7fc0770ab000 r--p 00007000 fc:01 526192                     /usr/local/lib/pmix/mca_bfrops_v21.so
7fc0770ab000-7fc0770ac000 rw-p 00008000 fc:01 526192                     /usr/local/lib/pmix/mca_bfrops_v21.so
7fc0770ac000-7fc0771eb000 r-xp 00000000 fc:01 526228                     /usr/local/lib/openmpi/mca_pmix_pmix3x.so
7fc0771eb000-7fc0773eb000 ---p 0013f000 fc:01 526228                     /usr/local/lib/openmpi/mca_pmix_pmix3x.so
7fc0773eb000-7fc0773ec000 r--p 0013f000 fc:01 526228                     /usr/local/lib/openmpi/mca_pmix_pmix3x.so
7fc0773ec000-7fc0773f1000 rw-p 00140000 fc:01 526228                     /usr/local/lib/openmpi/mca_pmix_pmix3x.so
7fc0773f1000-7fc0773f4000 rw-p 00000000 00:00 0 
7fc0773f7000-7fc0773f9000 r-xp 00000000 fc:01 526214                     /usr/local/lib/pmix/mca_psec_native.so
7fc0773f9000-7fc0775f8000 ---p 00002000 fc:01 526214                     /usr/local/lib/pmix/mca_psec_native.so
7fc0775f8000-7fc0775f9000 r--p 00001000 fc:01 526214                     /usr/local/lib/pmix/mca_psec_native.so
7fc0775f9000-7fc0775fa000 rw-p 00002000 fc:01 526214                     /usr/local/lib/pmix/mca_psec_native.so
7fc0775fa000-7fc0775fb000 ---p 00000000 00:00 0 
7fc0775fb000-7fc077dfb000 rw-p 00000000 00:00 0 
7fc077dfb000-7fc077dff000 r-xp 00000000 fc:01 526266                     /usr/local/lib/openmpi/mca_ess_pmi.so
7fc077dff000-7fc077ffe000 ---p 00004000 fc:01 526266                     /usr/local/lib/openmpi/mca_ess_pmi.so
7fc077ffe000-7fc077fff000 r--p 00003000 fc:01 526266                     /usr/local/lib/openmpi/mca_ess_pmi.so
7fc077fff000-7fc078000000 rw-p 00004000 fc:01 526266                     /usr/local/lib/openmpi/mca_ess_pmi.so
7fc078000000-7fc078021000 rw-p 00000000 00:00 0 
7fc078021000-7fc07c000000 ---p 00000000 00:00 0 
7fc07c0a6000-7fc07c12b000 rw-s 00000000 fc:01 526899                     /tmp/ompi.openmpi-slave1.1000/jf.8274/pmix_dstor_ds21_15448/smlockseg-542244865
7fc07c12b000-7fc07c12c000 r-xp 00000000 fc:01 526334                     /usr/local/lib/openmpi/mca_schizo_orte.so
7fc07c12c000-7fc07c32b000 ---p 00001000 fc:01 526334                     /usr/local/lib/openmpi/mca_schizo_orte.so
7fc07c32b000-7fc07c32c000 r--p 00000000 fc:01 526334                     /usr/local/lib/openmpi/mca_schizo_orte.so
7fc07c32c000-7fc07c32d000 rw-p 00001000 fc:01 526334                     /usr/local/lib/openmpi/mca_schizo_orte.so
7fc07c32d000-7fc07c32f000 r-xp 00000000 fc:01 526336                     /usr/local/lib/openmpi/mca_schizo_slurm.so
7fc07c32f000-7fc07c52e000 ---p 00002000 fc:01 526336                     /usr/local/lib/openmpi/mca_schizo_slurm.so
7fc07c52e000-7fc07c52f000 r--p 00001000 fc:01 526336                     /usr/local/lib/openmpi/mca_schizo_slurm.so
7fc07c52f000-7fc07c530000 rw-p 00002000 fc:01 526336                     /usr/local/lib/openmpi/mca_schizo_slurm.so
7fc07c530000-7fc07c538000 r-xp 00000000 fc:01 526332                     /usr/local/lib/openmpi/mca_schizo_ompi.so
7fc07c538000-7fc07c737000 ---p 00008000 fc:01 526332                     /usr/local/lib/openmpi/mca_schizo_ompi.so
7fc07c737000-7fc07c738000 r--p 00007000 fc:01 526332                     /usr/local/lib/openmpi/mca_schizo_ompi.so
7fc07c738000-7fc07c73a000 rw-p 00008000 fc:01 526332                     /usr/local/lib/openmpi/mca_schizo_ompi.so
7fc07c73a000-7fc07c73b000 r-xp 00000000 fc:01 526330                     /usr/local/lib/openmpi/mca_schizo_flux.so
7fc07c73b000-7fc07c93b000 ---p 00001000 fc:01 526330                     /usr/local/lib/openmpi/mca_schizo_flux.so
7fc07c93b000-7fc07c93c000 r--p 00001000 fc:01 526330                     /usr/local/lib/openmpi/mca_schizo_flux.so
7fc07c93c000-7fc07c93d000 rw-p 00002000 fc:01 526330                     /usr/local/lib/openmpi/mca_schizo_flux.so
7fc07c93d000-7fc07c93f000 r-xp 00000000 fc:01 526234                     /usr/local/lib/openmpi/mca_reachable_weighted.so
7fc07c93f000-7fc07cb3e000 ---p 00002000 fc:01 526234                     /usr/local/lib/openmpi/mca_reachable_weighted.so
7fc07cb3e000-7fc07cb3f000 r--p 00001000 fc:01 526234                     /usr/local/lib/openmpi/mca_reachable_weighted.so
7fc07cb3f000-7fc07cb40000 rw-p 00002000 fc:01 526234                     /usr/local/lib/openmpi/mca_reachable_weighted.so
7fc07cb40000-7fc07cb43000 r-xp 00000000 fc:01 526236                     /usr/local/lib/openmpi/mca_shmem_mmap.so
7fc07cb43000-7fc07cd42000 ---p 00003000 fc:01 526236                     /usr/local/lib/openmpi/mca_shmem_mmap.so
7fc07cd42000-7fc07cd43000 r--p 00002000 fc:01 526236                     /usr/local/lib/openmpi/mca_shmem_mmap.so
7fc07cd43000-7fc07cd44000 rw-p 00003000 fc:01 526236                     /usr/local/lib/openmpi/mca_shmem_mmap.so
7fc07cd44000-7fc07cdf7000 r-xp 00000000 fc:01 7159                       /usr/local/lib/libopen-rte.so.40.20.1
7fc07cdf7000-7fc07cff6000 ---p 000b3000 fc:01 7159                       /usr/local/lib/libopen-rte.so.40.20.1
7fc07cff6000-7fc07cff8000 r--p 000b2000 fc:01 7159                       /usr/local/lib/libopen-rte.so.40.20.1
7fc07cff8000-7fc07cffc000 rw-p 000b4000 fc:01 7159                       /usr/local/lib/libopen-rte.so.40.20.1
7fc07cffc000-7fc080000000 rw-p 00000000 00:00 0 
7fc080000000-7fc0801a4000 rw-p 00000000 00:00 0 
7fc0801a4000-7fc084000000 ---p 00000000 00:00 0 
7fc084000000-7fc084021000 rw-p 00000000 00:00 0 
7fc084021000-7fc088000000 ---p 00000000 00:00 0 
7fc088000000-7fc088021000 rw-p 00000000 00:00 0 
7fc088021000-7fc08c000000 ---p 00000000 00:00 0 
7fc08c000000-7fc08c04f000 rw-p 00000000 00:00 0 
7fc08c04f000-7fc090000000 ---p 00000000 00:00 0 
7fc090000000-7fc090021000 rw-p 00000000 00:00 0 
7fc090021000-7fc094000000 ---p 00000000 00:00 0 
7fc094000000-7fc094021000 rw-p 00000000 00:00 0 
7fc094021000-7fc098000000 ---p 00000000 00:00 0 
7fc098000000-7fc098021000 rw-p 00000000 00:00 0 
7fc098021000-7fc09c000000 ---p 00000000 00:00 0 
7fc09c060000-7fc09c062000 r-xp 00000000 fc:01 2182                       /lib/x86_64-linux-gnu/libutil-2.27.so
7fc09c062000-7fc09c261000 ---p 00002000 fc:01 2182                       /lib/x86_64-linux-gnu/libutil-2.27.so
7fc09c261000-7fc09c262000 r--p 00001000 fc:01 2182                       /lib/x86_64-linux-gnu/libutil-2.27.so
7fc09c262000-7fc09c263000 rw-p 00002000 fc:01 2182                       /lib/x86_64-linux-gnu/libutil-2.27.so
7fc09c263000-7fc09c36a000 r-xp 00000000 fc:01 4656                       /usr/local/lib/libopen-pal.so.40.20.1
7fc09c36a000-7fc09c56a000 ---p 00107000 fc:01 4656                       /usr/local/lib/libopen-pal.so.40.20.1
7fc09c56a000-7fc09c56d000 r--p 00107000 fc:01 4656                       /usr/local/lib/libopen-pal.so.40.20.1
7fc09c56d000-7fc09c573000 rw-p 0010a000 fc:01 4656                       /usr/local/lib/libopen-pal.so.40.20.1
7fc09c573000-7fc09c57a000 rw-p 00000000 00:00 0 
7fc09c57a000-7fc09c687000 r-xp 00000000 fc:01 7362                       /usr/local/lib/libmpi.so.40.20.1
7fc09c687000-7fc09c886000 ---p 0010d000 fc:01 7362                       /usr/local/lib/libmpi.so.40.20.1
7fc09c886000-7fc09c888000 r--p 0010c000 fc:01 7362                       /usr/local/lib/libmpi.so.40.20.1
7fc09c888000-7fc09c899000 rw-p 0010e000 fc:01 7362                       /usr/local/lib/libmpi.so.40.20.1
7fc09c899000-7fc09c8ab000 rw-p 00000000 00:00 0 
7fc09c8ab000-7fc09c8d3000 r-xp 00000000 fc:01 29870                      /usr/local/lib/libmpi_java.so.40.20.0
7fc09c8d3000-7fc09cad2000 ---p 00028000 fc:01 29870                      /usr/local/lib/libmpi_java.so.40.20.0
7fc09cad2000-7fc09cad3000 r--p 00027000 fc:01 29870                      /usr/local/lib/libmpi_java.so.40.20.0
7fc09cad3000-7fc09cad4000 rw-p 00028000 fc:01 29870                      /usr/local/lib/libmpi_java.so.40.20.0
7fc09cad4000-7fc09caeb000 r-xp 00000000 fc:01 2079070                    /usr/lib/jvm/java-8-openjdk-amd64/jre/lib/amd64/libnet.so
7fc09caeb000-7fc09ccea000 ---p 00017000 fc:01 2079070                    /usr/lib/jvm/java-8-openjdk-amd64/jre/lib/amd64/libnet.so
7fc09ccea000-7fc09cceb000 r--p 00016000 fc:01 2079070                    /usr/lib/jvm/java-8-openjdk-amd64/jre/lib/amd64/libnet.so
7fc09cceb000-7fc09ccec000 rw-p 00017000 fc:01 2079070                    /usr/lib/jvm/java-8-openjdk-amd64/jre/lib/amd64/libnet.so
7fc09ccec000-7fc09ccfd000 r-xp 00000000 fc:01 2079071                    /usr/lib/jvm/java-8-openjdk-amd64/jre/lib/amd64/libnio.so
7fc09ccfd000-7fc09cefd000 ---p 00011000 fc:01 2079071                    /usr/lib/jvm/java-8-openjdk-amd64/jre/lib/amd64/libnio.so
7fc09cefd000-7fc09cefe000 r--p 00011000 fc:01 2079071                    /usr/lib/jvm/java-8-openjdk-amd64/jre/lib/amd64/libnio.so
7fc09cefe000-7fc09ceff000 rw-p 00012000 fc:01 2079071                    /usr/lib/jvm/java-8-openjdk-amd64/jre/lib/amd64/libnio.so
7fc09ceff000-7fc09cf00000 ---p 00000000 00:00 0 
7fc09cf00000-7fc09d000000 rw-p 00000000 00:00 0 
7fc09d000000-7fc09d270000 rwxp 00000000 00:00 0 
7fc09d270000-7fc0ac000000 ---p 00000000 00:00 0 
7fc0ac000000-7fc0ac25f000 rw-p 00000000 00:00 0 
7fc0ac25f000-7fc0b0000000 ---p 00000000 00:00 0 
7fc0b0054000-7fc0b0055000 r--s 00000000 fc:01 526900                     /tmp/ompi.openmpi-slave1.1000/jf.8274/pmix_dstor_ds12_15448/initial-pmix_shared-segment-0
7fc0b0055000-7fc0b0056000 rw-s 00000000 fc:01 526901                     /tmp/ompi.openmpi-slave1.1000/jf.8274/pmix_dstor_ds12_15448/dstore_sm.lock
7fc0b0056000-7fc0b0057000 r--s 0000f000 00:34 527712                     /home/mpiuser/cloud/fyp/java_client/lib/mpi.jar
7fc0b0057000-7fc0b005a000 r--s 0000e000 00:34 527707                     /home/mpiuser/cloud/fyp/java_client/lib/jackson-annotations-2.10.3.jar
7fc0b005a000-7fc0b0077000 r--s 00142000 00:34 527719                     /home/mpiuser/cloud/fyp/java_client/lib/spring-web-5.2.5.RELEASE.jar
7fc0b0077000-7fc0b0084000 r--s 00090000 00:34 527704                     /home/mpiuser/cloud/fyp/java_client/lib/amqp-client-5.8.0.jar
7fc0b0084000-7fc0b0085000 r--s 00003000 00:34 527715                     /home/mpiuser/cloud/fyp/java_client/lib/slf4j-simple-1.7.30.jar
7fc0b0085000-7fc0b009a000 r--s 00142000 00:34 527710                     /home/mpiuser/cloud/fyp/java_client/lib/jackson-databind-2.10.2.jar
7fc0b009a000-7fc0b00af000 r--s 00142000 00:34 527711                     /home/mpiuser/cloud/fyp/java_client/lib/jackson-databind-2.10.3.jar
7fc0b00af000-7fc0b00b0000 r--s 00005000 00:34 527718                     /home/mpiuser/cloud/fyp/java_client/lib/spring-jcl-5.2.5.RELEASE.jar
7fc0b00b0000-7fc0b00cb000 r--s 001d6000 fc:01 2079097                    /usr/lib/jvm/java-8-openjdk-amd64/jre/lib/ext/nashorn.jar
7fc0b00cb000-7fc0b00cf000 r--s 0003a000 fc:01 2079100                    /usr/lib/jvm/java-8-openjdk-amd64/jre/lib/ext/sunpkcs11.jar
7fc0b00cf000-7fc0b00d4000 r--s 0003d000 fc:01 2079099                    /usr/lib/jvm/java-8-openjdk-amd64/jre/lib/ext/sunjce_provider.jar
7fc0b00d4000-7fc0b00d5000 r--s 00010000 fc:01 2079101                    /usr/lib/jvm/java-8-openjdk-amd64/jre/lib/ext/zipfs.jar
7fc0b00d5000-7fc0b00d6000 r--s 0000a000 fc:01 2079095                    /usr/lib/jvm/java-8-openjdk-amd64/jre/lib/ext/jaccess.jar
7fc0b00d6000-7fc0b00d8000 r--s 00007000 fc:01 29704                      /usr/share/java/java-atk-wrapper.jar
7fc0b00d8000-7fc0b00f3000 r--s 00394000 fc:01 2079092                    /usr/lib/jvm/java-8-openjdk-amd64/jre/lib/ext/cldrdata.jar
7fc0b00f3000-7fc0b00f6000 ---p 00000000 00:00 0 
7fc0b00f6000-7fc0b01f4000 rw-p 00000000 00:00 0 
7fc0b01f4000-7fc0b01f5000 ---p 00000000 00:00 0 
7fc0b01f5000-7fc0b01f8000 ---p 00000000 00:00 0 
7fc0b01f8000-7fc0b02f5000 rw-p 00000000 00:00 0 
7fc0b02f5000-7fc0b02f6000 ---p 00000000 00:00 0 
7fc0b02f6000-7fc0b02f9000 ---p 00000000 00:00 0 
7fc0b02f9000-7fc0b03f6000 rw-p 00000000 00:00 0 
7fc0b03f6000-7fc0b03f9000 ---p 00000000 00:00 0 
7fc0b03f9000-7fc0b04f7000 rw-p 00000000 00:00 0 
7fc0b04f7000-7fc0b0528000 r--p 00000000 fc:01 7802                       /usr/lib/locale/C.UTF-8/LC_CTYPE
7fc0b0528000-7fc0b069b000 r--p 00000000 fc:01 7801                       /usr/lib/locale/C.UTF-8/LC_COLLATE
7fc0b069b000-7fc0b0836000 r--p 00000000 fc:01 7796                       /usr/lib/locale/locale-archive
7fc0b0836000-7fc0b0839000 ---p 00000000 00:00 0 
7fc0b0839000-7fc0b0937000 rw-p 00000000 00:00 0 
7fc0b0937000-7fc0b093a000 ---p 00000000 00:00 0 
7fc0b093a000-7fc0b0a38000 rw-p 00000000 00:00 0 
7fc0b0a38000-7fc0b0a39000 ---p 00000000 00:00 0 
7fc0b0a39000-7fc0b0b87000 rw-p 00000000 00:00 0 
7fc0b0b87000-7fc0b0d57000 r--s 03c68000 fc:01 2079121                    /usr/lib/jvm/java-8-openjdk-amd64/jre/lib/rt.jar
7fc0b0d57000-7fc0b12d0000 rw-p 00000000 00:00 0 
7fc0b12d0000-7fc0b1650000 ---p 00000000 00:00 0 
7fc0b1650000-7fc0b165a000 rw-p 00000000 00:00 0 
7fc0b165a000-7fc0b1a10000 ---p 00000000 00:00 0 
7fc0b1a10000-7fc0b1a18000 r-xp 00000000 fc:01 2079078                    /usr/lib/jvm/java-8-openjdk-amd64/jre/lib/amd64/libzip.so
7fc0b1a18000-7fc0b1c17000 ---p 00008000 fc:01 2079078                    /usr/lib/jvm/java-8-openjdk-amd64/jre/lib/amd64/libzip.so
7fc0b1c17000-7fc0b1c18000 r--p 00007000 fc:01 2079078                    /usr/lib/jvm/java-8-openjdk-amd64/jre/lib/amd64/libzip.so
7fc0b1c18000-7fc0b1c19000 rw-p 00008000 fc:01 2079078                    /usr/lib/jvm/java-8-openjdk-amd64/jre/lib/amd64/libzip.so
7fc0b1c19000-7fc0b1c24000 r-xp 00000000 fc:01 2093                       /lib/x86_64-linux-gnu/libnss_files-2.27.so
7fc0b1c24000-7fc0b1e23000 ---p 0000b000 fc:01 2093                       /lib/x86_64-linux-gnu/libnss_files-2.27.so
7fc0b1e23000-7fc0b1e24000 r--p 0000a000 fc:01 2093                       /lib/x86_64-linux-gnu/libnss_files-2.27.so
7fc0b1e24000-7fc0b1e25000 rw-p 0000b000 fc:01 2093                       /lib/x86_64-linux-gnu/libnss_files-2.27.so
7fc0b1e25000-7fc0b1e2b000 rw-p 00000000 00:00 0 
7fc0b1e2b000-7fc0b1e42000 r-xp 00000000 fc:01 2090                       /lib/x86_64-linux-gnu/libnsl-2.27.so
7fc0b1e42000-7fc0b2041000 ---p 00017000 fc:01 2090                       /lib/x86_64-linux-gnu/libnsl-2.27.so
7fc0b2041000-7fc0b2042000 r--p 00016000 fc:01 2090                       /lib/x86_64-linux-gnu/libnsl-2.27.so
7fc0b2042000-7fc0b2043000 rw-p 00017000 fc:01 2090                       /lib/x86_64-linux-gnu/libnsl-2.27.so
7fc0b2043000-7fc0b2045000 rw-p 00000000 00:00 0 
7fc0b2045000-7fc0b2050000 r-xp 00000000 fc:01 2095                       /lib/x86_64-linux-gnu/libnss_nis-2.27.so
7fc0b2050000-7fc0b224f000 ---p 0000b000 fc:01 2095                       /lib/x86_64-linux-gnu/libnss_nis-2.27.so
7fc0b224f000-7fc0b2250000 r--p 0000a000 fc:01 2095                       /lib/x86_64-linux-gnu/libnss_nis-2.27.so
7fc0b2250000-7fc0b2251000 rw-p 0000b000 fc:01 2095                       /lib/x86_64-linux-gnu/libnss_nis-2.27.so
7fc0b2251000-7fc0b2259000 r-xp 00000000 fc:01 2091                       /lib/x86_64-linux-gnu/libnss_compat-2.27.so
7fc0b2259000-7fc0b2459000 ---p 00008000 fc:01 2091                       /lib/x86_64-linux-gnu/libnss_compat-2.27.so
7fc0b2459000-7fc0b245a000 r--p 00008000 fc:01 2091                       /lib/x86_64-linux-gnu/libnss_compat-2.27.so
7fc0b245a000-7fc0b245b000 rw-p 00009000 fc:01 2091                       /lib/x86_64-linux-gnu/libnss_compat-2.27.so
7fc0b245b000-7fc0b2485000 r-xp 00000000 fc:01 2079059                    /usr/lib/jvm/java-8-openjdk-amd64/jre/lib/amd64/libjava.so
7fc0b2485000-7fc0b2684000 ---p 0002a000 fc:01 2079059                    /usr/lib/jvm/java-8-openjdk-amd64/jre/lib/amd64/libjava.so
7fc0b2684000-7fc0b2685000 r--p 00029000 fc:01 2079059                    /usr/lib/jvm/java-8-openjdk-amd64/jre/lib/amd64/libjava.so
7fc0b2685000-7fc0b2687000 rw-p 0002a000 fc:01 2079059                    /usr/lib/jvm/java-8-openjdk-amd64/jre/lib/amd64/libjava.so
7fc0b2687000-7fc0b2697000 r-xp 00000000 fc:01 2079077                    /usr/lib/jvm/java-8-openjdk-amd64/jre/lib/amd64/libverify.so
7fc0b2697000-7fc0b2896000 ---p 00010000 fc:01 2079077                    /usr/lib/jvm/java-8-openjdk-amd64/jre/lib/amd64/libverify.so
7fc0b2896000-7fc0b2898000 r--p 0000f000 fc:01 2079077                    /usr/lib/jvm/java-8-openjdk-amd64/jre/lib/amd64/libverify.so
7fc0b2898000-7fc0b2899000 rw-p 00011000 fc:01 2079077                    /usr/lib/jvm/java-8-openjdk-amd64/jre/lib/amd64/libverify.so
7fc0b2899000-7fc0b28a0000 r-xp 00000000 fc:01 2180                       /lib/x86_64-linux-gnu/librt-2.27.so
7fc0b28a0000-7fc0b2a9f000 ---p 00007000 fc:01 2180                       /lib/x86_64-linux-gnu/librt-2.27.so
7fc0b2a9f000-7fc0b2aa0000 r--p 00006000 fc:01 2180                       /lib/x86_64-linux-gnu/librt-2.27.so
7fc0b2aa0000-7fc0b2aa1000 rw-p 00007000 fc:01 2180                       /lib/x86_64-linux-gnu/librt-2.27.so
7fc0b2aa1000-7fc0b2ab8000 r-xp 00000000 fc:01 19131                      /lib/x86_64-linux-gnu/libgcc_s.so.1
7fc0b2ab8000-7fc0b2cb7000 ---p 00017000 fc:01 19131                      /lib/x86_64-linux-gnu/libgcc_s.so.1
7fc0b2cb7000-7fc0b2cb8000 r--p 00016000 fc:01 19131                      /lib/x86_64-linux-gnu/libgcc_s.so.1
7fc0b2cb8000-7fc0b2cb9000 rw-p 00017000 fc:01 19131                      /lib/x86_64-linux-gnu/libgcc_s.so.1
7fc0b2cb9000-7fc0b2e56000 r-xp 00000000 fc:01 2087                       /lib/x86_64-linux-gnu/libm-2.27.so
7fc0b2e56000-7fc0b3055000 ---p 0019d000 fc:01 2087                       /lib/x86_64-linux-gnu/libm-2.27.so
7fc0b3055000-7fc0b3056000 r--p 0019c000 fc:01 2087                       /lib/x86_64-linux-gnu/libm-2.27.so
7fc0b3056000-7fc0b3057000 rw-p 0019d000 fc:01 2087                       /lib/x86_64-linux-gnu/libm-2.27.so
7fc0b3057000-7fc0b31d0000 r-xp 00000000 fc:01 7835                       /usr/lib/x86_64-linux-gnu/libstdc++.so.6.0.25
7fc0b31d0000-7fc0b33d0000 ---p 00179000 fc:01 7835                       /usr/lib/x86_64-linux-gnu/libstdc++.so.6.0.25
7fc0b33d0000-7fc0b33da000 r--p 00179000 fc:01 7835                       /usr/lib/x86_64-linux-gnu/libstdc++.so.6.0.25
7fc0b33da000-7fc0b33dc000 rw-p 00183000 fc:01 7835                       /usr/lib/x86_64-linux-gnu/libstdc++.so.6.0.25
7fc0b33dc000-7fc0b33e0000 rw-p 00000000 00:00 0 
7fc0b33e0000-7fc0b4083000 r-xp 00000000 fc:01 2079081                    /usr/lib/jvm/java-8-openjdk-amd64/jre/lib/amd64/server/libjvm.so
7fc0b4083000-7fc0b4283000 ---p 00ca3000 fc:01 2079081                    /usr/lib/jvm/java-8-openjdk-amd64/jre/lib/amd64/server/libjvm.so
7fc0b4283000-7fc0b4317000 r--p 00ca3000 fc:01 2079081                    /usr/lib/jvm/java-8-openjdk-amd64/jre/lib/amd64/server/libjvm.so
7fc0b4317000-7fc0b4340000 rw-p 00d37000 fc:01 2079081                    /usr/lib/jvm/java-8-openjdk-amd64/jre/lib/amd64/server/libjvm.so
7fc0b4340000-7fc0b4370000 rw-p 00000000 00:00 0 
7fc0b4370000-7fc0b438a000 r-xp 00000000 fc:01 2178                       /lib/x86_64-linux-gnu/libpthread-2.27.so
7fc0b438a000-7fc0b4589000 ---p 0001a000 fc:01 2178                       /lib/x86_64-linux-gnu/libpthread-2.27.so
7fc0b4589000-7fc0b458a000 r--p 00019000 fc:01 2178                       /lib/x86_64-linux-gnu/libpthread-2.27.so
7fc0b458a000-7fc0b458b000 rw-p 0001a000 fc:01 2178                       /lib/x86_64-linux-gnu/libpthread-2.27.so
7fc0b458b000-7fc0b458f000 rw-p 00000000 00:00 0 
7fc0b458f000-7fc0b4592000 r-xp 00000000 fc:01 2086                       /lib/x86_64-linux-gnu/libdl-2.27.so
7fc0b4592000-7fc0b4791000 ---p 00003000 fc:01 2086                       /lib/x86_64-linux-gnu/libdl-2.27.so
7fc0b4791000-7fc0b4792000 r--p 00002000 fc:01 2086                       /lib/x86_64-linux-gnu/libdl-2.27.so
7fc0b4792000-7fc0b4793000 rw-p 00003000 fc:01 2086                       /lib/x86_64-linux-gnu/libdl-2.27.so
7fc0b4793000-7fc0b47af000 r-xp 00000000 fc:01 2183                       /lib/x86_64-linux-gnu/libz.so.1.2.11
7fc0b47af000-7fc0b49ae000 ---p 0001c000 fc:01 2183                       /lib/x86_64-linux-gnu/libz.so.1.2.11
7fc0b49ae000-7fc0b49af000 r--p 0001b000 fc:01 2183                       /lib/x86_64-linux-gnu/libz.so.1.2.11
7fc0b49af000-7fc0b49b0000 rw-p 0001c000 fc:01 2183                       /lib/x86_64-linux-gnu/libz.so.1.2.11
7fc0b49b0000-7fc0b4b97000 r-xp 00000000 fc:01 2083                       /lib/x86_64-linux-gnu/libc-2.27.so
7fc0b4b97000-7fc0b4d97000 ---p 001e7000 fc:01 2083                       /lib/x86_64-linux-gnu/libc-2.27.so
7fc0b4d97000-7fc0b4d9b000 r--p 001e7000 fc:01 2083                       /lib/x86_64-linux-gnu/libc-2.27.so
7fc0b4d9b000-7fc0b4d9d000 rw-p 001eb000 fc:01 2083                       /lib/x86_64-linux-gnu/libc-2.27.so
7fc0b4d9d000-7fc0b4da1000 rw-p 00000000 00:00 0 
7fc0b4da1000-7fc0b4daf000 r-xp 00000000 fc:01 2079045                    /usr/lib/jvm/java-8-openjdk-amd64/jre/lib/amd64/jli/libjli.so
7fc0b4daf000-7fc0b4fae000 ---p 0000e000 fc:01 2079045                    /usr/lib/jvm/java-8-openjdk-amd64/jre/lib/amd64/jli/libjli.so
7fc0b4fae000-7fc0b4faf000 r--p 0000d000 fc:01 2079045                    /usr/lib/jvm/java-8-openjdk-amd64/jre/lib/amd64/jli/libjli.so
7fc0b4faf000-7fc0b4fb0000 rw-p 0000e000 fc:01 2079045                    /usr/lib/jvm/java-8-openjdk-amd64/jre/lib/amd64/jli/libjli.so
7fc0b4fb0000-7fc0b4fd7000 r-xp 00000000 fc:01 2079                       /lib/x86_64-linux-gnu/ld-2.27.so
7fc0b4fd7000-7fc0b4fd8000 r--s 0000d000 fc:01 2079098                    /usr/lib/jvm/java-8-openjdk-amd64/jre/lib/ext/sunec.jar
7fc0b4fd8000-7fc0b4fda000 r--s 00001000 fc:01 2079093                    /usr/lib/jvm/java-8-openjdk-amd64/jre/lib/ext/dnsns.jar
7fc0b4fda000-7fc0b4fdd000 r--s 0000f000 fc:01 2079094                    /usr/lib/jvm/java-8-openjdk-amd64/jre/lib/ext/icedtea-sound.jar
7fc0b4fdd000-7fc0b4fe7000 r--s 00116000 fc:01 2079096                    /usr/lib/jvm/java-8-openjdk-amd64/jre/lib/ext/localedata.jar
7fc0b4fe7000-7fc0b4fe8000 r--p 00000000 fc:01 7807                       /usr/lib/locale/C.UTF-8/LC_NUMERIC
7fc0b4fe8000-7fc0b4fe9000 r--p 00000000 fc:01 7810                       /usr/lib/locale/C.UTF-8/LC_TIME
7fc0b4fe9000-7fc0b4fea000 r--p 00000000 fc:01 7805                       /usr/lib/locale/C.UTF-8/LC_MONETARY
7fc0b4fea000-7fc0b4feb000 r--p 00000000 fc:01 7799                       /usr/lib/locale/C.UTF-8/LC_MESSAGES/SYS_LC_MESSAGES
7fc0b4feb000-7fc0b4fec000 r--p 00000000 fc:01 7808                       /usr/lib/locale/C.UTF-8/LC_PAPER
7fc0b4fec000-7fc0b4fed000 r--p 00000000 fc:01 7806                       /usr/lib/locale/C.UTF-8/LC_NAME
7fc0b4fed000-7fc0b4fee000 r--p 00000000 fc:01 7800                       /usr/lib/locale/C.UTF-8/LC_ADDRESS
7fc0b4fee000-7fc0b4fef000 r--p 00000000 fc:01 7809                       /usr/lib/locale/C.UTF-8/LC_TELEPHONE
7fc0b4fef000-7fc0b4ff0000 r--p 00000000 fc:01 7804                       /usr/lib/locale/C.UTF-8/LC_MEASUREMENT
7fc0b4ff0000-7fc0b4ff7000 r--s 00000000 fc:01 5010                       /usr/lib/x86_64-linux-gnu/gconv/gconv-modules.cache
7fc0b4ff7000-7fc0b4ff8000 r--p 00000000 fc:01 7803                       /usr/lib/locale/C.UTF-8/LC_IDENTIFICATION
7fc0b4ff8000-7fc0b4ffe000 rw-p 00000000 00:00 0 
7fc0b4ffe000-7fc0b504b000 ---p 00000000 00:00 0 
7fc0b504b000-7fc0b504e000 rw-p 00000000 00:00 0 
7fc0b504e000-7fc0b5074000 ---p 00000000 00:00 0 
7fc0b5074000-7fc0b507a000 rw-p 00000000 00:00 0 
7fc0b507a000-7fc0b50c7000 ---p 00000000 00:00 0 
7fc0b50c7000-7fc0b50c8000 rw-p 00000000 00:00 0 
7fc0b50c8000-7fc0b50c9000 ---p 00000000 00:00 0 
7fc0b50c9000-7fc0b50cc000 ---p 00000000 00:00 0 
7fc0b50cc000-7fc0b51cb000 rw-p 00000000 00:00 0 
7fc0b51cb000-7fc0b51d3000 rw-s 00000000 fc:01 526934                     /tmp/hsperfdata_mpiuser/15553
7fc0b51d3000-7fc0b51d4000 rw-p 00000000 00:00 0 
7fc0b51d4000-7fc0b51d5000 r--p 00000000 00:00 0 
7fc0b51d5000-7fc0b51d7000 rw-p 00000000 00:00 0 
7fc0b51d7000-7fc0b51d8000 r--p 00027000 fc:01 2079                       /lib/x86_64-linux-gnu/ld-2.27.so
7fc0b51d8000-7fc0b51d9000 rw-p 00028000 fc:01 2079                       /lib/x86_64-linux-gnu/ld-2.27.so
7fc0b51d9000-7fc0b51da000 rw-p 00000000 00:00 0 
7ffd533e1000-7ffd53402000 rw-p 00000000 00:00 0                          [stack]
7ffd5351a000-7ffd5351d000 r--p 00000000 00:00 0                          [vvar]
7ffd5351d000-7ffd5351f000 r-xp 00000000 00:00 0                          [vdso]
ffffffffff600000-ffffffffff601000 r-xp 00000000 00:00 0                  [vsyscall]

VM Arguments:
jvm_args: -Djava.library.path=/usr/local/lib 
java_command: Client 1000000 100 0
java_class_path (initial): /home/mpiuser/cloud/fyp/java_client:./lib/spring-jcl-5.2.5.RELEASE.jar:./lib/jackson-databind-2.10.3.jar:./lib/jackson-databind-2.10.2.jar:./lib/slf4j-simple-1.7.30.jar:./lib/amqp-client-5.8.0.jar:./lib/spring-web-5.2.5.RELEASE.jar:./lib/jackson-annotations-2.10.3.jar:./lib/mpi.jar:./lib/spring-beans-5.2.5.RELEASE.jar:./lib/jackson-annotations-2.10.2.jar:./lib/jackson-core-2.10.2.jar:./lib/jackson-core-2.10.3.jar:./lib/slf4j-api-1.7.29.jar:./lib/spring-core-5.2.5.RELEASE.jar:./lib/slf4j-api-1.7.30.jar:./lib/http-client-3.6.1.RELEASE.jar:/usr/local/lib/mpi.jar
Launcher Type: SUN_STANDARD

Environment Variables:
PATH=/usr/local/sbin:/usr/local/bin:/usr/sbin:/usr/bin:/sbin:/bin:/usr/games:/usr/local/games
SHELL=/bin/bash

Signal Handlers:
SIGSEGV: [libjvm.so+0xabc3b0], sa_mask[0]=11111111011111111101111111111110, sa_flags=SA_RESTART|SA_SIGINFO
SIGBUS: [libjvm.so+0xabc3b0], sa_mask[0]=11111111011111111101111111111110, sa_flags=SA_RESTART|SA_SIGINFO
SIGFPE: [libjvm.so+0x8f0bb0], sa_mask[0]=11111111011111111101111111111110, sa_flags=SA_RESTART|SA_SIGINFO
SIGPIPE: [libjvm.so+0x8f0bb0], sa_mask[0]=11111111011111111101111111111110, sa_flags=SA_RESTART|SA_SIGINFO
SIGXFSZ: [libjvm.so+0x8f0bb0], sa_mask[0]=11111111011111111101111111111110, sa_flags=SA_RESTART|SA_SIGINFO
SIGILL: [libjvm.so+0x8f0bb0], sa_mask[0]=11111111011111111101111111111110, sa_flags=SA_RESTART|SA_SIGINFO
SIGUSR1: SIG_DFL, sa_mask[0]=00000000000000000000000000000000, sa_flags=none
SIGUSR2: [libjvm.so+0x8f0a60], sa_mask[0]=00000000000000000000000000000000, sa_flags=SA_RESTART|SA_SIGINFO
SIGHUP: [libjvm.so+0x8f10d0], sa_mask[0]=11111111011111111101111111111110, sa_flags=SA_RESTART|SA_SIGINFO
SIGINT: [libjvm.so+0x8f10d0], sa_mask[0]=11111111011111111101111111111110, sa_flags=SA_RESTART|SA_SIGINFO
SIGTERM: [libjvm.so+0x8f10d0], sa_mask[0]=11111111011111111101111111111110, sa_flags=SA_RESTART|SA_SIGINFO
SIGQUIT: [libjvm.so+0x8f10d0], sa_mask[0]=11111111011111111101111111111110, sa_flags=SA_RESTART|SA_SIGINFO


---------------  S Y S T E M  ---------------

OS:DISTRIB_ID=Ubuntu
DISTRIB_RELEASE=18.04
DISTRIB_CODENAME=bionic
DISTRIB_DESCRIPTION="Ubuntu 18.04.3 LTS"

uname:Linux 4.15.0-66-generic #75-Ubuntu SMP Tue Oct 1 05:24:09 UTC 2019 x86_64
libc:glibc 2.27 NPTL 2.27 
rlimit: STACK 8192k, CORE 0k, NPROC 3841, NOFILE 1048576, AS infinity
load average:96.10 24.16 8.09

/proc/meminfo:
MemTotal:        1008808 kB
MemFree:          153748 kB
MemAvailable:     132012 kB
Buffers:            5380 kB
Cached:            58980 kB
SwapCached:            0 kB
Active:           668392 kB
Inactive:          29156 kB
Active(anon):     633820 kB
Inactive(anon):      184 kB
Active(file):      34572 kB
Inactive(file):    28972 kB
Unevictable:           0 kB
Mlocked:               0 kB
SwapTotal:             0 kB
SwapFree:              0 kB
Dirty:              4820 kB
Writeback:             0 kB
AnonPages:        633336 kB
Mapped:            33408 kB
Shmem:               660 kB
Slab:              90004 kB
SReclaimable:      35664 kB
SUnreclaim:        54340 kB
KernelStack:       11600 kB
PageTables:        21372 kB
NFS_Unstable:          0 kB
Bounce:                0 kB
WritebackTmp:          0 kB
CommitLimit:      504404 kB
Committed_AS:    5243564 kB
VmallocTotal:   34359738367 kB
VmallocUsed:           0 kB
VmallocChunk:          0 kB
HardwareCorrupted:     0 kB
AnonHugePages:         0 kB
ShmemHugePages:        0 kB
ShmemPmdMapped:        0 kB
CmaTotal:              0 kB
CmaFree:               0 kB
HugePages_Total:       0
HugePages_Free:        0
HugePages_Rsvd:        0
HugePages_Surp:        0
Hugepagesize:       2048 kB
DirectMap4k:      292844 kB
DirectMap2M:      755712 kB
DirectMap1G:           0 kB

container (cgroup) information:
container_type: cgroupv1
cpu_cpuset_cpus: 0-2
cpu_memory_nodes: 0
active_processor_count: 3
cpu_quota: -1
cpu_period: 100000
cpu_shares: -1
memory_limit_in_bytes: -1
memory_and_swap_limit_in_bytes: -2
memory_soft_limit_in_bytes: -1
memory_usage_in_bytes: 710275072
memory_max_usage_in_bytes: 863526912


CPU:total 3 (initial active 3) (1 cores per cpu, 1 threads per core) family 6 model 85 stepping 4, cmov, cx8, fxsr, mmx, sse, sse2, sse3, ssse3, sse4.1, sse4.2, popcnt, avx, avx2, aes, clmul, erms, 3dnowpref, lzcnt, tsc, bmi1, bmi2, adx

/proc/cpuinfo:
processor	: 0
vendor_id	: GenuineIntel
cpu family	: 6
model		: 85
model name	: Intel(R) Xeon(R) Gold 6140 CPU @ 2.30GHz
stepping	: 4
microcode	: 0x1
cpu MHz		: 2294.608
cache size	: 4096 KB
physical id	: 0
siblings	: 1
core id		: 0
cpu cores	: 1
apicid		: 0
initial apicid	: 0
fpu		: yes
fpu_exception	: yes
cpuid level	: 13
wp		: yes
flags		: fpu vme de pse tsc msr pae mce cx8 apic sep mtrr pge mca cmov pat pse36 clflush mmx fxsr sse sse2 ss syscall nx pdpe1gb rdtscp lm constant_tsc arch_perfmon rep_good nopl cpuid tsc_known_freq pni pclmulqdq vmx ssse3 fma cx16 pcid sse4_1 sse4_2 x2apic movbe popcnt tsc_deadline_timer aes xsave avx f16c rdrand hypervisor lahf_lm abm 3dnowprefetch cpuid_fault invpcid_single pti ssbd ibrs ibpb tpr_shadow vnmi flexpriority ept vpid fsgsbase tsc_adjust bmi1 avx2 smep bmi2 erms invpcid mpx avx512f avx512dq rdseed adx smap clflushopt clwb avx512cd avx512bw avx512vl xsaveopt xsavec xgetbv1 pku ospke md_clear
bugs		: cpu_meltdown spectre_v1 spectre_v2 spec_store_bypass l1tf mds swapgs
bogomips	: 4589.21
clflush size	: 64
cache_alignment	: 64
address sizes	: 40 bits physical, 48 bits virtual
power management:

processor	: 1
vendor_id	: GenuineIntel
cpu family	: 6
model		: 85
model name	: Intel(R) Xeon(R) Gold 6140 CPU @ 2.30GHz
stepping	: 4
microcode	: 0x1
cpu MHz		: 2294.608
cache size	: 4096 KB
physical id	: 1
siblings	: 1
core id		: 0
cpu cores	: 1
apicid		: 1
initial apicid	: 1
fpu		: yes
fpu_exception	: yes
cpuid level	: 13
wp		: yes
flags		: fpu vme de pse tsc msr pae mce cx8 apic sep mtrr pge mca cmov pat pse36 clflush mmx fxsr sse sse2 ss syscall nx pdpe1gb rdtscp lm constant_tsc arch_perfmon rep_good nopl cpuid tsc_known_freq pni pclmulqdq vmx ssse3 fma cx16 pcid sse4_1 sse4_2 x2apic movbe popcnt tsc_deadline_timer aes xsave avx f16c rdrand hypervisor lahf_lm abm 3dnowprefetch cpuid_fault invpcid_single pti ssbd ibrs ibpb tpr_shadow vnmi flexpriority ept vpid fsgsbase tsc_adjust bmi1 avx2 smep bmi2 erms invpcid mpx avx512f avx512dq rdseed adx smap clflushopt clwb avx512cd avx512bw avx512vl xsaveopt xsavec xgetbv1 pku ospke md_clear
bugs		: cpu_meltdown spectre_v1 spectre_v2 spec_store_bypass l1tf mds swapgs
bogomips	: 4589.21
clflush size	: 64
cache_alignment	: 64
address sizes	: 40 bits physical, 48 bits virtual
power management:

processor	: 2
vendor_id	: GenuineIntel
cpu family	: 6
model		: 85
model name	: Intel(R) Xeon(R) Gold 6140 CPU @ 2.30GHz
stepping	: 4
microcode	: 0x1
cpu MHz		: 2294.608
cache size	: 4096 KB
physical id	: 2
siblings	: 1
core id		: 0
cpu cores	: 1
apicid		: 2
initial apicid	: 2
fpu		: yes
fpu_exception	: yes
cpuid level	: 13
wp		: yes
flags		: fpu vme de pse tsc msr pae mce cx8 apic sep mtrr pge mca cmov pat pse36 clflush mmx fxsr sse sse2 ss syscall nx pdpe1gb rdtscp lm constant_tsc arch_perfmon rep_good nopl cpuid tsc_known_freq pni pclmulqdq vmx ssse3 fma cx16 pcid sse4_1 sse4_2 x2apic movbe popcnt tsc_deadline_timer aes xsave avx f16c rdrand hypervisor lahf_lm abm 3dnowprefetch cpuid_fault invpcid_single pti ssbd ibrs ibpb tpr_shadow vnmi flexpriority ept vpid fsgsbase tsc_adjust bmi1 avx2 smep bmi2 erms invpcid mpx avx512f avx512dq rdseed adx smap clflushopt clwb avx512cd avx512bw avx512vl xsaveopt xsavec xgetbv1 pku ospke md_clear
bugs		: cpu_meltdown spectre_v1 spectre_v2 spec_store_bypass l1tf mds swapgs
bogomips	: 4589.21
clflush size	: 64
cache_alignment	: 64
address sizes	: 40 bits physical, 48 bits virtual
power management:



Memory: 4k page, physical 1008808k(153624k free), swap 0k(0k free)

vm_info: OpenJDK 64-Bit Server VM (25.242-b08) for linux-amd64 JRE (1.8.0_242-8u242-b08-0ubuntu3~18.04-b08), built on Jan 17 2020 23:41:21 by "buildd" with gcc 7.4.0

time: Mon Apr  6 11:40:26 2020
timezone: UTC
elapsed time: 36 seconds (0d 0h 0m 36s)

