#
# A fatal error has been detected by the Java Runtime Environment:
#
#  SIGSEGV (0xb) at pc=0x00007f0d4f9dd12a, pid=15521, tid=0x00007f0d93057700
#
# JRE version: OpenJDK Runtime Environment (8.0_242-b08) (build 1.8.0_242-8u242-b08-0ubuntu3~18.04-b08)
# Java VM: OpenJDK 64-Bit Server VM (25.242-b08 mixed mode linux-amd64 compressed oops)
# Problematic frame:
# C  [mca_gds_ds21.so+0x212a]  pmix_gds_ds21_lock_init+0x12a
#
# Failed to write core dump. Core dumps have been disabled. To enable core dumping, try "ulimit -c unlimited" before starting Java again
#
# If you would like to submit a bug report, please visit:
#   http://bugreport.java.com/bugreport/crash.jsp
# The crash happened outside the Java Virtual Machine in native code.
# See problematic frame for where to report the bug.
#

---------------  T H R E A D  ---------------

Current thread (0x00007f0d8c00b800):  JavaThread "main" [_thread_in_native, id=15555, stack(0x00007f0d92f58000,0x00007f0d93058000)]

siginfo: si_signo: 11 (SIGSEGV), si_code: 1 (SEGV_MAPERR), si_addr: 0x00007f0d7a78d008

Registers:
RAX=0x00007f0d8c265770, RBX=0x00007f0d8c265690, RCX=0x00007f0d4fdfd85e, RDX=0x00007fff9f3c7ceb
RSP=0x00007f0d93055700, RBP=0x00007f0d8c2656e8, RSI=0x0000000000085000, RDI=0x0000000000000000
R8 =0x000000000000001e, R9 =0x0000000000000000, R10=0x0000000000000001, R11=0x0000000000000000
R12=0x00007f0d8c2652e8, R13=0x0000000000001000, R14=0x00007f0d7a78d000, R15=0x00007f0d8c2656e0
RIP=0x00007f0d4f9dd12a, EFLAGS=0x0000000000010202, CSGSFS=0x002b000000000033, ERR=0x0000000000000004
  TRAPNO=0x000000000000000e

Top of Stack: (sp=0x00007f0d93055700)
0x00007f0d93055700:   00007f0d8c265640 00007fff9f3c7ceb
0x00007f0d93055710:   0000000000085000 000003e800000002
0x00007f0d93055720:   0000000000000000 00007f0d928d62ed
0x00007f0d93055730:   00007f0d8c265330 0f27c8e84ef2dc00
0x00007f0d93055740:   0000000000000000 00007f0d8c265010
0x00007f0d93055750:   0000000000000000 00007fff9f3c7ceb
0x00007f0d93055760:   0000000000000000 00007f0d8c265280
0x00007f0d93055770:   0000000000000000 00007f0d4fdf9bcb
0x00007f0d93055780:   00007f0d4f9ddcee 00007f0d93055810
0x00007f0d93055790:   00007f0d78230513 0000001500000040
0x00007f0d930557a0:   00007f0d8c260960 0f27c8e84ef2dc00
0x00007f0d930557b0:   00007f0d4fdef280 00007f0d8c260470
0x00007f0d930557c0:   00007f0d4fbdf2d4 00007f0d784560a0
0x00007f0d930557d0:   00007f0d4fbdf180 00007f0d78459fc0
0x00007f0d930557e0:   00007f0d8c264fc0 00007f0d4f9dcdb4
0x00007f0d930557f0:   00007f0d78456060 00007f0d78218ee8
0x00007f0d93055800:   00007f0d78456100 00007f0d93055834
0x00007f0d93055810:   00007f0d93055838 0000000000000000
0x00007f0d93055820:   0000000000000000 00007f0d78459fd0
0x00007f0d93055830:   0000001e7818ddb0 00007f0d4fbdf180
0x00007f0d93055840:   0000000000000000 0f27c8e84ef2dc00
0x00007f0d93055850:   00007f0d784560a0 0000000000000000
0x00007f0d93055860:   0000000000000000 00007f0d8c1ef820
0x00007f0d93055870:   00007f0d7818ddb0 00007f0d78455520
0x00007f0d93055880:   0000000000000000 00007f0d781d3763
0x00007f0d93055890:   000000000000000c 00007f0d784557d8
0x00007f0d930558a0:   2d69706d6e65706f 0000316576616c73
0x00007f0d930558b0:   00007f0d78118100 00007f0d78113b00
0x00007f0d930558c0:   00007f0d7811b64e 0000000100000000
0x00007f0d930558d0:   00007f0d930559d0 00007f0d00000003
0x00007f0d930558e0:   00007f0d930559c0 0f27c8e84ef2dc00
0x00007f0d930558f0:   00007f0d8c1ed200 00007f0d78454f60 

Instructions: (pc=0x00007f0d4f9dd12a)
0x00007f0d4f9dd10a:   f7 ff ff 48 85 c0 49 89 47 30 0f 84 16 03 00 00
0x00007f0d4f9dd11a:   4c 8b 70 18 49 8b 36 4c 39 ee 0f 87 ce 02 00 00
0x00007f0d4f9dd12a:   41 8b 46 08 41 89 47 40 49 8b 56 18 4c 01 f2 85
0x00007f0d4f9dd13a:   c0 49 89 57 38 0f 84 eb 02 00 00 31 c0 ba 01 00 

Register to memory mapping:

RAX=0x00007f0d8c265770 is an unknown value
RBX=0x00007f0d8c265690 is an unknown value
RCX=0x00007f0d4fdfd85e: pmix_common_dstor_attach_new_lock_seg+0x1e in /usr/local/lib/libmca_common_dstore.so.1 at 0x00007f0d4fdf0000
RDX=0x00007fff9f3c7ceb is an unknown value
RSP=0x00007f0d93055700 is pointing into the stack for thread: 0x00007f0d8c00b800
RBP=0x00007f0d8c2656e8 is an unknown value
RSI=0x0000000000085000 is an unknown value
RDI=0x0000000000000000 is an unknown value
R8 =0x000000000000001e is an unknown value
R9 =0x0000000000000000 is an unknown value
R10=0x0000000000000001 is an unknown value
R11=0x0000000000000000 is an unknown value
R12=0x00007f0d8c2652e8 is an unknown value
R13=0x0000000000001000 is an unknown value
R14=0x00007f0d7a78d000 is an unknown value
R15=0x00007f0d8c2656e0 is an unknown value


Stack: [0x00007f0d92f58000,0x00007f0d93058000],  sp=0x00007f0d93055700,  free space=1013k
Native frames: (J=compiled Java code, j=interpreted, Vv=VM code, C=native code)
C  [mca_gds_ds21.so+0x212a]  pmix_gds_ds21_lock_init+0x12a

Java frames: (J=compiled Java code, j=interpreted, Vv=VM code)
j  mpi.MPI.Init_jni([Ljava/lang/String;)[Ljava/lang/String;+0
j  mpi.MPI.Init([Ljava/lang/String;)[Ljava/lang/String;+17
j  Client.main([Ljava/lang/String;)V+1
v  ~StubRoutines::call_stub

---------------  P R O C E S S  ---------------

Java Threads: ( => current thread )
  0x00007f0d8c0c1800 JavaThread "Service Thread" daemon [_thread_blocked, id=15967, stack(0x00007f0d7af73000,0x00007f0d7b074000)]
  0x00007f0d8c0b4800 JavaThread "C1 CompilerThread1" daemon [_thread_blocked, id=15931, stack(0x00007f0d7b075000,0x00007f0d7b175000)]
  0x00007f0d8c0b2000 JavaThread "C2 CompilerThread0" daemon [_thread_blocked, id=15916, stack(0x00007f0d7b176000,0x00007f0d7b276000)]
  0x00007f0d8c0b0800 JavaThread "Signal Dispatcher" daemon [_thread_blocked, id=15892, stack(0x00007f0d7b276000,0x00007f0d7b377000)]
  0x00007f0d8c07e000 JavaThread "Finalizer" daemon [_thread_blocked, id=15688, stack(0x00007f0d7b6b6000,0x00007f0d7b7b7000)]
  0x00007f0d8c079800 JavaThread "Reference Handler" daemon [_thread_blocked, id=15663, stack(0x00007f0d7b7b7000,0x00007f0d7b8b8000)]
=>0x00007f0d8c00b800 JavaThread "main" [_thread_in_native, id=15555, stack(0x00007f0d92f58000,0x00007f0d93058000)]

Other Threads:
  0x00007f0d8c06f800 VMThread [stack: 0x00007f0d7b8b9000,0x00007f0d7b9b9000] [id=15655]
  0x00007f0d8c0c4800 WatcherThread [stack: 0x00007f0d7ae73000,0x00007f0d7af73000] [id=15986]

VM state:not at safepoint (normal execution)

VM Mutex/Monitor currently owned by a thread: None

heap address: 0x00000000f0800000, size: 248 MB, Compressed Oops mode: 32-bit
Narrow klass base: 0x0000000000000000, Narrow klass shift: 3
Compressed class space size: 1073741824 Address: 0x0000000100000000

Heap:
 def new generation   total 4928K, used 1440K [0x00000000f0800000, 0x00000000f0d50000, 0x00000000f5aa0000)
  eden space 4416K,  32% used [0x00000000f0800000, 0x00000000f0968210, 0x00000000f0c50000)
  from space 512K,   0% used [0x00000000f0c50000, 0x00000000f0c50000, 0x00000000f0cd0000)
  to   space 512K,   0% used [0x00000000f0cd0000, 0x00000000f0cd0000, 0x00000000f0d50000)
 tenured generation   total 10944K, used 0K [0x00000000f5aa0000, 0x00000000f6550000, 0x0000000100000000)
   the space 10944K,   0% used [0x00000000f5aa0000, 0x00000000f5aa0000, 0x00000000f5aa0200, 0x00000000f6550000)
 Metaspace       used 3122K, capacity 4792K, committed 5120K, reserved 1056768K
  class space    used 313K, capacity 424K, committed 512K, reserved 1048576K

Card table byte_map: [0x00007f0d92eda000,0x00007f0d92f57000] byte_map_base: 0x00007f0d92756000

Polling page: 0x00007f0d93063000

CodeCache: size=245760Kb used=1252Kb max_used=1252Kb free=244507Kb
 bounds [0x00007f0d7c7bf000, 0x00007f0d7ca2f000, 0x00007f0d8b7bf000]
 total_blobs=363 nmethods=59 adapters=220
 compilation: enabled

Compilation events (10 events):
Event: 36.627 Thread 0x00007f0d8c0b4800   56  s    3       sun.misc.URLClassPath::getNextLoader (88 bytes)
Event: 36.627 Thread 0x00007f0d8c0b4800 nmethod 56 0x00007f0d7c8ee710 code [0x00007f0d7c8ee900, 0x00007f0d7c8ef168]
Event: 36.627 Thread 0x00007f0d8c0b4800   55       1       java.net.URL::getQuery (5 bytes)
Event: 36.628 Thread 0x00007f0d8c0b4800 nmethod 55 0x00007f0d7c8ef5d0 code [0x00007f0d7c8ef720, 0x00007f0d7c8ef830]
Event: 36.628 Thread 0x00007f0d8c0b4800   50  s    1       java.util.Vector::size (5 bytes)
Event: 36.628 Thread 0x00007f0d8c0b4800 nmethod 50 0x00007f0d7c8ef890 code [0x00007f0d7c8ef9e0, 0x00007f0d7c8efc50]
Event: 36.702 Thread 0x00007f0d8c0b4800   58       3       java.util.concurrent.ConcurrentHashMap::tabAt (21 bytes)
Event: 36.702 Thread 0x00007f0d8c0b4800 nmethod 58 0x00007f0d7c8f7f10 code [0x00007f0d7c8f8080, 0x00007f0d7c8f82b0]
Event: 36.702 Thread 0x00007f0d8c0b4800   60       3       java.util.concurrent.ConcurrentHashMap::setTabAt (19 bytes)
Event: 36.702 Thread 0x00007f0d8c0b4800 nmethod 60 0x00007f0d7c8f8350 code [0x00007f0d7c8f84a0, 0x00007f0d7c8f8610]

GC Heap History (0 events):
No events

Deoptimization events (0 events):
No events

Classes redefined (0 events):
No events

Internal exceptions (5 events):
Event: 0.341 Thread 0x00007f0d8c00b800 Exception <a 'java/lang/NoSuchMethodError': Method sun.misc.Unsafe.defineClass(Ljava/lang/String;[BII)Ljava/lang/Class; name or signature does not match> (0x00000000f0807cc8) thrown at [/build/openjdk-8-58sEEn/openjdk-8-8u242-b08/src/hotspot/src/share/vm/
Event: 0.341 Thread 0x00007f0d8c00b800 Exception <a 'java/lang/NoSuchMethodError': Method sun.misc.Unsafe.prefetchRead(Ljava/lang/Object;J)V name or signature does not match> (0x00000000f0807fb0) thrown at [/build/openjdk-8-58sEEn/openjdk-8-8u242-b08/src/hotspot/src/share/vm/prims/jni.cpp, lin
Event: 1.434 Thread 0x00007f0d8c00b800 Exception <a 'java/util/zip/ZipException'> (0x00000000f085dec8) thrown at [/build/openjdk-8-58sEEn/openjdk-8-8u242-b08/src/hotspot/src/share/vm/prims/jni.cpp, line 710]
Event: 1.434 Thread 0x00007f0d8c00b800 Exception <a 'java/security/PrivilegedActionException'> (0x00000000f085e168) thrown at [/build/openjdk-8-58sEEn/openjdk-8-8u242-b08/src/hotspot/src/share/vm/prims/jvm.cpp, line 1502]
Event: 1.434 Thread 0x00007f0d8c00b800 Exception <a 'java/security/PrivilegedActionException'> (0x00000000f085e378) thrown at [/build/openjdk-8-58sEEn/openjdk-8-8u242-b08/src/hotspot/src/share/vm/prims/jvm.cpp, line 1502]

Events (10 events):
Event: 36.623 loading class mpi/Constant
Event: 36.623 loading class mpi/Constant done
Event: 36.623 loading class mpi/Errhandler
Event: 36.623 loading class mpi/Errhandler done
Event: 36.623 loading class mpi/Intracomm
Event: 36.623 loading class mpi/Intracomm done
Event: 36.624 loading class mpi/Comm
Event: 36.624 loading class mpi/Comm done
Event: 36.702 loading class mpi/Version
Event: 36.702 loading class mpi/Version done


Dynamic libraries:
f0800000-f0d50000 rw-p 00000000 00:00 0 
f0d50000-f5aa0000 ---p 00000000 00:00 0 
f5aa0000-f6550000 rw-p 00000000 00:00 0 
f6550000-100000000 ---p 00000000 00:00 0 
100000000-100080000 rw-p 00000000 00:00 0 
100080000-140000000 ---p 00000000 00:00 0 
561a449a8000-561a449a9000 r-xp 00000000 fc:01 2079032                    /usr/lib/jvm/java-8-openjdk-amd64/jre/bin/java
561a44ba8000-561a44ba9000 r--p 00000000 fc:01 2079032                    /usr/lib/jvm/java-8-openjdk-amd64/jre/bin/java
561a44ba9000-561a44baa000 rw-p 00001000 fc:01 2079032                    /usr/lib/jvm/java-8-openjdk-amd64/jre/bin/java
561a4621b000-561a4623c000 rw-p 00000000 00:00 0                          [heap]
7f0d4f7d8000-7f0d4f7da000 r-xp 00000000 fc:01 526222                     /usr/local/lib/pmix/mca_pshmem_mmap.so
7f0d4f7da000-7f0d4f9d9000 ---p 00002000 fc:01 526222                     /usr/local/lib/pmix/mca_pshmem_mmap.so
7f0d4f9d9000-7f0d4f9da000 r--p 00001000 fc:01 526222                     /usr/local/lib/pmix/mca_pshmem_mmap.so
7f0d4f9da000-7f0d4f9db000 rw-p 00002000 fc:01 526222                     /usr/local/lib/pmix/mca_pshmem_mmap.so
7f0d4f9db000-7f0d4f9df000 r-xp 00000000 fc:01 526198                     /usr/local/lib/pmix/mca_gds_ds21.so
7f0d4f9df000-7f0d4fbde000 ---p 00004000 fc:01 526198                     /usr/local/lib/pmix/mca_gds_ds21.so
7f0d4fbde000-7f0d4fbdf000 r--p 00003000 fc:01 526198                     /usr/local/lib/pmix/mca_gds_ds21.so
7f0d4fbdf000-7f0d4fbe0000 rw-p 00004000 fc:01 526198                     /usr/local/lib/pmix/mca_gds_ds21.so
7f0d4fbe0000-7f0d4fbef000 r-xp 00000000 fc:01 526200                     /usr/local/lib/pmix/mca_gds_hash.so
7f0d4fbef000-7f0d4fdee000 ---p 0000f000 fc:01 526200                     /usr/local/lib/pmix/mca_gds_hash.so
7f0d4fdee000-7f0d4fdef000 r--p 0000e000 fc:01 526200                     /usr/local/lib/pmix/mca_gds_hash.so
7f0d4fdef000-7f0d4fdf0000 rw-p 0000f000 fc:01 526200                     /usr/local/lib/pmix/mca_gds_hash.so
7f0d4fdf0000-7f0d4fdff000 r-xp 00000000 fc:01 7028                       /usr/local/lib/libmca_common_dstore.so.1.0.0
7f0d4fdff000-7f0d4fffe000 ---p 0000f000 fc:01 7028                       /usr/local/lib/libmca_common_dstore.so.1.0.0
7f0d4fffe000-7f0d4ffff000 r--p 0000e000 fc:01 7028                       /usr/local/lib/libmca_common_dstore.so.1.0.0
7f0d4ffff000-7f0d50000000 rw-p 0000f000 fc:01 7028                       /usr/local/lib/libmca_common_dstore.so.1.0.0
7f0d50000000-7f0d50021000 rw-p 00000000 00:00 0 
7f0d50021000-7f0d54000000 ---p 00000000 00:00 0 
7f0d54000000-7f0d54021000 rw-p 00000000 00:00 0 
7f0d54021000-7f0d58000000 ---p 00000000 00:00 0 
7f0d581a2000-7f0d581a6000 r-xp 00000000 fc:01 526196                     /usr/local/lib/pmix/mca_gds_ds12.so
7f0d581a6000-7f0d583a5000 ---p 00004000 fc:01 526196                     /usr/local/lib/pmix/mca_gds_ds12.so
7f0d583a5000-7f0d583a6000 r--p 00003000 fc:01 526196                     /usr/local/lib/pmix/mca_gds_ds12.so
7f0d583a6000-7f0d583a7000 rw-p 00004000 fc:01 526196                     /usr/local/lib/pmix/mca_gds_ds12.so
7f0d583a7000-7f0d583af000 r-xp 00000000 fc:01 526226                     /usr/local/lib/pmix/mca_ptl_usock.so
7f0d583af000-7f0d585ae000 ---p 00008000 fc:01 526226                     /usr/local/lib/pmix/mca_ptl_usock.so
7f0d585ae000-7f0d585af000 r--p 00007000 fc:01 526226                     /usr/local/lib/pmix/mca_ptl_usock.so
7f0d585af000-7f0d585b0000 rw-p 00008000 fc:01 526226                     /usr/local/lib/pmix/mca_ptl_usock.so
7f0d585b0000-7f0d585c1000 r-xp 00000000 fc:01 526224                     /usr/local/lib/pmix/mca_ptl_tcp.so
7f0d585c1000-7f0d587c0000 ---p 00011000 fc:01 526224                     /usr/local/lib/pmix/mca_ptl_tcp.so
7f0d587c0000-7f0d587c1000 r--p 00010000 fc:01 526224                     /usr/local/lib/pmix/mca_ptl_tcp.so
7f0d587c1000-7f0d587c2000 rw-p 00011000 fc:01 526224                     /usr/local/lib/pmix/mca_ptl_tcp.so
7f0d587c2000-7f0d587d3000 r-xp 00000000 fc:01 526188                     /usr/local/lib/pmix/mca_bfrops_v12.so
7f0d587d3000-7f0d589d3000 ---p 00011000 fc:01 526188                     /usr/local/lib/pmix/mca_bfrops_v12.so
7f0d589d3000-7f0d589d4000 r--p 00011000 fc:01 526188                     /usr/local/lib/pmix/mca_bfrops_v12.so
7f0d589d4000-7f0d589d5000 rw-p 00012000 fc:01 526188                     /usr/local/lib/pmix/mca_bfrops_v12.so
7f0d589d5000-7f0d589ec000 r-xp 00000000 fc:01 526190                     /usr/local/lib/pmix/mca_bfrops_v20.so
7f0d589ec000-7f0d58beb000 ---p 00017000 fc:01 526190                     /usr/local/lib/pmix/mca_bfrops_v20.so
7f0d58beb000-7f0d58bec000 r--p 00016000 fc:01 526190                     /usr/local/lib/pmix/mca_bfrops_v20.so
7f0d58bec000-7f0d58bed000 rw-p 00017000 fc:01 526190                     /usr/local/lib/pmix/mca_bfrops_v20.so
7f0d58bed000-7f0d58bf5000 r-xp 00000000 fc:01 526194                     /usr/local/lib/pmix/mca_bfrops_v3.so
7f0d58bf5000-7f0d58df4000 ---p 00008000 fc:01 526194                     /usr/local/lib/pmix/mca_bfrops_v3.so
7f0d58df4000-7f0d58df5000 r--p 00007000 fc:01 526194                     /usr/local/lib/pmix/mca_bfrops_v3.so
7f0d58df5000-7f0d58df6000 rw-p 00008000 fc:01 526194                     /usr/local/lib/pmix/mca_bfrops_v3.so
7f0d58df6000-7f0d58dfd000 r-xp 00000000 fc:01 526192                     /usr/local/lib/pmix/mca_bfrops_v21.so
7f0d58dfd000-7f0d58ffd000 ---p 00007000 fc:01 526192                     /usr/local/lib/pmix/mca_bfrops_v21.so
7f0d58ffd000-7f0d58ffe000 r--p 00007000 fc:01 526192                     /usr/local/lib/pmix/mca_bfrops_v21.so
7f0d58ffe000-7f0d58fff000 rw-p 00008000 fc:01 526192                     /usr/local/lib/pmix/mca_bfrops_v21.so
7f0d58fff000-7f0d5c000000 rw-p 00000000 00:00 0 
7f0d5c000000-7f0d5c1c6000 rw-p 00000000 00:00 0 
7f0d5c1c6000-7f0d60000000 ---p 00000000 00:00 0 
7f0d60000000-7f0d60021000 rw-p 00000000 00:00 0 
7f0d60021000-7f0d64000000 ---p 00000000 00:00 0 
7f0d64000000-7f0d64021000 rw-p 00000000 00:00 0 
7f0d64021000-7f0d68000000 ---p 00000000 00:00 0 
7f0d68000000-7f0d6804e000 rw-p 00000000 00:00 0 
7f0d6804e000-7f0d6c000000 ---p 00000000 00:00 0 
7f0d6c000000-7f0d6c021000 rw-p 00000000 00:00 0 
7f0d6c021000-7f0d70000000 ---p 00000000 00:00 0 
7f0d70000000-7f0d70021000 rw-p 00000000 00:00 0 
7f0d70021000-7f0d74000000 ---p 00000000 00:00 0 
7f0d74000000-7f0d74021000 rw-p 00000000 00:00 0 
7f0d74021000-7f0d78000000 ---p 00000000 00:00 0 
7f0d7808e000-7f0d78113000 rw-s 00000000 fc:01 526899                     /tmp/ompi.openmpi-slave1.1000/jf.8274/pmix_dstor_ds21_15448/smlockseg-542244865
7f0d78113000-7f0d78252000 r-xp 00000000 fc:01 526228                     /usr/local/lib/openmpi/mca_pmix_pmix3x.so
7f0d78252000-7f0d78452000 ---p 0013f000 fc:01 526228                     /usr/local/lib/openmpi/mca_pmix_pmix3x.so
7f0d78452000-7f0d78453000 r--p 0013f000 fc:01 526228                     /usr/local/lib/openmpi/mca_pmix_pmix3x.so
7f0d78453000-7f0d78458000 rw-p 00140000 fc:01 526228                     /usr/local/lib/openmpi/mca_pmix_pmix3x.so
7f0d78458000-7f0d7845b000 rw-p 00000000 00:00 0 
7f0d7845e000-7f0d78460000 r-xp 00000000 fc:01 526214                     /usr/local/lib/pmix/mca_psec_native.so
7f0d78460000-7f0d7865f000 ---p 00002000 fc:01 526214                     /usr/local/lib/pmix/mca_psec_native.so
7f0d7865f000-7f0d78660000 r--p 00001000 fc:01 526214                     /usr/local/lib/pmix/mca_psec_native.so
7f0d78660000-7f0d78661000 rw-p 00002000 fc:01 526214                     /usr/local/lib/pmix/mca_psec_native.so
7f0d78661000-7f0d78662000 ---p 00000000 00:00 0 
7f0d78662000-7f0d78e62000 rw-p 00000000 00:00 0 
7f0d78e62000-7f0d78e66000 r-xp 00000000 fc:01 526266                     /usr/local/lib/openmpi/mca_ess_pmi.so
7f0d78e66000-7f0d79065000 ---p 00004000 fc:01 526266                     /usr/local/lib/openmpi/mca_ess_pmi.so
7f0d79065000-7f0d79066000 r--p 00003000 fc:01 526266                     /usr/local/lib/openmpi/mca_ess_pmi.so
7f0d79066000-7f0d79067000 rw-p 00004000 fc:01 526266                     /usr/local/lib/openmpi/mca_ess_pmi.so
7f0d79067000-7f0d79068000 r-xp 00000000 fc:01 526334                     /usr/local/lib/openmpi/mca_schizo_orte.so
7f0d79068000-7f0d79267000 ---p 00001000 fc:01 526334                     /usr/local/lib/openmpi/mca_schizo_orte.so
7f0d79267000-7f0d79268000 r--p 00000000 fc:01 526334                     /usr/local/lib/openmpi/mca_schizo_orte.so
7f0d79268000-7f0d79269000 rw-p 00001000 fc:01 526334                     /usr/local/lib/openmpi/mca_schizo_orte.so
7f0d79269000-7f0d7926b000 r-xp 00000000 fc:01 526336                     /usr/local/lib/openmpi/mca_schizo_slurm.so
7f0d7926b000-7f0d7946a000 ---p 00002000 fc:01 526336                     /usr/local/lib/openmpi/mca_schizo_slurm.so
7f0d7946a000-7f0d7946b000 r--p 00001000 fc:01 526336                     /usr/local/lib/openmpi/mca_schizo_slurm.so
7f0d7946b000-7f0d7946c000 rw-p 00002000 fc:01 526336                     /usr/local/lib/openmpi/mca_schizo_slurm.so
7f0d7946c000-7f0d79474000 r-xp 00000000 fc:01 526332                     /usr/local/lib/openmpi/mca_schizo_ompi.so
7f0d79474000-7f0d79673000 ---p 00008000 fc:01 526332                     /usr/local/lib/openmpi/mca_schizo_ompi.so
7f0d79673000-7f0d79674000 r--p 00007000 fc:01 526332                     /usr/local/lib/openmpi/mca_schizo_ompi.so
7f0d79674000-7f0d79676000 rw-p 00008000 fc:01 526332                     /usr/local/lib/openmpi/mca_schizo_ompi.so
7f0d79676000-7f0d79677000 r-xp 00000000 fc:01 526330                     /usr/local/lib/openmpi/mca_schizo_flux.so
7f0d79677000-7f0d79877000 ---p 00001000 fc:01 526330                     /usr/local/lib/openmpi/mca_schizo_flux.so
7f0d79877000-7f0d79878000 r--p 00001000 fc:01 526330                     /usr/local/lib/openmpi/mca_schizo_flux.so
7f0d79878000-7f0d79879000 rw-p 00002000 fc:01 526330                     /usr/local/lib/openmpi/mca_schizo_flux.so
7f0d79879000-7f0d7987b000 r-xp 00000000 fc:01 526234                     /usr/local/lib/openmpi/mca_reachable_weighted.so
7f0d7987b000-7f0d79a7a000 ---p 00002000 fc:01 526234                     /usr/local/lib/openmpi/mca_reachable_weighted.so
7f0d79a7a000-7f0d79a7b000 r--p 00001000 fc:01 526234                     /usr/local/lib/openmpi/mca_reachable_weighted.so
7f0d79a7b000-7f0d79a7c000 rw-p 00002000 fc:01 526234                     /usr/local/lib/openmpi/mca_reachable_weighted.so
7f0d79a7c000-7f0d79a7f000 r-xp 00000000 fc:01 526236                     /usr/local/lib/openmpi/mca_shmem_mmap.so
7f0d79a7f000-7f0d79c7e000 ---p 00003000 fc:01 526236                     /usr/local/lib/openmpi/mca_shmem_mmap.so
7f0d79c7e000-7f0d79c7f000 r--p 00002000 fc:01 526236                     /usr/local/lib/openmpi/mca_shmem_mmap.so
7f0d79c7f000-7f0d79c80000 rw-p 00003000 fc:01 526236                     /usr/local/lib/openmpi/mca_shmem_mmap.so
7f0d79c80000-7f0d79c82000 r-xp 00000000 fc:01 2182                       /lib/x86_64-linux-gnu/libutil-2.27.so
7f0d79c82000-7f0d79e81000 ---p 00002000 fc:01 2182                       /lib/x86_64-linux-gnu/libutil-2.27.so
7f0d79e81000-7f0d79e82000 r--p 00001000 fc:01 2182                       /lib/x86_64-linux-gnu/libutil-2.27.so
7f0d79e82000-7f0d79e83000 rw-p 00002000 fc:01 2182                       /lib/x86_64-linux-gnu/libutil-2.27.so
7f0d79e83000-7f0d79f36000 r-xp 00000000 fc:01 7159                       /usr/local/lib/libopen-rte.so.40.20.1
7f0d79f36000-7f0d7a135000 ---p 000b3000 fc:01 7159                       /usr/local/lib/libopen-rte.so.40.20.1
7f0d7a135000-7f0d7a137000 r--p 000b2000 fc:01 7159                       /usr/local/lib/libopen-rte.so.40.20.1
7f0d7a137000-7f0d7a13b000 rw-p 000b4000 fc:01 7159                       /usr/local/lib/libopen-rte.so.40.20.1
7f0d7a13b000-7f0d7a13e000 rw-p 00000000 00:00 0 
7f0d7a13e000-7f0d7a245000 r-xp 00000000 fc:01 4656                       /usr/local/lib/libopen-pal.so.40.20.1
7f0d7a245000-7f0d7a445000 ---p 00107000 fc:01 4656                       /usr/local/lib/libopen-pal.so.40.20.1
7f0d7a445000-7f0d7a448000 r--p 00107000 fc:01 4656                       /usr/local/lib/libopen-pal.so.40.20.1
7f0d7a448000-7f0d7a44e000 rw-p 0010a000 fc:01 4656                       /usr/local/lib/libopen-pal.so.40.20.1
7f0d7a44e000-7f0d7a455000 rw-p 00000000 00:00 0 
7f0d7a455000-7f0d7a562000 r-xp 00000000 fc:01 7362                       /usr/local/lib/libmpi.so.40.20.1
7f0d7a562000-7f0d7a761000 ---p 0010d000 fc:01 7362                       /usr/local/lib/libmpi.so.40.20.1
7f0d7a761000-7f0d7a763000 r--p 0010c000 fc:01 7362                       /usr/local/lib/libmpi.so.40.20.1
7f0d7a763000-7f0d7a774000 rw-p 0010e000 fc:01 7362                       /usr/local/lib/libmpi.so.40.20.1
7f0d7a774000-7f0d7a786000 rw-p 00000000 00:00 0 
7f0d7a78e000-7f0d7a78f000 r--s 00000000 fc:01 526900                     /tmp/ompi.openmpi-slave1.1000/jf.8274/pmix_dstor_ds12_15448/initial-pmix_shared-segment-0
7f0d7a78f000-7f0d7a790000 rw-s 00000000 fc:01 526901                     /tmp/ompi.openmpi-slave1.1000/jf.8274/pmix_dstor_ds12_15448/dstore_sm.lock
7f0d7a790000-7f0d7a7b8000 r-xp 00000000 fc:01 29870                      /usr/local/lib/libmpi_java.so.40.20.0
7f0d7a7b8000-7f0d7a9b7000 ---p 00028000 fc:01 29870                      /usr/local/lib/libmpi_java.so.40.20.0
7f0d7a9b7000-7f0d7a9b8000 r--p 00027000 fc:01 29870                      /usr/local/lib/libmpi_java.so.40.20.0
7f0d7a9b8000-7f0d7a9b9000 rw-p 00028000 fc:01 29870                      /usr/local/lib/libmpi_java.so.40.20.0
7f0d7a9b9000-7f0d7a9ba000 r--s 0000f000 00:34 527712                     /home/mpiuser/cloud/fyp/java_client/lib/mpi.jar
7f0d7a9ba000-7f0d7a9bd000 r--s 0000e000 00:34 527707                     /home/mpiuser/cloud/fyp/java_client/lib/jackson-annotations-2.10.3.jar
7f0d7a9bd000-7f0d7a9da000 r--s 00142000 00:34 527719                     /home/mpiuser/cloud/fyp/java_client/lib/spring-web-5.2.5.RELEASE.jar
7f0d7a9da000-7f0d7a9e7000 r--s 00090000 00:34 527704                     /home/mpiuser/cloud/fyp/java_client/lib/amqp-client-5.8.0.jar
7f0d7a9e7000-7f0d7a9fc000 r--s 00142000 00:34 527710                     /home/mpiuser/cloud/fyp/java_client/lib/jackson-databind-2.10.2.jar
7f0d7a9fc000-7f0d7aa11000 r--s 00142000 00:34 527711                     /home/mpiuser/cloud/fyp/java_client/lib/jackson-databind-2.10.3.jar
7f0d7aa11000-7f0d7aa28000 r-xp 00000000 fc:01 2079070                    /usr/lib/jvm/java-8-openjdk-amd64/jre/lib/amd64/libnet.so
7f0d7aa28000-7f0d7ac27000 ---p 00017000 fc:01 2079070                    /usr/lib/jvm/java-8-openjdk-amd64/jre/lib/amd64/libnet.so
7f0d7ac27000-7f0d7ac28000 r--p 00016000 fc:01 2079070                    /usr/lib/jvm/java-8-openjdk-amd64/jre/lib/amd64/libnet.so
7f0d7ac28000-7f0d7ac29000 rw-p 00017000 fc:01 2079070                    /usr/lib/jvm/java-8-openjdk-amd64/jre/lib/amd64/libnet.so
7f0d7ac29000-7f0d7ac3a000 r-xp 00000000 fc:01 2079071                    /usr/lib/jvm/java-8-openjdk-amd64/jre/lib/amd64/libnio.so
7f0d7ac3a000-7f0d7ae3a000 ---p 00011000 fc:01 2079071                    /usr/lib/jvm/java-8-openjdk-amd64/jre/lib/amd64/libnio.so
7f0d7ae3a000-7f0d7ae3b000 r--p 00011000 fc:01 2079071                    /usr/lib/jvm/java-8-openjdk-amd64/jre/lib/amd64/libnio.so
7f0d7ae3b000-7f0d7ae3c000 rw-p 00012000 fc:01 2079071                    /usr/lib/jvm/java-8-openjdk-amd64/jre/lib/amd64/libnio.so
7f0d7ae3c000-7f0d7ae57000 r--s 001d6000 fc:01 2079097                    /usr/lib/jvm/java-8-openjdk-amd64/jre/lib/ext/nashorn.jar
7f0d7ae57000-7f0d7ae72000 r--s 00394000 fc:01 2079092                    /usr/lib/jvm/java-8-openjdk-amd64/jre/lib/ext/cldrdata.jar
7f0d7ae72000-7f0d7ae73000 ---p 00000000 00:00 0 
7f0d7ae73000-7f0d7af73000 rw-p 00000000 00:00 0 
7f0d7af73000-7f0d7af76000 ---p 00000000 00:00 0 
7f0d7af76000-7f0d7b074000 rw-p 00000000 00:00 0 
7f0d7b074000-7f0d7b075000 ---p 00000000 00:00 0 
7f0d7b075000-7f0d7b078000 ---p 00000000 00:00 0 
7f0d7b078000-7f0d7b175000 rw-p 00000000 00:00 0 
7f0d7b175000-7f0d7b176000 ---p 00000000 00:00 0 
7f0d7b176000-7f0d7b179000 ---p 00000000 00:00 0 
7f0d7b179000-7f0d7b276000 rw-p 00000000 00:00 0 
7f0d7b276000-7f0d7b279000 ---p 00000000 00:00 0 
7f0d7b279000-7f0d7b377000 rw-p 00000000 00:00 0 
7f0d7b377000-7f0d7b3a8000 r--p 00000000 fc:01 7802                       /usr/lib/locale/C.UTF-8/LC_CTYPE
7f0d7b3a8000-7f0d7b51b000 r--p 00000000 fc:01 7801                       /usr/lib/locale/C.UTF-8/LC_COLLATE
7f0d7b51b000-7f0d7b6b6000 r--p 00000000 fc:01 7796                       /usr/lib/locale/locale-archive
7f0d7b6b6000-7f0d7b6b9000 ---p 00000000 00:00 0 
7f0d7b6b9000-7f0d7b7b7000 rw-p 00000000 00:00 0 
7f0d7b7b7000-7f0d7b7ba000 ---p 00000000 00:00 0 
7f0d7b7ba000-7f0d7b8b8000 rw-p 00000000 00:00 0 
7f0d7b8b8000-7f0d7b8b9000 ---p 00000000 00:00 0 
7f0d7b8b9000-7f0d7b9b9000 rw-p 00000000 00:00 0 
7f0d7b9b9000-7f0d7bb89000 r--s 03c68000 fc:01 2079121                    /usr/lib/jvm/java-8-openjdk-amd64/jre/lib/rt.jar
7f0d7bb89000-7f0d7c07f000 rw-p 00000000 00:00 0 
7f0d7c07f000-7f0d7c3ff000 ---p 00000000 00:00 0 
7f0d7c3ff000-7f0d7c409000 rw-p 00000000 00:00 0 
7f0d7c409000-7f0d7c7bf000 ---p 00000000 00:00 0 
7f0d7c7bf000-7f0d7ca2f000 rwxp 00000000 00:00 0 
7f0d7ca2f000-7f0d8b7bf000 ---p 00000000 00:00 0 
7f0d8b7bf000-7f0d8b7c7000 r-xp 00000000 fc:01 2079078                    /usr/lib/jvm/java-8-openjdk-amd64/jre/lib/amd64/libzip.so
7f0d8b7c7000-7f0d8b9c6000 ---p 00008000 fc:01 2079078                    /usr/lib/jvm/java-8-openjdk-amd64/jre/lib/amd64/libzip.so
7f0d8b9c6000-7f0d8b9c7000 r--p 00007000 fc:01 2079078                    /usr/lib/jvm/java-8-openjdk-amd64/jre/lib/amd64/libzip.so
7f0d8b9c7000-7f0d8b9c8000 rw-p 00008000 fc:01 2079078                    /usr/lib/jvm/java-8-openjdk-amd64/jre/lib/amd64/libzip.so
7f0d8b9c8000-7f0d8b9d3000 r-xp 00000000 fc:01 2093                       /lib/x86_64-linux-gnu/libnss_files-2.27.so
7f0d8b9d3000-7f0d8bbd2000 ---p 0000b000 fc:01 2093                       /lib/x86_64-linux-gnu/libnss_files-2.27.so
7f0d8bbd2000-7f0d8bbd3000 r--p 0000a000 fc:01 2093                       /lib/x86_64-linux-gnu/libnss_files-2.27.so
7f0d8bbd3000-7f0d8bbd4000 rw-p 0000b000 fc:01 2093                       /lib/x86_64-linux-gnu/libnss_files-2.27.so
7f0d8bbd4000-7f0d8bbda000 rw-p 00000000 00:00 0 
7f0d8bbda000-7f0d8bbf1000 r-xp 00000000 fc:01 2090                       /lib/x86_64-linux-gnu/libnsl-2.27.so
7f0d8bbf1000-7f0d8bdf0000 ---p 00017000 fc:01 2090                       /lib/x86_64-linux-gnu/libnsl-2.27.so
7f0d8bdf0000-7f0d8bdf1000 r--p 00016000 fc:01 2090                       /lib/x86_64-linux-gnu/libnsl-2.27.so
7f0d8bdf1000-7f0d8bdf2000 rw-p 00017000 fc:01 2090                       /lib/x86_64-linux-gnu/libnsl-2.27.so
7f0d8bdf2000-7f0d8bdf4000 rw-p 00000000 00:00 0 
7f0d8bdf4000-7f0d8bdff000 r-xp 00000000 fc:01 2095                       /lib/x86_64-linux-gnu/libnss_nis-2.27.so
7f0d8bdff000-7f0d8bffe000 ---p 0000b000 fc:01 2095                       /lib/x86_64-linux-gnu/libnss_nis-2.27.so
7f0d8bffe000-7f0d8bfff000 r--p 0000a000 fc:01 2095                       /lib/x86_64-linux-gnu/libnss_nis-2.27.so
7f0d8bfff000-7f0d8c000000 rw-p 0000b000 fc:01 2095                       /lib/x86_64-linux-gnu/libnss_nis-2.27.so
7f0d8c000000-7f0d8c267000 rw-p 00000000 00:00 0 
7f0d8c267000-7f0d90000000 ---p 00000000 00:00 0 
7f0d90000000-7f0d90001000 r--s 00003000 00:34 527715                     /home/mpiuser/cloud/fyp/java_client/lib/slf4j-simple-1.7.30.jar
7f0d90001000-7f0d90002000 r--s 00005000 00:34 527718                     /home/mpiuser/cloud/fyp/java_client/lib/spring-jcl-5.2.5.RELEASE.jar
7f0d90002000-7f0d90006000 r--s 0003a000 fc:01 2079100                    /usr/lib/jvm/java-8-openjdk-amd64/jre/lib/ext/sunpkcs11.jar
7f0d90006000-7f0d9000b000 r--s 0003d000 fc:01 2079099                    /usr/lib/jvm/java-8-openjdk-amd64/jre/lib/ext/sunjce_provider.jar
7f0d9000b000-7f0d9000c000 r--s 00010000 fc:01 2079101                    /usr/lib/jvm/java-8-openjdk-amd64/jre/lib/ext/zipfs.jar
7f0d9000c000-7f0d9000d000 r--s 0000a000 fc:01 2079095                    /usr/lib/jvm/java-8-openjdk-amd64/jre/lib/ext/jaccess.jar
7f0d9000d000-7f0d9000f000 r--s 00007000 fc:01 29704                      /usr/share/java/java-atk-wrapper.jar
7f0d9000f000-7f0d900e0000 rw-p 00000000 00:00 0 
7f0d900e0000-7f0d900e8000 r-xp 00000000 fc:01 2091                       /lib/x86_64-linux-gnu/libnss_compat-2.27.so
7f0d900e8000-7f0d902e8000 ---p 00008000 fc:01 2091                       /lib/x86_64-linux-gnu/libnss_compat-2.27.so
7f0d902e8000-7f0d902e9000 r--p 00008000 fc:01 2091                       /lib/x86_64-linux-gnu/libnss_compat-2.27.so
7f0d902e9000-7f0d902ea000 rw-p 00009000 fc:01 2091                       /lib/x86_64-linux-gnu/libnss_compat-2.27.so
7f0d902ea000-7f0d90314000 r-xp 00000000 fc:01 2079059                    /usr/lib/jvm/java-8-openjdk-amd64/jre/lib/amd64/libjava.so
7f0d90314000-7f0d90513000 ---p 0002a000 fc:01 2079059                    /usr/lib/jvm/java-8-openjdk-amd64/jre/lib/amd64/libjava.so
7f0d90513000-7f0d90514000 r--p 00029000 fc:01 2079059                    /usr/lib/jvm/java-8-openjdk-amd64/jre/lib/amd64/libjava.so
7f0d90514000-7f0d90516000 rw-p 0002a000 fc:01 2079059                    /usr/lib/jvm/java-8-openjdk-amd64/jre/lib/amd64/libjava.so
7f0d90516000-7f0d90526000 r-xp 00000000 fc:01 2079077                    /usr/lib/jvm/java-8-openjdk-amd64/jre/lib/amd64/libverify.so
7f0d90526000-7f0d90725000 ---p 00010000 fc:01 2079077                    /usr/lib/jvm/java-8-openjdk-amd64/jre/lib/amd64/libverify.so
7f0d90725000-7f0d90727000 r--p 0000f000 fc:01 2079077                    /usr/lib/jvm/java-8-openjdk-amd64/jre/lib/amd64/libverify.so
7f0d90727000-7f0d90728000 rw-p 00011000 fc:01 2079077                    /usr/lib/jvm/java-8-openjdk-amd64/jre/lib/amd64/libverify.so
7f0d90728000-7f0d9072f000 r-xp 00000000 fc:01 2180                       /lib/x86_64-linux-gnu/librt-2.27.so
7f0d9072f000-7f0d9092e000 ---p 00007000 fc:01 2180                       /lib/x86_64-linux-gnu/librt-2.27.so
7f0d9092e000-7f0d9092f000 r--p 00006000 fc:01 2180                       /lib/x86_64-linux-gnu/librt-2.27.so
7f0d9092f000-7f0d90930000 rw-p 00007000 fc:01 2180                       /lib/x86_64-linux-gnu/librt-2.27.so
7f0d90930000-7f0d90947000 r-xp 00000000 fc:01 19131                      /lib/x86_64-linux-gnu/libgcc_s.so.1
7f0d90947000-7f0d90b46000 ---p 00017000 fc:01 19131                      /lib/x86_64-linux-gnu/libgcc_s.so.1
7f0d90b46000-7f0d90b47000 r--p 00016000 fc:01 19131                      /lib/x86_64-linux-gnu/libgcc_s.so.1
7f0d90b47000-7f0d90b48000 rw-p 00017000 fc:01 19131                      /lib/x86_64-linux-gnu/libgcc_s.so.1
7f0d90b48000-7f0d90ce5000 r-xp 00000000 fc:01 2087                       /lib/x86_64-linux-gnu/libm-2.27.so
7f0d90ce5000-7f0d90ee4000 ---p 0019d000 fc:01 2087                       /lib/x86_64-linux-gnu/libm-2.27.so
7f0d90ee4000-7f0d90ee5000 r--p 0019c000 fc:01 2087                       /lib/x86_64-linux-gnu/libm-2.27.so
7f0d90ee5000-7f0d90ee6000 rw-p 0019d000 fc:01 2087                       /lib/x86_64-linux-gnu/libm-2.27.so
7f0d90ee6000-7f0d9105f000 r-xp 00000000 fc:01 7835                       /usr/lib/x86_64-linux-gnu/libstdc++.so.6.0.25
7f0d9105f000-7f0d9125f000 ---p 00179000 fc:01 7835                       /usr/lib/x86_64-linux-gnu/libstdc++.so.6.0.25
7f0d9125f000-7f0d91269000 r--p 00179000 fc:01 7835                       /usr/lib/x86_64-linux-gnu/libstdc++.so.6.0.25
7f0d91269000-7f0d9126b000 rw-p 00183000 fc:01 7835                       /usr/lib/x86_64-linux-gnu/libstdc++.so.6.0.25
7f0d9126b000-7f0d9126f000 rw-p 00000000 00:00 0 
7f0d9126f000-7f0d91f12000 r-xp 00000000 fc:01 2079081                    /usr/lib/jvm/java-8-openjdk-amd64/jre/lib/amd64/server/libjvm.so
7f0d91f12000-7f0d92112000 ---p 00ca3000 fc:01 2079081                    /usr/lib/jvm/java-8-openjdk-amd64/jre/lib/amd64/server/libjvm.so
7f0d92112000-7f0d921a6000 r--p 00ca3000 fc:01 2079081                    /usr/lib/jvm/java-8-openjdk-amd64/jre/lib/amd64/server/libjvm.so
7f0d921a6000-7f0d921cf000 rw-p 00d37000 fc:01 2079081                    /usr/lib/jvm/java-8-openjdk-amd64/jre/lib/amd64/server/libjvm.so
7f0d921cf000-7f0d921ff000 rw-p 00000000 00:00 0 
7f0d921ff000-7f0d92219000 r-xp 00000000 fc:01 2178                       /lib/x86_64-linux-gnu/libpthread-2.27.so
7f0d92219000-7f0d92418000 ---p 0001a000 fc:01 2178                       /lib/x86_64-linux-gnu/libpthread-2.27.so
7f0d92418000-7f0d92419000 r--p 00019000 fc:01 2178                       /lib/x86_64-linux-gnu/libpthread-2.27.so
7f0d92419000-7f0d9241a000 rw-p 0001a000 fc:01 2178                       /lib/x86_64-linux-gnu/libpthread-2.27.so
7f0d9241a000-7f0d9241e000 rw-p 00000000 00:00 0 
7f0d9241e000-7f0d92421000 r-xp 00000000 fc:01 2086                       /lib/x86_64-linux-gnu/libdl-2.27.so
7f0d92421000-7f0d92620000 ---p 00003000 fc:01 2086                       /lib/x86_64-linux-gnu/libdl-2.27.so
7f0d92620000-7f0d92621000 r--p 00002000 fc:01 2086                       /lib/x86_64-linux-gnu/libdl-2.27.so
7f0d92621000-7f0d92622000 rw-p 00003000 fc:01 2086                       /lib/x86_64-linux-gnu/libdl-2.27.so
7f0d92622000-7f0d9263e000 r-xp 00000000 fc:01 2183                       /lib/x86_64-linux-gnu/libz.so.1.2.11
7f0d9263e000-7f0d9283d000 ---p 0001c000 fc:01 2183                       /lib/x86_64-linux-gnu/libz.so.1.2.11
7f0d9283d000-7f0d9283e000 r--p 0001b000 fc:01 2183                       /lib/x86_64-linux-gnu/libz.so.1.2.11
7f0d9283e000-7f0d9283f000 rw-p 0001c000 fc:01 2183                       /lib/x86_64-linux-gnu/libz.so.1.2.11
7f0d9283f000-7f0d92a26000 r-xp 00000000 fc:01 2083                       /lib/x86_64-linux-gnu/libc-2.27.so
7f0d92a26000-7f0d92c26000 ---p 001e7000 fc:01 2083                       /lib/x86_64-linux-gnu/libc-2.27.so
7f0d92c26000-7f0d92c2a000 r--p 001e7000 fc:01 2083                       /lib/x86_64-linux-gnu/libc-2.27.so
7f0d92c2a000-7f0d92c2c000 rw-p 001eb000 fc:01 2083                       /lib/x86_64-linux-gnu/libc-2.27.so
7f0d92c2c000-7f0d92c30000 rw-p 00000000 00:00 0 
7f0d92c30000-7f0d92c3e000 r-xp 00000000 fc:01 2079045                    /usr/lib/jvm/java-8-openjdk-amd64/jre/lib/amd64/jli/libjli.so
7f0d92c3e000-7f0d92e3d000 ---p 0000e000 fc:01 2079045                    /usr/lib/jvm/java-8-openjdk-amd64/jre/lib/amd64/jli/libjli.so
7f0d92e3d000-7f0d92e3e000 r--p 0000d000 fc:01 2079045                    /usr/lib/jvm/java-8-openjdk-amd64/jre/lib/amd64/jli/libjli.so
7f0d92e3e000-7f0d92e3f000 rw-p 0000e000 fc:01 2079045                    /usr/lib/jvm/java-8-openjdk-amd64/jre/lib/amd64/jli/libjli.so
7f0d92e3f000-7f0d92e66000 r-xp 00000000 fc:01 2079                       /lib/x86_64-linux-gnu/ld-2.27.so
7f0d92e66000-7f0d92e67000 r--s 0000d000 fc:01 2079098                    /usr/lib/jvm/java-8-openjdk-amd64/jre/lib/ext/sunec.jar
7f0d92e67000-7f0d92e69000 r--s 00001000 fc:01 2079093                    /usr/lib/jvm/java-8-openjdk-amd64/jre/lib/ext/dnsns.jar
7f0d92e69000-7f0d92e6c000 r--s 0000f000 fc:01 2079094                    /usr/lib/jvm/java-8-openjdk-amd64/jre/lib/ext/icedtea-sound.jar
7f0d92e6c000-7f0d92e76000 r--s 00116000 fc:01 2079096                    /usr/lib/jvm/java-8-openjdk-amd64/jre/lib/ext/localedata.jar
7f0d92e76000-7f0d92e77000 r--p 00000000 fc:01 7807                       /usr/lib/locale/C.UTF-8/LC_NUMERIC
7f0d92e77000-7f0d92e78000 r--p 00000000 fc:01 7810                       /usr/lib/locale/C.UTF-8/LC_TIME
7f0d92e78000-7f0d92e79000 r--p 00000000 fc:01 7805                       /usr/lib/locale/C.UTF-8/LC_MONETARY
7f0d92e79000-7f0d92e7a000 r--p 00000000 fc:01 7799                       /usr/lib/locale/C.UTF-8/LC_MESSAGES/SYS_LC_MESSAGES
7f0d92e7a000-7f0d92e7b000 r--p 00000000 fc:01 7808                       /usr/lib/locale/C.UTF-8/LC_PAPER
7f0d92e7b000-7f0d92e7c000 r--p 00000000 fc:01 7806                       /usr/lib/locale/C.UTF-8/LC_NAME
7f0d92e7c000-7f0d92e7d000 r--p 00000000 fc:01 7800                       /usr/lib/locale/C.UTF-8/LC_ADDRESS
7f0d92e7d000-7f0d92e7e000 r--p 00000000 fc:01 7809                       /usr/lib/locale/C.UTF-8/LC_TELEPHONE
7f0d92e7e000-7f0d92e7f000 r--p 00000000 fc:01 7804                       /usr/lib/locale/C.UTF-8/LC_MEASUREMENT
7f0d92e7f000-7f0d92e86000 r--s 00000000 fc:01 5010                       /usr/lib/x86_64-linux-gnu/gconv/gconv-modules.cache
7f0d92e86000-7f0d92e87000 r--p 00000000 fc:01 7803                       /usr/lib/locale/C.UTF-8/LC_IDENTIFICATION
7f0d92e87000-7f0d92e8d000 rw-p 00000000 00:00 0 
7f0d92e8d000-7f0d92eda000 ---p 00000000 00:00 0 
7f0d92eda000-7f0d92edd000 rw-p 00000000 00:00 0 
7f0d92edd000-7f0d92f03000 ---p 00000000 00:00 0 
7f0d92f03000-7f0d92f09000 rw-p 00000000 00:00 0 
7f0d92f09000-7f0d92f56000 ---p 00000000 00:00 0 
7f0d92f56000-7f0d92f57000 rw-p 00000000 00:00 0 
7f0d92f57000-7f0d92f58000 ---p 00000000 00:00 0 
7f0d92f58000-7f0d92f5b000 ---p 00000000 00:00 0 
7f0d92f5b000-7f0d9305a000 rw-p 00000000 00:00 0 
7f0d9305a000-7f0d93062000 rw-s 00000000 fc:01 526924                     /tmp/hsperfdata_mpiuser/15521
7f0d93062000-7f0d93063000 rw-p 00000000 00:00 0 
7f0d93063000-7f0d93064000 r--p 00000000 00:00 0 
7f0d93064000-7f0d93066000 rw-p 00000000 00:00 0 
7f0d93066000-7f0d93067000 r--p 00027000 fc:01 2079                       /lib/x86_64-linux-gnu/ld-2.27.so
7f0d93067000-7f0d93068000 rw-p 00028000 fc:01 2079                       /lib/x86_64-linux-gnu/ld-2.27.so
7f0d93068000-7f0d93069000 rw-p 00000000 00:00 0 
7fff9f3a7000-7fff9f3c8000 rw-p 00000000 00:00 0                          [stack]
7fff9f3ce000-7fff9f3d1000 r--p 00000000 00:00 0                          [vvar]
7fff9f3d1000-7fff9f3d3000 r-xp 00000000 00:00 0                          [vdso]
ffffffffff600000-ffffffffff601000 r-xp 00000000 00:00 0                  [vsyscall]

VM Arguments:
jvm_args: -Djava.library.path=/usr/local/lib 
java_command: Client 1000000 100 0
java_class_path (initial): /home/mpiuser/cloud/fyp/java_client:./lib/spring-jcl-5.2.5.RELEASE.jar:./lib/jackson-databind-2.10.3.jar:./lib/jackson-databind-2.10.2.jar:./lib/slf4j-simple-1.7.30.jar:./lib/amqp-client-5.8.0.jar:./lib/spring-web-5.2.5.RELEASE.jar:./lib/jackson-annotations-2.10.3.jar:./lib/mpi.jar:./lib/spring-beans-5.2.5.RELEASE.jar:./lib/jackson-annotations-2.10.2.jar:./lib/jackson-core-2.10.2.jar:./lib/jackson-core-2.10.3.jar:./lib/slf4j-api-1.7.29.jar:./lib/spring-core-5.2.5.RELEASE.jar:./lib/slf4j-api-1.7.30.jar:./lib/http-client-3.6.1.RELEASE.jar:/usr/local/lib/mpi.jar
Launcher Type: SUN_STANDARD

Environment Variables:
PATH=/usr/local/sbin:/usr/local/bin:/usr/sbin:/usr/bin:/sbin:/bin:/usr/games:/usr/local/games
SHELL=/bin/bash

Signal Handlers:
SIGSEGV: [libjvm.so+0xabc3b0], sa_mask[0]=11111111011111111101111111111110, sa_flags=SA_RESTART|SA_SIGINFO
SIGBUS: [libjvm.so+0xabc3b0], sa_mask[0]=11111111011111111101111111111110, sa_flags=SA_RESTART|SA_SIGINFO
SIGFPE: [libjvm.so+0x8f0bb0], sa_mask[0]=11111111011111111101111111111110, sa_flags=SA_RESTART|SA_SIGINFO
SIGPIPE: [libjvm.so+0x8f0bb0], sa_mask[0]=11111111011111111101111111111110, sa_flags=SA_RESTART|SA_SIGINFO
SIGXFSZ: [libjvm.so+0x8f0bb0], sa_mask[0]=11111111011111111101111111111110, sa_flags=SA_RESTART|SA_SIGINFO
SIGILL: [libjvm.so+0x8f0bb0], sa_mask[0]=11111111011111111101111111111110, sa_flags=SA_RESTART|SA_SIGINFO
SIGUSR1: SIG_DFL, sa_mask[0]=00000000000000000000000000000000, sa_flags=none
SIGUSR2: [libjvm.so+0x8f0a60], sa_mask[0]=00000000000000000000000000000000, sa_flags=SA_RESTART|SA_SIGINFO
SIGHUP: [libjvm.so+0x8f10d0], sa_mask[0]=11111111011111111101111111111110, sa_flags=SA_RESTART|SA_SIGINFO
SIGINT: [libjvm.so+0x8f10d0], sa_mask[0]=11111111011111111101111111111110, sa_flags=SA_RESTART|SA_SIGINFO
SIGTERM: [libjvm.so+0x8f10d0], sa_mask[0]=11111111011111111101111111111110, sa_flags=SA_RESTART|SA_SIGINFO
SIGQUIT: [libjvm.so+0x8f10d0], sa_mask[0]=11111111011111111101111111111110, sa_flags=SA_RESTART|SA_SIGINFO


---------------  S Y S T E M  ---------------

OS:DISTRIB_ID=Ubuntu
DISTRIB_RELEASE=18.04
DISTRIB_CODENAME=bionic
DISTRIB_DESCRIPTION="Ubuntu 18.04.3 LTS"

uname:Linux 4.15.0-66-generic #75-Ubuntu SMP Tue Oct 1 05:24:09 UTC 2019 x86_64
libc:glibc 2.27 NPTL 2.27 
rlimit: STACK 8192k, CORE 0k, NPROC 3841, NOFILE 1048576, AS infinity
load average:96.10 24.16 8.09

/proc/meminfo:
MemTotal:        1008808 kB
MemFree:           73448 kB
MemAvailable:      50112 kB
Buffers:            4132 kB
Cached:            54408 kB
SwapCached:            0 kB
Active:           747352 kB
Inactive:          23292 kB
Active(anon):     712592 kB
Inactive(anon):      184 kB
Active(file):      34760 kB
Inactive(file):    23108 kB
Unevictable:           0 kB
Mlocked:               0 kB
SwapTotal:             0 kB
SwapFree:              0 kB
Dirty:              4404 kB
Writeback:            68 kB
AnonPages:        712120 kB
Mapped:            34084 kB
Shmem:               660 kB
Slab:              93088 kB
SReclaimable:      38132 kB
SUnreclaim:        54956 kB
KernelStack:       12560 kB
PageTables:        23212 kB
NFS_Unstable:          0 kB
Bounce:                0 kB
WritebackTmp:          0 kB
CommitLimit:      504404 kB
Committed_AS:    5371636 kB
VmallocTotal:   34359738367 kB
VmallocUsed:           0 kB
VmallocChunk:          0 kB
HardwareCorrupted:     0 kB
AnonHugePages:         0 kB
ShmemHugePages:        0 kB
ShmemPmdMapped:        0 kB
CmaTotal:              0 kB
CmaFree:               0 kB
HugePages_Total:       0
HugePages_Free:        0
HugePages_Rsvd:        0
HugePages_Surp:        0
Hugepagesize:       2048 kB
DirectMap4k:      292844 kB
DirectMap2M:      755712 kB
DirectMap1G:           0 kB

container (cgroup) information:
container_type: cgroupv1
cpu_cpuset_cpus: 0-2
cpu_memory_nodes: 0
active_processor_count: 3
cpu_quota: -1
cpu_period: 100000
cpu_shares: -1
memory_limit_in_bytes: -1
memory_and_swap_limit_in_bytes: -2
memory_soft_limit_in_bytes: -1
memory_usage_in_bytes: 796168192
memory_max_usage_in_bytes: 863526912


CPU:total 3 (initial active 3) (1 cores per cpu, 1 threads per core) family 6 model 85 stepping 4, cmov, cx8, fxsr, mmx, sse, sse2, sse3, ssse3, sse4.1, sse4.2, popcnt, avx, avx2, aes, clmul, erms, 3dnowpref, lzcnt, tsc, bmi1, bmi2, adx

/proc/cpuinfo:
processor	: 0
vendor_id	: GenuineIntel
cpu family	: 6
model		: 85
model name	: Intel(R) Xeon(R) Gold 6140 CPU @ 2.30GHz
stepping	: 4
microcode	: 0x1
cpu MHz		: 2294.608
cache size	: 4096 KB
physical id	: 0
siblings	: 1
core id		: 0
cpu cores	: 1
apicid		: 0
initial apicid	: 0
fpu		: yes
fpu_exception	: yes
cpuid level	: 13
wp		: yes
flags		: fpu vme de pse tsc msr pae mce cx8 apic sep mtrr pge mca cmov pat pse36 clflush mmx fxsr sse sse2 ss syscall nx pdpe1gb rdtscp lm constant_tsc arch_perfmon rep_good nopl cpuid tsc_known_freq pni pclmulqdq vmx ssse3 fma cx16 pcid sse4_1 sse4_2 x2apic movbe popcnt tsc_deadline_timer aes xsave avx f16c rdrand hypervisor lahf_lm abm 3dnowprefetch cpuid_fault invpcid_single pti ssbd ibrs ibpb tpr_shadow vnmi flexpriority ept vpid fsgsbase tsc_adjust bmi1 avx2 smep bmi2 erms invpcid mpx avx512f avx512dq rdseed adx smap clflushopt clwb avx512cd avx512bw avx512vl xsaveopt xsavec xgetbv1 pku ospke md_clear
bugs		: cpu_meltdown spectre_v1 spectre_v2 spec_store_bypass l1tf mds swapgs
bogomips	: 4589.21
clflush size	: 64
cache_alignment	: 64
address sizes	: 40 bits physical, 48 bits virtual
power management:

processor	: 1
vendor_id	: GenuineIntel
cpu family	: 6
model		: 85
model name	: Intel(R) Xeon(R) Gold 6140 CPU @ 2.30GHz
stepping	: 4
microcode	: 0x1
cpu MHz		: 2294.608
cache size	: 4096 KB
physical id	: 1
siblings	: 1
core id		: 0
cpu cores	: 1
apicid		: 1
initial apicid	: 1
fpu		: yes
fpu_exception	: yes
cpuid level	: 13
wp		: yes
flags		: fpu vme de pse tsc msr pae mce cx8 apic sep mtrr pge mca cmov pat pse36 clflush mmx fxsr sse sse2 ss syscall nx pdpe1gb rdtscp lm constant_tsc arch_perfmon rep_good nopl cpuid tsc_known_freq pni pclmulqdq vmx ssse3 fma cx16 pcid sse4_1 sse4_2 x2apic movbe popcnt tsc_deadline_timer aes xsave avx f16c rdrand hypervisor lahf_lm abm 3dnowprefetch cpuid_fault invpcid_single pti ssbd ibrs ibpb tpr_shadow vnmi flexpriority ept vpid fsgsbase tsc_adjust bmi1 avx2 smep bmi2 erms invpcid mpx avx512f avx512dq rdseed adx smap clflushopt clwb avx512cd avx512bw avx512vl xsaveopt xsavec xgetbv1 pku ospke md_clear
bugs		: cpu_meltdown spectre_v1 spectre_v2 spec_store_bypass l1tf mds swapgs
bogomips	: 4589.21
clflush size	: 64
cache_alignment	: 64
address sizes	: 40 bits physical, 48 bits virtual
power management:

processor	: 2
vendor_id	: GenuineIntel
cpu family	: 6
model		: 85
model name	: Intel(R) Xeon(R) Gold 6140 CPU @ 2.30GHz
stepping	: 4
microcode	: 0x1
cpu MHz		: 2294.608
cache size	: 4096 KB
physical id	: 2
siblings	: 1
core id		: 0
cpu cores	: 1
apicid		: 2
initial apicid	: 2
fpu		: yes
fpu_exception	: yes
cpuid level	: 13
wp		: yes
flags		: fpu vme de pse tsc msr pae mce cx8 apic sep mtrr pge mca cmov pat pse36 clflush mmx fxsr sse sse2 ss syscall nx pdpe1gb rdtscp lm constant_tsc arch_perfmon rep_good nopl cpuid tsc_known_freq pni pclmulqdq vmx ssse3 fma cx16 pcid sse4_1 sse4_2 x2apic movbe popcnt tsc_deadline_timer aes xsave avx f16c rdrand hypervisor lahf_lm abm 3dnowprefetch cpuid_fault invpcid_single pti ssbd ibrs ibpb tpr_shadow vnmi flexpriority ept vpid fsgsbase tsc_adjust bmi1 avx2 smep bmi2 erms invpcid mpx avx512f avx512dq rdseed adx smap clflushopt clwb avx512cd avx512bw avx512vl xsaveopt xsavec xgetbv1 pku ospke md_clear
bugs		: cpu_meltdown spectre_v1 spectre_v2 spec_store_bypass l1tf mds swapgs
bogomips	: 4589.21
clflush size	: 64
cache_alignment	: 64
address sizes	: 40 bits physical, 48 bits virtual
power management:



Memory: 4k page, physical 1008808k(73448k free), swap 0k(0k free)

vm_info: OpenJDK 64-Bit Server VM (25.242-b08) for linux-amd64 JRE (1.8.0_242-8u242-b08-0ubuntu3~18.04-b08), built on Jan 17 2020 23:41:21 by "buildd" with gcc 7.4.0

time: Mon Apr  6 11:40:26 2020
timezone: UTC
elapsed time: 37 seconds (0d 0h 0m 37s)

