#
# A fatal error has been detected by the Java Runtime Environment:
#
#  SIGSEGV (0xb) at pc=0x00007fb6a79dd12a, pid=30900, tid=0x00007fb6e70c8700
#
# JRE version: OpenJDK Runtime Environment (8.0_242-b08) (build 1.8.0_242-8u242-b08-0ubuntu3~18.04-b08)
# Java VM: OpenJDK 64-Bit Server VM (25.242-b08 mixed mode linux-amd64 compressed oops)
# Problematic frame:
# C  [mca_gds_ds21.so+0x212a]  pmix_gds_ds21_lock_init+0x12a
#
# Failed to write core dump. Core dumps have been disabled. To enable core dumping, try "ulimit -c unlimited" before starting Java again
#
# If you would like to submit a bug report, please visit:
#   http://bugreport.java.com/bugreport/crash.jsp
# The crash happened outside the Java Virtual Machine in native code.
# See problematic frame for where to report the bug.
#

---------------  T H R E A D  ---------------

Current thread (0x00007fb6e000b800):  JavaThread "main" [_thread_in_native, id=30911, stack(0x00007fb6e6fc9000,0x00007fb6e70c9000)]

siginfo: si_signo: 11 (SIGSEGV), si_code: 1 (SEGV_MAPERR), si_addr: 0x00007fb6ce7fe008

Registers:
RAX=0x00007fb6e026d380, RBX=0x00007fb6e026d2a0, RCX=0x00007fb6a7dfd85e, RDX=0x00007fffa0cceceb
RSP=0x00007fb6e70c6700, RBP=0x00007fb6e026d2f8, RSI=0x0000000000085000, RDI=0x0000000000000000
R8 =0x000000000000001e, R9 =0x0000000000000000, R10=0x0000000000000001, R11=0x0000000000000000
R12=0x00007fb6e026cef8, R13=0x0000000000001000, R14=0x00007fb6ce7fe000, R15=0x00007fb6e026d2f0
RIP=0x00007fb6a79dd12a, EFLAGS=0x0000000000010202, CSGSFS=0x002b000000000033, ERR=0x0000000000000004
  TRAPNO=0x000000000000000e

Top of Stack: (sp=0x00007fb6e70c6700)
0x00007fb6e70c6700:   00007fb6e026d250 00007fffa0cceceb
0x00007fb6e70c6710:   0000000000085000 000003e800000002
0x00007fb6e70c6720:   0000000000000000 00007fb6e69472ed
0x00007fb6e70c6730:   00007fb6e026cf40 ef5429e3ab32db00
0x00007fb6e70c6740:   0000000000000000 00007fb6e026cc20
0x00007fb6e70c6750:   0000000000000000 00007fffa0cceceb
0x00007fb6e70c6760:   0000000000000000 00007fb6e026ce90
0x00007fb6e70c6770:   0000000000000000 00007fb6a7df9bcb
0x00007fb6e70c6780:   00007fb6a79ddcee 00007fb6e70c6810
0x00007fb6e70c6790:   00007fb6cc2a1513 0000001500000040
0x00007fb6e70c67a0:   00007fb6e0268570 ef5429e3ab32db00
0x00007fb6e70c67b0:   00007fb6a7def280 00007fb6e0268080
0x00007fb6e70c67c0:   00007fb6a7bdf2d4 00007fb6cc4c70a0
0x00007fb6e70c67d0:   00007fb6a7bdf180 00007fb6cc4cafc0
0x00007fb6e70c67e0:   00007fb6e026cbd0 00007fb6a79dcdb4
0x00007fb6e70c67f0:   00007fb6cc4c7060 00007fb6cc289ee8
0x00007fb6e70c6800:   00007fb6cc4c7100 00007fb6e70c6834
0x00007fb6e70c6810:   00007fb6e70c6838 0000000000000000
0x00007fb6e70c6820:   0000000000000000 00007fb6cc4cafd0
0x00007fb6e70c6830:   0000001ecc1fedb0 00007fb6a7bdf180
0x00007fb6e70c6840:   0000000000000000 ef5429e3ab32db00
0x00007fb6e70c6850:   00007fb6cc4c70a0 0000000000000000
0x00007fb6e70c6860:   0000000000000000 00007fb6e01f74a0
0x00007fb6e70c6870:   00007fb6cc1fedb0 00007fb6cc4c6520
0x00007fb6e70c6880:   0000000000000000 00007fb6cc244763
0x00007fb6e70c6890:   000000000000000c 00007fb6cc4c67d8
0x00007fb6e70c68a0:   2d69706d6e65706f 0000346576616c73
0x00007fb6e70c68b0:   00007fb6cc189100 00007fb6cc184b00
0x00007fb6e70c68c0:   00007fb6cc18c64e 0000000100000000
0x00007fb6e70c68d0:   00007fb6e70c69d0 00007fb600000003
0x00007fb6e70c68e0:   00007fb6e70c69c0 ef5429e3ab32db00
0x00007fb6e70c68f0:   00007fb6e01f4e80 00007fb6cc4c5f60 

Instructions: (pc=0x00007fb6a79dd12a)
0x00007fb6a79dd10a:   f7 ff ff 48 85 c0 49 89 47 30 0f 84 16 03 00 00
0x00007fb6a79dd11a:   4c 8b 70 18 49 8b 36 4c 39 ee 0f 87 ce 02 00 00
0x00007fb6a79dd12a:   41 8b 46 08 41 89 47 40 49 8b 56 18 4c 01 f2 85
0x00007fb6a79dd13a:   c0 49 89 57 38 0f 84 eb 02 00 00 31 c0 ba 01 00 

Register to memory mapping:

RAX=0x00007fb6e026d380 is an unknown value
RBX=0x00007fb6e026d2a0 is an unknown value
RCX=0x00007fb6a7dfd85e: pmix_common_dstor_attach_new_lock_seg+0x1e in /usr/local/lib/libmca_common_dstore.so.1 at 0x00007fb6a7df0000
RDX=0x00007fffa0cceceb is an unknown value
RSP=0x00007fb6e70c6700 is pointing into the stack for thread: 0x00007fb6e000b800
RBP=0x00007fb6e026d2f8 is an unknown value
RSI=0x0000000000085000 is an unknown value
RDI=0x0000000000000000 is an unknown value
R8 =0x000000000000001e is an unknown value
R9 =0x0000000000000000 is an unknown value
R10=0x0000000000000001 is an unknown value
R11=0x0000000000000000 is an unknown value
R12=0x00007fb6e026cef8 is an unknown value
R13=0x0000000000001000 is an unknown value
R14=0x00007fb6ce7fe000 is an unknown value
R15=0x00007fb6e026d2f0 is an unknown value


Stack: [0x00007fb6e6fc9000,0x00007fb6e70c9000],  sp=0x00007fb6e70c6700,  free space=1013k
Native frames: (J=compiled Java code, j=interpreted, Vv=VM code, C=native code)
C  [mca_gds_ds21.so+0x212a]  pmix_gds_ds21_lock_init+0x12a

Java frames: (J=compiled Java code, j=interpreted, Vv=VM code)
j  mpi.MPI.Init_jni([Ljava/lang/String;)[Ljava/lang/String;+0
j  mpi.MPI.Init([Ljava/lang/String;)[Ljava/lang/String;+17
j  Client.main([Ljava/lang/String;)V+1
v  ~StubRoutines::call_stub

---------------  P R O C E S S  ---------------

Java Threads: ( => current thread )
  0x00007fb6e00b7800 JavaThread "Service Thread" daemon [_thread_blocked, id=31022, stack(0x00007fb6cefe9000,0x00007fb6cf0ea000)]
  0x00007fb6e00b4800 JavaThread "C1 CompilerThread1" daemon [_thread_blocked, id=31019, stack(0x00007fb6cf0eb000,0x00007fb6cf1eb000)]
  0x00007fb6e00b2000 JavaThread "C2 CompilerThread0" daemon [_thread_blocked, id=31013, stack(0x00007fb6cf1ec000,0x00007fb6cf2ec000)]
  0x00007fb6e00b0800 JavaThread "Signal Dispatcher" daemon [_thread_blocked, id=31009, stack(0x00007fb6cf2ec000,0x00007fb6cf3ed000)]
  0x00007fb6e007e000 JavaThread "Finalizer" daemon [_thread_blocked, id=30942, stack(0x00007fb6cf72c000,0x00007fb6cf82d000)]
  0x00007fb6e0079800 JavaThread "Reference Handler" daemon [_thread_blocked, id=30935, stack(0x00007fb6cf82d000,0x00007fb6cf92e000)]
=>0x00007fb6e000b800 JavaThread "main" [_thread_in_native, id=30911, stack(0x00007fb6e6fc9000,0x00007fb6e70c9000)]

Other Threads:
  0x00007fb6e006f800 VMThread [stack: 0x00007fb6cf92f000,0x00007fb6cfa2f000] [id=30925]
  0x00007fb6e00ba800 WatcherThread [stack: 0x00007fb6ceee9000,0x00007fb6cefe9000] [id=31027]

VM state:not at safepoint (normal execution)

VM Mutex/Monitor currently owned by a thread: None

heap address: 0x00000000f0800000, size: 248 MB, Compressed Oops mode: 32-bit
Narrow klass base: 0x0000000000000000, Narrow klass shift: 3
Compressed class space size: 1073741824 Address: 0x0000000100000000

Heap:
 def new generation   total 4928K, used 1441K [0x00000000f0800000, 0x00000000f0d50000, 0x00000000f5aa0000)
  eden space 4416K,  32% used [0x00000000f0800000, 0x00000000f0968610, 0x00000000f0c50000)
  from space 512K,   0% used [0x00000000f0c50000, 0x00000000f0c50000, 0x00000000f0cd0000)
  to   space 512K,   0% used [0x00000000f0cd0000, 0x00000000f0cd0000, 0x00000000f0d50000)
 tenured generation   total 10944K, used 0K [0x00000000f5aa0000, 0x00000000f6550000, 0x0000000100000000)
   the space 10944K,   0% used [0x00000000f5aa0000, 0x00000000f5aa0000, 0x00000000f5aa0200, 0x00000000f6550000)
 Metaspace       used 3125K, capacity 4792K, committed 5120K, reserved 1056768K
  class space    used 313K, capacity 424K, committed 512K, reserved 1048576K

Card table byte_map: [0x00007fb6e6f4b000,0x00007fb6e6fc8000] byte_map_base: 0x00007fb6e67c7000

Polling page: 0x00007fb6e70d4000

CodeCache: size=245760Kb used=1275Kb max_used=1275Kb free=244484Kb
 bounds [0x00007fb6d07bf000, 0x00007fb6d0a2f000, 0x00007fb6df7bf000]
 total_blobs=381 nmethods=76 adapters=220
 compilation: enabled

Compilation events (10 events):
Event: 1.226 Thread 0x00007fb6e00b4800   71       3       java.util.concurrent.ConcurrentHashMap::setTabAt (19 bytes)
Event: 1.226 Thread 0x00007fb6e00b4800 nmethod 71 0x00007fb6d08f7490 code [0x00007fb6d08f75e0, 0x00007fb6d08f7750]
Event: 1.226 Thread 0x00007fb6e00b4800   73  s!   3       sun.misc.URLClassPath::getLoader (243 bytes)
Event: 1.359 Thread 0x00007fb6e00b4800 nmethod 73 0x00007fb6d08f77d0 code [0x00007fb6d08f7c00, 0x00007fb6d08fa7c8]
Event: 1.359 Thread 0x00007fb6e00b4800   74       3       java.util.ArrayList::get (11 bytes)
Event: 1.359 Thread 0x00007fb6e00b4800 nmethod 74 0x00007fb6d08fc2d0 code [0x00007fb6d08fc460, 0x00007fb6d08fc798]
Event: 1.359 Thread 0x00007fb6e00b4800   75       3       java.util.ArrayList::rangeCheck (22 bytes)
Event: 1.360 Thread 0x00007fb6e00b4800 nmethod 75 0x00007fb6d08fc9d0 code [0x00007fb6d08fcbe0, 0x00007fb6d08fd678]
Event: 1.360 Thread 0x00007fb6e00b4800   76       3       java.util.ArrayList::elementData (7 bytes)
Event: 1.360 Thread 0x00007fb6e00b4800 nmethod 76 0x00007fb6d08fdc10 code [0x00007fb6d08fdd80, 0x00007fb6d08fdef0]

GC Heap History (0 events):
No events

Deoptimization events (0 events):
No events

Classes redefined (0 events):
No events

Internal exceptions (5 events):
Event: 0.076 Thread 0x00007fb6e000b800 Exception <a 'java/lang/NoSuchMethodError': Method sun.misc.Unsafe.defineClass(Ljava/lang/String;[BII)Ljava/lang/Class; name or signature does not match> (0x00000000f0807cc8) thrown at [/build/openjdk-8-58sEEn/openjdk-8-8u242-b08/src/hotspot/src/share/vm/
Event: 0.076 Thread 0x00007fb6e000b800 Exception <a 'java/lang/NoSuchMethodError': Method sun.misc.Unsafe.prefetchRead(Ljava/lang/Object;J)V name or signature does not match> (0x00000000f0807fb0) thrown at [/build/openjdk-8-58sEEn/openjdk-8-8u242-b08/src/hotspot/src/share/vm/prims/jni.cpp, lin
Event: 0.404 Thread 0x00007fb6e000b800 Exception <a 'java/util/zip/ZipException'> (0x00000000f085dec8) thrown at [/build/openjdk-8-58sEEn/openjdk-8-8u242-b08/src/hotspot/src/share/vm/prims/jni.cpp, line 710]
Event: 0.404 Thread 0x00007fb6e000b800 Exception <a 'java/security/PrivilegedActionException'> (0x00000000f085e168) thrown at [/build/openjdk-8-58sEEn/openjdk-8-8u242-b08/src/hotspot/src/share/vm/prims/jvm.cpp, line 1502]
Event: 0.404 Thread 0x00007fb6e000b800 Exception <a 'java/security/PrivilegedActionException'> (0x00000000f085e378) thrown at [/build/openjdk-8-58sEEn/openjdk-8-8u242-b08/src/hotspot/src/share/vm/prims/jvm.cpp, line 1502]

Events (10 events):
Event: 1.089 loading class mpi/Constant
Event: 1.089 loading class mpi/Constant done
Event: 1.127 loading class mpi/Errhandler
Event: 1.127 loading class mpi/Errhandler done
Event: 1.127 loading class mpi/Intracomm
Event: 1.127 loading class mpi/Intracomm done
Event: 1.128 loading class mpi/Comm
Event: 1.128 loading class mpi/Comm done
Event: 1.226 loading class mpi/Version
Event: 1.226 loading class mpi/Version done


Dynamic libraries:
f0800000-f0d50000 rw-p 00000000 00:00 0 
f0d50000-f5aa0000 ---p 00000000 00:00 0 
f5aa0000-f6550000 rw-p 00000000 00:00 0 
f6550000-100000000 ---p 00000000 00:00 0 
100000000-100080000 rw-p 00000000 00:00 0 
100080000-140000000 ---p 00000000 00:00 0 
55bd9fb15000-55bd9fb16000 r-xp 00000000 fc:01 2076260                    /usr/lib/jvm/java-8-openjdk-amd64/jre/bin/java
55bd9fd15000-55bd9fd16000 r--p 00000000 fc:01 2076260                    /usr/lib/jvm/java-8-openjdk-amd64/jre/bin/java
55bd9fd16000-55bd9fd17000 rw-p 00001000 fc:01 2076260                    /usr/lib/jvm/java-8-openjdk-amd64/jre/bin/java
55bda08d8000-55bda08f9000 rw-p 00000000 00:00 0                          [heap]
7fb6a0000000-7fb6a0021000 rw-p 00000000 00:00 0 
7fb6a0021000-7fb6a4000000 ---p 00000000 00:00 0 
7fb6a77d8000-7fb6a77da000 r-xp 00000000 fc:01 528289                     /usr/local/lib/pmix/mca_pshmem_mmap.so
7fb6a77da000-7fb6a79d9000 ---p 00002000 fc:01 528289                     /usr/local/lib/pmix/mca_pshmem_mmap.so
7fb6a79d9000-7fb6a79da000 r--p 00001000 fc:01 528289                     /usr/local/lib/pmix/mca_pshmem_mmap.so
7fb6a79da000-7fb6a79db000 rw-p 00002000 fc:01 528289                     /usr/local/lib/pmix/mca_pshmem_mmap.so
7fb6a79db000-7fb6a79df000 r-xp 00000000 fc:01 528265                     /usr/local/lib/pmix/mca_gds_ds21.so
7fb6a79df000-7fb6a7bde000 ---p 00004000 fc:01 528265                     /usr/local/lib/pmix/mca_gds_ds21.so
7fb6a7bde000-7fb6a7bdf000 r--p 00003000 fc:01 528265                     /usr/local/lib/pmix/mca_gds_ds21.so
7fb6a7bdf000-7fb6a7be0000 rw-p 00004000 fc:01 528265                     /usr/local/lib/pmix/mca_gds_ds21.so
7fb6a7be0000-7fb6a7bef000 r-xp 00000000 fc:01 528267                     /usr/local/lib/pmix/mca_gds_hash.so
7fb6a7bef000-7fb6a7dee000 ---p 0000f000 fc:01 528267                     /usr/local/lib/pmix/mca_gds_hash.so
7fb6a7dee000-7fb6a7def000 r--p 0000e000 fc:01 528267                     /usr/local/lib/pmix/mca_gds_hash.so
7fb6a7def000-7fb6a7df0000 rw-p 0000f000 fc:01 528267                     /usr/local/lib/pmix/mca_gds_hash.so
7fb6a7df0000-7fb6a7dff000 r-xp 00000000 fc:01 7027                       /usr/local/lib/libmca_common_dstore.so.1.0.0
7fb6a7dff000-7fb6a7ffe000 ---p 0000f000 fc:01 7027                       /usr/local/lib/libmca_common_dstore.so.1.0.0
7fb6a7ffe000-7fb6a7fff000 r--p 0000e000 fc:01 7027                       /usr/local/lib/libmca_common_dstore.so.1.0.0
7fb6a7fff000-7fb6a8000000 rw-p 0000f000 fc:01 7027                       /usr/local/lib/libmca_common_dstore.so.1.0.0
7fb6a8000000-7fb6a8021000 rw-p 00000000 00:00 0 
7fb6a8021000-7fb6ac000000 ---p 00000000 00:00 0 
7fb6ac1a2000-7fb6ac1a6000 r-xp 00000000 fc:01 528263                     /usr/local/lib/pmix/mca_gds_ds12.so
7fb6ac1a6000-7fb6ac3a5000 ---p 00004000 fc:01 528263                     /usr/local/lib/pmix/mca_gds_ds12.so
7fb6ac3a5000-7fb6ac3a6000 r--p 00003000 fc:01 528263                     /usr/local/lib/pmix/mca_gds_ds12.so
7fb6ac3a6000-7fb6ac3a7000 rw-p 00004000 fc:01 528263                     /usr/local/lib/pmix/mca_gds_ds12.so
7fb6ac3a7000-7fb6ac3af000 r-xp 00000000 fc:01 528293                     /usr/local/lib/pmix/mca_ptl_usock.so
7fb6ac3af000-7fb6ac5ae000 ---p 00008000 fc:01 528293                     /usr/local/lib/pmix/mca_ptl_usock.so
7fb6ac5ae000-7fb6ac5af000 r--p 00007000 fc:01 528293                     /usr/local/lib/pmix/mca_ptl_usock.so
7fb6ac5af000-7fb6ac5b0000 rw-p 00008000 fc:01 528293                     /usr/local/lib/pmix/mca_ptl_usock.so
7fb6ac5b0000-7fb6ac5c1000 r-xp 00000000 fc:01 528291                     /usr/local/lib/pmix/mca_ptl_tcp.so
7fb6ac5c1000-7fb6ac7c0000 ---p 00011000 fc:01 528291                     /usr/local/lib/pmix/mca_ptl_tcp.so
7fb6ac7c0000-7fb6ac7c1000 r--p 00010000 fc:01 528291                     /usr/local/lib/pmix/mca_ptl_tcp.so
7fb6ac7c1000-7fb6ac7c2000 rw-p 00011000 fc:01 528291                     /usr/local/lib/pmix/mca_ptl_tcp.so
7fb6ac7c2000-7fb6ac7d3000 r-xp 00000000 fc:01 528255                     /usr/local/lib/pmix/mca_bfrops_v12.so
7fb6ac7d3000-7fb6ac9d3000 ---p 00011000 fc:01 528255                     /usr/local/lib/pmix/mca_bfrops_v12.so
7fb6ac9d3000-7fb6ac9d4000 r--p 00011000 fc:01 528255                     /usr/local/lib/pmix/mca_bfrops_v12.so
7fb6ac9d4000-7fb6ac9d5000 rw-p 00012000 fc:01 528255                     /usr/local/lib/pmix/mca_bfrops_v12.so
7fb6ac9d5000-7fb6ac9ec000 r-xp 00000000 fc:01 528257                     /usr/local/lib/pmix/mca_bfrops_v20.so
7fb6ac9ec000-7fb6acbeb000 ---p 00017000 fc:01 528257                     /usr/local/lib/pmix/mca_bfrops_v20.so
7fb6acbeb000-7fb6acbec000 r--p 00016000 fc:01 528257                     /usr/local/lib/pmix/mca_bfrops_v20.so
7fb6acbec000-7fb6acbed000 rw-p 00017000 fc:01 528257                     /usr/local/lib/pmix/mca_bfrops_v20.so
7fb6acbed000-7fb6acbf5000 r-xp 00000000 fc:01 528261                     /usr/local/lib/pmix/mca_bfrops_v3.so
7fb6acbf5000-7fb6acdf4000 ---p 00008000 fc:01 528261                     /usr/local/lib/pmix/mca_bfrops_v3.so
7fb6acdf4000-7fb6acdf5000 r--p 00007000 fc:01 528261                     /usr/local/lib/pmix/mca_bfrops_v3.so
7fb6acdf5000-7fb6acdf6000 rw-p 00008000 fc:01 528261                     /usr/local/lib/pmix/mca_bfrops_v3.so
7fb6acdf6000-7fb6acdfd000 r-xp 00000000 fc:01 528259                     /usr/local/lib/pmix/mca_bfrops_v21.so
7fb6acdfd000-7fb6acffd000 ---p 00007000 fc:01 528259                     /usr/local/lib/pmix/mca_bfrops_v21.so
7fb6acffd000-7fb6acffe000 r--p 00007000 fc:01 528259                     /usr/local/lib/pmix/mca_bfrops_v21.so
7fb6acffe000-7fb6acfff000 rw-p 00008000 fc:01 528259                     /usr/local/lib/pmix/mca_bfrops_v21.so
7fb6acfff000-7fb6b0000000 rw-p 00000000 00:00 0 
7fb6b0000000-7fb6b01a4000 rw-p 00000000 00:00 0 
7fb6b01a4000-7fb6b4000000 ---p 00000000 00:00 0 
7fb6b4000000-7fb6b4021000 rw-p 00000000 00:00 0 
7fb6b4021000-7fb6b8000000 ---p 00000000 00:00 0 
7fb6b8000000-7fb6b8021000 rw-p 00000000 00:00 0 
7fb6b8021000-7fb6bc000000 ---p 00000000 00:00 0 
7fb6bc000000-7fb6bc04f000 rw-p 00000000 00:00 0 
7fb6bc04f000-7fb6c0000000 ---p 00000000 00:00 0 
7fb6c0000000-7fb6c0021000 rw-p 00000000 00:00 0 
7fb6c0021000-7fb6c4000000 ---p 00000000 00:00 0 
7fb6c4000000-7fb6c4021000 rw-p 00000000 00:00 0 
7fb6c4021000-7fb6c8000000 ---p 00000000 00:00 0 
7fb6c8000000-7fb6c8021000 rw-p 00000000 00:00 0 
7fb6c8021000-7fb6cc000000 ---p 00000000 00:00 0 
7fb6cc0ff000-7fb6cc184000 rw-s 00000000 fc:01 528966                     /tmp/ompi.openmpi-slave4.1000/jf.8274/pmix_dstor_ds21_30887/smlockseg-542244865
7fb6cc184000-7fb6cc2c3000 r-xp 00000000 fc:01 528295                     /usr/local/lib/openmpi/mca_pmix_pmix3x.so
7fb6cc2c3000-7fb6cc4c3000 ---p 0013f000 fc:01 528295                     /usr/local/lib/openmpi/mca_pmix_pmix3x.so
7fb6cc4c3000-7fb6cc4c4000 r--p 0013f000 fc:01 528295                     /usr/local/lib/openmpi/mca_pmix_pmix3x.so
7fb6cc4c4000-7fb6cc4c9000 rw-p 00140000 fc:01 528295                     /usr/local/lib/openmpi/mca_pmix_pmix3x.so
7fb6cc4c9000-7fb6cc4cc000 rw-p 00000000 00:00 0 
7fb6cc4cf000-7fb6cc4d1000 r-xp 00000000 fc:01 528281                     /usr/local/lib/pmix/mca_psec_native.so
7fb6cc4d1000-7fb6cc6d0000 ---p 00002000 fc:01 528281                     /usr/local/lib/pmix/mca_psec_native.so
7fb6cc6d0000-7fb6cc6d1000 r--p 00001000 fc:01 528281                     /usr/local/lib/pmix/mca_psec_native.so
7fb6cc6d1000-7fb6cc6d2000 rw-p 00002000 fc:01 528281                     /usr/local/lib/pmix/mca_psec_native.so
7fb6cc6d2000-7fb6cc6d3000 ---p 00000000 00:00 0 
7fb6cc6d3000-7fb6cced3000 rw-p 00000000 00:00 0 
7fb6cced3000-7fb6cced7000 r-xp 00000000 fc:01 528333                     /usr/local/lib/openmpi/mca_ess_pmi.so
7fb6cced7000-7fb6cd0d6000 ---p 00004000 fc:01 528333                     /usr/local/lib/openmpi/mca_ess_pmi.so
7fb6cd0d6000-7fb6cd0d7000 r--p 00003000 fc:01 528333                     /usr/local/lib/openmpi/mca_ess_pmi.so
7fb6cd0d7000-7fb6cd0d8000 rw-p 00004000 fc:01 528333                     /usr/local/lib/openmpi/mca_ess_pmi.so
7fb6cd0d8000-7fb6cd0d9000 r-xp 00000000 fc:01 528401                     /usr/local/lib/openmpi/mca_schizo_orte.so
7fb6cd0d9000-7fb6cd2d8000 ---p 00001000 fc:01 528401                     /usr/local/lib/openmpi/mca_schizo_orte.so
7fb6cd2d8000-7fb6cd2d9000 r--p 00000000 fc:01 528401                     /usr/local/lib/openmpi/mca_schizo_orte.so
7fb6cd2d9000-7fb6cd2da000 rw-p 00001000 fc:01 528401                     /usr/local/lib/openmpi/mca_schizo_orte.so
7fb6cd2da000-7fb6cd2dc000 r-xp 00000000 fc:01 528403                     /usr/local/lib/openmpi/mca_schizo_slurm.so
7fb6cd2dc000-7fb6cd4db000 ---p 00002000 fc:01 528403                     /usr/local/lib/openmpi/mca_schizo_slurm.so
7fb6cd4db000-7fb6cd4dc000 r--p 00001000 fc:01 528403                     /usr/local/lib/openmpi/mca_schizo_slurm.so
7fb6cd4dc000-7fb6cd4dd000 rw-p 00002000 fc:01 528403                     /usr/local/lib/openmpi/mca_schizo_slurm.so
7fb6cd4dd000-7fb6cd4e5000 r-xp 00000000 fc:01 528399                     /usr/local/lib/openmpi/mca_schizo_ompi.so
7fb6cd4e5000-7fb6cd6e4000 ---p 00008000 fc:01 528399                     /usr/local/lib/openmpi/mca_schizo_ompi.so
7fb6cd6e4000-7fb6cd6e5000 r--p 00007000 fc:01 528399                     /usr/local/lib/openmpi/mca_schizo_ompi.so
7fb6cd6e5000-7fb6cd6e7000 rw-p 00008000 fc:01 528399                     /usr/local/lib/openmpi/mca_schizo_ompi.so
7fb6cd6e7000-7fb6cd6e8000 r-xp 00000000 fc:01 528397                     /usr/local/lib/openmpi/mca_schizo_flux.so
7fb6cd6e8000-7fb6cd8e8000 ---p 00001000 fc:01 528397                     /usr/local/lib/openmpi/mca_schizo_flux.so
7fb6cd8e8000-7fb6cd8e9000 r--p 00001000 fc:01 528397                     /usr/local/lib/openmpi/mca_schizo_flux.so
7fb6cd8e9000-7fb6cd8ea000 rw-p 00002000 fc:01 528397                     /usr/local/lib/openmpi/mca_schizo_flux.so
7fb6cd8ea000-7fb6cd8ec000 r-xp 00000000 fc:01 528301                     /usr/local/lib/openmpi/mca_reachable_weighted.so
7fb6cd8ec000-7fb6cdaeb000 ---p 00002000 fc:01 528301                     /usr/local/lib/openmpi/mca_reachable_weighted.so
7fb6cdaeb000-7fb6cdaec000 r--p 00001000 fc:01 528301                     /usr/local/lib/openmpi/mca_reachable_weighted.so
7fb6cdaec000-7fb6cdaed000 rw-p 00002000 fc:01 528301                     /usr/local/lib/openmpi/mca_reachable_weighted.so
7fb6cdaed000-7fb6cdaf0000 r-xp 00000000 fc:01 528303                     /usr/local/lib/openmpi/mca_shmem_mmap.so
7fb6cdaf0000-7fb6cdcef000 ---p 00003000 fc:01 528303                     /usr/local/lib/openmpi/mca_shmem_mmap.so
7fb6cdcef000-7fb6cdcf0000 r--p 00002000 fc:01 528303                     /usr/local/lib/openmpi/mca_shmem_mmap.so
7fb6cdcf0000-7fb6cdcf1000 rw-p 00003000 fc:01 528303                     /usr/local/lib/openmpi/mca_shmem_mmap.so
7fb6cdcf1000-7fb6cdcf3000 r-xp 00000000 fc:01 2182                       /lib/x86_64-linux-gnu/libutil-2.27.so
7fb6cdcf3000-7fb6cdef2000 ---p 00002000 fc:01 2182                       /lib/x86_64-linux-gnu/libutil-2.27.so
7fb6cdef2000-7fb6cdef3000 r--p 00001000 fc:01 2182                       /lib/x86_64-linux-gnu/libutil-2.27.so
7fb6cdef3000-7fb6cdef4000 rw-p 00002000 fc:01 2182                       /lib/x86_64-linux-gnu/libutil-2.27.so
7fb6cdef4000-7fb6cdfa7000 r-xp 00000000 fc:01 7145                       /usr/local/lib/libopen-rte.so.40.20.1
7fb6cdfa7000-7fb6ce1a6000 ---p 000b3000 fc:01 7145                       /usr/local/lib/libopen-rte.so.40.20.1
7fb6ce1a6000-7fb6ce1a8000 r--p 000b2000 fc:01 7145                       /usr/local/lib/libopen-rte.so.40.20.1
7fb6ce1a8000-7fb6ce1ac000 rw-p 000b4000 fc:01 7145                       /usr/local/lib/libopen-rte.so.40.20.1
7fb6ce1ac000-7fb6ce1af000 rw-p 00000000 00:00 0 
7fb6ce1af000-7fb6ce2b6000 r-xp 00000000 fc:01 4301                       /usr/local/lib/libopen-pal.so.40.20.1
7fb6ce2b6000-7fb6ce4b6000 ---p 00107000 fc:01 4301                       /usr/local/lib/libopen-pal.so.40.20.1
7fb6ce4b6000-7fb6ce4b9000 r--p 00107000 fc:01 4301                       /usr/local/lib/libopen-pal.so.40.20.1
7fb6ce4b9000-7fb6ce4bf000 rw-p 0010a000 fc:01 4301                       /usr/local/lib/libopen-pal.so.40.20.1
7fb6ce4bf000-7fb6ce4c6000 rw-p 00000000 00:00 0 
7fb6ce4c6000-7fb6ce5d3000 r-xp 00000000 fc:01 7360                       /usr/local/lib/libmpi.so.40.20.1
7fb6ce5d3000-7fb6ce7d2000 ---p 0010d000 fc:01 7360                       /usr/local/lib/libmpi.so.40.20.1
7fb6ce7d2000-7fb6ce7d4000 r--p 0010c000 fc:01 7360                       /usr/local/lib/libmpi.so.40.20.1
7fb6ce7d4000-7fb6ce7e5000 rw-p 0010e000 fc:01 7360                       /usr/local/lib/libmpi.so.40.20.1
7fb6ce7e5000-7fb6ce7f7000 rw-p 00000000 00:00 0 
7fb6ce7ff000-7fb6ce800000 r--s 00000000 fc:01 528967                     /tmp/ompi.openmpi-slave4.1000/jf.8274/pmix_dstor_ds12_30887/initial-pmix_shared-segment-0
7fb6ce800000-7fb6ce801000 rw-s 00000000 fc:01 528968                     /tmp/ompi.openmpi-slave4.1000/jf.8274/pmix_dstor_ds12_30887/dstore_sm.lock
7fb6ce801000-7fb6ce829000 r-xp 00000000 fc:01 29879                      /usr/local/lib/libmpi_java.so.40.20.0
7fb6ce829000-7fb6cea28000 ---p 00028000 fc:01 29879                      /usr/local/lib/libmpi_java.so.40.20.0
7fb6cea28000-7fb6cea29000 r--p 00027000 fc:01 29879                      /usr/local/lib/libmpi_java.so.40.20.0
7fb6cea29000-7fb6cea2a000 rw-p 00028000 fc:01 29879                      /usr/local/lib/libmpi_java.so.40.20.0
7fb6cea2a000-7fb6cea2b000 r--s 0000f000 00:34 527712                     /home/mpiuser/cloud/fyp/java_client/lib/mpi.jar
7fb6cea2b000-7fb6cea2e000 r--s 0000e000 00:34 527707                     /home/mpiuser/cloud/fyp/java_client/lib/jackson-annotations-2.10.3.jar
7fb6cea2e000-7fb6cea4b000 r--s 00142000 00:34 527719                     /home/mpiuser/cloud/fyp/java_client/lib/spring-web-5.2.5.RELEASE.jar
7fb6cea4b000-7fb6cea58000 r--s 00090000 00:34 527704                     /home/mpiuser/cloud/fyp/java_client/lib/amqp-client-5.8.0.jar
7fb6cea58000-7fb6cea59000 r--s 00003000 00:34 527715                     /home/mpiuser/cloud/fyp/java_client/lib/slf4j-simple-1.7.30.jar
7fb6cea59000-7fb6cea6e000 r--s 00142000 00:34 527710                     /home/mpiuser/cloud/fyp/java_client/lib/jackson-databind-2.10.2.jar
7fb6cea6e000-7fb6cea83000 r--s 00142000 00:34 527711                     /home/mpiuser/cloud/fyp/java_client/lib/jackson-databind-2.10.3.jar
7fb6cea83000-7fb6cea9a000 r-xp 00000000 fc:01 2076298                    /usr/lib/jvm/java-8-openjdk-amd64/jre/lib/amd64/libnet.so
7fb6cea9a000-7fb6cec99000 ---p 00017000 fc:01 2076298                    /usr/lib/jvm/java-8-openjdk-amd64/jre/lib/amd64/libnet.so
7fb6cec99000-7fb6cec9a000 r--p 00016000 fc:01 2076298                    /usr/lib/jvm/java-8-openjdk-amd64/jre/lib/amd64/libnet.so
7fb6cec9a000-7fb6cec9b000 rw-p 00017000 fc:01 2076298                    /usr/lib/jvm/java-8-openjdk-amd64/jre/lib/amd64/libnet.so
7fb6cec9b000-7fb6cecac000 r-xp 00000000 fc:01 2076299                    /usr/lib/jvm/java-8-openjdk-amd64/jre/lib/amd64/libnio.so
7fb6cecac000-7fb6ceeac000 ---p 00011000 fc:01 2076299                    /usr/lib/jvm/java-8-openjdk-amd64/jre/lib/amd64/libnio.so
7fb6ceeac000-7fb6ceead000 r--p 00011000 fc:01 2076299                    /usr/lib/jvm/java-8-openjdk-amd64/jre/lib/amd64/libnio.so
7fb6ceead000-7fb6ceeae000 rw-p 00012000 fc:01 2076299                    /usr/lib/jvm/java-8-openjdk-amd64/jre/lib/amd64/libnio.so
7fb6ceeae000-7fb6ceec9000 r--s 001d6000 fc:01 2076325                    /usr/lib/jvm/java-8-openjdk-amd64/jre/lib/ext/nashorn.jar
7fb6ceec9000-7fb6ceecd000 r--s 0003a000 fc:01 2076328                    /usr/lib/jvm/java-8-openjdk-amd64/jre/lib/ext/sunpkcs11.jar
7fb6ceecd000-7fb6ceee8000 r--s 00394000 fc:01 2076320                    /usr/lib/jvm/java-8-openjdk-amd64/jre/lib/ext/cldrdata.jar
7fb6ceee8000-7fb6ceee9000 ---p 00000000 00:00 0 
7fb6ceee9000-7fb6cefe9000 rw-p 00000000 00:00 0 
7fb6cefe9000-7fb6cefec000 ---p 00000000 00:00 0 
7fb6cefec000-7fb6cf0ea000 rw-p 00000000 00:00 0 
7fb6cf0ea000-7fb6cf0eb000 ---p 00000000 00:00 0 
7fb6cf0eb000-7fb6cf0ee000 ---p 00000000 00:00 0 
7fb6cf0ee000-7fb6cf1eb000 rw-p 00000000 00:00 0 
7fb6cf1eb000-7fb6cf1ec000 ---p 00000000 00:00 0 
7fb6cf1ec000-7fb6cf1ef000 ---p 00000000 00:00 0 
7fb6cf1ef000-7fb6cf2ec000 rw-p 00000000 00:00 0 
7fb6cf2ec000-7fb6cf2ef000 ---p 00000000 00:00 0 
7fb6cf2ef000-7fb6cf3ed000 rw-p 00000000 00:00 0 
7fb6cf3ed000-7fb6cf41e000 r--p 00000000 fc:01 7802                       /usr/lib/locale/C.UTF-8/LC_CTYPE
7fb6cf41e000-7fb6cf591000 r--p 00000000 fc:01 7801                       /usr/lib/locale/C.UTF-8/LC_COLLATE
7fb6cf591000-7fb6cf72c000 r--p 00000000 fc:01 7796                       /usr/lib/locale/locale-archive
7fb6cf72c000-7fb6cf72f000 ---p 00000000 00:00 0 
7fb6cf72f000-7fb6cf82d000 rw-p 00000000 00:00 0 
7fb6cf82d000-7fb6cf830000 ---p 00000000 00:00 0 
7fb6cf830000-7fb6cf92e000 rw-p 00000000 00:00 0 
7fb6cf92e000-7fb6cf92f000 ---p 00000000 00:00 0 
7fb6cf92f000-7fb6cfa2f000 rw-p 00000000 00:00 0 
7fb6cfa2f000-7fb6cfbff000 r--s 03c68000 fc:01 2076349                    /usr/lib/jvm/java-8-openjdk-amd64/jre/lib/rt.jar
7fb6cfbff000-7fb6d007f000 rw-p 00000000 00:00 0 
7fb6d007f000-7fb6d03ff000 ---p 00000000 00:00 0 
7fb6d03ff000-7fb6d0409000 rw-p 00000000 00:00 0 
7fb6d0409000-7fb6d07bf000 ---p 00000000 00:00 0 
7fb6d07bf000-7fb6d0a2f000 rwxp 00000000 00:00 0 
7fb6d0a2f000-7fb6df7bf000 ---p 00000000 00:00 0 
7fb6df7bf000-7fb6df7c7000 r-xp 00000000 fc:01 2076306                    /usr/lib/jvm/java-8-openjdk-amd64/jre/lib/amd64/libzip.so
7fb6df7c7000-7fb6df9c6000 ---p 00008000 fc:01 2076306                    /usr/lib/jvm/java-8-openjdk-amd64/jre/lib/amd64/libzip.so
7fb6df9c6000-7fb6df9c7000 r--p 00007000 fc:01 2076306                    /usr/lib/jvm/java-8-openjdk-amd64/jre/lib/amd64/libzip.so
7fb6df9c7000-7fb6df9c8000 rw-p 00008000 fc:01 2076306                    /usr/lib/jvm/java-8-openjdk-amd64/jre/lib/amd64/libzip.so
7fb6df9c8000-7fb6df9d3000 r-xp 00000000 fc:01 2093                       /lib/x86_64-linux-gnu/libnss_files-2.27.so
7fb6df9d3000-7fb6dfbd2000 ---p 0000b000 fc:01 2093                       /lib/x86_64-linux-gnu/libnss_files-2.27.so
7fb6dfbd2000-7fb6dfbd3000 r--p 0000a000 fc:01 2093                       /lib/x86_64-linux-gnu/libnss_files-2.27.so
7fb6dfbd3000-7fb6dfbd4000 rw-p 0000b000 fc:01 2093                       /lib/x86_64-linux-gnu/libnss_files-2.27.so
7fb6dfbd4000-7fb6dfbda000 rw-p 00000000 00:00 0 
7fb6dfbda000-7fb6dfbf1000 r-xp 00000000 fc:01 2090                       /lib/x86_64-linux-gnu/libnsl-2.27.so
7fb6dfbf1000-7fb6dfdf0000 ---p 00017000 fc:01 2090                       /lib/x86_64-linux-gnu/libnsl-2.27.so
7fb6dfdf0000-7fb6dfdf1000 r--p 00016000 fc:01 2090                       /lib/x86_64-linux-gnu/libnsl-2.27.so
7fb6dfdf1000-7fb6dfdf2000 rw-p 00017000 fc:01 2090                       /lib/x86_64-linux-gnu/libnsl-2.27.so
7fb6dfdf2000-7fb6dfdf4000 rw-p 00000000 00:00 0 
7fb6dfdf4000-7fb6dfdff000 r-xp 00000000 fc:01 2095                       /lib/x86_64-linux-gnu/libnss_nis-2.27.so
7fb6dfdff000-7fb6dfffe000 ---p 0000b000 fc:01 2095                       /lib/x86_64-linux-gnu/libnss_nis-2.27.so
7fb6dfffe000-7fb6dffff000 r--p 0000a000 fc:01 2095                       /lib/x86_64-linux-gnu/libnss_nis-2.27.so
7fb6dffff000-7fb6e0000000 rw-p 0000b000 fc:01 2095                       /lib/x86_64-linux-gnu/libnss_nis-2.27.so
7fb6e0000000-7fb6e026f000 rw-p 00000000 00:00 0 
7fb6e026f000-7fb6e4000000 ---p 00000000 00:00 0 
7fb6e4000000-7fb6e4001000 r--s 00005000 00:34 527718                     /home/mpiuser/cloud/fyp/java_client/lib/spring-jcl-5.2.5.RELEASE.jar
7fb6e4001000-7fb6e4006000 r--s 0003d000 fc:01 2076327                    /usr/lib/jvm/java-8-openjdk-amd64/jre/lib/ext/sunjce_provider.jar
7fb6e4006000-7fb6e4007000 r--s 00010000 fc:01 2076329                    /usr/lib/jvm/java-8-openjdk-amd64/jre/lib/ext/zipfs.jar
7fb6e4007000-7fb6e4008000 r--s 0000a000 fc:01 2076323                    /usr/lib/jvm/java-8-openjdk-amd64/jre/lib/ext/jaccess.jar
7fb6e4008000-7fb6e400a000 r--s 00007000 fc:01 29713                      /usr/share/java/java-atk-wrapper.jar
7fb6e400a000-7fb6e4151000 rw-p 00000000 00:00 0 
7fb6e4151000-7fb6e4159000 r-xp 00000000 fc:01 2091                       /lib/x86_64-linux-gnu/libnss_compat-2.27.so
7fb6e4159000-7fb6e4359000 ---p 00008000 fc:01 2091                       /lib/x86_64-linux-gnu/libnss_compat-2.27.so
7fb6e4359000-7fb6e435a000 r--p 00008000 fc:01 2091                       /lib/x86_64-linux-gnu/libnss_compat-2.27.so
7fb6e435a000-7fb6e435b000 rw-p 00009000 fc:01 2091                       /lib/x86_64-linux-gnu/libnss_compat-2.27.so
7fb6e435b000-7fb6e4385000 r-xp 00000000 fc:01 2076287                    /usr/lib/jvm/java-8-openjdk-amd64/jre/lib/amd64/libjava.so
7fb6e4385000-7fb6e4584000 ---p 0002a000 fc:01 2076287                    /usr/lib/jvm/java-8-openjdk-amd64/jre/lib/amd64/libjava.so
7fb6e4584000-7fb6e4585000 r--p 00029000 fc:01 2076287                    /usr/lib/jvm/java-8-openjdk-amd64/jre/lib/amd64/libjava.so
7fb6e4585000-7fb6e4587000 rw-p 0002a000 fc:01 2076287                    /usr/lib/jvm/java-8-openjdk-amd64/jre/lib/amd64/libjava.so
7fb6e4587000-7fb6e4597000 r-xp 00000000 fc:01 2076305                    /usr/lib/jvm/java-8-openjdk-amd64/jre/lib/amd64/libverify.so
7fb6e4597000-7fb6e4796000 ---p 00010000 fc:01 2076305                    /usr/lib/jvm/java-8-openjdk-amd64/jre/lib/amd64/libverify.so
7fb6e4796000-7fb6e4798000 r--p 0000f000 fc:01 2076305                    /usr/lib/jvm/java-8-openjdk-amd64/jre/lib/amd64/libverify.so
7fb6e4798000-7fb6e4799000 rw-p 00011000 fc:01 2076305                    /usr/lib/jvm/java-8-openjdk-amd64/jre/lib/amd64/libverify.so
7fb6e4799000-7fb6e47a0000 r-xp 00000000 fc:01 2180                       /lib/x86_64-linux-gnu/librt-2.27.so
7fb6e47a0000-7fb6e499f000 ---p 00007000 fc:01 2180                       /lib/x86_64-linux-gnu/librt-2.27.so
7fb6e499f000-7fb6e49a0000 r--p 00006000 fc:01 2180                       /lib/x86_64-linux-gnu/librt-2.27.so
7fb6e49a0000-7fb6e49a1000 rw-p 00007000 fc:01 2180                       /lib/x86_64-linux-gnu/librt-2.27.so
7fb6e49a1000-7fb6e49b8000 r-xp 00000000 fc:01 29118                      /lib/x86_64-linux-gnu/libgcc_s.so.1
7fb6e49b8000-7fb6e4bb7000 ---p 00017000 fc:01 29118                      /lib/x86_64-linux-gnu/libgcc_s.so.1
7fb6e4bb7000-7fb6e4bb8000 r--p 00016000 fc:01 29118                      /lib/x86_64-linux-gnu/libgcc_s.so.1
7fb6e4bb8000-7fb6e4bb9000 rw-p 00017000 fc:01 29118                      /lib/x86_64-linux-gnu/libgcc_s.so.1
7fb6e4bb9000-7fb6e4d56000 r-xp 00000000 fc:01 2087                       /lib/x86_64-linux-gnu/libm-2.27.so
7fb6e4d56000-7fb6e4f55000 ---p 0019d000 fc:01 2087                       /lib/x86_64-linux-gnu/libm-2.27.so
7fb6e4f55000-7fb6e4f56000 r--p 0019c000 fc:01 2087                       /lib/x86_64-linux-gnu/libm-2.27.so
7fb6e4f56000-7fb6e4f57000 rw-p 0019d000 fc:01 2087                       /lib/x86_64-linux-gnu/libm-2.27.so
7fb6e4f57000-7fb6e50d0000 r-xp 00000000 fc:01 2380                       /usr/lib/x86_64-linux-gnu/libstdc++.so.6.0.25
7fb6e50d0000-7fb6e52d0000 ---p 00179000 fc:01 2380                       /usr/lib/x86_64-linux-gnu/libstdc++.so.6.0.25
7fb6e52d0000-7fb6e52da000 r--p 00179000 fc:01 2380                       /usr/lib/x86_64-linux-gnu/libstdc++.so.6.0.25
7fb6e52da000-7fb6e52dc000 rw-p 00183000 fc:01 2380                       /usr/lib/x86_64-linux-gnu/libstdc++.so.6.0.25
7fb6e52dc000-7fb6e52e0000 rw-p 00000000 00:00 0 
7fb6e52e0000-7fb6e5f83000 r-xp 00000000 fc:01 2076309                    /usr/lib/jvm/java-8-openjdk-amd64/jre/lib/amd64/server/libjvm.so
7fb6e5f83000-7fb6e6183000 ---p 00ca3000 fc:01 2076309                    /usr/lib/jvm/java-8-openjdk-amd64/jre/lib/amd64/server/libjvm.so
7fb6e6183000-7fb6e6217000 r--p 00ca3000 fc:01 2076309                    /usr/lib/jvm/java-8-openjdk-amd64/jre/lib/amd64/server/libjvm.so
7fb6e6217000-7fb6e6240000 rw-p 00d37000 fc:01 2076309                    /usr/lib/jvm/java-8-openjdk-amd64/jre/lib/amd64/server/libjvm.so
7fb6e6240000-7fb6e6270000 rw-p 00000000 00:00 0 
7fb6e6270000-7fb6e628a000 r-xp 00000000 fc:01 2178                       /lib/x86_64-linux-gnu/libpthread-2.27.so
7fb6e628a000-7fb6e6489000 ---p 0001a000 fc:01 2178                       /lib/x86_64-linux-gnu/libpthread-2.27.so
7fb6e6489000-7fb6e648a000 r--p 00019000 fc:01 2178                       /lib/x86_64-linux-gnu/libpthread-2.27.so
7fb6e648a000-7fb6e648b000 rw-p 0001a000 fc:01 2178                       /lib/x86_64-linux-gnu/libpthread-2.27.so
7fb6e648b000-7fb6e648f000 rw-p 00000000 00:00 0 
7fb6e648f000-7fb6e6492000 r-xp 00000000 fc:01 2086                       /lib/x86_64-linux-gnu/libdl-2.27.so
7fb6e6492000-7fb6e6691000 ---p 00003000 fc:01 2086                       /lib/x86_64-linux-gnu/libdl-2.27.so
7fb6e6691000-7fb6e6692000 r--p 00002000 fc:01 2086                       /lib/x86_64-linux-gnu/libdl-2.27.so
7fb6e6692000-7fb6e6693000 rw-p 00003000 fc:01 2086                       /lib/x86_64-linux-gnu/libdl-2.27.so
7fb6e6693000-7fb6e66af000 r-xp 00000000 fc:01 2183                       /lib/x86_64-linux-gnu/libz.so.1.2.11
7fb6e66af000-7fb6e68ae000 ---p 0001c000 fc:01 2183                       /lib/x86_64-linux-gnu/libz.so.1.2.11
7fb6e68ae000-7fb6e68af000 r--p 0001b000 fc:01 2183                       /lib/x86_64-linux-gnu/libz.so.1.2.11
7fb6e68af000-7fb6e68b0000 rw-p 0001c000 fc:01 2183                       /lib/x86_64-linux-gnu/libz.so.1.2.11
7fb6e68b0000-7fb6e6a97000 r-xp 00000000 fc:01 2083                       /lib/x86_64-linux-gnu/libc-2.27.so
7fb6e6a97000-7fb6e6c97000 ---p 001e7000 fc:01 2083                       /lib/x86_64-linux-gnu/libc-2.27.so
7fb6e6c97000-7fb6e6c9b000 r--p 001e7000 fc:01 2083                       /lib/x86_64-linux-gnu/libc-2.27.so
7fb6e6c9b000-7fb6e6c9d000 rw-p 001eb000 fc:01 2083                       /lib/x86_64-linux-gnu/libc-2.27.so
7fb6e6c9d000-7fb6e6ca1000 rw-p 00000000 00:00 0 
7fb6e6ca1000-7fb6e6caf000 r-xp 00000000 fc:01 2076273                    /usr/lib/jvm/java-8-openjdk-amd64/jre/lib/amd64/jli/libjli.so
7fb6e6caf000-7fb6e6eae000 ---p 0000e000 fc:01 2076273                    /usr/lib/jvm/java-8-openjdk-amd64/jre/lib/amd64/jli/libjli.so
7fb6e6eae000-7fb6e6eaf000 r--p 0000d000 fc:01 2076273                    /usr/lib/jvm/java-8-openjdk-amd64/jre/lib/amd64/jli/libjli.so
7fb6e6eaf000-7fb6e6eb0000 rw-p 0000e000 fc:01 2076273                    /usr/lib/jvm/java-8-openjdk-amd64/jre/lib/amd64/jli/libjli.so
7fb6e6eb0000-7fb6e6ed7000 r-xp 00000000 fc:01 2079                       /lib/x86_64-linux-gnu/ld-2.27.so
7fb6e6ed7000-7fb6e6ed8000 r--s 0000d000 fc:01 2076326                    /usr/lib/jvm/java-8-openjdk-amd64/jre/lib/ext/sunec.jar
7fb6e6ed8000-7fb6e6eda000 r--s 00001000 fc:01 2076321                    /usr/lib/jvm/java-8-openjdk-amd64/jre/lib/ext/dnsns.jar
7fb6e6eda000-7fb6e6edd000 r--s 0000f000 fc:01 2076322                    /usr/lib/jvm/java-8-openjdk-amd64/jre/lib/ext/icedtea-sound.jar
7fb6e6edd000-7fb6e6ee7000 r--s 00116000 fc:01 2076324                    /usr/lib/jvm/java-8-openjdk-amd64/jre/lib/ext/localedata.jar
7fb6e6ee7000-7fb6e6ee8000 r--p 00000000 fc:01 7807                       /usr/lib/locale/C.UTF-8/LC_NUMERIC
7fb6e6ee8000-7fb6e6ee9000 r--p 00000000 fc:01 7810                       /usr/lib/locale/C.UTF-8/LC_TIME
7fb6e6ee9000-7fb6e6eea000 r--p 00000000 fc:01 7805                       /usr/lib/locale/C.UTF-8/LC_MONETARY
7fb6e6eea000-7fb6e6eeb000 r--p 00000000 fc:01 7799                       /usr/lib/locale/C.UTF-8/LC_MESSAGES/SYS_LC_MESSAGES
7fb6e6eeb000-7fb6e6eec000 r--p 00000000 fc:01 7808                       /usr/lib/locale/C.UTF-8/LC_PAPER
7fb6e6eec000-7fb6e6eed000 r--p 00000000 fc:01 7806                       /usr/lib/locale/C.UTF-8/LC_NAME
7fb6e6eed000-7fb6e6eee000 r--p 00000000 fc:01 7800                       /usr/lib/locale/C.UTF-8/LC_ADDRESS
7fb6e6eee000-7fb6e6eef000 r--p 00000000 fc:01 7809                       /usr/lib/locale/C.UTF-8/LC_TELEPHONE
7fb6e6eef000-7fb6e6ef0000 r--p 00000000 fc:01 7804                       /usr/lib/locale/C.UTF-8/LC_MEASUREMENT
7fb6e6ef0000-7fb6e6ef7000 r--s 00000000 fc:01 5010                       /usr/lib/x86_64-linux-gnu/gconv/gconv-modules.cache
7fb6e6ef7000-7fb6e6ef8000 r--p 00000000 fc:01 7803                       /usr/lib/locale/C.UTF-8/LC_IDENTIFICATION
7fb6e6ef8000-7fb6e6efe000 rw-p 00000000 00:00 0 
7fb6e6efe000-7fb6e6f4b000 ---p 00000000 00:00 0 
7fb6e6f4b000-7fb6e6f4e000 rw-p 00000000 00:00 0 
7fb6e6f4e000-7fb6e6f74000 ---p 00000000 00:00 0 
7fb6e6f74000-7fb6e6f7a000 rw-p 00000000 00:00 0 
7fb6e6f7a000-7fb6e6fc7000 ---p 00000000 00:00 0 
7fb6e6fc7000-7fb6e6fc8000 rw-p 00000000 00:00 0 
7fb6e6fc8000-7fb6e6fc9000 ---p 00000000 00:00 0 
7fb6e6fc9000-7fb6e6fcc000 ---p 00000000 00:00 0 
7fb6e6fcc000-7fb6e70cb000 rw-p 00000000 00:00 0 
7fb6e70cb000-7fb6e70d3000 rw-s 00000000 fc:01 528971                     /tmp/hsperfdata_mpiuser/30900
7fb6e70d3000-7fb6e70d4000 rw-p 00000000 00:00 0 
7fb6e70d4000-7fb6e70d5000 r--p 00000000 00:00 0 
7fb6e70d5000-7fb6e70d7000 rw-p 00000000 00:00 0 
7fb6e70d7000-7fb6e70d8000 r--p 00027000 fc:01 2079                       /lib/x86_64-linux-gnu/ld-2.27.so
7fb6e70d8000-7fb6e70d9000 rw-p 00028000 fc:01 2079                       /lib/x86_64-linux-gnu/ld-2.27.so
7fb6e70d9000-7fb6e70da000 rw-p 00000000 00:00 0 
7fffa0cae000-7fffa0ccf000 rw-p 00000000 00:00 0                          [stack]
7fffa0da8000-7fffa0dab000 r--p 00000000 00:00 0                          [vvar]
7fffa0dab000-7fffa0dad000 r-xp 00000000 00:00 0                          [vdso]
ffffffffff600000-ffffffffff601000 r-xp 00000000 00:00 0                  [vsyscall]

VM Arguments:
jvm_args: -Djava.library.path=/usr/local/lib 
java_command: Client 1000000 100 0
java_class_path (initial): /home/mpiuser/cloud/fyp/java_client:./lib/spring-jcl-5.2.5.RELEASE.jar:./lib/jackson-databind-2.10.3.jar:./lib/jackson-databind-2.10.2.jar:./lib/slf4j-simple-1.7.30.jar:./lib/amqp-client-5.8.0.jar:./lib/spring-web-5.2.5.RELEASE.jar:./lib/jackson-annotations-2.10.3.jar:./lib/mpi.jar:./lib/spring-beans-5.2.5.RELEASE.jar:./lib/jackson-annotations-2.10.2.jar:./lib/jackson-core-2.10.2.jar:./lib/jackson-core-2.10.3.jar:./lib/slf4j-api-1.7.29.jar:./lib/spring-core-5.2.5.RELEASE.jar:./lib/slf4j-api-1.7.30.jar:./lib/http-client-3.6.1.RELEASE.jar:/usr/local/lib/mpi.jar
Launcher Type: SUN_STANDARD

Environment Variables:
PATH=/usr/local/sbin:/usr/local/bin:/usr/sbin:/usr/bin:/sbin:/bin:/usr/games:/usr/local/games
SHELL=/bin/bash

Signal Handlers:
SIGSEGV: [libjvm.so+0xabc3b0], sa_mask[0]=11111111011111111101111111111110, sa_flags=SA_RESTART|SA_SIGINFO
SIGBUS: [libjvm.so+0xabc3b0], sa_mask[0]=11111111011111111101111111111110, sa_flags=SA_RESTART|SA_SIGINFO
SIGFPE: [libjvm.so+0x8f0bb0], sa_mask[0]=11111111011111111101111111111110, sa_flags=SA_RESTART|SA_SIGINFO
SIGPIPE: [libjvm.so+0x8f0bb0], sa_mask[0]=11111111011111111101111111111110, sa_flags=SA_RESTART|SA_SIGINFO
SIGXFSZ: [libjvm.so+0x8f0bb0], sa_mask[0]=11111111011111111101111111111110, sa_flags=SA_RESTART|SA_SIGINFO
SIGILL: [libjvm.so+0x8f0bb0], sa_mask[0]=11111111011111111101111111111110, sa_flags=SA_RESTART|SA_SIGINFO
SIGUSR1: SIG_DFL, sa_mask[0]=00000000000000000000000000000000, sa_flags=none
SIGUSR2: [libjvm.so+0x8f0a60], sa_mask[0]=00000000000000000000000000000000, sa_flags=SA_RESTART|SA_SIGINFO
SIGHUP: [libjvm.so+0x8f10d0], sa_mask[0]=11111111011111111101111111111110, sa_flags=SA_RESTART|SA_SIGINFO
SIGINT: [libjvm.so+0x8f10d0], sa_mask[0]=11111111011111111101111111111110, sa_flags=SA_RESTART|SA_SIGINFO
SIGTERM: [libjvm.so+0x8f10d0], sa_mask[0]=11111111011111111101111111111110, sa_flags=SA_RESTART|SA_SIGINFO
SIGQUIT: [libjvm.so+0x8f10d0], sa_mask[0]=11111111011111111101111111111110, sa_flags=SA_RESTART|SA_SIGINFO


---------------  S Y S T E M  ---------------

OS:DISTRIB_ID=Ubuntu
DISTRIB_RELEASE=18.04
DISTRIB_CODENAME=bionic
DISTRIB_DESCRIPTION="Ubuntu 18.04.3 LTS"

uname:Linux 4.15.0-66-generic #75-Ubuntu SMP Tue Oct 1 05:24:09 UTC 2019 x86_64
libc:glibc 2.27 NPTL 2.27 
rlimit: STACK 8192k, CORE 0k, NPROC 3841, NOFILE 1048576, AS infinity
load average:3.65 0.76 0.24

/proc/meminfo:
MemTotal:        1008808 kB
MemFree:           51388 kB
MemAvailable:      22080 kB
Buffers:            4564 kB
Cached:            48084 kB
SwapCached:            0 kB
Active:           779700 kB
Inactive:          18920 kB
Active(anon):     746532 kB
Inactive(anon):      184 kB
Active(file):      33168 kB
Inactive(file):    18736 kB
Unevictable:           0 kB
Mlocked:               0 kB
SwapTotal:             0 kB
SwapFree:              0 kB
Dirty:               444 kB
Writeback:             0 kB
AnonPages:        746000 kB
Mapped:            40312 kB
Shmem:               640 kB
Slab:              84824 kB
SReclaimable:      32156 kB
SUnreclaim:        52668 kB
KernelStack:       13328 kB
PageTables:        25052 kB
NFS_Unstable:          0 kB
Bounce:                0 kB
WritebackTmp:          0 kB
CommitLimit:      504404 kB
Committed_AS:    5446920 kB
VmallocTotal:   34359738367 kB
VmallocUsed:           0 kB
VmallocChunk:          0 kB
HardwareCorrupted:     0 kB
AnonHugePages:         0 kB
ShmemHugePages:        0 kB
ShmemPmdMapped:        0 kB
CmaTotal:              0 kB
CmaFree:               0 kB
HugePages_Total:       0
HugePages_Free:        0
HugePages_Rsvd:        0
HugePages_Surp:        0
Hugepagesize:       2048 kB
DirectMap4k:      274412 kB
DirectMap2M:      774144 kB
DirectMap1G:           0 kB

container (cgroup) information:
container_type: cgroupv1
cpu_cpuset_cpus: 0-2
cpu_memory_nodes: 0
active_processor_count: 3
cpu_quota: -1
cpu_period: 100000
cpu_shares: -1
memory_limit_in_bytes: -1
memory_and_swap_limit_in_bytes: -2
memory_soft_limit_in_bytes: -1
memory_usage_in_bytes: 774742016
memory_max_usage_in_bytes: 869789696


CPU:total 3 (initial active 3) (1 cores per cpu, 1 threads per core) family 6 model 85 stepping 4, cmov, cx8, fxsr, mmx, sse, sse2, sse3, ssse3, sse4.1, sse4.2, popcnt, avx, avx2, aes, clmul, erms, 3dnowpref, lzcnt, tsc, bmi1, bmi2, adx

/proc/cpuinfo:
processor	: 0
vendor_id	: GenuineIntel
cpu family	: 6
model		: 85
model name	: Intel(R) Xeon(R) Gold 6140 CPU @ 2.30GHz
stepping	: 4
microcode	: 0x1
cpu MHz		: 2294.608
cache size	: 4096 KB
physical id	: 0
siblings	: 1
core id		: 0
cpu cores	: 1
apicid		: 0
initial apicid	: 0
fpu		: yes
fpu_exception	: yes
cpuid level	: 13
wp		: yes
flags		: fpu vme de pse tsc msr pae mce cx8 apic sep mtrr pge mca cmov pat pse36 clflush mmx fxsr sse sse2 ss syscall nx pdpe1gb rdtscp lm constant_tsc arch_perfmon rep_good nopl cpuid tsc_known_freq pni pclmulqdq vmx ssse3 fma cx16 pcid sse4_1 sse4_2 x2apic movbe popcnt tsc_deadline_timer aes xsave avx f16c rdrand hypervisor lahf_lm abm 3dnowprefetch cpuid_fault invpcid_single pti ssbd ibrs ibpb tpr_shadow vnmi flexpriority ept vpid fsgsbase tsc_adjust bmi1 avx2 smep bmi2 erms invpcid mpx avx512f avx512dq rdseed adx smap clflushopt clwb avx512cd avx512bw avx512vl xsaveopt xsavec xgetbv1 pku ospke md_clear
bugs		: cpu_meltdown spectre_v1 spectre_v2 spec_store_bypass l1tf mds swapgs
bogomips	: 4589.21
clflush size	: 64
cache_alignment	: 64
address sizes	: 40 bits physical, 48 bits virtual
power management:

processor	: 1
vendor_id	: GenuineIntel
cpu family	: 6
model		: 85
model name	: Intel(R) Xeon(R) Gold 6140 CPU @ 2.30GHz
stepping	: 4
microcode	: 0x1
cpu MHz		: 2294.608
cache size	: 4096 KB
physical id	: 1
siblings	: 1
core id		: 0
cpu cores	: 1
apicid		: 1
initial apicid	: 1
fpu		: yes
fpu_exception	: yes
cpuid level	: 13
wp		: yes
flags		: fpu vme de pse tsc msr pae mce cx8 apic sep mtrr pge mca cmov pat pse36 clflush mmx fxsr sse sse2 ss syscall nx pdpe1gb rdtscp lm constant_tsc arch_perfmon rep_good nopl cpuid tsc_known_freq pni pclmulqdq vmx ssse3 fma cx16 pcid sse4_1 sse4_2 x2apic movbe popcnt tsc_deadline_timer aes xsave avx f16c rdrand hypervisor lahf_lm abm 3dnowprefetch cpuid_fault invpcid_single pti ssbd ibrs ibpb tpr_shadow vnmi flexpriority ept vpid fsgsbase tsc_adjust bmi1 avx2 smep bmi2 erms invpcid mpx avx512f avx512dq rdseed adx smap clflushopt clwb avx512cd avx512bw avx512vl xsaveopt xsavec xgetbv1 pku ospke md_clear
bugs		: cpu_meltdown spectre_v1 spectre_v2 spec_store_bypass l1tf mds swapgs
bogomips	: 4589.21
clflush size	: 64
cache_alignment	: 64
address sizes	: 40 bits physical, 48 bits virtual
power management:

processor	: 2
vendor_id	: GenuineIntel
cpu family	: 6
model		: 85
model name	: Intel(R) Xeon(R) Gold 6140 CPU @ 2.30GHz
stepping	: 4
microcode	: 0x1
cpu MHz		: 2294.608
cache size	: 4096 KB
physical id	: 2
siblings	: 1
core id		: 0
cpu cores	: 1
apicid		: 2
initial apicid	: 2
fpu		: yes
fpu_exception	: yes
cpuid level	: 13
wp		: yes
flags		: fpu vme de pse tsc msr pae mce cx8 apic sep mtrr pge mca cmov pat pse36 clflush mmx fxsr sse sse2 ss syscall nx pdpe1gb rdtscp lm constant_tsc arch_perfmon rep_good nopl cpuid tsc_known_freq pni pclmulqdq vmx ssse3 fma cx16 pcid sse4_1 sse4_2 x2apic movbe popcnt tsc_deadline_timer aes xsave avx f16c rdrand hypervisor lahf_lm abm 3dnowprefetch cpuid_fault invpcid_single pti ssbd ibrs ibpb tpr_shadow vnmi flexpriority ept vpid fsgsbase tsc_adjust bmi1 avx2 smep bmi2 erms invpcid mpx avx512f avx512dq rdseed adx smap clflushopt clwb avx512cd avx512bw avx512vl xsaveopt xsavec xgetbv1 pku ospke md_clear
bugs		: cpu_meltdown spectre_v1 spectre_v2 spec_store_bypass l1tf mds swapgs
bogomips	: 4589.21
clflush size	: 64
cache_alignment	: 64
address sizes	: 40 bits physical, 48 bits virtual
power management:



Memory: 4k page, physical 1008808k(50320k free), swap 0k(0k free)

vm_info: OpenJDK 64-Bit Server VM (25.242-b08) for linux-amd64 JRE (1.8.0_242-8u242-b08-0ubuntu3~18.04-b08), built on Jan 17 2020 23:41:21 by "buildd" with gcc 7.4.0

time: Mon Apr  6 11:39:51 2020
timezone: UTC
elapsed time: 2 seconds (0d 0h 0m 2s)

