#
# A fatal error has been detected by the Java Runtime Environment:
#
#  SIGSEGV (0xb) at pc=0x00007f108658812a, pid=15524, tid=0x00007f10c5b38700
#
# JRE version: OpenJDK Runtime Environment (8.0_242-b08) (build 1.8.0_242-8u242-b08-0ubuntu3~18.04-b08)
# Java VM: OpenJDK 64-Bit Server VM (25.242-b08 mixed mode linux-amd64 compressed oops)
# Problematic frame:
# C  [mca_gds_ds21.so+0x212a]  pmix_gds_ds21_lock_init+0x12a
#
# Failed to write core dump. Core dumps have been disabled. To enable core dumping, try "ulimit -c unlimited" before starting Java again
#
# If you would like to submit a bug report, please visit:
#   http://bugreport.java.com/bugreport/crash.jsp
# The crash happened outside the Java Virtual Machine in native code.
# See problematic frame for where to report the bug.
#

---------------  T H R E A D  ---------------

Current thread (0x00007f10bc00b800):  JavaThread "main" [_thread_in_native, id=15576, stack(0x00007f10c5a39000,0x00007f10c5b39000)]

siginfo: si_signo: 11 (SIGSEGV), si_code: 1 (SEGV_MAPERR), si_addr: 0x00007f10c026e008

Registers:
RAX=0x00007f10bc275430, RBX=0x00007f10bc275350, RCX=0x00007f10869a885e, RDX=0x00007fff7b26dceb
RSP=0x00007f10c5b36700, RBP=0x00007f10bc2753a8, RSI=0x0000000000085000, RDI=0x0000000000000000
R8 =0x000000000000001e, R9 =0x0000000000000000, R10=0x0000000000000001, R11=0x0000000000000000
R12=0x00007f10bc274fa8, R13=0x0000000000001000, R14=0x00007f10c026e000, R15=0x00007f10bc2753a0
RIP=0x00007f108658812a, EFLAGS=0x0000000000010206, CSGSFS=0x002b000000000033, ERR=0x0000000000000004
  TRAPNO=0x000000000000000e

Top of Stack: (sp=0x00007f10c5b36700)
0x00007f10c5b36700:   00007f10bc275300 00007fff7b26dceb
0x00007f10c5b36710:   0000000000085000 000003e800000002
0x00007f10c5b36720:   0000000000000000 00007f10c53b72ed
0x00007f10c5b36730:   00007f10bc274ff0 917ef38de303bf00
0x00007f10c5b36740:   0000000000000000 00007f10bc274cd0
0x00007f10c5b36750:   0000000000000000 00007fff7b26dceb
0x00007f10c5b36760:   0000000000000000 00007f10bc274f40
0x00007f10c5b36770:   0000000000000000 00007f10869a4bcb
0x00007f10c5b36780:   00007f1086588cee 00007f10c5b36810
0x00007f10c5b36790:   00007f108c3ba513 0000001500000040
0x00007f10c5b367a0:   00007f10bc270620 917ef38de303bf00
0x00007f10c5b367b0:   00007f108699a280 00007f10bc270130
0x00007f10c5b367c0:   00007f108678a2d4 00007f108c5e00a0
0x00007f10c5b367d0:   00007f108678a180 00007f108c5e3fc0
0x00007f10c5b367e0:   00007f10bc274c80 00007f1086587db4
0x00007f10c5b367f0:   00007f108c5e0060 00007f108c3a2ee8
0x00007f10c5b36800:   00007f108c5e0100 00007f10c5b36834
0x00007f10c5b36810:   00007f10c5b36838 0000000000000000
0x00007f10c5b36820:   0000000000000000 00007f108c5e3fd0
0x00007f10c5b36830:   0000001e8c317db0 00007f108678a180
0x00007f10c5b36840:   0000000000000000 917ef38de303bf00
0x00007f10c5b36850:   00007f108c5e00a0 0000000000000000
0x00007f10c5b36860:   0000000000000000 00007f10bc1ff510
0x00007f10c5b36870:   00007f108c317db0 00007f108c5df520
0x00007f10c5b36880:   0000000000000000 00007f108c35d763
0x00007f10c5b36890:   000000000000000c 00007f108c5df7d8
0x00007f10c5b368a0:   2d69706d6e65706f 0000316576616c73
0x00007f10c5b368b0:   00007f108c2a2100 00007f108c29db00
0x00007f10c5b368c0:   00007f108c2a564e 0000000100000000
0x00007f10c5b368d0:   00007f10c5b369d0 00007f1000000003
0x00007f10c5b368e0:   00007f10c5b369c0 917ef38de303bf00
0x00007f10c5b368f0:   00007f10bc1fcef0 00007f108c5def60 

Instructions: (pc=0x00007f108658812a)
0x00007f108658810a:   f7 ff ff 48 85 c0 49 89 47 30 0f 84 16 03 00 00
0x00007f108658811a:   4c 8b 70 18 49 8b 36 4c 39 ee 0f 87 ce 02 00 00
0x00007f108658812a:   41 8b 46 08 41 89 47 40 49 8b 56 18 4c 01 f2 85
0x00007f108658813a:   c0 49 89 57 38 0f 84 eb 02 00 00 31 c0 ba 01 00 

Register to memory mapping:

RAX=0x00007f10bc275430 is an unknown value
RBX=0x00007f10bc275350 is an unknown value
RCX=0x00007f10869a885e: pmix_common_dstor_attach_new_lock_seg+0x1e in /usr/local/lib/libmca_common_dstore.so.1 at 0x00007f108699b000
RDX=0x00007fff7b26dceb is an unknown value
RSP=0x00007f10c5b36700 is pointing into the stack for thread: 0x00007f10bc00b800
RBP=0x00007f10bc2753a8 is an unknown value
RSI=0x0000000000085000 is an unknown value
RDI=0x0000000000000000 is an unknown value
R8 =0x000000000000001e is an unknown value
R9 =0x0000000000000000 is an unknown value
R10=0x0000000000000001 is an unknown value
R11=0x0000000000000000 is an unknown value
R12=0x00007f10bc274fa8 is an unknown value
R13=0x0000000000001000 is an unknown value
R14=0x00007f10c026e000 is an unknown value
R15=0x00007f10bc2753a0 is an unknown value


Stack: [0x00007f10c5a39000,0x00007f10c5b39000],  sp=0x00007f10c5b36700,  free space=1013k
Native frames: (J=compiled Java code, j=interpreted, Vv=VM code, C=native code)
C  [mca_gds_ds21.so+0x212a]  pmix_gds_ds21_lock_init+0x12a

Java frames: (J=compiled Java code, j=interpreted, Vv=VM code)
j  mpi.MPI.Init_jni([Ljava/lang/String;)[Ljava/lang/String;+0
j  mpi.MPI.Init([Ljava/lang/String;)[Ljava/lang/String;+17
j  Client.main([Ljava/lang/String;)V+1
v  ~StubRoutines::call_stub

---------------  P R O C E S S  ---------------

Java Threads: ( => current thread )
  0x00007f1098001000 JavaThread "SIGTERM handler" daemon [_thread_blocked, id=16493, stack(0x00007f1086282000,0x00007f1086383000)]
  0x00007f10bc0b7800 JavaThread "Service Thread" daemon [_thread_blocked, id=15949, stack(0x00007f10c0a63000,0x00007f10c0b64000)]
  0x00007f10bc0b4800 JavaThread "C1 CompilerThread1" daemon [_thread_blocked, id=15945, stack(0x00007f10c0b65000,0x00007f10c0c65000)]
  0x00007f10bc0b2000 JavaThread "C2 CompilerThread0" daemon [_thread_blocked, id=15917, stack(0x00007f10c0c66000,0x00007f10c0d66000)]
  0x00007f10bc0b0800 JavaThread "Signal Dispatcher" daemon [_thread_blocked, id=15890, stack(0x00007f10c0d66000,0x00007f10c0e67000)]
  0x00007f10bc07e000 JavaThread "Finalizer" daemon [_thread_blocked, id=15726, stack(0x00007f10c11a6000,0x00007f10c12a7000)]
  0x00007f10bc079800 JavaThread "Reference Handler" daemon [_thread_blocked, id=15682, stack(0x00007f10c12a7000,0x00007f10c13a8000)]
=>0x00007f10bc00b800 JavaThread "main" [_thread_in_native, id=15576, stack(0x00007f10c5a39000,0x00007f10c5b39000)]

Other Threads:
  0x00007f10bc06f800 VMThread [stack: 0x00007f10c13a9000,0x00007f10c14a9000] [id=15656]
  0x00007f10bc0ba800 WatcherThread [stack: 0x00007f10c0963000,0x00007f10c0a63000] [id=15958]

VM state:not at safepoint (normal execution)

VM Mutex/Monitor currently owned by a thread: None

heap address: 0x00000000f0800000, size: 248 MB, Compressed Oops mode: 32-bit
Narrow klass base: 0x0000000000000000, Narrow klass shift: 3
Compressed class space size: 1073741824 Address: 0x0000000100000000

Heap:
 def new generation   total 4928K, used 1618K [0x00000000f0800000, 0x00000000f0d50000, 0x00000000f5aa0000)
  eden space 4416K,  36% used [0x00000000f0800000, 0x00000000f0994988, 0x00000000f0c50000)
  from space 512K,   0% used [0x00000000f0c50000, 0x00000000f0c50000, 0x00000000f0cd0000)
  to   space 512K,   0% used [0x00000000f0cd0000, 0x00000000f0cd0000, 0x00000000f0d50000)
 tenured generation   total 10944K, used 0K [0x00000000f5aa0000, 0x00000000f6550000, 0x0000000100000000)
   the space 10944K,   0% used [0x00000000f5aa0000, 0x00000000f5aa0000, 0x00000000f5aa0200, 0x00000000f6550000)
 Metaspace       used 3133K, capacity 4792K, committed 5120K, reserved 1056768K
  class space    used 315K, capacity 424K, committed 512K, reserved 1048576K

Card table byte_map: [0x00007f10c59bb000,0x00007f10c5a38000] byte_map_base: 0x00007f10c5237000

Polling page: 0x00007f10c5b44000

CodeCache: size=245760Kb used=1272Kb max_used=1272Kb free=244487Kb
 bounds [0x00007f10ad000000, 0x00007f10ad270000, 0x00007f10bc000000]
 total_blobs=376 nmethods=71 adapters=220
 compilation: enabled

Compilation events (10 events):
Event: 36.530 Thread 0x00007f10bc0b4800   59       3       java.lang.String::startsWith (7 bytes)
Event: 36.531 Thread 0x00007f10bc0b4800 nmethod 59 0x00007f10ad13b4d0 code [0x00007f10ad13b640, 0x00007f10ad13b848]
Event: 36.646 Thread 0x00007f10bc0b4800   66       3       java.util.concurrent.ConcurrentHashMap::tabAt (21 bytes)
Event: 36.646 Thread 0x00007f10bc0b4800 nmethod 66 0x00007f10ad13cd50 code [0x00007f10ad13cec0, 0x00007f10ad13d0f0]
Event: 36.646 Thread 0x00007f10bc0b4800   68       3       java.util.concurrent.ConcurrentHashMap::setTabAt (19 bytes)
Event: 36.646 Thread 0x00007f10bc0b4800 nmethod 68 0x00007f10ad13d510 code [0x00007f10ad13d660, 0x00007f10ad13d7d0]
Event: 36.647 Thread 0x00007f10bc0b4800   70       3       java.util.Arrays::copyOf (19 bytes)
Event: 36.647 Thread 0x00007f10bc0b4800 nmethod 70 0x00007f10ad13d850 code [0x00007f10ad13d9e0, 0x00007f10ad13dd08]
Event: 36.647 Thread 0x00007f10bc0b4800   71       3       java.lang.CharacterDataLatin1::toLowerCase (39 bytes)
Event: 36.647 Thread 0x00007f10bc0b4800 nmethod 71 0x00007f10ad13de10 code [0x00007f10ad13df80, 0x00007f10ad13e1f0]

GC Heap History (0 events):
No events

Deoptimization events (0 events):
No events

Classes redefined (0 events):
No events

Internal exceptions (5 events):
Event: 0.387 Thread 0x00007f10bc00b800 Exception <a 'java/lang/NoSuchMethodError': Method sun.misc.Unsafe.defineClass(Ljava/lang/String;[BII)Ljava/lang/Class; name or signature does not match> (0x00000000f0807cc8) thrown at [/build/openjdk-8-58sEEn/openjdk-8-8u242-b08/src/hotspot/src/share/vm/
Event: 0.387 Thread 0x00007f10bc00b800 Exception <a 'java/lang/NoSuchMethodError': Method sun.misc.Unsafe.prefetchRead(Ljava/lang/Object;J)V name or signature does not match> (0x00000000f0807fb0) thrown at [/build/openjdk-8-58sEEn/openjdk-8-8u242-b08/src/hotspot/src/share/vm/prims/jni.cpp, lin
Event: 1.276 Thread 0x00007f10bc00b800 Exception <a 'java/util/zip/ZipException'> (0x00000000f085dec8) thrown at [/build/openjdk-8-58sEEn/openjdk-8-8u242-b08/src/hotspot/src/share/vm/prims/jni.cpp, line 710]
Event: 1.276 Thread 0x00007f10bc00b800 Exception <a 'java/security/PrivilegedActionException'> (0x00000000f085e168) thrown at [/build/openjdk-8-58sEEn/openjdk-8-8u242-b08/src/hotspot/src/share/vm/prims/jvm.cpp, line 1502]
Event: 1.276 Thread 0x00007f10bc00b800 Exception <a 'java/security/PrivilegedActionException'> (0x00000000f085e378) thrown at [/build/openjdk-8-58sEEn/openjdk-8-8u242-b08/src/hotspot/src/share/vm/prims/jvm.cpp, line 1502]

Events (10 events):
Event: 36.434 loading class mpi/Constant
Event: 36.434 loading class mpi/Constant done
Event: 36.435 loading class mpi/Errhandler
Event: 36.435 loading class mpi/Errhandler done
Event: 36.525 loading class mpi/Intracomm
Event: 36.525 loading class mpi/Intracomm done
Event: 36.525 loading class mpi/Comm
Event: 36.525 loading class mpi/Comm done
Event: 36.646 loading class mpi/Version
Event: 36.646 loading class mpi/Version done


Dynamic libraries:
f0800000-f0d50000 rw-p 00000000 00:00 0 
f0d50000-f5aa0000 ---p 00000000 00:00 0 
f5aa0000-f6550000 rw-p 00000000 00:00 0 
f6550000-100000000 ---p 00000000 00:00 0 
100000000-100080000 rw-p 00000000 00:00 0 
100080000-140000000 ---p 00000000 00:00 0 
5600ebe02000-5600ebe03000 r-xp 00000000 fc:01 2079032                    /usr/lib/jvm/java-8-openjdk-amd64/jre/bin/java
5600ec002000-5600ec003000 r--p 00000000 fc:01 2079032                    /usr/lib/jvm/java-8-openjdk-amd64/jre/bin/java
5600ec003000-5600ec004000 rw-p 00001000 fc:01 2079032                    /usr/lib/jvm/java-8-openjdk-amd64/jre/bin/java
5600ec555000-5600ec576000 rw-p 00000000 00:00 0                          [heap]
7f1078000000-7f1078021000 rw-p 00000000 00:00 0 
7f1078021000-7f107c000000 ---p 00000000 00:00 0 
7f1080000000-7f1080021000 rw-p 00000000 00:00 0 
7f1080021000-7f1084000000 ---p 00000000 00:00 0 
7f1086282000-7f1086285000 ---p 00000000 00:00 0 
7f1086285000-7f1086383000 rw-p 00000000 00:00 0 
7f1086383000-7f1086385000 r-xp 00000000 fc:01 526222                     /usr/local/lib/pmix/mca_pshmem_mmap.so
7f1086385000-7f1086584000 ---p 00002000 fc:01 526222                     /usr/local/lib/pmix/mca_pshmem_mmap.so
7f1086584000-7f1086585000 r--p 00001000 fc:01 526222                     /usr/local/lib/pmix/mca_pshmem_mmap.so
7f1086585000-7f1086586000 rw-p 00002000 fc:01 526222                     /usr/local/lib/pmix/mca_pshmem_mmap.so
7f1086586000-7f108658a000 r-xp 00000000 fc:01 526198                     /usr/local/lib/pmix/mca_gds_ds21.so
7f108658a000-7f1086789000 ---p 00004000 fc:01 526198                     /usr/local/lib/pmix/mca_gds_ds21.so
7f1086789000-7f108678a000 r--p 00003000 fc:01 526198                     /usr/local/lib/pmix/mca_gds_ds21.so
7f108678a000-7f108678b000 rw-p 00004000 fc:01 526198                     /usr/local/lib/pmix/mca_gds_ds21.so
7f108678b000-7f108679a000 r-xp 00000000 fc:01 526200                     /usr/local/lib/pmix/mca_gds_hash.so
7f108679a000-7f1086999000 ---p 0000f000 fc:01 526200                     /usr/local/lib/pmix/mca_gds_hash.so
7f1086999000-7f108699a000 r--p 0000e000 fc:01 526200                     /usr/local/lib/pmix/mca_gds_hash.so
7f108699a000-7f108699b000 rw-p 0000f000 fc:01 526200                     /usr/local/lib/pmix/mca_gds_hash.so
7f108699b000-7f10869aa000 r-xp 00000000 fc:01 7028                       /usr/local/lib/libmca_common_dstore.so.1.0.0
7f10869aa000-7f1086ba9000 ---p 0000f000 fc:01 7028                       /usr/local/lib/libmca_common_dstore.so.1.0.0
7f1086ba9000-7f1086baa000 r--p 0000e000 fc:01 7028                       /usr/local/lib/libmca_common_dstore.so.1.0.0
7f1086baa000-7f1086bab000 rw-p 0000f000 fc:01 7028                       /usr/local/lib/libmca_common_dstore.so.1.0.0
7f1086bab000-7f1086baf000 r-xp 00000000 fc:01 526196                     /usr/local/lib/pmix/mca_gds_ds12.so
7f1086baf000-7f1086dae000 ---p 00004000 fc:01 526196                     /usr/local/lib/pmix/mca_gds_ds12.so
7f1086dae000-7f1086daf000 r--p 00003000 fc:01 526196                     /usr/local/lib/pmix/mca_gds_ds12.so
7f1086daf000-7f1086db0000 rw-p 00004000 fc:01 526196                     /usr/local/lib/pmix/mca_gds_ds12.so
7f1086db0000-7f1086db8000 r-xp 00000000 fc:01 526226                     /usr/local/lib/pmix/mca_ptl_usock.so
7f1086db8000-7f1086fb7000 ---p 00008000 fc:01 526226                     /usr/local/lib/pmix/mca_ptl_usock.so
7f1086fb7000-7f1086fb8000 r--p 00007000 fc:01 526226                     /usr/local/lib/pmix/mca_ptl_usock.so
7f1086fb8000-7f1086fb9000 rw-p 00008000 fc:01 526226                     /usr/local/lib/pmix/mca_ptl_usock.so
7f1086fb9000-7f1086fca000 r-xp 00000000 fc:01 526224                     /usr/local/lib/pmix/mca_ptl_tcp.so
7f1086fca000-7f10871c9000 ---p 00011000 fc:01 526224                     /usr/local/lib/pmix/mca_ptl_tcp.so
7f10871c9000-7f10871ca000 r--p 00010000 fc:01 526224                     /usr/local/lib/pmix/mca_ptl_tcp.so
7f10871ca000-7f10871cb000 rw-p 00011000 fc:01 526224                     /usr/local/lib/pmix/mca_ptl_tcp.so
7f10871cb000-7f10871dc000 r-xp 00000000 fc:01 526188                     /usr/local/lib/pmix/mca_bfrops_v12.so
7f10871dc000-7f10873dc000 ---p 00011000 fc:01 526188                     /usr/local/lib/pmix/mca_bfrops_v12.so
7f10873dc000-7f10873dd000 r--p 00011000 fc:01 526188                     /usr/local/lib/pmix/mca_bfrops_v12.so
7f10873dd000-7f10873de000 rw-p 00012000 fc:01 526188                     /usr/local/lib/pmix/mca_bfrops_v12.so
7f10873de000-7f10873f5000 r-xp 00000000 fc:01 526190                     /usr/local/lib/pmix/mca_bfrops_v20.so
7f10873f5000-7f10875f4000 ---p 00017000 fc:01 526190                     /usr/local/lib/pmix/mca_bfrops_v20.so
7f10875f4000-7f10875f5000 r--p 00016000 fc:01 526190                     /usr/local/lib/pmix/mca_bfrops_v20.so
7f10875f5000-7f10875f6000 rw-p 00017000 fc:01 526190                     /usr/local/lib/pmix/mca_bfrops_v20.so
7f10875f6000-7f10875fe000 r-xp 00000000 fc:01 526194                     /usr/local/lib/pmix/mca_bfrops_v3.so
7f10875fe000-7f10877fd000 ---p 00008000 fc:01 526194                     /usr/local/lib/pmix/mca_bfrops_v3.so
7f10877fd000-7f10877fe000 r--p 00007000 fc:01 526194                     /usr/local/lib/pmix/mca_bfrops_v3.so
7f10877fe000-7f10877ff000 rw-p 00008000 fc:01 526194                     /usr/local/lib/pmix/mca_bfrops_v3.so
7f10877ff000-7f1087800000 ---p 00000000 00:00 0 
7f1087800000-7f1088000000 rw-p 00000000 00:00 0 
7f1088000000-7f1088021000 rw-p 00000000 00:00 0 
7f1088021000-7f108c000000 ---p 00000000 00:00 0 
7f108c094000-7f108c09b000 r-xp 00000000 fc:01 526192                     /usr/local/lib/pmix/mca_bfrops_v21.so
7f108c09b000-7f108c29b000 ---p 00007000 fc:01 526192                     /usr/local/lib/pmix/mca_bfrops_v21.so
7f108c29b000-7f108c29c000 r--p 00007000 fc:01 526192                     /usr/local/lib/pmix/mca_bfrops_v21.so
7f108c29c000-7f108c29d000 rw-p 00008000 fc:01 526192                     /usr/local/lib/pmix/mca_bfrops_v21.so
7f108c29d000-7f108c3dc000 r-xp 00000000 fc:01 526228                     /usr/local/lib/openmpi/mca_pmix_pmix3x.so
7f108c3dc000-7f108c5dc000 ---p 0013f000 fc:01 526228                     /usr/local/lib/openmpi/mca_pmix_pmix3x.so
7f108c5dc000-7f108c5dd000 r--p 0013f000 fc:01 526228                     /usr/local/lib/openmpi/mca_pmix_pmix3x.so
7f108c5dd000-7f108c5e2000 rw-p 00140000 fc:01 526228                     /usr/local/lib/openmpi/mca_pmix_pmix3x.so
7f108c5e2000-7f108c5e5000 rw-p 00000000 00:00 0 
7f108c5e8000-7f108c5ea000 r-xp 00000000 fc:01 526214                     /usr/local/lib/pmix/mca_psec_native.so
7f108c5ea000-7f108c7e9000 ---p 00002000 fc:01 526214                     /usr/local/lib/pmix/mca_psec_native.so
7f108c7e9000-7f108c7ea000 r--p 00001000 fc:01 526214                     /usr/local/lib/pmix/mca_psec_native.so
7f108c7ea000-7f108c7eb000 rw-p 00002000 fc:01 526214                     /usr/local/lib/pmix/mca_psec_native.so
7f108c7eb000-7f108c7ef000 r-xp 00000000 fc:01 526266                     /usr/local/lib/openmpi/mca_ess_pmi.so
7f108c7ef000-7f108c9ee000 ---p 00004000 fc:01 526266                     /usr/local/lib/openmpi/mca_ess_pmi.so
7f108c9ee000-7f108c9ef000 r--p 00003000 fc:01 526266                     /usr/local/lib/openmpi/mca_ess_pmi.so
7f108c9ef000-7f108c9f0000 rw-p 00004000 fc:01 526266                     /usr/local/lib/openmpi/mca_ess_pmi.so
7f108c9f0000-7f108c9f1000 r-xp 00000000 fc:01 526334                     /usr/local/lib/openmpi/mca_schizo_orte.so
7f108c9f1000-7f108cbf0000 ---p 00001000 fc:01 526334                     /usr/local/lib/openmpi/mca_schizo_orte.so
7f108cbf0000-7f108cbf1000 r--p 00000000 fc:01 526334                     /usr/local/lib/openmpi/mca_schizo_orte.so
7f108cbf1000-7f108cbf2000 rw-p 00001000 fc:01 526334                     /usr/local/lib/openmpi/mca_schizo_orte.so
7f108cbf2000-7f108cbf4000 r-xp 00000000 fc:01 526336                     /usr/local/lib/openmpi/mca_schizo_slurm.so
7f108cbf4000-7f108cdf3000 ---p 00002000 fc:01 526336                     /usr/local/lib/openmpi/mca_schizo_slurm.so
7f108cdf3000-7f108cdf4000 r--p 00001000 fc:01 526336                     /usr/local/lib/openmpi/mca_schizo_slurm.so
7f108cdf4000-7f108cdf5000 rw-p 00002000 fc:01 526336                     /usr/local/lib/openmpi/mca_schizo_slurm.so
7f108cdf5000-7f108cdfd000 r-xp 00000000 fc:01 526332                     /usr/local/lib/openmpi/mca_schizo_ompi.so
7f108cdfd000-7f108cffc000 ---p 00008000 fc:01 526332                     /usr/local/lib/openmpi/mca_schizo_ompi.so
7f108cffc000-7f108cffd000 r--p 00007000 fc:01 526332                     /usr/local/lib/openmpi/mca_schizo_ompi.so
7f108cffd000-7f108cfff000 rw-p 00008000 fc:01 526332                     /usr/local/lib/openmpi/mca_schizo_ompi.so
7f108cfff000-7f1090000000 rw-p 00000000 00:00 0 
7f1090000000-7f10901ad000 rw-p 00000000 00:00 0 
7f10901ad000-7f1094000000 ---p 00000000 00:00 0 
7f1094000000-7f1094021000 rw-p 00000000 00:00 0 
7f1094021000-7f1098000000 ---p 00000000 00:00 0 
7f1098000000-7f1098021000 rw-p 00000000 00:00 0 
7f1098021000-7f109c000000 ---p 00000000 00:00 0 
7f109c000000-7f109c077000 rw-p 00000000 00:00 0 
7f109c077000-7f10a0000000 ---p 00000000 00:00 0 
7f10a0000000-7f10a0021000 rw-p 00000000 00:00 0 
7f10a0021000-7f10a4000000 ---p 00000000 00:00 0 
7f10a4000000-7f10a4021000 rw-p 00000000 00:00 0 
7f10a4021000-7f10a8000000 ---p 00000000 00:00 0 
7f10a8000000-7f10a8021000 rw-p 00000000 00:00 0 
7f10a8021000-7f10ac000000 ---p 00000000 00:00 0 
7f10ac06e000-7f10ac0f3000 rw-s 00000000 fc:01 526899                     /tmp/ompi.openmpi-slave1.1000/jf.8274/pmix_dstor_ds21_15448/smlockseg-542244865
7f10ac0f3000-7f10ac0f4000 r-xp 00000000 fc:01 526330                     /usr/local/lib/openmpi/mca_schizo_flux.so
7f10ac0f4000-7f10ac2f4000 ---p 00001000 fc:01 526330                     /usr/local/lib/openmpi/mca_schizo_flux.so
7f10ac2f4000-7f10ac2f5000 r--p 00001000 fc:01 526330                     /usr/local/lib/openmpi/mca_schizo_flux.so
7f10ac2f5000-7f10ac2f6000 rw-p 00002000 fc:01 526330                     /usr/local/lib/openmpi/mca_schizo_flux.so
7f10ac2f6000-7f10ac2f8000 r-xp 00000000 fc:01 526234                     /usr/local/lib/openmpi/mca_reachable_weighted.so
7f10ac2f8000-7f10ac4f7000 ---p 00002000 fc:01 526234                     /usr/local/lib/openmpi/mca_reachable_weighted.so
7f10ac4f7000-7f10ac4f8000 r--p 00001000 fc:01 526234                     /usr/local/lib/openmpi/mca_reachable_weighted.so
7f10ac4f8000-7f10ac4f9000 rw-p 00002000 fc:01 526234                     /usr/local/lib/openmpi/mca_reachable_weighted.so
7f10ac4f9000-7f10ac4fc000 r-xp 00000000 fc:01 526236                     /usr/local/lib/openmpi/mca_shmem_mmap.so
7f10ac4fc000-7f10ac6fb000 ---p 00003000 fc:01 526236                     /usr/local/lib/openmpi/mca_shmem_mmap.so
7f10ac6fb000-7f10ac6fc000 r--p 00002000 fc:01 526236                     /usr/local/lib/openmpi/mca_shmem_mmap.so
7f10ac6fc000-7f10ac6fd000 rw-p 00003000 fc:01 526236                     /usr/local/lib/openmpi/mca_shmem_mmap.so
7f10ac6fd000-7f10ac7b0000 r-xp 00000000 fc:01 7159                       /usr/local/lib/libopen-rte.so.40.20.1
7f10ac7b0000-7f10ac9af000 ---p 000b3000 fc:01 7159                       /usr/local/lib/libopen-rte.so.40.20.1
7f10ac9af000-7f10ac9b1000 r--p 000b2000 fc:01 7159                       /usr/local/lib/libopen-rte.so.40.20.1
7f10ac9b1000-7f10ac9b5000 rw-p 000b4000 fc:01 7159                       /usr/local/lib/libopen-rte.so.40.20.1
7f10ac9b5000-7f10ac9b8000 rw-p 00000000 00:00 0 
7f10ac9b8000-7f10acabf000 r-xp 00000000 fc:01 4656                       /usr/local/lib/libopen-pal.so.40.20.1
7f10acabf000-7f10accbf000 ---p 00107000 fc:01 4656                       /usr/local/lib/libopen-pal.so.40.20.1
7f10accbf000-7f10accc2000 r--p 00107000 fc:01 4656                       /usr/local/lib/libopen-pal.so.40.20.1
7f10accc2000-7f10accc8000 rw-p 0010a000 fc:01 4656                       /usr/local/lib/libopen-pal.so.40.20.1
7f10accc8000-7f10acccf000 rw-p 00000000 00:00 0 
7f10acccf000-7f10acddc000 r-xp 00000000 fc:01 7362                       /usr/local/lib/libmpi.so.40.20.1
7f10acddc000-7f10acfdb000 ---p 0010d000 fc:01 7362                       /usr/local/lib/libmpi.so.40.20.1
7f10acfdb000-7f10acfdd000 r--p 0010c000 fc:01 7362                       /usr/local/lib/libmpi.so.40.20.1
7f10acfdd000-7f10acfee000 rw-p 0010e000 fc:01 7362                       /usr/local/lib/libmpi.so.40.20.1
7f10acfee000-7f10ad000000 rw-p 00000000 00:00 0 
7f10ad000000-7f10ad270000 rwxp 00000000 00:00 0 
7f10ad270000-7f10bc000000 ---p 00000000 00:00 0 
7f10bc000000-7f10bc277000 rw-p 00000000 00:00 0 
7f10bc277000-7f10c0000000 ---p 00000000 00:00 0 
7f10c0064000-7f10c0066000 r-xp 00000000 fc:01 2182                       /lib/x86_64-linux-gnu/libutil-2.27.so
7f10c0066000-7f10c0265000 ---p 00002000 fc:01 2182                       /lib/x86_64-linux-gnu/libutil-2.27.so
7f10c0265000-7f10c0266000 r--p 00001000 fc:01 2182                       /lib/x86_64-linux-gnu/libutil-2.27.so
7f10c0266000-7f10c0267000 rw-p 00002000 fc:01 2182                       /lib/x86_64-linux-gnu/libutil-2.27.so
7f10c026f000-7f10c0270000 r--s 00000000 fc:01 526900                     /tmp/ompi.openmpi-slave1.1000/jf.8274/pmix_dstor_ds12_15448/initial-pmix_shared-segment-0
7f10c0270000-7f10c0271000 rw-s 00000000 fc:01 526901                     /tmp/ompi.openmpi-slave1.1000/jf.8274/pmix_dstor_ds12_15448/dstore_sm.lock
7f10c0271000-7f10c0299000 r-xp 00000000 fc:01 29870                      /usr/local/lib/libmpi_java.so.40.20.0
7f10c0299000-7f10c0498000 ---p 00028000 fc:01 29870                      /usr/local/lib/libmpi_java.so.40.20.0
7f10c0498000-7f10c0499000 r--p 00027000 fc:01 29870                      /usr/local/lib/libmpi_java.so.40.20.0
7f10c0499000-7f10c049a000 rw-p 00028000 fc:01 29870                      /usr/local/lib/libmpi_java.so.40.20.0
7f10c049a000-7f10c049b000 r--s 0000f000 00:34 527712                     /home/mpiuser/cloud/fyp/java_client/lib/mpi.jar
7f10c049b000-7f10c049e000 r--s 0000e000 00:34 527707                     /home/mpiuser/cloud/fyp/java_client/lib/jackson-annotations-2.10.3.jar
7f10c049e000-7f10c04bb000 r--s 00142000 00:34 527719                     /home/mpiuser/cloud/fyp/java_client/lib/spring-web-5.2.5.RELEASE.jar
7f10c04bb000-7f10c04c8000 r--s 00090000 00:34 527704                     /home/mpiuser/cloud/fyp/java_client/lib/amqp-client-5.8.0.jar
7f10c04c8000-7f10c04c9000 r--s 00003000 00:34 527715                     /home/mpiuser/cloud/fyp/java_client/lib/slf4j-simple-1.7.30.jar
7f10c04c9000-7f10c04de000 r--s 00142000 00:34 527710                     /home/mpiuser/cloud/fyp/java_client/lib/jackson-databind-2.10.2.jar
7f10c04de000-7f10c04f3000 r--s 00142000 00:34 527711                     /home/mpiuser/cloud/fyp/java_client/lib/jackson-databind-2.10.3.jar
7f10c04f3000-7f10c04f4000 r--s 00005000 00:34 527718                     /home/mpiuser/cloud/fyp/java_client/lib/spring-jcl-5.2.5.RELEASE.jar
7f10c04f4000-7f10c050b000 r-xp 00000000 fc:01 2079070                    /usr/lib/jvm/java-8-openjdk-amd64/jre/lib/amd64/libnet.so
7f10c050b000-7f10c070a000 ---p 00017000 fc:01 2079070                    /usr/lib/jvm/java-8-openjdk-amd64/jre/lib/amd64/libnet.so
7f10c070a000-7f10c070b000 r--p 00016000 fc:01 2079070                    /usr/lib/jvm/java-8-openjdk-amd64/jre/lib/amd64/libnet.so
7f10c070b000-7f10c070c000 rw-p 00017000 fc:01 2079070                    /usr/lib/jvm/java-8-openjdk-amd64/jre/lib/amd64/libnet.so
7f10c070c000-7f10c071d000 r-xp 00000000 fc:01 2079071                    /usr/lib/jvm/java-8-openjdk-amd64/jre/lib/amd64/libnio.so
7f10c071d000-7f10c091d000 ---p 00011000 fc:01 2079071                    /usr/lib/jvm/java-8-openjdk-amd64/jre/lib/amd64/libnio.so
7f10c091d000-7f10c091e000 r--p 00011000 fc:01 2079071                    /usr/lib/jvm/java-8-openjdk-amd64/jre/lib/amd64/libnio.so
7f10c091e000-7f10c091f000 rw-p 00012000 fc:01 2079071                    /usr/lib/jvm/java-8-openjdk-amd64/jre/lib/amd64/libnio.so
7f10c091f000-7f10c093a000 r--s 001d6000 fc:01 2079097                    /usr/lib/jvm/java-8-openjdk-amd64/jre/lib/ext/nashorn.jar
7f10c093a000-7f10c093e000 r--s 0003a000 fc:01 2079100                    /usr/lib/jvm/java-8-openjdk-amd64/jre/lib/ext/sunpkcs11.jar
7f10c093e000-7f10c0943000 r--s 0003d000 fc:01 2079099                    /usr/lib/jvm/java-8-openjdk-amd64/jre/lib/ext/sunjce_provider.jar
7f10c0943000-7f10c0944000 r--s 00010000 fc:01 2079101                    /usr/lib/jvm/java-8-openjdk-amd64/jre/lib/ext/zipfs.jar
7f10c0944000-7f10c0945000 r--s 0000a000 fc:01 2079095                    /usr/lib/jvm/java-8-openjdk-amd64/jre/lib/ext/jaccess.jar
7f10c0945000-7f10c0947000 r--s 00007000 fc:01 29704                      /usr/share/java/java-atk-wrapper.jar
7f10c0947000-7f10c0962000 r--s 00394000 fc:01 2079092                    /usr/lib/jvm/java-8-openjdk-amd64/jre/lib/ext/cldrdata.jar
7f10c0962000-7f10c0963000 ---p 00000000 00:00 0 
7f10c0963000-7f10c0a63000 rw-p 00000000 00:00 0 
7f10c0a63000-7f10c0a66000 ---p 00000000 00:00 0 
7f10c0a66000-7f10c0b64000 rw-p 00000000 00:00 0 
7f10c0b64000-7f10c0b65000 ---p 00000000 00:00 0 
7f10c0b65000-7f10c0b68000 ---p 00000000 00:00 0 
7f10c0b68000-7f10c0c65000 rw-p 00000000 00:00 0 
7f10c0c65000-7f10c0c66000 ---p 00000000 00:00 0 
7f10c0c66000-7f10c0c69000 ---p 00000000 00:00 0 
7f10c0c69000-7f10c0d66000 rw-p 00000000 00:00 0 
7f10c0d66000-7f10c0d69000 ---p 00000000 00:00 0 
7f10c0d69000-7f10c0e67000 rw-p 00000000 00:00 0 
7f10c0e67000-7f10c0e98000 r--p 00000000 fc:01 7802                       /usr/lib/locale/C.UTF-8/LC_CTYPE
7f10c0e98000-7f10c100b000 r--p 00000000 fc:01 7801                       /usr/lib/locale/C.UTF-8/LC_COLLATE
7f10c100b000-7f10c11a6000 r--p 00000000 fc:01 7796                       /usr/lib/locale/locale-archive
7f10c11a6000-7f10c11a9000 ---p 00000000 00:00 0 
7f10c11a9000-7f10c12a7000 rw-p 00000000 00:00 0 
7f10c12a7000-7f10c12aa000 ---p 00000000 00:00 0 
7f10c12aa000-7f10c13a8000 rw-p 00000000 00:00 0 
7f10c13a8000-7f10c13a9000 ---p 00000000 00:00 0 
7f10c13a9000-7f10c14f7000 rw-p 00000000 00:00 0 
7f10c14f7000-7f10c16c7000 r--s 03c68000 fc:01 2079121                    /usr/lib/jvm/java-8-openjdk-amd64/jre/lib/rt.jar
7f10c16c7000-7f10c1c40000 rw-p 00000000 00:00 0 
7f10c1c40000-7f10c1fc0000 ---p 00000000 00:00 0 
7f10c1fc0000-7f10c1fca000 rw-p 00000000 00:00 0 
7f10c1fca000-7f10c2380000 ---p 00000000 00:00 0 
7f10c2380000-7f10c2388000 r-xp 00000000 fc:01 2079078                    /usr/lib/jvm/java-8-openjdk-amd64/jre/lib/amd64/libzip.so
7f10c2388000-7f10c2587000 ---p 00008000 fc:01 2079078                    /usr/lib/jvm/java-8-openjdk-amd64/jre/lib/amd64/libzip.so
7f10c2587000-7f10c2588000 r--p 00007000 fc:01 2079078                    /usr/lib/jvm/java-8-openjdk-amd64/jre/lib/amd64/libzip.so
7f10c2588000-7f10c2589000 rw-p 00008000 fc:01 2079078                    /usr/lib/jvm/java-8-openjdk-amd64/jre/lib/amd64/libzip.so
7f10c2589000-7f10c2594000 r-xp 00000000 fc:01 2093                       /lib/x86_64-linux-gnu/libnss_files-2.27.so
7f10c2594000-7f10c2793000 ---p 0000b000 fc:01 2093                       /lib/x86_64-linux-gnu/libnss_files-2.27.so
7f10c2793000-7f10c2794000 r--p 0000a000 fc:01 2093                       /lib/x86_64-linux-gnu/libnss_files-2.27.so
7f10c2794000-7f10c2795000 rw-p 0000b000 fc:01 2093                       /lib/x86_64-linux-gnu/libnss_files-2.27.so
7f10c2795000-7f10c279b000 rw-p 00000000 00:00 0 
7f10c279b000-7f10c27b2000 r-xp 00000000 fc:01 2090                       /lib/x86_64-linux-gnu/libnsl-2.27.so
7f10c27b2000-7f10c29b1000 ---p 00017000 fc:01 2090                       /lib/x86_64-linux-gnu/libnsl-2.27.so
7f10c29b1000-7f10c29b2000 r--p 00016000 fc:01 2090                       /lib/x86_64-linux-gnu/libnsl-2.27.so
7f10c29b2000-7f10c29b3000 rw-p 00017000 fc:01 2090                       /lib/x86_64-linux-gnu/libnsl-2.27.so
7f10c29b3000-7f10c29b5000 rw-p 00000000 00:00 0 
7f10c29b5000-7f10c29c0000 r-xp 00000000 fc:01 2095                       /lib/x86_64-linux-gnu/libnss_nis-2.27.so
7f10c29c0000-7f10c2bbf000 ---p 0000b000 fc:01 2095                       /lib/x86_64-linux-gnu/libnss_nis-2.27.so
7f10c2bbf000-7f10c2bc0000 r--p 0000a000 fc:01 2095                       /lib/x86_64-linux-gnu/libnss_nis-2.27.so
7f10c2bc0000-7f10c2bc1000 rw-p 0000b000 fc:01 2095                       /lib/x86_64-linux-gnu/libnss_nis-2.27.so
7f10c2bc1000-7f10c2bc9000 r-xp 00000000 fc:01 2091                       /lib/x86_64-linux-gnu/libnss_compat-2.27.so
7f10c2bc9000-7f10c2dc9000 ---p 00008000 fc:01 2091                       /lib/x86_64-linux-gnu/libnss_compat-2.27.so
7f10c2dc9000-7f10c2dca000 r--p 00008000 fc:01 2091                       /lib/x86_64-linux-gnu/libnss_compat-2.27.so
7f10c2dca000-7f10c2dcb000 rw-p 00009000 fc:01 2091                       /lib/x86_64-linux-gnu/libnss_compat-2.27.so
7f10c2dcb000-7f10c2df5000 r-xp 00000000 fc:01 2079059                    /usr/lib/jvm/java-8-openjdk-amd64/jre/lib/amd64/libjava.so
7f10c2df5000-7f10c2ff4000 ---p 0002a000 fc:01 2079059                    /usr/lib/jvm/java-8-openjdk-amd64/jre/lib/amd64/libjava.so
7f10c2ff4000-7f10c2ff5000 r--p 00029000 fc:01 2079059                    /usr/lib/jvm/java-8-openjdk-amd64/jre/lib/amd64/libjava.so
7f10c2ff5000-7f10c2ff7000 rw-p 0002a000 fc:01 2079059                    /usr/lib/jvm/java-8-openjdk-amd64/jre/lib/amd64/libjava.so
7f10c2ff7000-7f10c3007000 r-xp 00000000 fc:01 2079077                    /usr/lib/jvm/java-8-openjdk-amd64/jre/lib/amd64/libverify.so
7f10c3007000-7f10c3206000 ---p 00010000 fc:01 2079077                    /usr/lib/jvm/java-8-openjdk-amd64/jre/lib/amd64/libverify.so
7f10c3206000-7f10c3208000 r--p 0000f000 fc:01 2079077                    /usr/lib/jvm/java-8-openjdk-amd64/jre/lib/amd64/libverify.so
7f10c3208000-7f10c3209000 rw-p 00011000 fc:01 2079077                    /usr/lib/jvm/java-8-openjdk-amd64/jre/lib/amd64/libverify.so
7f10c3209000-7f10c3210000 r-xp 00000000 fc:01 2180                       /lib/x86_64-linux-gnu/librt-2.27.so
7f10c3210000-7f10c340f000 ---p 00007000 fc:01 2180                       /lib/x86_64-linux-gnu/librt-2.27.so
7f10c340f000-7f10c3410000 r--p 00006000 fc:01 2180                       /lib/x86_64-linux-gnu/librt-2.27.so
7f10c3410000-7f10c3411000 rw-p 00007000 fc:01 2180                       /lib/x86_64-linux-gnu/librt-2.27.so
7f10c3411000-7f10c3428000 r-xp 00000000 fc:01 19131                      /lib/x86_64-linux-gnu/libgcc_s.so.1
7f10c3428000-7f10c3627000 ---p 00017000 fc:01 19131                      /lib/x86_64-linux-gnu/libgcc_s.so.1
7f10c3627000-7f10c3628000 r--p 00016000 fc:01 19131                      /lib/x86_64-linux-gnu/libgcc_s.so.1
7f10c3628000-7f10c3629000 rw-p 00017000 fc:01 19131                      /lib/x86_64-linux-gnu/libgcc_s.so.1
7f10c3629000-7f10c37c6000 r-xp 00000000 fc:01 2087                       /lib/x86_64-linux-gnu/libm-2.27.so
7f10c37c6000-7f10c39c5000 ---p 0019d000 fc:01 2087                       /lib/x86_64-linux-gnu/libm-2.27.so
7f10c39c5000-7f10c39c6000 r--p 0019c000 fc:01 2087                       /lib/x86_64-linux-gnu/libm-2.27.so
7f10c39c6000-7f10c39c7000 rw-p 0019d000 fc:01 2087                       /lib/x86_64-linux-gnu/libm-2.27.so
7f10c39c7000-7f10c3b40000 r-xp 00000000 fc:01 7835                       /usr/lib/x86_64-linux-gnu/libstdc++.so.6.0.25
7f10c3b40000-7f10c3d40000 ---p 00179000 fc:01 7835                       /usr/lib/x86_64-linux-gnu/libstdc++.so.6.0.25
7f10c3d40000-7f10c3d4a000 r--p 00179000 fc:01 7835                       /usr/lib/x86_64-linux-gnu/libstdc++.so.6.0.25
7f10c3d4a000-7f10c3d4c000 rw-p 00183000 fc:01 7835                       /usr/lib/x86_64-linux-gnu/libstdc++.so.6.0.25
7f10c3d4c000-7f10c3d50000 rw-p 00000000 00:00 0 
7f10c3d50000-7f10c49f3000 r-xp 00000000 fc:01 2079081                    /usr/lib/jvm/java-8-openjdk-amd64/jre/lib/amd64/server/libjvm.so
7f10c49f3000-7f10c4bf3000 ---p 00ca3000 fc:01 2079081                    /usr/lib/jvm/java-8-openjdk-amd64/jre/lib/amd64/server/libjvm.so
7f10c4bf3000-7f10c4c87000 r--p 00ca3000 fc:01 2079081                    /usr/lib/jvm/java-8-openjdk-amd64/jre/lib/amd64/server/libjvm.so
7f10c4c87000-7f10c4cb0000 rw-p 00d37000 fc:01 2079081                    /usr/lib/jvm/java-8-openjdk-amd64/jre/lib/amd64/server/libjvm.so
7f10c4cb0000-7f10c4ce0000 rw-p 00000000 00:00 0 
7f10c4ce0000-7f10c4cfa000 r-xp 00000000 fc:01 2178                       /lib/x86_64-linux-gnu/libpthread-2.27.so
7f10c4cfa000-7f10c4ef9000 ---p 0001a000 fc:01 2178                       /lib/x86_64-linux-gnu/libpthread-2.27.so
7f10c4ef9000-7f10c4efa000 r--p 00019000 fc:01 2178                       /lib/x86_64-linux-gnu/libpthread-2.27.so
7f10c4efa000-7f10c4efb000 rw-p 0001a000 fc:01 2178                       /lib/x86_64-linux-gnu/libpthread-2.27.so
7f10c4efb000-7f10c4eff000 rw-p 00000000 00:00 0 
7f10c4eff000-7f10c4f02000 r-xp 00000000 fc:01 2086                       /lib/x86_64-linux-gnu/libdl-2.27.so
7f10c4f02000-7f10c5101000 ---p 00003000 fc:01 2086                       /lib/x86_64-linux-gnu/libdl-2.27.so
7f10c5101000-7f10c5102000 r--p 00002000 fc:01 2086                       /lib/x86_64-linux-gnu/libdl-2.27.so
7f10c5102000-7f10c5103000 rw-p 00003000 fc:01 2086                       /lib/x86_64-linux-gnu/libdl-2.27.so
7f10c5103000-7f10c511f000 r-xp 00000000 fc:01 2183                       /lib/x86_64-linux-gnu/libz.so.1.2.11
7f10c511f000-7f10c531e000 ---p 0001c000 fc:01 2183                       /lib/x86_64-linux-gnu/libz.so.1.2.11
7f10c531e000-7f10c531f000 r--p 0001b000 fc:01 2183                       /lib/x86_64-linux-gnu/libz.so.1.2.11
7f10c531f000-7f10c5320000 rw-p 0001c000 fc:01 2183                       /lib/x86_64-linux-gnu/libz.so.1.2.11
7f10c5320000-7f10c5507000 r-xp 00000000 fc:01 2083                       /lib/x86_64-linux-gnu/libc-2.27.so
7f10c5507000-7f10c5707000 ---p 001e7000 fc:01 2083                       /lib/x86_64-linux-gnu/libc-2.27.so
7f10c5707000-7f10c570b000 r--p 001e7000 fc:01 2083                       /lib/x86_64-linux-gnu/libc-2.27.so
7f10c570b000-7f10c570d000 rw-p 001eb000 fc:01 2083                       /lib/x86_64-linux-gnu/libc-2.27.so
7f10c570d000-7f10c5711000 rw-p 00000000 00:00 0 
7f10c5711000-7f10c571f000 r-xp 00000000 fc:01 2079045                    /usr/lib/jvm/java-8-openjdk-amd64/jre/lib/amd64/jli/libjli.so
7f10c571f000-7f10c591e000 ---p 0000e000 fc:01 2079045                    /usr/lib/jvm/java-8-openjdk-amd64/jre/lib/amd64/jli/libjli.so
7f10c591e000-7f10c591f000 r--p 0000d000 fc:01 2079045                    /usr/lib/jvm/java-8-openjdk-amd64/jre/lib/amd64/jli/libjli.so
7f10c591f000-7f10c5920000 rw-p 0000e000 fc:01 2079045                    /usr/lib/jvm/java-8-openjdk-amd64/jre/lib/amd64/jli/libjli.so
7f10c5920000-7f10c5947000 r-xp 00000000 fc:01 2079                       /lib/x86_64-linux-gnu/ld-2.27.so
7f10c5947000-7f10c5948000 r--s 0000d000 fc:01 2079098                    /usr/lib/jvm/java-8-openjdk-amd64/jre/lib/ext/sunec.jar
7f10c5948000-7f10c594a000 r--s 00001000 fc:01 2079093                    /usr/lib/jvm/java-8-openjdk-amd64/jre/lib/ext/dnsns.jar
7f10c594a000-7f10c594d000 r--s 0000f000 fc:01 2079094                    /usr/lib/jvm/java-8-openjdk-amd64/jre/lib/ext/icedtea-sound.jar
7f10c594d000-7f10c5957000 r--s 00116000 fc:01 2079096                    /usr/lib/jvm/java-8-openjdk-amd64/jre/lib/ext/localedata.jar
7f10c5957000-7f10c5958000 r--p 00000000 fc:01 7807                       /usr/lib/locale/C.UTF-8/LC_NUMERIC
7f10c5958000-7f10c5959000 r--p 00000000 fc:01 7810                       /usr/lib/locale/C.UTF-8/LC_TIME
7f10c5959000-7f10c595a000 r--p 00000000 fc:01 7805                       /usr/lib/locale/C.UTF-8/LC_MONETARY
7f10c595a000-7f10c595b000 r--p 00000000 fc:01 7799                       /usr/lib/locale/C.UTF-8/LC_MESSAGES/SYS_LC_MESSAGES
7f10c595b000-7f10c595c000 r--p 00000000 fc:01 7808                       /usr/lib/locale/C.UTF-8/LC_PAPER
7f10c595c000-7f10c595d000 r--p 00000000 fc:01 7806                       /usr/lib/locale/C.UTF-8/LC_NAME
7f10c595d000-7f10c595e000 r--p 00000000 fc:01 7800                       /usr/lib/locale/C.UTF-8/LC_ADDRESS
7f10c595e000-7f10c595f000 r--p 00000000 fc:01 7809                       /usr/lib/locale/C.UTF-8/LC_TELEPHONE
7f10c595f000-7f10c5960000 r--p 00000000 fc:01 7804                       /usr/lib/locale/C.UTF-8/LC_MEASUREMENT
7f10c5960000-7f10c5967000 r--s 00000000 fc:01 5010                       /usr/lib/x86_64-linux-gnu/gconv/gconv-modules.cache
7f10c5967000-7f10c5968000 r--p 00000000 fc:01 7803                       /usr/lib/locale/C.UTF-8/LC_IDENTIFICATION
7f10c5968000-7f10c596e000 rw-p 00000000 00:00 0 
7f10c596e000-7f10c59bb000 ---p 00000000 00:00 0 
7f10c59bb000-7f10c59be000 rw-p 00000000 00:00 0 
7f10c59be000-7f10c59e4000 ---p 00000000 00:00 0 
7f10c59e4000-7f10c59ea000 rw-p 00000000 00:00 0 
7f10c59ea000-7f10c5a37000 ---p 00000000 00:00 0 
7f10c5a37000-7f10c5a38000 rw-p 00000000 00:00 0 
7f10c5a38000-7f10c5a39000 ---p 00000000 00:00 0 
7f10c5a39000-7f10c5a3c000 ---p 00000000 00:00 0 
7f10c5a3c000-7f10c5b3b000 rw-p 00000000 00:00 0 
7f10c5b3b000-7f10c5b43000 rw-s 00000000 fc:01 526927                     /tmp/hsperfdata_mpiuser/15524
7f10c5b43000-7f10c5b44000 rw-p 00000000 00:00 0 
7f10c5b44000-7f10c5b45000 r--p 00000000 00:00 0 
7f10c5b45000-7f10c5b47000 rw-p 00000000 00:00 0 
7f10c5b47000-7f10c5b48000 r--p 00027000 fc:01 2079                       /lib/x86_64-linux-gnu/ld-2.27.so
7f10c5b48000-7f10c5b49000 rw-p 00028000 fc:01 2079                       /lib/x86_64-linux-gnu/ld-2.27.so
7f10c5b49000-7f10c5b4a000 rw-p 00000000 00:00 0 
7fff7b24d000-7fff7b26e000 rw-p 00000000 00:00 0                          [stack]
7fff7b2b5000-7fff7b2b8000 r--p 00000000 00:00 0                          [vvar]
7fff7b2b8000-7fff7b2ba000 r-xp 00000000 00:00 0                          [vdso]
ffffffffff600000-ffffffffff601000 r-xp 00000000 00:00 0                  [vsyscall]

VM Arguments:
jvm_args: -Djava.library.path=/usr/local/lib 
java_command: Client 1000000 100 0
java_class_path (initial): /home/mpiuser/cloud/fyp/java_client:./lib/spring-jcl-5.2.5.RELEASE.jar:./lib/jackson-databind-2.10.3.jar:./lib/jackson-databind-2.10.2.jar:./lib/slf4j-simple-1.7.30.jar:./lib/amqp-client-5.8.0.jar:./lib/spring-web-5.2.5.RELEASE.jar:./lib/jackson-annotations-2.10.3.jar:./lib/mpi.jar:./lib/spring-beans-5.2.5.RELEASE.jar:./lib/jackson-annotations-2.10.2.jar:./lib/jackson-core-2.10.2.jar:./lib/jackson-core-2.10.3.jar:./lib/slf4j-api-1.7.29.jar:./lib/spring-core-5.2.5.RELEASE.jar:./lib/slf4j-api-1.7.30.jar:./lib/http-client-3.6.1.RELEASE.jar:/usr/local/lib/mpi.jar
Launcher Type: SUN_STANDARD

Environment Variables:
PATH=/usr/local/sbin:/usr/local/bin:/usr/sbin:/usr/bin:/sbin:/bin:/usr/games:/usr/local/games
SHELL=/bin/bash

Signal Handlers:
SIGSEGV: [libjvm.so+0xabc3b0], sa_mask[0]=11111111011111111101111111111110, sa_flags=SA_RESTART|SA_SIGINFO
SIGBUS: [libjvm.so+0xabc3b0], sa_mask[0]=11111111011111111101111111111110, sa_flags=SA_RESTART|SA_SIGINFO
SIGFPE: [libjvm.so+0x8f0bb0], sa_mask[0]=11111111011111111101111111111110, sa_flags=SA_RESTART|SA_SIGINFO
SIGPIPE: [libjvm.so+0x8f0bb0], sa_mask[0]=11111111011111111101111111111110, sa_flags=SA_RESTART|SA_SIGINFO
SIGXFSZ: [libjvm.so+0x8f0bb0], sa_mask[0]=11111111011111111101111111111110, sa_flags=SA_RESTART|SA_SIGINFO
SIGILL: [libjvm.so+0x8f0bb0], sa_mask[0]=11111111011111111101111111111110, sa_flags=SA_RESTART|SA_SIGINFO
SIGUSR1: SIG_DFL, sa_mask[0]=00000000000000000000000000000000, sa_flags=none
SIGUSR2: [libjvm.so+0x8f0a60], sa_mask[0]=00000000000000000000000000000000, sa_flags=SA_RESTART|SA_SIGINFO
SIGHUP: [libjvm.so+0x8f10d0], sa_mask[0]=11111111011111111101111111111110, sa_flags=SA_RESTART|SA_SIGINFO
SIGINT: [libjvm.so+0x8f10d0], sa_mask[0]=11111111011111111101111111111110, sa_flags=SA_RESTART|SA_SIGINFO
SIGTERM: [libjvm.so+0x8f10d0], sa_mask[0]=11111111011111111101111111111110, sa_flags=SA_RESTART|SA_SIGINFO
SIGQUIT: [libjvm.so+0x8f10d0], sa_mask[0]=11111111011111111101111111111110, sa_flags=SA_RESTART|SA_SIGINFO


---------------  S Y S T E M  ---------------

OS:DISTRIB_ID=Ubuntu
DISTRIB_RELEASE=18.04
DISTRIB_CODENAME=bionic
DISTRIB_DESCRIPTION="Ubuntu 18.04.3 LTS"

uname:Linux 4.15.0-66-generic #75-Ubuntu SMP Tue Oct 1 05:24:09 UTC 2019 x86_64
libc:glibc 2.27 NPTL 2.27 
rlimit: STACK 8192k, CORE 0k, NPROC 3841, NOFILE 1048576, AS infinity
load average:96.10 24.16 8.09

/proc/meminfo:
MemTotal:        1008808 kB
MemFree:           62380 kB
MemAvailable:      24656 kB
Buffers:            2472 kB
Cached:            36376 kB
SwapCached:            0 kB
Active:           769708 kB
Inactive:          13168 kB
Active(anon):     746388 kB
Inactive(anon):      184 kB
Active(file):      23320 kB
Inactive(file):    12984 kB
Unevictable:           0 kB
Mlocked:               0 kB
SwapTotal:             0 kB
SwapFree:              0 kB
Dirty:              1140 kB
Writeback:             0 kB
AnonPages:        733428 kB
Mapped:            29664 kB
Shmem:               660 kB
Slab:              86588 kB
SReclaimable:      30936 kB
SUnreclaim:        55652 kB
KernelStack:       13440 kB
PageTables:        23964 kB
NFS_Unstable:          0 kB
Bounce:                0 kB
WritebackTmp:          0 kB
CommitLimit:      504404 kB
Committed_AS:    6133884 kB
VmallocTotal:   34359738367 kB
VmallocUsed:           0 kB
VmallocChunk:          0 kB
HardwareCorrupted:     0 kB
AnonHugePages:         0 kB
ShmemHugePages:        0 kB
ShmemPmdMapped:        0 kB
CmaTotal:              0 kB
CmaFree:               0 kB
HugePages_Total:       0
HugePages_Free:        0
HugePages_Rsvd:        0
HugePages_Surp:        0
Hugepagesize:       2048 kB
DirectMap4k:      292844 kB
DirectMap2M:      755712 kB
DirectMap1G:           0 kB

container (cgroup) information:
container_type: cgroupv1
cpu_cpuset_cpus: 0-2
cpu_memory_nodes: 0
active_processor_count: 3
cpu_quota: -1
cpu_period: 100000
cpu_shares: -1
memory_limit_in_bytes: -1
memory_and_swap_limit_in_bytes: -2
memory_soft_limit_in_bytes: -1
memory_usage_in_bytes: 807153664
memory_max_usage_in_bytes: 863526912


CPU:total 3 (initial active 3) (1 cores per cpu, 1 threads per core) family 6 model 85 stepping 4, cmov, cx8, fxsr, mmx, sse, sse2, sse3, ssse3, sse4.1, sse4.2, popcnt, avx, avx2, aes, clmul, erms, 3dnowpref, lzcnt, tsc, bmi1, bmi2, adx

/proc/cpuinfo:
processor	: 0
vendor_id	: GenuineIntel
cpu family	: 6
model		: 85
model name	: Intel(R) Xeon(R) Gold 6140 CPU @ 2.30GHz
stepping	: 4
microcode	: 0x1
cpu MHz		: 2294.608
cache size	: 4096 KB
physical id	: 0
siblings	: 1
core id		: 0
cpu cores	: 1
apicid		: 0
initial apicid	: 0
fpu		: yes
fpu_exception	: yes
cpuid level	: 13
wp		: yes
flags		: fpu vme de pse tsc msr pae mce cx8 apic sep mtrr pge mca cmov pat pse36 clflush mmx fxsr sse sse2 ss syscall nx pdpe1gb rdtscp lm constant_tsc arch_perfmon rep_good nopl cpuid tsc_known_freq pni pclmulqdq vmx ssse3 fma cx16 pcid sse4_1 sse4_2 x2apic movbe popcnt tsc_deadline_timer aes xsave avx f16c rdrand hypervisor lahf_lm abm 3dnowprefetch cpuid_fault invpcid_single pti ssbd ibrs ibpb tpr_shadow vnmi flexpriority ept vpid fsgsbase tsc_adjust bmi1 avx2 smep bmi2 erms invpcid mpx avx512f avx512dq rdseed adx smap clflushopt clwb avx512cd avx512bw avx512vl xsaveopt xsavec xgetbv1 pku ospke md_clear
bugs		: cpu_meltdown spectre_v1 spectre_v2 spec_store_bypass l1tf mds swapgs
bogomips	: 4589.21
clflush size	: 64
cache_alignment	: 64
address sizes	: 40 bits physical, 48 bits virtual
power management:

processor	: 1
vendor_id	: GenuineIntel
cpu family	: 6
model		: 85
model name	: Intel(R) Xeon(R) Gold 6140 CPU @ 2.30GHz
stepping	: 4
microcode	: 0x1
cpu MHz		: 2294.608
cache size	: 4096 KB
physical id	: 1
siblings	: 1
core id		: 0
cpu cores	: 1
apicid		: 1
initial apicid	: 1
fpu		: yes
fpu_exception	: yes
cpuid level	: 13
wp		: yes
flags		: fpu vme de pse tsc msr pae mce cx8 apic sep mtrr pge mca cmov pat pse36 clflush mmx fxsr sse sse2 ss syscall nx pdpe1gb rdtscp lm constant_tsc arch_perfmon rep_good nopl cpuid tsc_known_freq pni pclmulqdq vmx ssse3 fma cx16 pcid sse4_1 sse4_2 x2apic movbe popcnt tsc_deadline_timer aes xsave avx f16c rdrand hypervisor lahf_lm abm 3dnowprefetch cpuid_fault invpcid_single pti ssbd ibrs ibpb tpr_shadow vnmi flexpriority ept vpid fsgsbase tsc_adjust bmi1 avx2 smep bmi2 erms invpcid mpx avx512f avx512dq rdseed adx smap clflushopt clwb avx512cd avx512bw avx512vl xsaveopt xsavec xgetbv1 pku ospke md_clear
bugs		: cpu_meltdown spectre_v1 spectre_v2 spec_store_bypass l1tf mds swapgs
bogomips	: 4589.21
clflush size	: 64
cache_alignment	: 64
address sizes	: 40 bits physical, 48 bits virtual
power management:

processor	: 2
vendor_id	: GenuineIntel
cpu family	: 6
model		: 85
model name	: Intel(R) Xeon(R) Gold 6140 CPU @ 2.30GHz
stepping	: 4
microcode	: 0x1
cpu MHz		: 2294.608
cache size	: 4096 KB
physical id	: 2
siblings	: 1
core id		: 0
cpu cores	: 1
apicid		: 2
initial apicid	: 2
fpu		: yes
fpu_exception	: yes
cpuid level	: 13
wp		: yes
flags		: fpu vme de pse tsc msr pae mce cx8 apic sep mtrr pge mca cmov pat pse36 clflush mmx fxsr sse sse2 ss syscall nx pdpe1gb rdtscp lm constant_tsc arch_perfmon rep_good nopl cpuid tsc_known_freq pni pclmulqdq vmx ssse3 fma cx16 pcid sse4_1 sse4_2 x2apic movbe popcnt tsc_deadline_timer aes xsave avx f16c rdrand hypervisor lahf_lm abm 3dnowprefetch cpuid_fault invpcid_single pti ssbd ibrs ibpb tpr_shadow vnmi flexpriority ept vpid fsgsbase tsc_adjust bmi1 avx2 smep bmi2 erms invpcid mpx avx512f avx512dq rdseed adx smap clflushopt clwb avx512cd avx512bw avx512vl xsaveopt xsavec xgetbv1 pku ospke md_clear
bugs		: cpu_meltdown spectre_v1 spectre_v2 spec_store_bypass l1tf mds swapgs
bogomips	: 4589.21
clflush size	: 64
cache_alignment	: 64
address sizes	: 40 bits physical, 48 bits virtual
power management:



Memory: 4k page, physical 1008808k(71076k free), swap 0k(0k free)

vm_info: OpenJDK 64-Bit Server VM (25.242-b08) for linux-amd64 JRE (1.8.0_242-8u242-b08-0ubuntu3~18.04-b08), built on Jan 17 2020 23:41:21 by "buildd" with gcc 7.4.0

time: Mon Apr  6 11:40:26 2020
timezone: UTC
elapsed time: 37 seconds (0d 0h 0m 37s)

