#
# A fatal error has been detected by the Java Runtime Environment:
#
#  SIGSEGV (0xb) at pc=0x00007f25e35ca17c, pid=5096, tid=0x00007f2622b2d700
#
# JRE version: OpenJDK Runtime Environment (8.0_242-b08) (build 1.8.0_242-8u242-b08-0ubuntu3~18.04-b08)
# Java VM: OpenJDK 64-Bit Server VM (25.242-b08 mixed mode linux-amd64 compressed oops)
# Problematic frame:
# C  [mca_gds_ds21.so+0x217c]  pmix_gds_ds21_lock_init+0x13c
#
# Failed to write core dump. Core dumps have been disabled. To enable core dumping, try "ulimit -c unlimited" before starting Java again
#
# If you would like to submit a bug report, please visit:
#   http://bugreport.java.com/bugreport/crash.jsp
# The crash happened outside the Java Virtual Machine in native code.
# See problematic frame for where to report the bug.
#

---------------  T H R E A D  ---------------

Current thread (0x00007f261c00b800):  JavaThread "main" [_thread_in_native, id=5104, stack(0x00007f2622a2e000,0x00007f2622b2e000)]

siginfo: si_signo: 11 (SIGSEGV), si_code: 1 (SEGV_MAPERR), si_addr: 0x00007f2620003008

Registers:
RAX=0x00007f261c27d3c0, RBX=0x00007f261c27d330, RCX=0x00007f25e39ef19e, RDX=0x00007ffcc1f67cba
RSP=0x00007f2622b2b6a0, RBP=0x00007f261c27d2e0, RSI=0x0000000000085000, RDI=0x0000000000000000
R8 =0x000000000000001e, R9 =0x0000000000000000, R10=0x0000000000000001, R11=0x0000000000000000
R12=0x00007f2620003000, R13=0x00007f261c27cf38, R14=0x0000000000001000, R15=0x00007f25e37cc240
RIP=0x00007f25e35ca17c, EFLAGS=0x0000000000010206, CSGSFS=0x002b000000000033, ERR=0x0000000000000004
  TRAPNO=0x000000000000000e

Top of Stack: (sp=0x00007f2622b2b6a0)
0x00007f2622b2b6a0:   00007f261c27cfb0 00007f261c27d290
0x00007f2622b2b6b0:   00007ffcc1f67cba 0000000000085000
0x00007f2622b2b6c0:   0000000000001000 00000000000003e8
0x00007f2622b2b6d0:   00007f261c27d338 00007f26223ac2ed
0x00007f2622b2b6e0:   00007f261c27cf80 b007ba02ae356100
0x00007f2622b2b6f0:   0000000000000000 00007f261c27cc60
0x00007f2622b2b700:   0000000000000000 00007ffcc1f67cba
0x00007f2622b2b710:   0000000000000000 00007f261c27cf10
0x00007f2622b2b720:   00007f261c27ced0 00007f25e39e9cd9
0x00007f2622b2b730:   00007f25e35cacdb 00007f2622b2b7c0
0x00007f2622b2b740:   00007f25e8bce8d3 0000001500000040
0x00007f2622b2b750:   00007f261c2785b0 b007ba02ae356100
0x00007f2622b2b760:   00007f25e8df40a0 00007f261c2780c0
0x00007f2622b2b770:   00007f25e8df7fd0 00007f25e37cc2d4
0x00007f2622b2b780:   00007f25e8df40a0 00007f25e37cc180
0x00007f2622b2b790:   00007f261c27cc10 00007f25e35c9f04
0x00007f2622b2b7a0:   00007f25e8df7fd0 00007f25e8bb61a6
0x00007f2622b2b7b0:   00007f25e8df4100 00007f25e8df7fc0
0x00007f2622b2b7c0:   00007f2622b2b7e4 00007f2622b2b7e8
0x00007f2622b2b7d0:   0000000000000000 0000000000000000
0x00007f2622b2b7e0:   0000001ee8df3520 00007f25e37cc180
0x00007f2622b2b7f0:   0000000000000000 b007ba02ae356100
0x00007f2622b2b800:   00007f25e8df40a0 0000000000000000
0x00007f2622b2b810:   0000000000000000 00007f261c207510
0x00007f2622b2b820:   00007f25e8df3520 00007f25e8b20760
0x00007f2622b2b830:   0000000000000000 00007f25e8b695a9
0x00007f2622b2b840:   00007f261c230220 00007f25e8df37d8
0x00007f2622b2b850:   2d69706d6e65706f 000072657473616d
0x00007f2622b2b860:   0000000003741ab1 00007f25e8aacf86
0x00007f2622b2b870:   00007f25e8aa9118 00007f25e8aa4afc
0x00007f2622b2b880:   00007f25e8aac67a 0000000100000000
0x00007f2622b2b890:   00007f2622b2b990 b007ba02ae356100 

Instructions: (pc=0x00007f25e35ca17c)
0x00007f25e35ca15c:   ff ff 48 85 c0 48 89 43 30 0f 84 b3 01 00 00 4c
0x00007f25e35ca16c:   8b 60 18 49 8b 34 24 49 39 f6 0f 82 e4 02 00 00
0x00007f25e35ca17c:   41 8b 44 24 08 4c 89 e2 31 c9 48 8d 7c 24 40 be
0x00007f25e35ca18c:   01 00 00 00 89 43 40 49 03 54 24 18 85 c0 48 89 

Register to memory mapping:

RAX=0x00007f261c27d3c0 is an unknown value
RBX=0x00007f261c27d330 is an unknown value
RCX=0x00007f25e39ef19e: pmix_common_dstor_attach_new_lock_seg+0x1e in /usr/local/lib/libmca_common_dstore.so.1 at 0x00007f25e39df000
RDX=0x00007ffcc1f67cba is an unknown value
RSP=0x00007f2622b2b6a0 is pointing into the stack for thread: 0x00007f261c00b800
RBP=0x00007f261c27d2e0 is an unknown value
RSI=0x0000000000085000 is an unknown value
RDI=0x0000000000000000 is an unknown value
R8 =0x000000000000001e is an unknown value
R9 =0x0000000000000000 is an unknown value
R10=0x0000000000000001 is an unknown value
R11=0x0000000000000000 is an unknown value
R12=0x00007f2620003000 is an unknown value
R13=0x00007f261c27cf38 is an unknown value
R14=0x0000000000001000 is an unknown value
R15=0x00007f25e37cc240: lock_item_t_class+0 in /usr/local/lib/pmix/mca_gds_ds21.so at 0x00007f25e35c8000


Stack: [0x00007f2622a2e000,0x00007f2622b2e000],  sp=0x00007f2622b2b6a0,  free space=1013k
Native frames: (J=compiled Java code, j=interpreted, Vv=VM code, C=native code)
C  [mca_gds_ds21.so+0x217c]  pmix_gds_ds21_lock_init+0x13c

Java frames: (J=compiled Java code, j=interpreted, Vv=VM code)
j  mpi.MPI.Init_jni([Ljava/lang/String;)[Ljava/lang/String;+0
j  mpi.MPI.Init([Ljava/lang/String;)[Ljava/lang/String;+17
j  Client.main([Ljava/lang/String;)V+1
v  ~StubRoutines::call_stub

---------------  P R O C E S S  ---------------

Java Threads: ( => current thread )
  0x00007f261c0b7800 JavaThread "Service Thread" daemon [_thread_blocked, id=5325, stack(0x00007f260a9d2000,0x00007f260aad3000)]
  0x00007f261c0b4800 JavaThread "C1 CompilerThread1" daemon [_thread_blocked, id=5317, stack(0x00007f260aad4000,0x00007f260abd4000)]
  0x00007f261c0b2000 JavaThread "C2 CompilerThread0" daemon [_thread_blocked, id=5301, stack(0x00007f260abd5000,0x00007f260acd5000)]
  0x00007f261c0b0800 JavaThread "Signal Dispatcher" daemon [_thread_in_vm, id=5290, stack(0x00007f260acd5000,0x00007f260add6000)]
  0x00007f261c07e000 JavaThread "Finalizer" daemon [_thread_blocked, id=5155, stack(0x00007f260b0e4000,0x00007f260b1e5000)]
  0x00007f261c079800 JavaThread "Reference Handler" daemon [_thread_blocked, id=5142, stack(0x00007f260b1e5000,0x00007f260b2e6000)]
=>0x00007f261c00b800 JavaThread "main" [_thread_in_native, id=5104, stack(0x00007f2622a2e000,0x00007f2622b2e000)]

Other Threads:
  0x00007f261c06f800 VMThread [stack: 0x00007f260b2e7000,0x00007f260b3e7000] [id=5141]
  0x00007f261c0ba800 WatcherThread [stack: 0x00007f260a8d2000,0x00007f260a9d2000] [id=5339]

VM state:not at safepoint (normal execution)

VM Mutex/Monitor currently owned by a thread:  ([mutex/lock_event])
[0x00007f261c007f60] Threads_lock - owner thread: 0x00007f261c0b0800

heap address: 0x00000000f0800000, size: 248 MB, Compressed Oops mode: 32-bit
Narrow klass base: 0x0000000000000000, Narrow klass shift: 3
Compressed class space size: 1073741824 Address: 0x0000000100000000

Heap:
 def new generation   total 4928K, used 1529K [0x00000000f0800000, 0x00000000f0d50000, 0x00000000f5aa0000)
  eden space 4416K,  34% used [0x00000000f0800000, 0x00000000f097e7b8, 0x00000000f0c50000)
  from space 512K,   0% used [0x00000000f0c50000, 0x00000000f0c50000, 0x00000000f0cd0000)
  to   space 512K,   0% used [0x00000000f0cd0000, 0x00000000f0cd0000, 0x00000000f0d50000)
 tenured generation   total 10944K, used 0K [0x00000000f5aa0000, 0x00000000f6550000, 0x0000000100000000)
   the space 10944K,   0% used [0x00000000f5aa0000, 0x00000000f5aa0000, 0x00000000f5aa0200, 0x00000000f6550000)
 Metaspace       used 3125K, capacity 4792K, committed 5120K, reserved 1056768K
  class space    used 314K, capacity 424K, committed 512K, reserved 1048576K

Card table byte_map: [0x00007f26229b0000,0x00007f2622a2d000] byte_map_base: 0x00007f262222c000

Polling page: 0x00007f2622b39000

CodeCache: size=245760Kb used=1261Kb max_used=1261Kb free=244498Kb
 bounds [0x00007f260c177000, 0x00007f260c3e7000, 0x00007f261b177000]
 total_blobs=379 nmethods=74 adapters=220
 compilation: enabled

Compilation events (10 events):
Event: 2.017 Thread 0x00007f261c0b4800   69       3       java.lang.String::startsWith (7 bytes)
Event: 2.017 Thread 0x00007f261c0b4800 nmethod 69 0x00007f260c2a4110 code [0x00007f260c2a4280, 0x00007f260c2a4488]
Event: 2.017 Thread 0x00007f261c0b4800   71  s!   3       sun.misc.URLClassPath::getLoader (243 bytes)
Event: 2.019 Thread 0x00007f261c0b4800 nmethod 71 0x00007f260c2a4510 code [0x00007f260c2a4940, 0x00007f260c2a7528]
Event: 2.019 Thread 0x00007f261c0b4800   70  s    3       sun.misc.URLClassPath::getNextLoader (88 bytes)
Event: 2.020 Thread 0x00007f261c0b4800 nmethod 70 0x00007f260c2a9050 code [0x00007f260c2a9240, 0x00007f260c2a9aa8]
Event: 2.020 Thread 0x00007f261c0b4800   72       3       java.util.zip.ZStreamRef::address (5 bytes)
Event: 2.020 Thread 0x00007f261c0b4800 nmethod 72 0x00007f260c2a9f10 code [0x00007f260c2aa060, 0x00007f260c2aa1b0]
Event: 2.524 Thread 0x00007f261c0b4800   73       3       java.util.concurrent.ConcurrentHashMap::setTabAt (19 bytes)
Event: 2.525 Thread 0x00007f261c0b4800 nmethod 73 0x00007f260c2b2090 code [0x00007f260c2b21e0, 0x00007f260c2b2350]

GC Heap History (0 events):
No events

Deoptimization events (0 events):
No events

Classes redefined (0 events):
No events

Internal exceptions (5 events):
Event: 0.118 Thread 0x00007f261c00b800 Exception <a 'java/lang/NoSuchMethodError': Method sun.misc.Unsafe.defineClass(Ljava/lang/String;[BII)Ljava/lang/Class; name or signature does not match> (0x00000000f0807cc8) thrown at [/build/openjdk-8-58sEEn/openjdk-8-8u242-b08/src/hotspot/src/share/vm/
Event: 0.118 Thread 0x00007f261c00b800 Exception <a 'java/lang/NoSuchMethodError': Method sun.misc.Unsafe.prefetchRead(Ljava/lang/Object;J)V name or signature does not match> (0x00000000f0807fb0) thrown at [/build/openjdk-8-58sEEn/openjdk-8-8u242-b08/src/hotspot/src/share/vm/prims/jni.cpp, lin
Event: 0.708 Thread 0x00007f261c00b800 Exception <a 'java/util/zip/ZipException'> (0x00000000f085dec8) thrown at [/build/openjdk-8-58sEEn/openjdk-8-8u242-b08/src/hotspot/src/share/vm/prims/jni.cpp, line 710]
Event: 0.708 Thread 0x00007f261c00b800 Exception <a 'java/security/PrivilegedActionException'> (0x00000000f085e168) thrown at [/build/openjdk-8-58sEEn/openjdk-8-8u242-b08/src/hotspot/src/share/vm/prims/jvm.cpp, line 1502]
Event: 0.708 Thread 0x00007f261c00b800 Exception <a 'java/security/PrivilegedActionException'> (0x00000000f085e378) thrown at [/build/openjdk-8-58sEEn/openjdk-8-8u242-b08/src/hotspot/src/share/vm/prims/jvm.cpp, line 1502]

Events (10 events):
Event: 2.017 loading class mpi/Intracomm
Event: 2.017 loading class mpi/Intracomm done
Event: 2.017 loading class mpi/Comm
Event: 2.017 loading class mpi/Comm done
Event: 3.800 loading class mpi/Version
Event: 3.953 loading class mpi/Version done
Event: 7.409 Executing VM operation: EnableBiasedLocking
Event: 7.466 Executing VM operation: EnableBiasedLocking done
Event: 9.114 loading class sun/misc/Signal$1
Event: 9.115 loading class sun/misc/Signal$1 done


Dynamic libraries:
f0800000-f0d50000 rw-p 00000000 00:00 0 
f0d50000-f5aa0000 ---p 00000000 00:00 0 
f5aa0000-f6550000 rw-p 00000000 00:00 0 
f6550000-100000000 ---p 00000000 00:00 0 
100000000-100080000 rw-p 00000000 00:00 0 
100080000-140000000 ---p 00000000 00:00 0 
563f3c681000-563f3c682000 r-xp 00000000 fc:01 1302575                    /usr/lib/jvm/java-8-openjdk-amd64/jre/bin/java
563f3c881000-563f3c882000 r--p 00000000 fc:01 1302575                    /usr/lib/jvm/java-8-openjdk-amd64/jre/bin/java
563f3c882000-563f3c883000 rw-p 00001000 fc:01 1302575                    /usr/lib/jvm/java-8-openjdk-amd64/jre/bin/java
563f3cd5c000-563f3cd7d000 rw-p 00000000 00:00 0                          [heap]
7f25e3340000-7f25e33c5000 rw-s 00000000 fc:01 1039764                    /tmp/ompi.openmpi-master.1000/pid.5069/pmix_dstor_ds21_5069/smlockseg-542244865
7f25e33c5000-7f25e33c7000 r-xp 00000000 fc:01 782288                     /usr/local/lib/pmix/mca_pshmem_mmap.so
7f25e33c7000-7f25e35c6000 ---p 00002000 fc:01 782288                     /usr/local/lib/pmix/mca_pshmem_mmap.so
7f25e35c6000-7f25e35c7000 r--p 00001000 fc:01 782288                     /usr/local/lib/pmix/mca_pshmem_mmap.so
7f25e35c7000-7f25e35c8000 rw-p 00002000 fc:01 782288                     /usr/local/lib/pmix/mca_pshmem_mmap.so
7f25e35c8000-7f25e35cc000 r-xp 00000000 fc:01 782262                     /usr/local/lib/pmix/mca_gds_ds21.so
7f25e35cc000-7f25e37cb000 ---p 00004000 fc:01 782262                     /usr/local/lib/pmix/mca_gds_ds21.so
7f25e37cb000-7f25e37cc000 r--p 00003000 fc:01 782262                     /usr/local/lib/pmix/mca_gds_ds21.so
7f25e37cc000-7f25e37cd000 rw-p 00004000 fc:01 782262                     /usr/local/lib/pmix/mca_gds_ds21.so
7f25e37cd000-7f25e37dd000 r-xp 00000000 fc:01 782264                     /usr/local/lib/pmix/mca_gds_hash.so
7f25e37dd000-7f25e39dd000 ---p 00010000 fc:01 782264                     /usr/local/lib/pmix/mca_gds_hash.so
7f25e39dd000-7f25e39de000 r--p 00010000 fc:01 782264                     /usr/local/lib/pmix/mca_gds_hash.so
7f25e39de000-7f25e39df000 rw-p 00011000 fc:01 782264                     /usr/local/lib/pmix/mca_gds_hash.so
7f25e39df000-7f25e39f1000 r-xp 00000000 fc:01 29681                      /usr/local/lib/libmca_common_dstore.so.1.0.0
7f25e39f1000-7f25e3bf0000 ---p 00012000 fc:01 29681                      /usr/local/lib/libmca_common_dstore.so.1.0.0
7f25e3bf0000-7f25e3bf1000 r--p 00011000 fc:01 29681                      /usr/local/lib/libmca_common_dstore.so.1.0.0
7f25e3bf1000-7f25e3bf2000 rw-p 00012000 fc:01 29681                      /usr/local/lib/libmca_common_dstore.so.1.0.0
7f25e3bf2000-7f25e3bf6000 r-xp 00000000 fc:01 782260                     /usr/local/lib/pmix/mca_gds_ds12.so
7f25e3bf6000-7f25e3df5000 ---p 00004000 fc:01 782260                     /usr/local/lib/pmix/mca_gds_ds12.so
7f25e3df5000-7f25e3df6000 r--p 00003000 fc:01 782260                     /usr/local/lib/pmix/mca_gds_ds12.so
7f25e3df6000-7f25e3df7000 rw-p 00004000 fc:01 782260                     /usr/local/lib/pmix/mca_gds_ds12.so
7f25e3df7000-7f25e3dff000 r-xp 00000000 fc:01 782292                     /usr/local/lib/pmix/mca_ptl_usock.so
7f25e3dff000-7f25e3ffe000 ---p 00008000 fc:01 782292                     /usr/local/lib/pmix/mca_ptl_usock.so
7f25e3ffe000-7f25e3fff000 r--p 00007000 fc:01 782292                     /usr/local/lib/pmix/mca_ptl_usock.so
7f25e3fff000-7f25e4000000 rw-p 00008000 fc:01 782292                     /usr/local/lib/pmix/mca_ptl_usock.so
7f25e4000000-7f25e4021000 rw-p 00000000 00:00 0 
7f25e4021000-7f25e8000000 ---p 00000000 00:00 0 
7f25e8052000-7f25e8064000 r-xp 00000000 fc:01 782290                     /usr/local/lib/pmix/mca_ptl_tcp.so
7f25e8064000-7f25e8263000 ---p 00012000 fc:01 782290                     /usr/local/lib/pmix/mca_ptl_tcp.so
7f25e8263000-7f25e8264000 r--p 00011000 fc:01 782290                     /usr/local/lib/pmix/mca_ptl_tcp.so
7f25e8264000-7f25e8265000 rw-p 00012000 fc:01 782290                     /usr/local/lib/pmix/mca_ptl_tcp.so
7f25e8265000-7f25e8277000 r-xp 00000000 fc:01 782252                     /usr/local/lib/pmix/mca_bfrops_v12.so
7f25e8277000-7f25e8476000 ---p 00012000 fc:01 782252                     /usr/local/lib/pmix/mca_bfrops_v12.so
7f25e8476000-7f25e8477000 r--p 00011000 fc:01 782252                     /usr/local/lib/pmix/mca_bfrops_v12.so
7f25e8477000-7f25e8478000 rw-p 00012000 fc:01 782252                     /usr/local/lib/pmix/mca_bfrops_v12.so
7f25e8478000-7f25e8491000 r-xp 00000000 fc:01 782254                     /usr/local/lib/pmix/mca_bfrops_v20.so
7f25e8491000-7f25e8690000 ---p 00019000 fc:01 782254                     /usr/local/lib/pmix/mca_bfrops_v20.so
7f25e8690000-7f25e8691000 r--p 00018000 fc:01 782254                     /usr/local/lib/pmix/mca_bfrops_v20.so
7f25e8691000-7f25e8692000 rw-p 00019000 fc:01 782254                     /usr/local/lib/pmix/mca_bfrops_v20.so
7f25e8692000-7f25e869a000 r-xp 00000000 fc:01 782258                     /usr/local/lib/pmix/mca_bfrops_v3.so
7f25e869a000-7f25e8899000 ---p 00008000 fc:01 782258                     /usr/local/lib/pmix/mca_bfrops_v3.so
7f25e8899000-7f25e889a000 r--p 00007000 fc:01 782258                     /usr/local/lib/pmix/mca_bfrops_v3.so
7f25e889a000-7f25e889b000 rw-p 00008000 fc:01 782258                     /usr/local/lib/pmix/mca_bfrops_v3.so
7f25e889b000-7f25e88a2000 r-xp 00000000 fc:01 782256                     /usr/local/lib/pmix/mca_bfrops_v21.so
7f25e88a2000-7f25e8aa2000 ---p 00007000 fc:01 782256                     /usr/local/lib/pmix/mca_bfrops_v21.so
7f25e8aa2000-7f25e8aa3000 r--p 00007000 fc:01 782256                     /usr/local/lib/pmix/mca_bfrops_v21.so
7f25e8aa3000-7f25e8aa4000 rw-p 00008000 fc:01 782256                     /usr/local/lib/pmix/mca_bfrops_v21.so
7f25e8aa4000-7f25e8bf0000 r-xp 00000000 fc:01 782295                     /usr/local/lib/openmpi/mca_pmix_pmix3x.so
7f25e8bf0000-7f25e8df0000 ---p 0014c000 fc:01 782295                     /usr/local/lib/openmpi/mca_pmix_pmix3x.so
7f25e8df0000-7f25e8df1000 r--p 0014c000 fc:01 782295                     /usr/local/lib/openmpi/mca_pmix_pmix3x.so
7f25e8df1000-7f25e8df6000 rw-p 0014d000 fc:01 782295                     /usr/local/lib/openmpi/mca_pmix_pmix3x.so
7f25e8df6000-7f25e8df9000 rw-p 00000000 00:00 0 
7f25e8dfc000-7f25e8dfe000 r-xp 00000000 fc:01 782278                     /usr/local/lib/pmix/mca_psec_native.so
7f25e8dfe000-7f25e8ffd000 ---p 00002000 fc:01 782278                     /usr/local/lib/pmix/mca_psec_native.so
7f25e8ffd000-7f25e8ffe000 r--p 00001000 fc:01 782278                     /usr/local/lib/pmix/mca_psec_native.so
7f25e8ffe000-7f25e8fff000 rw-p 00002000 fc:01 782278                     /usr/local/lib/pmix/mca_psec_native.so
7f25e8fff000-7f25ec000000 rw-p 00000000 00:00 0 
7f25ec000000-7f25ec184000 rw-p 00000000 00:00 0 
7f25ec184000-7f25f0000000 ---p 00000000 00:00 0 
7f25f0000000-7f25f0021000 rw-p 00000000 00:00 0 
7f25f0021000-7f25f4000000 ---p 00000000 00:00 0 
7f25f4000000-7f25f4021000 rw-p 00000000 00:00 0 
7f25f4021000-7f25f8000000 ---p 00000000 00:00 0 
7f25f8000000-7f25f804f000 rw-p 00000000 00:00 0 
7f25f804f000-7f25fc000000 ---p 00000000 00:00 0 
7f25fc000000-7f25fc021000 rw-p 00000000 00:00 0 
7f25fc021000-7f2600000000 ---p 00000000 00:00 0 
7f2600000000-7f2600021000 rw-p 00000000 00:00 0 
7f2600021000-7f2604000000 ---p 00000000 00:00 0 
7f2604000000-7f2604021000 rw-p 00000000 00:00 0 
7f2604021000-7f2608000000 ---p 00000000 00:00 0 
7f2608049000-7f260804a000 ---p 00000000 00:00 0 
7f260804a000-7f260884a000 rw-p 00000000 00:00 0 
7f260884a000-7f260884e000 r-xp 00000000 fc:01 782352                     /usr/local/lib/openmpi/mca_ess_pmi.so
7f260884e000-7f2608a4d000 ---p 00004000 fc:01 782352                     /usr/local/lib/openmpi/mca_ess_pmi.so
7f2608a4d000-7f2608a4e000 r--p 00003000 fc:01 782352                     /usr/local/lib/openmpi/mca_ess_pmi.so
7f2608a4e000-7f2608a4f000 rw-p 00004000 fc:01 782352                     /usr/local/lib/openmpi/mca_ess_pmi.so
7f2608a4f000-7f2608a52000 ---p 00000000 00:00 0 
7f2608a52000-7f2608b50000 rw-p 00000000 00:00 0 
7f2608b50000-7f2608b51000 r-xp 00000000 fc:01 782435                     /usr/local/lib/openmpi/mca_schizo_orte.so
7f2608b51000-7f2608d50000 ---p 00001000 fc:01 782435                     /usr/local/lib/openmpi/mca_schizo_orte.so
7f2608d50000-7f2608d51000 r--p 00000000 fc:01 782435                     /usr/local/lib/openmpi/mca_schizo_orte.so
7f2608d51000-7f2608d52000 rw-p 00001000 fc:01 782435                     /usr/local/lib/openmpi/mca_schizo_orte.so
7f2608d52000-7f2608d54000 r-xp 00000000 fc:01 782437                     /usr/local/lib/openmpi/mca_schizo_slurm.so
7f2608d54000-7f2608f53000 ---p 00002000 fc:01 782437                     /usr/local/lib/openmpi/mca_schizo_slurm.so
7f2608f53000-7f2608f54000 r--p 00001000 fc:01 782437                     /usr/local/lib/openmpi/mca_schizo_slurm.so
7f2608f54000-7f2608f55000 rw-p 00002000 fc:01 782437                     /usr/local/lib/openmpi/mca_schizo_slurm.so
7f2608f55000-7f2608f5d000 r-xp 00000000 fc:01 782433                     /usr/local/lib/openmpi/mca_schizo_ompi.so
7f2608f5d000-7f260915c000 ---p 00008000 fc:01 782433                     /usr/local/lib/openmpi/mca_schizo_ompi.so
7f260915c000-7f260915d000 r--p 00007000 fc:01 782433                     /usr/local/lib/openmpi/mca_schizo_ompi.so
7f260915d000-7f260915f000 rw-p 00008000 fc:01 782433                     /usr/local/lib/openmpi/mca_schizo_ompi.so
7f260915f000-7f2609160000 r-xp 00000000 fc:01 782431                     /usr/local/lib/openmpi/mca_schizo_flux.so
7f2609160000-7f2609360000 ---p 00001000 fc:01 782431                     /usr/local/lib/openmpi/mca_schizo_flux.so
7f2609360000-7f2609361000 r--p 00001000 fc:01 782431                     /usr/local/lib/openmpi/mca_schizo_flux.so
7f2609361000-7f2609362000 rw-p 00002000 fc:01 782431                     /usr/local/lib/openmpi/mca_schizo_flux.so
7f2609362000-7f2609364000 r-xp 00000000 fc:01 782301                     /usr/local/lib/openmpi/mca_reachable_weighted.so
7f2609364000-7f2609563000 ---p 00002000 fc:01 782301                     /usr/local/lib/openmpi/mca_reachable_weighted.so
7f2609563000-7f2609564000 r--p 00001000 fc:01 782301                     /usr/local/lib/openmpi/mca_reachable_weighted.so
7f2609564000-7f2609565000 rw-p 00002000 fc:01 782301                     /usr/local/lib/openmpi/mca_reachable_weighted.so
7f2609565000-7f2609568000 r-xp 00000000 fc:01 782304                     /usr/local/lib/openmpi/mca_shmem_mmap.so
7f2609568000-7f2609767000 ---p 00003000 fc:01 782304                     /usr/local/lib/openmpi/mca_shmem_mmap.so
7f2609767000-7f2609768000 r--p 00002000 fc:01 782304                     /usr/local/lib/openmpi/mca_shmem_mmap.so
7f2609768000-7f2609769000 rw-p 00003000 fc:01 782304                     /usr/local/lib/openmpi/mca_shmem_mmap.so
7f2609769000-7f260976b000 r-xp 00000000 fc:01 2182                       /lib/x86_64-linux-gnu/libutil-2.27.so
7f260976b000-7f260996a000 ---p 00002000 fc:01 2182                       /lib/x86_64-linux-gnu/libutil-2.27.so
7f260996a000-7f260996b000 r--p 00001000 fc:01 2182                       /lib/x86_64-linux-gnu/libutil-2.27.so
7f260996b000-7f260996c000 rw-p 00002000 fc:01 2182                       /lib/x86_64-linux-gnu/libutil-2.27.so
7f260996c000-7f2609a21000 r-xp 00000000 fc:01 29711                      /usr/local/lib/libopen-rte.so.40.20.1
7f2609a21000-7f2609c20000 ---p 000b5000 fc:01 29711                      /usr/local/lib/libopen-rte.so.40.20.1
7f2609c20000-7f2609c22000 r--p 000b4000 fc:01 29711                      /usr/local/lib/libopen-rte.so.40.20.1
7f2609c22000-7f2609c26000 rw-p 000b6000 fc:01 29711                      /usr/local/lib/libopen-rte.so.40.20.1
7f2609c26000-7f2609c29000 rw-p 00000000 00:00 0 
7f2609c29000-7f2609d2c000 r-xp 00000000 fc:01 13011                      /usr/local/lib/libopen-pal.so.40.20.1
7f2609d2c000-7f2609f2c000 ---p 00103000 fc:01 13011                      /usr/local/lib/libopen-pal.so.40.20.1
7f2609f2c000-7f2609f2f000 r--p 00103000 fc:01 13011                      /usr/local/lib/libopen-pal.so.40.20.1
7f2609f2f000-7f2609f35000 rw-p 00106000 fc:01 13011                      /usr/local/lib/libopen-pal.so.40.20.1
7f2609f35000-7f2609f3c000 rw-p 00000000 00:00 0 
7f2609f3c000-7f260a032000 r-xp 00000000 fc:01 29875                      /usr/local/lib/libmpi.so.40.20.1
7f260a032000-7f260a231000 ---p 000f6000 fc:01 29875                      /usr/local/lib/libmpi.so.40.20.1
7f260a231000-7f260a233000 r--p 000f5000 fc:01 29875                      /usr/local/lib/libmpi.so.40.20.1
7f260a233000-7f260a244000 rw-p 000f7000 fc:01 29875                      /usr/local/lib/libmpi.so.40.20.1
7f260a244000-7f260a256000 rw-p 00000000 00:00 0 
7f260a260000-7f260a288000 r-xp 00000000 fc:01 71469                      /usr/local/lib/libmpi_java.so.40.20.0
7f260a288000-7f260a487000 ---p 00028000 fc:01 71469                      /usr/local/lib/libmpi_java.so.40.20.0
7f260a487000-7f260a488000 r--p 00027000 fc:01 71469                      /usr/local/lib/libmpi_java.so.40.20.0
7f260a488000-7f260a489000 rw-p 00028000 fc:01 71469                      /usr/local/lib/libmpi_java.so.40.20.0
7f260a489000-7f260a4a6000 r--s 00142000 fc:01 527719                     /home/mpiuser/cloud/fyp/java_client/lib/spring-web-5.2.5.RELEASE.jar
7f260a4a6000-7f260a4bd000 r-xp 00000000 fc:01 1302611                    /usr/lib/jvm/java-8-openjdk-amd64/jre/lib/amd64/libnet.so
7f260a4bd000-7f260a6bc000 ---p 00017000 fc:01 1302611                    /usr/lib/jvm/java-8-openjdk-amd64/jre/lib/amd64/libnet.so
7f260a6bc000-7f260a6bd000 r--p 00016000 fc:01 1302611                    /usr/lib/jvm/java-8-openjdk-amd64/jre/lib/amd64/libnet.so
7f260a6bd000-7f260a6be000 rw-p 00017000 fc:01 1302611                    /usr/lib/jvm/java-8-openjdk-amd64/jre/lib/amd64/libnet.so
7f260a6be000-7f260a6cf000 r-xp 00000000 fc:01 1302612                    /usr/lib/jvm/java-8-openjdk-amd64/jre/lib/amd64/libnio.so
7f260a6cf000-7f260a8cf000 ---p 00011000 fc:01 1302612                    /usr/lib/jvm/java-8-openjdk-amd64/jre/lib/amd64/libnio.so
7f260a8cf000-7f260a8d0000 r--p 00011000 fc:01 1302612                    /usr/lib/jvm/java-8-openjdk-amd64/jre/lib/amd64/libnio.so
7f260a8d0000-7f260a8d1000 rw-p 00012000 fc:01 1302612                    /usr/lib/jvm/java-8-openjdk-amd64/jre/lib/amd64/libnio.so
7f260a8d1000-7f260a8d2000 ---p 00000000 00:00 0 
7f260a8d2000-7f260a9d2000 rw-p 00000000 00:00 0 
7f260a9d2000-7f260a9d5000 ---p 00000000 00:00 0 
7f260a9d5000-7f260aad3000 rw-p 00000000 00:00 0 
7f260aad3000-7f260aad4000 ---p 00000000 00:00 0 
7f260aad4000-7f260aad7000 ---p 00000000 00:00 0 
7f260aad7000-7f260abd4000 rw-p 00000000 00:00 0 
7f260abd4000-7f260abd5000 ---p 00000000 00:00 0 
7f260abd5000-7f260abd8000 ---p 00000000 00:00 0 
7f260abd8000-7f260acd5000 rw-p 00000000 00:00 0 
7f260acd5000-7f260acd8000 ---p 00000000 00:00 0 
7f260acd8000-7f260add6000 rw-p 00000000 00:00 0 
7f260add6000-7f260af49000 r--p 00000000 fc:01 7801                       /usr/lib/locale/C.UTF-8/LC_COLLATE
7f260af49000-7f260b0e4000 r--p 00000000 fc:01 7796                       /usr/lib/locale/locale-archive
7f260b0e4000-7f260b0e7000 ---p 00000000 00:00 0 
7f260b0e7000-7f260b1e5000 rw-p 00000000 00:00 0 
7f260b1e5000-7f260b1e8000 ---p 00000000 00:00 0 
7f260b1e8000-7f260b2e6000 rw-p 00000000 00:00 0 
7f260b2e6000-7f260b2e7000 ---p 00000000 00:00 0 
7f260b2e7000-7f260b3e7000 rw-p 00000000 00:00 0 
7f260b3e7000-7f260b5b7000 r--s 03c68000 fc:01 1302635                    /usr/lib/jvm/java-8-openjdk-amd64/jre/lib/rt.jar
7f260b5b7000-7f260ba37000 rw-p 00000000 00:00 0 
7f260ba37000-7f260bdb7000 ---p 00000000 00:00 0 
7f260bdb7000-7f260bdc1000 rw-p 00000000 00:00 0 
7f260bdc1000-7f260c177000 ---p 00000000 00:00 0 
7f260c177000-7f260c3e7000 rwxp 00000000 00:00 0 
7f260c3e7000-7f261b177000 ---p 00000000 00:00 0 
7f261b177000-7f261b17f000 r-xp 00000000 fc:01 1302619                    /usr/lib/jvm/java-8-openjdk-amd64/jre/lib/amd64/libzip.so
7f261b17f000-7f261b37e000 ---p 00008000 fc:01 1302619                    /usr/lib/jvm/java-8-openjdk-amd64/jre/lib/amd64/libzip.so
7f261b37e000-7f261b37f000 r--p 00007000 fc:01 1302619                    /usr/lib/jvm/java-8-openjdk-amd64/jre/lib/amd64/libzip.so
7f261b37f000-7f261b380000 rw-p 00008000 fc:01 1302619                    /usr/lib/jvm/java-8-openjdk-amd64/jre/lib/amd64/libzip.so
7f261b380000-7f261b38b000 r-xp 00000000 fc:01 2093                       /lib/x86_64-linux-gnu/libnss_files-2.27.so
7f261b38b000-7f261b58a000 ---p 0000b000 fc:01 2093                       /lib/x86_64-linux-gnu/libnss_files-2.27.so
7f261b58a000-7f261b58b000 r--p 0000a000 fc:01 2093                       /lib/x86_64-linux-gnu/libnss_files-2.27.so
7f261b58b000-7f261b58c000 rw-p 0000b000 fc:01 2093                       /lib/x86_64-linux-gnu/libnss_files-2.27.so
7f261b58c000-7f261b592000 rw-p 00000000 00:00 0 
7f261b592000-7f261b5a9000 r-xp 00000000 fc:01 2090                       /lib/x86_64-linux-gnu/libnsl-2.27.so
7f261b5a9000-7f261b7a8000 ---p 00017000 fc:01 2090                       /lib/x86_64-linux-gnu/libnsl-2.27.so
7f261b7a8000-7f261b7a9000 r--p 00016000 fc:01 2090                       /lib/x86_64-linux-gnu/libnsl-2.27.so
7f261b7a9000-7f261b7aa000 rw-p 00017000 fc:01 2090                       /lib/x86_64-linux-gnu/libnsl-2.27.so
7f261b7aa000-7f261b7ac000 rw-p 00000000 00:00 0 
7f261b7ac000-7f261b7b7000 r-xp 00000000 fc:01 2095                       /lib/x86_64-linux-gnu/libnss_nis-2.27.so
7f261b7b7000-7f261b9b6000 ---p 0000b000 fc:01 2095                       /lib/x86_64-linux-gnu/libnss_nis-2.27.so
7f261b9b6000-7f261b9b7000 r--p 0000a000 fc:01 2095                       /lib/x86_64-linux-gnu/libnss_nis-2.27.so
7f261b9b7000-7f261b9b8000 rw-p 0000b000 fc:01 2095                       /lib/x86_64-linux-gnu/libnss_nis-2.27.so
7f261b9b8000-7f261b9c0000 r-xp 00000000 fc:01 2091                       /lib/x86_64-linux-gnu/libnss_compat-2.27.so
7f261b9c0000-7f261bbc0000 ---p 00008000 fc:01 2091                       /lib/x86_64-linux-gnu/libnss_compat-2.27.so
7f261bbc0000-7f261bbc1000 r--p 00008000 fc:01 2091                       /lib/x86_64-linux-gnu/libnss_compat-2.27.so
7f261bbc1000-7f261bbc2000 rw-p 00009000 fc:01 2091                       /lib/x86_64-linux-gnu/libnss_compat-2.27.so
7f261bbc2000-7f261bbec000 r-xp 00000000 fc:01 1302600                    /usr/lib/jvm/java-8-openjdk-amd64/jre/lib/amd64/libjava.so
7f261bbec000-7f261bdeb000 ---p 0002a000 fc:01 1302600                    /usr/lib/jvm/java-8-openjdk-amd64/jre/lib/amd64/libjava.so
7f261bdeb000-7f261bdec000 r--p 00029000 fc:01 1302600                    /usr/lib/jvm/java-8-openjdk-amd64/jre/lib/amd64/libjava.so
7f261bdec000-7f261bdee000 rw-p 0002a000 fc:01 1302600                    /usr/lib/jvm/java-8-openjdk-amd64/jre/lib/amd64/libjava.so
7f261bdee000-7f261bdfe000 r-xp 00000000 fc:01 1302618                    /usr/lib/jvm/java-8-openjdk-amd64/jre/lib/amd64/libverify.so
7f261bdfe000-7f261bffd000 ---p 00010000 fc:01 1302618                    /usr/lib/jvm/java-8-openjdk-amd64/jre/lib/amd64/libverify.so
7f261bffd000-7f261bfff000 r--p 0000f000 fc:01 1302618                    /usr/lib/jvm/java-8-openjdk-amd64/jre/lib/amd64/libverify.so
7f261bfff000-7f261c000000 rw-p 00011000 fc:01 1302618                    /usr/lib/jvm/java-8-openjdk-amd64/jre/lib/amd64/libverify.so
7f261c000000-7f261c27f000 rw-p 00000000 00:00 0 
7f261c27f000-7f2620000000 ---p 00000000 00:00 0 
7f2620004000-7f2620005000 r--s 00000000 fc:01 783094                     /tmp/ompi.openmpi-master.1000/pid.5069/pmix_dstor_ds12_5069/initial-pmix_shared-segment-0
7f2620005000-7f2620006000 rw-s 00000000 fc:01 783095                     /tmp/ompi.openmpi-master.1000/pid.5069/pmix_dstor_ds12_5069/dstore_sm.lock
7f2620006000-7f2620007000 r--s 0000f000 fc:01 527712                     /home/mpiuser/cloud/fyp/java_client/lib/mpi.jar
7f2620007000-7f262000a000 r--s 0000e000 fc:01 527707                     /home/mpiuser/cloud/fyp/java_client/lib/jackson-annotations-2.10.3.jar
7f262000a000-7f2620017000 r--s 00090000 fc:01 527704                     /home/mpiuser/cloud/fyp/java_client/lib/amqp-client-5.8.0.jar
7f2620017000-7f2620018000 r--s 00003000 fc:01 527715                     /home/mpiuser/cloud/fyp/java_client/lib/slf4j-simple-1.7.30.jar
7f2620018000-7f262002d000 r--s 00142000 fc:01 527710                     /home/mpiuser/cloud/fyp/java_client/lib/jackson-databind-2.10.2.jar
7f262002d000-7f2620042000 r--s 00142000 fc:01 527711                     /home/mpiuser/cloud/fyp/java_client/lib/jackson-databind-2.10.3.jar
7f2620042000-7f2620043000 r--s 00005000 fc:01 527718                     /home/mpiuser/cloud/fyp/java_client/lib/spring-jcl-5.2.5.RELEASE.jar
7f2620043000-7f262005e000 r--s 001d6000 fc:01 1555512                    /usr/lib/jvm/java-8-openjdk-amd64/jre/lib/ext/nashorn.jar
7f262005e000-7f2620062000 r--s 0003a000 fc:01 1555515                    /usr/lib/jvm/java-8-openjdk-amd64/jre/lib/ext/sunpkcs11.jar
7f2620062000-7f2620067000 r--s 0003d000 fc:01 1555514                    /usr/lib/jvm/java-8-openjdk-amd64/jre/lib/ext/sunjce_provider.jar
7f2620067000-7f2620068000 r--s 00010000 fc:01 1555516                    /usr/lib/jvm/java-8-openjdk-amd64/jre/lib/ext/zipfs.jar
7f2620068000-7f2620069000 r--s 0000a000 fc:01 1555510                    /usr/lib/jvm/java-8-openjdk-amd64/jre/lib/ext/jaccess.jar
7f2620069000-7f262006b000 r--s 00007000 fc:01 29606                      /usr/share/java/java-atk-wrapper.jar
7f262006b000-7f2620086000 r--s 00394000 fc:01 1555507                    /usr/lib/jvm/java-8-openjdk-amd64/jre/lib/ext/cldrdata.jar
7f2620086000-7f26200b7000 r--p 00000000 fc:01 7802                       /usr/lib/locale/C.UTF-8/LC_CTYPE
7f26200b7000-7f26201fe000 rw-p 00000000 00:00 0 
7f26201fe000-7f2620205000 r-xp 00000000 fc:01 2180                       /lib/x86_64-linux-gnu/librt-2.27.so
7f2620205000-7f2620404000 ---p 00007000 fc:01 2180                       /lib/x86_64-linux-gnu/librt-2.27.so
7f2620404000-7f2620405000 r--p 00006000 fc:01 2180                       /lib/x86_64-linux-gnu/librt-2.27.so
7f2620405000-7f2620406000 rw-p 00007000 fc:01 2180                       /lib/x86_64-linux-gnu/librt-2.27.so
7f2620406000-7f262041d000 r-xp 00000000 fc:01 29154                      /lib/x86_64-linux-gnu/libgcc_s.so.1
7f262041d000-7f262061c000 ---p 00017000 fc:01 29154                      /lib/x86_64-linux-gnu/libgcc_s.so.1
7f262061c000-7f262061d000 r--p 00016000 fc:01 29154                      /lib/x86_64-linux-gnu/libgcc_s.so.1
7f262061d000-7f262061e000 rw-p 00017000 fc:01 29154                      /lib/x86_64-linux-gnu/libgcc_s.so.1
7f262061e000-7f26207bb000 r-xp 00000000 fc:01 2087                       /lib/x86_64-linux-gnu/libm-2.27.so
7f26207bb000-7f26209ba000 ---p 0019d000 fc:01 2087                       /lib/x86_64-linux-gnu/libm-2.27.so
7f26209ba000-7f26209bb000 r--p 0019c000 fc:01 2087                       /lib/x86_64-linux-gnu/libm-2.27.so
7f26209bb000-7f26209bc000 rw-p 0019d000 fc:01 2087                       /lib/x86_64-linux-gnu/libm-2.27.so
7f26209bc000-7f2620b35000 r-xp 00000000 fc:01 4344                       /usr/lib/x86_64-linux-gnu/libstdc++.so.6.0.25
7f2620b35000-7f2620d35000 ---p 00179000 fc:01 4344                       /usr/lib/x86_64-linux-gnu/libstdc++.so.6.0.25
7f2620d35000-7f2620d3f000 r--p 00179000 fc:01 4344                       /usr/lib/x86_64-linux-gnu/libstdc++.so.6.0.25
7f2620d3f000-7f2620d41000 rw-p 00183000 fc:01 4344                       /usr/lib/x86_64-linux-gnu/libstdc++.so.6.0.25
7f2620d41000-7f2620d45000 rw-p 00000000 00:00 0 
7f2620d45000-7f26219e8000 r-xp 00000000 fc:01 1302622                    /usr/lib/jvm/java-8-openjdk-amd64/jre/lib/amd64/server/libjvm.so
7f26219e8000-7f2621be8000 ---p 00ca3000 fc:01 1302622                    /usr/lib/jvm/java-8-openjdk-amd64/jre/lib/amd64/server/libjvm.so
7f2621be8000-7f2621c7c000 r--p 00ca3000 fc:01 1302622                    /usr/lib/jvm/java-8-openjdk-amd64/jre/lib/amd64/server/libjvm.so
7f2621c7c000-7f2621ca5000 rw-p 00d37000 fc:01 1302622                    /usr/lib/jvm/java-8-openjdk-amd64/jre/lib/amd64/server/libjvm.so
7f2621ca5000-7f2621cd5000 rw-p 00000000 00:00 0 
7f2621cd5000-7f2621cef000 r-xp 00000000 fc:01 2178                       /lib/x86_64-linux-gnu/libpthread-2.27.so
7f2621cef000-7f2621eee000 ---p 0001a000 fc:01 2178                       /lib/x86_64-linux-gnu/libpthread-2.27.so
7f2621eee000-7f2621eef000 r--p 00019000 fc:01 2178                       /lib/x86_64-linux-gnu/libpthread-2.27.so
7f2621eef000-7f2621ef0000 rw-p 0001a000 fc:01 2178                       /lib/x86_64-linux-gnu/libpthread-2.27.so
7f2621ef0000-7f2621ef4000 rw-p 00000000 00:00 0 
7f2621ef4000-7f2621ef7000 r-xp 00000000 fc:01 2086                       /lib/x86_64-linux-gnu/libdl-2.27.so
7f2621ef7000-7f26220f6000 ---p 00003000 fc:01 2086                       /lib/x86_64-linux-gnu/libdl-2.27.so
7f26220f6000-7f26220f7000 r--p 00002000 fc:01 2086                       /lib/x86_64-linux-gnu/libdl-2.27.so
7f26220f7000-7f26220f8000 rw-p 00003000 fc:01 2086                       /lib/x86_64-linux-gnu/libdl-2.27.so
7f26220f8000-7f2622114000 r-xp 00000000 fc:01 2183                       /lib/x86_64-linux-gnu/libz.so.1.2.11
7f2622114000-7f2622313000 ---p 0001c000 fc:01 2183                       /lib/x86_64-linux-gnu/libz.so.1.2.11
7f2622313000-7f2622314000 r--p 0001b000 fc:01 2183                       /lib/x86_64-linux-gnu/libz.so.1.2.11
7f2622314000-7f2622315000 rw-p 0001c000 fc:01 2183                       /lib/x86_64-linux-gnu/libz.so.1.2.11
7f2622315000-7f26224fc000 r-xp 00000000 fc:01 2083                       /lib/x86_64-linux-gnu/libc-2.27.so
7f26224fc000-7f26226fc000 ---p 001e7000 fc:01 2083                       /lib/x86_64-linux-gnu/libc-2.27.so
7f26226fc000-7f2622700000 r--p 001e7000 fc:01 2083                       /lib/x86_64-linux-gnu/libc-2.27.so
7f2622700000-7f2622702000 rw-p 001eb000 fc:01 2083                       /lib/x86_64-linux-gnu/libc-2.27.so
7f2622702000-7f2622706000 rw-p 00000000 00:00 0 
7f2622706000-7f2622714000 r-xp 00000000 fc:01 1555499                    /usr/lib/jvm/java-8-openjdk-amd64/jre/lib/amd64/jli/libjli.so
7f2622714000-7f2622913000 ---p 0000e000 fc:01 1555499                    /usr/lib/jvm/java-8-openjdk-amd64/jre/lib/amd64/jli/libjli.so
7f2622913000-7f2622914000 r--p 0000d000 fc:01 1555499                    /usr/lib/jvm/java-8-openjdk-amd64/jre/lib/amd64/jli/libjli.so
7f2622914000-7f2622915000 rw-p 0000e000 fc:01 1555499                    /usr/lib/jvm/java-8-openjdk-amd64/jre/lib/amd64/jli/libjli.so
7f2622915000-7f262293c000 r-xp 00000000 fc:01 2079                       /lib/x86_64-linux-gnu/ld-2.27.so
7f262293c000-7f262293d000 r--s 0000d000 fc:01 1555513                    /usr/lib/jvm/java-8-openjdk-amd64/jre/lib/ext/sunec.jar
7f262293d000-7f262293f000 r--s 00001000 fc:01 1555508                    /usr/lib/jvm/java-8-openjdk-amd64/jre/lib/ext/dnsns.jar
7f262293f000-7f2622942000 r--s 0000f000 fc:01 1555509                    /usr/lib/jvm/java-8-openjdk-amd64/jre/lib/ext/icedtea-sound.jar
7f2622942000-7f262294c000 r--s 00116000 fc:01 1555511                    /usr/lib/jvm/java-8-openjdk-amd64/jre/lib/ext/localedata.jar
7f262294c000-7f262294d000 r--p 00000000 fc:01 7807                       /usr/lib/locale/C.UTF-8/LC_NUMERIC
7f262294d000-7f262294e000 r--p 00000000 fc:01 7810                       /usr/lib/locale/C.UTF-8/LC_TIME
7f262294e000-7f262294f000 r--p 00000000 fc:01 7805                       /usr/lib/locale/C.UTF-8/LC_MONETARY
7f262294f000-7f2622950000 r--p 00000000 fc:01 7799                       /usr/lib/locale/C.UTF-8/LC_MESSAGES/SYS_LC_MESSAGES
7f2622950000-7f2622951000 r--p 00000000 fc:01 7808                       /usr/lib/locale/C.UTF-8/LC_PAPER
7f2622951000-7f2622952000 r--p 00000000 fc:01 7806                       /usr/lib/locale/C.UTF-8/LC_NAME
7f2622952000-7f2622953000 r--p 00000000 fc:01 7800                       /usr/lib/locale/C.UTF-8/LC_ADDRESS
7f2622953000-7f2622954000 r--p 00000000 fc:01 7809                       /usr/lib/locale/C.UTF-8/LC_TELEPHONE
7f2622954000-7f2622955000 r--p 00000000 fc:01 7804                       /usr/lib/locale/C.UTF-8/LC_MEASUREMENT
7f2622955000-7f262295c000 r--s 00000000 fc:01 5010                       /usr/lib/x86_64-linux-gnu/gconv/gconv-modules.cache
7f262295c000-7f262295d000 r--p 00000000 fc:01 7803                       /usr/lib/locale/C.UTF-8/LC_IDENTIFICATION
7f262295d000-7f2622963000 rw-p 00000000 00:00 0 
7f2622963000-7f26229b0000 ---p 00000000 00:00 0 
7f26229b0000-7f26229b3000 rw-p 00000000 00:00 0 
7f26229b3000-7f26229d9000 ---p 00000000 00:00 0 
7f26229d9000-7f26229df000 rw-p 00000000 00:00 0 
7f26229df000-7f2622a2c000 ---p 00000000 00:00 0 
7f2622a2c000-7f2622a2d000 rw-p 00000000 00:00 0 
7f2622a2d000-7f2622a2e000 ---p 00000000 00:00 0 
7f2622a2e000-7f2622a31000 ---p 00000000 00:00 0 
7f2622a31000-7f2622b30000 rw-p 00000000 00:00 0 
7f2622b30000-7f2622b38000 rw-s 00000000 fc:01 1039825                    /tmp/hsperfdata_mpiuser/5096
7f2622b38000-7f2622b39000 rw-p 00000000 00:00 0 
7f2622b39000-7f2622b3a000 r--p 00000000 00:00 0 
7f2622b3a000-7f2622b3c000 rw-p 00000000 00:00 0 
7f2622b3c000-7f2622b3d000 r--p 00027000 fc:01 2079                       /lib/x86_64-linux-gnu/ld-2.27.so
7f2622b3d000-7f2622b3e000 rw-p 00028000 fc:01 2079                       /lib/x86_64-linux-gnu/ld-2.27.so
7f2622b3e000-7f2622b3f000 rw-p 00000000 00:00 0 
7ffcc1f47000-7ffcc1f68000 rw-p 00000000 00:00 0                          [stack]
7ffcc1f84000-7ffcc1f87000 r--p 00000000 00:00 0                          [vvar]
7ffcc1f87000-7ffcc1f89000 r-xp 00000000 00:00 0                          [vdso]
ffffffffff600000-ffffffffff601000 r-xp 00000000 00:00 0                  [vsyscall]

VM Arguments:
jvm_args: -Djava.library.path=/usr/local/lib 
java_command: Client 1000000 100 0
java_class_path (initial): /home/mpiuser/cloud/fyp/java_client:./lib/spring-jcl-5.2.5.RELEASE.jar:./lib/jackson-databind-2.10.3.jar:./lib/jackson-databind-2.10.2.jar:./lib/slf4j-simple-1.7.30.jar:./lib/amqp-client-5.8.0.jar:./lib/spring-web-5.2.5.RELEASE.jar:./lib/jackson-annotations-2.10.3.jar:./lib/mpi.jar:./lib/spring-beans-5.2.5.RELEASE.jar:./lib/jackson-annotations-2.10.2.jar:./lib/jackson-core-2.10.2.jar:./lib/jackson-core-2.10.3.jar:./lib/slf4j-api-1.7.29.jar:./lib/spring-core-5.2.5.RELEASE.jar:./lib/slf4j-api-1.7.30.jar:./lib/http-client-3.6.1.RELEASE.jar:/usr/local/lib/mpi.jar
Launcher Type: SUN_STANDARD

Environment Variables:
PATH=/usr/local/sbin:/usr/local/bin:/usr/sbin:/usr/bin:/sbin:/bin:/usr/games:/usr/local/games:/snap/bin
SHELL=/bin/bash

Signal Handlers:
SIGSEGV: [libjvm.so+0xabc3b0], sa_mask[0]=11111111011111111101111111111110, sa_flags=SA_RESTART|SA_SIGINFO
SIGBUS: [libjvm.so+0xabc3b0], sa_mask[0]=11111111011111111101111111111110, sa_flags=SA_RESTART|SA_SIGINFO
SIGFPE: [libjvm.so+0x8f0bb0], sa_mask[0]=11111111011111111101111111111110, sa_flags=SA_RESTART|SA_SIGINFO
SIGPIPE: [libjvm.so+0x8f0bb0], sa_mask[0]=11111111011111111101111111111110, sa_flags=SA_RESTART|SA_SIGINFO
SIGXFSZ: [libjvm.so+0x8f0bb0], sa_mask[0]=11111111011111111101111111111110, sa_flags=SA_RESTART|SA_SIGINFO
SIGILL: [libjvm.so+0x8f0bb0], sa_mask[0]=11111111011111111101111111111110, sa_flags=SA_RESTART|SA_SIGINFO
SIGUSR1: SIG_DFL, sa_mask[0]=00000000000000000000000000000000, sa_flags=none
SIGUSR2: [libjvm.so+0x8f0a60], sa_mask[0]=00000000000000000000000000000000, sa_flags=SA_RESTART|SA_SIGINFO
SIGHUP: [libjvm.so+0x8f10d0], sa_mask[0]=11111111011111111101111111111110, sa_flags=SA_RESTART|SA_SIGINFO
SIGINT: [libjvm.so+0x8f10d0], sa_mask[0]=11111111011111111101111111111110, sa_flags=SA_RESTART|SA_SIGINFO
SIGTERM: [libjvm.so+0x8f10d0], sa_mask[0]=11111111011111111101111111111110, sa_flags=SA_RESTART|SA_SIGINFO
SIGQUIT: [libjvm.so+0x8f10d0], sa_mask[0]=11111111011111111101111111111110, sa_flags=SA_RESTART|SA_SIGINFO


---------------  S Y S T E M  ---------------

OS:DISTRIB_ID=Ubuntu
DISTRIB_RELEASE=18.04
DISTRIB_CODENAME=bionic
DISTRIB_DESCRIPTION="Ubuntu 18.04.3 LTS"

uname:Linux 4.15.0-91-generic #92-Ubuntu SMP Fri Feb 28 11:09:48 UTC 2020 x86_64
libc:glibc 2.27 NPTL 2.27 
rlimit: STACK 8192k, CORE 0k, NPROC 3837, NOFILE 1048576, AS infinity
load average:22.55 4.80 1.56

/proc/meminfo:
MemTotal:        1008492 kB
MemFree:          119376 kB
MemAvailable:      76668 kB
Buffers:            3724 kB
Cached:            34360 kB
SwapCached:            0 kB
Active:           745672 kB
Inactive:           8828 kB
Active(anon):     717344 kB
Inactive(anon):      252 kB
Active(file):      28328 kB
Inactive(file):     8576 kB
Unevictable:           0 kB
Mlocked:               0 kB
SwapTotal:             0 kB
SwapFree:              0 kB
Dirty:               652 kB
Writeback:             0 kB
AnonPages:        704640 kB
Mapped:            22560 kB
Shmem:               648 kB
Slab:              68280 kB
SReclaimable:      20356 kB
SUnreclaim:        47924 kB
KernelStack:       12132 kB
PageTables:        23108 kB
NFS_Unstable:          0 kB
Bounce:                0 kB
WritebackTmp:          0 kB
CommitLimit:      504244 kB
Committed_AS:    4356152 kB
VmallocTotal:   34359738367 kB
VmallocUsed:           0 kB
VmallocChunk:          0 kB
HardwareCorrupted:     0 kB
AnonHugePages:         0 kB
ShmemHugePages:        0 kB
ShmemPmdMapped:        0 kB
CmaTotal:              0 kB
CmaFree:               0 kB
HugePages_Total:       0
HugePages_Free:        0
HugePages_Rsvd:        0
HugePages_Surp:        0
Hugepagesize:       2048 kB
DirectMap4k:       83948 kB
DirectMap2M:      964608 kB
DirectMap1G:           0 kB

container (cgroup) information:
container_type: cgroupv1
cpu_cpuset_cpus: 0-2
cpu_memory_nodes: 0
active_processor_count: 3
cpu_quota: -1
cpu_period: 100000
cpu_shares: -1
memory_limit_in_bytes: -1
memory_and_swap_limit_in_bytes: -2
memory_soft_limit_in_bytes: -1
memory_usage_in_bytes: 736530432
memory_max_usage_in_bytes: 817807360


CPU:total 3 (initial active 3) (1 cores per cpu, 1 threads per core) family 6 model 85 stepping 4, cmov, cx8, fxsr, mmx, sse, sse2, sse3, ssse3, sse4.1, sse4.2, popcnt, avx, avx2, aes, clmul, erms, 3dnowpref, lzcnt, tsc, bmi1, bmi2, adx

/proc/cpuinfo:
processor	: 0
vendor_id	: GenuineIntel
cpu family	: 6
model		: 85
model name	: Intel(R) Xeon(R) Gold 6140 CPU @ 2.30GHz
stepping	: 4
microcode	: 0x1
cpu MHz		: 2294.608
cache size	: 4096 KB
physical id	: 0
siblings	: 1
core id		: 0
cpu cores	: 1
apicid		: 0
initial apicid	: 0
fpu		: yes
fpu_exception	: yes
cpuid level	: 13
wp		: yes
flags		: fpu vme de pse tsc msr pae mce cx8 apic sep mtrr pge mca cmov pat pse36 clflush mmx fxsr sse sse2 ss syscall nx pdpe1gb rdtscp lm constant_tsc arch_perfmon rep_good nopl cpuid tsc_known_freq pni pclmulqdq vmx ssse3 fma cx16 pcid sse4_1 sse4_2 x2apic movbe popcnt tsc_deadline_timer aes xsave avx f16c rdrand hypervisor lahf_lm abm 3dnowprefetch cpuid_fault invpcid_single pti ssbd ibrs ibpb tpr_shadow vnmi flexpriority ept vpid fsgsbase tsc_adjust bmi1 avx2 smep bmi2 erms invpcid mpx avx512f avx512dq rdseed adx smap clflushopt clwb avx512cd avx512bw avx512vl xsaveopt xsavec xgetbv1 pku ospke md_clear
bugs		: cpu_meltdown spectre_v1 spectre_v2 spec_store_bypass l1tf mds swapgs itlb_multihit
bogomips	: 4589.21
clflush size	: 64
cache_alignment	: 64
address sizes	: 40 bits physical, 48 bits virtual
power management:

processor	: 1
vendor_id	: GenuineIntel
cpu family	: 6
model		: 85
model name	: Intel(R) Xeon(R) Gold 6140 CPU @ 2.30GHz
stepping	: 4
microcode	: 0x1
cpu MHz		: 2294.608
cache size	: 4096 KB
physical id	: 1
siblings	: 1
core id		: 0
cpu cores	: 1
apicid		: 1
initial apicid	: 1
fpu		: yes
fpu_exception	: yes
cpuid level	: 13
wp		: yes
flags		: fpu vme de pse tsc msr pae mce cx8 apic sep mtrr pge mca cmov pat pse36 clflush mmx fxsr sse sse2 ss syscall nx pdpe1gb rdtscp lm constant_tsc arch_perfmon rep_good nopl cpuid tsc_known_freq pni pclmulqdq vmx ssse3 fma cx16 pcid sse4_1 sse4_2 x2apic movbe popcnt tsc_deadline_timer aes xsave avx f16c rdrand hypervisor lahf_lm abm 3dnowprefetch cpuid_fault invpcid_single pti ssbd ibrs ibpb tpr_shadow vnmi flexpriority ept vpid fsgsbase tsc_adjust bmi1 avx2 smep bmi2 erms invpcid mpx avx512f avx512dq rdseed adx smap clflushopt clwb avx512cd avx512bw avx512vl xsaveopt xsavec xgetbv1 pku ospke md_clear
bugs		: cpu_meltdown spectre_v1 spectre_v2 spec_store_bypass l1tf mds swapgs itlb_multihit
bogomips	: 4589.21
clflush size	: 64
cache_alignment	: 64
address sizes	: 40 bits physical, 48 bits virtual
power management:

processor	: 2
vendor_id	: GenuineIntel
cpu family	: 6
model		: 85
model name	: Intel(R) Xeon(R) Gold 6140 CPU @ 2.30GHz
stepping	: 4
microcode	: 0x1
cpu MHz		: 2294.608
cache size	: 4096 KB
physical id	: 2
siblings	: 1
core id		: 0
cpu cores	: 1
apicid		: 2
initial apicid	: 2
fpu		: yes
fpu_exception	: yes
cpuid level	: 13
wp		: yes
flags		: fpu vme de pse tsc msr pae mce cx8 apic sep mtrr pge mca cmov pat pse36 clflush mmx fxsr sse sse2 ss syscall nx pdpe1gb rdtscp lm constant_tsc arch_perfmon rep_good nopl cpuid tsc_known_freq pni pclmulqdq vmx ssse3 fma cx16 pcid sse4_1 sse4_2 x2apic movbe popcnt tsc_deadline_timer aes xsave avx f16c rdrand hypervisor lahf_lm abm 3dnowprefetch cpuid_fault invpcid_single pti ssbd ibrs ibpb tpr_shadow vnmi flexpriority ept vpid fsgsbase tsc_adjust bmi1 avx2 smep bmi2 erms invpcid mpx avx512f avx512dq rdseed adx smap clflushopt clwb avx512cd avx512bw avx512vl xsaveopt xsavec xgetbv1 pku ospke md_clear
bugs		: cpu_meltdown spectre_v1 spectre_v2 spec_store_bypass l1tf mds swapgs itlb_multihit
bogomips	: 4589.21
clflush size	: 64
cache_alignment	: 64
address sizes	: 40 bits physical, 48 bits virtual
power management:



Memory: 4k page, physical 1008492k(130464k free), swap 0k(0k free)

vm_info: OpenJDK 64-Bit Server VM (25.242-b08) for linux-amd64 JRE (1.8.0_242-8u242-b08-0ubuntu3~18.04-b08), built on Jan 17 2020 23:41:21 by "buildd" with gcc 7.4.0

time: Mon Apr  6 11:39:59 2020
timezone: UTC
elapsed time: 9 seconds (0d 0h 0m 9s)

