#
# A fatal error has been detected by the Java Runtime Environment:
#
#  SIGSEGV (0xb) at pc=0x00007f706ca2e17c, pid=5086, tid=0x00007f70abe2b700
#
# JRE version: OpenJDK Runtime Environment (8.0_242-b08) (build 1.8.0_242-8u242-b08-0ubuntu3~18.04-b08)
# Java VM: OpenJDK 64-Bit Server VM (25.242-b08 mixed mode linux-amd64 compressed oops)
# Problematic frame:
# C  [mca_gds_ds21.so+0x217c]  pmix_gds_ds21_lock_init+0x13c
#
# Failed to write core dump. Core dumps have been disabled. To enable core dumping, try "ulimit -c unlimited" before starting Java again
#
# If you would like to submit a bug report, please visit:
#   http://bugreport.java.com/bugreport/crash.jsp
# The crash happened outside the Java Virtual Machine in native code.
# See problematic frame for where to report the bug.
#

---------------  T H R E A D  ---------------

Current thread (0x00007f70a400b800):  JavaThread "main" [_thread_in_native, id=5092, stack(0x00007f70abd2c000,0x00007f70abe2c000)]

siginfo: si_signo: 11 (SIGSEGV), si_code: 1 (SEGV_MAPERR), si_addr: 0x00007f7094000008

Registers:
RAX=0x00007f70a425d320, RBX=0x00007f70a425d290, RCX=0x00007f706ce5319e, RDX=0x00007ffece63dcba
RSP=0x00007f70abe296a0, RBP=0x00007f70a425d240, RSI=0x0000000000085000, RDI=0x0000000000000000
R8 =0x000000000000001e, R9 =0x0000000000000000, R10=0x0000000000000001, R11=0x0000000000000000
R12=0x00007f7094000000, R13=0x00007f70a425ce98, R14=0x0000000000001000, R15=0x00007f706cc30240
RIP=0x00007f706ca2e17c, EFLAGS=0x0000000000010202, CSGSFS=0x002b000000000033, ERR=0x0000000000000004
  TRAPNO=0x000000000000000e

Top of Stack: (sp=0x00007f70abe296a0)
0x00007f70abe296a0:   00007f70a425cf10 00007f70a425d1f0
0x00007f70abe296b0:   00007ffece63dcba 0000000000085000
0x00007f70abe296c0:   0000000000001000 00000000000003e8
0x00007f70abe296d0:   00007f70a425d298 00007f70ab6aa2ed
0x00007f70abe296e0:   00007f70a425cee0 8564ae39afe9b300
0x00007f70abe296f0:   0000000000000000 00007f70a425cbc0
0x00007f70abe29700:   0000000000000000 00007ffece63dcba
0x00007f70abe29710:   0000000000000000 00007f70a425ce70
0x00007f70abe29720:   00007f70a425ce30 00007f706ce4dcd9
0x00007f70abe29730:   00007f706ca2ecdb 00007f70abe297c0
0x00007f70abe29740:   00007f706dfe08d3 0000001500000040
0x00007f70abe29750:   00007f70a4258510 8564ae39afe9b300
0x00007f70abe29760:   00007f706e2060a0 00007f70a4258020
0x00007f70abe29770:   00007f706e209fd0 00007f706cc302d4
0x00007f70abe29780:   00007f706e2060a0 00007f706cc30180
0x00007f70abe29790:   00007f70a425cb70 00007f706ca2df04
0x00007f70abe297a0:   00007f706e209fd0 00007f706dfc81a6
0x00007f70abe297b0:   00007f706e206100 00007f706e209fc0
0x00007f70abe297c0:   00007f70abe297e4 00007f70abe297e8
0x00007f70abe297d0:   0000000000000000 0000000000000000
0x00007f70abe297e0:   0000001e6e205520 00007f706cc30180
0x00007f70abe297f0:   0000000000000000 8564ae39afe9b300
0x00007f70abe29800:   00007f706e2060a0 0000000000000000
0x00007f70abe29810:   0000000000000000 00007f70a41e74b0
0x00007f70abe29820:   00007f706e205520 00007f706df32760
0x00007f70abe29830:   0000000000000000 00007f706df7b5a9
0x00007f70abe29840:   00007f70a4210180 00007f706e2057d8
0x00007f70abe29850:   2d69706d6e65706f 000072657473616d
0x00007f70abe29860:   0000000003741ab1 00007f706debef86
0x00007f70abe29870:   00007f706debb118 00007f706deb6afc
0x00007f70abe29880:   00007f706debe67a 0000000100000000
0x00007f70abe29890:   00007f70abe29990 8564ae39afe9b300 

Instructions: (pc=0x00007f706ca2e17c)
0x00007f706ca2e15c:   ff ff 48 85 c0 48 89 43 30 0f 84 b3 01 00 00 4c
0x00007f706ca2e16c:   8b 60 18 49 8b 34 24 49 39 f6 0f 82 e4 02 00 00
0x00007f706ca2e17c:   41 8b 44 24 08 4c 89 e2 31 c9 48 8d 7c 24 40 be
0x00007f706ca2e18c:   01 00 00 00 89 43 40 49 03 54 24 18 85 c0 48 89 

Register to memory mapping:

RAX=0x00007f70a425d320 is an unknown value
RBX=0x00007f70a425d290 is an unknown value
RCX=0x00007f706ce5319e: pmix_common_dstor_attach_new_lock_seg+0x1e in /usr/local/lib/libmca_common_dstore.so.1 at 0x00007f706ce43000
RDX=0x00007ffece63dcba is an unknown value
RSP=0x00007f70abe296a0 is pointing into the stack for thread: 0x00007f70a400b800
RBP=0x00007f70a425d240 is an unknown value
RSI=0x0000000000085000 is an unknown value
RDI=0x0000000000000000 is an unknown value
R8 =0x000000000000001e is an unknown value
R9 =0x0000000000000000 is an unknown value
R10=0x0000000000000001 is an unknown value
R11=0x0000000000000000 is an unknown value
R12=0x00007f7094000000 is an unknown value
R13=0x00007f70a425ce98 is an unknown value
R14=0x0000000000001000 is an unknown value
R15=0x00007f706cc30240: lock_item_t_class+0 in /usr/local/lib/pmix/mca_gds_ds21.so at 0x00007f706ca2c000


Stack: [0x00007f70abd2c000,0x00007f70abe2c000],  sp=0x00007f70abe296a0,  free space=1013k
Native frames: (J=compiled Java code, j=interpreted, Vv=VM code, C=native code)
C  [mca_gds_ds21.so+0x217c]  pmix_gds_ds21_lock_init+0x13c

Java frames: (J=compiled Java code, j=interpreted, Vv=VM code)
j  mpi.MPI.Init_jni([Ljava/lang/String;)[Ljava/lang/String;+0
j  mpi.MPI.Init([Ljava/lang/String;)[Ljava/lang/String;+17
j  Client.main([Ljava/lang/String;)V+1
v  ~StubRoutines::call_stub

---------------  P R O C E S S  ---------------

Java Threads: ( => current thread )
  0x00007f70a40b7800 JavaThread "Service Thread" daemon [_thread_blocked, id=5207, stack(0x00007f7087cfd000,0x00007f7087dfe000)]
  0x00007f70a40b4800 JavaThread "C1 CompilerThread1" daemon [_thread_blocked, id=5196, stack(0x00007f7087dff000,0x00007f7087eff000)]
  0x00007f70a40b2000 JavaThread "C2 CompilerThread0" daemon [_thread_blocked, id=5186, stack(0x00007f7087f00000,0x00007f7088000000)]
  0x00007f70a40b0800 JavaThread "Signal Dispatcher" daemon [_thread_blocked, id=5180, stack(0x00007f709401f000,0x00007f7094120000)]
  0x00007f70a407e000 JavaThread "Finalizer" daemon [_thread_blocked, id=5113, stack(0x00007f709442e000,0x00007f709452f000)]
  0x00007f70a4079800 JavaThread "Reference Handler" daemon [_thread_blocked, id=5105, stack(0x00007f709452f000,0x00007f7094630000)]
=>0x00007f70a400b800 JavaThread "main" [_thread_in_native, id=5092, stack(0x00007f70abd2c000,0x00007f70abe2c000)]

Other Threads:
  0x00007f70a406f800 VMThread [stack: 0x00007f70a806c000,0x00007f70a816c000] [id=5095]
  0x00007f70a40ba800 WatcherThread [stack: 0x00007f7087bfd000,0x00007f7087cfd000] [id=5218]

VM state:not at safepoint (normal execution)

VM Mutex/Monitor currently owned by a thread: None

heap address: 0x00000000f0800000, size: 248 MB, Compressed Oops mode: 32-bit
Narrow klass base: 0x0000000000000000, Narrow klass shift: 3
Compressed class space size: 1073741824 Address: 0x0000000100000000

Heap:
 def new generation   total 4928K, used 1441K [0x00000000f0800000, 0x00000000f0d50000, 0x00000000f5aa0000)
  eden space 4416K,  32% used [0x00000000f0800000, 0x00000000f0968610, 0x00000000f0c50000)
  from space 512K,   0% used [0x00000000f0c50000, 0x00000000f0c50000, 0x00000000f0cd0000)
  to   space 512K,   0% used [0x00000000f0cd0000, 0x00000000f0cd0000, 0x00000000f0d50000)
 tenured generation   total 10944K, used 0K [0x00000000f5aa0000, 0x00000000f6550000, 0x0000000100000000)
   the space 10944K,   0% used [0x00000000f5aa0000, 0x00000000f5aa0000, 0x00000000f5aa0200, 0x00000000f6550000)
 Metaspace       used 3123K, capacity 4792K, committed 5120K, reserved 1056768K
  class space    used 313K, capacity 424K, committed 512K, reserved 1048576K

Card table byte_map: [0x00007f70abcae000,0x00007f70abd2b000] byte_map_base: 0x00007f70ab52a000

Polling page: 0x00007f70abe37000

CodeCache: size=245760Kb used=1267Kb max_used=1267Kb free=244492Kb
 bounds [0x00007f7095000000, 0x00007f7095270000, 0x00007f70a4000000]
 total_blobs=379 nmethods=74 adapters=220
 compilation: enabled

Compilation events (10 events):
Event: 1.245 Thread 0x00007f70a40b4800   71       3       java.lang.String::startsWith (7 bytes)
Event: 1.245 Thread 0x00007f70a40b4800 nmethod 71 0x00007f7095130690 code [0x00007f7095130800, 0x00007f7095130a08]
Event: 1.245 Thread 0x00007f70a40b4800   73       3       java.util.zip.ZipCoder::getBytes (192 bytes)
Event: 1.256 Thread 0x00007f70a40b4800 nmethod 73 0x00007f7095136950 code [0x00007f7095136d00, 0x00007f7095138f18]
Event: 1.359 Thread 0x00007f70a40b4800   74       3       java.util.concurrent.ConcurrentHashMap::setTabAt (19 bytes)
Event: 1.359 Thread 0x00007f70a40b4800 nmethod 74 0x00007f709513c390 code [0x00007f709513c4e0, 0x00007f709513c650]
Event: 1.360 Thread 0x00007f70a40b4800   76       3       java.lang.StringBuilder::<init> (7 bytes)
Event: 1.360 Thread 0x00007f70a40b4800 nmethod 76 0x00007f709513c6d0 code [0x00007f709513c840, 0x00007f709513caf0]
Event: 1.360 Thread 0x00007f70a40b4800   77       3       java.lang.StringBuilder::toString (17 bytes)
Event: 1.360 Thread 0x00007f70a40b4800 nmethod 77 0x00007f709513cc10 code [0x00007f709513cd80, 0x00007f709513cf68]

GC Heap History (0 events):
No events

Deoptimization events (0 events):
No events

Classes redefined (0 events):
No events

Internal exceptions (5 events):
Event: 0.047 Thread 0x00007f70a400b800 Exception <a 'java/lang/NoSuchMethodError': Method sun.misc.Unsafe.defineClass(Ljava/lang/String;[BII)Ljava/lang/Class; name or signature does not match> (0x00000000f0807cc8) thrown at [/build/openjdk-8-58sEEn/openjdk-8-8u242-b08/src/hotspot/src/share/vm/
Event: 0.047 Thread 0x00007f70a400b800 Exception <a 'java/lang/NoSuchMethodError': Method sun.misc.Unsafe.prefetchRead(Ljava/lang/Object;J)V name or signature does not match> (0x00000000f0807fb0) thrown at [/build/openjdk-8-58sEEn/openjdk-8-8u242-b08/src/hotspot/src/share/vm/prims/jni.cpp, lin
Event: 0.358 Thread 0x00007f70a400b800 Exception <a 'java/util/zip/ZipException'> (0x00000000f085dec8) thrown at [/build/openjdk-8-58sEEn/openjdk-8-8u242-b08/src/hotspot/src/share/vm/prims/jni.cpp, line 710]
Event: 0.358 Thread 0x00007f70a400b800 Exception <a 'java/security/PrivilegedActionException'> (0x00000000f085e168) thrown at [/build/openjdk-8-58sEEn/openjdk-8-8u242-b08/src/hotspot/src/share/vm/prims/jvm.cpp, line 1502]
Event: 0.358 Thread 0x00007f70a400b800 Exception <a 'java/security/PrivilegedActionException'> (0x00000000f085e378) thrown at [/build/openjdk-8-58sEEn/openjdk-8-8u242-b08/src/hotspot/src/share/vm/prims/jvm.cpp, line 1502]

Events (10 events):
Event: 1.145 loading class mpi/Constant
Event: 1.145 loading class mpi/Constant done
Event: 1.145 loading class mpi/Errhandler
Event: 1.145 loading class mpi/Errhandler done
Event: 1.243 loading class mpi/Intracomm
Event: 1.243 loading class mpi/Intracomm done
Event: 1.244 loading class mpi/Comm
Event: 1.244 loading class mpi/Comm done
Event: 1.359 loading class mpi/Version
Event: 1.359 loading class mpi/Version done


Dynamic libraries:
f0800000-f0d50000 rw-p 00000000 00:00 0 
f0d50000-f5aa0000 ---p 00000000 00:00 0 
f5aa0000-f6550000 rw-p 00000000 00:00 0 
f6550000-100000000 ---p 00000000 00:00 0 
100000000-100080000 rw-p 00000000 00:00 0 
100080000-140000000 ---p 00000000 00:00 0 
557279863000-557279864000 r-xp 00000000 fc:01 1302575                    /usr/lib/jvm/java-8-openjdk-amd64/jre/bin/java
557279a63000-557279a64000 r--p 00000000 fc:01 1302575                    /usr/lib/jvm/java-8-openjdk-amd64/jre/bin/java
557279a64000-557279a65000 rw-p 00001000 fc:01 1302575                    /usr/lib/jvm/java-8-openjdk-amd64/jre/bin/java
55727b138000-55727b159000 rw-p 00000000 00:00 0                          [heap]
7f7068000000-7f7068021000 rw-p 00000000 00:00 0 
7f7068021000-7f706c000000 ---p 00000000 00:00 0 
7f706c7a4000-7f706c829000 rw-s 00000000 fc:01 1039764                    /tmp/ompi.openmpi-master.1000/pid.5069/pmix_dstor_ds21_5069/smlockseg-542244865
7f706c829000-7f706c82b000 r-xp 00000000 fc:01 782288                     /usr/local/lib/pmix/mca_pshmem_mmap.so
7f706c82b000-7f706ca2a000 ---p 00002000 fc:01 782288                     /usr/local/lib/pmix/mca_pshmem_mmap.so
7f706ca2a000-7f706ca2b000 r--p 00001000 fc:01 782288                     /usr/local/lib/pmix/mca_pshmem_mmap.so
7f706ca2b000-7f706ca2c000 rw-p 00002000 fc:01 782288                     /usr/local/lib/pmix/mca_pshmem_mmap.so
7f706ca2c000-7f706ca30000 r-xp 00000000 fc:01 782262                     /usr/local/lib/pmix/mca_gds_ds21.so
7f706ca30000-7f706cc2f000 ---p 00004000 fc:01 782262                     /usr/local/lib/pmix/mca_gds_ds21.so
7f706cc2f000-7f706cc30000 r--p 00003000 fc:01 782262                     /usr/local/lib/pmix/mca_gds_ds21.so
7f706cc30000-7f706cc31000 rw-p 00004000 fc:01 782262                     /usr/local/lib/pmix/mca_gds_ds21.so
7f706cc31000-7f706cc41000 r-xp 00000000 fc:01 782264                     /usr/local/lib/pmix/mca_gds_hash.so
7f706cc41000-7f706ce41000 ---p 00010000 fc:01 782264                     /usr/local/lib/pmix/mca_gds_hash.so
7f706ce41000-7f706ce42000 r--p 00010000 fc:01 782264                     /usr/local/lib/pmix/mca_gds_hash.so
7f706ce42000-7f706ce43000 rw-p 00011000 fc:01 782264                     /usr/local/lib/pmix/mca_gds_hash.so
7f706ce43000-7f706ce55000 r-xp 00000000 fc:01 29681                      /usr/local/lib/libmca_common_dstore.so.1.0.0
7f706ce55000-7f706d054000 ---p 00012000 fc:01 29681                      /usr/local/lib/libmca_common_dstore.so.1.0.0
7f706d054000-7f706d055000 r--p 00011000 fc:01 29681                      /usr/local/lib/libmca_common_dstore.so.1.0.0
7f706d055000-7f706d056000 rw-p 00012000 fc:01 29681                      /usr/local/lib/libmca_common_dstore.so.1.0.0
7f706d056000-7f706d05a000 r-xp 00000000 fc:01 782260                     /usr/local/lib/pmix/mca_gds_ds12.so
7f706d05a000-7f706d259000 ---p 00004000 fc:01 782260                     /usr/local/lib/pmix/mca_gds_ds12.so
7f706d259000-7f706d25a000 r--p 00003000 fc:01 782260                     /usr/local/lib/pmix/mca_gds_ds12.so
7f706d25a000-7f706d25b000 rw-p 00004000 fc:01 782260                     /usr/local/lib/pmix/mca_gds_ds12.so
7f706d25b000-7f706d263000 r-xp 00000000 fc:01 782292                     /usr/local/lib/pmix/mca_ptl_usock.so
7f706d263000-7f706d462000 ---p 00008000 fc:01 782292                     /usr/local/lib/pmix/mca_ptl_usock.so
7f706d462000-7f706d463000 r--p 00007000 fc:01 782292                     /usr/local/lib/pmix/mca_ptl_usock.so
7f706d463000-7f706d464000 rw-p 00008000 fc:01 782292                     /usr/local/lib/pmix/mca_ptl_usock.so
7f706d464000-7f706d476000 r-xp 00000000 fc:01 782290                     /usr/local/lib/pmix/mca_ptl_tcp.so
7f706d476000-7f706d675000 ---p 00012000 fc:01 782290                     /usr/local/lib/pmix/mca_ptl_tcp.so
7f706d675000-7f706d676000 r--p 00011000 fc:01 782290                     /usr/local/lib/pmix/mca_ptl_tcp.so
7f706d676000-7f706d677000 rw-p 00012000 fc:01 782290                     /usr/local/lib/pmix/mca_ptl_tcp.so
7f706d677000-7f706d689000 r-xp 00000000 fc:01 782252                     /usr/local/lib/pmix/mca_bfrops_v12.so
7f706d689000-7f706d888000 ---p 00012000 fc:01 782252                     /usr/local/lib/pmix/mca_bfrops_v12.so
7f706d888000-7f706d889000 r--p 00011000 fc:01 782252                     /usr/local/lib/pmix/mca_bfrops_v12.so
7f706d889000-7f706d88a000 rw-p 00012000 fc:01 782252                     /usr/local/lib/pmix/mca_bfrops_v12.so
7f706d88a000-7f706d8a3000 r-xp 00000000 fc:01 782254                     /usr/local/lib/pmix/mca_bfrops_v20.so
7f706d8a3000-7f706daa2000 ---p 00019000 fc:01 782254                     /usr/local/lib/pmix/mca_bfrops_v20.so
7f706daa2000-7f706daa3000 r--p 00018000 fc:01 782254                     /usr/local/lib/pmix/mca_bfrops_v20.so
7f706daa3000-7f706daa4000 rw-p 00019000 fc:01 782254                     /usr/local/lib/pmix/mca_bfrops_v20.so
7f706daa4000-7f706daac000 r-xp 00000000 fc:01 782258                     /usr/local/lib/pmix/mca_bfrops_v3.so
7f706daac000-7f706dcab000 ---p 00008000 fc:01 782258                     /usr/local/lib/pmix/mca_bfrops_v3.so
7f706dcab000-7f706dcac000 r--p 00007000 fc:01 782258                     /usr/local/lib/pmix/mca_bfrops_v3.so
7f706dcac000-7f706dcad000 rw-p 00008000 fc:01 782258                     /usr/local/lib/pmix/mca_bfrops_v3.so
7f706dcad000-7f706dcb4000 r-xp 00000000 fc:01 782256                     /usr/local/lib/pmix/mca_bfrops_v21.so
7f706dcb4000-7f706deb4000 ---p 00007000 fc:01 782256                     /usr/local/lib/pmix/mca_bfrops_v21.so
7f706deb4000-7f706deb5000 r--p 00007000 fc:01 782256                     /usr/local/lib/pmix/mca_bfrops_v21.so
7f706deb5000-7f706deb6000 rw-p 00008000 fc:01 782256                     /usr/local/lib/pmix/mca_bfrops_v21.so
7f706deb6000-7f706e002000 r-xp 00000000 fc:01 782295                     /usr/local/lib/openmpi/mca_pmix_pmix3x.so
7f706e002000-7f706e202000 ---p 0014c000 fc:01 782295                     /usr/local/lib/openmpi/mca_pmix_pmix3x.so
7f706e202000-7f706e203000 r--p 0014c000 fc:01 782295                     /usr/local/lib/openmpi/mca_pmix_pmix3x.so
7f706e203000-7f706e208000 rw-p 0014d000 fc:01 782295                     /usr/local/lib/openmpi/mca_pmix_pmix3x.so
7f706e208000-7f706e20b000 rw-p 00000000 00:00 0 
7f706e20e000-7f706e210000 r-xp 00000000 fc:01 782278                     /usr/local/lib/pmix/mca_psec_native.so
7f706e210000-7f706e40f000 ---p 00002000 fc:01 782278                     /usr/local/lib/pmix/mca_psec_native.so
7f706e40f000-7f706e410000 r--p 00001000 fc:01 782278                     /usr/local/lib/pmix/mca_psec_native.so
7f706e410000-7f706e411000 rw-p 00002000 fc:01 782278                     /usr/local/lib/pmix/mca_psec_native.so
7f706e411000-7f706e412000 ---p 00000000 00:00 0 
7f706e412000-7f706ec12000 rw-p 00000000 00:00 0 
7f706ec12000-7f706ec16000 r-xp 00000000 fc:01 782352                     /usr/local/lib/openmpi/mca_ess_pmi.so
7f706ec16000-7f706ee15000 ---p 00004000 fc:01 782352                     /usr/local/lib/openmpi/mca_ess_pmi.so
7f706ee15000-7f706ee16000 r--p 00003000 fc:01 782352                     /usr/local/lib/openmpi/mca_ess_pmi.so
7f706ee16000-7f706ee17000 rw-p 00004000 fc:01 782352                     /usr/local/lib/openmpi/mca_ess_pmi.so
7f706ee17000-7f706ee18000 r-xp 00000000 fc:01 782435                     /usr/local/lib/openmpi/mca_schizo_orte.so
7f706ee18000-7f706f017000 ---p 00001000 fc:01 782435                     /usr/local/lib/openmpi/mca_schizo_orte.so
7f706f017000-7f706f018000 r--p 00000000 fc:01 782435                     /usr/local/lib/openmpi/mca_schizo_orte.so
7f706f018000-7f706f019000 rw-p 00001000 fc:01 782435                     /usr/local/lib/openmpi/mca_schizo_orte.so
7f706f019000-7f706f01b000 r-xp 00000000 fc:01 782437                     /usr/local/lib/openmpi/mca_schizo_slurm.so
7f706f01b000-7f706f21a000 ---p 00002000 fc:01 782437                     /usr/local/lib/openmpi/mca_schizo_slurm.so
7f706f21a000-7f706f21b000 r--p 00001000 fc:01 782437                     /usr/local/lib/openmpi/mca_schizo_slurm.so
7f706f21b000-7f706f21c000 rw-p 00002000 fc:01 782437                     /usr/local/lib/openmpi/mca_schizo_slurm.so
7f706f21c000-7f706f224000 r-xp 00000000 fc:01 782433                     /usr/local/lib/openmpi/mca_schizo_ompi.so
7f706f224000-7f706f423000 ---p 00008000 fc:01 782433                     /usr/local/lib/openmpi/mca_schizo_ompi.so
7f706f423000-7f706f424000 r--p 00007000 fc:01 782433                     /usr/local/lib/openmpi/mca_schizo_ompi.so
7f706f424000-7f706f426000 rw-p 00008000 fc:01 782433                     /usr/local/lib/openmpi/mca_schizo_ompi.so
7f706f426000-7f706f427000 r-xp 00000000 fc:01 782431                     /usr/local/lib/openmpi/mca_schizo_flux.so
7f706f427000-7f706f627000 ---p 00001000 fc:01 782431                     /usr/local/lib/openmpi/mca_schizo_flux.so
7f706f627000-7f706f628000 r--p 00001000 fc:01 782431                     /usr/local/lib/openmpi/mca_schizo_flux.so
7f706f628000-7f706f629000 rw-p 00002000 fc:01 782431                     /usr/local/lib/openmpi/mca_schizo_flux.so
7f706f629000-7f706f62b000 r-xp 00000000 fc:01 782301                     /usr/local/lib/openmpi/mca_reachable_weighted.so
7f706f62b000-7f706f82a000 ---p 00002000 fc:01 782301                     /usr/local/lib/openmpi/mca_reachable_weighted.so
7f706f82a000-7f706f82b000 r--p 00001000 fc:01 782301                     /usr/local/lib/openmpi/mca_reachable_weighted.so
7f706f82b000-7f706f82c000 rw-p 00002000 fc:01 782301                     /usr/local/lib/openmpi/mca_reachable_weighted.so
7f706f82c000-7f706f82f000 r-xp 00000000 fc:01 782304                     /usr/local/lib/openmpi/mca_shmem_mmap.so
7f706f82f000-7f706fa2e000 ---p 00003000 fc:01 782304                     /usr/local/lib/openmpi/mca_shmem_mmap.so
7f706fa2e000-7f706fa2f000 r--p 00002000 fc:01 782304                     /usr/local/lib/openmpi/mca_shmem_mmap.so
7f706fa2f000-7f706fa30000 rw-p 00003000 fc:01 782304                     /usr/local/lib/openmpi/mca_shmem_mmap.so
7f706fa30000-7f706fae5000 r-xp 00000000 fc:01 29711                      /usr/local/lib/libopen-rte.so.40.20.1
7f706fae5000-7f706fce4000 ---p 000b5000 fc:01 29711                      /usr/local/lib/libopen-rte.so.40.20.1
7f706fce4000-7f706fce6000 r--p 000b4000 fc:01 29711                      /usr/local/lib/libopen-rte.so.40.20.1
7f706fce6000-7f706fcea000 rw-p 000b6000 fc:01 29711                      /usr/local/lib/libopen-rte.so.40.20.1
7f706fcea000-7f706fced000 rw-p 00000000 00:00 0 
7f706fced000-7f706fdf0000 r-xp 00000000 fc:01 13011                      /usr/local/lib/libopen-pal.so.40.20.1
7f706fdf0000-7f706fff0000 ---p 00103000 fc:01 13011                      /usr/local/lib/libopen-pal.so.40.20.1
7f706fff0000-7f706fff3000 r--p 00103000 fc:01 13011                      /usr/local/lib/libopen-pal.so.40.20.1
7f706fff3000-7f706fff9000 rw-p 00106000 fc:01 13011                      /usr/local/lib/libopen-pal.so.40.20.1
7f706fff9000-7f7070000000 rw-p 00000000 00:00 0 
7f7070000000-7f7070021000 rw-p 00000000 00:00 0 
7f7070021000-7f7074000000 ---p 00000000 00:00 0 
7f7074000000-7f7074021000 rw-p 00000000 00:00 0 
7f7074021000-7f7078000000 ---p 00000000 00:00 0 
7f7078000000-7f707804f000 rw-p 00000000 00:00 0 
7f707804f000-7f707c000000 ---p 00000000 00:00 0 
7f707c000000-7f707c1ac000 rw-p 00000000 00:00 0 
7f707c1ac000-7f7080000000 ---p 00000000 00:00 0 
7f7080000000-7f7080021000 rw-p 00000000 00:00 0 
7f7080021000-7f7084000000 ---p 00000000 00:00 0 
7f7084039000-7f708403b000 r-xp 00000000 fc:01 2182                       /lib/x86_64-linux-gnu/libutil-2.27.so
7f708403b000-7f708423a000 ---p 00002000 fc:01 2182                       /lib/x86_64-linux-gnu/libutil-2.27.so
7f708423a000-7f708423b000 r--p 00001000 fc:01 2182                       /lib/x86_64-linux-gnu/libutil-2.27.so
7f708423b000-7f708423c000 rw-p 00002000 fc:01 2182                       /lib/x86_64-linux-gnu/libutil-2.27.so
7f708423c000-7f7084332000 r-xp 00000000 fc:01 29875                      /usr/local/lib/libmpi.so.40.20.1
7f7084332000-7f7084531000 ---p 000f6000 fc:01 29875                      /usr/local/lib/libmpi.so.40.20.1
7f7084531000-7f7084533000 r--p 000f5000 fc:01 29875                      /usr/local/lib/libmpi.so.40.20.1
7f7084533000-7f7084544000 rw-p 000f7000 fc:01 29875                      /usr/local/lib/libmpi.so.40.20.1
7f7084544000-7f7084556000 rw-p 00000000 00:00 0 
7f7084560000-7f7084588000 r-xp 00000000 fc:01 71469                      /usr/local/lib/libmpi_java.so.40.20.0
7f7084588000-7f7084787000 ---p 00028000 fc:01 71469                      /usr/local/lib/libmpi_java.so.40.20.0
7f7084787000-7f7084788000 r--p 00027000 fc:01 71469                      /usr/local/lib/libmpi_java.so.40.20.0
7f7084788000-7f7084789000 rw-p 00028000 fc:01 71469                      /usr/local/lib/libmpi_java.so.40.20.0
7f7084789000-7f70847a6000 r--s 00142000 fc:01 527719                     /home/mpiuser/cloud/fyp/java_client/lib/spring-web-5.2.5.RELEASE.jar
7f70847a6000-7f70847bb000 r--s 00142000 fc:01 527710                     /home/mpiuser/cloud/fyp/java_client/lib/jackson-databind-2.10.2.jar
7f70847bb000-7f70847d0000 r--s 00142000 fc:01 527711                     /home/mpiuser/cloud/fyp/java_client/lib/jackson-databind-2.10.3.jar
7f70847d0000-7f70877d1000 rw-p 00000000 00:00 0 
7f70877d1000-7f70877e8000 r-xp 00000000 fc:01 1302611                    /usr/lib/jvm/java-8-openjdk-amd64/jre/lib/amd64/libnet.so
7f70877e8000-7f70879e7000 ---p 00017000 fc:01 1302611                    /usr/lib/jvm/java-8-openjdk-amd64/jre/lib/amd64/libnet.so
7f70879e7000-7f70879e8000 r--p 00016000 fc:01 1302611                    /usr/lib/jvm/java-8-openjdk-amd64/jre/lib/amd64/libnet.so
7f70879e8000-7f70879e9000 rw-p 00017000 fc:01 1302611                    /usr/lib/jvm/java-8-openjdk-amd64/jre/lib/amd64/libnet.so
7f70879e9000-7f70879fa000 r-xp 00000000 fc:01 1302612                    /usr/lib/jvm/java-8-openjdk-amd64/jre/lib/amd64/libnio.so
7f70879fa000-7f7087bfa000 ---p 00011000 fc:01 1302612                    /usr/lib/jvm/java-8-openjdk-amd64/jre/lib/amd64/libnio.so
7f7087bfa000-7f7087bfb000 r--p 00011000 fc:01 1302612                    /usr/lib/jvm/java-8-openjdk-amd64/jre/lib/amd64/libnio.so
7f7087bfb000-7f7087bfc000 rw-p 00012000 fc:01 1302612                    /usr/lib/jvm/java-8-openjdk-amd64/jre/lib/amd64/libnio.so
7f7087bfc000-7f7087bfd000 ---p 00000000 00:00 0 
7f7087bfd000-7f7087cfd000 rw-p 00000000 00:00 0 
7f7087cfd000-7f7087d00000 ---p 00000000 00:00 0 
7f7087d00000-7f7087dfe000 rw-p 00000000 00:00 0 
7f7087dfe000-7f7087dff000 ---p 00000000 00:00 0 
7f7087dff000-7f7087e02000 ---p 00000000 00:00 0 
7f7087e02000-7f7087eff000 rw-p 00000000 00:00 0 
7f7087eff000-7f7087f00000 ---p 00000000 00:00 0 
7f7087f00000-7f7087f03000 ---p 00000000 00:00 0 
7f7087f03000-7f7088000000 rw-p 00000000 00:00 0 
7f7088000000-7f7088021000 rw-p 00000000 00:00 0 
7f7088021000-7f708c000000 ---p 00000000 00:00 0 
7f708c000000-7f708c021000 rw-p 00000000 00:00 0 
7f708c021000-7f7090000000 ---p 00000000 00:00 0 
7f7090000000-7f7090021000 rw-p 00000000 00:00 0 
7f7090021000-7f7094000000 ---p 00000000 00:00 0 
7f7094001000-7f7094002000 r--s 00000000 fc:01 783094                     /tmp/ompi.openmpi-master.1000/pid.5069/pmix_dstor_ds12_5069/initial-pmix_shared-segment-0
7f7094002000-7f7094003000 rw-s 00000000 fc:01 783095                     /tmp/ompi.openmpi-master.1000/pid.5069/pmix_dstor_ds12_5069/dstore_sm.lock
7f7094003000-7f7094004000 r--s 0000f000 fc:01 527712                     /home/mpiuser/cloud/fyp/java_client/lib/mpi.jar
7f7094004000-7f709401f000 r--s 001d6000 fc:01 1555512                    /usr/lib/jvm/java-8-openjdk-amd64/jre/lib/ext/nashorn.jar
7f709401f000-7f7094022000 ---p 00000000 00:00 0 
7f7094022000-7f7094120000 rw-p 00000000 00:00 0 
7f7094120000-7f7094293000 r--p 00000000 fc:01 7801                       /usr/lib/locale/C.UTF-8/LC_COLLATE
7f7094293000-7f709442e000 r--p 00000000 fc:01 7796                       /usr/lib/locale/locale-archive
7f709442e000-7f7094431000 ---p 00000000 00:00 0 
7f7094431000-7f709452f000 rw-p 00000000 00:00 0 
7f709452f000-7f7094532000 ---p 00000000 00:00 0 
7f7094532000-7f7094630000 rw-p 00000000 00:00 0 
7f7094630000-7f7094800000 r--s 03c68000 fc:01 1302635                    /usr/lib/jvm/java-8-openjdk-amd64/jre/lib/rt.jar
7f7094800000-7f7094c80000 rw-p 00000000 00:00 0 
7f7094c80000-7f7095000000 ---p 00000000 00:00 0 
7f7095000000-7f7095270000 rwxp 00000000 00:00 0 
7f7095270000-7f70a4000000 ---p 00000000 00:00 0 
7f70a4000000-7f70a425f000 rw-p 00000000 00:00 0 
7f70a425f000-7f70a8000000 ---p 00000000 00:00 0 
7f70a8000000-7f70a8003000 r--s 0000e000 fc:01 527707                     /home/mpiuser/cloud/fyp/java_client/lib/jackson-annotations-2.10.3.jar
7f70a8003000-7f70a8010000 r--s 00090000 fc:01 527704                     /home/mpiuser/cloud/fyp/java_client/lib/amqp-client-5.8.0.jar
7f70a8010000-7f70a8011000 r--s 00003000 fc:01 527715                     /home/mpiuser/cloud/fyp/java_client/lib/slf4j-simple-1.7.30.jar
7f70a8011000-7f70a8012000 r--s 00005000 fc:01 527718                     /home/mpiuser/cloud/fyp/java_client/lib/spring-jcl-5.2.5.RELEASE.jar
7f70a8012000-7f70a8016000 r--s 0003a000 fc:01 1555515                    /usr/lib/jvm/java-8-openjdk-amd64/jre/lib/ext/sunpkcs11.jar
7f70a8016000-7f70a801b000 r--s 0003d000 fc:01 1555514                    /usr/lib/jvm/java-8-openjdk-amd64/jre/lib/ext/sunjce_provider.jar
7f70a801b000-7f70a801c000 r--s 00010000 fc:01 1555516                    /usr/lib/jvm/java-8-openjdk-amd64/jre/lib/ext/zipfs.jar
7f70a801c000-7f70a801d000 r--s 0000a000 fc:01 1555510                    /usr/lib/jvm/java-8-openjdk-amd64/jre/lib/ext/jaccess.jar
7f70a801d000-7f70a801f000 r--s 00007000 fc:01 29606                      /usr/share/java/java-atk-wrapper.jar
7f70a801f000-7f70a803a000 r--s 00394000 fc:01 1555507                    /usr/lib/jvm/java-8-openjdk-amd64/jre/lib/ext/cldrdata.jar
7f70a803a000-7f70a806b000 r--p 00000000 fc:01 7802                       /usr/lib/locale/C.UTF-8/LC_CTYPE
7f70a806b000-7f70a806c000 ---p 00000000 00:00 0 
7f70a806c000-7f70a82bd000 rw-p 00000000 00:00 0 
7f70a82bd000-7f70a8673000 ---p 00000000 00:00 0 
7f70a8673000-7f70a867b000 r-xp 00000000 fc:01 1302619                    /usr/lib/jvm/java-8-openjdk-amd64/jre/lib/amd64/libzip.so
7f70a867b000-7f70a887a000 ---p 00008000 fc:01 1302619                    /usr/lib/jvm/java-8-openjdk-amd64/jre/lib/amd64/libzip.so
7f70a887a000-7f70a887b000 r--p 00007000 fc:01 1302619                    /usr/lib/jvm/java-8-openjdk-amd64/jre/lib/amd64/libzip.so
7f70a887b000-7f70a887c000 rw-p 00008000 fc:01 1302619                    /usr/lib/jvm/java-8-openjdk-amd64/jre/lib/amd64/libzip.so
7f70a887c000-7f70a8887000 r-xp 00000000 fc:01 2093                       /lib/x86_64-linux-gnu/libnss_files-2.27.so
7f70a8887000-7f70a8a86000 ---p 0000b000 fc:01 2093                       /lib/x86_64-linux-gnu/libnss_files-2.27.so
7f70a8a86000-7f70a8a87000 r--p 0000a000 fc:01 2093                       /lib/x86_64-linux-gnu/libnss_files-2.27.so
7f70a8a87000-7f70a8a88000 rw-p 0000b000 fc:01 2093                       /lib/x86_64-linux-gnu/libnss_files-2.27.so
7f70a8a88000-7f70a8a8e000 rw-p 00000000 00:00 0 
7f70a8a8e000-7f70a8aa5000 r-xp 00000000 fc:01 2090                       /lib/x86_64-linux-gnu/libnsl-2.27.so
7f70a8aa5000-7f70a8ca4000 ---p 00017000 fc:01 2090                       /lib/x86_64-linux-gnu/libnsl-2.27.so
7f70a8ca4000-7f70a8ca5000 r--p 00016000 fc:01 2090                       /lib/x86_64-linux-gnu/libnsl-2.27.so
7f70a8ca5000-7f70a8ca6000 rw-p 00017000 fc:01 2090                       /lib/x86_64-linux-gnu/libnsl-2.27.so
7f70a8ca6000-7f70a8ca8000 rw-p 00000000 00:00 0 
7f70a8ca8000-7f70a8cb3000 r-xp 00000000 fc:01 2095                       /lib/x86_64-linux-gnu/libnss_nis-2.27.so
7f70a8cb3000-7f70a8eb2000 ---p 0000b000 fc:01 2095                       /lib/x86_64-linux-gnu/libnss_nis-2.27.so
7f70a8eb2000-7f70a8eb3000 r--p 0000a000 fc:01 2095                       /lib/x86_64-linux-gnu/libnss_nis-2.27.so
7f70a8eb3000-7f70a8eb4000 rw-p 0000b000 fc:01 2095                       /lib/x86_64-linux-gnu/libnss_nis-2.27.so
7f70a8eb4000-7f70a8ebc000 r-xp 00000000 fc:01 2091                       /lib/x86_64-linux-gnu/libnss_compat-2.27.so
7f70a8ebc000-7f70a90bc000 ---p 00008000 fc:01 2091                       /lib/x86_64-linux-gnu/libnss_compat-2.27.so
7f70a90bc000-7f70a90bd000 r--p 00008000 fc:01 2091                       /lib/x86_64-linux-gnu/libnss_compat-2.27.so
7f70a90bd000-7f70a90be000 rw-p 00009000 fc:01 2091                       /lib/x86_64-linux-gnu/libnss_compat-2.27.so
7f70a90be000-7f70a90e8000 r-xp 00000000 fc:01 1302600                    /usr/lib/jvm/java-8-openjdk-amd64/jre/lib/amd64/libjava.so
7f70a90e8000-7f70a92e7000 ---p 0002a000 fc:01 1302600                    /usr/lib/jvm/java-8-openjdk-amd64/jre/lib/amd64/libjava.so
7f70a92e7000-7f70a92e8000 r--p 00029000 fc:01 1302600                    /usr/lib/jvm/java-8-openjdk-amd64/jre/lib/amd64/libjava.so
7f70a92e8000-7f70a92ea000 rw-p 0002a000 fc:01 1302600                    /usr/lib/jvm/java-8-openjdk-amd64/jre/lib/amd64/libjava.so
7f70a92ea000-7f70a92fa000 r-xp 00000000 fc:01 1302618                    /usr/lib/jvm/java-8-openjdk-amd64/jre/lib/amd64/libverify.so
7f70a92fa000-7f70a94f9000 ---p 00010000 fc:01 1302618                    /usr/lib/jvm/java-8-openjdk-amd64/jre/lib/amd64/libverify.so
7f70a94f9000-7f70a94fb000 r--p 0000f000 fc:01 1302618                    /usr/lib/jvm/java-8-openjdk-amd64/jre/lib/amd64/libverify.so
7f70a94fb000-7f70a94fc000 rw-p 00011000 fc:01 1302618                    /usr/lib/jvm/java-8-openjdk-amd64/jre/lib/amd64/libverify.so
7f70a94fc000-7f70a9503000 r-xp 00000000 fc:01 2180                       /lib/x86_64-linux-gnu/librt-2.27.so
7f70a9503000-7f70a9702000 ---p 00007000 fc:01 2180                       /lib/x86_64-linux-gnu/librt-2.27.so
7f70a9702000-7f70a9703000 r--p 00006000 fc:01 2180                       /lib/x86_64-linux-gnu/librt-2.27.so
7f70a9703000-7f70a9704000 rw-p 00007000 fc:01 2180                       /lib/x86_64-linux-gnu/librt-2.27.so
7f70a9704000-7f70a971b000 r-xp 00000000 fc:01 29154                      /lib/x86_64-linux-gnu/libgcc_s.so.1
7f70a971b000-7f70a991a000 ---p 00017000 fc:01 29154                      /lib/x86_64-linux-gnu/libgcc_s.so.1
7f70a991a000-7f70a991b000 r--p 00016000 fc:01 29154                      /lib/x86_64-linux-gnu/libgcc_s.so.1
7f70a991b000-7f70a991c000 rw-p 00017000 fc:01 29154                      /lib/x86_64-linux-gnu/libgcc_s.so.1
7f70a991c000-7f70a9ab9000 r-xp 00000000 fc:01 2087                       /lib/x86_64-linux-gnu/libm-2.27.so
7f70a9ab9000-7f70a9cb8000 ---p 0019d000 fc:01 2087                       /lib/x86_64-linux-gnu/libm-2.27.so
7f70a9cb8000-7f70a9cb9000 r--p 0019c000 fc:01 2087                       /lib/x86_64-linux-gnu/libm-2.27.so
7f70a9cb9000-7f70a9cba000 rw-p 0019d000 fc:01 2087                       /lib/x86_64-linux-gnu/libm-2.27.so
7f70a9cba000-7f70a9e33000 r-xp 00000000 fc:01 4344                       /usr/lib/x86_64-linux-gnu/libstdc++.so.6.0.25
7f70a9e33000-7f70aa033000 ---p 00179000 fc:01 4344                       /usr/lib/x86_64-linux-gnu/libstdc++.so.6.0.25
7f70aa033000-7f70aa03d000 r--p 00179000 fc:01 4344                       /usr/lib/x86_64-linux-gnu/libstdc++.so.6.0.25
7f70aa03d000-7f70aa03f000 rw-p 00183000 fc:01 4344                       /usr/lib/x86_64-linux-gnu/libstdc++.so.6.0.25
7f70aa03f000-7f70aa043000 rw-p 00000000 00:00 0 
7f70aa043000-7f70aace6000 r-xp 00000000 fc:01 1302622                    /usr/lib/jvm/java-8-openjdk-amd64/jre/lib/amd64/server/libjvm.so
7f70aace6000-7f70aaee6000 ---p 00ca3000 fc:01 1302622                    /usr/lib/jvm/java-8-openjdk-amd64/jre/lib/amd64/server/libjvm.so
7f70aaee6000-7f70aaf7a000 r--p 00ca3000 fc:01 1302622                    /usr/lib/jvm/java-8-openjdk-amd64/jre/lib/amd64/server/libjvm.so
7f70aaf7a000-7f70aafa3000 rw-p 00d37000 fc:01 1302622                    /usr/lib/jvm/java-8-openjdk-amd64/jre/lib/amd64/server/libjvm.so
7f70aafa3000-7f70aafd3000 rw-p 00000000 00:00 0 
7f70aafd3000-7f70aafed000 r-xp 00000000 fc:01 2178                       /lib/x86_64-linux-gnu/libpthread-2.27.so
7f70aafed000-7f70ab1ec000 ---p 0001a000 fc:01 2178                       /lib/x86_64-linux-gnu/libpthread-2.27.so
7f70ab1ec000-7f70ab1ed000 r--p 00019000 fc:01 2178                       /lib/x86_64-linux-gnu/libpthread-2.27.so
7f70ab1ed000-7f70ab1ee000 rw-p 0001a000 fc:01 2178                       /lib/x86_64-linux-gnu/libpthread-2.27.so
7f70ab1ee000-7f70ab1f2000 rw-p 00000000 00:00 0 
7f70ab1f2000-7f70ab1f5000 r-xp 00000000 fc:01 2086                       /lib/x86_64-linux-gnu/libdl-2.27.so
7f70ab1f5000-7f70ab3f4000 ---p 00003000 fc:01 2086                       /lib/x86_64-linux-gnu/libdl-2.27.so
7f70ab3f4000-7f70ab3f5000 r--p 00002000 fc:01 2086                       /lib/x86_64-linux-gnu/libdl-2.27.so
7f70ab3f5000-7f70ab3f6000 rw-p 00003000 fc:01 2086                       /lib/x86_64-linux-gnu/libdl-2.27.so
7f70ab3f6000-7f70ab412000 r-xp 00000000 fc:01 2183                       /lib/x86_64-linux-gnu/libz.so.1.2.11
7f70ab412000-7f70ab611000 ---p 0001c000 fc:01 2183                       /lib/x86_64-linux-gnu/libz.so.1.2.11
7f70ab611000-7f70ab612000 r--p 0001b000 fc:01 2183                       /lib/x86_64-linux-gnu/libz.so.1.2.11
7f70ab612000-7f70ab613000 rw-p 0001c000 fc:01 2183                       /lib/x86_64-linux-gnu/libz.so.1.2.11
7f70ab613000-7f70ab7fa000 r-xp 00000000 fc:01 2083                       /lib/x86_64-linux-gnu/libc-2.27.so
7f70ab7fa000-7f70ab9fa000 ---p 001e7000 fc:01 2083                       /lib/x86_64-linux-gnu/libc-2.27.so
7f70ab9fa000-7f70ab9fe000 r--p 001e7000 fc:01 2083                       /lib/x86_64-linux-gnu/libc-2.27.so
7f70ab9fe000-7f70aba00000 rw-p 001eb000 fc:01 2083                       /lib/x86_64-linux-gnu/libc-2.27.so
7f70aba00000-7f70aba04000 rw-p 00000000 00:00 0 
7f70aba04000-7f70aba12000 r-xp 00000000 fc:01 1555499                    /usr/lib/jvm/java-8-openjdk-amd64/jre/lib/amd64/jli/libjli.so
7f70aba12000-7f70abc11000 ---p 0000e000 fc:01 1555499                    /usr/lib/jvm/java-8-openjdk-amd64/jre/lib/amd64/jli/libjli.so
7f70abc11000-7f70abc12000 r--p 0000d000 fc:01 1555499                    /usr/lib/jvm/java-8-openjdk-amd64/jre/lib/amd64/jli/libjli.so
7f70abc12000-7f70abc13000 rw-p 0000e000 fc:01 1555499                    /usr/lib/jvm/java-8-openjdk-amd64/jre/lib/amd64/jli/libjli.so
7f70abc13000-7f70abc3a000 r-xp 00000000 fc:01 2079                       /lib/x86_64-linux-gnu/ld-2.27.so
7f70abc3a000-7f70abc3b000 r--s 0000d000 fc:01 1555513                    /usr/lib/jvm/java-8-openjdk-amd64/jre/lib/ext/sunec.jar
7f70abc3b000-7f70abc3d000 r--s 00001000 fc:01 1555508                    /usr/lib/jvm/java-8-openjdk-amd64/jre/lib/ext/dnsns.jar
7f70abc3d000-7f70abc40000 r--s 0000f000 fc:01 1555509                    /usr/lib/jvm/java-8-openjdk-amd64/jre/lib/ext/icedtea-sound.jar
7f70abc40000-7f70abc4a000 r--s 00116000 fc:01 1555511                    /usr/lib/jvm/java-8-openjdk-amd64/jre/lib/ext/localedata.jar
7f70abc4a000-7f70abc4b000 r--p 00000000 fc:01 7807                       /usr/lib/locale/C.UTF-8/LC_NUMERIC
7f70abc4b000-7f70abc4c000 r--p 00000000 fc:01 7810                       /usr/lib/locale/C.UTF-8/LC_TIME
7f70abc4c000-7f70abc4d000 r--p 00000000 fc:01 7805                       /usr/lib/locale/C.UTF-8/LC_MONETARY
7f70abc4d000-7f70abc4e000 r--p 00000000 fc:01 7799                       /usr/lib/locale/C.UTF-8/LC_MESSAGES/SYS_LC_MESSAGES
7f70abc4e000-7f70abc4f000 r--p 00000000 fc:01 7808                       /usr/lib/locale/C.UTF-8/LC_PAPER
7f70abc4f000-7f70abc50000 r--p 00000000 fc:01 7806                       /usr/lib/locale/C.UTF-8/LC_NAME
7f70abc50000-7f70abc51000 r--p 00000000 fc:01 7800                       /usr/lib/locale/C.UTF-8/LC_ADDRESS
7f70abc51000-7f70abc52000 r--p 00000000 fc:01 7809                       /usr/lib/locale/C.UTF-8/LC_TELEPHONE
7f70abc52000-7f70abc53000 r--p 00000000 fc:01 7804                       /usr/lib/locale/C.UTF-8/LC_MEASUREMENT
7f70abc53000-7f70abc5a000 r--s 00000000 fc:01 5010                       /usr/lib/x86_64-linux-gnu/gconv/gconv-modules.cache
7f70abc5a000-7f70abc5b000 r--p 00000000 fc:01 7803                       /usr/lib/locale/C.UTF-8/LC_IDENTIFICATION
7f70abc5b000-7f70abc61000 rw-p 00000000 00:00 0 
7f70abc61000-7f70abcae000 ---p 00000000 00:00 0 
7f70abcae000-7f70abcb1000 rw-p 00000000 00:00 0 
7f70abcb1000-7f70abcd7000 ---p 00000000 00:00 0 
7f70abcd7000-7f70abcdd000 rw-p 00000000 00:00 0 
7f70abcdd000-7f70abd2a000 ---p 00000000 00:00 0 
7f70abd2a000-7f70abd2b000 rw-p 00000000 00:00 0 
7f70abd2b000-7f70abd2c000 ---p 00000000 00:00 0 
7f70abd2c000-7f70abd2f000 ---p 00000000 00:00 0 
7f70abd2f000-7f70abe2e000 rw-p 00000000 00:00 0 
7f70abe2e000-7f70abe36000 rw-s 00000000 fc:01 1039768                    /tmp/hsperfdata_mpiuser/5086
7f70abe36000-7f70abe37000 rw-p 00000000 00:00 0 
7f70abe37000-7f70abe38000 r--p 00000000 00:00 0 
7f70abe38000-7f70abe3a000 rw-p 00000000 00:00 0 
7f70abe3a000-7f70abe3b000 r--p 00027000 fc:01 2079                       /lib/x86_64-linux-gnu/ld-2.27.so
7f70abe3b000-7f70abe3c000 rw-p 00028000 fc:01 2079                       /lib/x86_64-linux-gnu/ld-2.27.so
7f70abe3c000-7f70abe3d000 rw-p 00000000 00:00 0 
7ffece61d000-7ffece63e000 rw-p 00000000 00:00 0                          [stack]
7ffece672000-7ffece675000 r--p 00000000 00:00 0                          [vvar]
7ffece675000-7ffece677000 r-xp 00000000 00:00 0                          [vdso]
ffffffffff600000-ffffffffff601000 r-xp 00000000 00:00 0                  [vsyscall]

VM Arguments:
jvm_args: -Djava.library.path=/usr/local/lib 
java_command: Client 1000000 100 0
java_class_path (initial): /home/mpiuser/cloud/fyp/java_client:./lib/spring-jcl-5.2.5.RELEASE.jar:./lib/jackson-databind-2.10.3.jar:./lib/jackson-databind-2.10.2.jar:./lib/slf4j-simple-1.7.30.jar:./lib/amqp-client-5.8.0.jar:./lib/spring-web-5.2.5.RELEASE.jar:./lib/jackson-annotations-2.10.3.jar:./lib/mpi.jar:./lib/spring-beans-5.2.5.RELEASE.jar:./lib/jackson-annotations-2.10.2.jar:./lib/jackson-core-2.10.2.jar:./lib/jackson-core-2.10.3.jar:./lib/slf4j-api-1.7.29.jar:./lib/spring-core-5.2.5.RELEASE.jar:./lib/slf4j-api-1.7.30.jar:./lib/http-client-3.6.1.RELEASE.jar:/usr/local/lib/mpi.jar
Launcher Type: SUN_STANDARD

Environment Variables:
PATH=/usr/local/sbin:/usr/local/bin:/usr/sbin:/usr/bin:/sbin:/bin:/usr/games:/usr/local/games:/snap/bin
SHELL=/bin/bash

Signal Handlers:
SIGSEGV: [libjvm.so+0xabc3b0], sa_mask[0]=11111111011111111101111111111110, sa_flags=SA_RESTART|SA_SIGINFO
SIGBUS: [libjvm.so+0xabc3b0], sa_mask[0]=11111111011111111101111111111110, sa_flags=SA_RESTART|SA_SIGINFO
SIGFPE: [libjvm.so+0x8f0bb0], sa_mask[0]=11111111011111111101111111111110, sa_flags=SA_RESTART|SA_SIGINFO
SIGPIPE: [libjvm.so+0x8f0bb0], sa_mask[0]=11111111011111111101111111111110, sa_flags=SA_RESTART|SA_SIGINFO
SIGXFSZ: [libjvm.so+0x8f0bb0], sa_mask[0]=11111111011111111101111111111110, sa_flags=SA_RESTART|SA_SIGINFO
SIGILL: [libjvm.so+0x8f0bb0], sa_mask[0]=11111111011111111101111111111110, sa_flags=SA_RESTART|SA_SIGINFO
SIGUSR1: SIG_DFL, sa_mask[0]=00000000000000000000000000000000, sa_flags=none
SIGUSR2: [libjvm.so+0x8f0a60], sa_mask[0]=00000000000000000000000000000000, sa_flags=SA_RESTART|SA_SIGINFO
SIGHUP: [libjvm.so+0x8f10d0], sa_mask[0]=11111111011111111101111111111110, sa_flags=SA_RESTART|SA_SIGINFO
SIGINT: [libjvm.so+0x8f10d0], sa_mask[0]=11111111011111111101111111111110, sa_flags=SA_RESTART|SA_SIGINFO
SIGTERM: [libjvm.so+0x8f10d0], sa_mask[0]=11111111011111111101111111111110, sa_flags=SA_RESTART|SA_SIGINFO
SIGQUIT: [libjvm.so+0x8f10d0], sa_mask[0]=11111111011111111101111111111110, sa_flags=SA_RESTART|SA_SIGINFO


---------------  S Y S T E M  ---------------

OS:DISTRIB_ID=Ubuntu
DISTRIB_RELEASE=18.04
DISTRIB_CODENAME=bionic
DISTRIB_DESCRIPTION="Ubuntu 18.04.3 LTS"

uname:Linux 4.15.0-91-generic #92-Ubuntu SMP Fri Feb 28 11:09:48 UTC 2020 x86_64
libc:glibc 2.27 NPTL 2.27 
rlimit: STACK 8192k, CORE 0k, NPROC 3837, NOFILE 1048576, AS infinity
load average:0.00 0.00 0.00

/proc/meminfo:
MemTotal:        1008492 kB
MemFree:           61452 kB
MemAvailable:      42772 kB
Buffers:            6676 kB
Cached:            66640 kB
SwapCached:            0 kB
Active:           765424 kB
Inactive:          32720 kB
Active(anon):     724536 kB
Inactive(anon):      252 kB
Active(file):      40888 kB
Inactive(file):    32468 kB
Unevictable:           0 kB
Mlocked:               0 kB
SwapTotal:             0 kB
SwapFree:              0 kB
Dirty:              1284 kB
Writeback:             0 kB
AnonPages:        725072 kB
Mapped:            56652 kB
Shmem:               648 kB
Slab:              78848 kB
SReclaimable:      31956 kB
SUnreclaim:        46892 kB
KernelStack:       12288 kB
PageTables:        26964 kB
NFS_Unstable:          0 kB
Bounce:                0 kB
WritebackTmp:          0 kB
CommitLimit:      504244 kB
Committed_AS:    5279868 kB
VmallocTotal:   34359738367 kB
VmallocUsed:           0 kB
VmallocChunk:          0 kB
HardwareCorrupted:     0 kB
AnonHugePages:         0 kB
ShmemHugePages:        0 kB
ShmemPmdMapped:        0 kB
CmaTotal:              0 kB
CmaFree:               0 kB
HugePages_Total:       0
HugePages_Free:        0
HugePages_Rsvd:        0
HugePages_Surp:        0
Hugepagesize:       2048 kB
DirectMap4k:       83948 kB
DirectMap2M:      964608 kB
DirectMap1G:           0 kB

container (cgroup) information:
container_type: cgroupv1
cpu_cpuset_cpus: 0-2
cpu_memory_nodes: 0
active_processor_count: 3
cpu_quota: -1
cpu_period: 100000
cpu_shares: -1
memory_limit_in_bytes: -1
memory_and_swap_limit_in_bytes: -2
memory_soft_limit_in_bytes: -1
memory_usage_in_bytes: 797650944
memory_max_usage_in_bytes: 797650944


CPU:total 3 (initial active 3) (1 cores per cpu, 1 threads per core) family 6 model 85 stepping 4, cmov, cx8, fxsr, mmx, sse, sse2, sse3, ssse3, sse4.1, sse4.2, popcnt, avx, avx2, aes, clmul, erms, 3dnowpref, lzcnt, tsc, bmi1, bmi2, adx

/proc/cpuinfo:
processor	: 0
vendor_id	: GenuineIntel
cpu family	: 6
model		: 85
model name	: Intel(R) Xeon(R) Gold 6140 CPU @ 2.30GHz
stepping	: 4
microcode	: 0x1
cpu MHz		: 2294.608
cache size	: 4096 KB
physical id	: 0
siblings	: 1
core id		: 0
cpu cores	: 1
apicid		: 0
initial apicid	: 0
fpu		: yes
fpu_exception	: yes
cpuid level	: 13
wp		: yes
flags		: fpu vme de pse tsc msr pae mce cx8 apic sep mtrr pge mca cmov pat pse36 clflush mmx fxsr sse sse2 ss syscall nx pdpe1gb rdtscp lm constant_tsc arch_perfmon rep_good nopl cpuid tsc_known_freq pni pclmulqdq vmx ssse3 fma cx16 pcid sse4_1 sse4_2 x2apic movbe popcnt tsc_deadline_timer aes xsave avx f16c rdrand hypervisor lahf_lm abm 3dnowprefetch cpuid_fault invpcid_single pti ssbd ibrs ibpb tpr_shadow vnmi flexpriority ept vpid fsgsbase tsc_adjust bmi1 avx2 smep bmi2 erms invpcid mpx avx512f avx512dq rdseed adx smap clflushopt clwb avx512cd avx512bw avx512vl xsaveopt xsavec xgetbv1 pku ospke md_clear
bugs		: cpu_meltdown spectre_v1 spectre_v2 spec_store_bypass l1tf mds swapgs itlb_multihit
bogomips	: 4589.21
clflush size	: 64
cache_alignment	: 64
address sizes	: 40 bits physical, 48 bits virtual
power management:

processor	: 1
vendor_id	: GenuineIntel
cpu family	: 6
model		: 85
model name	: Intel(R) Xeon(R) Gold 6140 CPU @ 2.30GHz
stepping	: 4
microcode	: 0x1
cpu MHz		: 2294.608
cache size	: 4096 KB
physical id	: 1
siblings	: 1
core id		: 0
cpu cores	: 1
apicid		: 1
initial apicid	: 1
fpu		: yes
fpu_exception	: yes
cpuid level	: 13
wp		: yes
flags		: fpu vme de pse tsc msr pae mce cx8 apic sep mtrr pge mca cmov pat pse36 clflush mmx fxsr sse sse2 ss syscall nx pdpe1gb rdtscp lm constant_tsc arch_perfmon rep_good nopl cpuid tsc_known_freq pni pclmulqdq vmx ssse3 fma cx16 pcid sse4_1 sse4_2 x2apic movbe popcnt tsc_deadline_timer aes xsave avx f16c rdrand hypervisor lahf_lm abm 3dnowprefetch cpuid_fault invpcid_single pti ssbd ibrs ibpb tpr_shadow vnmi flexpriority ept vpid fsgsbase tsc_adjust bmi1 avx2 smep bmi2 erms invpcid mpx avx512f avx512dq rdseed adx smap clflushopt clwb avx512cd avx512bw avx512vl xsaveopt xsavec xgetbv1 pku ospke md_clear
bugs		: cpu_meltdown spectre_v1 spectre_v2 spec_store_bypass l1tf mds swapgs itlb_multihit
bogomips	: 4589.21
clflush size	: 64
cache_alignment	: 64
address sizes	: 40 bits physical, 48 bits virtual
power management:

processor	: 2
vendor_id	: GenuineIntel
cpu family	: 6
model		: 85
model name	: Intel(R) Xeon(R) Gold 6140 CPU @ 2.30GHz
stepping	: 4
microcode	: 0x1
cpu MHz		: 2294.608
cache size	: 4096 KB
physical id	: 2
siblings	: 1
core id		: 0
cpu cores	: 1
apicid		: 2
initial apicid	: 2
fpu		: yes
fpu_exception	: yes
cpuid level	: 13
wp		: yes
flags		: fpu vme de pse tsc msr pae mce cx8 apic sep mtrr pge mca cmov pat pse36 clflush mmx fxsr sse sse2 ss syscall nx pdpe1gb rdtscp lm constant_tsc arch_perfmon rep_good nopl cpuid tsc_known_freq pni pclmulqdq vmx ssse3 fma cx16 pcid sse4_1 sse4_2 x2apic movbe popcnt tsc_deadline_timer aes xsave avx f16c rdrand hypervisor lahf_lm abm 3dnowprefetch cpuid_fault invpcid_single pti ssbd ibrs ibpb tpr_shadow vnmi flexpriority ept vpid fsgsbase tsc_adjust bmi1 avx2 smep bmi2 erms invpcid mpx avx512f avx512dq rdseed adx smap clflushopt clwb avx512cd avx512bw avx512vl xsaveopt xsavec xgetbv1 pku ospke md_clear
bugs		: cpu_meltdown spectre_v1 spectre_v2 spec_store_bypass l1tf mds swapgs itlb_multihit
bogomips	: 4589.21
clflush size	: 64
cache_alignment	: 64
address sizes	: 40 bits physical, 48 bits virtual
power management:



Memory: 4k page, physical 1008492k(61452k free), swap 0k(0k free)

vm_info: OpenJDK 64-Bit Server VM (25.242-b08) for linux-amd64 JRE (1.8.0_242-8u242-b08-0ubuntu3~18.04-b08), built on Jan 17 2020 23:41:21 by "buildd" with gcc 7.4.0

time: Mon Apr  6 11:39:51 2020
timezone: UTC
elapsed time: 2 seconds (0d 0h 0m 2s)

