#
# A fatal error has been detected by the Java Runtime Environment:
#
#  SIGSEGV (0xb) at pc=0x00007f94bf5ca17c, pid=5097, tid=0x00007f9502b3c700
#
# JRE version: OpenJDK Runtime Environment (8.0_242-b08) (build 1.8.0_242-8u242-b08-0ubuntu3~18.04-b08)
# Java VM: OpenJDK 64-Bit Server VM (25.242-b08 mixed mode linux-amd64 compressed oops)
# Problematic frame:
# C  [mca_gds_ds21.so+0x217c]  pmix_gds_ds21_lock_init+0x13c
#
# Failed to write core dump. Core dumps have been disabled. To enable core dumping, try "ulimit -c unlimited" before starting Java again
#
# If you would like to submit a bug report, please visit:
#   http://bugreport.java.com/bugreport/crash.jsp
# The crash happened outside the Java Virtual Machine in native code.
# See problematic frame for where to report the bug.
#

---------------  T H R E A D  ---------------

Current thread (0x00007f94fc00b800):  JavaThread "main" [_thread_in_native, id=5102, stack(0x00007f9502a3d000,0x00007f9502b3d000)]

siginfo: si_signo: 11 (SIGSEGV), si_code: 1 (SEGV_MAPERR), si_addr: 0x00007f94ea272008

Registers:
RAX=0x00007f94fc25c370, RBX=0x00007f94fc25c2e0, RCX=0x00007f94bf9ef19e, RDX=0x00007fff83431cb3
RSP=0x00007f9502b3a6a0, RBP=0x00007f94fc25c290, RSI=0x0000000000085000, RDI=0x0000000000000000
R8 =0x000000000000001e, R9 =0x0000000000000000, R10=0x0000000000000001, R11=0x0000000000000000
R12=0x00007f94ea272000, R13=0x00007f94fc25bee8, R14=0x0000000000001000, R15=0x00007f94bf7cc240
RIP=0x00007f94bf5ca17c, EFLAGS=0x0000000000010202, CSGSFS=0x002b000000000033, ERR=0x0000000000000004
  TRAPNO=0x000000000000000e

Top of Stack: (sp=0x00007f9502b3a6a0)
0x00007f9502b3a6a0:   00007f94fc25bf60 00007f94fc25c240
0x00007f9502b3a6b0:   00007fff83431cb3 0000000000085000
0x00007f9502b3a6c0:   0000000000001000 00000000000003e8
0x00007f9502b3a6d0:   00007f94fc25c2e8 00007f95023bb2ed
0x00007f9502b3a6e0:   00007f94fc25bf30 c7dbb3ecf9384300
0x00007f9502b3a6f0:   0000000000000000 00007f94fc25bc10
0x00007f9502b3a700:   0000000000000000 00007fff83431cb3
0x00007f9502b3a710:   0000000000000000 00007f94fc25bec0
0x00007f9502b3a720:   00007f94fc25be80 00007f94bf9e9cd9
0x00007f9502b3a730:   00007f94bf5cacdb 00007f9502b3a7c0
0x00007f9502b3a740:   00007f94c8bce8d3 0000001500000040
0x00007f9502b3a750:   00007f94fc257560 c7dbb3ecf9384300
0x00007f9502b3a760:   00007f94c8df40a0 00007f94fc257070
0x00007f9502b3a770:   00007f94c8df7fd0 00007f94bf7cc2d4
0x00007f9502b3a780:   00007f94c8df40a0 00007f94bf7cc180
0x00007f9502b3a790:   00007f94fc25bbc0 00007f94bf5c9f04
0x00007f9502b3a7a0:   00007f94c8df7fd0 00007f94c8bb61a6
0x00007f9502b3a7b0:   00007f94c8df4100 00007f94c8df7fc0
0x00007f9502b3a7c0:   00007f9502b3a7e4 00007f9502b3a7e8
0x00007f9502b3a7d0:   0000000000000000 0000000000000000
0x00007f9502b3a7e0:   0000001ec8df3520 00007f94bf7cc180
0x00007f9502b3a7f0:   0000000000000000 c7dbb3ecf9384300
0x00007f9502b3a800:   00007f94c8df40a0 0000000000000000
0x00007f9502b3a810:   0000000000000000 00007f94fc1e7660
0x00007f9502b3a820:   00007f94c8df3520 00007f94c8b20760
0x00007f9502b3a830:   0000000000000000 00007f94c8b695a9
0x00007f9502b3a840:   00007f94fc210310 00007f94c8df37d8
0x00007f9502b3a850:   2d69706d6e65706f 000072657473616d
0x00007f9502b3a860:   0000000003741ab1 00007f94c8aacf86
0x00007f9502b3a870:   00007f94c8aa9118 00007f94c8aa4afc
0x00007f9502b3a880:   00007f94c8aac67a 0000000100000000
0x00007f9502b3a890:   00007f9502b3a990 c7dbb3ecf9384300 

Instructions: (pc=0x00007f94bf5ca17c)
0x00007f94bf5ca15c:   ff ff 48 85 c0 48 89 43 30 0f 84 b3 01 00 00 4c
0x00007f94bf5ca16c:   8b 60 18 49 8b 34 24 49 39 f6 0f 82 e4 02 00 00
0x00007f94bf5ca17c:   41 8b 44 24 08 4c 89 e2 31 c9 48 8d 7c 24 40 be
0x00007f94bf5ca18c:   01 00 00 00 89 43 40 49 03 54 24 18 85 c0 48 89 

Register to memory mapping:

RAX=0x00007f94fc25c370 is an unknown value
RBX=0x00007f94fc25c2e0 is an unknown value
RCX=0x00007f94bf9ef19e: pmix_common_dstor_attach_new_lock_seg+0x1e in /usr/local/lib/libmca_common_dstore.so.1 at 0x00007f94bf9df000
RDX=0x00007fff83431cb3 is an unknown value
RSP=0x00007f9502b3a6a0 is pointing into the stack for thread: 0x00007f94fc00b800
RBP=0x00007f94fc25c290 is an unknown value
RSI=0x0000000000085000 is an unknown value
RDI=0x0000000000000000 is an unknown value
R8 =0x000000000000001e is an unknown value
R9 =0x0000000000000000 is an unknown value
R10=0x0000000000000001 is an unknown value
R11=0x0000000000000000 is an unknown value
R12=0x00007f94ea272000 is an unknown value
R13=0x00007f94fc25bee8 is an unknown value
R14=0x0000000000001000 is an unknown value
R15=0x00007f94bf7cc240: lock_item_t_class+0 in /usr/local/lib/pmix/mca_gds_ds21.so at 0x00007f94bf5c8000


Stack: [0x00007f9502a3d000,0x00007f9502b3d000],  sp=0x00007f9502b3a6a0,  free space=1013k
Native frames: (J=compiled Java code, j=interpreted, Vv=VM code, C=native code)
C  [mca_gds_ds21.so+0x217c]  pmix_gds_ds21_lock_init+0x13c

Java frames: (J=compiled Java code, j=interpreted, Vv=VM code)
j  mpi.MPI.Init_jni([Ljava/lang/String;)[Ljava/lang/String;+0
j  mpi.MPI.Init([Ljava/lang/String;)[Ljava/lang/String;+17
j  Client.main([Ljava/lang/String;)V+1
v  ~StubRoutines::call_stub

---------------  P R O C E S S  ---------------

Java Threads: ( => current thread )
  0x00007f94d4001000 JavaThread "SIGTERM handler" daemon [_thread_blocked, id=5909, stack(0x00007f94e805e000,0x00007f94e815f000)]
  0x00007f94fc0b7800 JavaThread "Service Thread" daemon [_thread_blocked, id=5337, stack(0x00007f94eaa64000,0x00007f94eab65000)]
  0x00007f94fc0b4800 JavaThread "C1 CompilerThread1" daemon [_thread_blocked, id=5322, stack(0x00007f94eab66000,0x00007f94eac66000)]
  0x00007f94fc0b2000 JavaThread "C2 CompilerThread0" daemon [_thread_blocked, id=5315, stack(0x00007f94eac67000,0x00007f94ead67000)]
  0x00007f94fc07e000 JavaThread "Finalizer" daemon [_thread_blocked, id=5161, stack(0x00007f94eb1a7000,0x00007f94eb2a8000)]
  0x00007f94fc079800 JavaThread "Reference Handler" daemon [_thread_blocked, id=5152, stack(0x00007f94eb2a8000,0x00007f94eb3a9000)]
=>0x00007f94fc00b800 JavaThread "main" [_thread_in_native, id=5102, stack(0x00007f9502a3d000,0x00007f9502b3d000)]

Other Threads:
  0x00007f94fc06f800 VMThread [stack: 0x00007f94eb3aa000,0x00007f94eb4aa000] [id=5140]

VM state:at safepoint (normal execution)

VM Mutex/Monitor currently owned by a thread:  ([mutex/lock_event])
[0x00007f94fc007f60] Threads_lock - owner thread: 0x00007f94fc06f800

heap address: 0x00000000f0800000, size: 248 MB, Compressed Oops mode: 32-bit
Narrow klass base: 0x0000000000000000, Narrow klass shift: 3
Compressed class space size: 1073741824 Address: 0x0000000100000000

Heap:
 def new generation   total 4928K, used 1618K [0x00000000f0800000, 0x00000000f0d50000, 0x00000000f5aa0000)
  eden space 4416K,  36% used [0x00000000f0800000, 0x00000000f0994b40, 0x00000000f0c50000)
  from space 512K,   0% used [0x00000000f0c50000, 0x00000000f0c50000, 0x00000000f0cd0000)
  to   space 512K,   0% used [0x00000000f0cd0000, 0x00000000f0cd0000, 0x00000000f0d50000)
 tenured generation   total 10944K, used 0K [0x00000000f5aa0000, 0x00000000f6550000, 0x0000000100000000)
   the space 10944K,   0% used [0x00000000f5aa0000, 0x00000000f5aa0000, 0x00000000f5aa0200, 0x00000000f6550000)
 Metaspace       used 3122K, capacity 4792K, committed 5120K, reserved 1056768K
  class space    used 315K, capacity 424K, committed 512K, reserved 1048576K

Card table byte_map: [0x00007f95029bf000,0x00007f9502a3c000] byte_map_base: 0x00007f950223b000

Polling page: 0x00007f9502b48000

CodeCache: size=245760Kb used=1249Kb max_used=1249Kb free=244510Kb
 bounds [0x00007f94ec381000, 0x00007f94ec5f1000, 0x00007f94fb381000]
 total_blobs=377 nmethods=72 adapters=220
 compilation: enabled

Compilation events (10 events):
Event: 1.994 Thread 0x00007f94fc0b4800   66       3       java.util.zip.ZStreamRef::address (5 bytes)
Event: 1.994 Thread 0x00007f94fc0b4800 nmethod 66 0x00007f94ec4afe90 code [0x00007f94ec4affe0, 0x00007f94ec4b0130]
Event: 2.008 Thread 0x00007f94fc0b4800   68       3       java.util.Arrays::copyOf (19 bytes)
Event: 2.008 Thread 0x00007f94fc0b4800 nmethod 68 0x00007f94ec4b0510 code [0x00007f94ec4b06a0, 0x00007f94ec4b09c8]
Event: 2.110 Thread 0x00007f94fc0b4800   69       3       java.util.concurrent.ConcurrentHashMap::setTabAt (19 bytes)
Event: 2.111 Thread 0x00007f94fc0b4800 nmethod 69 0x00007f94ec4b8950 code [0x00007f94ec4b8aa0, 0x00007f94ec4b8c10]
Event: 2.126 Thread 0x00007f94fc0b4800   71       3       java.lang.StringBuilder::<init> (7 bytes)
Event: 2.127 Thread 0x00007f94fc0b4800 nmethod 71 0x00007f94ec4b9010 code [0x00007f94ec4b9180, 0x00007f94ec4b9430]
Event: 2.127 Thread 0x00007f94fc0b4800   72       3       java.lang.StringBuilder::toString (17 bytes)
Event: 2.127 Thread 0x00007f94fc0b4800 nmethod 72 0x00007f94ec4b9550 code [0x00007f94ec4b96c0, 0x00007f94ec4b98a8]

GC Heap History (0 events):
No events

Deoptimization events (0 events):
No events

Classes redefined (0 events):
No events

Internal exceptions (5 events):
Event: 0.136 Thread 0x00007f94fc00b800 Exception <a 'java/lang/NoSuchMethodError': Method sun.misc.Unsafe.defineClass(Ljava/lang/String;[BII)Ljava/lang/Class; name or signature does not match> (0x00000000f0807cc8) thrown at [/build/openjdk-8-58sEEn/openjdk-8-8u242-b08/src/hotspot/src/share/vm/
Event: 0.136 Thread 0x00007f94fc00b800 Exception <a 'java/lang/NoSuchMethodError': Method sun.misc.Unsafe.prefetchRead(Ljava/lang/Object;J)V name or signature does not match> (0x00000000f0807fb0) thrown at [/build/openjdk-8-58sEEn/openjdk-8-8u242-b08/src/hotspot/src/share/vm/prims/jni.cpp, lin
Event: 0.667 Thread 0x00007f94fc00b800 Exception <a 'java/util/zip/ZipException'> (0x00000000f085dec8) thrown at [/build/openjdk-8-58sEEn/openjdk-8-8u242-b08/src/hotspot/src/share/vm/prims/jni.cpp, line 710]
Event: 0.668 Thread 0x00007f94fc00b800 Exception <a 'java/security/PrivilegedActionException'> (0x00000000f085e168) thrown at [/build/openjdk-8-58sEEn/openjdk-8-8u242-b08/src/hotspot/src/share/vm/prims/jvm.cpp, line 1502]
Event: 0.668 Thread 0x00007f94fc00b800 Exception <a 'java/security/PrivilegedActionException'> (0x00000000f085e378) thrown at [/build/openjdk-8-58sEEn/openjdk-8-8u242-b08/src/hotspot/src/share/vm/prims/jvm.cpp, line 1502]

Events (10 events):
Event: 6.662 Executing VM operation: EnableBiasedLocking done
Event: 9.105 loading class sun/misc/Signal$1
Event: 9.106 loading class sun/misc/Signal$1 done
Event: 9.566 Thread 0x00007f94d4001000 Thread added: 0x00007f94d4001000
Event: 9.567 loading class java/lang/Shutdown
Event: 9.572 loading class java/lang/Shutdown done
Event: 9.576 loading class java/lang/Shutdown$Lock
Event: 9.576 loading class java/lang/Shutdown$Lock done
Event: 9.576 Thread 0x00007f94fc0b0800 Thread exited: 0x00007f94fc0b0800
Event: 9.577 Executing VM operation: Exit


Dynamic libraries:
f0800000-f0d50000 rw-p 00000000 00:00 0 
f0d50000-f5aa0000 ---p 00000000 00:00 0 
f5aa0000-f6550000 rw-p 00000000 00:00 0 
f6550000-100000000 ---p 00000000 00:00 0 
100000000-100080000 rw-p 00000000 00:00 0 
100080000-140000000 ---p 00000000 00:00 0 
555684f3b000-555684f3c000 r-xp 00000000 fc:01 1302575                    /usr/lib/jvm/java-8-openjdk-amd64/jre/bin/java
55568513b000-55568513c000 r--p 00000000 fc:01 1302575                    /usr/lib/jvm/java-8-openjdk-amd64/jre/bin/java
55568513c000-55568513d000 rw-p 00001000 fc:01 1302575                    /usr/lib/jvm/java-8-openjdk-amd64/jre/bin/java
555685be0000-555685c01000 rw-p 00000000 00:00 0                          [heap]
7f94b8000000-7f94b8021000 rw-p 00000000 00:00 0 
7f94b8021000-7f94bc000000 ---p 00000000 00:00 0 
7f94bf340000-7f94bf3c5000 rw-s 00000000 fc:01 1039764                    /tmp/ompi.openmpi-master.1000/pid.5069/pmix_dstor_ds21_5069/smlockseg-542244865
7f94bf3c5000-7f94bf3c7000 r-xp 00000000 fc:01 782288                     /usr/local/lib/pmix/mca_pshmem_mmap.so
7f94bf3c7000-7f94bf5c6000 ---p 00002000 fc:01 782288                     /usr/local/lib/pmix/mca_pshmem_mmap.so
7f94bf5c6000-7f94bf5c7000 r--p 00001000 fc:01 782288                     /usr/local/lib/pmix/mca_pshmem_mmap.so
7f94bf5c7000-7f94bf5c8000 rw-p 00002000 fc:01 782288                     /usr/local/lib/pmix/mca_pshmem_mmap.so
7f94bf5c8000-7f94bf5cc000 r-xp 00000000 fc:01 782262                     /usr/local/lib/pmix/mca_gds_ds21.so
7f94bf5cc000-7f94bf7cb000 ---p 00004000 fc:01 782262                     /usr/local/lib/pmix/mca_gds_ds21.so
7f94bf7cb000-7f94bf7cc000 r--p 00003000 fc:01 782262                     /usr/local/lib/pmix/mca_gds_ds21.so
7f94bf7cc000-7f94bf7cd000 rw-p 00004000 fc:01 782262                     /usr/local/lib/pmix/mca_gds_ds21.so
7f94bf7cd000-7f94bf7dd000 r-xp 00000000 fc:01 782264                     /usr/local/lib/pmix/mca_gds_hash.so
7f94bf7dd000-7f94bf9dd000 ---p 00010000 fc:01 782264                     /usr/local/lib/pmix/mca_gds_hash.so
7f94bf9dd000-7f94bf9de000 r--p 00010000 fc:01 782264                     /usr/local/lib/pmix/mca_gds_hash.so
7f94bf9de000-7f94bf9df000 rw-p 00011000 fc:01 782264                     /usr/local/lib/pmix/mca_gds_hash.so
7f94bf9df000-7f94bf9f1000 r-xp 00000000 fc:01 29681                      /usr/local/lib/libmca_common_dstore.so.1.0.0
7f94bf9f1000-7f94bfbf0000 ---p 00012000 fc:01 29681                      /usr/local/lib/libmca_common_dstore.so.1.0.0
7f94bfbf0000-7f94bfbf1000 r--p 00011000 fc:01 29681                      /usr/local/lib/libmca_common_dstore.so.1.0.0
7f94bfbf1000-7f94bfbf2000 rw-p 00012000 fc:01 29681                      /usr/local/lib/libmca_common_dstore.so.1.0.0
7f94bfbf2000-7f94bfbf6000 r-xp 00000000 fc:01 782260                     /usr/local/lib/pmix/mca_gds_ds12.so
7f94bfbf6000-7f94bfdf5000 ---p 00004000 fc:01 782260                     /usr/local/lib/pmix/mca_gds_ds12.so
7f94bfdf5000-7f94bfdf6000 r--p 00003000 fc:01 782260                     /usr/local/lib/pmix/mca_gds_ds12.so
7f94bfdf6000-7f94bfdf7000 rw-p 00004000 fc:01 782260                     /usr/local/lib/pmix/mca_gds_ds12.so
7f94bfdf7000-7f94bfdff000 r-xp 00000000 fc:01 782292                     /usr/local/lib/pmix/mca_ptl_usock.so
7f94bfdff000-7f94bfffe000 ---p 00008000 fc:01 782292                     /usr/local/lib/pmix/mca_ptl_usock.so
7f94bfffe000-7f94bffff000 r--p 00007000 fc:01 782292                     /usr/local/lib/pmix/mca_ptl_usock.so
7f94bffff000-7f94c0000000 rw-p 00008000 fc:01 782292                     /usr/local/lib/pmix/mca_ptl_usock.so
7f94c0000000-7f94c0021000 rw-p 00000000 00:00 0 
7f94c0021000-7f94c4000000 ---p 00000000 00:00 0 
7f94c4000000-7f94c4021000 rw-p 00000000 00:00 0 
7f94c4021000-7f94c8000000 ---p 00000000 00:00 0 
7f94c8052000-7f94c8064000 r-xp 00000000 fc:01 782290                     /usr/local/lib/pmix/mca_ptl_tcp.so
7f94c8064000-7f94c8263000 ---p 00012000 fc:01 782290                     /usr/local/lib/pmix/mca_ptl_tcp.so
7f94c8263000-7f94c8264000 r--p 00011000 fc:01 782290                     /usr/local/lib/pmix/mca_ptl_tcp.so
7f94c8264000-7f94c8265000 rw-p 00012000 fc:01 782290                     /usr/local/lib/pmix/mca_ptl_tcp.so
7f94c8265000-7f94c8277000 r-xp 00000000 fc:01 782252                     /usr/local/lib/pmix/mca_bfrops_v12.so
7f94c8277000-7f94c8476000 ---p 00012000 fc:01 782252                     /usr/local/lib/pmix/mca_bfrops_v12.so
7f94c8476000-7f94c8477000 r--p 00011000 fc:01 782252                     /usr/local/lib/pmix/mca_bfrops_v12.so
7f94c8477000-7f94c8478000 rw-p 00012000 fc:01 782252                     /usr/local/lib/pmix/mca_bfrops_v12.so
7f94c8478000-7f94c8491000 r-xp 00000000 fc:01 782254                     /usr/local/lib/pmix/mca_bfrops_v20.so
7f94c8491000-7f94c8690000 ---p 00019000 fc:01 782254                     /usr/local/lib/pmix/mca_bfrops_v20.so
7f94c8690000-7f94c8691000 r--p 00018000 fc:01 782254                     /usr/local/lib/pmix/mca_bfrops_v20.so
7f94c8691000-7f94c8692000 rw-p 00019000 fc:01 782254                     /usr/local/lib/pmix/mca_bfrops_v20.so
7f94c8692000-7f94c869a000 r-xp 00000000 fc:01 782258                     /usr/local/lib/pmix/mca_bfrops_v3.so
7f94c869a000-7f94c8899000 ---p 00008000 fc:01 782258                     /usr/local/lib/pmix/mca_bfrops_v3.so
7f94c8899000-7f94c889a000 r--p 00007000 fc:01 782258                     /usr/local/lib/pmix/mca_bfrops_v3.so
7f94c889a000-7f94c889b000 rw-p 00008000 fc:01 782258                     /usr/local/lib/pmix/mca_bfrops_v3.so
7f94c889b000-7f94c88a2000 r-xp 00000000 fc:01 782256                     /usr/local/lib/pmix/mca_bfrops_v21.so
7f94c88a2000-7f94c8aa2000 ---p 00007000 fc:01 782256                     /usr/local/lib/pmix/mca_bfrops_v21.so
7f94c8aa2000-7f94c8aa3000 r--p 00007000 fc:01 782256                     /usr/local/lib/pmix/mca_bfrops_v21.so
7f94c8aa3000-7f94c8aa4000 rw-p 00008000 fc:01 782256                     /usr/local/lib/pmix/mca_bfrops_v21.so
7f94c8aa4000-7f94c8bf0000 r-xp 00000000 fc:01 782295                     /usr/local/lib/openmpi/mca_pmix_pmix3x.so
7f94c8bf0000-7f94c8df0000 ---p 0014c000 fc:01 782295                     /usr/local/lib/openmpi/mca_pmix_pmix3x.so
7f94c8df0000-7f94c8df1000 r--p 0014c000 fc:01 782295                     /usr/local/lib/openmpi/mca_pmix_pmix3x.so
7f94c8df1000-7f94c8df6000 rw-p 0014d000 fc:01 782295                     /usr/local/lib/openmpi/mca_pmix_pmix3x.so
7f94c8df6000-7f94c8df9000 rw-p 00000000 00:00 0 
7f94c8dfc000-7f94c8dfe000 r-xp 00000000 fc:01 782278                     /usr/local/lib/pmix/mca_psec_native.so
7f94c8dfe000-7f94c8ffd000 ---p 00002000 fc:01 782278                     /usr/local/lib/pmix/mca_psec_native.so
7f94c8ffd000-7f94c8ffe000 r--p 00001000 fc:01 782278                     /usr/local/lib/pmix/mca_psec_native.so
7f94c8ffe000-7f94c8fff000 rw-p 00002000 fc:01 782278                     /usr/local/lib/pmix/mca_psec_native.so
7f94c8fff000-7f94cc000000 rw-p 00000000 00:00 0 
7f94cc000000-7f94cc1b3000 rw-p 00000000 00:00 0 
7f94cc1b3000-7f94d0000000 ---p 00000000 00:00 0 
7f94d0000000-7f94d0021000 rw-p 00000000 00:00 0 
7f94d0021000-7f94d4000000 ---p 00000000 00:00 0 
7f94d4000000-7f94d4021000 rw-p 00000000 00:00 0 
7f94d4021000-7f94d8000000 ---p 00000000 00:00 0 
7f94d8000000-7f94d804f000 rw-p 00000000 00:00 0 
7f94d804f000-7f94dc000000 ---p 00000000 00:00 0 
7f94dc000000-7f94dc021000 rw-p 00000000 00:00 0 
7f94dc021000-7f94e0000000 ---p 00000000 00:00 0 
7f94e0000000-7f94e0021000 rw-p 00000000 00:00 0 
7f94e0021000-7f94e4000000 ---p 00000000 00:00 0 
7f94e4000000-7f94e4021000 rw-p 00000000 00:00 0 
7f94e4021000-7f94e8000000 ---p 00000000 00:00 0 
7f94e805e000-7f94e8061000 ---p 00000000 00:00 0 
7f94e8061000-7f94e815f000 rw-p 00000000 00:00 0 
7f94e815f000-7f94e8160000 ---p 00000000 00:00 0 
7f94e8160000-7f94e8960000 rw-p 00000000 00:00 0 
7f94e8960000-7f94e8964000 r-xp 00000000 fc:01 782352                     /usr/local/lib/openmpi/mca_ess_pmi.so
7f94e8964000-7f94e8b63000 ---p 00004000 fc:01 782352                     /usr/local/lib/openmpi/mca_ess_pmi.so
7f94e8b63000-7f94e8b64000 r--p 00003000 fc:01 782352                     /usr/local/lib/openmpi/mca_ess_pmi.so
7f94e8b64000-7f94e8b65000 rw-p 00004000 fc:01 782352                     /usr/local/lib/openmpi/mca_ess_pmi.so
7f94e8b65000-7f94e8b66000 r-xp 00000000 fc:01 782435                     /usr/local/lib/openmpi/mca_schizo_orte.so
7f94e8b66000-7f94e8d65000 ---p 00001000 fc:01 782435                     /usr/local/lib/openmpi/mca_schizo_orte.so
7f94e8d65000-7f94e8d66000 r--p 00000000 fc:01 782435                     /usr/local/lib/openmpi/mca_schizo_orte.so
7f94e8d66000-7f94e8d67000 rw-p 00001000 fc:01 782435                     /usr/local/lib/openmpi/mca_schizo_orte.so
7f94e8d67000-7f94e8d69000 r-xp 00000000 fc:01 782437                     /usr/local/lib/openmpi/mca_schizo_slurm.so
7f94e8d69000-7f94e8f68000 ---p 00002000 fc:01 782437                     /usr/local/lib/openmpi/mca_schizo_slurm.so
7f94e8f68000-7f94e8f69000 r--p 00001000 fc:01 782437                     /usr/local/lib/openmpi/mca_schizo_slurm.so
7f94e8f69000-7f94e8f6a000 rw-p 00002000 fc:01 782437                     /usr/local/lib/openmpi/mca_schizo_slurm.so
7f94e8f6a000-7f94e8f72000 r-xp 00000000 fc:01 782433                     /usr/local/lib/openmpi/mca_schizo_ompi.so
7f94e8f72000-7f94e9171000 ---p 00008000 fc:01 782433                     /usr/local/lib/openmpi/mca_schizo_ompi.so
7f94e9171000-7f94e9172000 r--p 00007000 fc:01 782433                     /usr/local/lib/openmpi/mca_schizo_ompi.so
7f94e9172000-7f94e9174000 rw-p 00008000 fc:01 782433                     /usr/local/lib/openmpi/mca_schizo_ompi.so
7f94e9174000-7f94e9175000 r-xp 00000000 fc:01 782431                     /usr/local/lib/openmpi/mca_schizo_flux.so
7f94e9175000-7f94e9375000 ---p 00001000 fc:01 782431                     /usr/local/lib/openmpi/mca_schizo_flux.so
7f94e9375000-7f94e9376000 r--p 00001000 fc:01 782431                     /usr/local/lib/openmpi/mca_schizo_flux.so
7f94e9376000-7f94e9377000 rw-p 00002000 fc:01 782431                     /usr/local/lib/openmpi/mca_schizo_flux.so
7f94e9377000-7f94e9379000 r-xp 00000000 fc:01 782301                     /usr/local/lib/openmpi/mca_reachable_weighted.so
7f94e9379000-7f94e9578000 ---p 00002000 fc:01 782301                     /usr/local/lib/openmpi/mca_reachable_weighted.so
7f94e9578000-7f94e9579000 r--p 00001000 fc:01 782301                     /usr/local/lib/openmpi/mca_reachable_weighted.so
7f94e9579000-7f94e957a000 rw-p 00002000 fc:01 782301                     /usr/local/lib/openmpi/mca_reachable_weighted.so
7f94e957a000-7f94e957d000 r-xp 00000000 fc:01 782304                     /usr/local/lib/openmpi/mca_shmem_mmap.so
7f94e957d000-7f94e977c000 ---p 00003000 fc:01 782304                     /usr/local/lib/openmpi/mca_shmem_mmap.so
7f94e977c000-7f94e977d000 r--p 00002000 fc:01 782304                     /usr/local/lib/openmpi/mca_shmem_mmap.so
7f94e977d000-7f94e977e000 rw-p 00003000 fc:01 782304                     /usr/local/lib/openmpi/mca_shmem_mmap.so
7f94e977e000-7f94e9780000 r-xp 00000000 fc:01 2182                       /lib/x86_64-linux-gnu/libutil-2.27.so
7f94e9780000-7f94e997f000 ---p 00002000 fc:01 2182                       /lib/x86_64-linux-gnu/libutil-2.27.so
7f94e997f000-7f94e9980000 r--p 00001000 fc:01 2182                       /lib/x86_64-linux-gnu/libutil-2.27.so
7f94e9980000-7f94e9981000 rw-p 00002000 fc:01 2182                       /lib/x86_64-linux-gnu/libutil-2.27.so
7f94e9981000-7f94e9a36000 r-xp 00000000 fc:01 29711                      /usr/local/lib/libopen-rte.so.40.20.1
7f94e9a36000-7f94e9c35000 ---p 000b5000 fc:01 29711                      /usr/local/lib/libopen-rte.so.40.20.1
7f94e9c35000-7f94e9c37000 r--p 000b4000 fc:01 29711                      /usr/local/lib/libopen-rte.so.40.20.1
7f94e9c37000-7f94e9c3b000 rw-p 000b6000 fc:01 29711                      /usr/local/lib/libopen-rte.so.40.20.1
7f94e9c3b000-7f94e9c3e000 rw-p 00000000 00:00 0 
7f94e9c3e000-7f94e9d41000 r-xp 00000000 fc:01 13011                      /usr/local/lib/libopen-pal.so.40.20.1
7f94e9d41000-7f94e9f41000 ---p 00103000 fc:01 13011                      /usr/local/lib/libopen-pal.so.40.20.1
7f94e9f41000-7f94e9f44000 r--p 00103000 fc:01 13011                      /usr/local/lib/libopen-pal.so.40.20.1
7f94e9f44000-7f94e9f4a000 rw-p 00106000 fc:01 13011                      /usr/local/lib/libopen-pal.so.40.20.1
7f94e9f4a000-7f94e9f51000 rw-p 00000000 00:00 0 
7f94e9f51000-7f94ea047000 r-xp 00000000 fc:01 29875                      /usr/local/lib/libmpi.so.40.20.1
7f94ea047000-7f94ea246000 ---p 000f6000 fc:01 29875                      /usr/local/lib/libmpi.so.40.20.1
7f94ea246000-7f94ea248000 r--p 000f5000 fc:01 29875                      /usr/local/lib/libmpi.so.40.20.1
7f94ea248000-7f94ea259000 rw-p 000f7000 fc:01 29875                      /usr/local/lib/libmpi.so.40.20.1
7f94ea259000-7f94ea26b000 rw-p 00000000 00:00 0 
7f94ea273000-7f94ea274000 r--s 00000000 fc:01 783094                     /tmp/ompi.openmpi-master.1000/pid.5069/pmix_dstor_ds12_5069/initial-pmix_shared-segment-0
7f94ea274000-7f94ea275000 rw-s 00000000 fc:01 783095                     /tmp/ompi.openmpi-master.1000/pid.5069/pmix_dstor_ds12_5069/dstore_sm.lock
7f94ea275000-7f94ea29d000 r-xp 00000000 fc:01 71469                      /usr/local/lib/libmpi_java.so.40.20.0
7f94ea29d000-7f94ea49c000 ---p 00028000 fc:01 71469                      /usr/local/lib/libmpi_java.so.40.20.0
7f94ea49c000-7f94ea49d000 r--p 00027000 fc:01 71469                      /usr/local/lib/libmpi_java.so.40.20.0
7f94ea49d000-7f94ea49e000 rw-p 00028000 fc:01 71469                      /usr/local/lib/libmpi_java.so.40.20.0
7f94ea49e000-7f94ea49f000 r--s 0000f000 fc:01 527712                     /home/mpiuser/cloud/fyp/java_client/lib/mpi.jar
7f94ea49f000-7f94ea4a2000 r--s 0000e000 fc:01 527707                     /home/mpiuser/cloud/fyp/java_client/lib/jackson-annotations-2.10.3.jar
7f94ea4a2000-7f94ea4bf000 r--s 00142000 fc:01 527719                     /home/mpiuser/cloud/fyp/java_client/lib/spring-web-5.2.5.RELEASE.jar
7f94ea4bf000-7f94ea4cc000 r--s 00090000 fc:01 527704                     /home/mpiuser/cloud/fyp/java_client/lib/amqp-client-5.8.0.jar
7f94ea4cc000-7f94ea4cd000 r--s 00003000 fc:01 527715                     /home/mpiuser/cloud/fyp/java_client/lib/slf4j-simple-1.7.30.jar
7f94ea4cd000-7f94ea4e2000 r--s 00142000 fc:01 527710                     /home/mpiuser/cloud/fyp/java_client/lib/jackson-databind-2.10.2.jar
7f94ea4e2000-7f94ea4f7000 r--s 00142000 fc:01 527711                     /home/mpiuser/cloud/fyp/java_client/lib/jackson-databind-2.10.3.jar
7f94ea4f7000-7f94ea4f8000 r--s 00005000 fc:01 527718                     /home/mpiuser/cloud/fyp/java_client/lib/spring-jcl-5.2.5.RELEASE.jar
7f94ea4f8000-7f94ea50f000 r-xp 00000000 fc:01 1302611                    /usr/lib/jvm/java-8-openjdk-amd64/jre/lib/amd64/libnet.so
7f94ea50f000-7f94ea70e000 ---p 00017000 fc:01 1302611                    /usr/lib/jvm/java-8-openjdk-amd64/jre/lib/amd64/libnet.so
7f94ea70e000-7f94ea70f000 r--p 00016000 fc:01 1302611                    /usr/lib/jvm/java-8-openjdk-amd64/jre/lib/amd64/libnet.so
7f94ea70f000-7f94ea710000 rw-p 00017000 fc:01 1302611                    /usr/lib/jvm/java-8-openjdk-amd64/jre/lib/amd64/libnet.so
7f94ea710000-7f94ea721000 r-xp 00000000 fc:01 1302612                    /usr/lib/jvm/java-8-openjdk-amd64/jre/lib/amd64/libnio.so
7f94ea721000-7f94ea921000 ---p 00011000 fc:01 1302612                    /usr/lib/jvm/java-8-openjdk-amd64/jre/lib/amd64/libnio.so
7f94ea921000-7f94ea922000 r--p 00011000 fc:01 1302612                    /usr/lib/jvm/java-8-openjdk-amd64/jre/lib/amd64/libnio.so
7f94ea922000-7f94ea923000 rw-p 00012000 fc:01 1302612                    /usr/lib/jvm/java-8-openjdk-amd64/jre/lib/amd64/libnio.so
7f94ea923000-7f94ea93e000 r--s 001d6000 fc:01 1555512                    /usr/lib/jvm/java-8-openjdk-amd64/jre/lib/ext/nashorn.jar
7f94ea93e000-7f94ea942000 r--s 0003a000 fc:01 1555515                    /usr/lib/jvm/java-8-openjdk-amd64/jre/lib/ext/sunpkcs11.jar
7f94ea942000-7f94ea947000 r--s 0003d000 fc:01 1555514                    /usr/lib/jvm/java-8-openjdk-amd64/jre/lib/ext/sunjce_provider.jar
7f94ea947000-7f94ea948000 r--s 00010000 fc:01 1555516                    /usr/lib/jvm/java-8-openjdk-amd64/jre/lib/ext/zipfs.jar
7f94ea948000-7f94ea963000 r--s 00394000 fc:01 1555507                    /usr/lib/jvm/java-8-openjdk-amd64/jre/lib/ext/cldrdata.jar
7f94ea963000-7f94ea964000 ---p 00000000 00:00 0 
7f94ea964000-7f94eaa64000 rw-p 00000000 00:00 0 
7f94eaa64000-7f94eaa67000 ---p 00000000 00:00 0 
7f94eaa67000-7f94eab65000 rw-p 00000000 00:00 0 
7f94eab65000-7f94eab66000 ---p 00000000 00:00 0 
7f94eab66000-7f94eab69000 ---p 00000000 00:00 0 
7f94eab69000-7f94eac66000 rw-p 00000000 00:00 0 
7f94eac66000-7f94eac67000 ---p 00000000 00:00 0 
7f94eac67000-7f94eac6a000 ---p 00000000 00:00 0 
7f94eac6a000-7f94ead67000 rw-p 00000000 00:00 0 
7f94ead67000-7f94ead6a000 ---p 00000000 00:00 0 
7f94ead6a000-7f94eae68000 rw-p 00000000 00:00 0 
7f94eae68000-7f94eae99000 r--p 00000000 fc:01 7802                       /usr/lib/locale/C.UTF-8/LC_CTYPE
7f94eae99000-7f94eb00c000 r--p 00000000 fc:01 7801                       /usr/lib/locale/C.UTF-8/LC_COLLATE
7f94eb00c000-7f94eb1a7000 r--p 00000000 fc:01 7796                       /usr/lib/locale/locale-archive
7f94eb1a7000-7f94eb1aa000 ---p 00000000 00:00 0 
7f94eb1aa000-7f94eb2a8000 rw-p 00000000 00:00 0 
7f94eb2a8000-7f94eb2ab000 ---p 00000000 00:00 0 
7f94eb2ab000-7f94eb3a9000 rw-p 00000000 00:00 0 
7f94eb3a9000-7f94eb3aa000 ---p 00000000 00:00 0 
7f94eb3aa000-7f94eb4f8000 rw-p 00000000 00:00 0 
7f94eb4f8000-7f94eb6c8000 r--s 03c68000 fc:01 1302635                    /usr/lib/jvm/java-8-openjdk-amd64/jre/lib/rt.jar
7f94eb6c8000-7f94ebc41000 rw-p 00000000 00:00 0 
7f94ebc41000-7f94ebfc1000 ---p 00000000 00:00 0 
7f94ebfc1000-7f94ebfcb000 rw-p 00000000 00:00 0 
7f94ebfcb000-7f94ec381000 ---p 00000000 00:00 0 
7f94ec381000-7f94ec5f1000 rwxp 00000000 00:00 0 
7f94ec5f1000-7f94fb381000 ---p 00000000 00:00 0 
7f94fb381000-7f94fb389000 r-xp 00000000 fc:01 1302619                    /usr/lib/jvm/java-8-openjdk-amd64/jre/lib/amd64/libzip.so
7f94fb389000-7f94fb588000 ---p 00008000 fc:01 1302619                    /usr/lib/jvm/java-8-openjdk-amd64/jre/lib/amd64/libzip.so
7f94fb588000-7f94fb589000 r--p 00007000 fc:01 1302619                    /usr/lib/jvm/java-8-openjdk-amd64/jre/lib/amd64/libzip.so
7f94fb589000-7f94fb58a000 rw-p 00008000 fc:01 1302619                    /usr/lib/jvm/java-8-openjdk-amd64/jre/lib/amd64/libzip.so
7f94fb58a000-7f94fb595000 r-xp 00000000 fc:01 2093                       /lib/x86_64-linux-gnu/libnss_files-2.27.so
7f94fb595000-7f94fb794000 ---p 0000b000 fc:01 2093                       /lib/x86_64-linux-gnu/libnss_files-2.27.so
7f94fb794000-7f94fb795000 r--p 0000a000 fc:01 2093                       /lib/x86_64-linux-gnu/libnss_files-2.27.so
7f94fb795000-7f94fb796000 rw-p 0000b000 fc:01 2093                       /lib/x86_64-linux-gnu/libnss_files-2.27.so
7f94fb796000-7f94fb79c000 rw-p 00000000 00:00 0 
7f94fb79c000-7f94fb7b3000 r-xp 00000000 fc:01 2090                       /lib/x86_64-linux-gnu/libnsl-2.27.so
7f94fb7b3000-7f94fb9b2000 ---p 00017000 fc:01 2090                       /lib/x86_64-linux-gnu/libnsl-2.27.so
7f94fb9b2000-7f94fb9b3000 r--p 00016000 fc:01 2090                       /lib/x86_64-linux-gnu/libnsl-2.27.so
7f94fb9b3000-7f94fb9b4000 rw-p 00017000 fc:01 2090                       /lib/x86_64-linux-gnu/libnsl-2.27.so
7f94fb9b4000-7f94fb9b6000 rw-p 00000000 00:00 0 
7f94fb9b6000-7f94fb9c1000 r-xp 00000000 fc:01 2095                       /lib/x86_64-linux-gnu/libnss_nis-2.27.so
7f94fb9c1000-7f94fbbc0000 ---p 0000b000 fc:01 2095                       /lib/x86_64-linux-gnu/libnss_nis-2.27.so
7f94fbbc0000-7f94fbbc1000 r--p 0000a000 fc:01 2095                       /lib/x86_64-linux-gnu/libnss_nis-2.27.so
7f94fbbc1000-7f94fbbc2000 rw-p 0000b000 fc:01 2095                       /lib/x86_64-linux-gnu/libnss_nis-2.27.so
7f94fbbc2000-7f94fbbec000 r-xp 00000000 fc:01 1302600                    /usr/lib/jvm/java-8-openjdk-amd64/jre/lib/amd64/libjava.so
7f94fbbec000-7f94fbdeb000 ---p 0002a000 fc:01 1302600                    /usr/lib/jvm/java-8-openjdk-amd64/jre/lib/amd64/libjava.so
7f94fbdeb000-7f94fbdec000 r--p 00029000 fc:01 1302600                    /usr/lib/jvm/java-8-openjdk-amd64/jre/lib/amd64/libjava.so
7f94fbdec000-7f94fbdee000 rw-p 0002a000 fc:01 1302600                    /usr/lib/jvm/java-8-openjdk-amd64/jre/lib/amd64/libjava.so
7f94fbdee000-7f94fbdfe000 r-xp 00000000 fc:01 1302618                    /usr/lib/jvm/java-8-openjdk-amd64/jre/lib/amd64/libverify.so
7f94fbdfe000-7f94fbffd000 ---p 00010000 fc:01 1302618                    /usr/lib/jvm/java-8-openjdk-amd64/jre/lib/amd64/libverify.so
7f94fbffd000-7f94fbfff000 r--p 0000f000 fc:01 1302618                    /usr/lib/jvm/java-8-openjdk-amd64/jre/lib/amd64/libverify.so
7f94fbfff000-7f94fc000000 rw-p 00011000 fc:01 1302618                    /usr/lib/jvm/java-8-openjdk-amd64/jre/lib/amd64/libverify.so
7f94fc000000-7f94fc25e000 rw-p 00000000 00:00 0 
7f94fc25e000-7f9500000000 ---p 00000000 00:00 0 
7f9500000000-7f9500001000 r--s 0000a000 fc:01 1555510                    /usr/lib/jvm/java-8-openjdk-amd64/jre/lib/ext/jaccess.jar
7f9500001000-7f9500003000 r--s 00007000 fc:01 29606                      /usr/share/java/java-atk-wrapper.jar
7f9500003000-7f950000b000 r-xp 00000000 fc:01 2091                       /lib/x86_64-linux-gnu/libnss_compat-2.27.so
7f950000b000-7f950020b000 ---p 00008000 fc:01 2091                       /lib/x86_64-linux-gnu/libnss_compat-2.27.so
7f950020b000-7f950020c000 r--p 00008000 fc:01 2091                       /lib/x86_64-linux-gnu/libnss_compat-2.27.so
7f950020c000-7f950020d000 rw-p 00009000 fc:01 2091                       /lib/x86_64-linux-gnu/libnss_compat-2.27.so
7f950020d000-7f9500214000 r-xp 00000000 fc:01 2180                       /lib/x86_64-linux-gnu/librt-2.27.so
7f9500214000-7f9500413000 ---p 00007000 fc:01 2180                       /lib/x86_64-linux-gnu/librt-2.27.so
7f9500413000-7f9500414000 r--p 00006000 fc:01 2180                       /lib/x86_64-linux-gnu/librt-2.27.so
7f9500414000-7f9500415000 rw-p 00007000 fc:01 2180                       /lib/x86_64-linux-gnu/librt-2.27.so
7f9500415000-7f950042c000 r-xp 00000000 fc:01 29154                      /lib/x86_64-linux-gnu/libgcc_s.so.1
7f950042c000-7f950062b000 ---p 00017000 fc:01 29154                      /lib/x86_64-linux-gnu/libgcc_s.so.1
7f950062b000-7f950062c000 r--p 00016000 fc:01 29154                      /lib/x86_64-linux-gnu/libgcc_s.so.1
7f950062c000-7f950062d000 rw-p 00017000 fc:01 29154                      /lib/x86_64-linux-gnu/libgcc_s.so.1
7f950062d000-7f95007ca000 r-xp 00000000 fc:01 2087                       /lib/x86_64-linux-gnu/libm-2.27.so
7f95007ca000-7f95009c9000 ---p 0019d000 fc:01 2087                       /lib/x86_64-linux-gnu/libm-2.27.so
7f95009c9000-7f95009ca000 r--p 0019c000 fc:01 2087                       /lib/x86_64-linux-gnu/libm-2.27.so
7f95009ca000-7f95009cb000 rw-p 0019d000 fc:01 2087                       /lib/x86_64-linux-gnu/libm-2.27.so
7f95009cb000-7f9500b44000 r-xp 00000000 fc:01 4344                       /usr/lib/x86_64-linux-gnu/libstdc++.so.6.0.25
7f9500b44000-7f9500d44000 ---p 00179000 fc:01 4344                       /usr/lib/x86_64-linux-gnu/libstdc++.so.6.0.25
7f9500d44000-7f9500d4e000 r--p 00179000 fc:01 4344                       /usr/lib/x86_64-linux-gnu/libstdc++.so.6.0.25
7f9500d4e000-7f9500d50000 rw-p 00183000 fc:01 4344                       /usr/lib/x86_64-linux-gnu/libstdc++.so.6.0.25
7f9500d50000-7f9500d54000 rw-p 00000000 00:00 0 
7f9500d54000-7f95019f7000 r-xp 00000000 fc:01 1302622                    /usr/lib/jvm/java-8-openjdk-amd64/jre/lib/amd64/server/libjvm.so
7f95019f7000-7f9501bf7000 ---p 00ca3000 fc:01 1302622                    /usr/lib/jvm/java-8-openjdk-amd64/jre/lib/amd64/server/libjvm.so
7f9501bf7000-7f9501c8b000 r--p 00ca3000 fc:01 1302622                    /usr/lib/jvm/java-8-openjdk-amd64/jre/lib/amd64/server/libjvm.so
7f9501c8b000-7f9501cb4000 rw-p 00d37000 fc:01 1302622                    /usr/lib/jvm/java-8-openjdk-amd64/jre/lib/amd64/server/libjvm.so
7f9501cb4000-7f9501ce4000 rw-p 00000000 00:00 0 
7f9501ce4000-7f9501cfe000 r-xp 00000000 fc:01 2178                       /lib/x86_64-linux-gnu/libpthread-2.27.so
7f9501cfe000-7f9501efd000 ---p 0001a000 fc:01 2178                       /lib/x86_64-linux-gnu/libpthread-2.27.so
7f9501efd000-7f9501efe000 r--p 00019000 fc:01 2178                       /lib/x86_64-linux-gnu/libpthread-2.27.so
7f9501efe000-7f9501eff000 rw-p 0001a000 fc:01 2178                       /lib/x86_64-linux-gnu/libpthread-2.27.so
7f9501eff000-7f9501f03000 rw-p 00000000 00:00 0 
7f9501f03000-7f9501f06000 r-xp 00000000 fc:01 2086                       /lib/x86_64-linux-gnu/libdl-2.27.so
7f9501f06000-7f9502105000 ---p 00003000 fc:01 2086                       /lib/x86_64-linux-gnu/libdl-2.27.so
7f9502105000-7f9502106000 r--p 00002000 fc:01 2086                       /lib/x86_64-linux-gnu/libdl-2.27.so
7f9502106000-7f9502107000 rw-p 00003000 fc:01 2086                       /lib/x86_64-linux-gnu/libdl-2.27.so
7f9502107000-7f9502123000 r-xp 00000000 fc:01 2183                       /lib/x86_64-linux-gnu/libz.so.1.2.11
7f9502123000-7f9502322000 ---p 0001c000 fc:01 2183                       /lib/x86_64-linux-gnu/libz.so.1.2.11
7f9502322000-7f9502323000 r--p 0001b000 fc:01 2183                       /lib/x86_64-linux-gnu/libz.so.1.2.11
7f9502323000-7f9502324000 rw-p 0001c000 fc:01 2183                       /lib/x86_64-linux-gnu/libz.so.1.2.11
7f9502324000-7f950250b000 r-xp 00000000 fc:01 2083                       /lib/x86_64-linux-gnu/libc-2.27.so
7f950250b000-7f950270b000 ---p 001e7000 fc:01 2083                       /lib/x86_64-linux-gnu/libc-2.27.so
7f950270b000-7f950270f000 r--p 001e7000 fc:01 2083                       /lib/x86_64-linux-gnu/libc-2.27.so
7f950270f000-7f9502711000 rw-p 001eb000 fc:01 2083                       /lib/x86_64-linux-gnu/libc-2.27.so
7f9502711000-7f9502715000 rw-p 00000000 00:00 0 
7f9502715000-7f9502723000 r-xp 00000000 fc:01 1555499                    /usr/lib/jvm/java-8-openjdk-amd64/jre/lib/amd64/jli/libjli.so
7f9502723000-7f9502922000 ---p 0000e000 fc:01 1555499                    /usr/lib/jvm/java-8-openjdk-amd64/jre/lib/amd64/jli/libjli.so
7f9502922000-7f9502923000 r--p 0000d000 fc:01 1555499                    /usr/lib/jvm/java-8-openjdk-amd64/jre/lib/amd64/jli/libjli.so
7f9502923000-7f9502924000 rw-p 0000e000 fc:01 1555499                    /usr/lib/jvm/java-8-openjdk-amd64/jre/lib/amd64/jli/libjli.so
7f9502924000-7f950294b000 r-xp 00000000 fc:01 2079                       /lib/x86_64-linux-gnu/ld-2.27.so
7f950294b000-7f950294c000 r--s 0000d000 fc:01 1555513                    /usr/lib/jvm/java-8-openjdk-amd64/jre/lib/ext/sunec.jar
7f950294c000-7f950294e000 r--s 00001000 fc:01 1555508                    /usr/lib/jvm/java-8-openjdk-amd64/jre/lib/ext/dnsns.jar
7f950294e000-7f9502951000 r--s 0000f000 fc:01 1555509                    /usr/lib/jvm/java-8-openjdk-amd64/jre/lib/ext/icedtea-sound.jar
7f9502951000-7f950295b000 r--s 00116000 fc:01 1555511                    /usr/lib/jvm/java-8-openjdk-amd64/jre/lib/ext/localedata.jar
7f950295b000-7f950295c000 r--p 00000000 fc:01 7807                       /usr/lib/locale/C.UTF-8/LC_NUMERIC
7f950295c000-7f950295d000 r--p 00000000 fc:01 7810                       /usr/lib/locale/C.UTF-8/LC_TIME
7f950295d000-7f950295e000 r--p 00000000 fc:01 7805                       /usr/lib/locale/C.UTF-8/LC_MONETARY
7f950295e000-7f950295f000 r--p 00000000 fc:01 7799                       /usr/lib/locale/C.UTF-8/LC_MESSAGES/SYS_LC_MESSAGES
7f950295f000-7f9502960000 r--p 00000000 fc:01 7808                       /usr/lib/locale/C.UTF-8/LC_PAPER
7f9502960000-7f9502961000 r--p 00000000 fc:01 7806                       /usr/lib/locale/C.UTF-8/LC_NAME
7f9502961000-7f9502962000 r--p 00000000 fc:01 7800                       /usr/lib/locale/C.UTF-8/LC_ADDRESS
7f9502962000-7f9502963000 r--p 00000000 fc:01 7809                       /usr/lib/locale/C.UTF-8/LC_TELEPHONE
7f9502963000-7f9502964000 r--p 00000000 fc:01 7804                       /usr/lib/locale/C.UTF-8/LC_MEASUREMENT
7f9502964000-7f950296b000 r--s 00000000 fc:01 5010                       /usr/lib/x86_64-linux-gnu/gconv/gconv-modules.cache
7f950296b000-7f950296c000 r--p 00000000 fc:01 7803                       /usr/lib/locale/C.UTF-8/LC_IDENTIFICATION
7f950296c000-7f9502972000 rw-p 00000000 00:00 0 
7f9502972000-7f95029bf000 ---p 00000000 00:00 0 
7f95029bf000-7f95029c2000 rw-p 00000000 00:00 0 
7f95029c2000-7f95029e8000 ---p 00000000 00:00 0 
7f95029e8000-7f95029ee000 rw-p 00000000 00:00 0 
7f95029ee000-7f9502a3b000 ---p 00000000 00:00 0 
7f9502a3b000-7f9502a3c000 rw-p 00000000 00:00 0 
7f9502a3c000-7f9502a3d000 ---p 00000000 00:00 0 
7f9502a3d000-7f9502a40000 ---p 00000000 00:00 0 
7f9502a40000-7f9502b3f000 rw-p 00000000 00:00 0 
7f9502b3f000-7f9502b47000 rw-s 00000000 fc:01 1039826                    /tmp/hsperfdata_mpiuser/5097
7f9502b47000-7f9502b48000 rw-p 00000000 00:00 0 
7f9502b48000-7f9502b49000 ---p 00000000 00:00 0 
7f9502b49000-7f9502b4b000 rw-p 00000000 00:00 0 
7f9502b4b000-7f9502b4c000 r--p 00027000 fc:01 2079                       /lib/x86_64-linux-gnu/ld-2.27.so
7f9502b4c000-7f9502b4d000 rw-p 00028000 fc:01 2079                       /lib/x86_64-linux-gnu/ld-2.27.so
7f9502b4d000-7f9502b4e000 rw-p 00000000 00:00 0 
7fff83411000-7fff83432000 rw-p 00000000 00:00 0                          [stack]
7fff83560000-7fff83563000 r--p 00000000 00:00 0                          [vvar]
7fff83563000-7fff83565000 r-xp 00000000 00:00 0                          [vdso]
ffffffffff600000-ffffffffff601000 r-xp 00000000 00:00 0                  [vsyscall]

VM Arguments:
jvm_args: -Djava.library.path=/usr/local/lib 
java_command: Client 1000000 100 0
java_class_path (initial): /home/mpiuser/cloud/fyp/java_client:./lib/spring-jcl-5.2.5.RELEASE.jar:./lib/jackson-databind-2.10.3.jar:./lib/jackson-databind-2.10.2.jar:./lib/slf4j-simple-1.7.30.jar:./lib/amqp-client-5.8.0.jar:./lib/spring-web-5.2.5.RELEASE.jar:./lib/jackson-annotations-2.10.3.jar:./lib/mpi.jar:./lib/spring-beans-5.2.5.RELEASE.jar:./lib/jackson-annotations-2.10.2.jar:./lib/jackson-core-2.10.2.jar:./lib/jackson-core-2.10.3.jar:./lib/slf4j-api-1.7.29.jar:./lib/spring-core-5.2.5.RELEASE.jar:./lib/slf4j-api-1.7.30.jar:./lib/http-client-3.6.1.RELEASE.jar:/usr/local/lib/mpi.jar
Launcher Type: SUN_STANDARD

Environment Variables:
PATH=/usr/local/sbin:/usr/local/bin:/usr/sbin:/usr/bin:/sbin:/bin:/usr/games:/usr/local/games:/snap/bin
SHELL=/bin/bash

Signal Handlers:
SIGSEGV: [libjvm.so+0xabc3b0], sa_mask[0]=11111111011111111101111111111110, sa_flags=SA_RESTART|SA_SIGINFO
SIGBUS: [libjvm.so+0xabc3b0], sa_mask[0]=11111111011111111101111111111110, sa_flags=SA_RESTART|SA_SIGINFO
SIGFPE: [libjvm.so+0x8f0bb0], sa_mask[0]=11111111011111111101111111111110, sa_flags=SA_RESTART|SA_SIGINFO
SIGPIPE: [libjvm.so+0x8f0bb0], sa_mask[0]=11111111011111111101111111111110, sa_flags=SA_RESTART|SA_SIGINFO
SIGXFSZ: [libjvm.so+0x8f0bb0], sa_mask[0]=11111111011111111101111111111110, sa_flags=SA_RESTART|SA_SIGINFO
SIGILL: [libjvm.so+0x8f0bb0], sa_mask[0]=11111111011111111101111111111110, sa_flags=SA_RESTART|SA_SIGINFO
SIGUSR1: SIG_DFL, sa_mask[0]=00000000000000000000000000000000, sa_flags=none
SIGUSR2: [libjvm.so+0x8f0a60], sa_mask[0]=00000000000000000000000000000000, sa_flags=SA_RESTART|SA_SIGINFO
SIGHUP: [libjvm.so+0x8f10d0], sa_mask[0]=11111111011111111101111111111110, sa_flags=SA_RESTART|SA_SIGINFO
SIGINT: [libjvm.so+0x8f10d0], sa_mask[0]=11111111011111111101111111111110, sa_flags=SA_RESTART|SA_SIGINFO
SIGTERM: [libjvm.so+0x8f10d0], sa_mask[0]=11111111011111111101111111111110, sa_flags=SA_RESTART|SA_SIGINFO
SIGQUIT: [libjvm.so+0x8f10d0], sa_mask[0]=11111111011111111101111111111110, sa_flags=SA_RESTART|SA_SIGINFO


---------------  S Y S T E M  ---------------

OS:DISTRIB_ID=Ubuntu
DISTRIB_RELEASE=18.04
DISTRIB_CODENAME=bionic
DISTRIB_DESCRIPTION="Ubuntu 18.04.3 LTS"

uname:Linux 4.15.0-91-generic #92-Ubuntu SMP Fri Feb 28 11:09:48 UTC 2020 x86_64
libc:glibc 2.27 NPTL 2.27 
rlimit: STACK 8192k, CORE 0k, NPROC 3837, NOFILE 1048576, AS infinity
load average:22.55 4.80 1.56

/proc/meminfo:
MemTotal:        1008492 kB
MemFree:           81328 kB
MemAvailable:      36568 kB
Buffers:            2032 kB
Cached:            31504 kB
SwapCached:            0 kB
Active:           781424 kB
Inactive:          11060 kB
Active(anon):     759436 kB
Inactive(anon):      252 kB
Active(file):      21988 kB
Inactive(file):    10808 kB
Unevictable:           0 kB
Mlocked:               0 kB
SwapTotal:             0 kB
SwapFree:              0 kB
Dirty:               244 kB
Writeback:             0 kB
AnonPages:        759056 kB
Mapped:            22764 kB
Shmem:               648 kB
Slab:              68280 kB
SReclaimable:      20356 kB
SUnreclaim:        47924 kB
KernelStack:       12496 kB
PageTables:        24168 kB
NFS_Unstable:          0 kB
Bounce:                0 kB
WritebackTmp:          0 kB
CommitLimit:      504244 kB
Committed_AS:    4318776 kB
VmallocTotal:   34359738367 kB
VmallocUsed:           0 kB
VmallocChunk:          0 kB
HardwareCorrupted:     0 kB
AnonHugePages:         0 kB
ShmemHugePages:        0 kB
ShmemPmdMapped:        0 kB
CmaTotal:              0 kB
CmaFree:               0 kB
HugePages_Total:       0
HugePages_Free:        0
HugePages_Rsvd:        0
HugePages_Surp:        0
Hugepagesize:       2048 kB
DirectMap4k:       83948 kB
DirectMap2M:      964608 kB
DirectMap1G:           0 kB

container (cgroup) information:
container_type: cgroupv1
cpu_cpuset_cpus: 0-2
cpu_memory_nodes: 0
active_processor_count: 3
cpu_quota: -1
cpu_period: 100000
cpu_shares: -1
memory_limit_in_bytes: -1
memory_and_swap_limit_in_bytes: -2
memory_soft_limit_in_bytes: -1
memory_usage_in_bytes: 741593088
memory_max_usage_in_bytes: 817807360


CPU:total 3 (initial active 3) (1 cores per cpu, 1 threads per core) family 6 model 85 stepping 4, cmov, cx8, fxsr, mmx, sse, sse2, sse3, ssse3, sse4.1, sse4.2, popcnt, avx, avx2, aes, clmul, erms, 3dnowpref, lzcnt, tsc, bmi1, bmi2, adx

/proc/cpuinfo:
processor	: 0
vendor_id	: GenuineIntel
cpu family	: 6
model		: 85
model name	: Intel(R) Xeon(R) Gold 6140 CPU @ 2.30GHz
stepping	: 4
microcode	: 0x1
cpu MHz		: 2294.608
cache size	: 4096 KB
physical id	: 0
siblings	: 1
core id		: 0
cpu cores	: 1
apicid		: 0
initial apicid	: 0
fpu		: yes
fpu_exception	: yes
cpuid level	: 13
wp		: yes
flags		: fpu vme de pse tsc msr pae mce cx8 apic sep mtrr pge mca cmov pat pse36 clflush mmx fxsr sse sse2 ss syscall nx pdpe1gb rdtscp lm constant_tsc arch_perfmon rep_good nopl cpuid tsc_known_freq pni pclmulqdq vmx ssse3 fma cx16 pcid sse4_1 sse4_2 x2apic movbe popcnt tsc_deadline_timer aes xsave avx f16c rdrand hypervisor lahf_lm abm 3dnowprefetch cpuid_fault invpcid_single pti ssbd ibrs ibpb tpr_shadow vnmi flexpriority ept vpid fsgsbase tsc_adjust bmi1 avx2 smep bmi2 erms invpcid mpx avx512f avx512dq rdseed adx smap clflushopt clwb avx512cd avx512bw avx512vl xsaveopt xsavec xgetbv1 pku ospke md_clear
bugs		: cpu_meltdown spectre_v1 spectre_v2 spec_store_bypass l1tf mds swapgs itlb_multihit
bogomips	: 4589.21
clflush size	: 64
cache_alignment	: 64
address sizes	: 40 bits physical, 48 bits virtual
power management:

processor	: 1
vendor_id	: GenuineIntel
cpu family	: 6
model		: 85
model name	: Intel(R) Xeon(R) Gold 6140 CPU @ 2.30GHz
stepping	: 4
microcode	: 0x1
cpu MHz		: 2294.608
cache size	: 4096 KB
physical id	: 1
siblings	: 1
core id		: 0
cpu cores	: 1
apicid		: 1
initial apicid	: 1
fpu		: yes
fpu_exception	: yes
cpuid level	: 13
wp		: yes
flags		: fpu vme de pse tsc msr pae mce cx8 apic sep mtrr pge mca cmov pat pse36 clflush mmx fxsr sse sse2 ss syscall nx pdpe1gb rdtscp lm constant_tsc arch_perfmon rep_good nopl cpuid tsc_known_freq pni pclmulqdq vmx ssse3 fma cx16 pcid sse4_1 sse4_2 x2apic movbe popcnt tsc_deadline_timer aes xsave avx f16c rdrand hypervisor lahf_lm abm 3dnowprefetch cpuid_fault invpcid_single pti ssbd ibrs ibpb tpr_shadow vnmi flexpriority ept vpid fsgsbase tsc_adjust bmi1 avx2 smep bmi2 erms invpcid mpx avx512f avx512dq rdseed adx smap clflushopt clwb avx512cd avx512bw avx512vl xsaveopt xsavec xgetbv1 pku ospke md_clear
bugs		: cpu_meltdown spectre_v1 spectre_v2 spec_store_bypass l1tf mds swapgs itlb_multihit
bogomips	: 4589.21
clflush size	: 64
cache_alignment	: 64
address sizes	: 40 bits physical, 48 bits virtual
power management:

processor	: 2
vendor_id	: GenuineIntel
cpu family	: 6
model		: 85
model name	: Intel(R) Xeon(R) Gold 6140 CPU @ 2.30GHz
stepping	: 4
microcode	: 0x1
cpu MHz		: 2294.608
cache size	: 4096 KB
physical id	: 2
siblings	: 1
core id		: 0
cpu cores	: 1
apicid		: 2
initial apicid	: 2
fpu		: yes
fpu_exception	: yes
cpuid level	: 13
wp		: yes
flags		: fpu vme de pse tsc msr pae mce cx8 apic sep mtrr pge mca cmov pat pse36 clflush mmx fxsr sse sse2 ss syscall nx pdpe1gb rdtscp lm constant_tsc arch_perfmon rep_good nopl cpuid tsc_known_freq pni pclmulqdq vmx ssse3 fma cx16 pcid sse4_1 sse4_2 x2apic movbe popcnt tsc_deadline_timer aes xsave avx f16c rdrand hypervisor lahf_lm abm 3dnowprefetch cpuid_fault invpcid_single pti ssbd ibrs ibpb tpr_shadow vnmi flexpriority ept vpid fsgsbase tsc_adjust bmi1 avx2 smep bmi2 erms invpcid mpx avx512f avx512dq rdseed adx smap clflushopt clwb avx512cd avx512bw avx512vl xsaveopt xsavec xgetbv1 pku ospke md_clear
bugs		: cpu_meltdown spectre_v1 spectre_v2 spec_store_bypass l1tf mds swapgs itlb_multihit
bogomips	: 4589.21
clflush size	: 64
cache_alignment	: 64
address sizes	: 40 bits physical, 48 bits virtual
power management:



Memory: 4k page, physical 1008492k(81328k free), swap 0k(0k free)

vm_info: OpenJDK 64-Bit Server VM (25.242-b08) for linux-amd64 JRE (1.8.0_242-8u242-b08-0ubuntu3~18.04-b08), built on Jan 17 2020 23:41:21 by "buildd" with gcc 7.4.0

time: Mon Apr  6 11:39:59 2020
timezone: UTC
elapsed time: 9 seconds (0d 0h 0m 9s)

