#
# A fatal error has been detected by the Java Runtime Environment:
#
#  SIGSEGV (0xb) at pc=0x00007f44fb7d812a, pid=32109, tid=0x00007f453ed11700
#
# JRE version: OpenJDK Runtime Environment (8.0_242-b08) (build 1.8.0_242-8u242-b08-0ubuntu3~18.04-b08)
# Java VM: OpenJDK 64-Bit Server VM (25.242-b08 mixed mode linux-amd64 compressed oops)
# Problematic frame:
# C  [mca_gds_ds21.so+0x212a]  pmix_gds_ds21_lock_init+0x12a
#
# Failed to write core dump. Core dumps have been disabled. To enable core dumping, try "ulimit -c unlimited" before starting Java again
#
# If you would like to submit a bug report, please visit:
#   http://bugreport.java.com/bugreport/crash.jsp
# The crash happened outside the Java Virtual Machine in native code.
# See problematic frame for where to report the bug.
#

---------------  T H R E A D  ---------------

Current thread (0x00007f453800b800):  JavaThread "main" [_thread_in_native, id=32127, stack(0x00007f453ec12000,0x00007f453ed12000)]

siginfo: si_signo: 11 (SIGSEGV), si_code: 1 (SEGV_MAPERR), si_addr: 0x00007f4526447008

Registers:
RAX=0x00007f453826d6c0, RBX=0x00007f453826d5e0, RCX=0x00007f44fbbf885e, RDX=0x00007ffd38976ce5
RSP=0x00007f453ed0f700, RBP=0x00007f453826d638, RSI=0x0000000000085000, RDI=0x0000000000000000
R8 =0x000000000000001e, R9 =0x0000000000000000, R10=0x0000000000000001, R11=0x0000000000000000
R12=0x00007f453826d238, R13=0x0000000000001000, R14=0x00007f4526447000, R15=0x00007f453826d630
RIP=0x00007f44fb7d812a, EFLAGS=0x0000000000010206, CSGSFS=0x002b000000000033, ERR=0x0000000000000004
  TRAPNO=0x000000000000000e

Top of Stack: (sp=0x00007f453ed0f700)
0x00007f453ed0f700:   00007f453826d590 00007ffd38976ce5
0x00007f453ed0f710:   0000000000085000 000003e800000002
0x00007f453ed0f720:   0000000000000000 00007f453e5902ed
0x00007f453ed0f730:   00007f453826d280 57949a59ecbdb300
0x00007f453ed0f740:   0000000000000000 00007f453826cf60
0x00007f453ed0f750:   0000000000000000 00007ffd38976ce5
0x00007f453ed0f760:   0000000000000000 00007f453826d1d0
0x00007f453ed0f770:   0000000000000000 00007f44fbbf4bcb
0x00007f453ed0f780:   00007f44fb7d8cee 00007f453ed0f810
0x00007f453ed0f790:   00007f4504dd4513 0000001500000040
0x00007f453ed0f7a0:   00007f45382688b0 57949a59ecbdb300
0x00007f453ed0f7b0:   00007f44fbbea280 00007f45382683c0
0x00007f453ed0f7c0:   00007f44fb9da2d4 00007f4504ffa0a0
0x00007f453ed0f7d0:   00007f44fb9da180 00007f4504ffdfc0
0x00007f453ed0f7e0:   00007f453826cf10 00007f44fb7d7db4
0x00007f453ed0f7f0:   00007f4504ffa060 00007f4504dbcee8
0x00007f453ed0f800:   00007f4504ffa100 00007f453ed0f834
0x00007f453ed0f810:   00007f453ed0f838 0000000000000000
0x00007f453ed0f820:   0000000000000000 00007f4504ffdfd0
0x00007f453ed0f830:   0000001e04d31db0 00007f44fb9da180
0x00007f453ed0f840:   0000000000000000 57949a59ecbdb300
0x00007f453ed0f850:   00007f4504ffa0a0 0000000000000000
0x00007f453ed0f860:   0000000000000000 00007f45381f7800
0x00007f453ed0f870:   00007f4504d31db0 00007f4504ff9520
0x00007f453ed0f880:   0000000000000000 00007f4504d77763
0x00007f453ed0f890:   000000000000000c 00007f4504ff97d8
0x00007f453ed0f8a0:   2d69706d6e65706f 0000346576616c73
0x00007f453ed0f8b0:   00007f4504cbc100 00007f4504cb7b00
0x00007f453ed0f8c0:   00007f4504cbf64e 0000000100000000
0x00007f453ed0f8d0:   00007f453ed0f9d0 00007f4500000003
0x00007f453ed0f8e0:   00007f453ed0f9c0 57949a59ecbdb300
0x00007f453ed0f8f0:   00007f45381f51e0 00007f4504ff8f60 

Instructions: (pc=0x00007f44fb7d812a)
0x00007f44fb7d810a:   f7 ff ff 48 85 c0 49 89 47 30 0f 84 16 03 00 00
0x00007f44fb7d811a:   4c 8b 70 18 49 8b 36 4c 39 ee 0f 87 ce 02 00 00
0x00007f44fb7d812a:   41 8b 46 08 41 89 47 40 49 8b 56 18 4c 01 f2 85
0x00007f44fb7d813a:   c0 49 89 57 38 0f 84 eb 02 00 00 31 c0 ba 01 00 

Register to memory mapping:

RAX=0x00007f453826d6c0 is an unknown value
RBX=0x00007f453826d5e0 is an unknown value
RCX=0x00007f44fbbf885e: pmix_common_dstor_attach_new_lock_seg+0x1e in /usr/local/lib/libmca_common_dstore.so.1 at 0x00007f44fbbeb000
RDX=0x00007ffd38976ce5 is an unknown value
RSP=0x00007f453ed0f700 is pointing into the stack for thread: 0x00007f453800b800
RBP=0x00007f453826d638 is an unknown value
RSI=0x0000000000085000 is an unknown value
RDI=0x0000000000000000 is an unknown value
R8 =0x000000000000001e is an unknown value
R9 =0x0000000000000000 is an unknown value
R10=0x0000000000000001 is an unknown value
R11=0x0000000000000000 is an unknown value
R12=0x00007f453826d238 is an unknown value
R13=0x0000000000001000 is an unknown value
R14=0x00007f4526447000 is an unknown value
R15=0x00007f453826d630 is an unknown value


Stack: [0x00007f453ec12000,0x00007f453ed12000],  sp=0x00007f453ed0f700,  free space=1013k
Native frames: (J=compiled Java code, j=interpreted, Vv=VM code, C=native code)
C  [mca_gds_ds21.so+0x212a]  pmix_gds_ds21_lock_init+0x12a

Java frames: (J=compiled Java code, j=interpreted, Vv=VM code)
j  mpi.MPI.Init_jni([Ljava/lang/String;)[Ljava/lang/String;+0
j  mpi.MPI.Init([Ljava/lang/String;)[Ljava/lang/String;+17
j  Client.main([Ljava/lang/String;)V+1
v  ~StubRoutines::call_stub

---------------  P R O C E S S  ---------------

Java Threads: ( => current thread )
  0x00007f45380c9800 JavaThread "Service Thread" daemon [_thread_blocked, id=32303, stack(0x00007f4526be4000,0x00007f4526ce5000)]
  0x00007f45380b4800 JavaThread "C1 CompilerThread1" daemon [_thread_blocked, id=32296, stack(0x00007f4526ce6000,0x00007f4526de6000)]
  0x00007f45380b2000 JavaThread "C2 CompilerThread0" daemon [_thread_blocked, id=32274, stack(0x00007f4526de7000,0x00007f4526ee7000)]
  0x00007f45380b0800 JavaThread "Signal Dispatcher" daemon [_thread_blocked, id=32263, stack(0x00007f4526ee7000,0x00007f4526fe8000)]
  0x00007f453807e000 JavaThread "Finalizer" daemon [_thread_blocked, id=32152, stack(0x00007f45272f6000,0x00007f45273f7000)]
  0x00007f4538079800 JavaThread "Reference Handler" daemon [_thread_blocked, id=32151, stack(0x00007f45273f7000,0x00007f45274f8000)]
=>0x00007f453800b800 JavaThread "main" [_thread_in_native, id=32127, stack(0x00007f453ec12000,0x00007f453ed12000)]

Other Threads:
  0x00007f453806f800 VMThread [stack: 0x00007f45274f9000,0x00007f45275f9000] [id=32148]
  0x00007f45380cc800 WatcherThread [stack: 0x00007f4526ae4000,0x00007f4526be4000] [id=32311]

VM state:not at safepoint (normal execution)

VM Mutex/Monitor currently owned by a thread: None

heap address: 0x00000000f0800000, size: 248 MB, Compressed Oops mode: 32-bit
Narrow klass base: 0x0000000000000000, Narrow klass shift: 3
Compressed class space size: 1073741824 Address: 0x0000000100000000

Heap:
 def new generation   total 4928K, used 1441K [0x00000000f0800000, 0x00000000f0d50000, 0x00000000f5aa0000)
  eden space 4416K,  32% used [0x00000000f0800000, 0x00000000f0968610, 0x00000000f0c50000)
  from space 512K,   0% used [0x00000000f0c50000, 0x00000000f0c50000, 0x00000000f0cd0000)
  to   space 512K,   0% used [0x00000000f0cd0000, 0x00000000f0cd0000, 0x00000000f0d50000)
 tenured generation   total 10944K, used 0K [0x00000000f5aa0000, 0x00000000f6550000, 0x0000000100000000)
   the space 10944K,   0% used [0x00000000f5aa0000, 0x00000000f5aa0000, 0x00000000f5aa0200, 0x00000000f6550000)
 Metaspace       used 3129K, capacity 4792K, committed 5120K, reserved 1056768K
  class space    used 313K, capacity 424K, committed 512K, reserved 1048576K

Card table byte_map: [0x00007f453eb94000,0x00007f453ec11000] byte_map_base: 0x00007f453e410000

Polling page: 0x00007f453ed1d000

CodeCache: size=245760Kb used=1278Kb max_used=1278Kb free=244481Kb
 bounds [0x00007f4528389000, 0x00007f45285f9000, 0x00007f4537389000]
 total_blobs=385 nmethods=80 adapters=220
 compilation: enabled

Compilation events (10 events):
Event: 1.285 Thread 0x00007f45380b4800   74       1       java.net.URL::getQuery (5 bytes)
Event: 1.285 Thread 0x00007f45380b4800 nmethod 74 0x00007f45284bf390 code [0x00007f45284bf4e0, 0x00007f45284bf5f0]
Event: 1.285 Thread 0x00007f45380b4800   72  s    1       java.util.Vector::size (5 bytes)
Event: 1.285 Thread 0x00007f45380b4800 nmethod 72 0x00007f45284bf650 code [0x00007f45284bf7a0, 0x00007f45284bfa10]
Event: 1.477 Thread 0x00007f45380b4800   77       3       java.util.concurrent.ConcurrentHashMap::setTabAt (19 bytes)
Event: 1.477 Thread 0x00007f45380b4800 nmethod 77 0x00007f45284c7c90 code [0x00007f45284c7de0, 0x00007f45284c7f50]
Event: 1.478 Thread 0x00007f45380b4800   79       3       java.lang.StringBuilder::<init> (7 bytes)
Event: 1.478 Thread 0x00007f45380b4800 nmethod 79 0x00007f45284c8350 code [0x00007f45284c84c0, 0x00007f45284c8770]
Event: 1.478 Thread 0x00007f45380b4800   80       3       java.lang.StringBuilder::toString (17 bytes)
Event: 1.478 Thread 0x00007f45380b4800 nmethod 80 0x00007f45284c8890 code [0x00007f45284c8a00, 0x00007f45284c8be8]

GC Heap History (0 events):
No events

Deoptimization events (0 events):
No events

Classes redefined (0 events):
No events

Internal exceptions (5 events):
Event: 0.093 Thread 0x00007f453800b800 Exception <a 'java/lang/NoSuchMethodError': Method sun.misc.Unsafe.defineClass(Ljava/lang/String;[BII)Ljava/lang/Class; name or signature does not match> (0x00000000f0807cc8) thrown at [/build/openjdk-8-58sEEn/openjdk-8-8u242-b08/src/hotspot/src/share/vm/
Event: 0.093 Thread 0x00007f453800b800 Exception <a 'java/lang/NoSuchMethodError': Method sun.misc.Unsafe.prefetchRead(Ljava/lang/Object;J)V name or signature does not match> (0x00000000f0807fb0) thrown at [/build/openjdk-8-58sEEn/openjdk-8-8u242-b08/src/hotspot/src/share/vm/prims/jni.cpp, lin
Event: 0.499 Thread 0x00007f453800b800 Exception <a 'java/util/zip/ZipException'> (0x00000000f085dec8) thrown at [/build/openjdk-8-58sEEn/openjdk-8-8u242-b08/src/hotspot/src/share/vm/prims/jni.cpp, line 710]
Event: 0.499 Thread 0x00007f453800b800 Exception <a 'java/security/PrivilegedActionException'> (0x00000000f085e168) thrown at [/build/openjdk-8-58sEEn/openjdk-8-8u242-b08/src/hotspot/src/share/vm/prims/jvm.cpp, line 1502]
Event: 0.499 Thread 0x00007f453800b800 Exception <a 'java/security/PrivilegedActionException'> (0x00000000f085e378) thrown at [/build/openjdk-8-58sEEn/openjdk-8-8u242-b08/src/hotspot/src/share/vm/prims/jvm.cpp, line 1502]

Events (10 events):
Event: 1.283 loading class mpi/Constant
Event: 1.283 loading class mpi/Constant done
Event: 1.284 loading class mpi/Errhandler
Event: 1.284 loading class mpi/Errhandler done
Event: 1.284 loading class mpi/Intracomm
Event: 1.284 loading class mpi/Intracomm done
Event: 1.395 loading class mpi/Comm
Event: 1.395 loading class mpi/Comm done
Event: 1.478 loading class mpi/Version
Event: 1.478 loading class mpi/Version done


Dynamic libraries:
f0800000-f0d50000 rw-p 00000000 00:00 0 
f0d50000-f5aa0000 ---p 00000000 00:00 0 
f5aa0000-f6550000 rw-p 00000000 00:00 0 
f6550000-100000000 ---p 00000000 00:00 0 
100000000-100080000 rw-p 00000000 00:00 0 
100080000-140000000 ---p 00000000 00:00 0 
55cb278e2000-55cb278e3000 r-xp 00000000 fc:01 2076260                    /usr/lib/jvm/java-8-openjdk-amd64/jre/bin/java
55cb27ae2000-55cb27ae3000 r--p 00000000 fc:01 2076260                    /usr/lib/jvm/java-8-openjdk-amd64/jre/bin/java
55cb27ae3000-55cb27ae4000 rw-p 00001000 fc:01 2076260                    /usr/lib/jvm/java-8-openjdk-amd64/jre/bin/java
55cb28f9b000-55cb28fbc000 rw-p 00000000 00:00 0                          [heap]
7f44fb5d3000-7f44fb5d5000 r-xp 00000000 fc:01 528289                     /usr/local/lib/pmix/mca_pshmem_mmap.so
7f44fb5d5000-7f44fb7d4000 ---p 00002000 fc:01 528289                     /usr/local/lib/pmix/mca_pshmem_mmap.so
7f44fb7d4000-7f44fb7d5000 r--p 00001000 fc:01 528289                     /usr/local/lib/pmix/mca_pshmem_mmap.so
7f44fb7d5000-7f44fb7d6000 rw-p 00002000 fc:01 528289                     /usr/local/lib/pmix/mca_pshmem_mmap.so
7f44fb7d6000-7f44fb7da000 r-xp 00000000 fc:01 528265                     /usr/local/lib/pmix/mca_gds_ds21.so
7f44fb7da000-7f44fb9d9000 ---p 00004000 fc:01 528265                     /usr/local/lib/pmix/mca_gds_ds21.so
7f44fb9d9000-7f44fb9da000 r--p 00003000 fc:01 528265                     /usr/local/lib/pmix/mca_gds_ds21.so
7f44fb9da000-7f44fb9db000 rw-p 00004000 fc:01 528265                     /usr/local/lib/pmix/mca_gds_ds21.so
7f44fb9db000-7f44fb9ea000 r-xp 00000000 fc:01 528267                     /usr/local/lib/pmix/mca_gds_hash.so
7f44fb9ea000-7f44fbbe9000 ---p 0000f000 fc:01 528267                     /usr/local/lib/pmix/mca_gds_hash.so
7f44fbbe9000-7f44fbbea000 r--p 0000e000 fc:01 528267                     /usr/local/lib/pmix/mca_gds_hash.so
7f44fbbea000-7f44fbbeb000 rw-p 0000f000 fc:01 528267                     /usr/local/lib/pmix/mca_gds_hash.so
7f44fbbeb000-7f44fbbfa000 r-xp 00000000 fc:01 7027                       /usr/local/lib/libmca_common_dstore.so.1.0.0
7f44fbbfa000-7f44fbdf9000 ---p 0000f000 fc:01 7027                       /usr/local/lib/libmca_common_dstore.so.1.0.0
7f44fbdf9000-7f44fbdfa000 r--p 0000e000 fc:01 7027                       /usr/local/lib/libmca_common_dstore.so.1.0.0
7f44fbdfa000-7f44fbdfb000 rw-p 0000f000 fc:01 7027                       /usr/local/lib/libmca_common_dstore.so.1.0.0
7f44fbdfb000-7f44fbdff000 r-xp 00000000 fc:01 528263                     /usr/local/lib/pmix/mca_gds_ds12.so
7f44fbdff000-7f44fbffe000 ---p 00004000 fc:01 528263                     /usr/local/lib/pmix/mca_gds_ds12.so
7f44fbffe000-7f44fbfff000 r--p 00003000 fc:01 528263                     /usr/local/lib/pmix/mca_gds_ds12.so
7f44fbfff000-7f44fc000000 rw-p 00004000 fc:01 528263                     /usr/local/lib/pmix/mca_gds_ds12.so
7f44fc000000-7f44fc021000 rw-p 00000000 00:00 0 
7f44fc021000-7f4500000000 ---p 00000000 00:00 0 
7f4500000000-7f4500021000 rw-p 00000000 00:00 0 
7f4500021000-7f4504000000 ---p 00000000 00:00 0 
7f4504065000-7f4504067000 r-xp 00000000 fc:01 528281                     /usr/local/lib/pmix/mca_psec_native.so
7f4504067000-7f4504266000 ---p 00002000 fc:01 528281                     /usr/local/lib/pmix/mca_psec_native.so
7f4504266000-7f4504267000 r--p 00001000 fc:01 528281                     /usr/local/lib/pmix/mca_psec_native.so
7f4504267000-7f4504268000 rw-p 00002000 fc:01 528281                     /usr/local/lib/pmix/mca_psec_native.so
7f4504268000-7f4504270000 r-xp 00000000 fc:01 528293                     /usr/local/lib/pmix/mca_ptl_usock.so
7f4504270000-7f450446f000 ---p 00008000 fc:01 528293                     /usr/local/lib/pmix/mca_ptl_usock.so
7f450446f000-7f4504470000 r--p 00007000 fc:01 528293                     /usr/local/lib/pmix/mca_ptl_usock.so
7f4504470000-7f4504471000 rw-p 00008000 fc:01 528293                     /usr/local/lib/pmix/mca_ptl_usock.so
7f4504471000-7f4504482000 r-xp 00000000 fc:01 528291                     /usr/local/lib/pmix/mca_ptl_tcp.so
7f4504482000-7f4504681000 ---p 00011000 fc:01 528291                     /usr/local/lib/pmix/mca_ptl_tcp.so
7f4504681000-7f4504682000 r--p 00010000 fc:01 528291                     /usr/local/lib/pmix/mca_ptl_tcp.so
7f4504682000-7f4504683000 rw-p 00011000 fc:01 528291                     /usr/local/lib/pmix/mca_ptl_tcp.so
7f4504683000-7f4504694000 r-xp 00000000 fc:01 528255                     /usr/local/lib/pmix/mca_bfrops_v12.so
7f4504694000-7f4504894000 ---p 00011000 fc:01 528255                     /usr/local/lib/pmix/mca_bfrops_v12.so
7f4504894000-7f4504895000 r--p 00011000 fc:01 528255                     /usr/local/lib/pmix/mca_bfrops_v12.so
7f4504895000-7f4504896000 rw-p 00012000 fc:01 528255                     /usr/local/lib/pmix/mca_bfrops_v12.so
7f4504896000-7f45048ad000 r-xp 00000000 fc:01 528257                     /usr/local/lib/pmix/mca_bfrops_v20.so
7f45048ad000-7f4504aac000 ---p 00017000 fc:01 528257                     /usr/local/lib/pmix/mca_bfrops_v20.so
7f4504aac000-7f4504aad000 r--p 00016000 fc:01 528257                     /usr/local/lib/pmix/mca_bfrops_v20.so
7f4504aad000-7f4504aae000 rw-p 00017000 fc:01 528257                     /usr/local/lib/pmix/mca_bfrops_v20.so
7f4504aae000-7f4504ab6000 r-xp 00000000 fc:01 528261                     /usr/local/lib/pmix/mca_bfrops_v3.so
7f4504ab6000-7f4504cb5000 ---p 00008000 fc:01 528261                     /usr/local/lib/pmix/mca_bfrops_v3.so
7f4504cb5000-7f4504cb6000 r--p 00007000 fc:01 528261                     /usr/local/lib/pmix/mca_bfrops_v3.so
7f4504cb6000-7f4504cb7000 rw-p 00008000 fc:01 528261                     /usr/local/lib/pmix/mca_bfrops_v3.so
7f4504cb7000-7f4504df6000 r-xp 00000000 fc:01 528295                     /usr/local/lib/openmpi/mca_pmix_pmix3x.so
7f4504df6000-7f4504ff6000 ---p 0013f000 fc:01 528295                     /usr/local/lib/openmpi/mca_pmix_pmix3x.so
7f4504ff6000-7f4504ff7000 r--p 0013f000 fc:01 528295                     /usr/local/lib/openmpi/mca_pmix_pmix3x.so
7f4504ff7000-7f4504ffc000 rw-p 00140000 fc:01 528295                     /usr/local/lib/openmpi/mca_pmix_pmix3x.so
7f4504ffc000-7f4508000000 rw-p 00000000 00:00 0 
7f4508000000-7f4508185000 rw-p 00000000 00:00 0 
7f4508185000-7f450c000000 ---p 00000000 00:00 0 
7f450c000000-7f450c021000 rw-p 00000000 00:00 0 
7f450c021000-7f4510000000 ---p 00000000 00:00 0 
7f4510000000-7f4510021000 rw-p 00000000 00:00 0 
7f4510021000-7f4514000000 ---p 00000000 00:00 0 
7f4514000000-7f4514066000 rw-p 00000000 00:00 0 
7f4514066000-7f4518000000 ---p 00000000 00:00 0 
7f4518000000-7f4518021000 rw-p 00000000 00:00 0 
7f4518021000-7f451c000000 ---p 00000000 00:00 0 
7f451c000000-7f451c021000 rw-p 00000000 00:00 0 
7f451c021000-7f4520000000 ---p 00000000 00:00 0 
7f4520000000-7f4520021000 rw-p 00000000 00:00 0 
7f4520021000-7f4524000000 ---p 00000000 00:00 0 
7f452408b000-7f4524110000 rw-s 00000000 fc:01 528966                     /tmp/ompi.openmpi-slave4.1000/jf.8274/pmix_dstor_ds21_30887/smlockseg-542244865
7f4524110000-7f4524117000 r-xp 00000000 fc:01 528259                     /usr/local/lib/pmix/mca_bfrops_v21.so
7f4524117000-7f4524317000 ---p 00007000 fc:01 528259                     /usr/local/lib/pmix/mca_bfrops_v21.so
7f4524317000-7f4524318000 r--p 00007000 fc:01 528259                     /usr/local/lib/pmix/mca_bfrops_v21.so
7f4524318000-7f4524319000 rw-p 00008000 fc:01 528259                     /usr/local/lib/pmix/mca_bfrops_v21.so
7f4524319000-7f452431a000 ---p 00000000 00:00 0 
7f452431a000-7f4524b1a000 rw-p 00000000 00:00 0 
7f4524b1a000-7f4524b1e000 r-xp 00000000 fc:01 528333                     /usr/local/lib/openmpi/mca_ess_pmi.so
7f4524b1e000-7f4524d1d000 ---p 00004000 fc:01 528333                     /usr/local/lib/openmpi/mca_ess_pmi.so
7f4524d1d000-7f4524d1e000 r--p 00003000 fc:01 528333                     /usr/local/lib/openmpi/mca_ess_pmi.so
7f4524d1e000-7f4524d1f000 rw-p 00004000 fc:01 528333                     /usr/local/lib/openmpi/mca_ess_pmi.so
7f4524d1f000-7f4524d20000 r-xp 00000000 fc:01 528401                     /usr/local/lib/openmpi/mca_schizo_orte.so
7f4524d20000-7f4524f1f000 ---p 00001000 fc:01 528401                     /usr/local/lib/openmpi/mca_schizo_orte.so
7f4524f1f000-7f4524f20000 r--p 00000000 fc:01 528401                     /usr/local/lib/openmpi/mca_schizo_orte.so
7f4524f20000-7f4524f21000 rw-p 00001000 fc:01 528401                     /usr/local/lib/openmpi/mca_schizo_orte.so
7f4524f21000-7f4524f23000 r-xp 00000000 fc:01 528403                     /usr/local/lib/openmpi/mca_schizo_slurm.so
7f4524f23000-7f4525122000 ---p 00002000 fc:01 528403                     /usr/local/lib/openmpi/mca_schizo_slurm.so
7f4525122000-7f4525123000 r--p 00001000 fc:01 528403                     /usr/local/lib/openmpi/mca_schizo_slurm.so
7f4525123000-7f4525124000 rw-p 00002000 fc:01 528403                     /usr/local/lib/openmpi/mca_schizo_slurm.so
7f4525124000-7f452512c000 r-xp 00000000 fc:01 528399                     /usr/local/lib/openmpi/mca_schizo_ompi.so
7f452512c000-7f452532b000 ---p 00008000 fc:01 528399                     /usr/local/lib/openmpi/mca_schizo_ompi.so
7f452532b000-7f452532c000 r--p 00007000 fc:01 528399                     /usr/local/lib/openmpi/mca_schizo_ompi.so
7f452532c000-7f452532e000 rw-p 00008000 fc:01 528399                     /usr/local/lib/openmpi/mca_schizo_ompi.so
7f452532e000-7f452532f000 r-xp 00000000 fc:01 528397                     /usr/local/lib/openmpi/mca_schizo_flux.so
7f452532f000-7f452552f000 ---p 00001000 fc:01 528397                     /usr/local/lib/openmpi/mca_schizo_flux.so
7f452552f000-7f4525530000 r--p 00001000 fc:01 528397                     /usr/local/lib/openmpi/mca_schizo_flux.so
7f4525530000-7f4525531000 rw-p 00002000 fc:01 528397                     /usr/local/lib/openmpi/mca_schizo_flux.so
7f4525531000-7f4525533000 r-xp 00000000 fc:01 528301                     /usr/local/lib/openmpi/mca_reachable_weighted.so
7f4525533000-7f4525732000 ---p 00002000 fc:01 528301                     /usr/local/lib/openmpi/mca_reachable_weighted.so
7f4525732000-7f4525733000 r--p 00001000 fc:01 528301                     /usr/local/lib/openmpi/mca_reachable_weighted.so
7f4525733000-7f4525734000 rw-p 00002000 fc:01 528301                     /usr/local/lib/openmpi/mca_reachable_weighted.so
7f4525734000-7f4525737000 r-xp 00000000 fc:01 528303                     /usr/local/lib/openmpi/mca_shmem_mmap.so
7f4525737000-7f4525936000 ---p 00003000 fc:01 528303                     /usr/local/lib/openmpi/mca_shmem_mmap.so
7f4525936000-7f4525937000 r--p 00002000 fc:01 528303                     /usr/local/lib/openmpi/mca_shmem_mmap.so
7f4525937000-7f4525938000 rw-p 00003000 fc:01 528303                     /usr/local/lib/openmpi/mca_shmem_mmap.so
7f4525938000-7f452593a000 r-xp 00000000 fc:01 2182                       /lib/x86_64-linux-gnu/libutil-2.27.so
7f452593a000-7f4525b39000 ---p 00002000 fc:01 2182                       /lib/x86_64-linux-gnu/libutil-2.27.so
7f4525b39000-7f4525b3a000 r--p 00001000 fc:01 2182                       /lib/x86_64-linux-gnu/libutil-2.27.so
7f4525b3a000-7f4525b3b000 rw-p 00002000 fc:01 2182                       /lib/x86_64-linux-gnu/libutil-2.27.so
7f4525b3b000-7f4525bee000 r-xp 00000000 fc:01 7145                       /usr/local/lib/libopen-rte.so.40.20.1
7f4525bee000-7f4525ded000 ---p 000b3000 fc:01 7145                       /usr/local/lib/libopen-rte.so.40.20.1
7f4525ded000-7f4525def000 r--p 000b2000 fc:01 7145                       /usr/local/lib/libopen-rte.so.40.20.1
7f4525def000-7f4525df3000 rw-p 000b4000 fc:01 7145                       /usr/local/lib/libopen-rte.so.40.20.1
7f4525df3000-7f4525df6000 rw-p 00000000 00:00 0 
7f4525df6000-7f4525efd000 r-xp 00000000 fc:01 4301                       /usr/local/lib/libopen-pal.so.40.20.1
7f4525efd000-7f45260fd000 ---p 00107000 fc:01 4301                       /usr/local/lib/libopen-pal.so.40.20.1
7f45260fd000-7f4526100000 r--p 00107000 fc:01 4301                       /usr/local/lib/libopen-pal.so.40.20.1
7f4526100000-7f4526106000 rw-p 0010a000 fc:01 4301                       /usr/local/lib/libopen-pal.so.40.20.1
7f4526106000-7f452610d000 rw-p 00000000 00:00 0 
7f452610d000-7f452621a000 r-xp 00000000 fc:01 7360                       /usr/local/lib/libmpi.so.40.20.1
7f452621a000-7f4526419000 ---p 0010d000 fc:01 7360                       /usr/local/lib/libmpi.so.40.20.1
7f4526419000-7f452641b000 r--p 0010c000 fc:01 7360                       /usr/local/lib/libmpi.so.40.20.1
7f452641b000-7f452642c000 rw-p 0010e000 fc:01 7360                       /usr/local/lib/libmpi.so.40.20.1
7f452642c000-7f452643e000 rw-p 00000000 00:00 0 
7f4526448000-7f4526470000 r-xp 00000000 fc:01 29879                      /usr/local/lib/libmpi_java.so.40.20.0
7f4526470000-7f452666f000 ---p 00028000 fc:01 29879                      /usr/local/lib/libmpi_java.so.40.20.0
7f452666f000-7f4526670000 r--p 00027000 fc:01 29879                      /usr/local/lib/libmpi_java.so.40.20.0
7f4526670000-7f4526671000 rw-p 00028000 fc:01 29879                      /usr/local/lib/libmpi_java.so.40.20.0
7f4526671000-7f452668e000 r--s 00142000 00:34 527719                     /home/mpiuser/cloud/fyp/java_client/lib/spring-web-5.2.5.RELEASE.jar
7f452668e000-7f45266a3000 r--s 00142000 00:34 527710                     /home/mpiuser/cloud/fyp/java_client/lib/jackson-databind-2.10.2.jar
7f45266a3000-7f45266b8000 r--s 00142000 00:34 527711                     /home/mpiuser/cloud/fyp/java_client/lib/jackson-databind-2.10.3.jar
7f45266b8000-7f45266cf000 r-xp 00000000 fc:01 2076298                    /usr/lib/jvm/java-8-openjdk-amd64/jre/lib/amd64/libnet.so
7f45266cf000-7f45268ce000 ---p 00017000 fc:01 2076298                    /usr/lib/jvm/java-8-openjdk-amd64/jre/lib/amd64/libnet.so
7f45268ce000-7f45268cf000 r--p 00016000 fc:01 2076298                    /usr/lib/jvm/java-8-openjdk-amd64/jre/lib/amd64/libnet.so
7f45268cf000-7f45268d0000 rw-p 00017000 fc:01 2076298                    /usr/lib/jvm/java-8-openjdk-amd64/jre/lib/amd64/libnet.so
7f45268d0000-7f45268e1000 r-xp 00000000 fc:01 2076299                    /usr/lib/jvm/java-8-openjdk-amd64/jre/lib/amd64/libnio.so
7f45268e1000-7f4526ae1000 ---p 00011000 fc:01 2076299                    /usr/lib/jvm/java-8-openjdk-amd64/jre/lib/amd64/libnio.so
7f4526ae1000-7f4526ae2000 r--p 00011000 fc:01 2076299                    /usr/lib/jvm/java-8-openjdk-amd64/jre/lib/amd64/libnio.so
7f4526ae2000-7f4526ae3000 rw-p 00012000 fc:01 2076299                    /usr/lib/jvm/java-8-openjdk-amd64/jre/lib/amd64/libnio.so
7f4526ae3000-7f4526ae4000 ---p 00000000 00:00 0 
7f4526ae4000-7f4526be4000 rw-p 00000000 00:00 0 
7f4526be4000-7f4526be7000 ---p 00000000 00:00 0 
7f4526be7000-7f4526ce5000 rw-p 00000000 00:00 0 
7f4526ce5000-7f4526ce6000 ---p 00000000 00:00 0 
7f4526ce6000-7f4526ce9000 ---p 00000000 00:00 0 
7f4526ce9000-7f4526de6000 rw-p 00000000 00:00 0 
7f4526de6000-7f4526de7000 ---p 00000000 00:00 0 
7f4526de7000-7f4526dea000 ---p 00000000 00:00 0 
7f4526dea000-7f4526ee7000 rw-p 00000000 00:00 0 
7f4526ee7000-7f4526eea000 ---p 00000000 00:00 0 
7f4526eea000-7f4526fe8000 rw-p 00000000 00:00 0 
7f4526fe8000-7f452715b000 r--p 00000000 fc:01 7801                       /usr/lib/locale/C.UTF-8/LC_COLLATE
7f452715b000-7f45272f6000 r--p 00000000 fc:01 7796                       /usr/lib/locale/locale-archive
7f45272f6000-7f45272f9000 ---p 00000000 00:00 0 
7f45272f9000-7f45273f7000 rw-p 00000000 00:00 0 
7f45273f7000-7f45273fa000 ---p 00000000 00:00 0 
7f45273fa000-7f45274f8000 rw-p 00000000 00:00 0 
7f45274f8000-7f45274f9000 ---p 00000000 00:00 0 
7f45274f9000-7f45275f9000 rw-p 00000000 00:00 0 
7f45275f9000-7f45277c9000 r--s 03c68000 fc:01 2076349                    /usr/lib/jvm/java-8-openjdk-amd64/jre/lib/rt.jar
7f45277c9000-7f4527c49000 rw-p 00000000 00:00 0 
7f4527c49000-7f4527fc9000 ---p 00000000 00:00 0 
7f4527fc9000-7f4527fd3000 rw-p 00000000 00:00 0 
7f4527fd3000-7f4528389000 ---p 00000000 00:00 0 
7f4528389000-7f45285f9000 rwxp 00000000 00:00 0 
7f45285f9000-7f4537389000 ---p 00000000 00:00 0 
7f4537389000-7f4537391000 r-xp 00000000 fc:01 2076306                    /usr/lib/jvm/java-8-openjdk-amd64/jre/lib/amd64/libzip.so
7f4537391000-7f4537590000 ---p 00008000 fc:01 2076306                    /usr/lib/jvm/java-8-openjdk-amd64/jre/lib/amd64/libzip.so
7f4537590000-7f4537591000 r--p 00007000 fc:01 2076306                    /usr/lib/jvm/java-8-openjdk-amd64/jre/lib/amd64/libzip.so
7f4537591000-7f4537592000 rw-p 00008000 fc:01 2076306                    /usr/lib/jvm/java-8-openjdk-amd64/jre/lib/amd64/libzip.so
7f4537592000-7f453759d000 r-xp 00000000 fc:01 2093                       /lib/x86_64-linux-gnu/libnss_files-2.27.so
7f453759d000-7f453779c000 ---p 0000b000 fc:01 2093                       /lib/x86_64-linux-gnu/libnss_files-2.27.so
7f453779c000-7f453779d000 r--p 0000a000 fc:01 2093                       /lib/x86_64-linux-gnu/libnss_files-2.27.so
7f453779d000-7f453779e000 rw-p 0000b000 fc:01 2093                       /lib/x86_64-linux-gnu/libnss_files-2.27.so
7f453779e000-7f45377a4000 rw-p 00000000 00:00 0 
7f45377a4000-7f45377bb000 r-xp 00000000 fc:01 2090                       /lib/x86_64-linux-gnu/libnsl-2.27.so
7f45377bb000-7f45379ba000 ---p 00017000 fc:01 2090                       /lib/x86_64-linux-gnu/libnsl-2.27.so
7f45379ba000-7f45379bb000 r--p 00016000 fc:01 2090                       /lib/x86_64-linux-gnu/libnsl-2.27.so
7f45379bb000-7f45379bc000 rw-p 00017000 fc:01 2090                       /lib/x86_64-linux-gnu/libnsl-2.27.so
7f45379bc000-7f45379be000 rw-p 00000000 00:00 0 
7f45379be000-7f45379c9000 r-xp 00000000 fc:01 2095                       /lib/x86_64-linux-gnu/libnss_nis-2.27.so
7f45379c9000-7f4537bc8000 ---p 0000b000 fc:01 2095                       /lib/x86_64-linux-gnu/libnss_nis-2.27.so
7f4537bc8000-7f4537bc9000 r--p 0000a000 fc:01 2095                       /lib/x86_64-linux-gnu/libnss_nis-2.27.so
7f4537bc9000-7f4537bca000 rw-p 0000b000 fc:01 2095                       /lib/x86_64-linux-gnu/libnss_nis-2.27.so
7f4537bca000-7f4537bd2000 r-xp 00000000 fc:01 2091                       /lib/x86_64-linux-gnu/libnss_compat-2.27.so
7f4537bd2000-7f4537dd2000 ---p 00008000 fc:01 2091                       /lib/x86_64-linux-gnu/libnss_compat-2.27.so
7f4537dd2000-7f4537dd3000 r--p 00008000 fc:01 2091                       /lib/x86_64-linux-gnu/libnss_compat-2.27.so
7f4537dd3000-7f4537dd4000 rw-p 00009000 fc:01 2091                       /lib/x86_64-linux-gnu/libnss_compat-2.27.so
7f4537dd4000-7f4537dfe000 r-xp 00000000 fc:01 2076287                    /usr/lib/jvm/java-8-openjdk-amd64/jre/lib/amd64/libjava.so
7f4537dfe000-7f4537ffd000 ---p 0002a000 fc:01 2076287                    /usr/lib/jvm/java-8-openjdk-amd64/jre/lib/amd64/libjava.so
7f4537ffd000-7f4537ffe000 r--p 00029000 fc:01 2076287                    /usr/lib/jvm/java-8-openjdk-amd64/jre/lib/amd64/libjava.so
7f4537ffe000-7f4538000000 rw-p 0002a000 fc:01 2076287                    /usr/lib/jvm/java-8-openjdk-amd64/jre/lib/amd64/libjava.so
7f4538000000-7f453826f000 rw-p 00000000 00:00 0 
7f453826f000-7f453c000000 ---p 00000000 00:00 0 
7f453c000000-7f453c001000 r--s 00000000 fc:01 528967                     /tmp/ompi.openmpi-slave4.1000/jf.8274/pmix_dstor_ds12_30887/initial-pmix_shared-segment-0
7f453c001000-7f453c002000 rw-s 00000000 fc:01 528968                     /tmp/ompi.openmpi-slave4.1000/jf.8274/pmix_dstor_ds12_30887/dstore_sm.lock
7f453c002000-7f453c003000 r--s 0000f000 00:34 527712                     /home/mpiuser/cloud/fyp/java_client/lib/mpi.jar
7f453c003000-7f453c006000 r--s 0000e000 00:34 527707                     /home/mpiuser/cloud/fyp/java_client/lib/jackson-annotations-2.10.3.jar
7f453c006000-7f453c013000 r--s 00090000 00:34 527704                     /home/mpiuser/cloud/fyp/java_client/lib/amqp-client-5.8.0.jar
7f453c013000-7f453c014000 r--s 00003000 00:34 527715                     /home/mpiuser/cloud/fyp/java_client/lib/slf4j-simple-1.7.30.jar
7f453c014000-7f453c015000 r--s 00005000 00:34 527718                     /home/mpiuser/cloud/fyp/java_client/lib/spring-jcl-5.2.5.RELEASE.jar
7f453c015000-7f453c030000 r--s 001d6000 fc:01 2076325                    /usr/lib/jvm/java-8-openjdk-amd64/jre/lib/ext/nashorn.jar
7f453c030000-7f453c034000 r--s 0003a000 fc:01 2076328                    /usr/lib/jvm/java-8-openjdk-amd64/jre/lib/ext/sunpkcs11.jar
7f453c034000-7f453c039000 r--s 0003d000 fc:01 2076327                    /usr/lib/jvm/java-8-openjdk-amd64/jre/lib/ext/sunjce_provider.jar
7f453c039000-7f453c03a000 r--s 00010000 fc:01 2076329                    /usr/lib/jvm/java-8-openjdk-amd64/jre/lib/ext/zipfs.jar
7f453c03a000-7f453c03b000 r--s 0000a000 fc:01 2076323                    /usr/lib/jvm/java-8-openjdk-amd64/jre/lib/ext/jaccess.jar
7f453c03b000-7f453c03d000 r--s 00007000 fc:01 29713                      /usr/share/java/java-atk-wrapper.jar
7f453c03d000-7f453c058000 r--s 00394000 fc:01 2076320                    /usr/lib/jvm/java-8-openjdk-amd64/jre/lib/ext/cldrdata.jar
7f453c058000-7f453c089000 r--p 00000000 fc:01 7802                       /usr/lib/locale/C.UTF-8/LC_CTYPE
7f453c089000-7f453c1d0000 rw-p 00000000 00:00 0 
7f453c1d0000-7f453c1e0000 r-xp 00000000 fc:01 2076305                    /usr/lib/jvm/java-8-openjdk-amd64/jre/lib/amd64/libverify.so
7f453c1e0000-7f453c3df000 ---p 00010000 fc:01 2076305                    /usr/lib/jvm/java-8-openjdk-amd64/jre/lib/amd64/libverify.so
7f453c3df000-7f453c3e1000 r--p 0000f000 fc:01 2076305                    /usr/lib/jvm/java-8-openjdk-amd64/jre/lib/amd64/libverify.so
7f453c3e1000-7f453c3e2000 rw-p 00011000 fc:01 2076305                    /usr/lib/jvm/java-8-openjdk-amd64/jre/lib/amd64/libverify.so
7f453c3e2000-7f453c3e9000 r-xp 00000000 fc:01 2180                       /lib/x86_64-linux-gnu/librt-2.27.so
7f453c3e9000-7f453c5e8000 ---p 00007000 fc:01 2180                       /lib/x86_64-linux-gnu/librt-2.27.so
7f453c5e8000-7f453c5e9000 r--p 00006000 fc:01 2180                       /lib/x86_64-linux-gnu/librt-2.27.so
7f453c5e9000-7f453c5ea000 rw-p 00007000 fc:01 2180                       /lib/x86_64-linux-gnu/librt-2.27.so
7f453c5ea000-7f453c601000 r-xp 00000000 fc:01 29118                      /lib/x86_64-linux-gnu/libgcc_s.so.1
7f453c601000-7f453c800000 ---p 00017000 fc:01 29118                      /lib/x86_64-linux-gnu/libgcc_s.so.1
7f453c800000-7f453c801000 r--p 00016000 fc:01 29118                      /lib/x86_64-linux-gnu/libgcc_s.so.1
7f453c801000-7f453c802000 rw-p 00017000 fc:01 29118                      /lib/x86_64-linux-gnu/libgcc_s.so.1
7f453c802000-7f453c99f000 r-xp 00000000 fc:01 2087                       /lib/x86_64-linux-gnu/libm-2.27.so
7f453c99f000-7f453cb9e000 ---p 0019d000 fc:01 2087                       /lib/x86_64-linux-gnu/libm-2.27.so
7f453cb9e000-7f453cb9f000 r--p 0019c000 fc:01 2087                       /lib/x86_64-linux-gnu/libm-2.27.so
7f453cb9f000-7f453cba0000 rw-p 0019d000 fc:01 2087                       /lib/x86_64-linux-gnu/libm-2.27.so
7f453cba0000-7f453cd19000 r-xp 00000000 fc:01 2380                       /usr/lib/x86_64-linux-gnu/libstdc++.so.6.0.25
7f453cd19000-7f453cf19000 ---p 00179000 fc:01 2380                       /usr/lib/x86_64-linux-gnu/libstdc++.so.6.0.25
7f453cf19000-7f453cf23000 r--p 00179000 fc:01 2380                       /usr/lib/x86_64-linux-gnu/libstdc++.so.6.0.25
7f453cf23000-7f453cf25000 rw-p 00183000 fc:01 2380                       /usr/lib/x86_64-linux-gnu/libstdc++.so.6.0.25
7f453cf25000-7f453cf29000 rw-p 00000000 00:00 0 
7f453cf29000-7f453dbcc000 r-xp 00000000 fc:01 2076309                    /usr/lib/jvm/java-8-openjdk-amd64/jre/lib/amd64/server/libjvm.so
7f453dbcc000-7f453ddcc000 ---p 00ca3000 fc:01 2076309                    /usr/lib/jvm/java-8-openjdk-amd64/jre/lib/amd64/server/libjvm.so
7f453ddcc000-7f453de60000 r--p 00ca3000 fc:01 2076309                    /usr/lib/jvm/java-8-openjdk-amd64/jre/lib/amd64/server/libjvm.so
7f453de60000-7f453de89000 rw-p 00d37000 fc:01 2076309                    /usr/lib/jvm/java-8-openjdk-amd64/jre/lib/amd64/server/libjvm.so
7f453de89000-7f453deb9000 rw-p 00000000 00:00 0 
7f453deb9000-7f453ded3000 r-xp 00000000 fc:01 2178                       /lib/x86_64-linux-gnu/libpthread-2.27.so
7f453ded3000-7f453e0d2000 ---p 0001a000 fc:01 2178                       /lib/x86_64-linux-gnu/libpthread-2.27.so
7f453e0d2000-7f453e0d3000 r--p 00019000 fc:01 2178                       /lib/x86_64-linux-gnu/libpthread-2.27.so
7f453e0d3000-7f453e0d4000 rw-p 0001a000 fc:01 2178                       /lib/x86_64-linux-gnu/libpthread-2.27.so
7f453e0d4000-7f453e0d8000 rw-p 00000000 00:00 0 
7f453e0d8000-7f453e0db000 r-xp 00000000 fc:01 2086                       /lib/x86_64-linux-gnu/libdl-2.27.so
7f453e0db000-7f453e2da000 ---p 00003000 fc:01 2086                       /lib/x86_64-linux-gnu/libdl-2.27.so
7f453e2da000-7f453e2db000 r--p 00002000 fc:01 2086                       /lib/x86_64-linux-gnu/libdl-2.27.so
7f453e2db000-7f453e2dc000 rw-p 00003000 fc:01 2086                       /lib/x86_64-linux-gnu/libdl-2.27.so
7f453e2dc000-7f453e2f8000 r-xp 00000000 fc:01 2183                       /lib/x86_64-linux-gnu/libz.so.1.2.11
7f453e2f8000-7f453e4f7000 ---p 0001c000 fc:01 2183                       /lib/x86_64-linux-gnu/libz.so.1.2.11
7f453e4f7000-7f453e4f8000 r--p 0001b000 fc:01 2183                       /lib/x86_64-linux-gnu/libz.so.1.2.11
7f453e4f8000-7f453e4f9000 rw-p 0001c000 fc:01 2183                       /lib/x86_64-linux-gnu/libz.so.1.2.11
7f453e4f9000-7f453e6e0000 r-xp 00000000 fc:01 2083                       /lib/x86_64-linux-gnu/libc-2.27.so
7f453e6e0000-7f453e8e0000 ---p 001e7000 fc:01 2083                       /lib/x86_64-linux-gnu/libc-2.27.so
7f453e8e0000-7f453e8e4000 r--p 001e7000 fc:01 2083                       /lib/x86_64-linux-gnu/libc-2.27.so
7f453e8e4000-7f453e8e6000 rw-p 001eb000 fc:01 2083                       /lib/x86_64-linux-gnu/libc-2.27.so
7f453e8e6000-7f453e8ea000 rw-p 00000000 00:00 0 
7f453e8ea000-7f453e8f8000 r-xp 00000000 fc:01 2076273                    /usr/lib/jvm/java-8-openjdk-amd64/jre/lib/amd64/jli/libjli.so
7f453e8f8000-7f453eaf7000 ---p 0000e000 fc:01 2076273                    /usr/lib/jvm/java-8-openjdk-amd64/jre/lib/amd64/jli/libjli.so
7f453eaf7000-7f453eaf8000 r--p 0000d000 fc:01 2076273                    /usr/lib/jvm/java-8-openjdk-amd64/jre/lib/amd64/jli/libjli.so
7f453eaf8000-7f453eaf9000 rw-p 0000e000 fc:01 2076273                    /usr/lib/jvm/java-8-openjdk-amd64/jre/lib/amd64/jli/libjli.so
7f453eaf9000-7f453eb20000 r-xp 00000000 fc:01 2079                       /lib/x86_64-linux-gnu/ld-2.27.so
7f453eb20000-7f453eb21000 r--s 0000d000 fc:01 2076326                    /usr/lib/jvm/java-8-openjdk-amd64/jre/lib/ext/sunec.jar
7f453eb21000-7f453eb23000 r--s 00001000 fc:01 2076321                    /usr/lib/jvm/java-8-openjdk-amd64/jre/lib/ext/dnsns.jar
7f453eb23000-7f453eb26000 r--s 0000f000 fc:01 2076322                    /usr/lib/jvm/java-8-openjdk-amd64/jre/lib/ext/icedtea-sound.jar
7f453eb26000-7f453eb30000 r--s 00116000 fc:01 2076324                    /usr/lib/jvm/java-8-openjdk-amd64/jre/lib/ext/localedata.jar
7f453eb30000-7f453eb31000 r--p 00000000 fc:01 7807                       /usr/lib/locale/C.UTF-8/LC_NUMERIC
7f453eb31000-7f453eb32000 r--p 00000000 fc:01 7810                       /usr/lib/locale/C.UTF-8/LC_TIME
7f453eb32000-7f453eb33000 r--p 00000000 fc:01 7805                       /usr/lib/locale/C.UTF-8/LC_MONETARY
7f453eb33000-7f453eb34000 r--p 00000000 fc:01 7799                       /usr/lib/locale/C.UTF-8/LC_MESSAGES/SYS_LC_MESSAGES
7f453eb34000-7f453eb35000 r--p 00000000 fc:01 7808                       /usr/lib/locale/C.UTF-8/LC_PAPER
7f453eb35000-7f453eb36000 r--p 00000000 fc:01 7806                       /usr/lib/locale/C.UTF-8/LC_NAME
7f453eb36000-7f453eb37000 r--p 00000000 fc:01 7800                       /usr/lib/locale/C.UTF-8/LC_ADDRESS
7f453eb37000-7f453eb38000 r--p 00000000 fc:01 7809                       /usr/lib/locale/C.UTF-8/LC_TELEPHONE
7f453eb38000-7f453eb39000 r--p 00000000 fc:01 7804                       /usr/lib/locale/C.UTF-8/LC_MEASUREMENT
7f453eb39000-7f453eb40000 r--s 00000000 fc:01 5010                       /usr/lib/x86_64-linux-gnu/gconv/gconv-modules.cache
7f453eb40000-7f453eb41000 r--p 00000000 fc:01 7803                       /usr/lib/locale/C.UTF-8/LC_IDENTIFICATION
7f453eb41000-7f453eb47000 rw-p 00000000 00:00 0 
7f453eb47000-7f453eb94000 ---p 00000000 00:00 0 
7f453eb94000-7f453eb97000 rw-p 00000000 00:00 0 
7f453eb97000-7f453ebbd000 ---p 00000000 00:00 0 
7f453ebbd000-7f453ebc3000 rw-p 00000000 00:00 0 
7f453ebc3000-7f453ec10000 ---p 00000000 00:00 0 
7f453ec10000-7f453ec11000 rw-p 00000000 00:00 0 
7f453ec11000-7f453ec12000 ---p 00000000 00:00 0 
7f453ec12000-7f453ec15000 ---p 00000000 00:00 0 
7f453ec15000-7f453ed14000 rw-p 00000000 00:00 0 
7f453ed14000-7f453ed1c000 rw-s 00000000 fc:01 528974                     /tmp/hsperfdata_mpiuser/32109
7f453ed1c000-7f453ed1d000 rw-p 00000000 00:00 0 
7f453ed1d000-7f453ed1e000 r--p 00000000 00:00 0 
7f453ed1e000-7f453ed20000 rw-p 00000000 00:00 0 
7f453ed20000-7f453ed21000 r--p 00027000 fc:01 2079                       /lib/x86_64-linux-gnu/ld-2.27.so
7f453ed21000-7f453ed22000 rw-p 00028000 fc:01 2079                       /lib/x86_64-linux-gnu/ld-2.27.so
7f453ed22000-7f453ed23000 rw-p 00000000 00:00 0 
7ffd38956000-7ffd38977000 rw-p 00000000 00:00 0                          [stack]
7ffd38988000-7ffd3898b000 r--p 00000000 00:00 0                          [vvar]
7ffd3898b000-7ffd3898d000 r-xp 00000000 00:00 0                          [vdso]
ffffffffff600000-ffffffffff601000 r-xp 00000000 00:00 0                  [vsyscall]

VM Arguments:
jvm_args: -Djava.library.path=/usr/local/lib 
java_command: Client 1000000 100 0
java_class_path (initial): /home/mpiuser/cloud/fyp/java_client:./lib/spring-jcl-5.2.5.RELEASE.jar:./lib/jackson-databind-2.10.3.jar:./lib/jackson-databind-2.10.2.jar:./lib/slf4j-simple-1.7.30.jar:./lib/amqp-client-5.8.0.jar:./lib/spring-web-5.2.5.RELEASE.jar:./lib/jackson-annotations-2.10.3.jar:./lib/mpi.jar:./lib/spring-beans-5.2.5.RELEASE.jar:./lib/jackson-annotations-2.10.2.jar:./lib/jackson-core-2.10.2.jar:./lib/jackson-core-2.10.3.jar:./lib/slf4j-api-1.7.29.jar:./lib/spring-core-5.2.5.RELEASE.jar:./lib/slf4j-api-1.7.30.jar:./lib/http-client-3.6.1.RELEASE.jar:/usr/local/lib/mpi.jar
Launcher Type: SUN_STANDARD

Environment Variables:
PATH=/usr/local/sbin:/usr/local/bin:/usr/sbin:/usr/bin:/sbin:/bin:/usr/games:/usr/local/games
SHELL=/bin/bash

Signal Handlers:
SIGSEGV: [libjvm.so+0xabc3b0], sa_mask[0]=11111111011111111101111111111110, sa_flags=SA_RESTART|SA_SIGINFO
SIGBUS: [libjvm.so+0xabc3b0], sa_mask[0]=11111111011111111101111111111110, sa_flags=SA_RESTART|SA_SIGINFO
SIGFPE: [libjvm.so+0x8f0bb0], sa_mask[0]=11111111011111111101111111111110, sa_flags=SA_RESTART|SA_SIGINFO
SIGPIPE: [libjvm.so+0x8f0bb0], sa_mask[0]=11111111011111111101111111111110, sa_flags=SA_RESTART|SA_SIGINFO
SIGXFSZ: [libjvm.so+0x8f0bb0], sa_mask[0]=11111111011111111101111111111110, sa_flags=SA_RESTART|SA_SIGINFO
SIGILL: [libjvm.so+0x8f0bb0], sa_mask[0]=11111111011111111101111111111110, sa_flags=SA_RESTART|SA_SIGINFO
SIGUSR1: SIG_DFL, sa_mask[0]=00000000000000000000000000000000, sa_flags=none
SIGUSR2: [libjvm.so+0x8f0a60], sa_mask[0]=00000000000000000000000000000000, sa_flags=SA_RESTART|SA_SIGINFO
SIGHUP: [libjvm.so+0x8f10d0], sa_mask[0]=11111111011111111101111111111110, sa_flags=SA_RESTART|SA_SIGINFO
SIGINT: [libjvm.so+0x8f10d0], sa_mask[0]=11111111011111111101111111111110, sa_flags=SA_RESTART|SA_SIGINFO
SIGTERM: [libjvm.so+0x8f10d0], sa_mask[0]=11111111011111111101111111111110, sa_flags=SA_RESTART|SA_SIGINFO
SIGQUIT: [libjvm.so+0x8f10d0], sa_mask[0]=11111111011111111101111111111110, sa_flags=SA_RESTART|SA_SIGINFO


---------------  S Y S T E M  ---------------

OS:DISTRIB_ID=Ubuntu
DISTRIB_RELEASE=18.04
DISTRIB_CODENAME=bionic
DISTRIB_DESCRIPTION="Ubuntu 18.04.3 LTS"

uname:Linux 4.15.0-66-generic #75-Ubuntu SMP Tue Oct 1 05:24:09 UTC 2019 x86_64
libc:glibc 2.27 NPTL 2.27 
rlimit: STACK 8192k, CORE 0k, NPROC 3841, NOFILE 1048576, AS infinity
load average:129.02 39.01 13.53

/proc/meminfo:
MemTotal:        1008808 kB
MemFree:           82812 kB
MemAvailable:      83520 kB
Buffers:            6180 kB
Cached:            59496 kB
SwapCached:            0 kB
Active:           708388 kB
Inactive:          20352 kB
Active(anon):     663776 kB
Inactive(anon):      184 kB
Active(file):      44612 kB
Inactive(file):    20168 kB
Unevictable:           0 kB
Mlocked:               0 kB
SwapTotal:             0 kB
SwapFree:              0 kB
Dirty:              2704 kB
Writeback:             0 kB
AnonPages:        663264 kB
Mapped:            33760 kB
Shmem:               640 kB
Slab:             130712 kB
SReclaimable:      79308 kB
SUnreclaim:        51404 kB
KernelStack:       11764 kB
PageTables:        21952 kB
NFS_Unstable:          0 kB
Bounce:                0 kB
WritebackTmp:          0 kB
CommitLimit:      504404 kB
Committed_AS:    4354744 kB
VmallocTotal:   34359738367 kB
VmallocUsed:           0 kB
VmallocChunk:          0 kB
HardwareCorrupted:     0 kB
AnonHugePages:         0 kB
ShmemHugePages:        0 kB
ShmemPmdMapped:        0 kB
CmaTotal:              0 kB
CmaFree:               0 kB
HugePages_Total:       0
HugePages_Free:        0
HugePages_Rsvd:        0
HugePages_Surp:        0
Hugepagesize:       2048 kB
DirectMap4k:      274412 kB
DirectMap2M:      774144 kB
DirectMap1G:           0 kB

container (cgroup) information:
container_type: cgroupv1
cpu_cpuset_cpus: 0-2
cpu_memory_nodes: 0
active_processor_count: 3
cpu_quota: -1
cpu_period: 100000
cpu_shares: -1
memory_limit_in_bytes: -1
memory_and_swap_limit_in_bytes: -2
memory_soft_limit_in_bytes: -1
memory_usage_in_bytes: 793190400
memory_max_usage_in_bytes: 869789696


CPU:total 3 (initial active 3) (1 cores per cpu, 1 threads per core) family 6 model 85 stepping 4, cmov, cx8, fxsr, mmx, sse, sse2, sse3, ssse3, sse4.1, sse4.2, popcnt, avx, avx2, aes, clmul, erms, 3dnowpref, lzcnt, tsc, bmi1, bmi2, adx

/proc/cpuinfo:
processor	: 0
vendor_id	: GenuineIntel
cpu family	: 6
model		: 85
model name	: Intel(R) Xeon(R) Gold 6140 CPU @ 2.30GHz
stepping	: 4
microcode	: 0x1
cpu MHz		: 2294.608
cache size	: 4096 KB
physical id	: 0
siblings	: 1
core id		: 0
cpu cores	: 1
apicid		: 0
initial apicid	: 0
fpu		: yes
fpu_exception	: yes
cpuid level	: 13
wp		: yes
flags		: fpu vme de pse tsc msr pae mce cx8 apic sep mtrr pge mca cmov pat pse36 clflush mmx fxsr sse sse2 ss syscall nx pdpe1gb rdtscp lm constant_tsc arch_perfmon rep_good nopl cpuid tsc_known_freq pni pclmulqdq vmx ssse3 fma cx16 pcid sse4_1 sse4_2 x2apic movbe popcnt tsc_deadline_timer aes xsave avx f16c rdrand hypervisor lahf_lm abm 3dnowprefetch cpuid_fault invpcid_single pti ssbd ibrs ibpb tpr_shadow vnmi flexpriority ept vpid fsgsbase tsc_adjust bmi1 avx2 smep bmi2 erms invpcid mpx avx512f avx512dq rdseed adx smap clflushopt clwb avx512cd avx512bw avx512vl xsaveopt xsavec xgetbv1 pku ospke md_clear
bugs		: cpu_meltdown spectre_v1 spectre_v2 spec_store_bypass l1tf mds swapgs
bogomips	: 4589.21
clflush size	: 64
cache_alignment	: 64
address sizes	: 40 bits physical, 48 bits virtual
power management:

processor	: 1
vendor_id	: GenuineIntel
cpu family	: 6
model		: 85
model name	: Intel(R) Xeon(R) Gold 6140 CPU @ 2.30GHz
stepping	: 4
microcode	: 0x1
cpu MHz		: 2294.608
cache size	: 4096 KB
physical id	: 1
siblings	: 1
core id		: 0
cpu cores	: 1
apicid		: 1
initial apicid	: 1
fpu		: yes
fpu_exception	: yes
cpuid level	: 13
wp		: yes
flags		: fpu vme de pse tsc msr pae mce cx8 apic sep mtrr pge mca cmov pat pse36 clflush mmx fxsr sse sse2 ss syscall nx pdpe1gb rdtscp lm constant_tsc arch_perfmon rep_good nopl cpuid tsc_known_freq pni pclmulqdq vmx ssse3 fma cx16 pcid sse4_1 sse4_2 x2apic movbe popcnt tsc_deadline_timer aes xsave avx f16c rdrand hypervisor lahf_lm abm 3dnowprefetch cpuid_fault invpcid_single pti ssbd ibrs ibpb tpr_shadow vnmi flexpriority ept vpid fsgsbase tsc_adjust bmi1 avx2 smep bmi2 erms invpcid mpx avx512f avx512dq rdseed adx smap clflushopt clwb avx512cd avx512bw avx512vl xsaveopt xsavec xgetbv1 pku ospke md_clear
bugs		: cpu_meltdown spectre_v1 spectre_v2 spec_store_bypass l1tf mds swapgs
bogomips	: 4589.21
clflush size	: 64
cache_alignment	: 64
address sizes	: 40 bits physical, 48 bits virtual
power management:

processor	: 2
vendor_id	: GenuineIntel
cpu family	: 6
model		: 85
model name	: Intel(R) Xeon(R) Gold 6140 CPU @ 2.30GHz
stepping	: 4
microcode	: 0x1
cpu MHz		: 2294.608
cache size	: 4096 KB
physical id	: 2
siblings	: 1
core id		: 0
cpu cores	: 1
apicid		: 2
initial apicid	: 2
fpu		: yes
fpu_exception	: yes
cpuid level	: 13
wp		: yes
flags		: fpu vme de pse tsc msr pae mce cx8 apic sep mtrr pge mca cmov pat pse36 clflush mmx fxsr sse sse2 ss syscall nx pdpe1gb rdtscp lm constant_tsc arch_perfmon rep_good nopl cpuid tsc_known_freq pni pclmulqdq vmx ssse3 fma cx16 pcid sse4_1 sse4_2 x2apic movbe popcnt tsc_deadline_timer aes xsave avx f16c rdrand hypervisor lahf_lm abm 3dnowprefetch cpuid_fault invpcid_single pti ssbd ibrs ibpb tpr_shadow vnmi flexpriority ept vpid fsgsbase tsc_adjust bmi1 avx2 smep bmi2 erms invpcid mpx avx512f avx512dq rdseed adx smap clflushopt clwb avx512cd avx512bw avx512vl xsaveopt xsavec xgetbv1 pku ospke md_clear
bugs		: cpu_meltdown spectre_v1 spectre_v2 spec_store_bypass l1tf mds swapgs
bogomips	: 4589.21
clflush size	: 64
cache_alignment	: 64
address sizes	: 40 bits physical, 48 bits virtual
power management:



Memory: 4k page, physical 1008808k(82812k free), swap 0k(0k free)

vm_info: OpenJDK 64-Bit Server VM (25.242-b08) for linux-amd64 JRE (1.8.0_242-8u242-b08-0ubuntu3~18.04-b08), built on Jan 17 2020 23:41:21 by "buildd" with gcc 7.4.0

time: Mon Apr  6 11:40:56 2020
timezone: UTC
elapsed time: 1 seconds (0d 0h 0m 1s)

