#
# There is insufficient memory for the Java Runtime Environment to continue.
# Native memory allocation (mmap) failed to map 12288 bytes for committing reserved memory.
# Possible reasons:
#   The system is out of physical RAM or swap space
#   The process is running with CompressedOops enabled, and the Java Heap may be blocking the growth of the native heap
# Possible solutions:
#   Reduce memory load on the system
#   Increase physical memory or swap space
#   Check if swap backing store is full
#   Decrease Java heap size (-Xmx/-Xms)
#   Decrease number of Java threads
#   Decrease Java thread stack sizes (-Xss)
#   Set larger code cache with -XX:ReservedCodeCacheSize=
#   JVM is running with Unscaled Compressed Oops mode in which the Java heap is
#     placed in the first 4GB address space. The Java Heap base address is the
#     maximum limit for the native heap growth. Please use -XX:HeapBaseMinAddress
#     to set the Java Heap base and to place the Java Heap above 4GB virtual address.
# This output file may be truncated or incomplete.
#
#  Out of Memory Error (os_linux.cpp:2757), pid=5310, tid=0x00007ffbe0c8a700
#
# JRE version: OpenJDK Runtime Environment (8.0_242-b08) (build 1.8.0_242-8u242-b08-0ubuntu3~18.04-b08)
# Java VM: OpenJDK 64-Bit Server VM (25.242-b08 mixed mode linux-amd64 compressed oops)
# Failed to write core dump. Core dumps have been disabled. To enable core dumping, try "ulimit -c unlimited" before starting Java again
#

---------------  T H R E A D  ---------------

Current thread (0x00007ffbf00b4800):  JavaThread "C1 CompilerThread1" daemon [_thread_new, id=5845, stack(0x00007ffbe0b8b000,0x00007ffbe0c8b000)]

Stack: [0x00007ffbe0b8b000,0x00007ffbe0c8b000],  sp=0x00007ffbe0c89b00,  free space=1018k
Native frames: (J=compiled Java code, j=interpreted, Vv=VM code, C=native code)
V  [libjvm.so+0xabba52]
V  [libjvm.so+0x4de2e7]
V  [libjvm.so+0x8f55e6]
V  [libjvm.so+0x8ec91e]
V  [libjvm.so+0x8f6b57]
V  [libjvm.so+0xa59eb6]
V  [libjvm.so+0xa5a0f0]
V  [libjvm.so+0x8f2d82]
C  [libpthread.so.0+0x76db]  start_thread+0xdb


---------------  P R O C E S S  ---------------

Java Threads: ( => current thread )
=>0x00007ffbf00b4800 JavaThread "C1 CompilerThread1" daemon [_thread_new, id=5845, stack(0x00007ffbe0b8b000,0x00007ffbe0c8b000)]
  0x00007ffbf00b2000 JavaThread "C2 CompilerThread0" daemon [_thread_in_vm, id=5830, stack(0x00007ffbe0c8c000,0x00007ffbe0d8c000)]
  0x00007ffbf00b0800 JavaThread "Signal Dispatcher" daemon [_thread_blocked, id=5819, stack(0x00007ffbe0d8c000,0x00007ffbe0e8d000)]
  0x00007ffbf007e000 JavaThread "Finalizer" daemon [_thread_blocked, id=5617, stack(0x00007ffbf41cc000,0x00007ffbf42cd000)]
  0x00007ffbf0079800 JavaThread "Reference Handler" daemon [_thread_blocked, id=5606, stack(0x00007ffbf42cd000,0x00007ffbf43ce000)]
  0x00007ffbf000b800 JavaThread "main" [_thread_in_vm, id=5347, stack(0x00007ffbf8a5f000,0x00007ffbf8b5f000)]

Other Threads:
  0x00007ffbf006f800 VMThread [stack: 0x00007ffbf43cf000,0x00007ffbf44cf000] [id=5556]

VM state:not at safepoint (normal execution)

VM Mutex/Monitor currently owned by a thread: None

heap address: 0x00000000f0800000, size: 248 MB, Compressed Oops mode: 32-bit
Narrow klass base: 0x0000000000000000, Narrow klass shift: 3
Compressed class space size: 1073741824 Address: 0x0000000100000000

Heap:
 def new generation   total 4928K, used 353K [0x00000000f0800000, 0x00000000f0d50000, 0x00000000f5aa0000)
  eden space 4416K,   8% used [0x00000000f0800000, 0x00000000f0858620, 0x00000000f0c50000)
  from space 512K,   0% used [0x00000000f0c50000, 0x00000000f0c50000, 0x00000000f0cd0000)
  to   space 512K,   0% used [0x00000000f0cd0000, 0x00000000f0cd0000, 0x00000000f0d50000)
 tenured generation   total 10944K, used 0K [0x00000000f5aa0000, 0x00000000f6550000, 0x0000000100000000)
   the space 10944K,   0% used [0x00000000f5aa0000, 0x00000000f5aa0000, 0x00000000f5aa0200, 0x00000000f6550000)
 Metaspace       used 2076K, capacity 4480K, committed 4480K, reserved 1056768K
  class space    used 217K, capacity 384K, committed 384K, reserved 1048576K

Card table byte_map: [0x00007ffbf89e1000,0x00007ffbf8a5e000] byte_map_base: 0x00007ffbf825d000

Polling page: 0x00007ffbf8b6a000

CodeCache: size=245760Kb used=437Kb max_used=437Kb free=245323Kb
 bounds [0x00007ffbe1000000, 0x00007ffbe1270000, 0x00007ffbf0000000]
 total_blobs=167 nmethods=0 adapters=134
 compilation: enabled

Compilation events (0 events):
No events

GC Heap History (0 events):
No events

Deoptimization events (0 events):
No events

Classes redefined (0 events):
No events

Internal exceptions (2 events):
Event: 0.808 Thread 0x00007ffbf000b800 Exception <a 'java/lang/NoSuchMethodError': Method sun.misc.Unsafe.defineClass(Ljava/lang/String;[BII)Ljava/lang/Class; name or signature does not match> (0x00000000f0807cc8) thrown at [/build/openjdk-8-58sEEn/openjdk-8-8u242-b08/src/hotspot/src/share/vm/
Event: 0.808 Thread 0x00007ffbf000b800 Exception <a 'java/lang/NoSuchMethodError': Method sun.misc.Unsafe.prefetchRead(Ljava/lang/Object;J)V name or signature does not match> (0x00000000f0807fb0) thrown at [/build/openjdk-8-58sEEn/openjdk-8-8u242-b08/src/hotspot/src/share/vm/prims/jni.cpp, lin

Events (10 events):
Event: 5.994 loading class sun/misc/Launcher$AppClassLoader$1 done
Event: 6.192 loading class java/lang/SystemClassLoaderAction
Event: 6.193 loading class java/lang/SystemClassLoaderAction done
Event: 6.262 Thread 0x00007ffbf00b0800 Thread added: 0x00007ffbf00b0800
Event: 6.476 Thread 0x00007ffbf00b2000 Thread added: 0x00007ffbf00b2000
Event: 6.570 Thread 0x00007ffbf00b4800 Thread added: 0x00007ffbf00b4800
Event: 6.926 loading class java/lang/invoke/MethodHandleImpl
Event: 6.937 loading class java/lang/invoke/MethodHandleImpl done
Event: 6.938 loading class java/lang/invoke/MethodHandleImpl$1
Event: 6.942 loading class java/lang/invoke/MethodHandleImpl$1 done


Dynamic libraries:
f0800000-f0d50000 rw-p 00000000 00:00 0 
f0d50000-f5aa0000 ---p 00000000 00:00 0 
f5aa0000-f6550000 rw-p 00000000 00:00 0 
f6550000-100000000 ---p 00000000 00:00 0 
100000000-100060000 rw-p 00000000 00:00 0 
100060000-140000000 ---p 00000000 00:00 0 
555686147000-555686148000 r-xp 00000000 fc:01 1302575                    /usr/lib/jvm/java-8-openjdk-amd64/jre/bin/java
555686347000-555686348000 r--p 00000000 fc:01 1302575                    /usr/lib/jvm/java-8-openjdk-amd64/jre/bin/java
555686348000-555686349000 rw-p 00001000 fc:01 1302575                    /usr/lib/jvm/java-8-openjdk-amd64/jre/bin/java
555686fa4000-555686fc5000 rw-p 00000000 00:00 0                          [heap]
7ffbc4000000-7ffbc4021000 rw-p 00000000 00:00 0 
7ffbc4021000-7ffbc8000000 ---p 00000000 00:00 0 
7ffbcc000000-7ffbcc021000 rw-p 00000000 00:00 0 
7ffbcc021000-7ffbd0000000 ---p 00000000 00:00 0 
7ffbd0000000-7ffbd0046000 rw-p 00000000 00:00 0 
7ffbd0046000-7ffbd4000000 ---p 00000000 00:00 0 
7ffbd4000000-7ffbd4021000 rw-p 00000000 00:00 0 
7ffbd4021000-7ffbd8000000 ---p 00000000 00:00 0 
7ffbd8000000-7ffbd8021000 rw-p 00000000 00:00 0 
7ffbd8021000-7ffbdc000000 ---p 00000000 00:00 0 
7ffbdc000000-7ffbdc021000 rw-p 00000000 00:00 0 
7ffbdc021000-7ffbe0000000 ---p 00000000 00:00 0 
7ffbe0b8a000-7ffbe0b8b000 ---p 00000000 00:00 0 
7ffbe0b8e000-7ffbe0c8b000 rw-p 00000000 00:00 0 
7ffbe0c8b000-7ffbe0c8c000 ---p 00000000 00:00 0 
7ffbe0c8c000-7ffbe0c8f000 ---p 00000000 00:00 0 
7ffbe0c8f000-7ffbe0d8c000 rw-p 00000000 00:00 0 
7ffbe0d8c000-7ffbe0d8f000 ---p 00000000 00:00 0 
7ffbe0d8f000-7ffbe0e8d000 rw-p 00000000 00:00 0 
7ffbe0e8d000-7ffbe1000000 r--p 00000000 fc:01 7801                       /usr/lib/locale/C.UTF-8/LC_COLLATE
7ffbe1000000-7ffbe1270000 rwxp 00000000 00:00 0 
7ffbe1270000-7ffbf0000000 ---p 00000000 00:00 0 
7ffbf0000000-7ffbf00c9000 rw-p 00000000 00:00 0 
7ffbf00c9000-7ffbf4000000 ---p 00000000 00:00 0 
7ffbf4000000-7ffbf4031000 r--p 00000000 fc:01 7802                       /usr/lib/locale/C.UTF-8/LC_CTYPE
7ffbf4031000-7ffbf41cc000 r--p 00000000 fc:01 7796                       /usr/lib/locale/locale-archive
7ffbf41cc000-7ffbf41cf000 ---p 00000000 00:00 0 
7ffbf41cf000-7ffbf42cd000 rw-p 00000000 00:00 0 
7ffbf42cd000-7ffbf42d0000 ---p 00000000 00:00 0 
7ffbf42d0000-7ffbf43ce000 rw-p 00000000 00:00 0 
7ffbf43ce000-7ffbf43cf000 ---p 00000000 00:00 0 
7ffbf43cf000-7ffbf451d000 rw-p 00000000 00:00 0 
7ffbf451d000-7ffbf46ed000 r--s 03c68000 fc:01 1302635                    /usr/lib/jvm/java-8-openjdk-amd64/jre/lib/rt.jar
7ffbf46ed000-7ffbf4be6000 rw-p 00000000 00:00 0 
7ffbf4be6000-7ffbf4fe6000 ---p 00000000 00:00 0 
7ffbf4fe6000-7ffbf4ff0000 rw-p 00000000 00:00 0 
7ffbf4ff0000-7ffbf53a6000 ---p 00000000 00:00 0 
7ffbf53a6000-7ffbf53ae000 r-xp 00000000 fc:01 1302619                    /usr/lib/jvm/java-8-openjdk-amd64/jre/lib/amd64/libzip.so
7ffbf53ae000-7ffbf55ad000 ---p 00008000 fc:01 1302619                    /usr/lib/jvm/java-8-openjdk-amd64/jre/lib/amd64/libzip.so
7ffbf55ad000-7ffbf55ae000 r--p 00007000 fc:01 1302619                    /usr/lib/jvm/java-8-openjdk-amd64/jre/lib/amd64/libzip.so
7ffbf55ae000-7ffbf55af000 rw-p 00008000 fc:01 1302619                    /usr/lib/jvm/java-8-openjdk-amd64/jre/lib/amd64/libzip.so
7ffbf55af000-7ffbf55ba000 r-xp 00000000 fc:01 2093                       /lib/x86_64-linux-gnu/libnss_files-2.27.so
7ffbf55ba000-7ffbf57b9000 ---p 0000b000 fc:01 2093                       /lib/x86_64-linux-gnu/libnss_files-2.27.so
7ffbf57b9000-7ffbf57ba000 r--p 0000a000 fc:01 2093                       /lib/x86_64-linux-gnu/libnss_files-2.27.so
7ffbf57ba000-7ffbf57bb000 rw-p 0000b000 fc:01 2093                       /lib/x86_64-linux-gnu/libnss_files-2.27.so
7ffbf57bb000-7ffbf57c1000 rw-p 00000000 00:00 0 
7ffbf57c1000-7ffbf57d8000 r-xp 00000000 fc:01 2090                       /lib/x86_64-linux-gnu/libnsl-2.27.so
7ffbf57d8000-7ffbf59d7000 ---p 00017000 fc:01 2090                       /lib/x86_64-linux-gnu/libnsl-2.27.so
7ffbf59d7000-7ffbf59d8000 r--p 00016000 fc:01 2090                       /lib/x86_64-linux-gnu/libnsl-2.27.so
7ffbf59d8000-7ffbf59d9000 rw-p 00017000 fc:01 2090                       /lib/x86_64-linux-gnu/libnsl-2.27.so
7ffbf59d9000-7ffbf59db000 rw-p 00000000 00:00 0 
7ffbf59db000-7ffbf59e6000 r-xp 00000000 fc:01 2095                       /lib/x86_64-linux-gnu/libnss_nis-2.27.so
7ffbf59e6000-7ffbf5be5000 ---p 0000b000 fc:01 2095                       /lib/x86_64-linux-gnu/libnss_nis-2.27.so
7ffbf5be5000-7ffbf5be6000 r--p 0000a000 fc:01 2095                       /lib/x86_64-linux-gnu/libnss_nis-2.27.so
7ffbf5be6000-7ffbf5be7000 rw-p 0000b000 fc:01 2095                       /lib/x86_64-linux-gnu/libnss_nis-2.27.so
7ffbf5be7000-7ffbf5bef000 r-xp 00000000 fc:01 2091                       /lib/x86_64-linux-gnu/libnss_compat-2.27.so
7ffbf5bef000-7ffbf5def000 ---p 00008000 fc:01 2091                       /lib/x86_64-linux-gnu/libnss_compat-2.27.so
7ffbf5def000-7ffbf5df0000 r--p 00008000 fc:01 2091                       /lib/x86_64-linux-gnu/libnss_compat-2.27.so
7ffbf5df0000-7ffbf5df1000 rw-p 00009000 fc:01 2091                       /lib/x86_64-linux-gnu/libnss_compat-2.27.so
7ffbf5df1000-7ffbf5e1b000 r-xp 00000000 fc:01 1302600                    /usr/lib/jvm/java-8-openjdk-amd64/jre/lib/amd64/libjava.so
7ffbf5e1b000-7ffbf601a000 ---p 0002a000 fc:01 1302600                    /usr/lib/jvm/java-8-openjdk-amd64/jre/lib/amd64/libjava.so
7ffbf601a000-7ffbf601b000 r--p 00029000 fc:01 1302600                    /usr/lib/jvm/java-8-openjdk-amd64/jre/lib/amd64/libjava.so
7ffbf601b000-7ffbf601d000 rw-p 0002a000 fc:01 1302600                    /usr/lib/jvm/java-8-openjdk-amd64/jre/lib/amd64/libjava.so
7ffbf601d000-7ffbf602d000 r-xp 00000000 fc:01 1302618                    /usr/lib/jvm/java-8-openjdk-amd64/jre/lib/amd64/libverify.so
7ffbf602d000-7ffbf622c000 ---p 00010000 fc:01 1302618                    /usr/lib/jvm/java-8-openjdk-amd64/jre/lib/amd64/libverify.so
7ffbf622c000-7ffbf622e000 r--p 0000f000 fc:01 1302618                    /usr/lib/jvm/java-8-openjdk-amd64/jre/lib/amd64/libverify.so
7ffbf622e000-7ffbf622f000 rw-p 00011000 fc:01 1302618                    /usr/lib/jvm/java-8-openjdk-amd64/jre/lib/amd64/libverify.so
7ffbf622f000-7ffbf6236000 r-xp 00000000 fc:01 2180                       /lib/x86_64-linux-gnu/librt-2.27.so
7ffbf6236000-7ffbf6435000 ---p 00007000 fc:01 2180                       /lib/x86_64-linux-gnu/librt-2.27.so
7ffbf6435000-7ffbf6436000 r--p 00006000 fc:01 2180                       /lib/x86_64-linux-gnu/librt-2.27.so
7ffbf6436000-7ffbf6437000 rw-p 00007000 fc:01 2180                       /lib/x86_64-linux-gnu/librt-2.27.so
7ffbf6437000-7ffbf644e000 r-xp 00000000 fc:01 29154                      /lib/x86_64-linux-gnu/libgcc_s.so.1
7ffbf644e000-7ffbf664d000 ---p 00017000 fc:01 29154                      /lib/x86_64-linux-gnu/libgcc_s.so.1
7ffbf664d000-7ffbf664e000 r--p 00016000 fc:01 29154                      /lib/x86_64-linux-gnu/libgcc_s.so.1
7ffbf664e000-7ffbf664f000 rw-p 00017000 fc:01 29154                      /lib/x86_64-linux-gnu/libgcc_s.so.1
7ffbf664f000-7ffbf67ec000 r-xp 00000000 fc:01 2087                       /lib/x86_64-linux-gnu/libm-2.27.so
7ffbf67ec000-7ffbf69eb000 ---p 0019d000 fc:01 2087                       /lib/x86_64-linux-gnu/libm-2.27.so
7ffbf69eb000-7ffbf69ec000 r--p 0019c000 fc:01 2087                       /lib/x86_64-linux-gnu/libm-2.27.so
7ffbf69ec000-7ffbf69ed000 rw-p 0019d000 fc:01 2087                       /lib/x86_64-linux-gnu/libm-2.27.so
7ffbf69ed000-7ffbf6b66000 r-xp 00000000 fc:01 4344                       /usr/lib/x86_64-linux-gnu/libstdc++.so.6.0.25
7ffbf6b66000-7ffbf6d66000 ---p 00179000 fc:01 4344                       /usr/lib/x86_64-linux-gnu/libstdc++.so.6.0.25
7ffbf6d66000-7ffbf6d70000 r--p 00179000 fc:01 4344                       /usr/lib/x86_64-linux-gnu/libstdc++.so.6.0.25
7ffbf6d70000-7ffbf6d72000 rw-p 00183000 fc:01 4344                       /usr/lib/x86_64-linux-gnu/libstdc++.so.6.0.25
7ffbf6d72000-7ffbf6d76000 rw-p 00000000 00:00 0 
7ffbf6d76000-7ffbf7a19000 r-xp 00000000 fc:01 1302622                    /usr/lib/jvm/java-8-openjdk-amd64/jre/lib/amd64/server/libjvm.so
7ffbf7a19000-7ffbf7c19000 ---p 00ca3000 fc:01 1302622                    /usr/lib/jvm/java-8-openjdk-amd64/jre/lib/amd64/server/libjvm.so
7ffbf7c19000-7ffbf7cad000 r--p 00ca3000 fc:01 1302622                    /usr/lib/jvm/java-8-openjdk-amd64/jre/lib/amd64/server/libjvm.so
7ffbf7cad000-7ffbf7cd6000 rw-p 00d37000 fc:01 1302622                    /usr/lib/jvm/java-8-openjdk-amd64/jre/lib/amd64/server/libjvm.so
7ffbf7cd6000-7ffbf7d06000 rw-p 00000000 00:00 0 
7ffbf7d06000-7ffbf7d20000 r-xp 00000000 fc:01 2178                       /lib/x86_64-linux-gnu/libpthread-2.27.so
7ffbf7d20000-7ffbf7f1f000 ---p 0001a000 fc:01 2178                       /lib/x86_64-linux-gnu/libpthread-2.27.so
7ffbf7f1f000-7ffbf7f20000 r--p 00019000 fc:01 2178                       /lib/x86_64-linux-gnu/libpthread-2.27.so
7ffbf7f20000-7ffbf7f21000 rw-p 0001a000 fc:01 2178                       /lib/x86_64-linux-gnu/libpthread-2.27.so
7ffbf7f21000-7ffbf7f25000 rw-p 00000000 00:00 0 
7ffbf7f25000-7ffbf7f28000 r-xp 00000000 fc:01 2086                       /lib/x86_64-linux-gnu/libdl-2.27.so
7ffbf7f28000-7ffbf8127000 ---p 00003000 fc:01 2086                       /lib/x86_64-linux-gnu/libdl-2.27.so
7ffbf8127000-7ffbf8128000 r--p 00002000 fc:01 2086                       /lib/x86_64-linux-gnu/libdl-2.27.so
7ffbf8128000-7ffbf8129000 rw-p 00003000 fc:01 2086                       /lib/x86_64-linux-gnu/libdl-2.27.so
7ffbf8129000-7ffbf8145000 r-xp 00000000 fc:01 2183                       /lib/x86_64-linux-gnu/libz.so.1.2.11
7ffbf8145000-7ffbf8344000 ---p 0001c000 fc:01 2183                       /lib/x86_64-linux-gnu/libz.so.1.2.11
7ffbf8344000-7ffbf8345000 r--p 0001b000 fc:01 2183                       /lib/x86_64-linux-gnu/libz.so.1.2.11
7ffbf8345000-7ffbf8346000 rw-p 0001c000 fc:01 2183                       /lib/x86_64-linux-gnu/libz.so.1.2.11
7ffbf8346000-7ffbf852d000 r-xp 00000000 fc:01 2083                       /lib/x86_64-linux-gnu/libc-2.27.so
7ffbf852d000-7ffbf872d000 ---p 001e7000 fc:01 2083                       /lib/x86_64-linux-gnu/libc-2.27.so
7ffbf872d000-7ffbf8731000 r--p 001e7000 fc:01 2083                       /lib/x86_64-linux-gnu/libc-2.27.so
7ffbf8731000-7ffbf8733000 rw-p 001eb000 fc:01 2083                       /lib/x86_64-linux-gnu/libc-2.27.so
7ffbf8733000-7ffbf8737000 rw-p 00000000 00:00 0 
7ffbf8737000-7ffbf8745000 r-xp 00000000 fc:01 1555499                    /usr/lib/jvm/java-8-openjdk-amd64/jre/lib/amd64/jli/libjli.so
7ffbf8745000-7ffbf8944000 ---p 0000e000 fc:01 1555499                    /usr/lib/jvm/java-8-openjdk-amd64/jre/lib/amd64/jli/libjli.so
7ffbf8944000-7ffbf8945000 r--p 0000d000 fc:01 1555499                    /usr/lib/jvm/java-8-openjdk-amd64/jre/lib/amd64/jli/libjli.so
7ffbf8945000-7ffbf8946000 rw-p 0000e000 fc:01 1555499                    /usr/lib/jvm/java-8-openjdk-amd64/jre/lib/amd64/jli/libjli.so
7ffbf8946000-7ffbf896d000 r-xp 00000000 fc:01 2079                       /lib/x86_64-linux-gnu/ld-2.27.so
7ffbf897d000-7ffbf897e000 r--p 00000000 fc:01 7807                       /usr/lib/locale/C.UTF-8/LC_NUMERIC
7ffbf897e000-7ffbf897f000 r--p 00000000 fc:01 7810                       /usr/lib/locale/C.UTF-8/LC_TIME
7ffbf897f000-7ffbf8980000 r--p 00000000 fc:01 7805                       /usr/lib/locale/C.UTF-8/LC_MONETARY
7ffbf8980000-7ffbf8981000 r--p 00000000 fc:01 7799                       /usr/lib/locale/C.UTF-8/LC_MESSAGES/SYS_LC_MESSAGES
7ffbf8981000-7ffbf8982000 r--p 00000000 fc:01 7808                       /usr/lib/locale/C.UTF-8/LC_PAPER
7ffbf8982000-7ffbf8983000 r--p 00000000 fc:01 7806                       /usr/lib/locale/C.UTF-8/LC_NAME
7ffbf8983000-7ffbf8984000 r--p 00000000 fc:01 7800                       /usr/lib/locale/C.UTF-8/LC_ADDRESS
7ffbf8984000-7ffbf8985000 r--p 00000000 fc:01 7809                       /usr/lib/locale/C.UTF-8/LC_TELEPHONE
7ffbf8985000-7ffbf8986000 r--p 00000000 fc:01 7804                       /usr/lib/locale/C.UTF-8/LC_MEASUREMENT
7ffbf8986000-7ffbf898d000 r--s 00000000 fc:01 5010                       /usr/lib/x86_64-linux-gnu/gconv/gconv-modules.cache
7ffbf898d000-7ffbf898e000 r--p 00000000 fc:01 7803                       /usr/lib/locale/C.UTF-8/LC_IDENTIFICATION
7ffbf898e000-7ffbf8994000 rw-p 00000000 00:00 0 
7ffbf8994000-7ffbf89e1000 ---p 00000000 00:00 0 
7ffbf89e1000-7ffbf89e4000 rw-p 00000000 00:00 0 
7ffbf89e4000-7ffbf8a0a000 ---p 00000000 00:00 0 
7ffbf8a0a000-7ffbf8a10000 rw-p 00000000 00:00 0 
7ffbf8a10000-7ffbf8a5d000 ---p 00000000 00:00 0 
7ffbf8a5d000-7ffbf8a5e000 rw-p 00000000 00:00 0 
7ffbf8a5e000-7ffbf8a5f000 ---p 00000000 00:00 0 
7ffbf8a5f000-7ffbf8a62000 ---p 00000000 00:00 0 
7ffbf8a62000-7ffbf8b61000 rw-p 00000000 00:00 0 
7ffbf8b61000-7ffbf8b69000 rw-s 00000000 fc:01 1039876                    /tmp/hsperfdata_mpiuser/5310
7ffbf8b69000-7ffbf8b6a000 rw-p 00000000 00:00 0 
7ffbf8b6a000-7ffbf8b6b000 r--p 00000000 00:00 0 
7ffbf8b6b000-7ffbf8b6d000 rw-p 00000000 00:00 0 
7ffbf8b6d000-7ffbf8b6e000 r--p 00027000 fc:01 2079                       /lib/x86_64-linux-gnu/ld-2.27.so
7ffbf8b6e000-7ffbf8b6f000 rw-p 00028000 fc:01 2079                       /lib/x86_64-linux-gnu/ld-2.27.so
7ffbf8b6f000-7ffbf8b70000 rw-p 00000000 00:00 0 
7ffe4463e000-7ffe4465f000 rw-p 00000000 00:00 0                          [stack]
7ffe44749000-7ffe4474c000 r--p 00000000 00:00 0                          [vvar]
7ffe4474c000-7ffe4474e000 r-xp 00000000 00:00 0                          [vdso]
ffffffffff600000-ffffffffff601000 r-xp 00000000 00:00 0                  [vsyscall]

VM Arguments:
jvm_args: -Djava.library.path=/usr/local/lib 
java_command: Client 1000000 100 0
java_class_path (initial): /home/mpiuser/cloud/fyp/java_client:./lib/spring-jcl-5.2.5.RELEASE.jar:./lib/jackson-databind-2.10.3.jar:./lib/jackson-databind-2.10.2.jar:./lib/slf4j-simple-1.7.30.jar:./lib/amqp-client-5.8.0.jar:./lib/spring-web-5.2.5.RELEASE.jar:./lib/jackson-annotations-2.10.3.jar:./lib/mpi.jar:./lib/spring-beans-5.2.5.RELEASE.jar:./lib/jackson-annotations-2.10.2.jar:./lib/jackson-core-2.10.2.jar:./lib/jackson-core-2.10.3.jar:./lib/slf4j-api-1.7.29.jar:./lib/spring-core-5.2.5.RELEASE.jar:./lib/slf4j-api-1.7.30.jar:./lib/http-client-3.6.1.RELEASE.jar:/usr/local/lib/mpi.jar
Launcher Type: SUN_STANDARD

Environment Variables:
PATH=/usr/local/sbin:/usr/local/bin:/usr/sbin:/usr/bin:/sbin:/bin:/usr/games:/usr/local/games:/snap/bin
SHELL=/bin/bash

Signal Handlers:
SIGSEGV: [libjvm.so+0xabc3b0], sa_mask[0]=11111111011111111101111111111110, sa_flags=SA_RESTART|SA_SIGINFO
SIGBUS: [libjvm.so+0xabc3b0], sa_mask[0]=11111111011111111101111111111110, sa_flags=SA_RESTART|SA_SIGINFO
SIGFPE: [libjvm.so+0x8f0bb0], sa_mask[0]=11111111011111111101111111111110, sa_flags=SA_RESTART|SA_SIGINFO
SIGPIPE: [libjvm.so+0x8f0bb0], sa_mask[0]=11111111011111111101111111111110, sa_flags=SA_RESTART|SA_SIGINFO
SIGXFSZ: [libjvm.so+0x8f0bb0], sa_mask[0]=11111111011111111101111111111110, sa_flags=SA_RESTART|SA_SIGINFO
SIGILL: [libjvm.so+0x8f0bb0], sa_mask[0]=11111111011111111101111111111110, sa_flags=SA_RESTART|SA_SIGINFO
SIGUSR1: SIG_DFL, sa_mask[0]=00000000000000000000000000000000, sa_flags=none
SIGUSR2: [libjvm.so+0x8f0a60], sa_mask[0]=00000000000000000000000000000000, sa_flags=SA_RESTART|SA_SIGINFO
SIGHUP: [libjvm.so+0x8f10d0], sa_mask[0]=11111111011111111101111111111110, sa_flags=SA_RESTART|SA_SIGINFO
SIGINT: [libjvm.so+0x8f10d0], sa_mask[0]=11111111011111111101111111111110, sa_flags=SA_RESTART|SA_SIGINFO
SIGTERM: [libjvm.so+0x8f10d0], sa_mask[0]=11111111011111111101111111111110, sa_flags=SA_RESTART|SA_SIGINFO
SIGQUIT: [libjvm.so+0x8f10d0], sa_mask[0]=11111111011111111101111111111110, sa_flags=SA_RESTART|SA_SIGINFO


---------------  S Y S T E M  ---------------

OS:DISTRIB_ID=Ubuntu
DISTRIB_RELEASE=18.04
DISTRIB_CODENAME=bionic
DISTRIB_DESCRIPTION="Ubuntu 18.04.3 LTS"

uname:Linux 4.15.0-91-generic #92-Ubuntu SMP Fri Feb 28 11:09:48 UTC 2020 x86_64
libc:glibc 2.27 NPTL 2.27 
rlimit: STACK 8192k, CORE 0k, NPROC 3837, NOFILE 1048576, AS infinity
load average:22.55 4.80 1.56

/proc/meminfo:
MemTotal:        1008492 kB
MemFree:           49592 kB
MemAvailable:          0 kB
Buffers:             636 kB
Cached:            14088 kB
SwapCached:            0 kB
Active:           818120 kB
Inactive:           2932 kB
Active(anon):     807240 kB
Inactive(anon):      252 kB
Active(file):      10880 kB
Inactive(file):     2680 kB
Unevictable:           0 kB
Mlocked:               0 kB
SwapTotal:             0 kB
SwapFree:              0 kB
Dirty:               320 kB
Writeback:             0 kB
AnonPages:        806904 kB
Mapped:            12168 kB
Shmem:               648 kB
Slab:              67976 kB
SReclaimable:      20344 kB
SUnreclaim:        47632 kB
KernelStack:       12976 kB
PageTables:        25072 kB
NFS_Unstable:          0 kB
Bounce:                0 kB
WritebackTmp:          0 kB
CommitLimit:      504244 kB
Committed_AS:    4568428 kB
VmallocTotal:   34359738367 kB
VmallocUsed:           0 kB
VmallocChunk:          0 kB
HardwareCorrupted:     0 kB
AnonHugePages:         0 kB
ShmemHugePages:        0 kB
ShmemPmdMapped:        0 kB
CmaTotal:              0 kB
CmaFree:               0 kB
HugePages_Total:       0
HugePages_Free:        0
HugePages_Rsvd:        0
HugePages_Surp:        0
Hugepagesize:       2048 kB
DirectMap4k:       83948 kB
DirectMap2M:      964608 kB
DirectMap1G:           0 kB

container (cgroup) information:
container_type: cgroupv1
cpu_cpuset_cpus: 0-2
cpu_memory_nodes: 0
active_processor_count: 3
cpu_quota: -1
cpu_period: 100000
cpu_shares: -1
memory_limit_in_bytes: -1
memory_and_swap_limit_in_bytes: -2
memory_soft_limit_in_bytes: -1
memory_usage_in_bytes: 776904704
memory_max_usage_in_bytes: 817807360


CPU:total 3 (initial active 3) (1 cores per cpu, 1 threads per core) family 6 model 85 stepping 4, cmov, cx8, fxsr, mmx, sse, sse2, sse3, ssse3, sse4.1, sse4.2, popcnt, avx, avx2, aes, clmul, erms, 3dnowpref, lzcnt, tsc, bmi1, bmi2, adx

/proc/cpuinfo:
processor	: 0
vendor_id	: GenuineIntel
cpu family	: 6
model		: 85
model name	: Intel(R) Xeon(R) Gold 6140 CPU @ 2.30GHz
stepping	: 4
microcode	: 0x1
cpu MHz		: 2294.608
cache size	: 4096 KB
physical id	: 0
siblings	: 1
core id		: 0
cpu cores	: 1
apicid		: 0
initial apicid	: 0
fpu		: yes
fpu_exception	: yes
cpuid level	: 13
wp		: yes
flags		: fpu vme de pse tsc msr pae mce cx8 apic sep mtrr pge mca cmov pat pse36 clflush mmx fxsr sse sse2 ss syscall nx pdpe1gb rdtscp lm constant_tsc arch_perfmon rep_good nopl cpuid tsc_known_freq pni pclmulqdq vmx ssse3 fma cx16 pcid sse4_1 sse4_2 x2apic movbe popcnt tsc_deadline_timer aes xsave avx f16c rdrand hypervisor lahf_lm abm 3dnowprefetch cpuid_fault invpcid_single pti ssbd ibrs ibpb tpr_shadow vnmi flexpriority ept vpid fsgsbase tsc_adjust bmi1 avx2 smep bmi2 erms invpcid mpx avx512f avx512dq rdseed adx smap clflushopt clwb avx512cd avx512bw avx512vl xsaveopt xsavec xgetbv1 pku ospke md_clear
bugs		: cpu_meltdown spectre_v1 spectre_v2 spec_store_bypass l1tf mds swapgs itlb_multihit
bogomips	: 4589.21
clflush size	: 64
cache_alignment	: 64
address sizes	: 40 bits physical, 48 bits virtual
power management:

processor	: 1
vendor_id	: GenuineIntel
cpu family	: 6
model		: 85
model name	: Intel(R) Xeon(R) Gold 6140 CPU @ 2.30GHz
stepping	: 4
microcode	: 0x1
cpu MHz		: 2294.608
cache size	: 4096 KB
physical id	: 1
siblings	: 1
core id		: 0
cpu cores	: 1
apicid		: 1
initial apicid	: 1
fpu		: yes
fpu_exception	: yes
cpuid level	: 13
wp		: yes
flags		: fpu vme de pse tsc msr pae mce cx8 apic sep mtrr pge mca cmov pat pse36 clflush mmx fxsr sse sse2 ss syscall nx pdpe1gb rdtscp lm constant_tsc arch_perfmon rep_good nopl cpuid tsc_known_freq pni pclmulqdq vmx ssse3 fma cx16 pcid sse4_1 sse4_2 x2apic movbe popcnt tsc_deadline_timer aes xsave avx f16c rdrand hypervisor lahf_lm abm 3dnowprefetch cpuid_fault invpcid_single pti ssbd ibrs ibpb tpr_shadow vnmi flexpriority ept vpid fsgsbase tsc_adjust bmi1 avx2 smep bmi2 erms invpcid mpx avx512f avx512dq rdseed adx smap clflushopt clwb avx512cd avx512bw avx512vl xsaveopt xsavec xgetbv1 pku ospke md_clear
bugs		: cpu_meltdown spectre_v1 spectre_v2 spec_store_bypass l1tf mds swapgs itlb_multihit
bogomips	: 4589.21
clflush size	: 64
cache_alignment	: 64
address sizes	: 40 bits physical, 48 bits virtual
power management:

processor	: 2
vendor_id	: GenuineIntel
cpu family	: 6
model		: 85
model name	: Intel(R) Xeon(R) Gold 6140 CPU @ 2.30GHz
stepping	: 4
microcode	: 0x1
cpu MHz		: 2294.608
cache size	: 4096 KB
physical id	: 2
siblings	: 1
core id		: 0
cpu cores	: 1
apicid		: 2
initial apicid	: 2
fpu		: yes
fpu_exception	: yes
cpuid level	: 13
wp		: yes
flags		: fpu vme de pse tsc msr pae mce cx8 apic sep mtrr pge mca cmov pat pse36 clflush mmx fxsr sse sse2 ss syscall nx pdpe1gb rdtscp lm constant_tsc arch_perfmon rep_good nopl cpuid tsc_known_freq pni pclmulqdq vmx ssse3 fma cx16 pcid sse4_1 sse4_2 x2apic movbe popcnt tsc_deadline_timer aes xsave avx f16c rdrand hypervisor lahf_lm abm 3dnowprefetch cpuid_fault invpcid_single pti ssbd ibrs ibpb tpr_shadow vnmi flexpriority ept vpid fsgsbase tsc_adjust bmi1 avx2 smep bmi2 erms invpcid mpx avx512f avx512dq rdseed adx smap clflushopt clwb avx512cd avx512bw avx512vl xsaveopt xsavec xgetbv1 pku ospke md_clear
bugs		: cpu_meltdown spectre_v1 spectre_v2 spec_store_bypass l1tf mds swapgs itlb_multihit
bogomips	: 4589.21
clflush size	: 64
cache_alignment	: 64
address sizes	: 40 bits physical, 48 bits virtual
power management:



Memory: 4k page, physical 1008492k(49592k free), swap 0k(0k free)

vm_info: OpenJDK 64-Bit Server VM (25.242-b08) for linux-amd64 JRE (1.8.0_242-8u242-b08-0ubuntu3~18.04-b08), built on Jan 17 2020 23:41:21 by "buildd" with gcc 7.4.0

time: Mon Apr  6 11:39:57 2020
timezone: UTC
elapsed time: 9 seconds (0d 0h 0m 9s)

