#
# A fatal error has been detected by the Java Runtime Environment:
#
#  SIGSEGV (0xb) at pc=0x00007f5fced8912a, pid=30915, tid=0x00007f600e457700
#
# JRE version: OpenJDK Runtime Environment (8.0_242-b08) (build 1.8.0_242-8u242-b08-0ubuntu3~18.04-b08)
# Java VM: OpenJDK 64-Bit Server VM (25.242-b08 mixed mode linux-amd64 compressed oops)
# Problematic frame:
# C  [mca_gds_ds21.so+0x212a]  pmix_gds_ds21_lock_init+0x12a
#
# Failed to write core dump. Core dumps have been disabled. To enable core dumping, try "ulimit -c unlimited" before starting Java again
#
# If you would like to submit a bug report, please visit:
#   http://bugreport.java.com/bugreport/crash.jsp
# The crash happened outside the Java Virtual Machine in native code.
# See problematic frame for where to report the bug.
#

---------------  T H R E A D  ---------------

Current thread (0x00007f600400b800):  JavaThread "main" [_thread_in_native, id=30921, stack(0x00007f600e358000,0x00007f600e458000)]

siginfo: si_signo: 11 (SIGSEGV), si_code: 1 (SEGV_MAPERR), si_addr: 0x00007f6008b8d008

Registers:
RAX=0x00007f60042a5080, RBX=0x00007f60042a4fa0, RCX=0x00007f5fcf1a985e, RDX=0x00007fff12482ce8
RSP=0x00007f600e455700, RBP=0x00007f60042a4ff8, RSI=0x0000000000085000, RDI=0x0000000000000000
R8 =0x000000000000001e, R9 =0x0000000000000000, R10=0x0000000000000001, R11=0x0000000000000000
R12=0x00007f60042a4bf8, R13=0x0000000000001000, R14=0x00007f6008b8d000, R15=0x00007f60042a4ff0
RIP=0x00007f5fced8912a, EFLAGS=0x0000000000010202, CSGSFS=0x002b000000000033, ERR=0x0000000000000004
  TRAPNO=0x000000000000000e

Top of Stack: (sp=0x00007f600e455700)
0x00007f600e455700:   00007f60042a4f50 00007fff12482ce8
0x00007f600e455710:   0000000000085000 000003e800000002
0x00007f600e455720:   0000000000000000 00007f600dcd62ed
0x00007f600e455730:   00007f60042a4c40 faf7c99ae9f1b500
0x00007f600e455740:   0000000000000000 00007f60042a4920
0x00007f600e455750:   0000000000000000 00007fff12482ce8
0x00007f600e455760:   0000000000000000 00007f60042a4b90
0x00007f600e455770:   0000000000000000 00007f5fcf1a5bcb
0x00007f600e455780:   00007f5fced89cee 00007f600e455810
0x00007f600e455790:   00007f5fd43cd513 0000001500000040
0x00007f600e4557a0:   00007f60042a0270 faf7c99ae9f1b500
0x00007f600e4557b0:   00007f5fcf19b280 00007f600429fd80
0x00007f600e4557c0:   00007f5fcef8b2d4 00007f5fd45f30a0
0x00007f600e4557d0:   00007f5fcef8b180 00007f5fd45f6fc0
0x00007f600e4557e0:   00007f60042a48d0 00007f5fced88db4
0x00007f600e4557f0:   00007f5fd45f3060 00007f5fd43b5ee8
0x00007f600e455800:   00007f5fd45f3100 00007f600e455834
0x00007f600e455810:   00007f600e455838 0000000000000000
0x00007f600e455820:   0000000000000000 00007f5fd45f6fd0
0x00007f600e455830:   0000001ed432adb0 00007f5fcef8b180
0x00007f600e455840:   0000000000000000 faf7c99ae9f1b500
0x00007f600e455850:   00007f5fd45f30a0 0000000000000000
0x00007f600e455860:   0000000000000000 00007f600422f160
0x00007f600e455870:   00007f5fd432adb0 00007f5fd45f2520
0x00007f600e455880:   0000000000000000 00007f5fd4370763
0x00007f600e455890:   000000000000000c 00007f5fd45f27d8
0x00007f600e4558a0:   2d69706d6e65706f 0000346576616c73
0x00007f600e4558b0:   00007f5fd42b5100 00007f5fd42b0b00
0x00007f600e4558c0:   00007f5fd42b864e 0000000100000000
0x00007f600e4558d0:   00007f600e4559d0 00007f6000000003
0x00007f600e4558e0:   00007f600e4559c0 faf7c99ae9f1b500
0x00007f600e4558f0:   00007f600422cb40 00007f5fd45f1f60 

Instructions: (pc=0x00007f5fced8912a)
0x00007f5fced8910a:   f7 ff ff 48 85 c0 49 89 47 30 0f 84 16 03 00 00
0x00007f5fced8911a:   4c 8b 70 18 49 8b 36 4c 39 ee 0f 87 ce 02 00 00
0x00007f5fced8912a:   41 8b 46 08 41 89 47 40 49 8b 56 18 4c 01 f2 85
0x00007f5fced8913a:   c0 49 89 57 38 0f 84 eb 02 00 00 31 c0 ba 01 00 

Register to memory mapping:

RAX=0x00007f60042a5080 is an unknown value
RBX=0x00007f60042a4fa0 is an unknown value
RCX=0x00007f5fcf1a985e: pmix_common_dstor_attach_new_lock_seg+0x1e in /usr/local/lib/libmca_common_dstore.so.1 at 0x00007f5fcf19c000
RDX=0x00007fff12482ce8 is an unknown value
RSP=0x00007f600e455700 is pointing into the stack for thread: 0x00007f600400b800
RBP=0x00007f60042a4ff8 is an unknown value
RSI=0x0000000000085000 is an unknown value
RDI=0x0000000000000000 is an unknown value
R8 =0x000000000000001e is an unknown value
R9 =0x0000000000000000 is an unknown value
R10=0x0000000000000001 is an unknown value
R11=0x0000000000000000 is an unknown value
R12=0x00007f60042a4bf8 is an unknown value
R13=0x0000000000001000 is an unknown value
R14=0x00007f6008b8d000 is an unknown value
R15=0x00007f60042a4ff0 is an unknown value


Stack: [0x00007f600e358000,0x00007f600e458000],  sp=0x00007f600e455700,  free space=1013k
Native frames: (J=compiled Java code, j=interpreted, Vv=VM code, C=native code)
C  [mca_gds_ds21.so+0x212a]  pmix_gds_ds21_lock_init+0x12a

Java frames: (J=compiled Java code, j=interpreted, Vv=VM code)
j  mpi.MPI.Init_jni([Ljava/lang/String;)[Ljava/lang/String;+0
j  mpi.MPI.Init([Ljava/lang/String;)[Ljava/lang/String;+17
j  Client.main([Ljava/lang/String;)V+1
v  ~StubRoutines::call_stub

---------------  P R O C E S S  ---------------

Java Threads: ( => current thread )
  0x00007f60040b7000 JavaThread "Service Thread" daemon [_thread_blocked, id=31077, stack(0x00007f6009382000,0x00007f6009483000)]
  0x00007f60040b4800 JavaThread "C1 CompilerThread1" daemon [_thread_blocked, id=31071, stack(0x00007f6009484000,0x00007f6009584000)]
  0x00007f60040b2000 JavaThread "C2 CompilerThread0" daemon [_thread_blocked, id=31050, stack(0x00007f6009585000,0x00007f6009685000)]
  0x00007f60040b0800 JavaThread "Signal Dispatcher" daemon [_thread_blocked, id=31018, stack(0x00007f6009685000,0x00007f6009786000)]
  0x00007f600407e000 JavaThread "Finalizer" daemon [_thread_blocked, id=30991, stack(0x00007f6009ac5000,0x00007f6009bc6000)]
  0x00007f6004079800 JavaThread "Reference Handler" daemon [_thread_blocked, id=30980, stack(0x00007f6009bc6000,0x00007f6009cc7000)]
=>0x00007f600400b800 JavaThread "main" [_thread_in_native, id=30921, stack(0x00007f600e358000,0x00007f600e458000)]

Other Threads:
  0x00007f600406f800 VMThread [stack: 0x00007f6009cc8000,0x00007f6009dc8000] [id=30956]
  0x00007f60040ba000 WatcherThread [stack: 0x00007f6009282000,0x00007f6009382000] [id=31086]

VM state:not at safepoint (normal execution)

VM Mutex/Monitor currently owned by a thread: None

heap address: 0x00000000f0800000, size: 248 MB, Compressed Oops mode: 32-bit
Narrow klass base: 0x0000000000000000, Narrow klass shift: 3
Compressed class space size: 1073741824 Address: 0x0000000100000000

Heap:
 def new generation   total 4928K, used 1441K [0x00000000f0800000, 0x00000000f0d50000, 0x00000000f5aa0000)
  eden space 4416K,  32% used [0x00000000f0800000, 0x00000000f0968610, 0x00000000f0c50000)
  from space 512K,   0% used [0x00000000f0c50000, 0x00000000f0c50000, 0x00000000f0cd0000)
  to   space 512K,   0% used [0x00000000f0cd0000, 0x00000000f0cd0000, 0x00000000f0d50000)
 tenured generation   total 10944K, used 0K [0x00000000f5aa0000, 0x00000000f6550000, 0x0000000100000000)
   the space 10944K,   0% used [0x00000000f5aa0000, 0x00000000f5aa0000, 0x00000000f5aa0200, 0x00000000f6550000)
 Metaspace       used 3113K, capacity 4792K, committed 5120K, reserved 1056768K
  class space    used 313K, capacity 424K, committed 512K, reserved 1048576K

Card table byte_map: [0x00007f600e2da000,0x00007f600e357000] byte_map_base: 0x00007f600db56000

Polling page: 0x00007f600e463000

CodeCache: size=245760Kb used=1250Kb max_used=1250Kb free=244509Kb
 bounds [0x00007f5ff5000000, 0x00007f5ff5270000, 0x00007f6004000000]
 total_blobs=378 nmethods=73 adapters=220
 compilation: enabled

Compilation events (10 events):
Event: 1.202 Thread 0x00007f60040b4800   67       3       java.util.zip.ZStreamRef::address (5 bytes)
Event: 1.202 Thread 0x00007f60040b4800 nmethod 67 0x00007f5ff512e550 code [0x00007f5ff512e6a0, 0x00007f5ff512e7f0]
Event: 1.227 Thread 0x00007f60040b4800   69       3       java.util.jar.JarFile::getJarEntry (9 bytes)
Event: 1.227 Thread 0x00007f60040b4800 nmethod 69 0x00007f5ff512ebd0 code [0x00007f5ff512ed80, 0x00007f5ff512f238]
Event: 1.227 Thread 0x00007f60040b4800   70       3       java.util.jar.JarFile::getEntry (22 bytes)
Event: 1.227 Thread 0x00007f60040b4800 nmethod 70 0x00007f5ff512f450 code [0x00007f5ff512f5e0, 0x00007f5ff512f938]
Event: 1.227 Thread 0x00007f60040b4800   71   !   3       java.util.zip.ZipFile::getEntry (101 bytes)
Event: 1.228 Thread 0x00007f60040b4800 nmethod 71 0x00007f5ff512fa90 code [0x00007f5ff512fc60, 0x00007f5ff51302d8]
Event: 1.403 Thread 0x00007f60040b4800   72       3       java.util.concurrent.ConcurrentHashMap::setTabAt (19 bytes)
Event: 1.403 Thread 0x00007f60040b4800 nmethod 72 0x00007f5ff51387d0 code [0x00007f5ff5138920, 0x00007f5ff5138a90]

GC Heap History (0 events):
No events

Deoptimization events (0 events):
No events

Classes redefined (0 events):
No events

Internal exceptions (5 events):
Event: 0.153 Thread 0x00007f600400b800 Exception <a 'java/lang/NoSuchMethodError': Method sun.misc.Unsafe.defineClass(Ljava/lang/String;[BII)Ljava/lang/Class; name or signature does not match> (0x00000000f0807cc8) thrown at [/build/openjdk-8-58sEEn/openjdk-8-8u242-b08/src/hotspot/src/share/vm/
Event: 0.153 Thread 0x00007f600400b800 Exception <a 'java/lang/NoSuchMethodError': Method sun.misc.Unsafe.prefetchRead(Ljava/lang/Object;J)V name or signature does not match> (0x00000000f0807fb0) thrown at [/build/openjdk-8-58sEEn/openjdk-8-8u242-b08/src/hotspot/src/share/vm/prims/jni.cpp, lin
Event: 0.487 Thread 0x00007f600400b800 Exception <a 'java/util/zip/ZipException'> (0x00000000f085dec8) thrown at [/build/openjdk-8-58sEEn/openjdk-8-8u242-b08/src/hotspot/src/share/vm/prims/jni.cpp, line 710]
Event: 0.487 Thread 0x00007f600400b800 Exception <a 'java/security/PrivilegedActionException'> (0x00000000f085e168) thrown at [/build/openjdk-8-58sEEn/openjdk-8-8u242-b08/src/hotspot/src/share/vm/prims/jvm.cpp, line 1502]
Event: 0.487 Thread 0x00007f600400b800 Exception <a 'java/security/PrivilegedActionException'> (0x00000000f085e378) thrown at [/build/openjdk-8-58sEEn/openjdk-8-8u242-b08/src/hotspot/src/share/vm/prims/jvm.cpp, line 1502]

Events (10 events):
Event: 1.142 loading class mpi/Constant
Event: 1.142 loading class mpi/Constant done
Event: 1.188 loading class mpi/Errhandler
Event: 1.188 loading class mpi/Errhandler done
Event: 1.194 loading class mpi/Intracomm
Event: 1.194 loading class mpi/Intracomm done
Event: 1.227 loading class mpi/Comm
Event: 1.227 loading class mpi/Comm done
Event: 1.401 loading class mpi/Version
Event: 1.401 loading class mpi/Version done


Dynamic libraries:
f0800000-f0d50000 rw-p 00000000 00:00 0 
f0d50000-f5aa0000 ---p 00000000 00:00 0 
f5aa0000-f6550000 rw-p 00000000 00:00 0 
f6550000-100000000 ---p 00000000 00:00 0 
100000000-100080000 rw-p 00000000 00:00 0 
100080000-140000000 ---p 00000000 00:00 0 
5587f2dce000-5587f2dcf000 r-xp 00000000 fc:01 2076260                    /usr/lib/jvm/java-8-openjdk-amd64/jre/bin/java
5587f2fce000-5587f2fcf000 r--p 00000000 fc:01 2076260                    /usr/lib/jvm/java-8-openjdk-amd64/jre/bin/java
5587f2fcf000-5587f2fd0000 rw-p 00001000 fc:01 2076260                    /usr/lib/jvm/java-8-openjdk-amd64/jre/bin/java
5587f4325000-5587f4346000 rw-p 00000000 00:00 0                          [heap]
7f5fc8000000-7f5fc8021000 rw-p 00000000 00:00 0 
7f5fc8021000-7f5fcc000000 ---p 00000000 00:00 0 
7f5fceb84000-7f5fceb86000 r-xp 00000000 fc:01 528289                     /usr/local/lib/pmix/mca_pshmem_mmap.so
7f5fceb86000-7f5fced85000 ---p 00002000 fc:01 528289                     /usr/local/lib/pmix/mca_pshmem_mmap.so
7f5fced85000-7f5fced86000 r--p 00001000 fc:01 528289                     /usr/local/lib/pmix/mca_pshmem_mmap.so
7f5fced86000-7f5fced87000 rw-p 00002000 fc:01 528289                     /usr/local/lib/pmix/mca_pshmem_mmap.so
7f5fced87000-7f5fced8b000 r-xp 00000000 fc:01 528265                     /usr/local/lib/pmix/mca_gds_ds21.so
7f5fced8b000-7f5fcef8a000 ---p 00004000 fc:01 528265                     /usr/local/lib/pmix/mca_gds_ds21.so
7f5fcef8a000-7f5fcef8b000 r--p 00003000 fc:01 528265                     /usr/local/lib/pmix/mca_gds_ds21.so
7f5fcef8b000-7f5fcef8c000 rw-p 00004000 fc:01 528265                     /usr/local/lib/pmix/mca_gds_ds21.so
7f5fcef8c000-7f5fcef9b000 r-xp 00000000 fc:01 528267                     /usr/local/lib/pmix/mca_gds_hash.so
7f5fcef9b000-7f5fcf19a000 ---p 0000f000 fc:01 528267                     /usr/local/lib/pmix/mca_gds_hash.so
7f5fcf19a000-7f5fcf19b000 r--p 0000e000 fc:01 528267                     /usr/local/lib/pmix/mca_gds_hash.so
7f5fcf19b000-7f5fcf19c000 rw-p 0000f000 fc:01 528267                     /usr/local/lib/pmix/mca_gds_hash.so
7f5fcf19c000-7f5fcf1ab000 r-xp 00000000 fc:01 7027                       /usr/local/lib/libmca_common_dstore.so.1.0.0
7f5fcf1ab000-7f5fcf3aa000 ---p 0000f000 fc:01 7027                       /usr/local/lib/libmca_common_dstore.so.1.0.0
7f5fcf3aa000-7f5fcf3ab000 r--p 0000e000 fc:01 7027                       /usr/local/lib/libmca_common_dstore.so.1.0.0
7f5fcf3ab000-7f5fcf3ac000 rw-p 0000f000 fc:01 7027                       /usr/local/lib/libmca_common_dstore.so.1.0.0
7f5fcf3ac000-7f5fcf3b0000 r-xp 00000000 fc:01 528263                     /usr/local/lib/pmix/mca_gds_ds12.so
7f5fcf3b0000-7f5fcf5af000 ---p 00004000 fc:01 528263                     /usr/local/lib/pmix/mca_gds_ds12.so
7f5fcf5af000-7f5fcf5b0000 r--p 00003000 fc:01 528263                     /usr/local/lib/pmix/mca_gds_ds12.so
7f5fcf5b0000-7f5fcf5b1000 rw-p 00004000 fc:01 528263                     /usr/local/lib/pmix/mca_gds_ds12.so
7f5fcf5b1000-7f5fcf5b9000 r-xp 00000000 fc:01 528293                     /usr/local/lib/pmix/mca_ptl_usock.so
7f5fcf5b9000-7f5fcf7b8000 ---p 00008000 fc:01 528293                     /usr/local/lib/pmix/mca_ptl_usock.so
7f5fcf7b8000-7f5fcf7b9000 r--p 00007000 fc:01 528293                     /usr/local/lib/pmix/mca_ptl_usock.so
7f5fcf7b9000-7f5fcf7ba000 rw-p 00008000 fc:01 528293                     /usr/local/lib/pmix/mca_ptl_usock.so
7f5fcf7ba000-7f5fcf7cb000 r-xp 00000000 fc:01 528291                     /usr/local/lib/pmix/mca_ptl_tcp.so
7f5fcf7cb000-7f5fcf9ca000 ---p 00011000 fc:01 528291                     /usr/local/lib/pmix/mca_ptl_tcp.so
7f5fcf9ca000-7f5fcf9cb000 r--p 00010000 fc:01 528291                     /usr/local/lib/pmix/mca_ptl_tcp.so
7f5fcf9cb000-7f5fcf9cc000 rw-p 00011000 fc:01 528291                     /usr/local/lib/pmix/mca_ptl_tcp.so
7f5fcf9cc000-7f5fcf9dd000 r-xp 00000000 fc:01 528255                     /usr/local/lib/pmix/mca_bfrops_v12.so
7f5fcf9dd000-7f5fcfbdd000 ---p 00011000 fc:01 528255                     /usr/local/lib/pmix/mca_bfrops_v12.so
7f5fcfbdd000-7f5fcfbde000 r--p 00011000 fc:01 528255                     /usr/local/lib/pmix/mca_bfrops_v12.so
7f5fcfbde000-7f5fcfbdf000 rw-p 00012000 fc:01 528255                     /usr/local/lib/pmix/mca_bfrops_v12.so
7f5fcfbdf000-7f5fcfbf6000 r-xp 00000000 fc:01 528257                     /usr/local/lib/pmix/mca_bfrops_v20.so
7f5fcfbf6000-7f5fcfdf5000 ---p 00017000 fc:01 528257                     /usr/local/lib/pmix/mca_bfrops_v20.so
7f5fcfdf5000-7f5fcfdf6000 r--p 00016000 fc:01 528257                     /usr/local/lib/pmix/mca_bfrops_v20.so
7f5fcfdf6000-7f5fcfdf7000 rw-p 00017000 fc:01 528257                     /usr/local/lib/pmix/mca_bfrops_v20.so
7f5fcfdf7000-7f5fcfdff000 r-xp 00000000 fc:01 528261                     /usr/local/lib/pmix/mca_bfrops_v3.so
7f5fcfdff000-7f5fcfffe000 ---p 00008000 fc:01 528261                     /usr/local/lib/pmix/mca_bfrops_v3.so
7f5fcfffe000-7f5fcffff000 r--p 00007000 fc:01 528261                     /usr/local/lib/pmix/mca_bfrops_v3.so
7f5fcffff000-7f5fd0000000 rw-p 00008000 fc:01 528261                     /usr/local/lib/pmix/mca_bfrops_v3.so
7f5fd0000000-7f5fd0021000 rw-p 00000000 00:00 0 
7f5fd0021000-7f5fd4000000 ---p 00000000 00:00 0 
7f5fd40a7000-7f5fd40ae000 r-xp 00000000 fc:01 528259                     /usr/local/lib/pmix/mca_bfrops_v21.so
7f5fd40ae000-7f5fd42ae000 ---p 00007000 fc:01 528259                     /usr/local/lib/pmix/mca_bfrops_v21.so
7f5fd42ae000-7f5fd42af000 r--p 00007000 fc:01 528259                     /usr/local/lib/pmix/mca_bfrops_v21.so
7f5fd42af000-7f5fd42b0000 rw-p 00008000 fc:01 528259                     /usr/local/lib/pmix/mca_bfrops_v21.so
7f5fd42b0000-7f5fd43ef000 r-xp 00000000 fc:01 528295                     /usr/local/lib/openmpi/mca_pmix_pmix3x.so
7f5fd43ef000-7f5fd45ef000 ---p 0013f000 fc:01 528295                     /usr/local/lib/openmpi/mca_pmix_pmix3x.so
7f5fd45ef000-7f5fd45f0000 r--p 0013f000 fc:01 528295                     /usr/local/lib/openmpi/mca_pmix_pmix3x.so
7f5fd45f0000-7f5fd45f5000 rw-p 00140000 fc:01 528295                     /usr/local/lib/openmpi/mca_pmix_pmix3x.so
7f5fd45f5000-7f5fd45f8000 rw-p 00000000 00:00 0 
7f5fd45fb000-7f5fd45fd000 r-xp 00000000 fc:01 528281                     /usr/local/lib/pmix/mca_psec_native.so
7f5fd45fd000-7f5fd47fc000 ---p 00002000 fc:01 528281                     /usr/local/lib/pmix/mca_psec_native.so
7f5fd47fc000-7f5fd47fd000 r--p 00001000 fc:01 528281                     /usr/local/lib/pmix/mca_psec_native.so
7f5fd47fd000-7f5fd47fe000 rw-p 00002000 fc:01 528281                     /usr/local/lib/pmix/mca_psec_native.so
7f5fd47fe000-7f5fd47ff000 ---p 00000000 00:00 0 
7f5fd47ff000-7f5fd8000000 rw-p 00000000 00:00 0 
7f5fd8000000-7f5fd816b000 rw-p 00000000 00:00 0 
7f5fd816b000-7f5fdc000000 ---p 00000000 00:00 0 
7f5fdc000000-7f5fdc021000 rw-p 00000000 00:00 0 
7f5fdc021000-7f5fe0000000 ---p 00000000 00:00 0 
7f5fe0000000-7f5fe0021000 rw-p 00000000 00:00 0 
7f5fe0021000-7f5fe4000000 ---p 00000000 00:00 0 
7f5fe4000000-7f5fe404f000 rw-p 00000000 00:00 0 
7f5fe404f000-7f5fe8000000 ---p 00000000 00:00 0 
7f5fe8000000-7f5fe8021000 rw-p 00000000 00:00 0 
7f5fe8021000-7f5fec000000 ---p 00000000 00:00 0 
7f5fec000000-7f5fec021000 rw-p 00000000 00:00 0 
7f5fec021000-7f5ff0000000 ---p 00000000 00:00 0 
7f5ff0000000-7f5ff0021000 rw-p 00000000 00:00 0 
7f5ff0021000-7f5ff4000000 ---p 00000000 00:00 0 
7f5ff415d000-7f5ff41e2000 rw-s 00000000 fc:01 528966                     /tmp/ompi.openmpi-slave4.1000/jf.8274/pmix_dstor_ds21_30887/smlockseg-542244865
7f5ff41e2000-7f5ff41e6000 r-xp 00000000 fc:01 528333                     /usr/local/lib/openmpi/mca_ess_pmi.so
7f5ff41e6000-7f5ff43e5000 ---p 00004000 fc:01 528333                     /usr/local/lib/openmpi/mca_ess_pmi.so
7f5ff43e5000-7f5ff43e6000 r--p 00003000 fc:01 528333                     /usr/local/lib/openmpi/mca_ess_pmi.so
7f5ff43e6000-7f5ff43e7000 rw-p 00004000 fc:01 528333                     /usr/local/lib/openmpi/mca_ess_pmi.so
7f5ff43e7000-7f5ff43e8000 r-xp 00000000 fc:01 528401                     /usr/local/lib/openmpi/mca_schizo_orte.so
7f5ff43e8000-7f5ff45e7000 ---p 00001000 fc:01 528401                     /usr/local/lib/openmpi/mca_schizo_orte.so
7f5ff45e7000-7f5ff45e8000 r--p 00000000 fc:01 528401                     /usr/local/lib/openmpi/mca_schizo_orte.so
7f5ff45e8000-7f5ff45e9000 rw-p 00001000 fc:01 528401                     /usr/local/lib/openmpi/mca_schizo_orte.so
7f5ff45e9000-7f5ff45eb000 r-xp 00000000 fc:01 528403                     /usr/local/lib/openmpi/mca_schizo_slurm.so
7f5ff45eb000-7f5ff47ea000 ---p 00002000 fc:01 528403                     /usr/local/lib/openmpi/mca_schizo_slurm.so
7f5ff47ea000-7f5ff47eb000 r--p 00001000 fc:01 528403                     /usr/local/lib/openmpi/mca_schizo_slurm.so
7f5ff47eb000-7f5ff47ec000 rw-p 00002000 fc:01 528403                     /usr/local/lib/openmpi/mca_schizo_slurm.so
7f5ff47ec000-7f5ff47f4000 r-xp 00000000 fc:01 528399                     /usr/local/lib/openmpi/mca_schizo_ompi.so
7f5ff47f4000-7f5ff49f3000 ---p 00008000 fc:01 528399                     /usr/local/lib/openmpi/mca_schizo_ompi.so
7f5ff49f3000-7f5ff49f4000 r--p 00007000 fc:01 528399                     /usr/local/lib/openmpi/mca_schizo_ompi.so
7f5ff49f4000-7f5ff49f6000 rw-p 00008000 fc:01 528399                     /usr/local/lib/openmpi/mca_schizo_ompi.so
7f5ff49f6000-7f5ff49f7000 r-xp 00000000 fc:01 528397                     /usr/local/lib/openmpi/mca_schizo_flux.so
7f5ff49f7000-7f5ff4bf7000 ---p 00001000 fc:01 528397                     /usr/local/lib/openmpi/mca_schizo_flux.so
7f5ff4bf7000-7f5ff4bf8000 r--p 00001000 fc:01 528397                     /usr/local/lib/openmpi/mca_schizo_flux.so
7f5ff4bf8000-7f5ff4bf9000 rw-p 00002000 fc:01 528397                     /usr/local/lib/openmpi/mca_schizo_flux.so
7f5ff4bf9000-7f5ff4bfb000 r-xp 00000000 fc:01 528301                     /usr/local/lib/openmpi/mca_reachable_weighted.so
7f5ff4bfb000-7f5ff4dfa000 ---p 00002000 fc:01 528301                     /usr/local/lib/openmpi/mca_reachable_weighted.so
7f5ff4dfa000-7f5ff4dfb000 r--p 00001000 fc:01 528301                     /usr/local/lib/openmpi/mca_reachable_weighted.so
7f5ff4dfb000-7f5ff4dfc000 rw-p 00002000 fc:01 528301                     /usr/local/lib/openmpi/mca_reachable_weighted.so
7f5ff4dfc000-7f5ff4dff000 r-xp 00000000 fc:01 528303                     /usr/local/lib/openmpi/mca_shmem_mmap.so
7f5ff4dff000-7f5ff4ffe000 ---p 00003000 fc:01 528303                     /usr/local/lib/openmpi/mca_shmem_mmap.so
7f5ff4ffe000-7f5ff4fff000 r--p 00002000 fc:01 528303                     /usr/local/lib/openmpi/mca_shmem_mmap.so
7f5ff4fff000-7f5ff5000000 rw-p 00003000 fc:01 528303                     /usr/local/lib/openmpi/mca_shmem_mmap.so
7f5ff5000000-7f5ff5270000 rwxp 00000000 00:00 0 
7f5ff5270000-7f6004000000 ---p 00000000 00:00 0 
7f6004000000-7f60042a7000 rw-p 00000000 00:00 0 
7f60042a7000-7f6008000000 ---p 00000000 00:00 0 
7f6008080000-7f6008082000 r-xp 00000000 fc:01 2182                       /lib/x86_64-linux-gnu/libutil-2.27.so
7f6008082000-7f6008281000 ---p 00002000 fc:01 2182                       /lib/x86_64-linux-gnu/libutil-2.27.so
7f6008281000-7f6008282000 r--p 00001000 fc:01 2182                       /lib/x86_64-linux-gnu/libutil-2.27.so
7f6008282000-7f6008283000 rw-p 00002000 fc:01 2182                       /lib/x86_64-linux-gnu/libutil-2.27.so
7f6008283000-7f6008336000 r-xp 00000000 fc:01 7145                       /usr/local/lib/libopen-rte.so.40.20.1
7f6008336000-7f6008535000 ---p 000b3000 fc:01 7145                       /usr/local/lib/libopen-rte.so.40.20.1
7f6008535000-7f6008537000 r--p 000b2000 fc:01 7145                       /usr/local/lib/libopen-rte.so.40.20.1
7f6008537000-7f600853b000 rw-p 000b4000 fc:01 7145                       /usr/local/lib/libopen-rte.so.40.20.1
7f600853b000-7f600853e000 rw-p 00000000 00:00 0 
7f600853e000-7f6008645000 r-xp 00000000 fc:01 4301                       /usr/local/lib/libopen-pal.so.40.20.1
7f6008645000-7f6008845000 ---p 00107000 fc:01 4301                       /usr/local/lib/libopen-pal.so.40.20.1
7f6008845000-7f6008848000 r--p 00107000 fc:01 4301                       /usr/local/lib/libopen-pal.so.40.20.1
7f6008848000-7f600884e000 rw-p 0010a000 fc:01 4301                       /usr/local/lib/libopen-pal.so.40.20.1
7f600884e000-7f6008855000 rw-p 00000000 00:00 0 
7f6008855000-7f6008962000 r-xp 00000000 fc:01 7360                       /usr/local/lib/libmpi.so.40.20.1
7f6008962000-7f6008b61000 ---p 0010d000 fc:01 7360                       /usr/local/lib/libmpi.so.40.20.1
7f6008b61000-7f6008b63000 r--p 0010c000 fc:01 7360                       /usr/local/lib/libmpi.so.40.20.1
7f6008b63000-7f6008b74000 rw-p 0010e000 fc:01 7360                       /usr/local/lib/libmpi.so.40.20.1
7f6008b74000-7f6008b86000 rw-p 00000000 00:00 0 
7f6008b8e000-7f6008b8f000 r--s 00000000 fc:01 528967                     /tmp/ompi.openmpi-slave4.1000/jf.8274/pmix_dstor_ds12_30887/initial-pmix_shared-segment-0
7f6008b8f000-7f6008b90000 rw-s 00000000 fc:01 528968                     /tmp/ompi.openmpi-slave4.1000/jf.8274/pmix_dstor_ds12_30887/dstore_sm.lock
7f6008b90000-7f6008bb8000 r-xp 00000000 fc:01 29879                      /usr/local/lib/libmpi_java.so.40.20.0
7f6008bb8000-7f6008db7000 ---p 00028000 fc:01 29879                      /usr/local/lib/libmpi_java.so.40.20.0
7f6008db7000-7f6008db8000 r--p 00027000 fc:01 29879                      /usr/local/lib/libmpi_java.so.40.20.0
7f6008db8000-7f6008db9000 rw-p 00028000 fc:01 29879                      /usr/local/lib/libmpi_java.so.40.20.0
7f6008db9000-7f6008dba000 r--s 0000f000 00:34 527712                     /home/mpiuser/cloud/fyp/java_client/lib/mpi.jar
7f6008dba000-7f6008dbd000 r--s 0000e000 00:34 527707                     /home/mpiuser/cloud/fyp/java_client/lib/jackson-annotations-2.10.3.jar
7f6008dbd000-7f6008dda000 r--s 00142000 00:34 527719                     /home/mpiuser/cloud/fyp/java_client/lib/spring-web-5.2.5.RELEASE.jar
7f6008dda000-7f6008de7000 r--s 00090000 00:34 527704                     /home/mpiuser/cloud/fyp/java_client/lib/amqp-client-5.8.0.jar
7f6008de7000-7f6008de8000 r--s 00003000 00:34 527715                     /home/mpiuser/cloud/fyp/java_client/lib/slf4j-simple-1.7.30.jar
7f6008de8000-7f6008dfd000 r--s 00142000 00:34 527710                     /home/mpiuser/cloud/fyp/java_client/lib/jackson-databind-2.10.2.jar
7f6008dfd000-7f6008e12000 r--s 00142000 00:34 527711                     /home/mpiuser/cloud/fyp/java_client/lib/jackson-databind-2.10.3.jar
7f6008e12000-7f6008e13000 r--s 00005000 00:34 527718                     /home/mpiuser/cloud/fyp/java_client/lib/spring-jcl-5.2.5.RELEASE.jar
7f6008e13000-7f6008e2a000 r-xp 00000000 fc:01 2076298                    /usr/lib/jvm/java-8-openjdk-amd64/jre/lib/amd64/libnet.so
7f6008e2a000-7f6009029000 ---p 00017000 fc:01 2076298                    /usr/lib/jvm/java-8-openjdk-amd64/jre/lib/amd64/libnet.so
7f6009029000-7f600902a000 r--p 00016000 fc:01 2076298                    /usr/lib/jvm/java-8-openjdk-amd64/jre/lib/amd64/libnet.so
7f600902a000-7f600902b000 rw-p 00017000 fc:01 2076298                    /usr/lib/jvm/java-8-openjdk-amd64/jre/lib/amd64/libnet.so
7f600902b000-7f600903c000 r-xp 00000000 fc:01 2076299                    /usr/lib/jvm/java-8-openjdk-amd64/jre/lib/amd64/libnio.so
7f600903c000-7f600923c000 ---p 00011000 fc:01 2076299                    /usr/lib/jvm/java-8-openjdk-amd64/jre/lib/amd64/libnio.so
7f600923c000-7f600923d000 r--p 00011000 fc:01 2076299                    /usr/lib/jvm/java-8-openjdk-amd64/jre/lib/amd64/libnio.so
7f600923d000-7f600923e000 rw-p 00012000 fc:01 2076299                    /usr/lib/jvm/java-8-openjdk-amd64/jre/lib/amd64/libnio.so
7f600923e000-7f6009259000 r--s 001d6000 fc:01 2076325                    /usr/lib/jvm/java-8-openjdk-amd64/jre/lib/ext/nashorn.jar
7f6009259000-7f600925d000 r--s 0003a000 fc:01 2076328                    /usr/lib/jvm/java-8-openjdk-amd64/jre/lib/ext/sunpkcs11.jar
7f600925d000-7f6009262000 r--s 0003d000 fc:01 2076327                    /usr/lib/jvm/java-8-openjdk-amd64/jre/lib/ext/sunjce_provider.jar
7f6009262000-7f6009263000 r--s 00010000 fc:01 2076329                    /usr/lib/jvm/java-8-openjdk-amd64/jre/lib/ext/zipfs.jar
7f6009263000-7f6009264000 r--s 0000a000 fc:01 2076323                    /usr/lib/jvm/java-8-openjdk-amd64/jre/lib/ext/jaccess.jar
7f6009264000-7f6009266000 r--s 00007000 fc:01 29713                      /usr/share/java/java-atk-wrapper.jar
7f6009266000-7f6009281000 r--s 00394000 fc:01 2076320                    /usr/lib/jvm/java-8-openjdk-amd64/jre/lib/ext/cldrdata.jar
7f6009281000-7f6009282000 ---p 00000000 00:00 0 
7f6009282000-7f6009382000 rw-p 00000000 00:00 0 
7f6009382000-7f6009385000 ---p 00000000 00:00 0 
7f6009385000-7f6009483000 rw-p 00000000 00:00 0 
7f6009483000-7f6009484000 ---p 00000000 00:00 0 
7f6009484000-7f6009487000 ---p 00000000 00:00 0 
7f6009487000-7f6009584000 rw-p 00000000 00:00 0 
7f6009584000-7f6009585000 ---p 00000000 00:00 0 
7f6009585000-7f6009588000 ---p 00000000 00:00 0 
7f6009588000-7f6009685000 rw-p 00000000 00:00 0 
7f6009685000-7f6009688000 ---p 00000000 00:00 0 
7f6009688000-7f6009786000 rw-p 00000000 00:00 0 
7f6009786000-7f60097b7000 r--p 00000000 fc:01 7802                       /usr/lib/locale/C.UTF-8/LC_CTYPE
7f60097b7000-7f600992a000 r--p 00000000 fc:01 7801                       /usr/lib/locale/C.UTF-8/LC_COLLATE
7f600992a000-7f6009ac5000 r--p 00000000 fc:01 7796                       /usr/lib/locale/locale-archive
7f6009ac5000-7f6009ac8000 ---p 00000000 00:00 0 
7f6009ac8000-7f6009bc6000 rw-p 00000000 00:00 0 
7f6009bc6000-7f6009bc9000 ---p 00000000 00:00 0 
7f6009bc9000-7f6009cc7000 rw-p 00000000 00:00 0 
7f6009cc7000-7f6009cc8000 ---p 00000000 00:00 0 
7f6009cc8000-7f6009e16000 rw-p 00000000 00:00 0 
7f6009e16000-7f6009fe6000 r--s 03c68000 fc:01 2076349                    /usr/lib/jvm/java-8-openjdk-amd64/jre/lib/rt.jar
7f6009fe6000-7f600a55f000 rw-p 00000000 00:00 0 
7f600a55f000-7f600a8df000 ---p 00000000 00:00 0 
7f600a8df000-7f600a8e9000 rw-p 00000000 00:00 0 
7f600a8e9000-7f600ac9f000 ---p 00000000 00:00 0 
7f600ac9f000-7f600aca7000 r-xp 00000000 fc:01 2076306                    /usr/lib/jvm/java-8-openjdk-amd64/jre/lib/amd64/libzip.so
7f600aca7000-7f600aea6000 ---p 00008000 fc:01 2076306                    /usr/lib/jvm/java-8-openjdk-amd64/jre/lib/amd64/libzip.so
7f600aea6000-7f600aea7000 r--p 00007000 fc:01 2076306                    /usr/lib/jvm/java-8-openjdk-amd64/jre/lib/amd64/libzip.so
7f600aea7000-7f600aea8000 rw-p 00008000 fc:01 2076306                    /usr/lib/jvm/java-8-openjdk-amd64/jre/lib/amd64/libzip.so
7f600aea8000-7f600aeb3000 r-xp 00000000 fc:01 2093                       /lib/x86_64-linux-gnu/libnss_files-2.27.so
7f600aeb3000-7f600b0b2000 ---p 0000b000 fc:01 2093                       /lib/x86_64-linux-gnu/libnss_files-2.27.so
7f600b0b2000-7f600b0b3000 r--p 0000a000 fc:01 2093                       /lib/x86_64-linux-gnu/libnss_files-2.27.so
7f600b0b3000-7f600b0b4000 rw-p 0000b000 fc:01 2093                       /lib/x86_64-linux-gnu/libnss_files-2.27.so
7f600b0b4000-7f600b0ba000 rw-p 00000000 00:00 0 
7f600b0ba000-7f600b0d1000 r-xp 00000000 fc:01 2090                       /lib/x86_64-linux-gnu/libnsl-2.27.so
7f600b0d1000-7f600b2d0000 ---p 00017000 fc:01 2090                       /lib/x86_64-linux-gnu/libnsl-2.27.so
7f600b2d0000-7f600b2d1000 r--p 00016000 fc:01 2090                       /lib/x86_64-linux-gnu/libnsl-2.27.so
7f600b2d1000-7f600b2d2000 rw-p 00017000 fc:01 2090                       /lib/x86_64-linux-gnu/libnsl-2.27.so
7f600b2d2000-7f600b2d4000 rw-p 00000000 00:00 0 
7f600b2d4000-7f600b2df000 r-xp 00000000 fc:01 2095                       /lib/x86_64-linux-gnu/libnss_nis-2.27.so
7f600b2df000-7f600b4de000 ---p 0000b000 fc:01 2095                       /lib/x86_64-linux-gnu/libnss_nis-2.27.so
7f600b4de000-7f600b4df000 r--p 0000a000 fc:01 2095                       /lib/x86_64-linux-gnu/libnss_nis-2.27.so
7f600b4df000-7f600b4e0000 rw-p 0000b000 fc:01 2095                       /lib/x86_64-linux-gnu/libnss_nis-2.27.so
7f600b4e0000-7f600b4e8000 r-xp 00000000 fc:01 2091                       /lib/x86_64-linux-gnu/libnss_compat-2.27.so
7f600b4e8000-7f600b6e8000 ---p 00008000 fc:01 2091                       /lib/x86_64-linux-gnu/libnss_compat-2.27.so
7f600b6e8000-7f600b6e9000 r--p 00008000 fc:01 2091                       /lib/x86_64-linux-gnu/libnss_compat-2.27.so
7f600b6e9000-7f600b6ea000 rw-p 00009000 fc:01 2091                       /lib/x86_64-linux-gnu/libnss_compat-2.27.so
7f600b6ea000-7f600b714000 r-xp 00000000 fc:01 2076287                    /usr/lib/jvm/java-8-openjdk-amd64/jre/lib/amd64/libjava.so
7f600b714000-7f600b913000 ---p 0002a000 fc:01 2076287                    /usr/lib/jvm/java-8-openjdk-amd64/jre/lib/amd64/libjava.so
7f600b913000-7f600b914000 r--p 00029000 fc:01 2076287                    /usr/lib/jvm/java-8-openjdk-amd64/jre/lib/amd64/libjava.so
7f600b914000-7f600b916000 rw-p 0002a000 fc:01 2076287                    /usr/lib/jvm/java-8-openjdk-amd64/jre/lib/amd64/libjava.so
7f600b916000-7f600b926000 r-xp 00000000 fc:01 2076305                    /usr/lib/jvm/java-8-openjdk-amd64/jre/lib/amd64/libverify.so
7f600b926000-7f600bb25000 ---p 00010000 fc:01 2076305                    /usr/lib/jvm/java-8-openjdk-amd64/jre/lib/amd64/libverify.so
7f600bb25000-7f600bb27000 r--p 0000f000 fc:01 2076305                    /usr/lib/jvm/java-8-openjdk-amd64/jre/lib/amd64/libverify.so
7f600bb27000-7f600bb28000 rw-p 00011000 fc:01 2076305                    /usr/lib/jvm/java-8-openjdk-amd64/jre/lib/amd64/libverify.so
7f600bb28000-7f600bb2f000 r-xp 00000000 fc:01 2180                       /lib/x86_64-linux-gnu/librt-2.27.so
7f600bb2f000-7f600bd2e000 ---p 00007000 fc:01 2180                       /lib/x86_64-linux-gnu/librt-2.27.so
7f600bd2e000-7f600bd2f000 r--p 00006000 fc:01 2180                       /lib/x86_64-linux-gnu/librt-2.27.so
7f600bd2f000-7f600bd30000 rw-p 00007000 fc:01 2180                       /lib/x86_64-linux-gnu/librt-2.27.so
7f600bd30000-7f600bd47000 r-xp 00000000 fc:01 29118                      /lib/x86_64-linux-gnu/libgcc_s.so.1
7f600bd47000-7f600bf46000 ---p 00017000 fc:01 29118                      /lib/x86_64-linux-gnu/libgcc_s.so.1
7f600bf46000-7f600bf47000 r--p 00016000 fc:01 29118                      /lib/x86_64-linux-gnu/libgcc_s.so.1
7f600bf47000-7f600bf48000 rw-p 00017000 fc:01 29118                      /lib/x86_64-linux-gnu/libgcc_s.so.1
7f600bf48000-7f600c0e5000 r-xp 00000000 fc:01 2087                       /lib/x86_64-linux-gnu/libm-2.27.so
7f600c0e5000-7f600c2e4000 ---p 0019d000 fc:01 2087                       /lib/x86_64-linux-gnu/libm-2.27.so
7f600c2e4000-7f600c2e5000 r--p 0019c000 fc:01 2087                       /lib/x86_64-linux-gnu/libm-2.27.so
7f600c2e5000-7f600c2e6000 rw-p 0019d000 fc:01 2087                       /lib/x86_64-linux-gnu/libm-2.27.so
7f600c2e6000-7f600c45f000 r-xp 00000000 fc:01 2380                       /usr/lib/x86_64-linux-gnu/libstdc++.so.6.0.25
7f600c45f000-7f600c65f000 ---p 00179000 fc:01 2380                       /usr/lib/x86_64-linux-gnu/libstdc++.so.6.0.25
7f600c65f000-7f600c669000 r--p 00179000 fc:01 2380                       /usr/lib/x86_64-linux-gnu/libstdc++.so.6.0.25
7f600c669000-7f600c66b000 rw-p 00183000 fc:01 2380                       /usr/lib/x86_64-linux-gnu/libstdc++.so.6.0.25
7f600c66b000-7f600c66f000 rw-p 00000000 00:00 0 
7f600c66f000-7f600d312000 r-xp 00000000 fc:01 2076309                    /usr/lib/jvm/java-8-openjdk-amd64/jre/lib/amd64/server/libjvm.so
7f600d312000-7f600d512000 ---p 00ca3000 fc:01 2076309                    /usr/lib/jvm/java-8-openjdk-amd64/jre/lib/amd64/server/libjvm.so
7f600d512000-7f600d5a6000 r--p 00ca3000 fc:01 2076309                    /usr/lib/jvm/java-8-openjdk-amd64/jre/lib/amd64/server/libjvm.so
7f600d5a6000-7f600d5cf000 rw-p 00d37000 fc:01 2076309                    /usr/lib/jvm/java-8-openjdk-amd64/jre/lib/amd64/server/libjvm.so
7f600d5cf000-7f600d5ff000 rw-p 00000000 00:00 0 
7f600d5ff000-7f600d619000 r-xp 00000000 fc:01 2178                       /lib/x86_64-linux-gnu/libpthread-2.27.so
7f600d619000-7f600d818000 ---p 0001a000 fc:01 2178                       /lib/x86_64-linux-gnu/libpthread-2.27.so
7f600d818000-7f600d819000 r--p 00019000 fc:01 2178                       /lib/x86_64-linux-gnu/libpthread-2.27.so
7f600d819000-7f600d81a000 rw-p 0001a000 fc:01 2178                       /lib/x86_64-linux-gnu/libpthread-2.27.so
7f600d81a000-7f600d81e000 rw-p 00000000 00:00 0 
7f600d81e000-7f600d821000 r-xp 00000000 fc:01 2086                       /lib/x86_64-linux-gnu/libdl-2.27.so
7f600d821000-7f600da20000 ---p 00003000 fc:01 2086                       /lib/x86_64-linux-gnu/libdl-2.27.so
7f600da20000-7f600da21000 r--p 00002000 fc:01 2086                       /lib/x86_64-linux-gnu/libdl-2.27.so
7f600da21000-7f600da22000 rw-p 00003000 fc:01 2086                       /lib/x86_64-linux-gnu/libdl-2.27.so
7f600da22000-7f600da3e000 r-xp 00000000 fc:01 2183                       /lib/x86_64-linux-gnu/libz.so.1.2.11
7f600da3e000-7f600dc3d000 ---p 0001c000 fc:01 2183                       /lib/x86_64-linux-gnu/libz.so.1.2.11
7f600dc3d000-7f600dc3e000 r--p 0001b000 fc:01 2183                       /lib/x86_64-linux-gnu/libz.so.1.2.11
7f600dc3e000-7f600dc3f000 rw-p 0001c000 fc:01 2183                       /lib/x86_64-linux-gnu/libz.so.1.2.11
7f600dc3f000-7f600de26000 r-xp 00000000 fc:01 2083                       /lib/x86_64-linux-gnu/libc-2.27.so
7f600de26000-7f600e026000 ---p 001e7000 fc:01 2083                       /lib/x86_64-linux-gnu/libc-2.27.so
7f600e026000-7f600e02a000 r--p 001e7000 fc:01 2083                       /lib/x86_64-linux-gnu/libc-2.27.so
7f600e02a000-7f600e02c000 rw-p 001eb000 fc:01 2083                       /lib/x86_64-linux-gnu/libc-2.27.so
7f600e02c000-7f600e030000 rw-p 00000000 00:00 0 
7f600e030000-7f600e03e000 r-xp 00000000 fc:01 2076273                    /usr/lib/jvm/java-8-openjdk-amd64/jre/lib/amd64/jli/libjli.so
7f600e03e000-7f600e23d000 ---p 0000e000 fc:01 2076273                    /usr/lib/jvm/java-8-openjdk-amd64/jre/lib/amd64/jli/libjli.so
7f600e23d000-7f600e23e000 r--p 0000d000 fc:01 2076273                    /usr/lib/jvm/java-8-openjdk-amd64/jre/lib/amd64/jli/libjli.so
7f600e23e000-7f600e23f000 rw-p 0000e000 fc:01 2076273                    /usr/lib/jvm/java-8-openjdk-amd64/jre/lib/amd64/jli/libjli.so
7f600e23f000-7f600e266000 r-xp 00000000 fc:01 2079                       /lib/x86_64-linux-gnu/ld-2.27.so
7f600e266000-7f600e267000 r--s 0000d000 fc:01 2076326                    /usr/lib/jvm/java-8-openjdk-amd64/jre/lib/ext/sunec.jar
7f600e267000-7f600e269000 r--s 00001000 fc:01 2076321                    /usr/lib/jvm/java-8-openjdk-amd64/jre/lib/ext/dnsns.jar
7f600e269000-7f600e26c000 r--s 0000f000 fc:01 2076322                    /usr/lib/jvm/java-8-openjdk-amd64/jre/lib/ext/icedtea-sound.jar
7f600e26c000-7f600e276000 r--s 00116000 fc:01 2076324                    /usr/lib/jvm/java-8-openjdk-amd64/jre/lib/ext/localedata.jar
7f600e276000-7f600e277000 r--p 00000000 fc:01 7807                       /usr/lib/locale/C.UTF-8/LC_NUMERIC
7f600e277000-7f600e278000 r--p 00000000 fc:01 7810                       /usr/lib/locale/C.UTF-8/LC_TIME
7f600e278000-7f600e279000 r--p 00000000 fc:01 7805                       /usr/lib/locale/C.UTF-8/LC_MONETARY
7f600e279000-7f600e27a000 r--p 00000000 fc:01 7799                       /usr/lib/locale/C.UTF-8/LC_MESSAGES/SYS_LC_MESSAGES
7f600e27a000-7f600e27b000 r--p 00000000 fc:01 7808                       /usr/lib/locale/C.UTF-8/LC_PAPER
7f600e27b000-7f600e27c000 r--p 00000000 fc:01 7806                       /usr/lib/locale/C.UTF-8/LC_NAME
7f600e27c000-7f600e27d000 r--p 00000000 fc:01 7800                       /usr/lib/locale/C.UTF-8/LC_ADDRESS
7f600e27d000-7f600e27e000 r--p 00000000 fc:01 7809                       /usr/lib/locale/C.UTF-8/LC_TELEPHONE
7f600e27e000-7f600e27f000 r--p 00000000 fc:01 7804                       /usr/lib/locale/C.UTF-8/LC_MEASUREMENT
7f600e27f000-7f600e286000 r--s 00000000 fc:01 5010                       /usr/lib/x86_64-linux-gnu/gconv/gconv-modules.cache
7f600e286000-7f600e287000 r--p 00000000 fc:01 7803                       /usr/lib/locale/C.UTF-8/LC_IDENTIFICATION
7f600e287000-7f600e28d000 rw-p 00000000 00:00 0 
7f600e28d000-7f600e2da000 ---p 00000000 00:00 0 
7f600e2da000-7f600e2dd000 rw-p 00000000 00:00 0 
7f600e2dd000-7f600e303000 ---p 00000000 00:00 0 
7f600e303000-7f600e309000 rw-p 00000000 00:00 0 
7f600e309000-7f600e356000 ---p 00000000 00:00 0 
7f600e356000-7f600e357000 rw-p 00000000 00:00 0 
7f600e357000-7f600e358000 ---p 00000000 00:00 0 
7f600e358000-7f600e35b000 ---p 00000000 00:00 0 
7f600e35b000-7f600e45a000 rw-p 00000000 00:00 0 
7f600e45a000-7f600e462000 rw-s 00000000 fc:01 528980                     /tmp/hsperfdata_mpiuser/30915
7f600e462000-7f600e463000 rw-p 00000000 00:00 0 
7f600e463000-7f600e464000 r--p 00000000 00:00 0 
7f600e464000-7f600e466000 rw-p 00000000 00:00 0 
7f600e466000-7f600e467000 r--p 00027000 fc:01 2079                       /lib/x86_64-linux-gnu/ld-2.27.so
7f600e467000-7f600e468000 rw-p 00028000 fc:01 2079                       /lib/x86_64-linux-gnu/ld-2.27.so
7f600e468000-7f600e469000 rw-p 00000000 00:00 0 
7fff12462000-7fff12483000 rw-p 00000000 00:00 0                          [stack]
7fff124c0000-7fff124c3000 r--p 00000000 00:00 0                          [vvar]
7fff124c3000-7fff124c5000 r-xp 00000000 00:00 0                          [vdso]
ffffffffff600000-ffffffffff601000 r-xp 00000000 00:00 0                  [vsyscall]

VM Arguments:
jvm_args: -Djava.library.path=/usr/local/lib 
java_command: Client 1000000 100 0
java_class_path (initial): /home/mpiuser/cloud/fyp/java_client:./lib/spring-jcl-5.2.5.RELEASE.jar:./lib/jackson-databind-2.10.3.jar:./lib/jackson-databind-2.10.2.jar:./lib/slf4j-simple-1.7.30.jar:./lib/amqp-client-5.8.0.jar:./lib/spring-web-5.2.5.RELEASE.jar:./lib/jackson-annotations-2.10.3.jar:./lib/mpi.jar:./lib/spring-beans-5.2.5.RELEASE.jar:./lib/jackson-annotations-2.10.2.jar:./lib/jackson-core-2.10.2.jar:./lib/jackson-core-2.10.3.jar:./lib/slf4j-api-1.7.29.jar:./lib/spring-core-5.2.5.RELEASE.jar:./lib/slf4j-api-1.7.30.jar:./lib/http-client-3.6.1.RELEASE.jar:/usr/local/lib/mpi.jar
Launcher Type: SUN_STANDARD

Environment Variables:
PATH=/usr/local/sbin:/usr/local/bin:/usr/sbin:/usr/bin:/sbin:/bin:/usr/games:/usr/local/games
SHELL=/bin/bash

Signal Handlers:
SIGSEGV: [libjvm.so+0xabc3b0], sa_mask[0]=11111111011111111101111111111110, sa_flags=SA_RESTART|SA_SIGINFO
SIGBUS: [libjvm.so+0xabc3b0], sa_mask[0]=11111111011111111101111111111110, sa_flags=SA_RESTART|SA_SIGINFO
SIGFPE: [libjvm.so+0x8f0bb0], sa_mask[0]=11111111011111111101111111111110, sa_flags=SA_RESTART|SA_SIGINFO
SIGPIPE: [libjvm.so+0x8f0bb0], sa_mask[0]=11111111011111111101111111111110, sa_flags=SA_RESTART|SA_SIGINFO
SIGXFSZ: [libjvm.so+0x8f0bb0], sa_mask[0]=11111111011111111101111111111110, sa_flags=SA_RESTART|SA_SIGINFO
SIGILL: [libjvm.so+0x8f0bb0], sa_mask[0]=11111111011111111101111111111110, sa_flags=SA_RESTART|SA_SIGINFO
SIGUSR1: SIG_DFL, sa_mask[0]=00000000000000000000000000000000, sa_flags=none
SIGUSR2: [libjvm.so+0x8f0a60], sa_mask[0]=00000000000000000000000000000000, sa_flags=SA_RESTART|SA_SIGINFO
SIGHUP: [libjvm.so+0x8f10d0], sa_mask[0]=11111111011111111101111111111110, sa_flags=SA_RESTART|SA_SIGINFO
SIGINT: [libjvm.so+0x8f10d0], sa_mask[0]=11111111011111111101111111111110, sa_flags=SA_RESTART|SA_SIGINFO
SIGTERM: [libjvm.so+0x8f10d0], sa_mask[0]=11111111011111111101111111111110, sa_flags=SA_RESTART|SA_SIGINFO
SIGQUIT: [libjvm.so+0x8f10d0], sa_mask[0]=11111111011111111101111111111110, sa_flags=SA_RESTART|SA_SIGINFO


---------------  S Y S T E M  ---------------

OS:DISTRIB_ID=Ubuntu
DISTRIB_RELEASE=18.04
DISTRIB_CODENAME=bionic
DISTRIB_DESCRIPTION="Ubuntu 18.04.3 LTS"

uname:Linux 4.15.0-66-generic #75-Ubuntu SMP Tue Oct 1 05:24:09 UTC 2019 x86_64
libc:glibc 2.27 NPTL 2.27 
rlimit: STACK 8192k, CORE 0k, NPROC 3841, NOFILE 1048576, AS infinity
load average:3.65 0.76 0.24

/proc/meminfo:
MemTotal:        1008808 kB
MemFree:           49208 kB
MemAvailable:       9332 kB
Buffers:            1940 kB
Cached:            32256 kB
SwapCached:            0 kB
Active:           785088 kB
Inactive:          13904 kB
Active(anon):     766320 kB
Inactive(anon):      184 kB
Active(file):      18768 kB
Inactive(file):    13720 kB
Unevictable:           0 kB
Mlocked:               0 kB
SwapTotal:             0 kB
SwapFree:              0 kB
Dirty:                36 kB
Writeback:             0 kB
AnonPages:        765828 kB
Mapped:            28004 kB
Shmem:               640 kB
Slab:              83240 kB
SReclaimable:      30436 kB
SUnreclaim:        52804 kB
KernelStack:       13328 kB
PageTables:        25804 kB
NFS_Unstable:          0 kB
Bounce:                0 kB
WritebackTmp:          0 kB
CommitLimit:      504404 kB
Committed_AS:    5184240 kB
VmallocTotal:   34359738367 kB
VmallocUsed:           0 kB
VmallocChunk:          0 kB
HardwareCorrupted:     0 kB
AnonHugePages:         0 kB
ShmemHugePages:        0 kB
ShmemPmdMapped:        0 kB
CmaTotal:              0 kB
CmaFree:               0 kB
HugePages_Total:       0
HugePages_Free:        0
HugePages_Rsvd:        0
HugePages_Surp:        0
Hugepagesize:       2048 kB
DirectMap4k:      274412 kB
DirectMap2M:      774144 kB
DirectMap1G:           0 kB

container (cgroup) information:
container_type: cgroupv1
cpu_cpuset_cpus: 0-2
cpu_memory_nodes: 0
active_processor_count: 3
cpu_quota: -1
cpu_period: 100000
cpu_shares: -1
memory_limit_in_bytes: -1
memory_and_swap_limit_in_bytes: -2
memory_soft_limit_in_bytes: -1
memory_usage_in_bytes: 774041600
memory_max_usage_in_bytes: 869789696


CPU:total 3 (initial active 3) (1 cores per cpu, 1 threads per core) family 6 model 85 stepping 4, cmov, cx8, fxsr, mmx, sse, sse2, sse3, ssse3, sse4.1, sse4.2, popcnt, avx, avx2, aes, clmul, erms, 3dnowpref, lzcnt, tsc, bmi1, bmi2, adx

/proc/cpuinfo:
processor	: 0
vendor_id	: GenuineIntel
cpu family	: 6
model		: 85
model name	: Intel(R) Xeon(R) Gold 6140 CPU @ 2.30GHz
stepping	: 4
microcode	: 0x1
cpu MHz		: 2294.608
cache size	: 4096 KB
physical id	: 0
siblings	: 1
core id		: 0
cpu cores	: 1
apicid		: 0
initial apicid	: 0
fpu		: yes
fpu_exception	: yes
cpuid level	: 13
wp		: yes
flags		: fpu vme de pse tsc msr pae mce cx8 apic sep mtrr pge mca cmov pat pse36 clflush mmx fxsr sse sse2 ss syscall nx pdpe1gb rdtscp lm constant_tsc arch_perfmon rep_good nopl cpuid tsc_known_freq pni pclmulqdq vmx ssse3 fma cx16 pcid sse4_1 sse4_2 x2apic movbe popcnt tsc_deadline_timer aes xsave avx f16c rdrand hypervisor lahf_lm abm 3dnowprefetch cpuid_fault invpcid_single pti ssbd ibrs ibpb tpr_shadow vnmi flexpriority ept vpid fsgsbase tsc_adjust bmi1 avx2 smep bmi2 erms invpcid mpx avx512f avx512dq rdseed adx smap clflushopt clwb avx512cd avx512bw avx512vl xsaveopt xsavec xgetbv1 pku ospke md_clear
bugs		: cpu_meltdown spectre_v1 spectre_v2 spec_store_bypass l1tf mds swapgs
bogomips	: 4589.21
clflush size	: 64
cache_alignment	: 64
address sizes	: 40 bits physical, 48 bits virtual
power management:

processor	: 1
vendor_id	: GenuineIntel
cpu family	: 6
model		: 85
model name	: Intel(R) Xeon(R) Gold 6140 CPU @ 2.30GHz
stepping	: 4
microcode	: 0x1
cpu MHz		: 2294.608
cache size	: 4096 KB
physical id	: 1
siblings	: 1
core id		: 0
cpu cores	: 1
apicid		: 1
initial apicid	: 1
fpu		: yes
fpu_exception	: yes
cpuid level	: 13
wp		: yes
flags		: fpu vme de pse tsc msr pae mce cx8 apic sep mtrr pge mca cmov pat pse36 clflush mmx fxsr sse sse2 ss syscall nx pdpe1gb rdtscp lm constant_tsc arch_perfmon rep_good nopl cpuid tsc_known_freq pni pclmulqdq vmx ssse3 fma cx16 pcid sse4_1 sse4_2 x2apic movbe popcnt tsc_deadline_timer aes xsave avx f16c rdrand hypervisor lahf_lm abm 3dnowprefetch cpuid_fault invpcid_single pti ssbd ibrs ibpb tpr_shadow vnmi flexpriority ept vpid fsgsbase tsc_adjust bmi1 avx2 smep bmi2 erms invpcid mpx avx512f avx512dq rdseed adx smap clflushopt clwb avx512cd avx512bw avx512vl xsaveopt xsavec xgetbv1 pku ospke md_clear
bugs		: cpu_meltdown spectre_v1 spectre_v2 spec_store_bypass l1tf mds swapgs
bogomips	: 4589.21
clflush size	: 64
cache_alignment	: 64
address sizes	: 40 bits physical, 48 bits virtual
power management:

processor	: 2
vendor_id	: GenuineIntel
cpu family	: 6
model		: 85
model name	: Intel(R) Xeon(R) Gold 6140 CPU @ 2.30GHz
stepping	: 4
microcode	: 0x1
cpu MHz		: 2294.608
cache size	: 4096 KB
physical id	: 2
siblings	: 1
core id		: 0
cpu cores	: 1
apicid		: 2
initial apicid	: 2
fpu		: yes
fpu_exception	: yes
cpuid level	: 13
wp		: yes
flags		: fpu vme de pse tsc msr pae mce cx8 apic sep mtrr pge mca cmov pat pse36 clflush mmx fxsr sse sse2 ss syscall nx pdpe1gb rdtscp lm constant_tsc arch_perfmon rep_good nopl cpuid tsc_known_freq pni pclmulqdq vmx ssse3 fma cx16 pcid sse4_1 sse4_2 x2apic movbe popcnt tsc_deadline_timer aes xsave avx f16c rdrand hypervisor lahf_lm abm 3dnowprefetch cpuid_fault invpcid_single pti ssbd ibrs ibpb tpr_shadow vnmi flexpriority ept vpid fsgsbase tsc_adjust bmi1 avx2 smep bmi2 erms invpcid mpx avx512f avx512dq rdseed adx smap clflushopt clwb avx512cd avx512bw avx512vl xsaveopt xsavec xgetbv1 pku ospke md_clear
bugs		: cpu_meltdown spectre_v1 spectre_v2 spec_store_bypass l1tf mds swapgs
bogomips	: 4589.21
clflush size	: 64
cache_alignment	: 64
address sizes	: 40 bits physical, 48 bits virtual
power management:



Memory: 4k page, physical 1008808k(50216k free), swap 0k(0k free)

vm_info: OpenJDK 64-Bit Server VM (25.242-b08) for linux-amd64 JRE (1.8.0_242-8u242-b08-0ubuntu3~18.04-b08), built on Jan 17 2020 23:41:21 by "buildd" with gcc 7.4.0

time: Mon Apr  6 11:39:52 2020
timezone: UTC
elapsed time: 2 seconds (0d 0h 0m 2s)

