#
# A fatal error has been detected by the Java Runtime Environment:
#
#  SIGSEGV (0xb) at pc=0x00007efeaf5ca17c, pid=5169, tid=0x00007efef2bc5700
#
# JRE version: OpenJDK Runtime Environment (8.0_242-b08) (build 1.8.0_242-8u242-b08-0ubuntu3~18.04-b08)
# Java VM: OpenJDK 64-Bit Server VM (25.242-b08 mixed mode linux-amd64 compressed oops)
# Problematic frame:
# C  [mca_gds_ds21.so+0x217c]  pmix_gds_ds21_lock_init+0x13c
#
# Failed to write core dump. Core dumps have been disabled. To enable core dumping, try "ulimit -c unlimited" before starting Java again
#
# If you would like to submit a bug report, please visit:
#   http://bugreport.java.com/bugreport/crash.jsp
# The crash happened outside the Java Virtual Machine in native code.
# See problematic frame for where to report the bug.
#

---------------  T H R E A D  ---------------

Current thread (0x00007efeec00b800):  JavaThread "main" [_thread_in_native, id=5214, stack(0x00007efef2ac6000,0x00007efef2bc6000)]

siginfo: si_signo: 11 (SIGSEGV), si_code: 1 (SEGV_MAPERR), si_addr: 0x00007efeda2fb008

Registers:
RAX=0x00007efeec25d090, RBX=0x00007efeec25d000, RCX=0x00007efeaf9ef19e, RDX=0x00007ffedc28acb3
RSP=0x00007efef2bc36a0, RBP=0x00007efeec25cfb0, RSI=0x0000000000085000, RDI=0x0000000000000000
R8 =0x000000000000001e, R9 =0x0000000000000000, R10=0x0000000000000001, R11=0x0000000000000000
R12=0x00007efeda2fb000, R13=0x00007efeec25cc08, R14=0x0000000000001000, R15=0x00007efeaf7cc240
RIP=0x00007efeaf5ca17c, EFLAGS=0x0000000000010206, CSGSFS=0x002b000000000033, ERR=0x0000000000000004
  TRAPNO=0x000000000000000e

Top of Stack: (sp=0x00007efef2bc36a0)
0x00007efef2bc36a0:   00007efeec25cc80 00007efeec25cf60
0x00007efef2bc36b0:   00007ffedc28acb3 0000000000085000
0x00007efef2bc36c0:   0000000000001000 00000000000003e8
0x00007efef2bc36d0:   00007efeec25d008 00007efef24442ed
0x00007efef2bc36e0:   00007efeec25cc50 638e37ef963d2a00
0x00007efef2bc36f0:   0000000000000000 00007efeec25c930
0x00007efef2bc3700:   0000000000000000 00007ffedc28acb3
0x00007efef2bc3710:   0000000000000000 00007efeec25cbe0
0x00007efef2bc3720:   00007efeec25cba0 00007efeaf9e9cd9
0x00007efef2bc3730:   00007efeaf5cacdb 00007efef2bc37c0
0x00007efef2bc3740:   00007efeb8bce8d3 0000001500000040
0x00007efef2bc3750:   00007efeec258280 638e37ef963d2a00
0x00007efef2bc3760:   00007efeb8df40a0 00007efeec257d90
0x00007efef2bc3770:   00007efeb8df7fd0 00007efeaf7cc2d4
0x00007efef2bc3780:   00007efeb8df40a0 00007efeaf7cc180
0x00007efef2bc3790:   00007efeec25c8e0 00007efeaf5c9f04
0x00007efef2bc37a0:   00007efeb8df7fd0 00007efeb8bb61a6
0x00007efef2bc37b0:   00007efeb8df4100 00007efeb8df7fc0
0x00007efef2bc37c0:   00007efef2bc37e4 00007efef2bc37e8
0x00007efef2bc37d0:   0000000000000000 0000000000000000
0x00007efef2bc37e0:   0000001eb8df3520 00007efeaf7cc180
0x00007efef2bc37f0:   0000000000000000 638e37ef963d2a00
0x00007efef2bc3800:   00007efeb8df40a0 0000000000000000
0x00007efef2bc3810:   0000000000000000 00007efeec1f7200
0x00007efef2bc3820:   00007efeb8df3520 00007efeb8b20760
0x00007efef2bc3830:   0000000000000000 00007efeb8b695a9
0x00007efef2bc3840:   00007efeec21ff00 00007efeb8df37d8
0x00007efef2bc3850:   2d69706d6e65706f 000072657473616d
0x00007efef2bc3860:   0000000003741ab1 00007efeb8aacf86
0x00007efef2bc3870:   00007efeb8aa9118 00007efeb8aa4afc
0x00007efef2bc3880:   00007efeb8aac67a 0000000100000000
0x00007efef2bc3890:   00007efef2bc3990 638e37ef963d2a00 

Instructions: (pc=0x00007efeaf5ca17c)
0x00007efeaf5ca15c:   ff ff 48 85 c0 48 89 43 30 0f 84 b3 01 00 00 4c
0x00007efeaf5ca16c:   8b 60 18 49 8b 34 24 49 39 f6 0f 82 e4 02 00 00
0x00007efeaf5ca17c:   41 8b 44 24 08 4c 89 e2 31 c9 48 8d 7c 24 40 be
0x00007efeaf5ca18c:   01 00 00 00 89 43 40 49 03 54 24 18 85 c0 48 89 

Register to memory mapping:

RAX=0x00007efeec25d090 is an unknown value
RBX=0x00007efeec25d000 is an unknown value
RCX=0x00007efeaf9ef19e: pmix_common_dstor_attach_new_lock_seg+0x1e in /usr/local/lib/libmca_common_dstore.so.1 at 0x00007efeaf9df000
RDX=0x00007ffedc28acb3 is an unknown value
RSP=0x00007efef2bc36a0 is pointing into the stack for thread: 0x00007efeec00b800
RBP=0x00007efeec25cfb0 is an unknown value
RSI=0x0000000000085000 is an unknown value
RDI=0x0000000000000000 is an unknown value
R8 =0x000000000000001e is an unknown value
R9 =0x0000000000000000 is an unknown value
R10=0x0000000000000001 is an unknown value
R11=0x0000000000000000 is an unknown value
R12=0x00007efeda2fb000 is an unknown value
R13=0x00007efeec25cc08 is an unknown value
R14=0x0000000000001000 is an unknown value
R15=0x00007efeaf7cc240: lock_item_t_class+0 in /usr/local/lib/pmix/mca_gds_ds21.so at 0x00007efeaf5c8000


Stack: [0x00007efef2ac6000,0x00007efef2bc6000],  sp=0x00007efef2bc36a0,  free space=1013k
Native frames: (J=compiled Java code, j=interpreted, Vv=VM code, C=native code)
C  [mca_gds_ds21.so+0x217c]  pmix_gds_ds21_lock_init+0x13c

Java frames: (J=compiled Java code, j=interpreted, Vv=VM code)
j  mpi.MPI.Init_jni([Ljava/lang/String;)[Ljava/lang/String;+0
j  mpi.MPI.Init([Ljava/lang/String;)[Ljava/lang/String;+17
j  Client.main([Ljava/lang/String;)V+1
v  ~StubRoutines::call_stub

---------------  P R O C E S S  ---------------

Java Threads: ( => current thread )
  0x00007efeec0b7000 JavaThread "Service Thread" daemon [_thread_blocked, id=5627, stack(0x00007efedaaef000,0x00007efedabf0000)]
  0x00007efeec0b4800 JavaThread "C1 CompilerThread1" daemon [_thread_blocked, id=5604, stack(0x00007efedabf1000,0x00007efedacf1000)]
  0x00007efeec0b2000 JavaThread "C2 CompilerThread0" daemon [_thread_blocked, id=5587, stack(0x00007efedacf2000,0x00007efedadf2000)]
  0x00007efeec0b0800 JavaThread "Signal Dispatcher" daemon [_thread_blocked, id=5569, stack(0x00007efedadf2000,0x00007efedaef3000)]
  0x00007efeec07e000 JavaThread "Finalizer" daemon [_thread_blocked, id=5344, stack(0x00007efedb232000,0x00007efedb333000)]
  0x00007efeec079800 JavaThread "Reference Handler" daemon [_thread_blocked, id=5334, stack(0x00007efedb333000,0x00007efedb434000)]
=>0x00007efeec00b800 JavaThread "main" [_thread_in_native, id=5214, stack(0x00007efef2ac6000,0x00007efef2bc6000)]

Other Threads:
  0x00007efeec06f800 VMThread [stack: 0x00007efedb435000,0x00007efedb535000] [id=5312]
  0x00007efeec0ba000 WatcherThread [stack: 0x00007efeda9ef000,0x00007efedaaef000] [id=5628]

VM state:not at safepoint (normal execution)

VM Mutex/Monitor currently owned by a thread: None

heap address: 0x00000000f0800000, size: 248 MB, Compressed Oops mode: 32-bit
Narrow klass base: 0x0000000000000000, Narrow klass shift: 3
Compressed class space size: 1073741824 Address: 0x0000000100000000

Heap:
 def new generation   total 4928K, used 1441K [0x00000000f0800000, 0x00000000f0d50000, 0x00000000f5aa0000)
  eden space 4416K,  32% used [0x00000000f0800000, 0x00000000f0968610, 0x00000000f0c50000)
  from space 512K,   0% used [0x00000000f0c50000, 0x00000000f0c50000, 0x00000000f0cd0000)
  to   space 512K,   0% used [0x00000000f0cd0000, 0x00000000f0cd0000, 0x00000000f0d50000)
 tenured generation   total 10944K, used 0K [0x00000000f5aa0000, 0x00000000f6550000, 0x0000000100000000)
   the space 10944K,   0% used [0x00000000f5aa0000, 0x00000000f5aa0000, 0x00000000f5aa0200, 0x00000000f6550000)
 Metaspace       used 3118K, capacity 4792K, committed 5120K, reserved 1056768K
  class space    used 313K, capacity 424K, committed 512K, reserved 1048576K

Card table byte_map: [0x00007efef2a48000,0x00007efef2ac5000] byte_map_base: 0x00007efef22c4000

Polling page: 0x00007efef2bd1000

CodeCache: size=245760Kb used=1249Kb max_used=1249Kb free=244510Kb
 bounds [0x00007efedc389000, 0x00007efedc5f9000, 0x00007efeeb389000]
 total_blobs=383 nmethods=78 adapters=220
 compilation: enabled

Compilation events (10 events):
Event: 9.584 Thread 0x00007efeec0b4800   73       3       java.lang.String::startsWith (7 bytes)
Event: 9.584 Thread 0x00007efeec0b4800 nmethod 73 0x00007efedc4b7ad0 code [0x00007efedc4b7c40, 0x00007efedc4b7e48]
Event: 10.243 Thread 0x00007efeec0b4800   76       3       java.util.concurrent.ConcurrentHashMap::setTabAt (19 bytes)
Event: 10.244 Thread 0x00007efeec0b4800 nmethod 76 0x00007efedc4c0450 code [0x00007efedc4c05a0, 0x00007efedc4c0710]
Event: 10.280 Thread 0x00007efeec0b4800   79       3       java.lang.Character::toLowerCase (9 bytes)
Event: 10.280 Thread 0x00007efeec0b4800 nmethod 79 0x00007efedc4c0790 code [0x00007efedc4c0900, 0x00007efedc4c0b38]
Event: 10.280 Thread 0x00007efeec0b4800   80       3       java.lang.CharacterDataLatin1::toLowerCase (39 bytes)
Event: 10.280 Thread 0x00007efeec0b4800 nmethod 80 0x00007efedc4c0c10 code [0x00007efedc4c0d80, 0x00007efedc4c0ff0]
Event: 10.280 Thread 0x00007efeec0b4800   78       3       java.lang.Character::toLowerCase (6 bytes)
Event: 10.280 Thread 0x00007efeec0b4800 nmethod 78 0x00007efedc4c1150 code [0x00007efedc4c12e0, 0x00007efedc4c1578]

GC Heap History (0 events):
No events

Deoptimization events (0 events):
No events

Classes redefined (0 events):
No events

Internal exceptions (5 events):
Event: 0.344 Thread 0x00007efeec00b800 Exception <a 'java/lang/NoSuchMethodError': Method sun.misc.Unsafe.defineClass(Ljava/lang/String;[BII)Ljava/lang/Class; name or signature does not match> (0x00000000f0807cc8) thrown at [/build/openjdk-8-58sEEn/openjdk-8-8u242-b08/src/hotspot/src/share/vm/
Event: 0.344 Thread 0x00007efeec00b800 Exception <a 'java/lang/NoSuchMethodError': Method sun.misc.Unsafe.prefetchRead(Ljava/lang/Object;J)V name or signature does not match> (0x00000000f0807fb0) thrown at [/build/openjdk-8-58sEEn/openjdk-8-8u242-b08/src/hotspot/src/share/vm/prims/jni.cpp, lin
Event: 1.443 Thread 0x00007efeec00b800 Exception <a 'java/util/zip/ZipException'> (0x00000000f085dec8) thrown at [/build/openjdk-8-58sEEn/openjdk-8-8u242-b08/src/hotspot/src/share/vm/prims/jni.cpp, line 710]
Event: 1.443 Thread 0x00007efeec00b800 Exception <a 'java/security/PrivilegedActionException'> (0x00000000f085e168) thrown at [/build/openjdk-8-58sEEn/openjdk-8-8u242-b08/src/hotspot/src/share/vm/prims/jvm.cpp, line 1502]
Event: 1.443 Thread 0x00007efeec00b800 Exception <a 'java/security/PrivilegedActionException'> (0x00000000f085e378) thrown at [/build/openjdk-8-58sEEn/openjdk-8-8u242-b08/src/hotspot/src/share/vm/prims/jvm.cpp, line 1502]

Events (10 events):
Event: 9.425 loading class mpi/Constant
Event: 9.425 loading class mpi/Constant done
Event: 9.563 loading class mpi/Errhandler
Event: 9.563 loading class mpi/Errhandler done
Event: 9.583 loading class mpi/Intracomm
Event: 9.583 loading class mpi/Intracomm done
Event: 9.960 loading class mpi/Comm
Event: 9.960 loading class mpi/Comm done
Event: 10.244 loading class mpi/Version
Event: 10.244 loading class mpi/Version done


Dynamic libraries:
f0800000-f0d50000 rw-p 00000000 00:00 0 
f0d50000-f5aa0000 ---p 00000000 00:00 0 
f5aa0000-f6550000 rw-p 00000000 00:00 0 
f6550000-100000000 ---p 00000000 00:00 0 
100000000-100080000 rw-p 00000000 00:00 0 
100080000-140000000 ---p 00000000 00:00 0 
561e9de6b000-561e9de6c000 r-xp 00000000 fc:01 1302575                    /usr/lib/jvm/java-8-openjdk-amd64/jre/bin/java
561e9e06b000-561e9e06c000 r--p 00000000 fc:01 1302575                    /usr/lib/jvm/java-8-openjdk-amd64/jre/bin/java
561e9e06c000-561e9e06d000 rw-p 00001000 fc:01 1302575                    /usr/lib/jvm/java-8-openjdk-amd64/jre/bin/java
561e9f034000-561e9f055000 rw-p 00000000 00:00 0                          [heap]
7efeaf3c5000-7efeaf3c7000 r-xp 00000000 fc:01 782288                     /usr/local/lib/pmix/mca_pshmem_mmap.so
7efeaf3c7000-7efeaf5c6000 ---p 00002000 fc:01 782288                     /usr/local/lib/pmix/mca_pshmem_mmap.so
7efeaf5c6000-7efeaf5c7000 r--p 00001000 fc:01 782288                     /usr/local/lib/pmix/mca_pshmem_mmap.so
7efeaf5c7000-7efeaf5c8000 rw-p 00002000 fc:01 782288                     /usr/local/lib/pmix/mca_pshmem_mmap.so
7efeaf5c8000-7efeaf5cc000 r-xp 00000000 fc:01 782262                     /usr/local/lib/pmix/mca_gds_ds21.so
7efeaf5cc000-7efeaf7cb000 ---p 00004000 fc:01 782262                     /usr/local/lib/pmix/mca_gds_ds21.so
7efeaf7cb000-7efeaf7cc000 r--p 00003000 fc:01 782262                     /usr/local/lib/pmix/mca_gds_ds21.so
7efeaf7cc000-7efeaf7cd000 rw-p 00004000 fc:01 782262                     /usr/local/lib/pmix/mca_gds_ds21.so
7efeaf7cd000-7efeaf7dd000 r-xp 00000000 fc:01 782264                     /usr/local/lib/pmix/mca_gds_hash.so
7efeaf7dd000-7efeaf9dd000 ---p 00010000 fc:01 782264                     /usr/local/lib/pmix/mca_gds_hash.so
7efeaf9dd000-7efeaf9de000 r--p 00010000 fc:01 782264                     /usr/local/lib/pmix/mca_gds_hash.so
7efeaf9de000-7efeaf9df000 rw-p 00011000 fc:01 782264                     /usr/local/lib/pmix/mca_gds_hash.so
7efeaf9df000-7efeaf9f1000 r-xp 00000000 fc:01 29681                      /usr/local/lib/libmca_common_dstore.so.1.0.0
7efeaf9f1000-7efeafbf0000 ---p 00012000 fc:01 29681                      /usr/local/lib/libmca_common_dstore.so.1.0.0
7efeafbf0000-7efeafbf1000 r--p 00011000 fc:01 29681                      /usr/local/lib/libmca_common_dstore.so.1.0.0
7efeafbf1000-7efeafbf2000 rw-p 00012000 fc:01 29681                      /usr/local/lib/libmca_common_dstore.so.1.0.0
7efeafbf2000-7efeafbf6000 r-xp 00000000 fc:01 782260                     /usr/local/lib/pmix/mca_gds_ds12.so
7efeafbf6000-7efeafdf5000 ---p 00004000 fc:01 782260                     /usr/local/lib/pmix/mca_gds_ds12.so
7efeafdf5000-7efeafdf6000 r--p 00003000 fc:01 782260                     /usr/local/lib/pmix/mca_gds_ds12.so
7efeafdf6000-7efeafdf7000 rw-p 00004000 fc:01 782260                     /usr/local/lib/pmix/mca_gds_ds12.so
7efeafdf7000-7efeafdff000 r-xp 00000000 fc:01 782292                     /usr/local/lib/pmix/mca_ptl_usock.so
7efeafdff000-7efeafffe000 ---p 00008000 fc:01 782292                     /usr/local/lib/pmix/mca_ptl_usock.so
7efeafffe000-7efeaffff000 r--p 00007000 fc:01 782292                     /usr/local/lib/pmix/mca_ptl_usock.so
7efeaffff000-7efeb0000000 rw-p 00008000 fc:01 782292                     /usr/local/lib/pmix/mca_ptl_usock.so
7efeb0000000-7efeb0021000 rw-p 00000000 00:00 0 
7efeb0021000-7efeb4000000 ---p 00000000 00:00 0 
7efeb4000000-7efeb4021000 rw-p 00000000 00:00 0 
7efeb4021000-7efeb8000000 ---p 00000000 00:00 0 
7efeb8052000-7efeb8064000 r-xp 00000000 fc:01 782290                     /usr/local/lib/pmix/mca_ptl_tcp.so
7efeb8064000-7efeb8263000 ---p 00012000 fc:01 782290                     /usr/local/lib/pmix/mca_ptl_tcp.so
7efeb8263000-7efeb8264000 r--p 00011000 fc:01 782290                     /usr/local/lib/pmix/mca_ptl_tcp.so
7efeb8264000-7efeb8265000 rw-p 00012000 fc:01 782290                     /usr/local/lib/pmix/mca_ptl_tcp.so
7efeb8265000-7efeb8277000 r-xp 00000000 fc:01 782252                     /usr/local/lib/pmix/mca_bfrops_v12.so
7efeb8277000-7efeb8476000 ---p 00012000 fc:01 782252                     /usr/local/lib/pmix/mca_bfrops_v12.so
7efeb8476000-7efeb8477000 r--p 00011000 fc:01 782252                     /usr/local/lib/pmix/mca_bfrops_v12.so
7efeb8477000-7efeb8478000 rw-p 00012000 fc:01 782252                     /usr/local/lib/pmix/mca_bfrops_v12.so
7efeb8478000-7efeb8491000 r-xp 00000000 fc:01 782254                     /usr/local/lib/pmix/mca_bfrops_v20.so
7efeb8491000-7efeb8690000 ---p 00019000 fc:01 782254                     /usr/local/lib/pmix/mca_bfrops_v20.so
7efeb8690000-7efeb8691000 r--p 00018000 fc:01 782254                     /usr/local/lib/pmix/mca_bfrops_v20.so
7efeb8691000-7efeb8692000 rw-p 00019000 fc:01 782254                     /usr/local/lib/pmix/mca_bfrops_v20.so
7efeb8692000-7efeb869a000 r-xp 00000000 fc:01 782258                     /usr/local/lib/pmix/mca_bfrops_v3.so
7efeb869a000-7efeb8899000 ---p 00008000 fc:01 782258                     /usr/local/lib/pmix/mca_bfrops_v3.so
7efeb8899000-7efeb889a000 r--p 00007000 fc:01 782258                     /usr/local/lib/pmix/mca_bfrops_v3.so
7efeb889a000-7efeb889b000 rw-p 00008000 fc:01 782258                     /usr/local/lib/pmix/mca_bfrops_v3.so
7efeb889b000-7efeb88a2000 r-xp 00000000 fc:01 782256                     /usr/local/lib/pmix/mca_bfrops_v21.so
7efeb88a2000-7efeb8aa2000 ---p 00007000 fc:01 782256                     /usr/local/lib/pmix/mca_bfrops_v21.so
7efeb8aa2000-7efeb8aa3000 r--p 00007000 fc:01 782256                     /usr/local/lib/pmix/mca_bfrops_v21.so
7efeb8aa3000-7efeb8aa4000 rw-p 00008000 fc:01 782256                     /usr/local/lib/pmix/mca_bfrops_v21.so
7efeb8aa4000-7efeb8bf0000 r-xp 00000000 fc:01 782295                     /usr/local/lib/openmpi/mca_pmix_pmix3x.so
7efeb8bf0000-7efeb8df0000 ---p 0014c000 fc:01 782295                     /usr/local/lib/openmpi/mca_pmix_pmix3x.so
7efeb8df0000-7efeb8df1000 r--p 0014c000 fc:01 782295                     /usr/local/lib/openmpi/mca_pmix_pmix3x.so
7efeb8df1000-7efeb8df6000 rw-p 0014d000 fc:01 782295                     /usr/local/lib/openmpi/mca_pmix_pmix3x.so
7efeb8df6000-7efeb8df9000 rw-p 00000000 00:00 0 
7efeb8dfc000-7efeb8dfe000 r-xp 00000000 fc:01 782278                     /usr/local/lib/pmix/mca_psec_native.so
7efeb8dfe000-7efeb8ffd000 ---p 00002000 fc:01 782278                     /usr/local/lib/pmix/mca_psec_native.so
7efeb8ffd000-7efeb8ffe000 r--p 00001000 fc:01 782278                     /usr/local/lib/pmix/mca_psec_native.so
7efeb8ffe000-7efeb8fff000 rw-p 00002000 fc:01 782278                     /usr/local/lib/pmix/mca_psec_native.so
7efeb8fff000-7efebc000000 rw-p 00000000 00:00 0 
7efebc000000-7efebc0a3000 rw-p 00000000 00:00 0 
7efebc0a3000-7efec0000000 ---p 00000000 00:00 0 
7efec0000000-7efec0021000 rw-p 00000000 00:00 0 
7efec0021000-7efec4000000 ---p 00000000 00:00 0 
7efec4000000-7efec4021000 rw-p 00000000 00:00 0 
7efec4021000-7efec8000000 ---p 00000000 00:00 0 
7efec8000000-7efec804f000 rw-p 00000000 00:00 0 
7efec804f000-7efecc000000 ---p 00000000 00:00 0 
7efecc000000-7efecc021000 rw-p 00000000 00:00 0 
7efecc021000-7efed0000000 ---p 00000000 00:00 0 
7efed0000000-7efed0021000 rw-p 00000000 00:00 0 
7efed0021000-7efed4000000 ---p 00000000 00:00 0 
7efed4000000-7efed4021000 rw-p 00000000 00:00 0 
7efed4021000-7efed8000000 ---p 00000000 00:00 0 
7efed8163000-7efed81e8000 rw-s 00000000 fc:01 1039764                    /tmp/ompi.openmpi-master.1000/pid.5069/pmix_dstor_ds21_5069/smlockseg-542244865
7efed81e8000-7efed81e9000 ---p 00000000 00:00 0 
7efed81e9000-7efed89e9000 rw-p 00000000 00:00 0 
7efed89e9000-7efed89ed000 r-xp 00000000 fc:01 782352                     /usr/local/lib/openmpi/mca_ess_pmi.so
7efed89ed000-7efed8bec000 ---p 00004000 fc:01 782352                     /usr/local/lib/openmpi/mca_ess_pmi.so
7efed8bec000-7efed8bed000 r--p 00003000 fc:01 782352                     /usr/local/lib/openmpi/mca_ess_pmi.so
7efed8bed000-7efed8bee000 rw-p 00004000 fc:01 782352                     /usr/local/lib/openmpi/mca_ess_pmi.so
7efed8bee000-7efed8bef000 r-xp 00000000 fc:01 782435                     /usr/local/lib/openmpi/mca_schizo_orte.so
7efed8bef000-7efed8dee000 ---p 00001000 fc:01 782435                     /usr/local/lib/openmpi/mca_schizo_orte.so
7efed8dee000-7efed8def000 r--p 00000000 fc:01 782435                     /usr/local/lib/openmpi/mca_schizo_orte.so
7efed8def000-7efed8df0000 rw-p 00001000 fc:01 782435                     /usr/local/lib/openmpi/mca_schizo_orte.so
7efed8df0000-7efed8df2000 r-xp 00000000 fc:01 782437                     /usr/local/lib/openmpi/mca_schizo_slurm.so
7efed8df2000-7efed8ff1000 ---p 00002000 fc:01 782437                     /usr/local/lib/openmpi/mca_schizo_slurm.so
7efed8ff1000-7efed8ff2000 r--p 00001000 fc:01 782437                     /usr/local/lib/openmpi/mca_schizo_slurm.so
7efed8ff2000-7efed8ff3000 rw-p 00002000 fc:01 782437                     /usr/local/lib/openmpi/mca_schizo_slurm.so
7efed8ff3000-7efed8ffb000 r-xp 00000000 fc:01 782433                     /usr/local/lib/openmpi/mca_schizo_ompi.so
7efed8ffb000-7efed91fa000 ---p 00008000 fc:01 782433                     /usr/local/lib/openmpi/mca_schizo_ompi.so
7efed91fa000-7efed91fb000 r--p 00007000 fc:01 782433                     /usr/local/lib/openmpi/mca_schizo_ompi.so
7efed91fb000-7efed91fd000 rw-p 00008000 fc:01 782433                     /usr/local/lib/openmpi/mca_schizo_ompi.so
7efed91fd000-7efed91fe000 r-xp 00000000 fc:01 782431                     /usr/local/lib/openmpi/mca_schizo_flux.so
7efed91fe000-7efed93fe000 ---p 00001000 fc:01 782431                     /usr/local/lib/openmpi/mca_schizo_flux.so
7efed93fe000-7efed93ff000 r--p 00001000 fc:01 782431                     /usr/local/lib/openmpi/mca_schizo_flux.so
7efed93ff000-7efed9400000 rw-p 00002000 fc:01 782431                     /usr/local/lib/openmpi/mca_schizo_flux.so
7efed9400000-7efed9402000 r-xp 00000000 fc:01 782301                     /usr/local/lib/openmpi/mca_reachable_weighted.so
7efed9402000-7efed9601000 ---p 00002000 fc:01 782301                     /usr/local/lib/openmpi/mca_reachable_weighted.so
7efed9601000-7efed9602000 r--p 00001000 fc:01 782301                     /usr/local/lib/openmpi/mca_reachable_weighted.so
7efed9602000-7efed9603000 rw-p 00002000 fc:01 782301                     /usr/local/lib/openmpi/mca_reachable_weighted.so
7efed9603000-7efed9606000 r-xp 00000000 fc:01 782304                     /usr/local/lib/openmpi/mca_shmem_mmap.so
7efed9606000-7efed9805000 ---p 00003000 fc:01 782304                     /usr/local/lib/openmpi/mca_shmem_mmap.so
7efed9805000-7efed9806000 r--p 00002000 fc:01 782304                     /usr/local/lib/openmpi/mca_shmem_mmap.so
7efed9806000-7efed9807000 rw-p 00003000 fc:01 782304                     /usr/local/lib/openmpi/mca_shmem_mmap.so
7efed9807000-7efed9809000 r-xp 00000000 fc:01 2182                       /lib/x86_64-linux-gnu/libutil-2.27.so
7efed9809000-7efed9a08000 ---p 00002000 fc:01 2182                       /lib/x86_64-linux-gnu/libutil-2.27.so
7efed9a08000-7efed9a09000 r--p 00001000 fc:01 2182                       /lib/x86_64-linux-gnu/libutil-2.27.so
7efed9a09000-7efed9a0a000 rw-p 00002000 fc:01 2182                       /lib/x86_64-linux-gnu/libutil-2.27.so
7efed9a0a000-7efed9abf000 r-xp 00000000 fc:01 29711                      /usr/local/lib/libopen-rte.so.40.20.1
7efed9abf000-7efed9cbe000 ---p 000b5000 fc:01 29711                      /usr/local/lib/libopen-rte.so.40.20.1
7efed9cbe000-7efed9cc0000 r--p 000b4000 fc:01 29711                      /usr/local/lib/libopen-rte.so.40.20.1
7efed9cc0000-7efed9cc4000 rw-p 000b6000 fc:01 29711                      /usr/local/lib/libopen-rte.so.40.20.1
7efed9cc4000-7efed9cc7000 rw-p 00000000 00:00 0 
7efed9cc7000-7efed9dca000 r-xp 00000000 fc:01 13011                      /usr/local/lib/libopen-pal.so.40.20.1
7efed9dca000-7efed9fca000 ---p 00103000 fc:01 13011                      /usr/local/lib/libopen-pal.so.40.20.1
7efed9fca000-7efed9fcd000 r--p 00103000 fc:01 13011                      /usr/local/lib/libopen-pal.so.40.20.1
7efed9fcd000-7efed9fd3000 rw-p 00106000 fc:01 13011                      /usr/local/lib/libopen-pal.so.40.20.1
7efed9fd3000-7efed9fda000 rw-p 00000000 00:00 0 
7efed9fda000-7efeda0d0000 r-xp 00000000 fc:01 29875                      /usr/local/lib/libmpi.so.40.20.1
7efeda0d0000-7efeda2cf000 ---p 000f6000 fc:01 29875                      /usr/local/lib/libmpi.so.40.20.1
7efeda2cf000-7efeda2d1000 r--p 000f5000 fc:01 29875                      /usr/local/lib/libmpi.so.40.20.1
7efeda2d1000-7efeda2e2000 rw-p 000f7000 fc:01 29875                      /usr/local/lib/libmpi.so.40.20.1
7efeda2e2000-7efeda2f4000 rw-p 00000000 00:00 0 
7efeda2fc000-7efeda2fd000 r--s 00000000 fc:01 783094                     /tmp/ompi.openmpi-master.1000/pid.5069/pmix_dstor_ds12_5069/initial-pmix_shared-segment-0
7efeda2fd000-7efeda2fe000 rw-s 00000000 fc:01 783095                     /tmp/ompi.openmpi-master.1000/pid.5069/pmix_dstor_ds12_5069/dstore_sm.lock
7efeda2fe000-7efeda326000 r-xp 00000000 fc:01 71469                      /usr/local/lib/libmpi_java.so.40.20.0
7efeda326000-7efeda525000 ---p 00028000 fc:01 71469                      /usr/local/lib/libmpi_java.so.40.20.0
7efeda525000-7efeda526000 r--p 00027000 fc:01 71469                      /usr/local/lib/libmpi_java.so.40.20.0
7efeda526000-7efeda527000 rw-p 00028000 fc:01 71469                      /usr/local/lib/libmpi_java.so.40.20.0
7efeda527000-7efeda528000 r--s 0000f000 fc:01 527712                     /home/mpiuser/cloud/fyp/java_client/lib/mpi.jar
7efeda528000-7efeda52b000 r--s 0000e000 fc:01 527707                     /home/mpiuser/cloud/fyp/java_client/lib/jackson-annotations-2.10.3.jar
7efeda52b000-7efeda548000 r--s 00142000 fc:01 527719                     /home/mpiuser/cloud/fyp/java_client/lib/spring-web-5.2.5.RELEASE.jar
7efeda548000-7efeda555000 r--s 00090000 fc:01 527704                     /home/mpiuser/cloud/fyp/java_client/lib/amqp-client-5.8.0.jar
7efeda555000-7efeda556000 r--s 00003000 fc:01 527715                     /home/mpiuser/cloud/fyp/java_client/lib/slf4j-simple-1.7.30.jar
7efeda556000-7efeda56b000 r--s 00142000 fc:01 527710                     /home/mpiuser/cloud/fyp/java_client/lib/jackson-databind-2.10.2.jar
7efeda56b000-7efeda580000 r--s 00142000 fc:01 527711                     /home/mpiuser/cloud/fyp/java_client/lib/jackson-databind-2.10.3.jar
7efeda580000-7efeda581000 r--s 00005000 fc:01 527718                     /home/mpiuser/cloud/fyp/java_client/lib/spring-jcl-5.2.5.RELEASE.jar
7efeda581000-7efeda598000 r-xp 00000000 fc:01 1302611                    /usr/lib/jvm/java-8-openjdk-amd64/jre/lib/amd64/libnet.so
7efeda598000-7efeda797000 ---p 00017000 fc:01 1302611                    /usr/lib/jvm/java-8-openjdk-amd64/jre/lib/amd64/libnet.so
7efeda797000-7efeda798000 r--p 00016000 fc:01 1302611                    /usr/lib/jvm/java-8-openjdk-amd64/jre/lib/amd64/libnet.so
7efeda798000-7efeda799000 rw-p 00017000 fc:01 1302611                    /usr/lib/jvm/java-8-openjdk-amd64/jre/lib/amd64/libnet.so
7efeda799000-7efeda7aa000 r-xp 00000000 fc:01 1302612                    /usr/lib/jvm/java-8-openjdk-amd64/jre/lib/amd64/libnio.so
7efeda7aa000-7efeda9aa000 ---p 00011000 fc:01 1302612                    /usr/lib/jvm/java-8-openjdk-amd64/jre/lib/amd64/libnio.so
7efeda9aa000-7efeda9ab000 r--p 00011000 fc:01 1302612                    /usr/lib/jvm/java-8-openjdk-amd64/jre/lib/amd64/libnio.so
7efeda9ab000-7efeda9ac000 rw-p 00012000 fc:01 1302612                    /usr/lib/jvm/java-8-openjdk-amd64/jre/lib/amd64/libnio.so
7efeda9ac000-7efeda9c7000 r--s 001d6000 fc:01 1555512                    /usr/lib/jvm/java-8-openjdk-amd64/jre/lib/ext/nashorn.jar
7efeda9c7000-7efeda9cb000 r--s 0003a000 fc:01 1555515                    /usr/lib/jvm/java-8-openjdk-amd64/jre/lib/ext/sunpkcs11.jar
7efeda9cb000-7efeda9d0000 r--s 0003d000 fc:01 1555514                    /usr/lib/jvm/java-8-openjdk-amd64/jre/lib/ext/sunjce_provider.jar
7efeda9d0000-7efeda9d1000 r--s 00010000 fc:01 1555516                    /usr/lib/jvm/java-8-openjdk-amd64/jre/lib/ext/zipfs.jar
7efeda9d1000-7efeda9d3000 r--s 00007000 fc:01 29606                      /usr/share/java/java-atk-wrapper.jar
7efeda9d3000-7efeda9ee000 r--s 00394000 fc:01 1555507                    /usr/lib/jvm/java-8-openjdk-amd64/jre/lib/ext/cldrdata.jar
7efeda9ee000-7efeda9ef000 ---p 00000000 00:00 0 
7efeda9ef000-7efedaaef000 rw-p 00000000 00:00 0 
7efedaaef000-7efedaaf2000 ---p 00000000 00:00 0 
7efedaaf2000-7efedabf0000 rw-p 00000000 00:00 0 
7efedabf0000-7efedabf1000 ---p 00000000 00:00 0 
7efedabf1000-7efedabf4000 ---p 00000000 00:00 0 
7efedabf4000-7efedacf1000 rw-p 00000000 00:00 0 
7efedacf1000-7efedacf2000 ---p 00000000 00:00 0 
7efedacf2000-7efedacf5000 ---p 00000000 00:00 0 
7efedacf5000-7efedadf2000 rw-p 00000000 00:00 0 
7efedadf2000-7efedadf5000 ---p 00000000 00:00 0 
7efedadf5000-7efedaef3000 rw-p 00000000 00:00 0 
7efedaef3000-7efedaf24000 r--p 00000000 fc:01 7802                       /usr/lib/locale/C.UTF-8/LC_CTYPE
7efedaf24000-7efedb097000 r--p 00000000 fc:01 7801                       /usr/lib/locale/C.UTF-8/LC_COLLATE
7efedb097000-7efedb232000 r--p 00000000 fc:01 7796                       /usr/lib/locale/locale-archive
7efedb232000-7efedb235000 ---p 00000000 00:00 0 
7efedb235000-7efedb333000 rw-p 00000000 00:00 0 
7efedb333000-7efedb336000 ---p 00000000 00:00 0 
7efedb336000-7efedb434000 rw-p 00000000 00:00 0 
7efedb434000-7efedb435000 ---p 00000000 00:00 0 
7efedb435000-7efedb583000 rw-p 00000000 00:00 0 
7efedb583000-7efedb753000 r--s 03c68000 fc:01 1302635                    /usr/lib/jvm/java-8-openjdk-amd64/jre/lib/rt.jar
7efedb753000-7efedbc49000 rw-p 00000000 00:00 0 
7efedbc49000-7efedbfc9000 ---p 00000000 00:00 0 
7efedbfc9000-7efedbfd3000 rw-p 00000000 00:00 0 
7efedbfd3000-7efedc389000 ---p 00000000 00:00 0 
7efedc389000-7efedc5f9000 rwxp 00000000 00:00 0 
7efedc5f9000-7efeeb389000 ---p 00000000 00:00 0 
7efeeb389000-7efeeb391000 r-xp 00000000 fc:01 1302619                    /usr/lib/jvm/java-8-openjdk-amd64/jre/lib/amd64/libzip.so
7efeeb391000-7efeeb590000 ---p 00008000 fc:01 1302619                    /usr/lib/jvm/java-8-openjdk-amd64/jre/lib/amd64/libzip.so
7efeeb590000-7efeeb591000 r--p 00007000 fc:01 1302619                    /usr/lib/jvm/java-8-openjdk-amd64/jre/lib/amd64/libzip.so
7efeeb591000-7efeeb592000 rw-p 00008000 fc:01 1302619                    /usr/lib/jvm/java-8-openjdk-amd64/jre/lib/amd64/libzip.so
7efeeb592000-7efeeb59d000 r-xp 00000000 fc:01 2093                       /lib/x86_64-linux-gnu/libnss_files-2.27.so
7efeeb59d000-7efeeb79c000 ---p 0000b000 fc:01 2093                       /lib/x86_64-linux-gnu/libnss_files-2.27.so
7efeeb79c000-7efeeb79d000 r--p 0000a000 fc:01 2093                       /lib/x86_64-linux-gnu/libnss_files-2.27.so
7efeeb79d000-7efeeb79e000 rw-p 0000b000 fc:01 2093                       /lib/x86_64-linux-gnu/libnss_files-2.27.so
7efeeb79e000-7efeeb7a4000 rw-p 00000000 00:00 0 
7efeeb7a4000-7efeeb7bb000 r-xp 00000000 fc:01 2090                       /lib/x86_64-linux-gnu/libnsl-2.27.so
7efeeb7bb000-7efeeb9ba000 ---p 00017000 fc:01 2090                       /lib/x86_64-linux-gnu/libnsl-2.27.so
7efeeb9ba000-7efeeb9bb000 r--p 00016000 fc:01 2090                       /lib/x86_64-linux-gnu/libnsl-2.27.so
7efeeb9bb000-7efeeb9bc000 rw-p 00017000 fc:01 2090                       /lib/x86_64-linux-gnu/libnsl-2.27.so
7efeeb9bc000-7efeeb9be000 rw-p 00000000 00:00 0 
7efeeb9be000-7efeeb9c9000 r-xp 00000000 fc:01 2095                       /lib/x86_64-linux-gnu/libnss_nis-2.27.so
7efeeb9c9000-7efeebbc8000 ---p 0000b000 fc:01 2095                       /lib/x86_64-linux-gnu/libnss_nis-2.27.so
7efeebbc8000-7efeebbc9000 r--p 0000a000 fc:01 2095                       /lib/x86_64-linux-gnu/libnss_nis-2.27.so
7efeebbc9000-7efeebbca000 rw-p 0000b000 fc:01 2095                       /lib/x86_64-linux-gnu/libnss_nis-2.27.so
7efeebbca000-7efeebbd2000 r-xp 00000000 fc:01 2091                       /lib/x86_64-linux-gnu/libnss_compat-2.27.so
7efeebbd2000-7efeebdd2000 ---p 00008000 fc:01 2091                       /lib/x86_64-linux-gnu/libnss_compat-2.27.so
7efeebdd2000-7efeebdd3000 r--p 00008000 fc:01 2091                       /lib/x86_64-linux-gnu/libnss_compat-2.27.so
7efeebdd3000-7efeebdd4000 rw-p 00009000 fc:01 2091                       /lib/x86_64-linux-gnu/libnss_compat-2.27.so
7efeebdd4000-7efeebdfe000 r-xp 00000000 fc:01 1302600                    /usr/lib/jvm/java-8-openjdk-amd64/jre/lib/amd64/libjava.so
7efeebdfe000-7efeebffd000 ---p 0002a000 fc:01 1302600                    /usr/lib/jvm/java-8-openjdk-amd64/jre/lib/amd64/libjava.so
7efeebffd000-7efeebffe000 r--p 00029000 fc:01 1302600                    /usr/lib/jvm/java-8-openjdk-amd64/jre/lib/amd64/libjava.so
7efeebffe000-7efeec000000 rw-p 0002a000 fc:01 1302600                    /usr/lib/jvm/java-8-openjdk-amd64/jre/lib/amd64/libjava.so
7efeec000000-7efeec25f000 rw-p 00000000 00:00 0 
7efeec25f000-7efef0000000 ---p 00000000 00:00 0 
7efef0000000-7efef0001000 r--s 0000a000 fc:01 1555510                    /usr/lib/jvm/java-8-openjdk-amd64/jre/lib/ext/jaccess.jar
7efef0001000-7efef0084000 rw-p 00000000 00:00 0 
7efef0084000-7efef0094000 r-xp 00000000 fc:01 1302618                    /usr/lib/jvm/java-8-openjdk-amd64/jre/lib/amd64/libverify.so
7efef0094000-7efef0293000 ---p 00010000 fc:01 1302618                    /usr/lib/jvm/java-8-openjdk-amd64/jre/lib/amd64/libverify.so
7efef0293000-7efef0295000 r--p 0000f000 fc:01 1302618                    /usr/lib/jvm/java-8-openjdk-amd64/jre/lib/amd64/libverify.so
7efef0295000-7efef0296000 rw-p 00011000 fc:01 1302618                    /usr/lib/jvm/java-8-openjdk-amd64/jre/lib/amd64/libverify.so
7efef0296000-7efef029d000 r-xp 00000000 fc:01 2180                       /lib/x86_64-linux-gnu/librt-2.27.so
7efef029d000-7efef049c000 ---p 00007000 fc:01 2180                       /lib/x86_64-linux-gnu/librt-2.27.so
7efef049c000-7efef049d000 r--p 00006000 fc:01 2180                       /lib/x86_64-linux-gnu/librt-2.27.so
7efef049d000-7efef049e000 rw-p 00007000 fc:01 2180                       /lib/x86_64-linux-gnu/librt-2.27.so
7efef049e000-7efef04b5000 r-xp 00000000 fc:01 29154                      /lib/x86_64-linux-gnu/libgcc_s.so.1
7efef04b5000-7efef06b4000 ---p 00017000 fc:01 29154                      /lib/x86_64-linux-gnu/libgcc_s.so.1
7efef06b4000-7efef06b5000 r--p 00016000 fc:01 29154                      /lib/x86_64-linux-gnu/libgcc_s.so.1
7efef06b5000-7efef06b6000 rw-p 00017000 fc:01 29154                      /lib/x86_64-linux-gnu/libgcc_s.so.1
7efef06b6000-7efef0853000 r-xp 00000000 fc:01 2087                       /lib/x86_64-linux-gnu/libm-2.27.so
7efef0853000-7efef0a52000 ---p 0019d000 fc:01 2087                       /lib/x86_64-linux-gnu/libm-2.27.so
7efef0a52000-7efef0a53000 r--p 0019c000 fc:01 2087                       /lib/x86_64-linux-gnu/libm-2.27.so
7efef0a53000-7efef0a54000 rw-p 0019d000 fc:01 2087                       /lib/x86_64-linux-gnu/libm-2.27.so
7efef0a54000-7efef0bcd000 r-xp 00000000 fc:01 4344                       /usr/lib/x86_64-linux-gnu/libstdc++.so.6.0.25
7efef0bcd000-7efef0dcd000 ---p 00179000 fc:01 4344                       /usr/lib/x86_64-linux-gnu/libstdc++.so.6.0.25
7efef0dcd000-7efef0dd7000 r--p 00179000 fc:01 4344                       /usr/lib/x86_64-linux-gnu/libstdc++.so.6.0.25
7efef0dd7000-7efef0dd9000 rw-p 00183000 fc:01 4344                       /usr/lib/x86_64-linux-gnu/libstdc++.so.6.0.25
7efef0dd9000-7efef0ddd000 rw-p 00000000 00:00 0 
7efef0ddd000-7efef1a80000 r-xp 00000000 fc:01 1302622                    /usr/lib/jvm/java-8-openjdk-amd64/jre/lib/amd64/server/libjvm.so
7efef1a80000-7efef1c80000 ---p 00ca3000 fc:01 1302622                    /usr/lib/jvm/java-8-openjdk-amd64/jre/lib/amd64/server/libjvm.so
7efef1c80000-7efef1d14000 r--p 00ca3000 fc:01 1302622                    /usr/lib/jvm/java-8-openjdk-amd64/jre/lib/amd64/server/libjvm.so
7efef1d14000-7efef1d3d000 rw-p 00d37000 fc:01 1302622                    /usr/lib/jvm/java-8-openjdk-amd64/jre/lib/amd64/server/libjvm.so
7efef1d3d000-7efef1d6d000 rw-p 00000000 00:00 0 
7efef1d6d000-7efef1d87000 r-xp 00000000 fc:01 2178                       /lib/x86_64-linux-gnu/libpthread-2.27.so
7efef1d87000-7efef1f86000 ---p 0001a000 fc:01 2178                       /lib/x86_64-linux-gnu/libpthread-2.27.so
7efef1f86000-7efef1f87000 r--p 00019000 fc:01 2178                       /lib/x86_64-linux-gnu/libpthread-2.27.so
7efef1f87000-7efef1f88000 rw-p 0001a000 fc:01 2178                       /lib/x86_64-linux-gnu/libpthread-2.27.so
7efef1f88000-7efef1f8c000 rw-p 00000000 00:00 0 
7efef1f8c000-7efef1f8f000 r-xp 00000000 fc:01 2086                       /lib/x86_64-linux-gnu/libdl-2.27.so
7efef1f8f000-7efef218e000 ---p 00003000 fc:01 2086                       /lib/x86_64-linux-gnu/libdl-2.27.so
7efef218e000-7efef218f000 r--p 00002000 fc:01 2086                       /lib/x86_64-linux-gnu/libdl-2.27.so
7efef218f000-7efef2190000 rw-p 00003000 fc:01 2086                       /lib/x86_64-linux-gnu/libdl-2.27.so
7efef2190000-7efef21ac000 r-xp 00000000 fc:01 2183                       /lib/x86_64-linux-gnu/libz.so.1.2.11
7efef21ac000-7efef23ab000 ---p 0001c000 fc:01 2183                       /lib/x86_64-linux-gnu/libz.so.1.2.11
7efef23ab000-7efef23ac000 r--p 0001b000 fc:01 2183                       /lib/x86_64-linux-gnu/libz.so.1.2.11
7efef23ac000-7efef23ad000 rw-p 0001c000 fc:01 2183                       /lib/x86_64-linux-gnu/libz.so.1.2.11
7efef23ad000-7efef2594000 r-xp 00000000 fc:01 2083                       /lib/x86_64-linux-gnu/libc-2.27.so
7efef2594000-7efef2794000 ---p 001e7000 fc:01 2083                       /lib/x86_64-linux-gnu/libc-2.27.so
7efef2794000-7efef2798000 r--p 001e7000 fc:01 2083                       /lib/x86_64-linux-gnu/libc-2.27.so
7efef2798000-7efef279a000 rw-p 001eb000 fc:01 2083                       /lib/x86_64-linux-gnu/libc-2.27.so
7efef279a000-7efef279e000 rw-p 00000000 00:00 0 
7efef279e000-7efef27ac000 r-xp 00000000 fc:01 1555499                    /usr/lib/jvm/java-8-openjdk-amd64/jre/lib/amd64/jli/libjli.so
7efef27ac000-7efef29ab000 ---p 0000e000 fc:01 1555499                    /usr/lib/jvm/java-8-openjdk-amd64/jre/lib/amd64/jli/libjli.so
7efef29ab000-7efef29ac000 r--p 0000d000 fc:01 1555499                    /usr/lib/jvm/java-8-openjdk-amd64/jre/lib/amd64/jli/libjli.so
7efef29ac000-7efef29ad000 rw-p 0000e000 fc:01 1555499                    /usr/lib/jvm/java-8-openjdk-amd64/jre/lib/amd64/jli/libjli.so
7efef29ad000-7efef29d4000 r-xp 00000000 fc:01 2079                       /lib/x86_64-linux-gnu/ld-2.27.so
7efef29d4000-7efef29d5000 r--s 0000d000 fc:01 1555513                    /usr/lib/jvm/java-8-openjdk-amd64/jre/lib/ext/sunec.jar
7efef29d5000-7efef29d7000 r--s 00001000 fc:01 1555508                    /usr/lib/jvm/java-8-openjdk-amd64/jre/lib/ext/dnsns.jar
7efef29d7000-7efef29da000 r--s 0000f000 fc:01 1555509                    /usr/lib/jvm/java-8-openjdk-amd64/jre/lib/ext/icedtea-sound.jar
7efef29da000-7efef29e4000 r--s 00116000 fc:01 1555511                    /usr/lib/jvm/java-8-openjdk-amd64/jre/lib/ext/localedata.jar
7efef29e4000-7efef29e5000 r--p 00000000 fc:01 7807                       /usr/lib/locale/C.UTF-8/LC_NUMERIC
7efef29e5000-7efef29e6000 r--p 00000000 fc:01 7810                       /usr/lib/locale/C.UTF-8/LC_TIME
7efef29e6000-7efef29e7000 r--p 00000000 fc:01 7805                       /usr/lib/locale/C.UTF-8/LC_MONETARY
7efef29e7000-7efef29e8000 r--p 00000000 fc:01 7799                       /usr/lib/locale/C.UTF-8/LC_MESSAGES/SYS_LC_MESSAGES
7efef29e8000-7efef29e9000 r--p 00000000 fc:01 7808                       /usr/lib/locale/C.UTF-8/LC_PAPER
7efef29e9000-7efef29ea000 r--p 00000000 fc:01 7806                       /usr/lib/locale/C.UTF-8/LC_NAME
7efef29ea000-7efef29eb000 r--p 00000000 fc:01 7800                       /usr/lib/locale/C.UTF-8/LC_ADDRESS
7efef29eb000-7efef29ec000 r--p 00000000 fc:01 7809                       /usr/lib/locale/C.UTF-8/LC_TELEPHONE
7efef29ec000-7efef29ed000 r--p 00000000 fc:01 7804                       /usr/lib/locale/C.UTF-8/LC_MEASUREMENT
7efef29ed000-7efef29f4000 r--s 00000000 fc:01 5010                       /usr/lib/x86_64-linux-gnu/gconv/gconv-modules.cache
7efef29f4000-7efef29f5000 r--p 00000000 fc:01 7803                       /usr/lib/locale/C.UTF-8/LC_IDENTIFICATION
7efef29f5000-7efef29fb000 rw-p 00000000 00:00 0 
7efef29fb000-7efef2a48000 ---p 00000000 00:00 0 
7efef2a48000-7efef2a4b000 rw-p 00000000 00:00 0 
7efef2a4b000-7efef2a71000 ---p 00000000 00:00 0 
7efef2a71000-7efef2a77000 rw-p 00000000 00:00 0 
7efef2a77000-7efef2ac4000 ---p 00000000 00:00 0 
7efef2ac4000-7efef2ac5000 rw-p 00000000 00:00 0 
7efef2ac5000-7efef2ac6000 ---p 00000000 00:00 0 
7efef2ac6000-7efef2ac9000 ---p 00000000 00:00 0 
7efef2ac9000-7efef2bc8000 rw-p 00000000 00:00 0 
7efef2bc8000-7efef2bd0000 rw-s 00000000 fc:01 1039851                    /tmp/hsperfdata_mpiuser/5169
7efef2bd0000-7efef2bd1000 rw-p 00000000 00:00 0 
7efef2bd1000-7efef2bd2000 r--p 00000000 00:00 0 
7efef2bd2000-7efef2bd4000 rw-p 00000000 00:00 0 
7efef2bd4000-7efef2bd5000 r--p 00027000 fc:01 2079                       /lib/x86_64-linux-gnu/ld-2.27.so
7efef2bd5000-7efef2bd6000 rw-p 00028000 fc:01 2079                       /lib/x86_64-linux-gnu/ld-2.27.so
7efef2bd6000-7efef2bd7000 rw-p 00000000 00:00 0 
7ffedc26a000-7ffedc28b000 rw-p 00000000 00:00 0                          [stack]
7ffedc31d000-7ffedc320000 r--p 00000000 00:00 0                          [vvar]
7ffedc320000-7ffedc322000 r-xp 00000000 00:00 0                          [vdso]
ffffffffff600000-ffffffffff601000 r-xp 00000000 00:00 0                  [vsyscall]

VM Arguments:
jvm_args: -Djava.library.path=/usr/local/lib 
java_command: Client 1000000 100 0
java_class_path (initial): /home/mpiuser/cloud/fyp/java_client:./lib/spring-jcl-5.2.5.RELEASE.jar:./lib/jackson-databind-2.10.3.jar:./lib/jackson-databind-2.10.2.jar:./lib/slf4j-simple-1.7.30.jar:./lib/amqp-client-5.8.0.jar:./lib/spring-web-5.2.5.RELEASE.jar:./lib/jackson-annotations-2.10.3.jar:./lib/mpi.jar:./lib/spring-beans-5.2.5.RELEASE.jar:./lib/jackson-annotations-2.10.2.jar:./lib/jackson-core-2.10.2.jar:./lib/jackson-core-2.10.3.jar:./lib/slf4j-api-1.7.29.jar:./lib/spring-core-5.2.5.RELEASE.jar:./lib/slf4j-api-1.7.30.jar:./lib/http-client-3.6.1.RELEASE.jar:/usr/local/lib/mpi.jar
Launcher Type: SUN_STANDARD

Environment Variables:
PATH=/usr/local/sbin:/usr/local/bin:/usr/sbin:/usr/bin:/sbin:/bin:/usr/games:/usr/local/games:/snap/bin
SHELL=/bin/bash

Signal Handlers:
SIGSEGV: [libjvm.so+0xabc3b0], sa_mask[0]=11111111011111111101111111111110, sa_flags=SA_RESTART|SA_SIGINFO
SIGBUS: [libjvm.so+0xabc3b0], sa_mask[0]=11111111011111111101111111111110, sa_flags=SA_RESTART|SA_SIGINFO
SIGFPE: [libjvm.so+0x8f0bb0], sa_mask[0]=11111111011111111101111111111110, sa_flags=SA_RESTART|SA_SIGINFO
SIGPIPE: [libjvm.so+0x8f0bb0], sa_mask[0]=11111111011111111101111111111110, sa_flags=SA_RESTART|SA_SIGINFO
SIGXFSZ: [libjvm.so+0x8f0bb0], sa_mask[0]=11111111011111111101111111111110, sa_flags=SA_RESTART|SA_SIGINFO
SIGILL: [libjvm.so+0x8f0bb0], sa_mask[0]=11111111011111111101111111111110, sa_flags=SA_RESTART|SA_SIGINFO
SIGUSR1: SIG_DFL, sa_mask[0]=00000000000000000000000000000000, sa_flags=none
SIGUSR2: [libjvm.so+0x8f0a60], sa_mask[0]=00000000000000000000000000000000, sa_flags=SA_RESTART|SA_SIGINFO
SIGHUP: [libjvm.so+0x8f10d0], sa_mask[0]=11111111011111111101111111111110, sa_flags=SA_RESTART|SA_SIGINFO
SIGINT: [libjvm.so+0x8f10d0], sa_mask[0]=11111111011111111101111111111110, sa_flags=SA_RESTART|SA_SIGINFO
SIGTERM: [libjvm.so+0x8f10d0], sa_mask[0]=11111111011111111101111111111110, sa_flags=SA_RESTART|SA_SIGINFO
SIGQUIT: [libjvm.so+0x8f10d0], sa_mask[0]=11111111011111111101111111111110, sa_flags=SA_RESTART|SA_SIGINFO


---------------  S Y S T E M  ---------------

OS:DISTRIB_ID=Ubuntu
DISTRIB_RELEASE=18.04
DISTRIB_CODENAME=bionic
DISTRIB_DESCRIPTION="Ubuntu 18.04.3 LTS"

uname:Linux 4.15.0-91-generic #92-Ubuntu SMP Fri Feb 28 11:09:48 UTC 2020 x86_64
libc:glibc 2.27 NPTL 2.27 
rlimit: STACK 8192k, CORE 0k, NPROC 3837, NOFILE 1048576, AS infinity
load average:22.55 4.80 1.56

/proc/meminfo:
MemTotal:        1008492 kB
MemFree:          240528 kB
MemAvailable:     213176 kB
Buffers:            5420 kB
Cached:            53200 kB
SwapCached:            0 kB
Active:           612720 kB
Inactive:          17432 kB
Active(anon):     571996 kB
Inactive(anon):      252 kB
Active(file):      40724 kB
Inactive(file):    17180 kB
Unevictable:           0 kB
Mlocked:               0 kB
SwapTotal:             0 kB
SwapFree:              0 kB
Dirty:              9584 kB
Writeback:             0 kB
AnonPages:        571648 kB
Mapped:            38420 kB
Shmem:               648 kB
Slab:              77108 kB
SReclaimable:      30064 kB
SUnreclaim:        47044 kB
KernelStack:       10032 kB
PageTables:        20540 kB
NFS_Unstable:          0 kB
Bounce:                0 kB
WritebackTmp:          0 kB
CommitLimit:      504244 kB
Committed_AS:    4186608 kB
VmallocTotal:   34359738367 kB
VmallocUsed:           0 kB
VmallocChunk:          0 kB
HardwareCorrupted:     0 kB
AnonHugePages:         0 kB
ShmemHugePages:        0 kB
ShmemPmdMapped:        0 kB
CmaTotal:              0 kB
CmaFree:               0 kB
HugePages_Total:       0
HugePages_Free:        0
HugePages_Rsvd:        0
HugePages_Surp:        0
Hugepagesize:       2048 kB
DirectMap4k:       83948 kB
DirectMap2M:      964608 kB
DirectMap1G:           0 kB

container (cgroup) information:
container_type: cgroupv1
cpu_cpuset_cpus: 0-2
cpu_memory_nodes: 0
active_processor_count: 3
cpu_quota: -1
cpu_period: 100000
cpu_shares: -1
memory_limit_in_bytes: -1
memory_and_swap_limit_in_bytes: -2
memory_soft_limit_in_bytes: -1
memory_usage_in_bytes: 626085888
memory_max_usage_in_bytes: 817807360


CPU:total 3 (initial active 3) (1 cores per cpu, 1 threads per core) family 6 model 85 stepping 4, cmov, cx8, fxsr, mmx, sse, sse2, sse3, ssse3, sse4.1, sse4.2, popcnt, avx, avx2, aes, clmul, erms, 3dnowpref, lzcnt, tsc, bmi1, bmi2, adx

/proc/cpuinfo:
processor	: 0
vendor_id	: GenuineIntel
cpu family	: 6
model		: 85
model name	: Intel(R) Xeon(R) Gold 6140 CPU @ 2.30GHz
stepping	: 4
microcode	: 0x1
cpu MHz		: 2294.608
cache size	: 4096 KB
physical id	: 0
siblings	: 1
core id		: 0
cpu cores	: 1
apicid		: 0
initial apicid	: 0
fpu		: yes
fpu_exception	: yes
cpuid level	: 13
wp		: yes
flags		: fpu vme de pse tsc msr pae mce cx8 apic sep mtrr pge mca cmov pat pse36 clflush mmx fxsr sse sse2 ss syscall nx pdpe1gb rdtscp lm constant_tsc arch_perfmon rep_good nopl cpuid tsc_known_freq pni pclmulqdq vmx ssse3 fma cx16 pcid sse4_1 sse4_2 x2apic movbe popcnt tsc_deadline_timer aes xsave avx f16c rdrand hypervisor lahf_lm abm 3dnowprefetch cpuid_fault invpcid_single pti ssbd ibrs ibpb tpr_shadow vnmi flexpriority ept vpid fsgsbase tsc_adjust bmi1 avx2 smep bmi2 erms invpcid mpx avx512f avx512dq rdseed adx smap clflushopt clwb avx512cd avx512bw avx512vl xsaveopt xsavec xgetbv1 pku ospke md_clear
bugs		: cpu_meltdown spectre_v1 spectre_v2 spec_store_bypass l1tf mds swapgs itlb_multihit
bogomips	: 4589.21
clflush size	: 64
cache_alignment	: 64
address sizes	: 40 bits physical, 48 bits virtual
power management:

processor	: 1
vendor_id	: GenuineIntel
cpu family	: 6
model		: 85
model name	: Intel(R) Xeon(R) Gold 6140 CPU @ 2.30GHz
stepping	: 4
microcode	: 0x1
cpu MHz		: 2294.608
cache size	: 4096 KB
physical id	: 1
siblings	: 1
core id		: 0
cpu cores	: 1
apicid		: 1
initial apicid	: 1
fpu		: yes
fpu_exception	: yes
cpuid level	: 13
wp		: yes
flags		: fpu vme de pse tsc msr pae mce cx8 apic sep mtrr pge mca cmov pat pse36 clflush mmx fxsr sse sse2 ss syscall nx pdpe1gb rdtscp lm constant_tsc arch_perfmon rep_good nopl cpuid tsc_known_freq pni pclmulqdq vmx ssse3 fma cx16 pcid sse4_1 sse4_2 x2apic movbe popcnt tsc_deadline_timer aes xsave avx f16c rdrand hypervisor lahf_lm abm 3dnowprefetch cpuid_fault invpcid_single pti ssbd ibrs ibpb tpr_shadow vnmi flexpriority ept vpid fsgsbase tsc_adjust bmi1 avx2 smep bmi2 erms invpcid mpx avx512f avx512dq rdseed adx smap clflushopt clwb avx512cd avx512bw avx512vl xsaveopt xsavec xgetbv1 pku ospke md_clear
bugs		: cpu_meltdown spectre_v1 spectre_v2 spec_store_bypass l1tf mds swapgs itlb_multihit
bogomips	: 4589.21
clflush size	: 64
cache_alignment	: 64
address sizes	: 40 bits physical, 48 bits virtual
power management:

processor	: 2
vendor_id	: GenuineIntel
cpu family	: 6
model		: 85
model name	: Intel(R) Xeon(R) Gold 6140 CPU @ 2.30GHz
stepping	: 4
microcode	: 0x1
cpu MHz		: 2294.608
cache size	: 4096 KB
physical id	: 2
siblings	: 1
core id		: 0
cpu cores	: 1
apicid		: 2
initial apicid	: 2
fpu		: yes
fpu_exception	: yes
cpuid level	: 13
wp		: yes
flags		: fpu vme de pse tsc msr pae mce cx8 apic sep mtrr pge mca cmov pat pse36 clflush mmx fxsr sse sse2 ss syscall nx pdpe1gb rdtscp lm constant_tsc arch_perfmon rep_good nopl cpuid tsc_known_freq pni pclmulqdq vmx ssse3 fma cx16 pcid sse4_1 sse4_2 x2apic movbe popcnt tsc_deadline_timer aes xsave avx f16c rdrand hypervisor lahf_lm abm 3dnowprefetch cpuid_fault invpcid_single pti ssbd ibrs ibpb tpr_shadow vnmi flexpriority ept vpid fsgsbase tsc_adjust bmi1 avx2 smep bmi2 erms invpcid mpx avx512f avx512dq rdseed adx smap clflushopt clwb avx512cd avx512bw avx512vl xsaveopt xsavec xgetbv1 pku ospke md_clear
bugs		: cpu_meltdown spectre_v1 spectre_v2 spec_store_bypass l1tf mds swapgs itlb_multihit
bogomips	: 4589.21
clflush size	: 64
cache_alignment	: 64
address sizes	: 40 bits physical, 48 bits virtual
power management:



Memory: 4k page, physical 1008492k(240528k free), swap 0k(0k free)

vm_info: OpenJDK 64-Bit Server VM (25.242-b08) for linux-amd64 JRE (1.8.0_242-8u242-b08-0ubuntu3~18.04-b08), built on Jan 17 2020 23:41:21 by "buildd" with gcc 7.4.0

time: Mon Apr  6 11:40:00 2020
timezone: UTC
elapsed time: 10 seconds (0d 0h 0m 10s)

