#
# A fatal error has been detected by the Java Runtime Environment:
#
#  SIGSEGV (0xb) at pc=0x00007fbeb982712a, pid=16329, tid=0x00007fbef8c96700
#
# JRE version: OpenJDK Runtime Environment (8.0_242-b08) (build 1.8.0_242-8u242-b08-0ubuntu3~18.04-b08)
# Java VM: OpenJDK 64-Bit Server VM (25.242-b08 mixed mode linux-amd64 compressed oops)
# Problematic frame:
# C  [mca_gds_ds21.so+0x212a]  pmix_gds_ds21_lock_init+0x12a
#
# Failed to write core dump. Core dumps have been disabled. To enable core dumping, try "ulimit -c unlimited" before starting Java again
#
# If you would like to submit a bug report, please visit:
#   http://bugreport.java.com/bugreport/crash.jsp
# The crash happened outside the Java Virtual Machine in native code.
# See problematic frame for where to report the bug.
#

---------------  T H R E A D  ---------------

Current thread (0x00007fbef000b800):  JavaThread "main" [_thread_in_native, id=16382, stack(0x00007fbef8b97000,0x00007fbef8c97000)]

siginfo: si_signo: 11 (SIGSEGV), si_code: 1 (SEGV_MAPERR), si_addr: 0x00007fbee03cc008

Registers:
RAX=0x00007fbef02c5ab0, RBX=0x00007fbef02c59d0, RCX=0x00007fbeb9c4785e, RDX=0x00007ffddda83ce8
RSP=0x00007fbef8c94700, RBP=0x00007fbef02c5a28, RSI=0x0000000000085000, RDI=0x0000000000000000
R8 =0x000000000000001e, R9 =0x0000000000000000, R10=0x0000000000000001, R11=0x0000000000000000
R12=0x00007fbef02c5628, R13=0x0000000000001000, R14=0x00007fbee03cc000, R15=0x00007fbef02c5a20
RIP=0x00007fbeb982712a, EFLAGS=0x0000000000010202, CSGSFS=0x002b000000000033, ERR=0x0000000000000004
  TRAPNO=0x000000000000000e

Top of Stack: (sp=0x00007fbef8c94700)
0x00007fbef8c94700:   00007fbef02c5980 00007ffddda83ce8
0x00007fbef8c94710:   0000000000085000 000003e800000002
0x00007fbef8c94720:   0000000000000000 00007fbef85152ed
0x00007fbef8c94730:   00007fbef02c5670 f530dba5513f6300
0x00007fbef8c94740:   0000000000000000 00007fbef02c5350
0x00007fbef8c94750:   0000000000000000 00007ffddda83ce8
0x00007fbef8c94760:   0000000000000000 00007fbef02c55c0
0x00007fbef8c94770:   0000000000000000 00007fbeb9c43bcb
0x00007fbef8c94780:   00007fbeb9827cee 00007fbef8c94810
0x00007fbef8c94790:   00007fbebadc4513 0000001500000040
0x00007fbef8c947a0:   00007fbef02c0b80 f530dba5513f6300
0x00007fbef8c947b0:   00007fbeb9c39280 00007fbef02c0690
0x00007fbef8c947c0:   00007fbeb9a292d4 00007fbebafea0a0
0x00007fbef8c947d0:   00007fbeb9a29180 00007fbebafedfc0
0x00007fbef8c947e0:   00007fbef02c5300 00007fbeb9826db4
0x00007fbef8c947f0:   00007fbebafea060 00007fbebadacee8
0x00007fbef8c94800:   00007fbebafea100 00007fbef8c94834
0x00007fbef8c94810:   00007fbef8c94838 0000000000000000
0x00007fbef8c94820:   0000000000000000 00007fbebafedfd0
0x00007fbef8c94830:   0000001ebad21db0 00007fbeb9a29180
0x00007fbef8c94840:   0000000000000000 f530dba5513f6300
0x00007fbef8c94850:   00007fbebafea0a0 0000000000000000
0x00007fbef8c94860:   0000000000000000 00007fbef024fae0
0x00007fbef8c94870:   00007fbebad21db0 00007fbebafe9520
0x00007fbef8c94880:   0000000000000000 00007fbebad67763
0x00007fbef8c94890:   000000000000000c 00007fbebafe97d8
0x00007fbef8c948a0:   2d69706d6e65706f 0000316576616c73
0x00007fbef8c948b0:   00007fbebacac100 00007fbebaca7b00
0x00007fbef8c948c0:   00007fbebacaf64e 0000000100000000
0x00007fbef8c948d0:   00007fbef8c949d0 00007fbe00000003
0x00007fbef8c948e0:   00007fbef8c949c0 f530dba5513f6300
0x00007fbef8c948f0:   00007fbef024d4c0 00007fbebafe8f60 

Instructions: (pc=0x00007fbeb982712a)
0x00007fbeb982710a:   f7 ff ff 48 85 c0 49 89 47 30 0f 84 16 03 00 00
0x00007fbeb982711a:   4c 8b 70 18 49 8b 36 4c 39 ee 0f 87 ce 02 00 00
0x00007fbeb982712a:   41 8b 46 08 41 89 47 40 49 8b 56 18 4c 01 f2 85
0x00007fbeb982713a:   c0 49 89 57 38 0f 84 eb 02 00 00 31 c0 ba 01 00 

Register to memory mapping:

RAX=0x00007fbef02c5ab0 is an unknown value
RBX=0x00007fbef02c59d0 is an unknown value
RCX=0x00007fbeb9c4785e: pmix_common_dstor_attach_new_lock_seg+0x1e in /usr/local/lib/libmca_common_dstore.so.1 at 0x00007fbeb9c3a000
RDX=0x00007ffddda83ce8 is an unknown value
RSP=0x00007fbef8c94700 is pointing into the stack for thread: 0x00007fbef000b800
RBP=0x00007fbef02c5a28 is an unknown value
RSI=0x0000000000085000 is an unknown value
RDI=0x0000000000000000 is an unknown value
R8 =0x000000000000001e is an unknown value
R9 =0x0000000000000000 is an unknown value
R10=0x0000000000000001 is an unknown value
R11=0x0000000000000000 is an unknown value
R12=0x00007fbef02c5628 is an unknown value
R13=0x0000000000001000 is an unknown value
R14=0x00007fbee03cc000 is an unknown value
R15=0x00007fbef02c5a20 is an unknown value


Stack: [0x00007fbef8b97000,0x00007fbef8c97000],  sp=0x00007fbef8c94700,  free space=1013k
Native frames: (J=compiled Java code, j=interpreted, Vv=VM code, C=native code)
C  [mca_gds_ds21.so+0x212a]  pmix_gds_ds21_lock_init+0x12a

Java frames: (J=compiled Java code, j=interpreted, Vv=VM code)
j  mpi.MPI.Init_jni([Ljava/lang/String;)[Ljava/lang/String;+0
j  mpi.MPI.Init([Ljava/lang/String;)[Ljava/lang/String;+17
j  Client.main([Ljava/lang/String;)V+1
v  ~StubRoutines::call_stub

---------------  P R O C E S S  ---------------

Java Threads: ( => current thread )
  0x00007fbef00d9800 JavaThread "Service Thread" daemon [_thread_blocked, id=16626, stack(0x00007fbee0b8a000,0x00007fbee0c8b000)]
  0x00007fbef00b4800 JavaThread "C1 CompilerThread1" daemon [_thread_blocked, id=16623, stack(0x00007fbee0c8c000,0x00007fbee0d8c000)]
  0x00007fbef00b2000 JavaThread "C2 CompilerThread0" daemon [_thread_blocked, id=16617, stack(0x00007fbee0d8d000,0x00007fbee0e8d000)]
  0x00007fbef00b0800 JavaThread "Signal Dispatcher" daemon [_thread_blocked, id=16603, stack(0x00007fbef4037000,0x00007fbef4138000)]
  0x00007fbef007e000 JavaThread "Finalizer" daemon [_thread_blocked, id=16543, stack(0x00007fbef4304000,0x00007fbef4405000)]
  0x00007fbef0079800 JavaThread "Reference Handler" daemon [_thread_blocked, id=16532, stack(0x00007fbef4405000,0x00007fbef4506000)]
=>0x00007fbef000b800 JavaThread "main" [_thread_in_native, id=16382, stack(0x00007fbef8b97000,0x00007fbef8c97000)]

Other Threads:
  0x00007fbef006f800 VMThread [stack: 0x00007fbef4507000,0x00007fbef4607000] [id=16529]
  0x00007fbef00dc800 WatcherThread [stack: 0x00007fbee0a8a000,0x00007fbee0b8a000] [id=16633]

VM state:not at safepoint (normal execution)

VM Mutex/Monitor currently owned by a thread: None

heap address: 0x00000000f0800000, size: 248 MB, Compressed Oops mode: 32-bit
Narrow klass base: 0x0000000000000000, Narrow klass shift: 3
Compressed class space size: 1073741824 Address: 0x0000000100000000

Heap:
 def new generation   total 4928K, used 1441K [0x00000000f0800000, 0x00000000f0d50000, 0x00000000f5aa0000)
  eden space 4416K,  32% used [0x00000000f0800000, 0x00000000f0968610, 0x00000000f0c50000)
  from space 512K,   0% used [0x00000000f0c50000, 0x00000000f0c50000, 0x00000000f0cd0000)
  to   space 512K,   0% used [0x00000000f0cd0000, 0x00000000f0cd0000, 0x00000000f0d50000)
 tenured generation   total 10944K, used 0K [0x00000000f5aa0000, 0x00000000f6550000, 0x0000000100000000)
   the space 10944K,   0% used [0x00000000f5aa0000, 0x00000000f5aa0000, 0x00000000f5aa0200, 0x00000000f6550000)
 Metaspace       used 3122K, capacity 4792K, committed 5120K, reserved 1056768K
  class space    used 313K, capacity 424K, committed 512K, reserved 1048576K

Card table byte_map: [0x00007fbef8b19000,0x00007fbef8b96000] byte_map_base: 0x00007fbef8395000

Polling page: 0x00007fbef8ca2000

CodeCache: size=245760Kb used=1268Kb max_used=1268Kb free=244491Kb
 bounds [0x00007fbee1000000, 0x00007fbee1270000, 0x00007fbef0000000]
 total_blobs=379 nmethods=74 adapters=220
 compilation: enabled

Compilation events (10 events):
Event: 1.846 Thread 0x00007fbef00b4800   69       3       java.lang.String::startsWith (7 bytes)
Event: 1.846 Thread 0x00007fbef00b4800 nmethod 69 0x00007fbee1133b90 code [0x00007fbee1133d00, 0x00007fbee1133f08]
Event: 1.846 Thread 0x00007fbef00b4800   71       3       java.util.zip.ZStreamRef::address (5 bytes)
Event: 1.846 Thread 0x00007fbef00b4800 nmethod 71 0x00007fbee1133f90 code [0x00007fbee11340e0, 0x00007fbee1134230]
Event: 1.846 Thread 0x00007fbef00b4800   67       3       java.lang.AbstractStringBuilder::<init> (12 bytes)
Event: 1.846 Thread 0x00007fbef00b4800 nmethod 67 0x00007fbee1134290 code [0x00007fbee1134400, 0x00007fbee1134650]
Event: 1.848 Thread 0x00007fbef00b4800   72       3       java.util.concurrent.ConcurrentHashMap::setTabAt (19 bytes)
Event: 1.848 Thread 0x00007fbef00b4800 nmethod 72 0x00007fbee113c910 code [0x00007fbee113ca60, 0x00007fbee113cbd0]
Event: 1.848 Thread 0x00007fbef00b4800   74       3       java.lang.CharacterDataLatin1::toLowerCase (39 bytes)
Event: 1.848 Thread 0x00007fbef00b4800 nmethod 74 0x00007fbee113cc50 code [0x00007fbee113cdc0, 0x00007fbee113d030]

GC Heap History (0 events):
No events

Deoptimization events (0 events):
No events

Classes redefined (0 events):
No events

Internal exceptions (5 events):
Event: 0.545 Thread 0x00007fbef000b800 Exception <a 'java/lang/NoSuchMethodError': Method sun.misc.Unsafe.defineClass(Ljava/lang/String;[BII)Ljava/lang/Class; name or signature does not match> (0x00000000f0807cc8) thrown at [/build/openjdk-8-58sEEn/openjdk-8-8u242-b08/src/hotspot/src/share/vm/
Event: 0.545 Thread 0x00007fbef000b800 Exception <a 'java/lang/NoSuchMethodError': Method sun.misc.Unsafe.prefetchRead(Ljava/lang/Object;J)V name or signature does not match> (0x00000000f0807fb0) thrown at [/build/openjdk-8-58sEEn/openjdk-8-8u242-b08/src/hotspot/src/share/vm/prims/jni.cpp, lin
Event: 1.312 Thread 0x00007fbef000b800 Exception <a 'java/util/zip/ZipException'> (0x00000000f085dec8) thrown at [/build/openjdk-8-58sEEn/openjdk-8-8u242-b08/src/hotspot/src/share/vm/prims/jni.cpp, line 710]
Event: 1.312 Thread 0x00007fbef000b800 Exception <a 'java/security/PrivilegedActionException'> (0x00000000f085e168) thrown at [/build/openjdk-8-58sEEn/openjdk-8-8u242-b08/src/hotspot/src/share/vm/prims/jvm.cpp, line 1502]
Event: 1.312 Thread 0x00007fbef000b800 Exception <a 'java/security/PrivilegedActionException'> (0x00000000f085e378) thrown at [/build/openjdk-8-58sEEn/openjdk-8-8u242-b08/src/hotspot/src/share/vm/prims/jvm.cpp, line 1502]

Events (10 events):
Event: 1.793 loading class mpi/Constant
Event: 1.793 loading class mpi/Constant done
Event: 1.845 loading class mpi/Errhandler
Event: 1.845 loading class mpi/Errhandler done
Event: 1.845 loading class mpi/Intracomm
Event: 1.845 loading class mpi/Intracomm done
Event: 1.846 loading class mpi/Comm
Event: 1.846 loading class mpi/Comm done
Event: 1.848 loading class mpi/Version
Event: 1.848 loading class mpi/Version done


Dynamic libraries:
f0800000-f0d50000 rw-p 00000000 00:00 0 
f0d50000-f5aa0000 ---p 00000000 00:00 0 
f5aa0000-f6550000 rw-p 00000000 00:00 0 
f6550000-100000000 ---p 00000000 00:00 0 
100000000-100080000 rw-p 00000000 00:00 0 
100080000-140000000 ---p 00000000 00:00 0 
556bdfbfd000-556bdfbfe000 r-xp 00000000 fc:01 2079032                    /usr/lib/jvm/java-8-openjdk-amd64/jre/bin/java
556bdfdfd000-556bdfdfe000 r--p 00000000 fc:01 2079032                    /usr/lib/jvm/java-8-openjdk-amd64/jre/bin/java
556bdfdfe000-556bdfdff000 rw-p 00001000 fc:01 2079032                    /usr/lib/jvm/java-8-openjdk-amd64/jre/bin/java
556be1a49000-556be1a6a000 rw-p 00000000 00:00 0                          [heap]
7fbeb4000000-7fbeb4021000 rw-p 00000000 00:00 0 
7fbeb4021000-7fbeb8000000 ---p 00000000 00:00 0 
7fbeb9622000-7fbeb9624000 r-xp 00000000 fc:01 526222                     /usr/local/lib/pmix/mca_pshmem_mmap.so
7fbeb9624000-7fbeb9823000 ---p 00002000 fc:01 526222                     /usr/local/lib/pmix/mca_pshmem_mmap.so
7fbeb9823000-7fbeb9824000 r--p 00001000 fc:01 526222                     /usr/local/lib/pmix/mca_pshmem_mmap.so
7fbeb9824000-7fbeb9825000 rw-p 00002000 fc:01 526222                     /usr/local/lib/pmix/mca_pshmem_mmap.so
7fbeb9825000-7fbeb9829000 r-xp 00000000 fc:01 526198                     /usr/local/lib/pmix/mca_gds_ds21.so
7fbeb9829000-7fbeb9a28000 ---p 00004000 fc:01 526198                     /usr/local/lib/pmix/mca_gds_ds21.so
7fbeb9a28000-7fbeb9a29000 r--p 00003000 fc:01 526198                     /usr/local/lib/pmix/mca_gds_ds21.so
7fbeb9a29000-7fbeb9a2a000 rw-p 00004000 fc:01 526198                     /usr/local/lib/pmix/mca_gds_ds21.so
7fbeb9a2a000-7fbeb9a39000 r-xp 00000000 fc:01 526200                     /usr/local/lib/pmix/mca_gds_hash.so
7fbeb9a39000-7fbeb9c38000 ---p 0000f000 fc:01 526200                     /usr/local/lib/pmix/mca_gds_hash.so
7fbeb9c38000-7fbeb9c39000 r--p 0000e000 fc:01 526200                     /usr/local/lib/pmix/mca_gds_hash.so
7fbeb9c39000-7fbeb9c3a000 rw-p 0000f000 fc:01 526200                     /usr/local/lib/pmix/mca_gds_hash.so
7fbeb9c3a000-7fbeb9c49000 r-xp 00000000 fc:01 7028                       /usr/local/lib/libmca_common_dstore.so.1.0.0
7fbeb9c49000-7fbeb9e48000 ---p 0000f000 fc:01 7028                       /usr/local/lib/libmca_common_dstore.so.1.0.0
7fbeb9e48000-7fbeb9e49000 r--p 0000e000 fc:01 7028                       /usr/local/lib/libmca_common_dstore.so.1.0.0
7fbeb9e49000-7fbeb9e4a000 rw-p 0000f000 fc:01 7028                       /usr/local/lib/libmca_common_dstore.so.1.0.0
7fbeb9e4a000-7fbeb9e4e000 r-xp 00000000 fc:01 526196                     /usr/local/lib/pmix/mca_gds_ds12.so
7fbeb9e4e000-7fbeba04d000 ---p 00004000 fc:01 526196                     /usr/local/lib/pmix/mca_gds_ds12.so
7fbeba04d000-7fbeba04e000 r--p 00003000 fc:01 526196                     /usr/local/lib/pmix/mca_gds_ds12.so
7fbeba04e000-7fbeba04f000 rw-p 00004000 fc:01 526196                     /usr/local/lib/pmix/mca_gds_ds12.so
7fbeba04f000-7fbeba057000 r-xp 00000000 fc:01 526226                     /usr/local/lib/pmix/mca_ptl_usock.so
7fbeba057000-7fbeba256000 ---p 00008000 fc:01 526226                     /usr/local/lib/pmix/mca_ptl_usock.so
7fbeba256000-7fbeba257000 r--p 00007000 fc:01 526226                     /usr/local/lib/pmix/mca_ptl_usock.so
7fbeba257000-7fbeba258000 rw-p 00008000 fc:01 526226                     /usr/local/lib/pmix/mca_ptl_usock.so
7fbeba258000-7fbeba269000 r-xp 00000000 fc:01 526224                     /usr/local/lib/pmix/mca_ptl_tcp.so
7fbeba269000-7fbeba468000 ---p 00011000 fc:01 526224                     /usr/local/lib/pmix/mca_ptl_tcp.so
7fbeba468000-7fbeba469000 r--p 00010000 fc:01 526224                     /usr/local/lib/pmix/mca_ptl_tcp.so
7fbeba469000-7fbeba46a000 rw-p 00011000 fc:01 526224                     /usr/local/lib/pmix/mca_ptl_tcp.so
7fbeba46a000-7fbeba47b000 r-xp 00000000 fc:01 526188                     /usr/local/lib/pmix/mca_bfrops_v12.so
7fbeba47b000-7fbeba67b000 ---p 00011000 fc:01 526188                     /usr/local/lib/pmix/mca_bfrops_v12.so
7fbeba67b000-7fbeba67c000 r--p 00011000 fc:01 526188                     /usr/local/lib/pmix/mca_bfrops_v12.so
7fbeba67c000-7fbeba67d000 rw-p 00012000 fc:01 526188                     /usr/local/lib/pmix/mca_bfrops_v12.so
7fbeba67d000-7fbeba694000 r-xp 00000000 fc:01 526190                     /usr/local/lib/pmix/mca_bfrops_v20.so
7fbeba694000-7fbeba893000 ---p 00017000 fc:01 526190                     /usr/local/lib/pmix/mca_bfrops_v20.so
7fbeba893000-7fbeba894000 r--p 00016000 fc:01 526190                     /usr/local/lib/pmix/mca_bfrops_v20.so
7fbeba894000-7fbeba895000 rw-p 00017000 fc:01 526190                     /usr/local/lib/pmix/mca_bfrops_v20.so
7fbeba895000-7fbeba89d000 r-xp 00000000 fc:01 526194                     /usr/local/lib/pmix/mca_bfrops_v3.so
7fbeba89d000-7fbebaa9c000 ---p 00008000 fc:01 526194                     /usr/local/lib/pmix/mca_bfrops_v3.so
7fbebaa9c000-7fbebaa9d000 r--p 00007000 fc:01 526194                     /usr/local/lib/pmix/mca_bfrops_v3.so
7fbebaa9d000-7fbebaa9e000 rw-p 00008000 fc:01 526194                     /usr/local/lib/pmix/mca_bfrops_v3.so
7fbebaa9e000-7fbebaaa5000 r-xp 00000000 fc:01 526192                     /usr/local/lib/pmix/mca_bfrops_v21.so
7fbebaaa5000-7fbebaca5000 ---p 00007000 fc:01 526192                     /usr/local/lib/pmix/mca_bfrops_v21.so
7fbebaca5000-7fbebaca6000 r--p 00007000 fc:01 526192                     /usr/local/lib/pmix/mca_bfrops_v21.so
7fbebaca6000-7fbebaca7000 rw-p 00008000 fc:01 526192                     /usr/local/lib/pmix/mca_bfrops_v21.so
7fbebaca7000-7fbebade6000 r-xp 00000000 fc:01 526228                     /usr/local/lib/openmpi/mca_pmix_pmix3x.so
7fbebade6000-7fbebafe6000 ---p 0013f000 fc:01 526228                     /usr/local/lib/openmpi/mca_pmix_pmix3x.so
7fbebafe6000-7fbebafe7000 r--p 0013f000 fc:01 526228                     /usr/local/lib/openmpi/mca_pmix_pmix3x.so
7fbebafe7000-7fbebafec000 rw-p 00140000 fc:01 526228                     /usr/local/lib/openmpi/mca_pmix_pmix3x.so
7fbebafec000-7fbebafef000 rw-p 00000000 00:00 0 
7fbebaff2000-7fbebaff4000 r-xp 00000000 fc:01 526214                     /usr/local/lib/pmix/mca_psec_native.so
7fbebaff4000-7fbebb1f3000 ---p 00002000 fc:01 526214                     /usr/local/lib/pmix/mca_psec_native.so
7fbebb1f3000-7fbebb1f4000 r--p 00001000 fc:01 526214                     /usr/local/lib/pmix/mca_psec_native.so
7fbebb1f4000-7fbebb1f5000 rw-p 00002000 fc:01 526214                     /usr/local/lib/pmix/mca_psec_native.so
7fbebb1f5000-7fbebb1f6000 ---p 00000000 00:00 0 
7fbebb1f6000-7fbebb9f6000 rw-p 00000000 00:00 0 
7fbebb9f6000-7fbebb9fa000 r-xp 00000000 fc:01 526266                     /usr/local/lib/openmpi/mca_ess_pmi.so
7fbebb9fa000-7fbebbbf9000 ---p 00004000 fc:01 526266                     /usr/local/lib/openmpi/mca_ess_pmi.so
7fbebbbf9000-7fbebbbfa000 r--p 00003000 fc:01 526266                     /usr/local/lib/openmpi/mca_ess_pmi.so
7fbebbbfa000-7fbebbbfb000 rw-p 00004000 fc:01 526266                     /usr/local/lib/openmpi/mca_ess_pmi.so
7fbebbbfb000-7fbebbbfc000 r-xp 00000000 fc:01 526334                     /usr/local/lib/openmpi/mca_schizo_orte.so
7fbebbbfc000-7fbebbdfb000 ---p 00001000 fc:01 526334                     /usr/local/lib/openmpi/mca_schizo_orte.so
7fbebbdfb000-7fbebbdfc000 r--p 00000000 fc:01 526334                     /usr/local/lib/openmpi/mca_schizo_orte.so
7fbebbdfc000-7fbebbdfd000 rw-p 00001000 fc:01 526334                     /usr/local/lib/openmpi/mca_schizo_orte.so
7fbebbdfd000-7fbebbdff000 r-xp 00000000 fc:01 526336                     /usr/local/lib/openmpi/mca_schizo_slurm.so
7fbebbdff000-7fbebbffe000 ---p 00002000 fc:01 526336                     /usr/local/lib/openmpi/mca_schizo_slurm.so
7fbebbffe000-7fbebbfff000 r--p 00001000 fc:01 526336                     /usr/local/lib/openmpi/mca_schizo_slurm.so
7fbebbfff000-7fbebc000000 rw-p 00002000 fc:01 526336                     /usr/local/lib/openmpi/mca_schizo_slurm.so
7fbebc000000-7fbebc021000 rw-p 00000000 00:00 0 
7fbebc021000-7fbec0000000 ---p 00000000 00:00 0 
7fbec0016000-7fbec001e000 r-xp 00000000 fc:01 526332                     /usr/local/lib/openmpi/mca_schizo_ompi.so
7fbec001e000-7fbec021d000 ---p 00008000 fc:01 526332                     /usr/local/lib/openmpi/mca_schizo_ompi.so
7fbec021d000-7fbec021e000 r--p 00007000 fc:01 526332                     /usr/local/lib/openmpi/mca_schizo_ompi.so
7fbec021e000-7fbec0220000 rw-p 00008000 fc:01 526332                     /usr/local/lib/openmpi/mca_schizo_ompi.so
7fbec0220000-7fbec0221000 r-xp 00000000 fc:01 526330                     /usr/local/lib/openmpi/mca_schizo_flux.so
7fbec0221000-7fbec0421000 ---p 00001000 fc:01 526330                     /usr/local/lib/openmpi/mca_schizo_flux.so
7fbec0421000-7fbec0422000 r--p 00001000 fc:01 526330                     /usr/local/lib/openmpi/mca_schizo_flux.so
7fbec0422000-7fbec0423000 rw-p 00002000 fc:01 526330                     /usr/local/lib/openmpi/mca_schizo_flux.so
7fbec0423000-7fbec0425000 r-xp 00000000 fc:01 526234                     /usr/local/lib/openmpi/mca_reachable_weighted.so
7fbec0425000-7fbec0624000 ---p 00002000 fc:01 526234                     /usr/local/lib/openmpi/mca_reachable_weighted.so
7fbec0624000-7fbec0625000 r--p 00001000 fc:01 526234                     /usr/local/lib/openmpi/mca_reachable_weighted.so
7fbec0625000-7fbec0626000 rw-p 00002000 fc:01 526234                     /usr/local/lib/openmpi/mca_reachable_weighted.so
7fbec0626000-7fbec0629000 r-xp 00000000 fc:01 526236                     /usr/local/lib/openmpi/mca_shmem_mmap.so
7fbec0629000-7fbec0828000 ---p 00003000 fc:01 526236                     /usr/local/lib/openmpi/mca_shmem_mmap.so
7fbec0828000-7fbec0829000 r--p 00002000 fc:01 526236                     /usr/local/lib/openmpi/mca_shmem_mmap.so
7fbec0829000-7fbec082a000 rw-p 00003000 fc:01 526236                     /usr/local/lib/openmpi/mca_shmem_mmap.so
7fbec082a000-7fbec082c000 r-xp 00000000 fc:01 2182                       /lib/x86_64-linux-gnu/libutil-2.27.so
7fbec082c000-7fbec0a2b000 ---p 00002000 fc:01 2182                       /lib/x86_64-linux-gnu/libutil-2.27.so
7fbec0a2b000-7fbec0a2c000 r--p 00001000 fc:01 2182                       /lib/x86_64-linux-gnu/libutil-2.27.so
7fbec0a2c000-7fbec0a2d000 rw-p 00002000 fc:01 2182                       /lib/x86_64-linux-gnu/libutil-2.27.so
7fbec0a2d000-7fbec0ae0000 r-xp 00000000 fc:01 7159                       /usr/local/lib/libopen-rte.so.40.20.1
7fbec0ae0000-7fbec0cdf000 ---p 000b3000 fc:01 7159                       /usr/local/lib/libopen-rte.so.40.20.1
7fbec0cdf000-7fbec0ce1000 r--p 000b2000 fc:01 7159                       /usr/local/lib/libopen-rte.so.40.20.1
7fbec0ce1000-7fbec0ce5000 rw-p 000b4000 fc:01 7159                       /usr/local/lib/libopen-rte.so.40.20.1
7fbec0ce5000-7fbec0ce8000 rw-p 00000000 00:00 0 
7fbec0ce8000-7fbec0def000 r-xp 00000000 fc:01 4656                       /usr/local/lib/libopen-pal.so.40.20.1
7fbec0def000-7fbec0fef000 ---p 00107000 fc:01 4656                       /usr/local/lib/libopen-pal.so.40.20.1
7fbec0fef000-7fbec0ff2000 r--p 00107000 fc:01 4656                       /usr/local/lib/libopen-pal.so.40.20.1
7fbec0ff2000-7fbec0ff8000 rw-p 0010a000 fc:01 4656                       /usr/local/lib/libopen-pal.so.40.20.1
7fbec0ff8000-7fbec4000000 rw-p 00000000 00:00 0 
7fbec4000000-7fbec413c000 rw-p 00000000 00:00 0 
7fbec413c000-7fbec8000000 ---p 00000000 00:00 0 
7fbec8000000-7fbec8021000 rw-p 00000000 00:00 0 
7fbec8021000-7fbecc000000 ---p 00000000 00:00 0 
7fbecc000000-7fbecc021000 rw-p 00000000 00:00 0 
7fbecc021000-7fbed0000000 ---p 00000000 00:00 0 
7fbed0000000-7fbed004e000 rw-p 00000000 00:00 0 
7fbed004e000-7fbed4000000 ---p 00000000 00:00 0 
7fbed4000000-7fbed4021000 rw-p 00000000 00:00 0 
7fbed4021000-7fbed8000000 ---p 00000000 00:00 0 
7fbed8000000-7fbed8021000 rw-p 00000000 00:00 0 
7fbed8021000-7fbedc000000 ---p 00000000 00:00 0 
7fbedc000000-7fbedc021000 rw-p 00000000 00:00 0 
7fbedc021000-7fbee0000000 ---p 00000000 00:00 0 
7fbee000f000-7fbee0094000 rw-s 00000000 fc:01 526899                     /tmp/ompi.openmpi-slave1.1000/jf.8274/pmix_dstor_ds21_15448/smlockseg-542244865
7fbee0094000-7fbee01a1000 r-xp 00000000 fc:01 7362                       /usr/local/lib/libmpi.so.40.20.1
7fbee01a1000-7fbee03a0000 ---p 0010d000 fc:01 7362                       /usr/local/lib/libmpi.so.40.20.1
7fbee03a0000-7fbee03a2000 r--p 0010c000 fc:01 7362                       /usr/local/lib/libmpi.so.40.20.1
7fbee03a2000-7fbee03b3000 rw-p 0010e000 fc:01 7362                       /usr/local/lib/libmpi.so.40.20.1
7fbee03b3000-7fbee03c5000 rw-p 00000000 00:00 0 
7fbee03cd000-7fbee03ce000 r--s 00000000 fc:01 526900                     /tmp/ompi.openmpi-slave1.1000/jf.8274/pmix_dstor_ds12_15448/initial-pmix_shared-segment-0
7fbee03ce000-7fbee03cf000 rw-s 00000000 fc:01 526901                     /tmp/ompi.openmpi-slave1.1000/jf.8274/pmix_dstor_ds12_15448/dstore_sm.lock
7fbee03cf000-7fbee03f7000 r-xp 00000000 fc:01 29870                      /usr/local/lib/libmpi_java.so.40.20.0
7fbee03f7000-7fbee05f6000 ---p 00028000 fc:01 29870                      /usr/local/lib/libmpi_java.so.40.20.0
7fbee05f6000-7fbee05f7000 r--p 00027000 fc:01 29870                      /usr/local/lib/libmpi_java.so.40.20.0
7fbee05f7000-7fbee05f8000 rw-p 00028000 fc:01 29870                      /usr/local/lib/libmpi_java.so.40.20.0
7fbee05f8000-7fbee05f9000 r--s 0000f000 00:34 527712                     /home/mpiuser/cloud/fyp/java_client/lib/mpi.jar
7fbee05f9000-7fbee05fc000 r--s 0000e000 00:34 527707                     /home/mpiuser/cloud/fyp/java_client/lib/jackson-annotations-2.10.3.jar
7fbee05fc000-7fbee0619000 r--s 00142000 00:34 527719                     /home/mpiuser/cloud/fyp/java_client/lib/spring-web-5.2.5.RELEASE.jar
7fbee0619000-7fbee062e000 r--s 00142000 00:34 527710                     /home/mpiuser/cloud/fyp/java_client/lib/jackson-databind-2.10.2.jar
7fbee062e000-7fbee0643000 r--s 00142000 00:34 527711                     /home/mpiuser/cloud/fyp/java_client/lib/jackson-databind-2.10.3.jar
7fbee0643000-7fbee065a000 r-xp 00000000 fc:01 2079070                    /usr/lib/jvm/java-8-openjdk-amd64/jre/lib/amd64/libnet.so
7fbee065a000-7fbee0859000 ---p 00017000 fc:01 2079070                    /usr/lib/jvm/java-8-openjdk-amd64/jre/lib/amd64/libnet.so
7fbee0859000-7fbee085a000 r--p 00016000 fc:01 2079070                    /usr/lib/jvm/java-8-openjdk-amd64/jre/lib/amd64/libnet.so
7fbee085a000-7fbee085b000 rw-p 00017000 fc:01 2079070                    /usr/lib/jvm/java-8-openjdk-amd64/jre/lib/amd64/libnet.so
7fbee085b000-7fbee086c000 r-xp 00000000 fc:01 2079071                    /usr/lib/jvm/java-8-openjdk-amd64/jre/lib/amd64/libnio.so
7fbee086c000-7fbee0a6c000 ---p 00011000 fc:01 2079071                    /usr/lib/jvm/java-8-openjdk-amd64/jre/lib/amd64/libnio.so
7fbee0a6c000-7fbee0a6d000 r--p 00011000 fc:01 2079071                    /usr/lib/jvm/java-8-openjdk-amd64/jre/lib/amd64/libnio.so
7fbee0a6d000-7fbee0a6e000 rw-p 00012000 fc:01 2079071                    /usr/lib/jvm/java-8-openjdk-amd64/jre/lib/amd64/libnio.so
7fbee0a6e000-7fbee0a89000 r--s 001d6000 fc:01 2079097                    /usr/lib/jvm/java-8-openjdk-amd64/jre/lib/ext/nashorn.jar
7fbee0a89000-7fbee0a8a000 ---p 00000000 00:00 0 
7fbee0a8a000-7fbee0b8a000 rw-p 00000000 00:00 0 
7fbee0b8a000-7fbee0b8d000 ---p 00000000 00:00 0 
7fbee0b8d000-7fbee0c8b000 rw-p 00000000 00:00 0 
7fbee0c8b000-7fbee0c8c000 ---p 00000000 00:00 0 
7fbee0c8c000-7fbee0c8f000 ---p 00000000 00:00 0 
7fbee0c8f000-7fbee0d8c000 rw-p 00000000 00:00 0 
7fbee0d8c000-7fbee0d8d000 ---p 00000000 00:00 0 
7fbee0d8d000-7fbee0d90000 ---p 00000000 00:00 0 
7fbee0d90000-7fbee0e8d000 rw-p 00000000 00:00 0 
7fbee0e8d000-7fbee1000000 r--p 00000000 fc:01 7801                       /usr/lib/locale/C.UTF-8/LC_COLLATE
7fbee1000000-7fbee1270000 rwxp 00000000 00:00 0 
7fbee1270000-7fbef0000000 ---p 00000000 00:00 0 
7fbef0000000-7fbef02c7000 rw-p 00000000 00:00 0 
7fbef02c7000-7fbef4000000 ---p 00000000 00:00 0 
7fbef4000000-7fbef400d000 r--s 00090000 00:34 527704                     /home/mpiuser/cloud/fyp/java_client/lib/amqp-client-5.8.0.jar
7fbef400d000-7fbef400e000 r--s 00003000 00:34 527715                     /home/mpiuser/cloud/fyp/java_client/lib/slf4j-simple-1.7.30.jar
7fbef400e000-7fbef400f000 r--s 00005000 00:34 527718                     /home/mpiuser/cloud/fyp/java_client/lib/spring-jcl-5.2.5.RELEASE.jar
7fbef400f000-7fbef4013000 r--s 0003a000 fc:01 2079100                    /usr/lib/jvm/java-8-openjdk-amd64/jre/lib/ext/sunpkcs11.jar
7fbef4013000-7fbef4018000 r--s 0003d000 fc:01 2079099                    /usr/lib/jvm/java-8-openjdk-amd64/jre/lib/ext/sunjce_provider.jar
7fbef4018000-7fbef4019000 r--s 00010000 fc:01 2079101                    /usr/lib/jvm/java-8-openjdk-amd64/jre/lib/ext/zipfs.jar
7fbef4019000-7fbef401a000 r--s 0000a000 fc:01 2079095                    /usr/lib/jvm/java-8-openjdk-amd64/jre/lib/ext/jaccess.jar
7fbef401a000-7fbef401c000 r--s 00007000 fc:01 29704                      /usr/share/java/java-atk-wrapper.jar
7fbef401c000-7fbef4037000 r--s 00394000 fc:01 2079092                    /usr/lib/jvm/java-8-openjdk-amd64/jre/lib/ext/cldrdata.jar
7fbef4037000-7fbef403a000 ---p 00000000 00:00 0 
7fbef403a000-7fbef4138000 rw-p 00000000 00:00 0 
7fbef4138000-7fbef4169000 r--p 00000000 fc:01 7802                       /usr/lib/locale/C.UTF-8/LC_CTYPE
7fbef4169000-7fbef4304000 r--p 00000000 fc:01 7796                       /usr/lib/locale/locale-archive
7fbef4304000-7fbef4307000 ---p 00000000 00:00 0 
7fbef4307000-7fbef4405000 rw-p 00000000 00:00 0 
7fbef4405000-7fbef4408000 ---p 00000000 00:00 0 
7fbef4408000-7fbef4506000 rw-p 00000000 00:00 0 
7fbef4506000-7fbef4507000 ---p 00000000 00:00 0 
7fbef4507000-7fbef4655000 rw-p 00000000 00:00 0 
7fbef4655000-7fbef4825000 r--s 03c68000 fc:01 2079121                    /usr/lib/jvm/java-8-openjdk-amd64/jre/lib/rt.jar
7fbef4825000-7fbef4d9e000 rw-p 00000000 00:00 0 
7fbef4d9e000-7fbef511e000 ---p 00000000 00:00 0 
7fbef511e000-7fbef5128000 rw-p 00000000 00:00 0 
7fbef5128000-7fbef54de000 ---p 00000000 00:00 0 
7fbef54de000-7fbef54e6000 r-xp 00000000 fc:01 2079078                    /usr/lib/jvm/java-8-openjdk-amd64/jre/lib/amd64/libzip.so
7fbef54e6000-7fbef56e5000 ---p 00008000 fc:01 2079078                    /usr/lib/jvm/java-8-openjdk-amd64/jre/lib/amd64/libzip.so
7fbef56e5000-7fbef56e6000 r--p 00007000 fc:01 2079078                    /usr/lib/jvm/java-8-openjdk-amd64/jre/lib/amd64/libzip.so
7fbef56e6000-7fbef56e7000 rw-p 00008000 fc:01 2079078                    /usr/lib/jvm/java-8-openjdk-amd64/jre/lib/amd64/libzip.so
7fbef56e7000-7fbef56f2000 r-xp 00000000 fc:01 2093                       /lib/x86_64-linux-gnu/libnss_files-2.27.so
7fbef56f2000-7fbef58f1000 ---p 0000b000 fc:01 2093                       /lib/x86_64-linux-gnu/libnss_files-2.27.so
7fbef58f1000-7fbef58f2000 r--p 0000a000 fc:01 2093                       /lib/x86_64-linux-gnu/libnss_files-2.27.so
7fbef58f2000-7fbef58f3000 rw-p 0000b000 fc:01 2093                       /lib/x86_64-linux-gnu/libnss_files-2.27.so
7fbef58f3000-7fbef58f9000 rw-p 00000000 00:00 0 
7fbef58f9000-7fbef5910000 r-xp 00000000 fc:01 2090                       /lib/x86_64-linux-gnu/libnsl-2.27.so
7fbef5910000-7fbef5b0f000 ---p 00017000 fc:01 2090                       /lib/x86_64-linux-gnu/libnsl-2.27.so
7fbef5b0f000-7fbef5b10000 r--p 00016000 fc:01 2090                       /lib/x86_64-linux-gnu/libnsl-2.27.so
7fbef5b10000-7fbef5b11000 rw-p 00017000 fc:01 2090                       /lib/x86_64-linux-gnu/libnsl-2.27.so
7fbef5b11000-7fbef5b13000 rw-p 00000000 00:00 0 
7fbef5b13000-7fbef5b1e000 r-xp 00000000 fc:01 2095                       /lib/x86_64-linux-gnu/libnss_nis-2.27.so
7fbef5b1e000-7fbef5d1d000 ---p 0000b000 fc:01 2095                       /lib/x86_64-linux-gnu/libnss_nis-2.27.so
7fbef5d1d000-7fbef5d1e000 r--p 0000a000 fc:01 2095                       /lib/x86_64-linux-gnu/libnss_nis-2.27.so
7fbef5d1e000-7fbef5d1f000 rw-p 0000b000 fc:01 2095                       /lib/x86_64-linux-gnu/libnss_nis-2.27.so
7fbef5d1f000-7fbef5d27000 r-xp 00000000 fc:01 2091                       /lib/x86_64-linux-gnu/libnss_compat-2.27.so
7fbef5d27000-7fbef5f27000 ---p 00008000 fc:01 2091                       /lib/x86_64-linux-gnu/libnss_compat-2.27.so
7fbef5f27000-7fbef5f28000 r--p 00008000 fc:01 2091                       /lib/x86_64-linux-gnu/libnss_compat-2.27.so
7fbef5f28000-7fbef5f29000 rw-p 00009000 fc:01 2091                       /lib/x86_64-linux-gnu/libnss_compat-2.27.so
7fbef5f29000-7fbef5f53000 r-xp 00000000 fc:01 2079059                    /usr/lib/jvm/java-8-openjdk-amd64/jre/lib/amd64/libjava.so
7fbef5f53000-7fbef6152000 ---p 0002a000 fc:01 2079059                    /usr/lib/jvm/java-8-openjdk-amd64/jre/lib/amd64/libjava.so
7fbef6152000-7fbef6153000 r--p 00029000 fc:01 2079059                    /usr/lib/jvm/java-8-openjdk-amd64/jre/lib/amd64/libjava.so
7fbef6153000-7fbef6155000 rw-p 0002a000 fc:01 2079059                    /usr/lib/jvm/java-8-openjdk-amd64/jre/lib/amd64/libjava.so
7fbef6155000-7fbef6165000 r-xp 00000000 fc:01 2079077                    /usr/lib/jvm/java-8-openjdk-amd64/jre/lib/amd64/libverify.so
7fbef6165000-7fbef6364000 ---p 00010000 fc:01 2079077                    /usr/lib/jvm/java-8-openjdk-amd64/jre/lib/amd64/libverify.so
7fbef6364000-7fbef6366000 r--p 0000f000 fc:01 2079077                    /usr/lib/jvm/java-8-openjdk-amd64/jre/lib/amd64/libverify.so
7fbef6366000-7fbef6367000 rw-p 00011000 fc:01 2079077                    /usr/lib/jvm/java-8-openjdk-amd64/jre/lib/amd64/libverify.so
7fbef6367000-7fbef636e000 r-xp 00000000 fc:01 2180                       /lib/x86_64-linux-gnu/librt-2.27.so
7fbef636e000-7fbef656d000 ---p 00007000 fc:01 2180                       /lib/x86_64-linux-gnu/librt-2.27.so
7fbef656d000-7fbef656e000 r--p 00006000 fc:01 2180                       /lib/x86_64-linux-gnu/librt-2.27.so
7fbef656e000-7fbef656f000 rw-p 00007000 fc:01 2180                       /lib/x86_64-linux-gnu/librt-2.27.so
7fbef656f000-7fbef6586000 r-xp 00000000 fc:01 19131                      /lib/x86_64-linux-gnu/libgcc_s.so.1
7fbef6586000-7fbef6785000 ---p 00017000 fc:01 19131                      /lib/x86_64-linux-gnu/libgcc_s.so.1
7fbef6785000-7fbef6786000 r--p 00016000 fc:01 19131                      /lib/x86_64-linux-gnu/libgcc_s.so.1
7fbef6786000-7fbef6787000 rw-p 00017000 fc:01 19131                      /lib/x86_64-linux-gnu/libgcc_s.so.1
7fbef6787000-7fbef6924000 r-xp 00000000 fc:01 2087                       /lib/x86_64-linux-gnu/libm-2.27.so
7fbef6924000-7fbef6b23000 ---p 0019d000 fc:01 2087                       /lib/x86_64-linux-gnu/libm-2.27.so
7fbef6b23000-7fbef6b24000 r--p 0019c000 fc:01 2087                       /lib/x86_64-linux-gnu/libm-2.27.so
7fbef6b24000-7fbef6b25000 rw-p 0019d000 fc:01 2087                       /lib/x86_64-linux-gnu/libm-2.27.so
7fbef6b25000-7fbef6c9e000 r-xp 00000000 fc:01 7835                       /usr/lib/x86_64-linux-gnu/libstdc++.so.6.0.25
7fbef6c9e000-7fbef6e9e000 ---p 00179000 fc:01 7835                       /usr/lib/x86_64-linux-gnu/libstdc++.so.6.0.25
7fbef6e9e000-7fbef6ea8000 r--p 00179000 fc:01 7835                       /usr/lib/x86_64-linux-gnu/libstdc++.so.6.0.25
7fbef6ea8000-7fbef6eaa000 rw-p 00183000 fc:01 7835                       /usr/lib/x86_64-linux-gnu/libstdc++.so.6.0.25
7fbef6eaa000-7fbef6eae000 rw-p 00000000 00:00 0 
7fbef6eae000-7fbef7b51000 r-xp 00000000 fc:01 2079081                    /usr/lib/jvm/java-8-openjdk-amd64/jre/lib/amd64/server/libjvm.so
7fbef7b51000-7fbef7d51000 ---p 00ca3000 fc:01 2079081                    /usr/lib/jvm/java-8-openjdk-amd64/jre/lib/amd64/server/libjvm.so
7fbef7d51000-7fbef7de5000 r--p 00ca3000 fc:01 2079081                    /usr/lib/jvm/java-8-openjdk-amd64/jre/lib/amd64/server/libjvm.so
7fbef7de5000-7fbef7e0e000 rw-p 00d37000 fc:01 2079081                    /usr/lib/jvm/java-8-openjdk-amd64/jre/lib/amd64/server/libjvm.so
7fbef7e0e000-7fbef7e3e000 rw-p 00000000 00:00 0 
7fbef7e3e000-7fbef7e58000 r-xp 00000000 fc:01 2178                       /lib/x86_64-linux-gnu/libpthread-2.27.so
7fbef7e58000-7fbef8057000 ---p 0001a000 fc:01 2178                       /lib/x86_64-linux-gnu/libpthread-2.27.so
7fbef8057000-7fbef8058000 r--p 00019000 fc:01 2178                       /lib/x86_64-linux-gnu/libpthread-2.27.so
7fbef8058000-7fbef8059000 rw-p 0001a000 fc:01 2178                       /lib/x86_64-linux-gnu/libpthread-2.27.so
7fbef8059000-7fbef805d000 rw-p 00000000 00:00 0 
7fbef805d000-7fbef8060000 r-xp 00000000 fc:01 2086                       /lib/x86_64-linux-gnu/libdl-2.27.so
7fbef8060000-7fbef825f000 ---p 00003000 fc:01 2086                       /lib/x86_64-linux-gnu/libdl-2.27.so
7fbef825f000-7fbef8260000 r--p 00002000 fc:01 2086                       /lib/x86_64-linux-gnu/libdl-2.27.so
7fbef8260000-7fbef8261000 rw-p 00003000 fc:01 2086                       /lib/x86_64-linux-gnu/libdl-2.27.so
7fbef8261000-7fbef827d000 r-xp 00000000 fc:01 2183                       /lib/x86_64-linux-gnu/libz.so.1.2.11
7fbef827d000-7fbef847c000 ---p 0001c000 fc:01 2183                       /lib/x86_64-linux-gnu/libz.so.1.2.11
7fbef847c000-7fbef847d000 r--p 0001b000 fc:01 2183                       /lib/x86_64-linux-gnu/libz.so.1.2.11
7fbef847d000-7fbef847e000 rw-p 0001c000 fc:01 2183                       /lib/x86_64-linux-gnu/libz.so.1.2.11
7fbef847e000-7fbef8665000 r-xp 00000000 fc:01 2083                       /lib/x86_64-linux-gnu/libc-2.27.so
7fbef8665000-7fbef8865000 ---p 001e7000 fc:01 2083                       /lib/x86_64-linux-gnu/libc-2.27.so
7fbef8865000-7fbef8869000 r--p 001e7000 fc:01 2083                       /lib/x86_64-linux-gnu/libc-2.27.so
7fbef8869000-7fbef886b000 rw-p 001eb000 fc:01 2083                       /lib/x86_64-linux-gnu/libc-2.27.so
7fbef886b000-7fbef886f000 rw-p 00000000 00:00 0 
7fbef886f000-7fbef887d000 r-xp 00000000 fc:01 2079045                    /usr/lib/jvm/java-8-openjdk-amd64/jre/lib/amd64/jli/libjli.so
7fbef887d000-7fbef8a7c000 ---p 0000e000 fc:01 2079045                    /usr/lib/jvm/java-8-openjdk-amd64/jre/lib/amd64/jli/libjli.so
7fbef8a7c000-7fbef8a7d000 r--p 0000d000 fc:01 2079045                    /usr/lib/jvm/java-8-openjdk-amd64/jre/lib/amd64/jli/libjli.so
7fbef8a7d000-7fbef8a7e000 rw-p 0000e000 fc:01 2079045                    /usr/lib/jvm/java-8-openjdk-amd64/jre/lib/amd64/jli/libjli.so
7fbef8a7e000-7fbef8aa5000 r-xp 00000000 fc:01 2079                       /lib/x86_64-linux-gnu/ld-2.27.so
7fbef8aa5000-7fbef8aa6000 r--s 0000d000 fc:01 2079098                    /usr/lib/jvm/java-8-openjdk-amd64/jre/lib/ext/sunec.jar
7fbef8aa6000-7fbef8aa8000 r--s 00001000 fc:01 2079093                    /usr/lib/jvm/java-8-openjdk-amd64/jre/lib/ext/dnsns.jar
7fbef8aa8000-7fbef8aab000 r--s 0000f000 fc:01 2079094                    /usr/lib/jvm/java-8-openjdk-amd64/jre/lib/ext/icedtea-sound.jar
7fbef8aab000-7fbef8ab5000 r--s 00116000 fc:01 2079096                    /usr/lib/jvm/java-8-openjdk-amd64/jre/lib/ext/localedata.jar
7fbef8ab5000-7fbef8ab6000 r--p 00000000 fc:01 7807                       /usr/lib/locale/C.UTF-8/LC_NUMERIC
7fbef8ab6000-7fbef8ab7000 r--p 00000000 fc:01 7810                       /usr/lib/locale/C.UTF-8/LC_TIME
7fbef8ab7000-7fbef8ab8000 r--p 00000000 fc:01 7805                       /usr/lib/locale/C.UTF-8/LC_MONETARY
7fbef8ab8000-7fbef8ab9000 r--p 00000000 fc:01 7799                       /usr/lib/locale/C.UTF-8/LC_MESSAGES/SYS_LC_MESSAGES
7fbef8ab9000-7fbef8aba000 r--p 00000000 fc:01 7808                       /usr/lib/locale/C.UTF-8/LC_PAPER
7fbef8aba000-7fbef8abb000 r--p 00000000 fc:01 7806                       /usr/lib/locale/C.UTF-8/LC_NAME
7fbef8abb000-7fbef8abc000 r--p 00000000 fc:01 7800                       /usr/lib/locale/C.UTF-8/LC_ADDRESS
7fbef8abc000-7fbef8abd000 r--p 00000000 fc:01 7809                       /usr/lib/locale/C.UTF-8/LC_TELEPHONE
7fbef8abd000-7fbef8abe000 r--p 00000000 fc:01 7804                       /usr/lib/locale/C.UTF-8/LC_MEASUREMENT
7fbef8abe000-7fbef8ac5000 r--s 00000000 fc:01 5010                       /usr/lib/x86_64-linux-gnu/gconv/gconv-modules.cache
7fbef8ac5000-7fbef8ac6000 r--p 00000000 fc:01 7803                       /usr/lib/locale/C.UTF-8/LC_IDENTIFICATION
7fbef8ac6000-7fbef8acc000 rw-p 00000000 00:00 0 
7fbef8acc000-7fbef8b19000 ---p 00000000 00:00 0 
7fbef8b19000-7fbef8b1c000 rw-p 00000000 00:00 0 
7fbef8b1c000-7fbef8b42000 ---p 00000000 00:00 0 
7fbef8b42000-7fbef8b48000 rw-p 00000000 00:00 0 
7fbef8b48000-7fbef8b95000 ---p 00000000 00:00 0 
7fbef8b95000-7fbef8b96000 rw-p 00000000 00:00 0 
7fbef8b96000-7fbef8b97000 ---p 00000000 00:00 0 
7fbef8b97000-7fbef8b9a000 ---p 00000000 00:00 0 
7fbef8b9a000-7fbef8c99000 rw-p 00000000 00:00 0 
7fbef8c99000-7fbef8ca1000 rw-s 00000000 fc:01 526910                     /tmp/hsperfdata_mpiuser/16329
7fbef8ca1000-7fbef8ca2000 rw-p 00000000 00:00 0 
7fbef8ca2000-7fbef8ca3000 r--p 00000000 00:00 0 
7fbef8ca3000-7fbef8ca5000 rw-p 00000000 00:00 0 
7fbef8ca5000-7fbef8ca6000 r--p 00027000 fc:01 2079                       /lib/x86_64-linux-gnu/ld-2.27.so
7fbef8ca6000-7fbef8ca7000 rw-p 00028000 fc:01 2079                       /lib/x86_64-linux-gnu/ld-2.27.so
7fbef8ca7000-7fbef8ca8000 rw-p 00000000 00:00 0 
7ffddda63000-7ffddda84000 rw-p 00000000 00:00 0                          [stack]
7ffdddaad000-7ffdddab0000 r--p 00000000 00:00 0                          [vvar]
7ffdddab0000-7ffdddab2000 r-xp 00000000 00:00 0                          [vdso]
ffffffffff600000-ffffffffff601000 r-xp 00000000 00:00 0                  [vsyscall]

VM Arguments:
jvm_args: -Djava.library.path=/usr/local/lib 
java_command: Client 1000000 100 0
java_class_path (initial): /home/mpiuser/cloud/fyp/java_client:./lib/spring-jcl-5.2.5.RELEASE.jar:./lib/jackson-databind-2.10.3.jar:./lib/jackson-databind-2.10.2.jar:./lib/slf4j-simple-1.7.30.jar:./lib/amqp-client-5.8.0.jar:./lib/spring-web-5.2.5.RELEASE.jar:./lib/jackson-annotations-2.10.3.jar:./lib/mpi.jar:./lib/spring-beans-5.2.5.RELEASE.jar:./lib/jackson-annotations-2.10.2.jar:./lib/jackson-core-2.10.2.jar:./lib/jackson-core-2.10.3.jar:./lib/slf4j-api-1.7.29.jar:./lib/spring-core-5.2.5.RELEASE.jar:./lib/slf4j-api-1.7.30.jar:./lib/http-client-3.6.1.RELEASE.jar:/usr/local/lib/mpi.jar
Launcher Type: SUN_STANDARD

Environment Variables:
PATH=/usr/local/sbin:/usr/local/bin:/usr/sbin:/usr/bin:/sbin:/bin:/usr/games:/usr/local/games
SHELL=/bin/bash

Signal Handlers:
SIGSEGV: [libjvm.so+0xabc3b0], sa_mask[0]=11111111011111111101111111111110, sa_flags=SA_RESTART|SA_SIGINFO
SIGBUS: [libjvm.so+0xabc3b0], sa_mask[0]=11111111011111111101111111111110, sa_flags=SA_RESTART|SA_SIGINFO
SIGFPE: [libjvm.so+0x8f0bb0], sa_mask[0]=11111111011111111101111111111110, sa_flags=SA_RESTART|SA_SIGINFO
SIGPIPE: [libjvm.so+0x8f0bb0], sa_mask[0]=11111111011111111101111111111110, sa_flags=SA_RESTART|SA_SIGINFO
SIGXFSZ: [libjvm.so+0x8f0bb0], sa_mask[0]=11111111011111111101111111111110, sa_flags=SA_RESTART|SA_SIGINFO
SIGILL: [libjvm.so+0x8f0bb0], sa_mask[0]=11111111011111111101111111111110, sa_flags=SA_RESTART|SA_SIGINFO
SIGUSR1: SIG_DFL, sa_mask[0]=00000000000000000000000000000000, sa_flags=none
SIGUSR2: [libjvm.so+0x8f0a60], sa_mask[0]=00000000000000000000000000000000, sa_flags=SA_RESTART|SA_SIGINFO
SIGHUP: [libjvm.so+0x8f10d0], sa_mask[0]=11111111011111111101111111111110, sa_flags=SA_RESTART|SA_SIGINFO
SIGINT: [libjvm.so+0x8f10d0], sa_mask[0]=11111111011111111101111111111110, sa_flags=SA_RESTART|SA_SIGINFO
SIGTERM: [libjvm.so+0x8f10d0], sa_mask[0]=11111111011111111101111111111110, sa_flags=SA_RESTART|SA_SIGINFO
SIGQUIT: [libjvm.so+0x8f10d0], sa_mask[0]=11111111011111111101111111111110, sa_flags=SA_RESTART|SA_SIGINFO


---------------  S Y S T E M  ---------------

OS:DISTRIB_ID=Ubuntu
DISTRIB_RELEASE=18.04
DISTRIB_CODENAME=bionic
DISTRIB_DESCRIPTION="Ubuntu 18.04.3 LTS"

uname:Linux 4.15.0-66-generic #75-Ubuntu SMP Tue Oct 1 05:24:09 UTC 2019 x86_64
libc:glibc 2.27 NPTL 2.27 
rlimit: STACK 8192k, CORE 0k, NPROC 3841, NOFILE 1048576, AS infinity
load average:96.10 24.16 8.09

/proc/meminfo:
MemTotal:        1008808 kB
MemFree:          210324 kB
MemAvailable:     201952 kB
Buffers:            5104 kB
Cached:            49336 kB
SwapCached:            0 kB
Active:           592384 kB
Inactive:          14208 kB
Active(anon):     552868 kB
Inactive(anon):      184 kB
Active(file):      39516 kB
Inactive(file):    14024 kB
Unevictable:           0 kB
Mlocked:               0 kB
SwapTotal:             0 kB
SwapFree:              0 kB
Dirty:              2764 kB
Writeback:             0 kB
AnonPages:        552204 kB
Mapped:            27328 kB
Shmem:               660 kB
Slab:             125788 kB
SReclaimable:      72392 kB
SUnreclaim:        53396 kB
KernelStack:        9584 kB
PageTables:        21596 kB
NFS_Unstable:          0 kB
Bounce:                0 kB
WritebackTmp:          0 kB
CommitLimit:      504404 kB
Committed_AS:    3924276 kB
VmallocTotal:   34359738367 kB
VmallocUsed:           0 kB
VmallocChunk:          0 kB
HardwareCorrupted:     0 kB
AnonHugePages:         0 kB
ShmemHugePages:        0 kB
ShmemPmdMapped:        0 kB
CmaTotal:              0 kB
CmaFree:               0 kB
HugePages_Total:       0
HugePages_Free:        0
HugePages_Rsvd:        0
HugePages_Surp:        0
Hugepagesize:       2048 kB
DirectMap4k:      292844 kB
DirectMap2M:      755712 kB
DirectMap1G:           0 kB

container (cgroup) information:
container_type: cgroupv1
cpu_cpuset_cpus: 0-2
cpu_memory_nodes: 0
active_processor_count: 3
cpu_quota: -1
cpu_period: 100000
cpu_shares: -1
memory_limit_in_bytes: -1
memory_and_swap_limit_in_bytes: -2
memory_soft_limit_in_bytes: -1
memory_usage_in_bytes: 663977984
memory_max_usage_in_bytes: 863526912


CPU:total 3 (initial active 3) (1 cores per cpu, 1 threads per core) family 6 model 85 stepping 4, cmov, cx8, fxsr, mmx, sse, sse2, sse3, ssse3, sse4.1, sse4.2, popcnt, avx, avx2, aes, clmul, erms, 3dnowpref, lzcnt, tsc, bmi1, bmi2, adx

/proc/cpuinfo:
processor	: 0
vendor_id	: GenuineIntel
cpu family	: 6
model		: 85
model name	: Intel(R) Xeon(R) Gold 6140 CPU @ 2.30GHz
stepping	: 4
microcode	: 0x1
cpu MHz		: 2294.608
cache size	: 4096 KB
physical id	: 0
siblings	: 1
core id		: 0
cpu cores	: 1
apicid		: 0
initial apicid	: 0
fpu		: yes
fpu_exception	: yes
cpuid level	: 13
wp		: yes
flags		: fpu vme de pse tsc msr pae mce cx8 apic sep mtrr pge mca cmov pat pse36 clflush mmx fxsr sse sse2 ss syscall nx pdpe1gb rdtscp lm constant_tsc arch_perfmon rep_good nopl cpuid tsc_known_freq pni pclmulqdq vmx ssse3 fma cx16 pcid sse4_1 sse4_2 x2apic movbe popcnt tsc_deadline_timer aes xsave avx f16c rdrand hypervisor lahf_lm abm 3dnowprefetch cpuid_fault invpcid_single pti ssbd ibrs ibpb tpr_shadow vnmi flexpriority ept vpid fsgsbase tsc_adjust bmi1 avx2 smep bmi2 erms invpcid mpx avx512f avx512dq rdseed adx smap clflushopt clwb avx512cd avx512bw avx512vl xsaveopt xsavec xgetbv1 pku ospke md_clear
bugs		: cpu_meltdown spectre_v1 spectre_v2 spec_store_bypass l1tf mds swapgs
bogomips	: 4589.21
clflush size	: 64
cache_alignment	: 64
address sizes	: 40 bits physical, 48 bits virtual
power management:

processor	: 1
vendor_id	: GenuineIntel
cpu family	: 6
model		: 85
model name	: Intel(R) Xeon(R) Gold 6140 CPU @ 2.30GHz
stepping	: 4
microcode	: 0x1
cpu MHz		: 2294.608
cache size	: 4096 KB
physical id	: 1
siblings	: 1
core id		: 0
cpu cores	: 1
apicid		: 1
initial apicid	: 1
fpu		: yes
fpu_exception	: yes
cpuid level	: 13
wp		: yes
flags		: fpu vme de pse tsc msr pae mce cx8 apic sep mtrr pge mca cmov pat pse36 clflush mmx fxsr sse sse2 ss syscall nx pdpe1gb rdtscp lm constant_tsc arch_perfmon rep_good nopl cpuid tsc_known_freq pni pclmulqdq vmx ssse3 fma cx16 pcid sse4_1 sse4_2 x2apic movbe popcnt tsc_deadline_timer aes xsave avx f16c rdrand hypervisor lahf_lm abm 3dnowprefetch cpuid_fault invpcid_single pti ssbd ibrs ibpb tpr_shadow vnmi flexpriority ept vpid fsgsbase tsc_adjust bmi1 avx2 smep bmi2 erms invpcid mpx avx512f avx512dq rdseed adx smap clflushopt clwb avx512cd avx512bw avx512vl xsaveopt xsavec xgetbv1 pku ospke md_clear
bugs		: cpu_meltdown spectre_v1 spectre_v2 spec_store_bypass l1tf mds swapgs
bogomips	: 4589.21
clflush size	: 64
cache_alignment	: 64
address sizes	: 40 bits physical, 48 bits virtual
power management:

processor	: 2
vendor_id	: GenuineIntel
cpu family	: 6
model		: 85
model name	: Intel(R) Xeon(R) Gold 6140 CPU @ 2.30GHz
stepping	: 4
microcode	: 0x1
cpu MHz		: 2294.608
cache size	: 4096 KB
physical id	: 2
siblings	: 1
core id		: 0
cpu cores	: 1
apicid		: 2
initial apicid	: 2
fpu		: yes
fpu_exception	: yes
cpuid level	: 13
wp		: yes
flags		: fpu vme de pse tsc msr pae mce cx8 apic sep mtrr pge mca cmov pat pse36 clflush mmx fxsr sse sse2 ss syscall nx pdpe1gb rdtscp lm constant_tsc arch_perfmon rep_good nopl cpuid tsc_known_freq pni pclmulqdq vmx ssse3 fma cx16 pcid sse4_1 sse4_2 x2apic movbe popcnt tsc_deadline_timer aes xsave avx f16c rdrand hypervisor lahf_lm abm 3dnowprefetch cpuid_fault invpcid_single pti ssbd ibrs ibpb tpr_shadow vnmi flexpriority ept vpid fsgsbase tsc_adjust bmi1 avx2 smep bmi2 erms invpcid mpx avx512f avx512dq rdseed adx smap clflushopt clwb avx512cd avx512bw avx512vl xsaveopt xsavec xgetbv1 pku ospke md_clear
bugs		: cpu_meltdown spectre_v1 spectre_v2 spec_store_bypass l1tf mds swapgs
bogomips	: 4589.21
clflush size	: 64
cache_alignment	: 64
address sizes	: 40 bits physical, 48 bits virtual
power management:



Memory: 4k page, physical 1008808k(210096k free), swap 0k(0k free)

vm_info: OpenJDK 64-Bit Server VM (25.242-b08) for linux-amd64 JRE (1.8.0_242-8u242-b08-0ubuntu3~18.04-b08), built on Jan 17 2020 23:41:21 by "buildd" with gcc 7.4.0

time: Mon Apr  6 11:40:28 2020
timezone: UTC
elapsed time: 2 seconds (0d 0h 0m 2s)

