#
# A fatal error has been detected by the Java Runtime Environment:
#
#  SIGSEGV (0xb) at pc=0x00007f42175d017c, pid=5203, tid=0x00007f425ac6d700
#
# JRE version: OpenJDK Runtime Environment (8.0_242-b08) (build 1.8.0_242-8u242-b08-0ubuntu3~18.04-b08)
# Java VM: OpenJDK 64-Bit Server VM (25.242-b08 mixed mode linux-amd64 compressed oops)
# Problematic frame:
# C  [mca_gds_ds21.so+0x217c]  pmix_gds_ds21_lock_init+0x13c
#
# Failed to write core dump. Core dumps have been disabled. To enable core dumping, try "ulimit -c unlimited" before starting Java again
#
# If you would like to submit a bug report, please visit:
#   http://bugreport.java.com/bugreport/crash.jsp
# The crash happened outside the Java Virtual Machine in native code.
# See problematic frame for where to report the bug.
#

---------------  T H R E A D  ---------------

Current thread (0x00007f425400b800):  JavaThread "main" [_thread_in_native, id=5247, stack(0x00007f425ab6e000,0x00007f425ac6e000)]

siginfo: si_signo: 11 (SIGSEGV), si_code: 1 (SEGV_MAPERR), si_addr: 0x00007f42423a3008

Registers:
RAX=0x00007f4254275120, RBX=0x00007f4254275090, RCX=0x00007f42179f519e, RDX=0x00007ffdadf9fcb3
RSP=0x00007f425ac6b6a0, RBP=0x00007f4254275040, RSI=0x0000000000085000, RDI=0x0000000000000000
R8 =0x000000000000001e, R9 =0x0000000000000000, R10=0x0000000000000001, R11=0x0000000000000000
R12=0x00007f42423a3000, R13=0x00007f4254274c98, R14=0x0000000000001000, R15=0x00007f42177d2240
RIP=0x00007f42175d017c, EFLAGS=0x0000000000010202, CSGSFS=0x002b000000000033, ERR=0x0000000000000004
  TRAPNO=0x000000000000000e

Top of Stack: (sp=0x00007f425ac6b6a0)
0x00007f425ac6b6a0:   00007f4254274d10 00007f4254274ff0
0x00007f425ac6b6b0:   00007ffdadf9fcb3 0000000000085000
0x00007f425ac6b6c0:   0000000000001000 00000000000003e8
0x00007f425ac6b6d0:   00007f4254275098 00007f425a4ec2ed
0x00007f425ac6b6e0:   00007f4254274ce0 b8c60e13d64d8a00
0x00007f425ac6b6f0:   0000000000000000 00007f42542749c0
0x00007f425ac6b700:   0000000000000000 00007ffdadf9fcb3
0x00007f425ac6b710:   0000000000000000 00007f4254274c70
0x00007f425ac6b720:   00007f4254274c30 00007f42179efcd9
0x00007f425ac6b730:   00007f42175d0cdb 00007f425ac6b7c0
0x00007f425ac6b740:   00007f4220dd48d3 0000001500000040
0x00007f425ac6b750:   00007f4254270310 b8c60e13d64d8a00
0x00007f425ac6b760:   00007f4220ffa0a0 00007f425426fe20
0x00007f425ac6b770:   00007f4220ffdfd0 00007f42177d22d4
0x00007f425ac6b780:   00007f4220ffa0a0 00007f42177d2180
0x00007f425ac6b790:   00007f4254274970 00007f42175cff04
0x00007f425ac6b7a0:   00007f4220ffdfd0 00007f4220dbc1a6
0x00007f425ac6b7b0:   00007f4220ffa100 00007f4220ffdfc0
0x00007f425ac6b7c0:   00007f425ac6b7e4 00007f425ac6b7e8
0x00007f425ac6b7d0:   0000000000000000 0000000000000000
0x00007f425ac6b7e0:   0000001e20ff9520 00007f42177d2180
0x00007f425ac6b7f0:   0000000000000000 b8c60e13d64d8a00
0x00007f425ac6b800:   00007f4220ffa0a0 0000000000000000
0x00007f425ac6b810:   0000000000000000 00007f42541ff2d0
0x00007f425ac6b820:   00007f4220ff9520 00007f4220d26760
0x00007f425ac6b830:   0000000000000000 00007f4220d6f5a9
0x00007f425ac6b840:   00007f4254227f80 00007f4220ff97d8
0x00007f425ac6b850:   2d69706d6e65706f 000072657473616d
0x00007f425ac6b860:   0000000003741ab1 00007f4220cb2f86
0x00007f425ac6b870:   00007f4220caf118 00007f4220caaafc
0x00007f425ac6b880:   00007f4220cb267a 0000000100000000
0x00007f425ac6b890:   00007f425ac6b990 b8c60e13d64d8a00 

Instructions: (pc=0x00007f42175d017c)
0x00007f42175d015c:   ff ff 48 85 c0 48 89 43 30 0f 84 b3 01 00 00 4c
0x00007f42175d016c:   8b 60 18 49 8b 34 24 49 39 f6 0f 82 e4 02 00 00
0x00007f42175d017c:   41 8b 44 24 08 4c 89 e2 31 c9 48 8d 7c 24 40 be
0x00007f42175d018c:   01 00 00 00 89 43 40 49 03 54 24 18 85 c0 48 89 

Register to memory mapping:

RAX=0x00007f4254275120 is an unknown value
RBX=0x00007f4254275090 is an unknown value
RCX=0x00007f42179f519e: pmix_common_dstor_attach_new_lock_seg+0x1e in /usr/local/lib/libmca_common_dstore.so.1 at 0x00007f42179e5000
RDX=0x00007ffdadf9fcb3 is an unknown value
RSP=0x00007f425ac6b6a0 is pointing into the stack for thread: 0x00007f425400b800
RBP=0x00007f4254275040 is an unknown value
RSI=0x0000000000085000 is an unknown value
RDI=0x0000000000000000 is an unknown value
R8 =0x000000000000001e is an unknown value
R9 =0x0000000000000000 is an unknown value
R10=0x0000000000000001 is an unknown value
R11=0x0000000000000000 is an unknown value
R12=0x00007f42423a3000 is an unknown value
R13=0x00007f4254274c98 is an unknown value
R14=0x0000000000001000 is an unknown value
R15=0x00007f42177d2240: lock_item_t_class+0 in /usr/local/lib/pmix/mca_gds_ds21.so at 0x00007f42175ce000


Stack: [0x00007f425ab6e000,0x00007f425ac6e000],  sp=0x00007f425ac6b6a0,  free space=1013k
Native frames: (J=compiled Java code, j=interpreted, Vv=VM code, C=native code)
C  [mca_gds_ds21.so+0x217c]  pmix_gds_ds21_lock_init+0x13c

Java frames: (J=compiled Java code, j=interpreted, Vv=VM code)
j  mpi.MPI.Init_jni([Ljava/lang/String;)[Ljava/lang/String;+0
j  mpi.MPI.Init([Ljava/lang/String;)[Ljava/lang/String;+17
j  Client.main([Ljava/lang/String;)V+1
v  ~StubRoutines::call_stub

---------------  P R O C E S S  ---------------

Java Threads: ( => current thread )
  0x00007f42540b7000 JavaThread "Service Thread" daemon [_thread_blocked, id=5745, stack(0x00007f4242b96000,0x00007f4242c97000)]
  0x00007f42540b4800 JavaThread "C1 CompilerThread1" daemon [_thread_blocked, id=5722, stack(0x00007f4242c98000,0x00007f4242d98000)]
  0x00007f42540b2000 JavaThread "C2 CompilerThread0" daemon [_thread_blocked, id=5706, stack(0x00007f4242d99000,0x00007f4242e99000)]
  0x00007f42540b0800 JavaThread "Signal Dispatcher" daemon [_thread_in_vm, id=5690, stack(0x00007f4242e99000,0x00007f4242f9a000)]
  0x00007f425407e000 JavaThread "Finalizer" daemon [_thread_blocked, id=5424, stack(0x00007f42432a8000,0x00007f42433a9000)]
  0x00007f4254079800 JavaThread "Reference Handler" daemon [_thread_blocked, id=5396, stack(0x00007f42433a9000,0x00007f42434aa000)]
=>0x00007f425400b800 JavaThread "main" [_thread_in_native, id=5247, stack(0x00007f425ab6e000,0x00007f425ac6e000)]

Other Threads:
  0x00007f425406f800 VMThread [stack: 0x00007f42434ab000,0x00007f42435ab000] [id=5360]
  0x00007f42540ba000 WatcherThread [stack: 0x00007f4242a96000,0x00007f4242b96000] [id=5769]

VM state:not at safepoint (normal execution)

VM Mutex/Monitor currently owned by a thread:  ([mutex/lock_event])
[0x00007f4254007f60] Threads_lock - owner thread: 0x00007f42540b0800

heap address: 0x00000000f0800000, size: 248 MB, Compressed Oops mode: 32-bit
Narrow klass base: 0x0000000000000000, Narrow klass shift: 3
Compressed class space size: 1073741824 Address: 0x0000000100000000

Heap:
 def new generation   total 4928K, used 1521K [0x00000000f0800000, 0x00000000f0d50000, 0x00000000f5aa0000)
  eden space 4416K,  34% used [0x00000000f0800000, 0x00000000f097c718, 0x00000000f0c50000)
  from space 512K,   0% used [0x00000000f0c50000, 0x00000000f0c50000, 0x00000000f0cd0000)
  to   space 512K,   0% used [0x00000000f0cd0000, 0x00000000f0cd0000, 0x00000000f0d50000)
 tenured generation   total 10944K, used 0K [0x00000000f5aa0000, 0x00000000f6550000, 0x0000000100000000)
   the space 10944K,   0% used [0x00000000f5aa0000, 0x00000000f5aa0000, 0x00000000f5aa0200, 0x00000000f6550000)
 Metaspace       used 3090K, capacity 4792K, committed 5120K, reserved 1056768K
  class space    used 314K, capacity 424K, committed 512K, reserved 1048576K

Card table byte_map: [0x00007f425aaf0000,0x00007f425ab6d000] byte_map_base: 0x00007f425a36c000

Polling page: 0x00007f425ac79000

CodeCache: size=245760Kb used=1183Kb max_used=1183Kb free=244576Kb
 bounds [0x00007f4244389000, 0x00007f42445f9000, 0x00007f4253389000]
 total_blobs=359 nmethods=54 adapters=220
 compilation: enabled

Compilation events (10 events):
Event: 10.694 Thread 0x00007f42540b4800   55       3       java.util.concurrent.ConcurrentHashMap::tabAt (21 bytes)
Event: 10.694 Thread 0x00007f42540b4800 nmethod 55 0x00007f42444af610 code [0x00007f42444af780, 0x00007f42444af9b0]
Event: 10.694 Thread 0x00007f42540b4800   57       3       java.util.concurrent.ConcurrentHashMap::setTabAt (19 bytes)
Event: 10.695 Thread 0x00007f42540b4800 nmethod 57 0x00007f42444afa50 code [0x00007f42444afba0, 0x00007f42444afd10]
Event: 10.695 Thread 0x00007f42540b4800   58       3       java.lang.Character::toLowerCase (6 bytes)
Event: 10.695 Thread 0x00007f42540b4800 nmethod 58 0x00007f42444afd90 code [0x00007f42444aff20, 0x00007f42444b01b8]
Event: 10.695 Thread 0x00007f42540b4800   59       3       java.lang.Character::toLowerCase (9 bytes)
Event: 10.695 Thread 0x00007f42540b4800 nmethod 59 0x00007f42444b02d0 code [0x00007f42444b0440, 0x00007f42444b0678]
Event: 10.695 Thread 0x00007f42540b4800   60       3       java.lang.CharacterDataLatin1::toLowerCase (39 bytes)
Event: 10.695 Thread 0x00007f42540b4800 nmethod 60 0x00007f42444b0750 code [0x00007f42444b08c0, 0x00007f42444b0b30]

GC Heap History (0 events):
No events

Deoptimization events (0 events):
No events

Classes redefined (0 events):
No events

Internal exceptions (5 events):
Event: 0.454 Thread 0x00007f425400b800 Exception <a 'java/lang/NoSuchMethodError': Method sun.misc.Unsafe.defineClass(Ljava/lang/String;[BII)Ljava/lang/Class; name or signature does not match> (0x00000000f0807cc8) thrown at [/build/openjdk-8-58sEEn/openjdk-8-8u242-b08/src/hotspot/src/share/vm/
Event: 0.454 Thread 0x00007f425400b800 Exception <a 'java/lang/NoSuchMethodError': Method sun.misc.Unsafe.prefetchRead(Ljava/lang/Object;J)V name or signature does not match> (0x00000000f0807fb0) thrown at [/build/openjdk-8-58sEEn/openjdk-8-8u242-b08/src/hotspot/src/share/vm/prims/jni.cpp, lin
Event: 9.241 Thread 0x00007f425400b800 Exception <a 'java/util/zip/ZipException'> (0x00000000f085dec8) thrown at [/build/openjdk-8-58sEEn/openjdk-8-8u242-b08/src/hotspot/src/share/vm/prims/jni.cpp, line 710]
Event: 9.241 Thread 0x00007f425400b800 Exception <a 'java/security/PrivilegedActionException'> (0x00000000f085e168) thrown at [/build/openjdk-8-58sEEn/openjdk-8-8u242-b08/src/hotspot/src/share/vm/prims/jvm.cpp, line 1502]
Event: 9.241 Thread 0x00007f425400b800 Exception <a 'java/security/PrivilegedActionException'> (0x00000000f085e378) thrown at [/build/openjdk-8-58sEEn/openjdk-8-8u242-b08/src/hotspot/src/share/vm/prims/jvm.cpp, line 1502]

Events (10 events):
Event: 10.459 loading class mpi/Intracomm
Event: 10.459 loading class mpi/Intracomm done
Event: 10.459 loading class mpi/Comm
Event: 10.459 loading class mpi/Comm done
Event: 10.694 loading class mpi/Version
Event: 10.694 loading class mpi/Version done
Event: 10.862 Executing VM operation: EnableBiasedLocking
Event: 11.017 Executing VM operation: EnableBiasedLocking done
Event: 11.017 loading class sun/misc/Signal$1
Event: 11.017 loading class sun/misc/Signal$1 done


Dynamic libraries:
f0800000-f0d50000 rw-p 00000000 00:00 0 
f0d50000-f5aa0000 ---p 00000000 00:00 0 
f5aa0000-f6550000 rw-p 00000000 00:00 0 
f6550000-100000000 ---p 00000000 00:00 0 
100000000-100080000 rw-p 00000000 00:00 0 
100080000-140000000 ---p 00000000 00:00 0 
55579be77000-55579be78000 r-xp 00000000 fc:01 1302575                    /usr/lib/jvm/java-8-openjdk-amd64/jre/bin/java
55579c077000-55579c078000 r--p 00000000 fc:01 1302575                    /usr/lib/jvm/java-8-openjdk-amd64/jre/bin/java
55579c078000-55579c079000 rw-p 00001000 fc:01 1302575                    /usr/lib/jvm/java-8-openjdk-amd64/jre/bin/java
55579c39a000-55579c3bb000 rw-p 00000000 00:00 0                          [heap]
7f42173cb000-7f42173cd000 r-xp 00000000 fc:01 782288                     /usr/local/lib/pmix/mca_pshmem_mmap.so
7f42173cd000-7f42175cc000 ---p 00002000 fc:01 782288                     /usr/local/lib/pmix/mca_pshmem_mmap.so
7f42175cc000-7f42175cd000 r--p 00001000 fc:01 782288                     /usr/local/lib/pmix/mca_pshmem_mmap.so
7f42175cd000-7f42175ce000 rw-p 00002000 fc:01 782288                     /usr/local/lib/pmix/mca_pshmem_mmap.so
7f42175ce000-7f42175d2000 r-xp 00000000 fc:01 782262                     /usr/local/lib/pmix/mca_gds_ds21.so
7f42175d2000-7f42177d1000 ---p 00004000 fc:01 782262                     /usr/local/lib/pmix/mca_gds_ds21.so
7f42177d1000-7f42177d2000 r--p 00003000 fc:01 782262                     /usr/local/lib/pmix/mca_gds_ds21.so
7f42177d2000-7f42177d3000 rw-p 00004000 fc:01 782262                     /usr/local/lib/pmix/mca_gds_ds21.so
7f42177d3000-7f42177e3000 r-xp 00000000 fc:01 782264                     /usr/local/lib/pmix/mca_gds_hash.so
7f42177e3000-7f42179e3000 ---p 00010000 fc:01 782264                     /usr/local/lib/pmix/mca_gds_hash.so
7f42179e3000-7f42179e4000 r--p 00010000 fc:01 782264                     /usr/local/lib/pmix/mca_gds_hash.so
7f42179e4000-7f42179e5000 rw-p 00011000 fc:01 782264                     /usr/local/lib/pmix/mca_gds_hash.so
7f42179e5000-7f42179f7000 r-xp 00000000 fc:01 29681                      /usr/local/lib/libmca_common_dstore.so.1.0.0
7f42179f7000-7f4217bf6000 ---p 00012000 fc:01 29681                      /usr/local/lib/libmca_common_dstore.so.1.0.0
7f4217bf6000-7f4217bf7000 r--p 00011000 fc:01 29681                      /usr/local/lib/libmca_common_dstore.so.1.0.0
7f4217bf7000-7f4217bf8000 rw-p 00012000 fc:01 29681                      /usr/local/lib/libmca_common_dstore.so.1.0.0
7f4217bf8000-7f4217bfc000 r-xp 00000000 fc:01 782260                     /usr/local/lib/pmix/mca_gds_ds12.so
7f4217bfc000-7f4217dfb000 ---p 00004000 fc:01 782260                     /usr/local/lib/pmix/mca_gds_ds12.so
7f4217dfb000-7f4217dfc000 r--p 00003000 fc:01 782260                     /usr/local/lib/pmix/mca_gds_ds12.so
7f4217dfc000-7f4217dfd000 rw-p 00004000 fc:01 782260                     /usr/local/lib/pmix/mca_gds_ds12.so
7f4217dfd000-7f4217dff000 r-xp 00000000 fc:01 782278                     /usr/local/lib/pmix/mca_psec_native.so
7f4217dff000-7f4217ffe000 ---p 00002000 fc:01 782278                     /usr/local/lib/pmix/mca_psec_native.so
7f4217ffe000-7f4217fff000 r--p 00001000 fc:01 782278                     /usr/local/lib/pmix/mca_psec_native.so
7f4217fff000-7f4218000000 rw-p 00002000 fc:01 782278                     /usr/local/lib/pmix/mca_psec_native.so
7f4218000000-7f4218021000 rw-p 00000000 00:00 0 
7f4218021000-7f421c000000 ---p 00000000 00:00 0 
7f421c000000-7f421c021000 rw-p 00000000 00:00 0 
7f421c021000-7f4220000000 ---p 00000000 00:00 0 
7f4220157000-7f422015f000 r-xp 00000000 fc:01 782292                     /usr/local/lib/pmix/mca_ptl_usock.so
7f422015f000-7f422035e000 ---p 00008000 fc:01 782292                     /usr/local/lib/pmix/mca_ptl_usock.so
7f422035e000-7f422035f000 r--p 00007000 fc:01 782292                     /usr/local/lib/pmix/mca_ptl_usock.so
7f422035f000-7f4220360000 rw-p 00008000 fc:01 782292                     /usr/local/lib/pmix/mca_ptl_usock.so
7f4220360000-7f4220372000 r-xp 00000000 fc:01 782290                     /usr/local/lib/pmix/mca_ptl_tcp.so
7f4220372000-7f4220571000 ---p 00012000 fc:01 782290                     /usr/local/lib/pmix/mca_ptl_tcp.so
7f4220571000-7f4220572000 r--p 00011000 fc:01 782290                     /usr/local/lib/pmix/mca_ptl_tcp.so
7f4220572000-7f4220573000 rw-p 00012000 fc:01 782290                     /usr/local/lib/pmix/mca_ptl_tcp.so
7f4220573000-7f4220674000 rw-p 00000000 00:00 0 
7f4220674000-7f4220686000 r-xp 00000000 fc:01 782252                     /usr/local/lib/pmix/mca_bfrops_v12.so
7f4220686000-7f4220885000 ---p 00012000 fc:01 782252                     /usr/local/lib/pmix/mca_bfrops_v12.so
7f4220885000-7f4220886000 r--p 00011000 fc:01 782252                     /usr/local/lib/pmix/mca_bfrops_v12.so
7f4220886000-7f4220887000 rw-p 00012000 fc:01 782252                     /usr/local/lib/pmix/mca_bfrops_v12.so
7f4220887000-7f42208a0000 r-xp 00000000 fc:01 782254                     /usr/local/lib/pmix/mca_bfrops_v20.so
7f42208a0000-7f4220a9f000 ---p 00019000 fc:01 782254                     /usr/local/lib/pmix/mca_bfrops_v20.so
7f4220a9f000-7f4220aa0000 r--p 00018000 fc:01 782254                     /usr/local/lib/pmix/mca_bfrops_v20.so
7f4220aa0000-7f4220aa1000 rw-p 00019000 fc:01 782254                     /usr/local/lib/pmix/mca_bfrops_v20.so
7f4220aa1000-7f4220aa9000 r-xp 00000000 fc:01 782258                     /usr/local/lib/pmix/mca_bfrops_v3.so
7f4220aa9000-7f4220ca8000 ---p 00008000 fc:01 782258                     /usr/local/lib/pmix/mca_bfrops_v3.so
7f4220ca8000-7f4220ca9000 r--p 00007000 fc:01 782258                     /usr/local/lib/pmix/mca_bfrops_v3.so
7f4220ca9000-7f4220caa000 rw-p 00008000 fc:01 782258                     /usr/local/lib/pmix/mca_bfrops_v3.so
7f4220caa000-7f4220df6000 r-xp 00000000 fc:01 782295                     /usr/local/lib/openmpi/mca_pmix_pmix3x.so
7f4220df6000-7f4220ff6000 ---p 0014c000 fc:01 782295                     /usr/local/lib/openmpi/mca_pmix_pmix3x.so
7f4220ff6000-7f4220ff7000 r--p 0014c000 fc:01 782295                     /usr/local/lib/openmpi/mca_pmix_pmix3x.so
7f4220ff7000-7f4220ffc000 rw-p 0014d000 fc:01 782295                     /usr/local/lib/openmpi/mca_pmix_pmix3x.so
7f4220ffc000-7f4224000000 rw-p 00000000 00:00 0 
7f4224000000-7f4224027000 rw-p 00000000 00:00 0 
7f4224027000-7f4228000000 ---p 00000000 00:00 0 
7f4228000000-7f4228021000 rw-p 00000000 00:00 0 
7f4228021000-7f422c000000 ---p 00000000 00:00 0 
7f422c000000-7f422c021000 rw-p 00000000 00:00 0 
7f422c021000-7f4230000000 ---p 00000000 00:00 0 
7f4230000000-7f423004f000 rw-p 00000000 00:00 0 
7f423004f000-7f4234000000 ---p 00000000 00:00 0 
7f4234000000-7f4234021000 rw-p 00000000 00:00 0 
7f4234021000-7f4238000000 ---p 00000000 00:00 0 
7f4238000000-7f4238021000 rw-p 00000000 00:00 0 
7f4238021000-7f423c000000 ---p 00000000 00:00 0 
7f423c000000-7f423c021000 rw-p 00000000 00:00 0 
7f423c021000-7f4240000000 ---p 00000000 00:00 0 
7f4240002000-7f4240087000 rw-s 00000000 fc:01 1039764                    /tmp/ompi.openmpi-master.1000/pid.5069/pmix_dstor_ds21_5069/smlockseg-542244865
7f4240087000-7f424008e000 r-xp 00000000 fc:01 782256                     /usr/local/lib/pmix/mca_bfrops_v21.so
7f424008e000-7f424028e000 ---p 00007000 fc:01 782256                     /usr/local/lib/pmix/mca_bfrops_v21.so
7f424028e000-7f424028f000 r--p 00007000 fc:01 782256                     /usr/local/lib/pmix/mca_bfrops_v21.so
7f424028f000-7f4240290000 rw-p 00008000 fc:01 782256                     /usr/local/lib/pmix/mca_bfrops_v21.so
7f4240290000-7f4240291000 ---p 00000000 00:00 0 
7f4240291000-7f4240a91000 rw-p 00000000 00:00 0 
7f4240a91000-7f4240a95000 r-xp 00000000 fc:01 782352                     /usr/local/lib/openmpi/mca_ess_pmi.so
7f4240a95000-7f4240c94000 ---p 00004000 fc:01 782352                     /usr/local/lib/openmpi/mca_ess_pmi.so
7f4240c94000-7f4240c95000 r--p 00003000 fc:01 782352                     /usr/local/lib/openmpi/mca_ess_pmi.so
7f4240c95000-7f4240c96000 rw-p 00004000 fc:01 782352                     /usr/local/lib/openmpi/mca_ess_pmi.so
7f4240c96000-7f4240c97000 r-xp 00000000 fc:01 782435                     /usr/local/lib/openmpi/mca_schizo_orte.so
7f4240c97000-7f4240e96000 ---p 00001000 fc:01 782435                     /usr/local/lib/openmpi/mca_schizo_orte.so
7f4240e96000-7f4240e97000 r--p 00000000 fc:01 782435                     /usr/local/lib/openmpi/mca_schizo_orte.so
7f4240e97000-7f4240e98000 rw-p 00001000 fc:01 782435                     /usr/local/lib/openmpi/mca_schizo_orte.so
7f4240e98000-7f4240e9a000 r-xp 00000000 fc:01 782437                     /usr/local/lib/openmpi/mca_schizo_slurm.so
7f4240e9a000-7f4241099000 ---p 00002000 fc:01 782437                     /usr/local/lib/openmpi/mca_schizo_slurm.so
7f4241099000-7f424109a000 r--p 00001000 fc:01 782437                     /usr/local/lib/openmpi/mca_schizo_slurm.so
7f424109a000-7f424109b000 rw-p 00002000 fc:01 782437                     /usr/local/lib/openmpi/mca_schizo_slurm.so
7f424109b000-7f42410a3000 r-xp 00000000 fc:01 782433                     /usr/local/lib/openmpi/mca_schizo_ompi.so
7f42410a3000-7f42412a2000 ---p 00008000 fc:01 782433                     /usr/local/lib/openmpi/mca_schizo_ompi.so
7f42412a2000-7f42412a3000 r--p 00007000 fc:01 782433                     /usr/local/lib/openmpi/mca_schizo_ompi.so
7f42412a3000-7f42412a5000 rw-p 00008000 fc:01 782433                     /usr/local/lib/openmpi/mca_schizo_ompi.so
7f42412a5000-7f42412a6000 r-xp 00000000 fc:01 782431                     /usr/local/lib/openmpi/mca_schizo_flux.so
7f42412a6000-7f42414a6000 ---p 00001000 fc:01 782431                     /usr/local/lib/openmpi/mca_schizo_flux.so
7f42414a6000-7f42414a7000 r--p 00001000 fc:01 782431                     /usr/local/lib/openmpi/mca_schizo_flux.so
7f42414a7000-7f42414a8000 rw-p 00002000 fc:01 782431                     /usr/local/lib/openmpi/mca_schizo_flux.so
7f42414a8000-7f42414aa000 r-xp 00000000 fc:01 782301                     /usr/local/lib/openmpi/mca_reachable_weighted.so
7f42414aa000-7f42416a9000 ---p 00002000 fc:01 782301                     /usr/local/lib/openmpi/mca_reachable_weighted.so
7f42416a9000-7f42416aa000 r--p 00001000 fc:01 782301                     /usr/local/lib/openmpi/mca_reachable_weighted.so
7f42416aa000-7f42416ab000 rw-p 00002000 fc:01 782301                     /usr/local/lib/openmpi/mca_reachable_weighted.so
7f42416ab000-7f42416ae000 r-xp 00000000 fc:01 782304                     /usr/local/lib/openmpi/mca_shmem_mmap.so
7f42416ae000-7f42418ad000 ---p 00003000 fc:01 782304                     /usr/local/lib/openmpi/mca_shmem_mmap.so
7f42418ad000-7f42418ae000 r--p 00002000 fc:01 782304                     /usr/local/lib/openmpi/mca_shmem_mmap.so
7f42418ae000-7f42418af000 rw-p 00003000 fc:01 782304                     /usr/local/lib/openmpi/mca_shmem_mmap.so
7f42418af000-7f42418b1000 r-xp 00000000 fc:01 2182                       /lib/x86_64-linux-gnu/libutil-2.27.so
7f42418b1000-7f4241ab0000 ---p 00002000 fc:01 2182                       /lib/x86_64-linux-gnu/libutil-2.27.so
7f4241ab0000-7f4241ab1000 r--p 00001000 fc:01 2182                       /lib/x86_64-linux-gnu/libutil-2.27.so
7f4241ab1000-7f4241ab2000 rw-p 00002000 fc:01 2182                       /lib/x86_64-linux-gnu/libutil-2.27.so
7f4241ab2000-7f4241b67000 r-xp 00000000 fc:01 29711                      /usr/local/lib/libopen-rte.so.40.20.1
7f4241b67000-7f4241d66000 ---p 000b5000 fc:01 29711                      /usr/local/lib/libopen-rte.so.40.20.1
7f4241d66000-7f4241d68000 r--p 000b4000 fc:01 29711                      /usr/local/lib/libopen-rte.so.40.20.1
7f4241d68000-7f4241d6c000 rw-p 000b6000 fc:01 29711                      /usr/local/lib/libopen-rte.so.40.20.1
7f4241d6c000-7f4241d6f000 rw-p 00000000 00:00 0 
7f4241d6f000-7f4241e72000 r-xp 00000000 fc:01 13011                      /usr/local/lib/libopen-pal.so.40.20.1
7f4241e72000-7f4242072000 ---p 00103000 fc:01 13011                      /usr/local/lib/libopen-pal.so.40.20.1
7f4242072000-7f4242075000 r--p 00103000 fc:01 13011                      /usr/local/lib/libopen-pal.so.40.20.1
7f4242075000-7f424207b000 rw-p 00106000 fc:01 13011                      /usr/local/lib/libopen-pal.so.40.20.1
7f424207b000-7f4242082000 rw-p 00000000 00:00 0 
7f4242082000-7f4242178000 r-xp 00000000 fc:01 29875                      /usr/local/lib/libmpi.so.40.20.1
7f4242178000-7f4242377000 ---p 000f6000 fc:01 29875                      /usr/local/lib/libmpi.so.40.20.1
7f4242377000-7f4242379000 r--p 000f5000 fc:01 29875                      /usr/local/lib/libmpi.so.40.20.1
7f4242379000-7f424238a000 rw-p 000f7000 fc:01 29875                      /usr/local/lib/libmpi.so.40.20.1
7f424238a000-7f424239c000 rw-p 00000000 00:00 0 
7f42423a4000-7f42423a5000 r--s 00000000 fc:01 783094                     /tmp/ompi.openmpi-master.1000/pid.5069/pmix_dstor_ds12_5069/initial-pmix_shared-segment-0
7f42423a5000-7f42423a6000 rw-s 00000000 fc:01 783095                     /tmp/ompi.openmpi-master.1000/pid.5069/pmix_dstor_ds12_5069/dstore_sm.lock
7f42423a6000-7f42423ce000 r-xp 00000000 fc:01 71469                      /usr/local/lib/libmpi_java.so.40.20.0
7f42423ce000-7f42425cd000 ---p 00028000 fc:01 71469                      /usr/local/lib/libmpi_java.so.40.20.0
7f42425cd000-7f42425ce000 r--p 00027000 fc:01 71469                      /usr/local/lib/libmpi_java.so.40.20.0
7f42425ce000-7f42425cf000 rw-p 00028000 fc:01 71469                      /usr/local/lib/libmpi_java.so.40.20.0
7f42425cf000-7f42425d0000 r--s 0000f000 fc:01 527712                     /home/mpiuser/cloud/fyp/java_client/lib/mpi.jar
7f42425d0000-7f42425d3000 r--s 0000e000 fc:01 527707                     /home/mpiuser/cloud/fyp/java_client/lib/jackson-annotations-2.10.3.jar
7f42425d3000-7f42425f0000 r--s 00142000 fc:01 527719                     /home/mpiuser/cloud/fyp/java_client/lib/spring-web-5.2.5.RELEASE.jar
7f42425f0000-7f42425fd000 r--s 00090000 fc:01 527704                     /home/mpiuser/cloud/fyp/java_client/lib/amqp-client-5.8.0.jar
7f42425fd000-7f42425fe000 r--s 00003000 fc:01 527715                     /home/mpiuser/cloud/fyp/java_client/lib/slf4j-simple-1.7.30.jar
7f42425fe000-7f4242613000 r--s 00142000 fc:01 527710                     /home/mpiuser/cloud/fyp/java_client/lib/jackson-databind-2.10.2.jar
7f4242613000-7f4242628000 r--s 00142000 fc:01 527711                     /home/mpiuser/cloud/fyp/java_client/lib/jackson-databind-2.10.3.jar
7f4242628000-7f4242629000 r--s 00005000 fc:01 527718                     /home/mpiuser/cloud/fyp/java_client/lib/spring-jcl-5.2.5.RELEASE.jar
7f4242629000-7f4242640000 r-xp 00000000 fc:01 1302611                    /usr/lib/jvm/java-8-openjdk-amd64/jre/lib/amd64/libnet.so
7f4242640000-7f424283f000 ---p 00017000 fc:01 1302611                    /usr/lib/jvm/java-8-openjdk-amd64/jre/lib/amd64/libnet.so
7f424283f000-7f4242840000 r--p 00016000 fc:01 1302611                    /usr/lib/jvm/java-8-openjdk-amd64/jre/lib/amd64/libnet.so
7f4242840000-7f4242841000 rw-p 00017000 fc:01 1302611                    /usr/lib/jvm/java-8-openjdk-amd64/jre/lib/amd64/libnet.so
7f4242841000-7f4242852000 r-xp 00000000 fc:01 1302612                    /usr/lib/jvm/java-8-openjdk-amd64/jre/lib/amd64/libnio.so
7f4242852000-7f4242a52000 ---p 00011000 fc:01 1302612                    /usr/lib/jvm/java-8-openjdk-amd64/jre/lib/amd64/libnio.so
7f4242a52000-7f4242a53000 r--p 00011000 fc:01 1302612                    /usr/lib/jvm/java-8-openjdk-amd64/jre/lib/amd64/libnio.so
7f4242a53000-7f4242a54000 rw-p 00012000 fc:01 1302612                    /usr/lib/jvm/java-8-openjdk-amd64/jre/lib/amd64/libnio.so
7f4242a54000-7f4242a6f000 r--s 001d6000 fc:01 1555512                    /usr/lib/jvm/java-8-openjdk-amd64/jre/lib/ext/nashorn.jar
7f4242a6f000-7f4242a73000 r--s 0003a000 fc:01 1555515                    /usr/lib/jvm/java-8-openjdk-amd64/jre/lib/ext/sunpkcs11.jar
7f4242a73000-7f4242a78000 r--s 0003d000 fc:01 1555514                    /usr/lib/jvm/java-8-openjdk-amd64/jre/lib/ext/sunjce_provider.jar
7f4242a78000-7f4242a79000 r--s 00010000 fc:01 1555516                    /usr/lib/jvm/java-8-openjdk-amd64/jre/lib/ext/zipfs.jar
7f4242a79000-7f4242a7a000 r--s 0000a000 fc:01 1555510                    /usr/lib/jvm/java-8-openjdk-amd64/jre/lib/ext/jaccess.jar
7f4242a7a000-7f4242a95000 r--s 00394000 fc:01 1555507                    /usr/lib/jvm/java-8-openjdk-amd64/jre/lib/ext/cldrdata.jar
7f4242a95000-7f4242a96000 ---p 00000000 00:00 0 
7f4242a96000-7f4242b96000 rw-p 00000000 00:00 0 
7f4242b96000-7f4242b99000 ---p 00000000 00:00 0 
7f4242b99000-7f4242c97000 rw-p 00000000 00:00 0 
7f4242c97000-7f4242c98000 ---p 00000000 00:00 0 
7f4242c98000-7f4242c9b000 ---p 00000000 00:00 0 
7f4242c9b000-7f4242d98000 rw-p 00000000 00:00 0 
7f4242d98000-7f4242d99000 ---p 00000000 00:00 0 
7f4242d99000-7f4242d9c000 ---p 00000000 00:00 0 
7f4242d9c000-7f4242e99000 rw-p 00000000 00:00 0 
7f4242e99000-7f4242e9c000 ---p 00000000 00:00 0 
7f4242e9c000-7f4242f9a000 rw-p 00000000 00:00 0 
7f4242f9a000-7f424310d000 r--p 00000000 fc:01 7801                       /usr/lib/locale/C.UTF-8/LC_COLLATE
7f424310d000-7f42432a8000 r--p 00000000 fc:01 7796                       /usr/lib/locale/locale-archive
7f42432a8000-7f42432ab000 ---p 00000000 00:00 0 
7f42432ab000-7f42433a9000 rw-p 00000000 00:00 0 
7f42433a9000-7f42433ac000 ---p 00000000 00:00 0 
7f42433ac000-7f42434aa000 rw-p 00000000 00:00 0 
7f42434aa000-7f42434ab000 ---p 00000000 00:00 0 
7f42434ab000-7f42435f9000 rw-p 00000000 00:00 0 
7f42435f9000-7f42437c9000 r--s 03c68000 fc:01 1302635                    /usr/lib/jvm/java-8-openjdk-amd64/jre/lib/rt.jar
7f42437c9000-7f4243c49000 rw-p 00000000 00:00 0 
7f4243c49000-7f4243fc9000 ---p 00000000 00:00 0 
7f4243fc9000-7f4243fd3000 rw-p 00000000 00:00 0 
7f4243fd3000-7f4244389000 ---p 00000000 00:00 0 
7f4244389000-7f42445f9000 rwxp 00000000 00:00 0 
7f42445f9000-7f4253389000 ---p 00000000 00:00 0 
7f4253389000-7f4253391000 r-xp 00000000 fc:01 1302619                    /usr/lib/jvm/java-8-openjdk-amd64/jre/lib/amd64/libzip.so
7f4253391000-7f4253590000 ---p 00008000 fc:01 1302619                    /usr/lib/jvm/java-8-openjdk-amd64/jre/lib/amd64/libzip.so
7f4253590000-7f4253591000 r--p 00007000 fc:01 1302619                    /usr/lib/jvm/java-8-openjdk-amd64/jre/lib/amd64/libzip.so
7f4253591000-7f4253592000 rw-p 00008000 fc:01 1302619                    /usr/lib/jvm/java-8-openjdk-amd64/jre/lib/amd64/libzip.so
7f4253592000-7f425359d000 r-xp 00000000 fc:01 2093                       /lib/x86_64-linux-gnu/libnss_files-2.27.so
7f425359d000-7f425379c000 ---p 0000b000 fc:01 2093                       /lib/x86_64-linux-gnu/libnss_files-2.27.so
7f425379c000-7f425379d000 r--p 0000a000 fc:01 2093                       /lib/x86_64-linux-gnu/libnss_files-2.27.so
7f425379d000-7f425379e000 rw-p 0000b000 fc:01 2093                       /lib/x86_64-linux-gnu/libnss_files-2.27.so
7f425379e000-7f42537a4000 rw-p 00000000 00:00 0 
7f42537a4000-7f42537bb000 r-xp 00000000 fc:01 2090                       /lib/x86_64-linux-gnu/libnsl-2.27.so
7f42537bb000-7f42539ba000 ---p 00017000 fc:01 2090                       /lib/x86_64-linux-gnu/libnsl-2.27.so
7f42539ba000-7f42539bb000 r--p 00016000 fc:01 2090                       /lib/x86_64-linux-gnu/libnsl-2.27.so
7f42539bb000-7f42539bc000 rw-p 00017000 fc:01 2090                       /lib/x86_64-linux-gnu/libnsl-2.27.so
7f42539bc000-7f42539be000 rw-p 00000000 00:00 0 
7f42539be000-7f42539c9000 r-xp 00000000 fc:01 2095                       /lib/x86_64-linux-gnu/libnss_nis-2.27.so
7f42539c9000-7f4253bc8000 ---p 0000b000 fc:01 2095                       /lib/x86_64-linux-gnu/libnss_nis-2.27.so
7f4253bc8000-7f4253bc9000 r--p 0000a000 fc:01 2095                       /lib/x86_64-linux-gnu/libnss_nis-2.27.so
7f4253bc9000-7f4253bca000 rw-p 0000b000 fc:01 2095                       /lib/x86_64-linux-gnu/libnss_nis-2.27.so
7f4253bca000-7f4253bd2000 r-xp 00000000 fc:01 2091                       /lib/x86_64-linux-gnu/libnss_compat-2.27.so
7f4253bd2000-7f4253dd2000 ---p 00008000 fc:01 2091                       /lib/x86_64-linux-gnu/libnss_compat-2.27.so
7f4253dd2000-7f4253dd3000 r--p 00008000 fc:01 2091                       /lib/x86_64-linux-gnu/libnss_compat-2.27.so
7f4253dd3000-7f4253dd4000 rw-p 00009000 fc:01 2091                       /lib/x86_64-linux-gnu/libnss_compat-2.27.so
7f4253dd4000-7f4253dfe000 r-xp 00000000 fc:01 1302600                    /usr/lib/jvm/java-8-openjdk-amd64/jre/lib/amd64/libjava.so
7f4253dfe000-7f4253ffd000 ---p 0002a000 fc:01 1302600                    /usr/lib/jvm/java-8-openjdk-amd64/jre/lib/amd64/libjava.so
7f4253ffd000-7f4253ffe000 r--p 00029000 fc:01 1302600                    /usr/lib/jvm/java-8-openjdk-amd64/jre/lib/amd64/libjava.so
7f4253ffe000-7f4254000000 rw-p 0002a000 fc:01 1302600                    /usr/lib/jvm/java-8-openjdk-amd64/jre/lib/amd64/libjava.so
7f4254000000-7f4254277000 rw-p 00000000 00:00 0 
7f4254277000-7f4258000000 ---p 00000000 00:00 0 
7f4258000000-7f4258002000 r--s 00007000 fc:01 29606                      /usr/share/java/java-atk-wrapper.jar
7f4258002000-7f4258033000 r--p 00000000 fc:01 7802                       /usr/lib/locale/C.UTF-8/LC_CTYPE
7f4258033000-7f425812c000 rw-p 00000000 00:00 0 
7f425812c000-7f425813c000 r-xp 00000000 fc:01 1302618                    /usr/lib/jvm/java-8-openjdk-amd64/jre/lib/amd64/libverify.so
7f425813c000-7f425833b000 ---p 00010000 fc:01 1302618                    /usr/lib/jvm/java-8-openjdk-amd64/jre/lib/amd64/libverify.so
7f425833b000-7f425833d000 r--p 0000f000 fc:01 1302618                    /usr/lib/jvm/java-8-openjdk-amd64/jre/lib/amd64/libverify.so
7f425833d000-7f425833e000 rw-p 00011000 fc:01 1302618                    /usr/lib/jvm/java-8-openjdk-amd64/jre/lib/amd64/libverify.so
7f425833e000-7f4258345000 r-xp 00000000 fc:01 2180                       /lib/x86_64-linux-gnu/librt-2.27.so
7f4258345000-7f4258544000 ---p 00007000 fc:01 2180                       /lib/x86_64-linux-gnu/librt-2.27.so
7f4258544000-7f4258545000 r--p 00006000 fc:01 2180                       /lib/x86_64-linux-gnu/librt-2.27.so
7f4258545000-7f4258546000 rw-p 00007000 fc:01 2180                       /lib/x86_64-linux-gnu/librt-2.27.so
7f4258546000-7f425855d000 r-xp 00000000 fc:01 29154                      /lib/x86_64-linux-gnu/libgcc_s.so.1
7f425855d000-7f425875c000 ---p 00017000 fc:01 29154                      /lib/x86_64-linux-gnu/libgcc_s.so.1
7f425875c000-7f425875d000 r--p 00016000 fc:01 29154                      /lib/x86_64-linux-gnu/libgcc_s.so.1
7f425875d000-7f425875e000 rw-p 00017000 fc:01 29154                      /lib/x86_64-linux-gnu/libgcc_s.so.1
7f425875e000-7f42588fb000 r-xp 00000000 fc:01 2087                       /lib/x86_64-linux-gnu/libm-2.27.so
7f42588fb000-7f4258afa000 ---p 0019d000 fc:01 2087                       /lib/x86_64-linux-gnu/libm-2.27.so
7f4258afa000-7f4258afb000 r--p 0019c000 fc:01 2087                       /lib/x86_64-linux-gnu/libm-2.27.so
7f4258afb000-7f4258afc000 rw-p 0019d000 fc:01 2087                       /lib/x86_64-linux-gnu/libm-2.27.so
7f4258afc000-7f4258c75000 r-xp 00000000 fc:01 4344                       /usr/lib/x86_64-linux-gnu/libstdc++.so.6.0.25
7f4258c75000-7f4258e75000 ---p 00179000 fc:01 4344                       /usr/lib/x86_64-linux-gnu/libstdc++.so.6.0.25
7f4258e75000-7f4258e7f000 r--p 00179000 fc:01 4344                       /usr/lib/x86_64-linux-gnu/libstdc++.so.6.0.25
7f4258e7f000-7f4258e81000 rw-p 00183000 fc:01 4344                       /usr/lib/x86_64-linux-gnu/libstdc++.so.6.0.25
7f4258e81000-7f4258e85000 rw-p 00000000 00:00 0 
7f4258e85000-7f4259b28000 r-xp 00000000 fc:01 1302622                    /usr/lib/jvm/java-8-openjdk-amd64/jre/lib/amd64/server/libjvm.so
7f4259b28000-7f4259d28000 ---p 00ca3000 fc:01 1302622                    /usr/lib/jvm/java-8-openjdk-amd64/jre/lib/amd64/server/libjvm.so
7f4259d28000-7f4259dbc000 r--p 00ca3000 fc:01 1302622                    /usr/lib/jvm/java-8-openjdk-amd64/jre/lib/amd64/server/libjvm.so
7f4259dbc000-7f4259de5000 rw-p 00d37000 fc:01 1302622                    /usr/lib/jvm/java-8-openjdk-amd64/jre/lib/amd64/server/libjvm.so
7f4259de5000-7f4259e15000 rw-p 00000000 00:00 0 
7f4259e15000-7f4259e2f000 r-xp 00000000 fc:01 2178                       /lib/x86_64-linux-gnu/libpthread-2.27.so
7f4259e2f000-7f425a02e000 ---p 0001a000 fc:01 2178                       /lib/x86_64-linux-gnu/libpthread-2.27.so
7f425a02e000-7f425a02f000 r--p 00019000 fc:01 2178                       /lib/x86_64-linux-gnu/libpthread-2.27.so
7f425a02f000-7f425a030000 rw-p 0001a000 fc:01 2178                       /lib/x86_64-linux-gnu/libpthread-2.27.so
7f425a030000-7f425a034000 rw-p 00000000 00:00 0 
7f425a034000-7f425a037000 r-xp 00000000 fc:01 2086                       /lib/x86_64-linux-gnu/libdl-2.27.so
7f425a037000-7f425a236000 ---p 00003000 fc:01 2086                       /lib/x86_64-linux-gnu/libdl-2.27.so
7f425a236000-7f425a237000 r--p 00002000 fc:01 2086                       /lib/x86_64-linux-gnu/libdl-2.27.so
7f425a237000-7f425a238000 rw-p 00003000 fc:01 2086                       /lib/x86_64-linux-gnu/libdl-2.27.so
7f425a238000-7f425a254000 r-xp 00000000 fc:01 2183                       /lib/x86_64-linux-gnu/libz.so.1.2.11
7f425a254000-7f425a453000 ---p 0001c000 fc:01 2183                       /lib/x86_64-linux-gnu/libz.so.1.2.11
7f425a453000-7f425a454000 r--p 0001b000 fc:01 2183                       /lib/x86_64-linux-gnu/libz.so.1.2.11
7f425a454000-7f425a455000 rw-p 0001c000 fc:01 2183                       /lib/x86_64-linux-gnu/libz.so.1.2.11
7f425a455000-7f425a63c000 r-xp 00000000 fc:01 2083                       /lib/x86_64-linux-gnu/libc-2.27.so
7f425a63c000-7f425a83c000 ---p 001e7000 fc:01 2083                       /lib/x86_64-linux-gnu/libc-2.27.so
7f425a83c000-7f425a840000 r--p 001e7000 fc:01 2083                       /lib/x86_64-linux-gnu/libc-2.27.so
7f425a840000-7f425a842000 rw-p 001eb000 fc:01 2083                       /lib/x86_64-linux-gnu/libc-2.27.so
7f425a842000-7f425a846000 rw-p 00000000 00:00 0 
7f425a846000-7f425a854000 r-xp 00000000 fc:01 1555499                    /usr/lib/jvm/java-8-openjdk-amd64/jre/lib/amd64/jli/libjli.so
7f425a854000-7f425aa53000 ---p 0000e000 fc:01 1555499                    /usr/lib/jvm/java-8-openjdk-amd64/jre/lib/amd64/jli/libjli.so
7f425aa53000-7f425aa54000 r--p 0000d000 fc:01 1555499                    /usr/lib/jvm/java-8-openjdk-amd64/jre/lib/amd64/jli/libjli.so
7f425aa54000-7f425aa55000 rw-p 0000e000 fc:01 1555499                    /usr/lib/jvm/java-8-openjdk-amd64/jre/lib/amd64/jli/libjli.so
7f425aa55000-7f425aa7c000 r-xp 00000000 fc:01 2079                       /lib/x86_64-linux-gnu/ld-2.27.so
7f425aa7c000-7f425aa7d000 r--s 0000d000 fc:01 1555513                    /usr/lib/jvm/java-8-openjdk-amd64/jre/lib/ext/sunec.jar
7f425aa7d000-7f425aa7f000 r--s 00001000 fc:01 1555508                    /usr/lib/jvm/java-8-openjdk-amd64/jre/lib/ext/dnsns.jar
7f425aa7f000-7f425aa82000 r--s 0000f000 fc:01 1555509                    /usr/lib/jvm/java-8-openjdk-amd64/jre/lib/ext/icedtea-sound.jar
7f425aa82000-7f425aa8c000 r--s 00116000 fc:01 1555511                    /usr/lib/jvm/java-8-openjdk-amd64/jre/lib/ext/localedata.jar
7f425aa8c000-7f425aa8d000 r--p 00000000 fc:01 7807                       /usr/lib/locale/C.UTF-8/LC_NUMERIC
7f425aa8d000-7f425aa8e000 r--p 00000000 fc:01 7810                       /usr/lib/locale/C.UTF-8/LC_TIME
7f425aa8e000-7f425aa8f000 r--p 00000000 fc:01 7805                       /usr/lib/locale/C.UTF-8/LC_MONETARY
7f425aa8f000-7f425aa90000 r--p 00000000 fc:01 7799                       /usr/lib/locale/C.UTF-8/LC_MESSAGES/SYS_LC_MESSAGES
7f425aa90000-7f425aa91000 r--p 00000000 fc:01 7808                       /usr/lib/locale/C.UTF-8/LC_PAPER
7f425aa91000-7f425aa92000 r--p 00000000 fc:01 7806                       /usr/lib/locale/C.UTF-8/LC_NAME
7f425aa92000-7f425aa93000 r--p 00000000 fc:01 7800                       /usr/lib/locale/C.UTF-8/LC_ADDRESS
7f425aa93000-7f425aa94000 r--p 00000000 fc:01 7809                       /usr/lib/locale/C.UTF-8/LC_TELEPHONE
7f425aa94000-7f425aa95000 r--p 00000000 fc:01 7804                       /usr/lib/locale/C.UTF-8/LC_MEASUREMENT
7f425aa95000-7f425aa9c000 r--s 00000000 fc:01 5010                       /usr/lib/x86_64-linux-gnu/gconv/gconv-modules.cache
7f425aa9c000-7f425aa9d000 r--p 00000000 fc:01 7803                       /usr/lib/locale/C.UTF-8/LC_IDENTIFICATION
7f425aa9d000-7f425aaa3000 rw-p 00000000 00:00 0 
7f425aaa3000-7f425aaf0000 ---p 00000000 00:00 0 
7f425aaf0000-7f425aaf3000 rw-p 00000000 00:00 0 
7f425aaf3000-7f425ab19000 ---p 00000000 00:00 0 
7f425ab19000-7f425ab1f000 rw-p 00000000 00:00 0 
7f425ab1f000-7f425ab6c000 ---p 00000000 00:00 0 
7f425ab6c000-7f425ab6d000 rw-p 00000000 00:00 0 
7f425ab6d000-7f425ab6e000 ---p 00000000 00:00 0 
7f425ab6e000-7f425ab71000 ---p 00000000 00:00 0 
7f425ab71000-7f425ac70000 rw-p 00000000 00:00 0 
7f425ac70000-7f425ac78000 rw-s 00000000 fc:01 1039857                    /tmp/hsperfdata_mpiuser/5203
7f425ac78000-7f425ac79000 rw-p 00000000 00:00 0 
7f425ac79000-7f425ac7a000 r--p 00000000 00:00 0 
7f425ac7a000-7f425ac7c000 rw-p 00000000 00:00 0 
7f425ac7c000-7f425ac7d000 r--p 00027000 fc:01 2079                       /lib/x86_64-linux-gnu/ld-2.27.so
7f425ac7d000-7f425ac7e000 rw-p 00028000 fc:01 2079                       /lib/x86_64-linux-gnu/ld-2.27.so
7f425ac7e000-7f425ac7f000 rw-p 00000000 00:00 0 
7ffdadf7f000-7ffdadfa0000 rw-p 00000000 00:00 0                          [stack]
7ffdadfed000-7ffdadff0000 r--p 00000000 00:00 0                          [vvar]
7ffdadff0000-7ffdadff2000 r-xp 00000000 00:00 0                          [vdso]
ffffffffff600000-ffffffffff601000 r-xp 00000000 00:00 0                  [vsyscall]

VM Arguments:
jvm_args: -Djava.library.path=/usr/local/lib 
java_command: Client 1000000 100 0
java_class_path (initial): /home/mpiuser/cloud/fyp/java_client:./lib/spring-jcl-5.2.5.RELEASE.jar:./lib/jackson-databind-2.10.3.jar:./lib/jackson-databind-2.10.2.jar:./lib/slf4j-simple-1.7.30.jar:./lib/amqp-client-5.8.0.jar:./lib/spring-web-5.2.5.RELEASE.jar:./lib/jackson-annotations-2.10.3.jar:./lib/mpi.jar:./lib/spring-beans-5.2.5.RELEASE.jar:./lib/jackson-annotations-2.10.2.jar:./lib/jackson-core-2.10.2.jar:./lib/jackson-core-2.10.3.jar:./lib/slf4j-api-1.7.29.jar:./lib/spring-core-5.2.5.RELEASE.jar:./lib/slf4j-api-1.7.30.jar:./lib/http-client-3.6.1.RELEASE.jar:/usr/local/lib/mpi.jar
Launcher Type: SUN_STANDARD

Environment Variables:
PATH=/usr/local/sbin:/usr/local/bin:/usr/sbin:/usr/bin:/sbin:/bin:/usr/games:/usr/local/games:/snap/bin
SHELL=/bin/bash

Signal Handlers:
SIGSEGV: [libjvm.so+0xabc3b0], sa_mask[0]=11111111011111111101111111111110, sa_flags=SA_RESTART|SA_SIGINFO
SIGBUS: [libjvm.so+0xabc3b0], sa_mask[0]=11111111011111111101111111111110, sa_flags=SA_RESTART|SA_SIGINFO
SIGFPE: [libjvm.so+0x8f0bb0], sa_mask[0]=11111111011111111101111111111110, sa_flags=SA_RESTART|SA_SIGINFO
SIGPIPE: [libjvm.so+0x8f0bb0], sa_mask[0]=11111111011111111101111111111110, sa_flags=SA_RESTART|SA_SIGINFO
SIGXFSZ: [libjvm.so+0x8f0bb0], sa_mask[0]=11111111011111111101111111111110, sa_flags=SA_RESTART|SA_SIGINFO
SIGILL: [libjvm.so+0x8f0bb0], sa_mask[0]=11111111011111111101111111111110, sa_flags=SA_RESTART|SA_SIGINFO
SIGUSR1: SIG_DFL, sa_mask[0]=00000000000000000000000000000000, sa_flags=none
SIGUSR2: [libjvm.so+0x8f0a60], sa_mask[0]=00000000000000000000000000000000, sa_flags=SA_RESTART|SA_SIGINFO
SIGHUP: [libjvm.so+0x8f10d0], sa_mask[0]=11111111011111111101111111111110, sa_flags=SA_RESTART|SA_SIGINFO
SIGINT: [libjvm.so+0x8f10d0], sa_mask[0]=11111111011111111101111111111110, sa_flags=SA_RESTART|SA_SIGINFO
SIGTERM: [libjvm.so+0x8f10d0], sa_mask[0]=11111111011111111101111111111110, sa_flags=SA_RESTART|SA_SIGINFO
SIGQUIT: [libjvm.so+0x8f10d0], sa_mask[0]=11111111011111111101111111111110, sa_flags=SA_RESTART|SA_SIGINFO


---------------  S Y S T E M  ---------------

OS:DISTRIB_ID=Ubuntu
DISTRIB_RELEASE=18.04
DISTRIB_CODENAME=bionic
DISTRIB_DESCRIPTION="Ubuntu 18.04.3 LTS"

uname:Linux 4.15.0-91-generic #92-Ubuntu SMP Fri Feb 28 11:09:48 UTC 2020 x86_64
libc:glibc 2.27 NPTL 2.27 
rlimit: STACK 8192k, CORE 0k, NPROC 3837, NOFILE 1048576, AS infinity
load average:22.55 4.80 1.56

/proc/meminfo:
MemTotal:        1008492 kB
MemFree:          324036 kB
MemAvailable:     304040 kB
Buffers:            5472 kB
Cached:            53988 kB
SwapCached:            0 kB
Active:           520212 kB
Inactive:          14680 kB
Active(anon):     475860 kB
Inactive(anon):      252 kB
Active(file):      44352 kB
Inactive(file):    14428 kB
Unevictable:           0 kB
Mlocked:               0 kB
SwapTotal:             0 kB
SwapFree:              0 kB
Dirty:             10392 kB
Writeback:             0 kB
AnonPages:        467224 kB
Mapped:            38816 kB
Shmem:               648 kB
Slab:              90912 kB
SReclaimable:      43892 kB
SUnreclaim:        47020 kB
KernelStack:        7600 kB
PageTables:        20904 kB
NFS_Unstable:          0 kB
Bounce:                0 kB
WritebackTmp:          0 kB
CommitLimit:      504244 kB
Committed_AS:    3949736 kB
VmallocTotal:   34359738367 kB
VmallocUsed:           0 kB
VmallocChunk:          0 kB
HardwareCorrupted:     0 kB
AnonHugePages:         0 kB
ShmemHugePages:        0 kB
ShmemPmdMapped:        0 kB
CmaTotal:              0 kB
CmaFree:               0 kB
HugePages_Total:       0
HugePages_Free:        0
HugePages_Rsvd:        0
HugePages_Surp:        0
Hugepagesize:       2048 kB
DirectMap4k:       83948 kB
DirectMap2M:      964608 kB
DirectMap1G:           0 kB

container (cgroup) information:
container_type: cgroupv1
cpu_cpuset_cpus: 0-2
cpu_memory_nodes: 0
active_processor_count: 3
cpu_quota: -1
cpu_period: 100000
cpu_shares: -1
memory_limit_in_bytes: -1
memory_and_swap_limit_in_bytes: -2
memory_soft_limit_in_bytes: -1
memory_usage_in_bytes: 538484736
memory_max_usage_in_bytes: 817807360


CPU:total 3 (initial active 3) (1 cores per cpu, 1 threads per core) family 6 model 85 stepping 4, cmov, cx8, fxsr, mmx, sse, sse2, sse3, ssse3, sse4.1, sse4.2, popcnt, avx, avx2, aes, clmul, erms, 3dnowpref, lzcnt, tsc, bmi1, bmi2, adx

/proc/cpuinfo:
processor	: 0
vendor_id	: GenuineIntel
cpu family	: 6
model		: 85
model name	: Intel(R) Xeon(R) Gold 6140 CPU @ 2.30GHz
stepping	: 4
microcode	: 0x1
cpu MHz		: 2294.608
cache size	: 4096 KB
physical id	: 0
siblings	: 1
core id		: 0
cpu cores	: 1
apicid		: 0
initial apicid	: 0
fpu		: yes
fpu_exception	: yes
cpuid level	: 13
wp		: yes
flags		: fpu vme de pse tsc msr pae mce cx8 apic sep mtrr pge mca cmov pat pse36 clflush mmx fxsr sse sse2 ss syscall nx pdpe1gb rdtscp lm constant_tsc arch_perfmon rep_good nopl cpuid tsc_known_freq pni pclmulqdq vmx ssse3 fma cx16 pcid sse4_1 sse4_2 x2apic movbe popcnt tsc_deadline_timer aes xsave avx f16c rdrand hypervisor lahf_lm abm 3dnowprefetch cpuid_fault invpcid_single pti ssbd ibrs ibpb tpr_shadow vnmi flexpriority ept vpid fsgsbase tsc_adjust bmi1 avx2 smep bmi2 erms invpcid mpx avx512f avx512dq rdseed adx smap clflushopt clwb avx512cd avx512bw avx512vl xsaveopt xsavec xgetbv1 pku ospke md_clear
bugs		: cpu_meltdown spectre_v1 spectre_v2 spec_store_bypass l1tf mds swapgs itlb_multihit
bogomips	: 4589.21
clflush size	: 64
cache_alignment	: 64
address sizes	: 40 bits physical, 48 bits virtual
power management:

processor	: 1
vendor_id	: GenuineIntel
cpu family	: 6
model		: 85
model name	: Intel(R) Xeon(R) Gold 6140 CPU @ 2.30GHz
stepping	: 4
microcode	: 0x1
cpu MHz		: 2294.608
cache size	: 4096 KB
physical id	: 1
siblings	: 1
core id		: 0
cpu cores	: 1
apicid		: 1
initial apicid	: 1
fpu		: yes
fpu_exception	: yes
cpuid level	: 13
wp		: yes
flags		: fpu vme de pse tsc msr pae mce cx8 apic sep mtrr pge mca cmov pat pse36 clflush mmx fxsr sse sse2 ss syscall nx pdpe1gb rdtscp lm constant_tsc arch_perfmon rep_good nopl cpuid tsc_known_freq pni pclmulqdq vmx ssse3 fma cx16 pcid sse4_1 sse4_2 x2apic movbe popcnt tsc_deadline_timer aes xsave avx f16c rdrand hypervisor lahf_lm abm 3dnowprefetch cpuid_fault invpcid_single pti ssbd ibrs ibpb tpr_shadow vnmi flexpriority ept vpid fsgsbase tsc_adjust bmi1 avx2 smep bmi2 erms invpcid mpx avx512f avx512dq rdseed adx smap clflushopt clwb avx512cd avx512bw avx512vl xsaveopt xsavec xgetbv1 pku ospke md_clear
bugs		: cpu_meltdown spectre_v1 spectre_v2 spec_store_bypass l1tf mds swapgs itlb_multihit
bogomips	: 4589.21
clflush size	: 64
cache_alignment	: 64
address sizes	: 40 bits physical, 48 bits virtual
power management:

processor	: 2
vendor_id	: GenuineIntel
cpu family	: 6
model		: 85
model name	: Intel(R) Xeon(R) Gold 6140 CPU @ 2.30GHz
stepping	: 4
microcode	: 0x1
cpu MHz		: 2294.608
cache size	: 4096 KB
physical id	: 2
siblings	: 1
core id		: 0
cpu cores	: 1
apicid		: 2
initial apicid	: 2
fpu		: yes
fpu_exception	: yes
cpuid level	: 13
wp		: yes
flags		: fpu vme de pse tsc msr pae mce cx8 apic sep mtrr pge mca cmov pat pse36 clflush mmx fxsr sse sse2 ss syscall nx pdpe1gb rdtscp lm constant_tsc arch_perfmon rep_good nopl cpuid tsc_known_freq pni pclmulqdq vmx ssse3 fma cx16 pcid sse4_1 sse4_2 x2apic movbe popcnt tsc_deadline_timer aes xsave avx f16c rdrand hypervisor lahf_lm abm 3dnowprefetch cpuid_fault invpcid_single pti ssbd ibrs ibpb tpr_shadow vnmi flexpriority ept vpid fsgsbase tsc_adjust bmi1 avx2 smep bmi2 erms invpcid mpx avx512f avx512dq rdseed adx smap clflushopt clwb avx512cd avx512bw avx512vl xsaveopt xsavec xgetbv1 pku ospke md_clear
bugs		: cpu_meltdown spectre_v1 spectre_v2 spec_store_bypass l1tf mds swapgs itlb_multihit
bogomips	: 4589.21
clflush size	: 64
cache_alignment	: 64
address sizes	: 40 bits physical, 48 bits virtual
power management:



Memory: 4k page, physical 1008492k(323664k free), swap 0k(0k free)

vm_info: OpenJDK 64-Bit Server VM (25.242-b08) for linux-amd64 JRE (1.8.0_242-8u242-b08-0ubuntu3~18.04-b08), built on Jan 17 2020 23:41:21 by "buildd" with gcc 7.4.0

time: Mon Apr  6 11:40:01 2020
timezone: UTC
elapsed time: 11 seconds (0d 0h 0m 11s)

