#
# A fatal error has been detected by the Java Runtime Environment:
#
#  SIGSEGV (0xb) at pc=0x00007fb071e1c17c, pid=5379, tid=0x00007fb0b56b3700
#
# JRE version: OpenJDK Runtime Environment (8.0_242-b08) (build 1.8.0_242-8u242-b08-0ubuntu3~18.04-b08)
# Java VM: OpenJDK 64-Bit Server VM (25.242-b08 mixed mode linux-amd64 compressed oops)
# Problematic frame:
# C  [mca_gds_ds21.so+0x217c]  pmix_gds_ds21_lock_init+0x13c
#
# Failed to write core dump. Core dumps have been disabled. To enable core dumping, try "ulimit -c unlimited" before starting Java again
#
# If you would like to submit a bug report, please visit:
#   http://bugreport.java.com/bugreport/crash.jsp
# The crash happened outside the Java Virtual Machine in native code.
# See problematic frame for where to report the bug.
#

---------------  T H R E A D  ---------------

Current thread (0x00007fb0ac00b800):  JavaThread "main" [_thread_in_native, id=5451, stack(0x00007fb0b55b4000,0x00007fb0b56b4000)]

siginfo: si_signo: 11 (SIGSEGV), si_code: 1 (SEGV_MAPERR), si_addr: 0x00007fb0b0012008

Registers:
RAX=0x00007fb0ac27c620, RBX=0x00007fb0ac27c590, RCX=0x00007fb07224119e, RDX=0x00007ffc3b7eacb3
RSP=0x00007fb0b56b16a0, RBP=0x00007fb0ac27c540, RSI=0x0000000000085000, RDI=0x0000000000000000
R8 =0x000000000000001e, R9 =0x0000000000000000, R10=0x0000000000000001, R11=0x0000000000000000
R12=0x00007fb0b0012000, R13=0x00007fb0ac27c198, R14=0x0000000000001000, R15=0x00007fb07201e240
RIP=0x00007fb071e1c17c, EFLAGS=0x0000000000010202, CSGSFS=0x002b000000000033, ERR=0x0000000000000004
  TRAPNO=0x000000000000000e

Top of Stack: (sp=0x00007fb0b56b16a0)
0x00007fb0b56b16a0:   00007fb0ac27c210 00007fb0ac27c4f0
0x00007fb0b56b16b0:   00007ffc3b7eacb3 0000000000085000
0x00007fb0b56b16c0:   0000000000001000 00000000000003e8
0x00007fb0b56b16d0:   00007fb0ac27c598 00007fb0b4f322ed
0x00007fb0b56b16e0:   00007fb0ac27c1e0 42946ea7f051b300
0x00007fb0b56b16f0:   0000000000000000 00007fb0ac27bec0
0x00007fb0b56b1700:   0000000000000000 00007ffc3b7eacb3
0x00007fb0b56b1710:   0000000000000000 00007fb0ac27c170
0x00007fb0b56b1720:   00007fb0ac27c130 00007fb07223bcd9
0x00007fb0b56b1730:   00007fb071e1ccdb 00007fb0b56b17c0
0x00007fb0b56b1740:   00007fb0733ce8d3 0000001500000040
0x00007fb0b56b1750:   00007fb0ac277810 42946ea7f051b300
0x00007fb0b56b1760:   00007fb0735f40a0 00007fb0ac277320
0x00007fb0b56b1770:   00007fb0735f7fd0 00007fb07201e2d4
0x00007fb0b56b1780:   00007fb0735f40a0 00007fb07201e180
0x00007fb0b56b1790:   00007fb0ac27be70 00007fb071e1bf04
0x00007fb0b56b17a0:   00007fb0735f7fd0 00007fb0733b61a6
0x00007fb0b56b17b0:   00007fb0735f4100 00007fb0735f7fc0
0x00007fb0b56b17c0:   00007fb0b56b17e4 00007fb0b56b17e8
0x00007fb0b56b17d0:   0000000000000000 0000000000000000
0x00007fb0b56b17e0:   0000001e735f3520 00007fb07201e180
0x00007fb0b56b17f0:   0000000000000000 42946ea7f051b300
0x00007fb0b56b1800:   00007fb0735f40a0 0000000000000000
0x00007fb0b56b1810:   0000000000000000 00007fb0ac206820
0x00007fb0b56b1820:   00007fb0735f3520 00007fb073320760
0x00007fb0b56b1830:   0000000000000000 00007fb0733695a9
0x00007fb0b56b1840:   00007fb0ac22f480 00007fb0735f37d8
0x00007fb0b56b1850:   2d69706d6e65706f 000072657473616d
0x00007fb0b56b1860:   0000000003741ab1 00007fb0732acf86
0x00007fb0b56b1870:   00007fb0732a9118 00007fb0732a4afc
0x00007fb0b56b1880:   00007fb0732ac67a 0000000100000000
0x00007fb0b56b1890:   00007fb0b56b1990 42946ea7f051b300 

Instructions: (pc=0x00007fb071e1c17c)
0x00007fb071e1c15c:   ff ff 48 85 c0 48 89 43 30 0f 84 b3 01 00 00 4c
0x00007fb071e1c16c:   8b 60 18 49 8b 34 24 49 39 f6 0f 82 e4 02 00 00
0x00007fb071e1c17c:   41 8b 44 24 08 4c 89 e2 31 c9 48 8d 7c 24 40 be
0x00007fb071e1c18c:   01 00 00 00 89 43 40 49 03 54 24 18 85 c0 48 89 

Register to memory mapping:

RAX=0x00007fb0ac27c620 is an unknown value
RBX=0x00007fb0ac27c590 is an unknown value
RCX=0x00007fb07224119e: pmix_common_dstor_attach_new_lock_seg+0x1e in /usr/local/lib/libmca_common_dstore.so.1 at 0x00007fb072231000
RDX=0x00007ffc3b7eacb3 is an unknown value
RSP=0x00007fb0b56b16a0 is pointing into the stack for thread: 0x00007fb0ac00b800
RBP=0x00007fb0ac27c540 is an unknown value
RSI=0x0000000000085000 is an unknown value
RDI=0x0000000000000000 is an unknown value
R8 =0x000000000000001e is an unknown value
R9 =0x0000000000000000 is an unknown value
R10=0x0000000000000001 is an unknown value
R11=0x0000000000000000 is an unknown value
R12=0x00007fb0b0012000 is an unknown value
R13=0x00007fb0ac27c198 is an unknown value
R14=0x0000000000001000 is an unknown value
R15=0x00007fb07201e240: lock_item_t_class+0 in /usr/local/lib/pmix/mca_gds_ds21.so at 0x00007fb071e1a000


Stack: [0x00007fb0b55b4000,0x00007fb0b56b4000],  sp=0x00007fb0b56b16a0,  free space=1013k
Native frames: (J=compiled Java code, j=interpreted, Vv=VM code, C=native code)
C  [mca_gds_ds21.so+0x217c]  pmix_gds_ds21_lock_init+0x13c

Java frames: (J=compiled Java code, j=interpreted, Vv=VM code)
j  mpi.MPI.Init_jni([Ljava/lang/String;)[Ljava/lang/String;+0
j  mpi.MPI.Init([Ljava/lang/String;)[Ljava/lang/String;+17
j  Client.main([Ljava/lang/String;)V+1
v  ~StubRoutines::call_stub

---------------  P R O C E S S  ---------------

Java Threads: ( => current thread )
  0x00007fb088001000 JavaThread "SIGTERM handler" daemon [_thread_blocked, id=6158, stack(0x00007fb09c1e9000,0x00007fb09c2ea000)]
  0x00007fb0ac0b7800 JavaThread "Service Thread" daemon [_thread_blocked, id=5905, stack(0x00007fb0b05de000,0x00007fb0b06df000)]
  0x00007fb0ac0b4800 JavaThread "C1 CompilerThread1" daemon [_thread_blocked, id=5903, stack(0x00007fb0b06e0000,0x00007fb0b07e0000)]
  0x00007fb0ac0b2000 JavaThread "C2 CompilerThread0" daemon [_thread_blocked, id=5901, stack(0x00007fb0b07e1000,0x00007fb0b08e1000)]
  0x00007fb0ac07e000 JavaThread "Finalizer" daemon [_thread_blocked, id=5684, stack(0x00007fb0b0d21000,0x00007fb0b0e22000)]
  0x00007fb0ac079800 JavaThread "Reference Handler" daemon [_thread_blocked, id=5674, stack(0x00007fb0b0e22000,0x00007fb0b0f23000)]
=>0x00007fb0ac00b800 JavaThread "main" [_thread_in_native, id=5451, stack(0x00007fb0b55b4000,0x00007fb0b56b4000)]

Other Threads:
  0x00007fb0ac06f800 VMThread [stack: 0x00007fb0b0f24000,0x00007fb0b1024000] [id=5632]

VM state:at safepoint (shutting down)

VM Mutex/Monitor currently owned by a thread:  ([mutex/lock_event])
[0x00007fb0ac007f60] Threads_lock - owner thread: 0x00007fb0ac06f800

heap address: 0x00000000f0800000, size: 248 MB, Compressed Oops mode: 32-bit
Narrow klass base: 0x0000000000000000, Narrow klass shift: 3
Compressed class space size: 1073741824 Address: 0x0000000100000000

Heap:
 def new generation   total 4928K, used 1618K [0x00000000f0800000, 0x00000000f0d50000, 0x00000000f5aa0000)
  eden space 4416K,  36% used [0x00000000f0800000, 0x00000000f0994988, 0x00000000f0c50000)
  from space 512K,   0% used [0x00000000f0c50000, 0x00000000f0c50000, 0x00000000f0cd0000)
  to   space 512K,   0% used [0x00000000f0cd0000, 0x00000000f0cd0000, 0x00000000f0d50000)
 tenured generation   total 10944K, used 0K [0x00000000f5aa0000, 0x00000000f6550000, 0x0000000100000000)
   the space 10944K,   0% used [0x00000000f5aa0000, 0x00000000f5aa0000, 0x00000000f5aa0200, 0x00000000f6550000)
 Metaspace       used 3135K, capacity 4792K, committed 5120K, reserved 1056768K
  class space    used 315K, capacity 424K, committed 512K, reserved 1048576K

Card table byte_map: [0x00007fb0b5536000,0x00007fb0b55b3000] byte_map_base: 0x00007fb0b4db2000

Polling page: 0x00007fb0b56bf000

CodeCache: size=245760Kb used=1271Kb max_used=1271Kb free=244488Kb
 bounds [0x00007fb09d000000, 0x00007fb09d270000, 0x00007fb0ac000000]
 total_blobs=378 nmethods=74 adapters=220
 compilation: enabled

Compilation events (10 events):
Event: 10.285 Thread 0x00007fb0ac0b4800   70       3       java.util.Arrays::copyOf (19 bytes)
Event: 10.285 Thread 0x00007fb0ac0b4800 nmethod 70 0x00007fb09d13c790 code [0x00007fb09d13c920, 0x00007fb09d13cc48]
Event: 10.285 Thread 0x00007fb0ac0b4800   71       1       java.lang.String::length (6 bytes)
Event: 10.285 Thread 0x00007fb0ac0b4800 nmethod 71 0x00007fb09d13cd50 code [0x00007fb09d13cea0, 0x00007fb09d13cfb0]
Event: 10.285 Thread 0x00007fb0ac0b4800   72       3       java.lang.Character::toLowerCase (6 bytes)
Event: 10.285 Thread 0x00007fb0ac0b4800 nmethod 72 0x00007fb09d13d050 code [0x00007fb09d13d1e0, 0x00007fb09d13d478]
Event: 10.285 Thread 0x00007fb0ac0b4800   73       3       java.lang.Character::toLowerCase (9 bytes)
Event: 10.285 Thread 0x00007fb0ac0b4800 nmethod 73 0x00007fb09d13d590 code [0x00007fb09d13d700, 0x00007fb09d13d938]
Event: 10.285 Thread 0x00007fb0ac0b4800   74       3       java.lang.CharacterDataLatin1::toLowerCase (39 bytes)
Event: 10.285 Thread 0x00007fb0ac0b4800 nmethod 74 0x00007fb09d13da10 code [0x00007fb09d13db80, 0x00007fb09d13ddf0]

GC Heap History (0 events):
No events

Deoptimization events (0 events):
No events

Classes redefined (0 events):
No events

Internal exceptions (5 events):
Event: 0.803 Thread 0x00007fb0ac00b800 Exception <a 'java/lang/NoSuchMethodError': Method sun.misc.Unsafe.defineClass(Ljava/lang/String;[BII)Ljava/lang/Class; name or signature does not match> (0x00000000f0807cc8) thrown at [/build/openjdk-8-58sEEn/openjdk-8-8u242-b08/src/hotspot/src/share/vm/
Event: 0.803 Thread 0x00007fb0ac00b800 Exception <a 'java/lang/NoSuchMethodError': Method sun.misc.Unsafe.prefetchRead(Ljava/lang/Object;J)V name or signature does not match> (0x00000000f0807fb0) thrown at [/build/openjdk-8-58sEEn/openjdk-8-8u242-b08/src/hotspot/src/share/vm/prims/jni.cpp, lin
Event: 8.762 Thread 0x00007fb0ac00b800 Exception <a 'java/util/zip/ZipException'> (0x00000000f085dec8) thrown at [/build/openjdk-8-58sEEn/openjdk-8-8u242-b08/src/hotspot/src/share/vm/prims/jni.cpp, line 710]
Event: 8.762 Thread 0x00007fb0ac00b800 Exception <a 'java/security/PrivilegedActionException'> (0x00000000f085e168) thrown at [/build/openjdk-8-58sEEn/openjdk-8-8u242-b08/src/hotspot/src/share/vm/prims/jvm.cpp, line 1502]
Event: 8.762 Thread 0x00007fb0ac00b800 Exception <a 'java/security/PrivilegedActionException'> (0x00000000f085e378) thrown at [/build/openjdk-8-58sEEn/openjdk-8-8u242-b08/src/hotspot/src/share/vm/prims/jvm.cpp, line 1502]

Events (10 events):
Event: 10.239 loading class sun/misc/Signal$1 done
Event: 10.284 loading class mpi/Version
Event: 10.284 loading class mpi/Version done
Event: 10.297 Thread 0x00007fb088001000 Thread added: 0x00007fb088001000
Event: 10.297 loading class java/lang/Shutdown
Event: 10.297 loading class java/lang/Shutdown done
Event: 10.297 loading class java/lang/Shutdown$Lock
Event: 10.297 loading class java/lang/Shutdown$Lock done
Event: 10.322 Thread 0x00007fb0ac0b0800 Thread exited: 0x00007fb0ac0b0800
Event: 10.323 Executing VM operation: Exit


Dynamic libraries:
f0800000-f0d50000 rw-p 00000000 00:00 0 
f0d50000-f5aa0000 ---p 00000000 00:00 0 
f5aa0000-f6550000 rw-p 00000000 00:00 0 
f6550000-100000000 ---p 00000000 00:00 0 
100000000-100080000 rw-p 00000000 00:00 0 
100080000-140000000 ---p 00000000 00:00 0 
55fd4db98000-55fd4db99000 r-xp 00000000 fc:01 1302575                    /usr/lib/jvm/java-8-openjdk-amd64/jre/bin/java
55fd4dd98000-55fd4dd99000 r--p 00000000 fc:01 1302575                    /usr/lib/jvm/java-8-openjdk-amd64/jre/bin/java
55fd4dd99000-55fd4dd9a000 rw-p 00001000 fc:01 1302575                    /usr/lib/jvm/java-8-openjdk-amd64/jre/bin/java
55fd4f001000-55fd4f022000 rw-p 00000000 00:00 0                          [heap]
7fb071c17000-7fb071c19000 r-xp 00000000 fc:01 782288                     /usr/local/lib/pmix/mca_pshmem_mmap.so
7fb071c19000-7fb071e18000 ---p 00002000 fc:01 782288                     /usr/local/lib/pmix/mca_pshmem_mmap.so
7fb071e18000-7fb071e19000 r--p 00001000 fc:01 782288                     /usr/local/lib/pmix/mca_pshmem_mmap.so
7fb071e19000-7fb071e1a000 rw-p 00002000 fc:01 782288                     /usr/local/lib/pmix/mca_pshmem_mmap.so
7fb071e1a000-7fb071e1e000 r-xp 00000000 fc:01 782262                     /usr/local/lib/pmix/mca_gds_ds21.so
7fb071e1e000-7fb07201d000 ---p 00004000 fc:01 782262                     /usr/local/lib/pmix/mca_gds_ds21.so
7fb07201d000-7fb07201e000 r--p 00003000 fc:01 782262                     /usr/local/lib/pmix/mca_gds_ds21.so
7fb07201e000-7fb07201f000 rw-p 00004000 fc:01 782262                     /usr/local/lib/pmix/mca_gds_ds21.so
7fb07201f000-7fb07202f000 r-xp 00000000 fc:01 782264                     /usr/local/lib/pmix/mca_gds_hash.so
7fb07202f000-7fb07222f000 ---p 00010000 fc:01 782264                     /usr/local/lib/pmix/mca_gds_hash.so
7fb07222f000-7fb072230000 r--p 00010000 fc:01 782264                     /usr/local/lib/pmix/mca_gds_hash.so
7fb072230000-7fb072231000 rw-p 00011000 fc:01 782264                     /usr/local/lib/pmix/mca_gds_hash.so
7fb072231000-7fb072243000 r-xp 00000000 fc:01 29681                      /usr/local/lib/libmca_common_dstore.so.1.0.0
7fb072243000-7fb072442000 ---p 00012000 fc:01 29681                      /usr/local/lib/libmca_common_dstore.so.1.0.0
7fb072442000-7fb072443000 r--p 00011000 fc:01 29681                      /usr/local/lib/libmca_common_dstore.so.1.0.0
7fb072443000-7fb072444000 rw-p 00012000 fc:01 29681                      /usr/local/lib/libmca_common_dstore.so.1.0.0
7fb072444000-7fb072448000 r-xp 00000000 fc:01 782260                     /usr/local/lib/pmix/mca_gds_ds12.so
7fb072448000-7fb072647000 ---p 00004000 fc:01 782260                     /usr/local/lib/pmix/mca_gds_ds12.so
7fb072647000-7fb072648000 r--p 00003000 fc:01 782260                     /usr/local/lib/pmix/mca_gds_ds12.so
7fb072648000-7fb072649000 rw-p 00004000 fc:01 782260                     /usr/local/lib/pmix/mca_gds_ds12.so
7fb072649000-7fb072651000 r-xp 00000000 fc:01 782292                     /usr/local/lib/pmix/mca_ptl_usock.so
7fb072651000-7fb072850000 ---p 00008000 fc:01 782292                     /usr/local/lib/pmix/mca_ptl_usock.so
7fb072850000-7fb072851000 r--p 00007000 fc:01 782292                     /usr/local/lib/pmix/mca_ptl_usock.so
7fb072851000-7fb072852000 rw-p 00008000 fc:01 782292                     /usr/local/lib/pmix/mca_ptl_usock.so
7fb072852000-7fb072864000 r-xp 00000000 fc:01 782290                     /usr/local/lib/pmix/mca_ptl_tcp.so
7fb072864000-7fb072a63000 ---p 00012000 fc:01 782290                     /usr/local/lib/pmix/mca_ptl_tcp.so
7fb072a63000-7fb072a64000 r--p 00011000 fc:01 782290                     /usr/local/lib/pmix/mca_ptl_tcp.so
7fb072a64000-7fb072a65000 rw-p 00012000 fc:01 782290                     /usr/local/lib/pmix/mca_ptl_tcp.so
7fb072a65000-7fb072a77000 r-xp 00000000 fc:01 782252                     /usr/local/lib/pmix/mca_bfrops_v12.so
7fb072a77000-7fb072c76000 ---p 00012000 fc:01 782252                     /usr/local/lib/pmix/mca_bfrops_v12.so
7fb072c76000-7fb072c77000 r--p 00011000 fc:01 782252                     /usr/local/lib/pmix/mca_bfrops_v12.so
7fb072c77000-7fb072c78000 rw-p 00012000 fc:01 782252                     /usr/local/lib/pmix/mca_bfrops_v12.so
7fb072c78000-7fb072c91000 r-xp 00000000 fc:01 782254                     /usr/local/lib/pmix/mca_bfrops_v20.so
7fb072c91000-7fb072e90000 ---p 00019000 fc:01 782254                     /usr/local/lib/pmix/mca_bfrops_v20.so
7fb072e90000-7fb072e91000 r--p 00018000 fc:01 782254                     /usr/local/lib/pmix/mca_bfrops_v20.so
7fb072e91000-7fb072e92000 rw-p 00019000 fc:01 782254                     /usr/local/lib/pmix/mca_bfrops_v20.so
7fb072e92000-7fb072e9a000 r-xp 00000000 fc:01 782258                     /usr/local/lib/pmix/mca_bfrops_v3.so
7fb072e9a000-7fb073099000 ---p 00008000 fc:01 782258                     /usr/local/lib/pmix/mca_bfrops_v3.so
7fb073099000-7fb07309a000 r--p 00007000 fc:01 782258                     /usr/local/lib/pmix/mca_bfrops_v3.so
7fb07309a000-7fb07309b000 rw-p 00008000 fc:01 782258                     /usr/local/lib/pmix/mca_bfrops_v3.so
7fb07309b000-7fb0730a2000 r-xp 00000000 fc:01 782256                     /usr/local/lib/pmix/mca_bfrops_v21.so
7fb0730a2000-7fb0732a2000 ---p 00007000 fc:01 782256                     /usr/local/lib/pmix/mca_bfrops_v21.so
7fb0732a2000-7fb0732a3000 r--p 00007000 fc:01 782256                     /usr/local/lib/pmix/mca_bfrops_v21.so
7fb0732a3000-7fb0732a4000 rw-p 00008000 fc:01 782256                     /usr/local/lib/pmix/mca_bfrops_v21.so
7fb0732a4000-7fb0733f0000 r-xp 00000000 fc:01 782295                     /usr/local/lib/openmpi/mca_pmix_pmix3x.so
7fb0733f0000-7fb0735f0000 ---p 0014c000 fc:01 782295                     /usr/local/lib/openmpi/mca_pmix_pmix3x.so
7fb0735f0000-7fb0735f1000 r--p 0014c000 fc:01 782295                     /usr/local/lib/openmpi/mca_pmix_pmix3x.so
7fb0735f1000-7fb0735f6000 rw-p 0014d000 fc:01 782295                     /usr/local/lib/openmpi/mca_pmix_pmix3x.so
7fb0735f6000-7fb0735f9000 rw-p 00000000 00:00 0 
7fb0735fc000-7fb0735fe000 r-xp 00000000 fc:01 782278                     /usr/local/lib/pmix/mca_psec_native.so
7fb0735fe000-7fb0737fd000 ---p 00002000 fc:01 782278                     /usr/local/lib/pmix/mca_psec_native.so
7fb0737fd000-7fb0737fe000 r--p 00001000 fc:01 782278                     /usr/local/lib/pmix/mca_psec_native.so
7fb0737fe000-7fb0737ff000 rw-p 00002000 fc:01 782278                     /usr/local/lib/pmix/mca_psec_native.so
7fb0737ff000-7fb073800000 ---p 00000000 00:00 0 
7fb073800000-7fb074000000 rw-p 00000000 00:00 0 
7fb074000000-7fb074021000 rw-p 00000000 00:00 0 
7fb074021000-7fb078000000 ---p 00000000 00:00 0 
7fb078000000-7fb078021000 rw-p 00000000 00:00 0 
7fb078021000-7fb07c000000 ---p 00000000 00:00 0 
7fb07c1e1000-7fb07c1e5000 r-xp 00000000 fc:01 782352                     /usr/local/lib/openmpi/mca_ess_pmi.so
7fb07c1e5000-7fb07c3e4000 ---p 00004000 fc:01 782352                     /usr/local/lib/openmpi/mca_ess_pmi.so
7fb07c3e4000-7fb07c3e5000 r--p 00003000 fc:01 782352                     /usr/local/lib/openmpi/mca_ess_pmi.so
7fb07c3e5000-7fb07c3e6000 rw-p 00004000 fc:01 782352                     /usr/local/lib/openmpi/mca_ess_pmi.so
7fb07c3e6000-7fb07c3e7000 r-xp 00000000 fc:01 782435                     /usr/local/lib/openmpi/mca_schizo_orte.so
7fb07c3e7000-7fb07c5e6000 ---p 00001000 fc:01 782435                     /usr/local/lib/openmpi/mca_schizo_orte.so
7fb07c5e6000-7fb07c5e7000 r--p 00000000 fc:01 782435                     /usr/local/lib/openmpi/mca_schizo_orte.so
7fb07c5e7000-7fb07c5e8000 rw-p 00001000 fc:01 782435                     /usr/local/lib/openmpi/mca_schizo_orte.so
7fb07c5e8000-7fb07c5ea000 r-xp 00000000 fc:01 782437                     /usr/local/lib/openmpi/mca_schizo_slurm.so
7fb07c5ea000-7fb07c7e9000 ---p 00002000 fc:01 782437                     /usr/local/lib/openmpi/mca_schizo_slurm.so
7fb07c7e9000-7fb07c7ea000 r--p 00001000 fc:01 782437                     /usr/local/lib/openmpi/mca_schizo_slurm.so
7fb07c7ea000-7fb07c7eb000 rw-p 00002000 fc:01 782437                     /usr/local/lib/openmpi/mca_schizo_slurm.so
7fb07c7eb000-7fb07c7f3000 r-xp 00000000 fc:01 782433                     /usr/local/lib/openmpi/mca_schizo_ompi.so
7fb07c7f3000-7fb07c9f2000 ---p 00008000 fc:01 782433                     /usr/local/lib/openmpi/mca_schizo_ompi.so
7fb07c9f2000-7fb07c9f3000 r--p 00007000 fc:01 782433                     /usr/local/lib/openmpi/mca_schizo_ompi.so
7fb07c9f3000-7fb07c9f5000 rw-p 00008000 fc:01 782433                     /usr/local/lib/openmpi/mca_schizo_ompi.so
7fb07c9f5000-7fb07c9f6000 r-xp 00000000 fc:01 782431                     /usr/local/lib/openmpi/mca_schizo_flux.so
7fb07c9f6000-7fb07cbf6000 ---p 00001000 fc:01 782431                     /usr/local/lib/openmpi/mca_schizo_flux.so
7fb07cbf6000-7fb07cbf7000 r--p 00001000 fc:01 782431                     /usr/local/lib/openmpi/mca_schizo_flux.so
7fb07cbf7000-7fb07cbf8000 rw-p 00002000 fc:01 782431                     /usr/local/lib/openmpi/mca_schizo_flux.so
7fb07cbf8000-7fb07cbfa000 r-xp 00000000 fc:01 782301                     /usr/local/lib/openmpi/mca_reachable_weighted.so
7fb07cbfa000-7fb07cdf9000 ---p 00002000 fc:01 782301                     /usr/local/lib/openmpi/mca_reachable_weighted.so
7fb07cdf9000-7fb07cdfa000 r--p 00001000 fc:01 782301                     /usr/local/lib/openmpi/mca_reachable_weighted.so
7fb07cdfa000-7fb07cdfb000 rw-p 00002000 fc:01 782301                     /usr/local/lib/openmpi/mca_reachable_weighted.so
7fb07cdfb000-7fb07cdfe000 r-xp 00000000 fc:01 782304                     /usr/local/lib/openmpi/mca_shmem_mmap.so
7fb07cdfe000-7fb07cffd000 ---p 00003000 fc:01 782304                     /usr/local/lib/openmpi/mca_shmem_mmap.so
7fb07cffd000-7fb07cffe000 r--p 00002000 fc:01 782304                     /usr/local/lib/openmpi/mca_shmem_mmap.so
7fb07cffe000-7fb07cfff000 rw-p 00003000 fc:01 782304                     /usr/local/lib/openmpi/mca_shmem_mmap.so
7fb07cfff000-7fb080000000 rw-p 00000000 00:00 0 
7fb080000000-7fb08019c000 rw-p 00000000 00:00 0 
7fb08019c000-7fb084000000 ---p 00000000 00:00 0 
7fb084000000-7fb084021000 rw-p 00000000 00:00 0