#
# There is insufficient memory for the Java Runtime Environment to continue.
# Native memory allocation (mmap) failed to map 5570560 bytes for committing reserved memory.
# Possible reasons:
#   The system is out of physical RAM or swap space
#   The process is running with CompressedOops enabled, and the Java Heap may be blocking the growth of the native heap
# Possible solutions:
#   Reduce memory load on the system
#   Increase physical memory or swap space
#   Check if swap backing store is full
#   Decrease Java heap size (-Xmx/-Xms)
#   Decrease number of Java threads
#   Decrease Java thread stack sizes (-Xss)
#   Set larger code cache with -XX:ReservedCodeCacheSize=
# This output file may be truncated or incomplete.
#
#  Out of Memory Error (os_linux.cpp:2757), pid=31817, tid=0x00007fccfbd5e700
#
# JRE version:  (8.0_242-b08) (build )
# Java VM: OpenJDK 64-Bit Server VM (25.242-b08 mixed mode linux-amd64 compressed oops)
# Failed to write core dump. Core dumps have been disabled. To enable core dumping, try "ulimit -c unlimited" before starting Java again
#

---------------  T H R E A D  ---------------

Current thread (0x00007fccf400b800):  JavaThread "Unknown thread" [_thread_in_vm, id=31895, stack(0x00007fccfbc5f000,0x00007fccfbd5f000)]

Stack: [0x00007fccfbc5f000,0x00007fccfbd5f000],  sp=0x00007fccfbd5d570,  free space=1017k
Native frames: (J=compiled Java code, j=interpreted, Vv=VM code, C=native code)
V  [libjvm.so+0xabba52]
V  [libjvm.so+0x4de2e7]
V  [libjvm.so+0x8f59f0]
V  [libjvm.so+0x8ecabe]
V  [libjvm.so+0xab7c9c]
V  [libjvm.so+0x5e6d96]
V  [libjvm.so+0x4e842f]
V  [libjvm.so+0x5e87bd]
V  [libjvm.so+0x5d28ff]
V  [libjvm.so+0xa7de5a]
V  [libjvm.so+0xa7e155]
V  [libjvm.so+0x62b7bf]
V  [libjvm.so+0xa61b23]
V  [libjvm.so+0x6aeb11]  JNI_CreateJavaVM+0x61
C  [libjli.so+0x2ce3]
C  [libjli.so+0x78cd]
C  [libpthread.so.0+0x76db]  start_thread+0xdb


---------------  P R O C E S S  ---------------

Java Threads: ( => current thread )

Other Threads:

=>0x00007fccf400b800 (exited) JavaThread "Unknown thread" [_thread_in_vm, id=31895, stack(0x00007fccfbc5f000,0x00007fccfbd5f000)]

VM state:not at safepoint (not fully initialized)

VM Mutex/Monitor currently owned by a thread: None

heap address: 0x00000000f0800000, size: 248 MB, Compressed Oops mode: Non-zero based:0x00000000f07ff000
Narrow klass base: 0x0000000000000000, Narrow klass shift: 0

GC Heap History (0 events):
No events

Deoptimization events (0 events):
No events

Classes redefined (0 events):
No events

Internal exceptions (0 events):
No events

Events (0 events):
No events


Dynamic libraries:
f0d50000-100000000 ---p 00000000 00:00 0 
55c9d1d87000-55c9d1d88000 r-xp 00000000 fc:01 2076260                    /usr/lib/jvm/java-8-openjdk-amd64/jre/bin/java
55c9d1f87000-55c9d1f88000 r--p 00000000 fc:01 2076260                    /usr/lib/jvm/java-8-openjdk-amd64/jre/bin/java
55c9d1f88000-55c9d1f89000 rw-p 00001000 fc:01 2076260                    /usr/lib/jvm/java-8-openjdk-amd64/jre/bin/java
55c9d2c67000-55c9d2c88000 rw-p 00000000 00:00 0                          [heap]
7fcce5000000-7fcce5270000 rwxp 00000000 00:00 0 
7fcce5270000-7fccf4000000 ---p 00000000 00:00 0 
7fccf4000000-7fccf4032000 rw-p 00000000 00:00 0 
7fccf4032000-7fccf8000000 ---p 00000000 00:00 0 
7fccf81e6000-7fccf81f0000 rw-p 00000000 00:00 0 
7fccf81f0000-7fccf85a6000 ---p 00000000 00:00 0 
7fccf85a6000-7fccf85ae000 r-xp 00000000 fc:01 2076306                    /usr/lib/jvm/java-8-openjdk-amd64/jre/lib/amd64/libzip.so
7fccf85ae000-7fccf87ad000 ---p 00008000 fc:01 2076306                    /usr/lib/jvm/java-8-openjdk-amd64/jre/lib/amd64/libzip.so
7fccf87ad000-7fccf87ae000 r--p 00007000 fc:01 2076306                    /usr/lib/jvm/java-8-openjdk-amd64/jre/lib/amd64/libzip.so
7fccf87ae000-7fccf87af000 rw-p 00008000 fc:01 2076306                    /usr/lib/jvm/java-8-openjdk-amd64/jre/lib/amd64/libzip.so
7fccf87af000-7fccf87ba000 r-xp 00000000 fc:01 2093                       /lib/x86_64-linux-gnu/libnss_files-2.27.so
7fccf87ba000-7fccf89b9000 ---p 0000b000 fc:01 2093                       /lib/x86_64-linux-gnu/libnss_files-2.27.so
7fccf89b9000-7fccf89ba000 r--p 0000a000 fc:01 2093                       /lib/x86_64-linux-gnu/libnss_files-2.27.so
7fccf89ba000-7fccf89bb000 rw-p 0000b000 fc:01 2093                       /lib/x86_64-linux-gnu/libnss_files-2.27.so
7fccf89bb000-7fccf89c1000 rw-p 00000000 00:00 0 
7fccf89c1000-7fccf89d8000 r-xp 00000000 fc:01 2090                       /lib/x86_64-linux-gnu/libnsl-2.27.so
7fccf89d8000-7fccf8bd7000 ---p 00017000 fc:01 2090                       /lib/x86_64-linux-gnu/libnsl-2.27.so
7fccf8bd7000-7fccf8bd8000 r--p 00016000 fc:01 2090                       /lib/x86_64-linux-gnu/libnsl-2.27.so
7fccf8bd8000-7fccf8bd9000 rw-p 00017000 fc:01 2090                       /lib/x86_64-linux-gnu/libnsl-2.27.so
7fccf8bd9000-7fccf8bdb000 rw-p 00000000 00:00 0 
7fccf8bdb000-7fccf8be6000 r-xp 00000000 fc:01 2095                       /lib/x86_64-linux-gnu/libnss_nis-2.27.so
7fccf8be6000-7fccf8de5000 ---p 0000b000 fc:01 2095                       /lib/x86_64-linux-gnu/libnss_nis-2.27.so
7fccf8de5000-7fccf8de6000 r--p 0000a000 fc:01 2095                       /lib/x86_64-linux-gnu/libnss_nis-2.27.so
7fccf8de6000-7fccf8de7000 rw-p 0000b000 fc:01 2095                       /lib/x86_64-linux-gnu/libnss_nis-2.27.so
7fccf8de7000-7fccf8def000 r-xp 00000000 fc:01 2091                       /lib/x86_64-linux-gnu/libnss_compat-2.27.so
7fccf8def000-7fccf8fef000 ---p 00008000 fc:01 2091                       /lib/x86_64-linux-gnu/libnss_compat-2.27.so
7fccf8fef000-7fccf8ff0000 r--p 00008000 fc:01 2091                       /lib/x86_64-linux-gnu/libnss_compat-2.27.so
7fccf8ff0000-7fccf8ff1000 rw-p 00009000 fc:01 2091                       /lib/x86_64-linux-gnu/libnss_compat-2.27.so
7fccf8ff1000-7fccf901b000 r-xp 00000000 fc:01 2076287                    /usr/lib/jvm/java-8-openjdk-amd64/jre/lib/amd64/libjava.so
7fccf901b000-7fccf921a000 ---p 0002a000 fc:01 2076287                    /usr/lib/jvm/java-8-openjdk-amd64/jre/lib/amd64/libjava.so
7fccf921a000-7fccf921b000 r--p 00029000 fc:01 2076287                    /usr/lib/jvm/java-8-openjdk-amd64/jre/lib/amd64/libjava.so
7fccf921b000-7fccf921d000 rw-p 0002a000 fc:01 2076287                    /usr/lib/jvm/java-8-openjdk-amd64/jre/lib/amd64/libjava.so
7fccf921d000-7fccf922d000 r-xp 00000000 fc:01 2076305                    /usr/lib/jvm/java-8-openjdk-amd64/jre/lib/amd64/libverify.so
7fccf922d000-7fccf942c000 ---p 00010000 fc:01 2076305                    /usr/lib/jvm/java-8-openjdk-amd64/jre/lib/amd64/libverify.so
7fccf942c000-7fccf942e000 r--p 0000f000 fc:01 2076305                    /usr/lib/jvm/java-8-openjdk-amd64/jre/lib/amd64/libverify.so
7fccf942e000-7fccf942f000 rw-p 00011000 fc:01 2076305                    /usr/lib/jvm/java-8-openjdk-amd64/jre/lib/amd64/libverify.so
7fccf942f000-7fccf9436000 r-xp 00000000 fc:01 2180                       /lib/x86_64-linux-gnu/librt-2.27.so
7fccf9436000-7fccf9635000 ---p 00007000 fc:01 2180                       /lib/x86_64-linux-gnu/librt-2.27.so
7fccf9635000-7fccf9636000 r--p 00006000 fc:01 2180                       /lib/x86_64-linux-gnu/librt-2.27.so
7fccf9636000-7fccf9637000 rw-p 00007000 fc:01 2180                       /lib/x86_64-linux-gnu/librt-2.27.so
7fccf9637000-7fccf964e000 r-xp 00000000 fc:01 29118                      /lib/x86_64-linux-gnu/libgcc_s.so.1
7fccf964e000-7fccf984d000 ---p 00017000 fc:01 29118                      /lib/x86_64-linux-gnu/libgcc_s.so.1
7fccf984d000-7fccf984e000 r--p 00016000 fc:01 29118                      /lib/x86_64-linux-gnu/libgcc_s.so.1
7fccf984e000-7fccf984f000 rw-p 00017000 fc:01 29118                      /lib/x86_64-linux-gnu/libgcc_s.so.1
7fccf984f000-7fccf99ec000 r-xp 00000000 fc:01 2087                       /lib/x86_64-linux-gnu/libm-2.27.so
7fccf99ec000-7fccf9beb000 ---p 0019d000 fc:01 2087                       /lib/x86_64-linux-gnu/libm-2.27.so
7fccf9beb000-7fccf9bec000 r--p 0019c000 fc:01 2087                       /lib/x86_64-linux-gnu/libm-2.27.so
7fccf9bec000-7fccf9bed000 rw-p 0019d000 fc:01 2087                       /lib/x86_64-linux-gnu/libm-2.27.so
7fccf9bed000-7fccf9d66000 r-xp 00000000 fc:01 2380                       /usr/lib/x86_64-linux-gnu/libstdc++.so.6.0.25
7fccf9d66000-7fccf9f66000 ---p 00179000 fc:01 2380                       /usr/lib/x86_64-linux-gnu/libstdc++.so.6.0.25
7fccf9f66000-7fccf9f70000 r--p 00179000 fc:01 2380                       /usr/lib/x86_64-linux-gnu/libstdc++.so.6.0.25
7fccf9f70000-7fccf9f72000 rw-p 00183000 fc:01 2380                       /usr/lib/x86_64-linux-gnu/libstdc++.so.6.0.25
7fccf9f72000-7fccf9f76000 rw-p 00000000 00:00 0 
7fccf9f76000-7fccfac19000 r-xp 00000000 fc:01 2076309                    /usr/lib/jvm/java-8-openjdk-amd64/jre/lib/amd64/server/libjvm.so
7fccfac19000-7fccfae19000 ---p 00ca3000 fc:01 2076309                    /usr/lib/jvm/java-8-openjdk-amd64/jre/lib/amd64/server/libjvm.so
7fccfae19000-7fccfaead000 r--p 00ca3000 fc:01 2076309                    /usr/lib/jvm/java-8-openjdk-amd64/jre/lib/amd64/server/libjvm.so
7fccfaead000-7fccfaed6000 rw-p 00d37000 fc:01 2076309                    /usr/lib/jvm/java-8-openjdk-amd64/jre/lib/amd64/server/libjvm.so
7fccfaed6000-7fccfaf06000 rw-p 00000000 00:00 0 
7fccfaf06000-7fccfaf20000 r-xp 00000000 fc:01 2178                       /lib/x86_64-linux-gnu/libpthread-2.27.so
7fccfaf20000-7fccfb11f000 ---p 0001a000 fc:01 2178                       /lib/x86_64-linux-gnu/libpthread-2.27.so
7fccfb11f000-7fccfb120000 r--p 00019000 fc:01 2178                       /lib/x86_64-linux-gnu/libpthread-2.27.so
7fccfb120000-7fccfb121000 rw-p 0001a000 fc:01 2178                       /lib/x86_64-linux-gnu/libpthread-2.27.so
7fccfb121000-7fccfb125000 rw-p 00000000 00:00 0 
7fccfb125000-7fccfb128000 r-xp 00000000 fc:01 2086                       /lib/x86_64-linux-gnu/libdl-2.27.so
7fccfb128000-7fccfb327000 ---p 00003000 fc:01 2086                       /lib/x86_64-linux-gnu/libdl-2.27.so
7fccfb327000-7fccfb328000 r--p 00002000 fc:01 2086                       /lib/x86_64-linux-gnu/libdl-2.27.so
7fccfb328000-7fccfb329000 rw-p 00003000 fc:01 2086                       /lib/x86_64-linux-gnu/libdl-2.27.so
7fccfb329000-7fccfb345000 r-xp 00000000 fc:01 2183                       /lib/x86_64-linux-gnu/libz.so.1.2.11
7fccfb345000-7fccfb544000 ---p 0001c000 fc:01 2183                       /lib/x86_64-linux-gnu/libz.so.1.2.11
7fccfb544000-7fccfb545000 r--p 0001b000 fc:01 2183                       /lib/x86_64-linux-gnu/libz.so.1.2.11
7fccfb545000-7fccfb546000 rw-p 0001c000 fc:01 2183                       /lib/x86_64-linux-gnu/libz.so.1.2.11
7fccfb546000-7fccfb72d000 r-xp 00000000 fc:01 2083                       /lib/x86_64-linux-gnu/libc-2.27.so
7fccfb72d000-7fccfb92d000 ---p 001e7000 fc:01 2083                       /lib/x86_64-linux-gnu/libc-2.27.so
7fccfb92d000-7fccfb931000 r--p 001e7000 fc:01 2083                       /lib/x86_64-linux-gnu/libc-2.27.so
7fccfb931000-7fccfb933000 rw-p 001eb000 fc:01 2083                       /lib/x86_64-linux-gnu/libc-2.27.so
7fccfb933000-7fccfb937000 rw-p 00000000 00:00 0 
7fccfb937000-7fccfb945000 r-xp 00000000 fc:01 2076273                    /usr/lib/jvm/java-8-openjdk-amd64/jre/lib/amd64/jli/libjli.so
7fccfb945000-7fccfbb44000 ---p 0000e000 fc:01 2076273                    /usr/lib/jvm/java-8-openjdk-amd64/jre/lib/amd64/jli/libjli.so
7fccfbb44000-7fccfbb45000 r--p 0000d000 fc:01 2076273                    /usr/lib/jvm/java-8-openjdk-amd64/jre/lib/amd64/jli/libjli.so
7fccfbb45000-7fccfbb46000 rw-p 0000e000 fc:01 2076273                    /usr/lib/jvm/java-8-openjdk-amd64/jre/lib/amd64/jli/libjli.so
7fccfbb46000-7fccfbb6d000 r-xp 00000000 fc:01 2079                       /lib/x86_64-linux-gnu/ld-2.27.so
7fccfbbe1000-7fccfbc5d000 ---p 00000000 00:00 0 
7fccfbc5d000-7fccfbc5e000 rw-p 00000000 00:00 0 
7fccfbc5e000-7fccfbc5f000 ---p 00000000 00:00 0 
7fccfbc5f000-7fccfbc62000 ---p 00000000 00:00 0 
7fccfbc62000-7fccfbd61000 rw-p 00000000 00:00 0 
7fccfbd61000-7fccfbd69000 rw-s 00000000 fc:01 529066                     /tmp/hsperfdata_mpiuser/31817
7fccfbd69000-7fccfbd6a000 rw-p 00000000 00:00 0 
7fccfbd6a000-7fccfbd6b000 r--p 00000000 00:00 0 
7fccfbd6b000-7fccfbd6d000 rw-p 00000000 00:00 0 
7fccfbd6d000-7fccfbd6e000 r--p 00027000 fc:01 2079                       /lib/x86_64-linux-gnu/ld-2.27.so
7fccfbd6e000-7fccfbd6f000 rw-p 00028000 fc:01 2079                       /lib/x86_64-linux-gnu/ld-2.27.so
7fccfbd6f000-7fccfbd70000 rw-p 00000000 00:00 0 
7ffd88524000-7ffd88545000 rw-p 00000000 00:00 0                          [stack]
7ffd885e0000-7ffd885e3000 r--p 00000000 00:00 0                          [vvar]
7ffd885e3000-7ffd885e5000 r-xp 00000000 00:00 0                          [vdso]
ffffffffff600000-ffffffffff601000 r-xp 00000000 00:00 0                  [vsyscall]

VM Arguments:
jvm_args: -Djava.library.path=/usr/local/lib 
java_command: Client 1000000 100 0
java_class_path (initial): /home/mpiuser/cloud/fyp/java_client:./lib/spring-jcl-5.2.5.RELEASE.jar:./lib/jackson-databind-2.10.3.jar:./lib/jackson-databind-2.10.2.jar:./lib/slf4j-simple-1.7.30.jar:./lib/amqp-client-5.8.0.jar:./lib/spring-web-5.2.5.RELEASE.jar:./lib/jackson-annotations-2.10.3.jar:./lib/mpi.jar:./lib/spring-beans-5.2.5.RELEASE.jar:./lib/jackson-annotations-2.10.2.jar:./lib/jackson-core-2.10.2.jar:./lib/jackson-core-2.10.3.jar:./lib/slf4j-api-1.7.29.jar:./lib/spring-core-5.2.5.RELEASE.jar:./lib/slf4j-api-1.7.30.jar:./lib/http-client-3.6.1.RELEASE.jar:/usr/local/lib/mpi.jar
Launcher Type: SUN_STANDARD

Environment Variables:
PATH=/usr/local/sbin:/usr/local/bin:/usr/sbin:/usr/bin:/sbin:/bin:/usr/games:/usr/local/games
SHELL=/bin/bash

Signal Handlers:
SIGSEGV: [libjvm.so+0xabc3b0], sa_mask[0]=11111111011111111101111111111110, sa_flags=SA_RESTART|SA_SIGINFO
SIGBUS: [libjvm.so+0xabc3b0], sa_mask[0]=11111111011111111101111111111110, sa_flags=SA_RESTART|SA_SIGINFO
SIGFPE: [libjvm.so+0x8f0bb0], sa_mask[0]=11111111011111111101111111111110, sa_flags=SA_RESTART|SA_SIGINFO
SIGPIPE: [libjvm.so+0x8f0bb0], sa_mask[0]=11111111011111111101111111111110, sa_flags=SA_RESTART|SA_SIGINFO
SIGXFSZ: [libjvm.so+0x8f0bb0], sa_mask[0]=11111111011111111101111111111110, sa_flags=SA_RESTART|SA_SIGINFO
SIGILL: [libjvm.so+0x8f0bb0], sa_mask[0]=11111111011111111101111111111110, sa_flags=SA_RESTART|SA_SIGINFO
SIGUSR1: SIG_DFL, sa_mask[0]=00000000000000000000000000000000, sa_flags=none
SIGUSR2: [libjvm.so+0x8f0a60], sa_mask[0]=00000000000000000000000000000000, sa_flags=SA_RESTART|SA_SIGINFO
SIGHUP: SIG_DFL, sa_mask[0]=00000000000000000000000000000000, sa_flags=none
SIGINT: SIG_DFL, sa_mask[0]=00000000000000000000000000000000, sa_flags=none
SIGTERM: SIG_DFL, sa_mask[0]=00000000000000000000000000000000, sa_flags=none
SIGQUIT: SIG_DFL, sa_mask[0]=00000000000000000000000000000000, sa_flags=none


---------------  S Y S T E M  ---------------

OS:DISTRIB_ID=Ubuntu
DISTRIB_RELEASE=18.04
DISTRIB_CODENAME=bionic
DISTRIB_DESCRIPTION="Ubuntu 18.04.3 LTS"

uname:Linux 4.15.0-66-generic #75-Ubuntu SMP Tue Oct 1 05:24:09 UTC 2019 x86_64
libc:glibc 2.27 NPTL 2.27 
rlimit: STACK 8192k, CORE 0k, NPROC 3841, NOFILE 1048576, AS infinity
load average:129.48 35.95 12.27

/proc/meminfo:
MemTotal:        1008808 kB
MemFree:           49580 kB
MemAvailable:          0 kB
Buffers:             220 kB
Cached:             5864 kB
SwapCached:            0 kB
Active:           798788 kB
Inactive:           3624 kB
Active(anon):     796924 kB
Inactive(anon):      184 kB
Active(file):       1864 kB
Inactive(file):     3440 kB
Unevictable:           0 kB
Mlocked:               0 kB
SwapTotal:             0 kB
SwapFree:              0 kB
Dirty:               172 kB
Writeback:             0 kB
AnonPages:        796468 kB
Mapped:             2796 kB
Shmem:               640 kB
Slab:              81848 kB
SReclaimable:      28096 kB
SUnreclaim:        53752 kB
KernelStack:       15056 kB
PageTables:        24412 kB
NFS_Unstable:          0 kB
Bounce:                0 kB
WritebackTmp:          0 kB
CommitLimit:      504404 kB
Committed_AS:    5160440 kB
VmallocTotal:   34359738367 kB
VmallocUsed:           0 kB
VmallocChunk:          0 kB
HardwareCorrupted:     0 kB
AnonHugePages:         0 kB
ShmemHugePages:        0 kB
ShmemPmdMapped:        0 kB
CmaTotal:              0 kB
CmaFree:               0 kB
HugePages_Total:       0
HugePages_Free:        0
HugePages_Rsvd:        0
HugePages_Surp:        0
Hugepagesize:       2048 kB
DirectMap4k:      274412 kB
DirectMap2M:      774144 kB
DirectMap1G:           0 kB

container (cgroup) information:
container_type: cgroupv1
cpu_cpuset_cpus: 0-2
cpu_memory_nodes: 0
active_processor_count: 3
cpu_quota: -1
cpu_period: 100000
cpu_shares: -1
memory_limit_in_bytes: -1
memory_and_swap_limit_in_bytes: -2
memory_soft_limit_in_bytes: -1
memory_usage_in_bytes: 852574208
memory_max_usage_in_bytes: 869789696


CPU:total 3 (initial active 3) (1 cores per cpu, 1 threads per core) family 6 model 85 stepping 4, cmov, cx8, fxsr, mmx, sse, sse2, sse3, ssse3, sse4.1, sse4.2, popcnt, avx, avx2, aes, clmul, erms, 3dnowpref, lzcnt, tsc, bmi1, bmi2, adx

/proc/cpuinfo:
processor	: 0
vendor_id	: GenuineIntel
cpu family	: 6
model		: 85
model name	: Intel(R) Xeon(R) Gold 6140 CPU @ 2.30GHz
stepping	: 4
microcode	: 0x1
cpu MHz		: 2294.608
cache size	: 4096 KB
physical id	: 0
siblings	: 1
core id		: 0
cpu cores	: 1
apicid		: 0
initial apicid	: 0
fpu		: yes
fpu_exception	: yes
cpuid level	: 13
wp		: yes
flags		: fpu vme de pse tsc msr pae mce cx8 apic sep mtrr pge mca cmov pat pse36 clflush mmx fxsr sse sse2 ss syscall nx pdpe1gb rdtscp lm constant_tsc arch_perfmon rep_good nopl cpuid tsc_known_freq pni pclmulqdq vmx ssse3 fma cx16 pcid sse4_1 sse4_2 x2apic movbe popcnt tsc_deadline_timer aes xsave avx f16c rdrand hypervisor lahf_lm abm 3dnowprefetch cpuid_fault invpcid_single pti ssbd ibrs ibpb tpr_shadow vnmi flexpriority ept vpid fsgsbase tsc_adjust bmi1 avx2 smep bmi2 erms invpcid mpx avx512f avx512dq rdseed adx smap clflushopt clwb avx512cd avx512bw avx512vl xsaveopt xsavec xgetbv1 pku ospke md_clear
bugs		: cpu_meltdown spectre_v1 spectre_v2 spec_store_bypass l1tf mds swapgs
bogomips	: 4589.21
clflush size	: 64
cache_alignment	: 64
address sizes	: 40 bits physical, 48 bits virtual
power management:

processor	: 1
vendor_id	: GenuineIntel
cpu family	: 6
model		: 85
model name	: Intel(R) Xeon(R) Gold 6140 CPU @ 2.30GHz
stepping	: 4
microcode	: 0x1
cpu MHz		: 2294.608
cache size	: 4096 KB
physical id	: 1
siblings	: 1
core id		: 0
cpu cores	: 1
apicid		: 1
initial apicid	: 1
fpu		: yes
fpu_exception	: yes
cpuid level	: 13
wp		: yes
flags		: fpu vme de pse tsc msr pae mce cx8 apic sep mtrr pge mca cmov pat pse36 clflush mmx fxsr sse sse2 ss syscall nx pdpe1gb rdtscp lm constant_tsc arch_perfmon rep_good nopl cpuid tsc_known_freq pni pclmulqdq vmx ssse3 fma cx16 pcid sse4_1 sse4_2 x2apic movbe popcnt tsc_deadline_timer aes xsave avx f16c rdrand hypervisor lahf_lm abm 3dnowprefetch cpuid_fault invpcid_single pti ssbd ibrs ibpb tpr_shadow vnmi flexpriority ept vpid fsgsbase tsc_adjust bmi1 avx2 smep bmi2 erms invpcid mpx avx512f avx512dq rdseed adx smap clflushopt clwb avx512cd avx512bw avx512vl xsaveopt xsavec xgetbv1 pku ospke md_clear
bugs		: cpu_meltdown spectre_v1 spectre_v2 spec_store_bypass l1tf mds swapgs
bogomips	: 4589.21
clflush size	: 64
cache_alignment	: 64
address sizes	: 40 bits physical, 48 bits virtual
power management:

processor	: 2
vendor_id	: GenuineIntel
cpu family	: 6
model		: 85
model name	: Intel(R) Xeon(R) Gold 6140 CPU @ 2.30GHz
stepping	: 4
microcode	: 0x1
cpu MHz		: 2294.608
cache size	: 4096 KB
physical id	: 2
siblings	: 1
core id		: 0
cpu cores	: 1
apicid		: 2
initial apicid	: 2
fpu		: yes
fpu_exception	: yes
cpuid level	: 13
wp		: yes
flags		: fpu vme de pse tsc msr pae mce cx8 apic sep mtrr pge mca cmov pat pse36 clflush mmx fxsr sse sse2 ss syscall nx pdpe1gb rdtscp lm constant_tsc arch_perfmon rep_good nopl cpuid tsc_known_freq pni pclmulqdq vmx ssse3 fma cx16 pcid sse4_1 sse4_2 x2apic movbe popcnt tsc_deadline_timer aes xsave avx f16c rdrand hypervisor lahf_lm abm 3dnowprefetch cpuid_fault invpcid_single pti ssbd ibrs ibpb tpr_shadow vnmi flexpriority ept vpid fsgsbase tsc_adjust bmi1 avx2 smep bmi2 erms invpcid mpx avx512f avx512dq rdseed adx smap clflushopt clwb avx512cd avx512bw avx512vl xsaveopt xsavec xgetbv1 pku ospke md_clear
bugs		: cpu_meltdown spectre_v1 spectre_v2 spec_store_bypass l1tf mds swapgs
bogomips	: 4589.21
clflush size	: 64
cache_alignment	: 64
address sizes	: 40 bits physical, 48 bits virtual
power management:



Memory: 4k page, physical 1008808k(49940k free), swap 0k(0k free)

vm_info: OpenJDK 64-Bit Server VM (25.242-b08) for linux-amd64 JRE (1.8.0_242-8u242-b08-0ubuntu3~18.04-b08), built on Jan 17 2020 23:41:21 by "buildd" with gcc 7.4.0

