#
# A fatal error has been detected by the Java Runtime Environment:
#
#  SIGSEGV (0xb) at pc=0x00007f736203d12a, pid=10513, tid=0x00007f73a1684700
#
# JRE version: OpenJDK Runtime Environment (8.0_242-b08) (build 1.8.0_242-8u242-b08-0ubuntu3~18.04-b08)
# Java VM: OpenJDK 64-Bit Server VM (25.242-b08 mixed mode linux-amd64 compressed oops)
# Problematic frame:
# C  [mca_gds_ds21.so+0x212a]  pmix_gds_ds21_lock_init+0x12a
#
# Failed to write core dump. Core dumps have been disabled. To enable core dumping, try "ulimit -c unlimited" before starting Java again
#
# If you would like to submit a bug report, please visit:
#   http://bugreport.java.com/bugreport/crash.jsp
# The crash happened outside the Java Virtual Machine in native code.
# See problematic frame for where to report the bug.
#

---------------  T H R E A D  ---------------

Current thread (0x00007f739800b800):  JavaThread "main" [_thread_in_native, id=10522, stack(0x00007f73a1585000,0x00007f73a1685000)]

siginfo: si_signo: 11 (SIGSEGV), si_code: 1 (SEGV_MAPERR), si_addr: 0x00007f739c000008

Registers:
RAX=0x00007f739825d2e0, RBX=0x00007f739825d200, RCX=0x00007f736245d85e, RDX=0x00007ffe3e775cf0
RSP=0x00007f73a1682700, RBP=0x00007f739825d258, RSI=0x0000000000002000, RDI=0x0000000000000000
R8 =0x000000000000001e, R9 =0x0000000000000000, R10=0x0000000000000001, R11=0x0000000000000000
R12=0x00007f739825ce58, R13=0x0000000000001000, R14=0x00007f739c000000, R15=0x00007f739825d250
RIP=0x00007f736203d12a, EFLAGS=0x0000000000010202, CSGSFS=0x002b000000000033, ERR=0x0000000000000004
  TRAPNO=0x000000000000000e

Top of Stack: (sp=0x00007f73a1682700)
0x00007f73a1682700:   00007f739825d1b0 00007ffe3e775cf0
0x00007f73a1682710:   0000000000002000 000003e800000002
0x00007f73a1682720:   0000000000000000 00007f73a0f032ed
0x00007f73a1682730:   00007f739825cea0 8813e720fd2d2c00
0x00007f73a1682740:   0000000000000000 00007f739825cb80
0x00007f73a1682750:   0000000000000000 00007ffe3e775cf0
0x00007f73a1682760:   0000000000000000 00007f739825cdf0
0x00007f73a1682770:   0000000000000000 00007f7362459bcb
0x00007f73a1682780:   00007f736203dcee 0000000000000000
0x00007f73a1682790:   0000000000000000 0000001500000000
0x00007f73a16827a0:   00007f73982584d0 8813e720fd2d2c00
0x00007f73a16827b0:   0000000000000000 00007f7398257fe0
0x00007f73a16827c0:   00007f736223f2d4 00007f73637fa0a0
0x00007f73a16827d0:   00007f736223f180 00007f73637fdfc0
0x00007f73a16827e0:   00007f739825cb30 00007f736203cdb4
0x00007f73a16827f0:   00007f73637fa060 00007f73635bcee8
0x00007f73a1682800:   00007f73637fa100 00007f73a1682834
0x00007f73a1682810:   00007f73a1682838 0000000000000000
0x00007f73a1682820:   0000000000000000 00007f73637fdfd0
0x00007f73a1682830:   0000001e00000000 00007f736223f180
0x00007f73a1682840:   0000000000000000 8813e720fd2d2c00
0x00007f73a1682850:   00007f73637fa0a0 0000000000000000
0x00007f73a1682860:   0000000000000000 00007f73981e7410
0x00007f73a1682870:   00007f7363531db0 00007f73637f9520
0x00007f73a1682880:   0000000000000000 00007f7363577763
0x00007f73a1682890:   0000000000000000 00007f73637f97d8
0x00007f73a16828a0:   2d69706d6e65706f 0000326576616c73
0x00007f73a16828b0:   0000000000000000 0000000000000000
0x00007f73a16828c0:   0000000000000000 0000000000000000
0x00007f73a16828d0:   0000000000000000 0000000000000000
0x00007f73a16828e0:   0000000000000000 8813e720fd2d2c00
0x00007f73a16828f0:   0000000000000000 00007f73637f8f60 

Instructions: (pc=0x00007f736203d12a)
0x00007f736203d10a:   f7 ff ff 48 85 c0 49 89 47 30 0f 84 16 03 00 00
0x00007f736203d11a:   4c 8b 70 18 49 8b 36 4c 39 ee 0f 87 ce 02 00 00
0x00007f736203d12a:   41 8b 46 08 41 89 47 40 49 8b 56 18 4c 01 f2 85
0x00007f736203d13a:   c0 49 89 57 38 0f 84 eb 02 00 00 31 c0 ba 01 00 

Register to memory mapping:

RAX=0x00007f739825d2e0 is an unknown value
RBX=0x00007f739825d200 is an unknown value
RCX=0x00007f736245d85e: pmix_common_dstor_attach_new_lock_seg+0x1e in /usr/local/lib/libmca_common_dstore.so.1 at 0x00007f7362450000
RDX=0x00007ffe3e775cf0 is an unknown value
RSP=0x00007f73a1682700 is pointing into the stack for thread: 0x00007f739800b800
RBP=0x00007f739825d258 is an unknown value
RSI=0x0000000000002000 is an unknown value
RDI=0x0000000000000000 is an unknown value
R8 =0x000000000000001e is an unknown value
R9 =0x0000000000000000 is an unknown value
R10=0x0000000000000001 is an unknown value
R11=0x0000000000000000 is an unknown value
R12=0x00007f739825ce58 is an unknown value
R13=0x0000000000001000 is an unknown value
R14=0x00007f739c000000 is an unknown value
R15=0x00007f739825d250 is an unknown value


Stack: [0x00007f73a1585000,0x00007f73a1685000],  sp=0x00007f73a1682700,  free space=1013k
Native frames: (J=compiled Java code, j=interpreted, Vv=VM code, C=native code)
C  [mca_gds_ds21.so+0x212a]  pmix_gds_ds21_lock_init+0x12a

Java frames: (J=compiled Java code, j=interpreted, Vv=VM code)
j  mpi.MPI.Init_jni([Ljava/lang/String;)[Ljava/lang/String;+0
j  mpi.MPI.Init([Ljava/lang/String;)[Ljava/lang/String;+17
j  Client.main([Ljava/lang/String;)V+1
v  ~StubRoutines::call_stub

---------------  P R O C E S S  ---------------

Java Threads: ( => current thread )
  0x00007f73980b7800 JavaThread "Service Thread" daemon [_thread_blocked, id=10623, stack(0x00007f739c5af000,0x00007f739c6b0000)]
  0x00007f73980b4800 JavaThread "C1 CompilerThread1" daemon [_thread_blocked, id=10622, stack(0x00007f739c6b1000,0x00007f739c7b1000)]
  0x00007f73980b2000 JavaThread "C2 CompilerThread0" daemon [_thread_blocked, id=10621, stack(0x00007f739c7b2000,0x00007f739c8b2000)]
  0x00007f73980b0800 JavaThread "Signal Dispatcher" daemon [_thread_blocked, id=10617, stack(0x00007f739c8b2000,0x00007f739c9b3000)]
  0x00007f739807e000 JavaThread "Finalizer" daemon [_thread_blocked, id=10561, stack(0x00007f739ccf2000,0x00007f739cdf3000)]
  0x00007f7398079800 JavaThread "Reference Handler" daemon [_thread_blocked, id=10556, stack(0x00007f739cdf3000,0x00007f739cef4000)]
=>0x00007f739800b800 JavaThread "main" [_thread_in_native, id=10522, stack(0x00007f73a1585000,0x00007f73a1685000)]

Other Threads:
  0x00007f739806f800 VMThread [stack: 0x00007f739cef5000,0x00007f739cff5000] [id=10542]
  0x00007f73980ba800 WatcherThread [stack: 0x00007f739c4af000,0x00007f739c5af000] [id=10624]

VM state:not at safepoint (normal execution)

VM Mutex/Monitor currently owned by a thread: None

heap address: 0x00000000f0800000, size: 248 MB, Compressed Oops mode: 32-bit
Narrow klass base: 0x0000000000000000, Narrow klass shift: 3
Compressed class space size: 1073741824 Address: 0x0000000100000000

Heap:
 def new generation   total 4928K, used 1441K [0x00000000f0800000, 0x00000000f0d50000, 0x00000000f5aa0000)
  eden space 4416K,  32% used [0x00000000f0800000, 0x00000000f0968610, 0x00000000f0c50000)
  from space 512K,   0% used [0x00000000f0c50000, 0x00000000f0c50000, 0x00000000f0cd0000)
  to   space 512K,   0% used [0x00000000f0cd0000, 0x00000000f0cd0000, 0x00000000f0d50000)
 tenured generation   total 10944K, used 0K [0x00000000f5aa0000, 0x00000000f6550000, 0x0000000100000000)
   the space 10944K,   0% used [0x00000000f5aa0000, 0x00000000f5aa0000, 0x00000000f5aa0200, 0x00000000f6550000)
 Metaspace       used 3130K, capacity 4792K, committed 5120K, reserved 1056768K
  class space    used 313K, capacity 424K, committed 512K, reserved 1048576K

Card table byte_map: [0x00007f73a1507000,0x00007f73a1584000] byte_map_base: 0x00007f73a0d83000

Polling page: 0x00007f73a1690000

CodeCache: size=245760Kb used=1278Kb max_used=1278Kb free=244481Kb
 bounds [0x00007f7389000000, 0x00007f7389270000, 0x00007f7398000000]
 total_blobs=384 nmethods=79 adapters=220
 compilation: enabled

Compilation events (10 events):
Event: 0.912 Thread 0x00007f73980b4800   72       3       java.util.zip.ZipCoder::getBytes (192 bytes)
Event: 0.914 Thread 0x00007f73980b4800 nmethod 72 0x00007f738912dd90 code [0x00007f738912e140, 0x00007f7389130358]
Event: 0.915 Thread 0x00007f73980b4800   74       3       java.lang.String::startsWith (7 bytes)
Event: 0.915 Thread 0x00007f73980b4800 nmethod 74 0x00007f7389131810 code [0x00007f7389131980, 0x00007f7389131b88]
Event: 0.915 Thread 0x00007f73980b4800   75  s!   3       sun.misc.URLClassPath::getLoader (243 bytes)
Event: 0.917 Thread 0x00007f73980b4800 nmethod 75 0x00007f7389131c10 code [0x00007f7389132040, 0x00007f7389134c08]
Event: 0.933 Thread 0x00007f73980b4800   77   !   3       java.util.zip.ZipFile::getEntry (101 bytes)
Event: 0.934 Thread 0x00007f73980b4800 nmethod 77 0x00007f7389136a90 code [0x00007f7389136c60, 0x00007f73891372d8]
Event: 0.990 Thread 0x00007f73980b4800   78       3       java.util.concurrent.ConcurrentHashMap::setTabAt (19 bytes)
Event: 0.990 Thread 0x00007f73980b4800 nmethod 78 0x00007f738913f450 code [0x00007f738913f5a0, 0x00007f738913f710]

GC Heap History (0 events):
No events

Deoptimization events (0 events):
No events

Classes redefined (0 events):
No events

Internal exceptions (5 events):
Event: 0.109 Thread 0x00007f739800b800 Exception <a 'java/lang/NoSuchMethodError': Method sun.misc.Unsafe.defineClass(Ljava/lang/String;[BII)Ljava/lang/Class; name or signature does not match> (0x00000000f0807cc8) thrown at [/build/openjdk-8-58sEEn/openjdk-8-8u242-b08/src/hotspot/src/share/vm/
Event: 0.109 Thread 0x00007f739800b800 Exception <a 'java/lang/NoSuchMethodError': Method sun.misc.Unsafe.prefetchRead(Ljava/lang/Object;J)V name or signature does not match> (0x00000000f0807fb0) thrown at [/build/openjdk-8-58sEEn/openjdk-8-8u242-b08/src/hotspot/src/share/vm/prims/jni.cpp, lin
Event: 0.351 Thread 0x00007f739800b800 Exception <a 'java/util/zip/ZipException'> (0x00000000f085dec8) thrown at [/build/openjdk-8-58sEEn/openjdk-8-8u242-b08/src/hotspot/src/share/vm/prims/jni.cpp, line 710]
Event: 0.351 Thread 0x00007f739800b800 Exception <a 'java/security/PrivilegedActionException'> (0x00000000f085e168) thrown at [/build/openjdk-8-58sEEn/openjdk-8-8u242-b08/src/hotspot/src/share/vm/prims/jvm.cpp, line 1502]
Event: 0.351 Thread 0x00007f739800b800 Exception <a 'java/security/PrivilegedActionException'> (0x00000000f085e378) thrown at [/build/openjdk-8-58sEEn/openjdk-8-8u242-b08/src/hotspot/src/share/vm/prims/jvm.cpp, line 1502]

Events (10 events):
Event: 0.893 loading class mpi/Constant
Event: 0.893 loading class mpi/Constant done
Event: 0.912 loading class mpi/Errhandler
Event: 0.912 loading class mpi/Errhandler done
Event: 0.915 loading class mpi/Intracomm
Event: 0.915 loading class mpi/Intracomm done
Event: 0.933 loading class mpi/Comm
Event: 0.933 loading class mpi/Comm done
Event: 0.990 loading class mpi/Version
Event: 0.990 loading class mpi/Version done


Dynamic libraries:
f0800000-f0d50000 rw-p 00000000 00:00 0 
f0d50000-f5aa0000 ---p 00000000 00:00 0 
f5aa0000-f6550000 rw-p 00000000 00:00 0 
f6550000-100000000 ---p 00000000 00:00 0 
100000000-100080000 rw-p 00000000 00:00 0 
100080000-140000000 ---p 00000000 00:00 0 
5631f0a12000-5631f0a13000 r-xp 00000000 fc:01 2079959                    /usr/lib/jvm/java-8-openjdk-amd64/jre/bin/java
5631f0c12000-5631f0c13000 r--p 00000000 fc:01 2079959                    /usr/lib/jvm/java-8-openjdk-amd64/jre/bin/java
5631f0c13000-5631f0c14000 rw-p 00001000 fc:01 2079959                    /usr/lib/jvm/java-8-openjdk-amd64/jre/bin/java
5631f27d5000-5631f27f6000 rw-p 00000000 00:00 0                          [heap]
7f735c000000-7f735c021000 rw-p 00000000 00:00 0 
7f735c021000-7f7360000000 ---p 00000000 00:00 0 
7f7361e38000-7f7361e3a000 r-xp 00000000 fc:01 527057                     /usr/local/lib/pmix/mca_pshmem_mmap.so
7f7361e3a000-7f7362039000 ---p 00002000 fc:01 527057                     /usr/local/lib/pmix/mca_pshmem_mmap.so
7f7362039000-7f736203a000 r--p 00001000 fc:01 527057                     /usr/local/lib/pmix/mca_pshmem_mmap.so
7f736203a000-7f736203b000 rw-p 00002000 fc:01 527057                     /usr/local/lib/pmix/mca_pshmem_mmap.so
7f736203b000-7f736203f000 r-xp 00000000 fc:01 527033                     /usr/local/lib/pmix/mca_gds_ds21.so
7f736203f000-7f736223e000 ---p 00004000 fc:01 527033                     /usr/local/lib/pmix/mca_gds_ds21.so
7f736223e000-7f736223f000 r--p 00003000 fc:01 527033                     /usr/local/lib/pmix/mca_gds_ds21.so
7f736223f000-7f7362240000 rw-p 00004000 fc:01 527033                     /usr/local/lib/pmix/mca_gds_ds21.so
7f7362240000-7f736224f000 r-xp 00000000 fc:01 527035                     /usr/local/lib/pmix/mca_gds_hash.so
7f736224f000-7f736244e000 ---p 0000f000 fc:01 527035                     /usr/local/lib/pmix/mca_gds_hash.so
7f736244e000-7f736244f000 r--p 0000e000 fc:01 527035                     /usr/local/lib/pmix/mca_gds_hash.so
7f736244f000-7f7362450000 rw-p 0000f000 fc:01 527035                     /usr/local/lib/pmix/mca_gds_hash.so
7f7362450000-7f736245f000 r-xp 00000000 fc:01 7027                       /usr/local/lib/libmca_common_dstore.so.1.0.0
7f736245f000-7f736265e000 ---p 0000f000 fc:01 7027                       /usr/local/lib/libmca_common_dstore.so.1.0.0
7f736265e000-7f736265f000 r--p 0000e000 fc:01 7027                       /usr/local/lib/libmca_common_dstore.so.1.0.0
7f736265f000-7f7362660000 rw-p 0000f000 fc:01 7027                       /usr/local/lib/libmca_common_dstore.so.1.0.0
7f7362660000-7f7362664000 r-xp 00000000 fc:01 527031                     /usr/local/lib/pmix/mca_gds_ds12.so
7f7362664000-7f7362863000 ---p 00004000 fc:01 527031                     /usr/local/lib/pmix/mca_gds_ds12.so
7f7362863000-7f7362864000 r--p 00003000 fc:01 527031                     /usr/local/lib/pmix/mca_gds_ds12.so
7f7362864000-7f7362865000 rw-p 00004000 fc:01 527031                     /usr/local/lib/pmix/mca_gds_ds12.so
7f7362865000-7f7362867000 r-xp 00000000 fc:01 527049                     /usr/local/lib/pmix/mca_psec_native.so
7f7362867000-7f7362a66000 ---p 00002000 fc:01 527049                     /usr/local/lib/pmix/mca_psec_native.so
7f7362a66000-7f7362a67000 r--p 00001000 fc:01 527049                     /usr/local/lib/pmix/mca_psec_native.so
7f7362a67000-7f7362a68000 rw-p 00002000 fc:01 527049                     /usr/local/lib/pmix/mca_psec_native.so
7f7362a68000-7f7362a70000 r-xp 00000000 fc:01 527061                     /usr/local/lib/pmix/mca_ptl_usock.so
7f7362a70000-7f7362c6f000 ---p 00008000 fc:01 527061                     /usr/local/lib/pmix/mca_ptl_usock.so
7f7362c6f000-7f7362c70000 r--p 00007000 fc:01 527061                     /usr/local/lib/pmix/mca_ptl_usock.so
7f7362c70000-7f7362c71000 rw-p 00008000 fc:01 527061                     /usr/local/lib/pmix/mca_ptl_usock.so
7f7362c71000-7f7362c82000 r-xp 00000000 fc:01 527059                     /usr/local/lib/pmix/mca_ptl_tcp.so
7f7362c82000-7f7362e81000 ---p 00011000 fc:01 527059                     /usr/local/lib/pmix/mca_ptl_tcp.so
7f7362e81000-7f7362e82000 r--p 00010000 fc:01 527059                     /usr/local/lib/pmix/mca_ptl_tcp.so
7f7362e82000-7f7362e83000 rw-p 00011000 fc:01 527059                     /usr/local/lib/pmix/mca_ptl_tcp.so
7f7362e83000-7f7362e94000 r-xp 00000000 fc:01 527023                     /usr/local/lib/pmix/mca_bfrops_v12.so
7f7362e94000-7f7363094000 ---p 00011000 fc:01 527023                     /usr/local/lib/pmix/mca_bfrops_v12.so
7f7363094000-7f7363095000 r--p 00011000 fc:01 527023                     /usr/local/lib/pmix/mca_bfrops_v12.so
7f7363095000-7f7363096000 rw-p 00012000 fc:01 527023                     /usr/local/lib/pmix/mca_bfrops_v12.so
7f7363096000-7f73630ad000 r-xp 00000000 fc:01 527025                     /usr/local/lib/pmix/mca_bfrops_v20.so
7f73630ad000-7f73632ac000 ---p 00017000 fc:01 527025                     /usr/local/lib/pmix/mca_bfrops_v20.so
7f73632ac000-7f73632ad000 r--p 00016000 fc:01 527025                     /usr/local/lib/pmix/mca_bfrops_v20.so
7f73632ad000-7f73632ae000 rw-p 00017000 fc:01 527025                     /usr/local/lib/pmix/mca_bfrops_v20.so
7f73632ae000-7f73632b6000 r-xp 00000000 fc:01 527029                     /usr/local/lib/pmix/mca_bfrops_v3.so
7f73632b6000-7f73634b5000 ---p 00008000 fc:01 527029                     /usr/local/lib/pmix/mca_bfrops_v3.so
7f73634b5000-7f73634b6000 r--p 00007000 fc:01 527029                     /usr/local/lib/pmix/mca_bfrops_v3.so
7f73634b6000-7f73634b7000 rw-p 00008000 fc:01 527029                     /usr/local/lib/pmix/mca_bfrops_v3.so
7f73634b7000-7f73635f6000 r-xp 00000000 fc:01 527063                     /usr/local/lib/openmpi/mca_pmix_pmix3x.so
7f73635f6000-7f73637f6000 ---p 0013f000 fc:01 527063                     /usr/local/lib/openmpi/mca_pmix_pmix3x.so
7f73637f6000-7f73637f7000 r--p 0013f000 fc:01 527063                     /usr/local/lib/openmpi/mca_pmix_pmix3x.so
7f73637f7000-7f73637fc000 rw-p 00140000 fc:01 527063                     /usr/local/lib/openmpi/mca_pmix_pmix3x.so
7f73637fc000-7f73637ff000 rw-p 00000000 00:00 0 
7f73637ff000-7f7363800000 ---p 00000000 00:00 0 
7f7363800000-7f7364000000 rw-p 00000000 00:00 0 
7f7364000000-7f7364021000 rw-p 00000000 00:00 0 
7f7364021000-7f7368000000 ---p 00000000 00:00 0 
7f73681dc000-7f73681e3000 r-xp 00000000 fc:01 527027                     /usr/local/lib/pmix/mca_bfrops_v21.so
7f73681e3000-7f73683e3000 ---p 00007000 fc:01 527027                     /usr/local/lib/pmix/mca_bfrops_v21.so
7f73683e3000-7f73683e4000 r--p 00007000 fc:01 527027                     /usr/local/lib/pmix/mca_bfrops_v21.so
7f73683e4000-7f73683e5000 rw-p 00008000 fc:01 527027                     /usr/local/lib/pmix/mca_bfrops_v21.so
7f73683e5000-7f73683e9000 r-xp 00000000 fc:01 527101                     /usr/local/lib/openmpi/mca_ess_pmi.so
7f73683e9000-7f73685e8000 ---p 00004000 fc:01 527101                     /usr/local/lib/openmpi/mca_ess_pmi.so
7f73685e8000-7f73685e9000 r--p 00003000 fc:01 527101                     /usr/local/lib/openmpi/mca_ess_pmi.so
7f73685e9000-7f73685ea000 rw-p 00004000 fc:01 527101                     /usr/local/lib/openmpi/mca_ess_pmi.so
7f73685ea000-7f73685eb000 r-xp 00000000 fc:01 527169                     /usr/local/lib/openmpi/mca_schizo_orte.so
7f73685eb000-7f73687ea000 ---p 00001000 fc:01 527169                     /usr/local/lib/openmpi/mca_schizo_orte.so
7f73687ea000-7f73687eb000 r--p 00000000 fc:01 527169                     /usr/local/lib/openmpi/mca_schizo_orte.so
7f73687eb000-7f73687ec000 rw-p 00001000 fc:01 527169                     /usr/local/lib/openmpi/mca_schizo_orte.so
7f73687ec000-7f73687ee000 r-xp 00000000 fc:01 527171                     /usr/local/lib/openmpi/mca_schizo_slurm.so
7f73687ee000-7f73689ed000 ---p 00002000 fc:01 527171                     /usr/local/lib/openmpi/mca_schizo_slurm.so
7f73689ed000-7f73689ee000 r--p 00001000 fc:01 527171                     /usr/local/lib/openmpi/mca_schizo_slurm.so
7f73689ee000-7f73689ef000 rw-p 00002000 fc:01 527171                     /usr/local/lib/openmpi/mca_schizo_slurm.so
7f73689ef000-7f73689f7000 r-xp 00000000 fc:01 527167                     /usr/local/lib/openmpi/mca_schizo_ompi.so
7f73689f7000-7f7368bf6000 ---p 00008000 fc:01 527167                     /usr/local/lib/openmpi/mca_schizo_ompi.so
7f7368bf6000-7f7368bf7000 r--p 00007000 fc:01 527167                     /usr/local/lib/openmpi/mca_schizo_ompi.so
7f7368bf7000-7f7368bf9000 rw-p 00008000 fc:01 527167                     /usr/local/lib/openmpi/mca_schizo_ompi.so
7f7368bf9000-7f7368bfa000 r-xp 00000000 fc:01 527165                     /usr/local/lib/openmpi/mca_schizo_flux.so
7f7368bfa000-7f7368dfa000 ---p 00001000 fc:01 527165                     /usr/local/lib/openmpi/mca_schizo_flux.so
7f7368dfa000-7f7368dfb000 r--p 00001000 fc:01 527165                     /usr/local/lib/openmpi/mca_schizo_flux.so
7f7368dfb000-7f7368dfc000 rw-p 00002000 fc:01 527165                     /usr/local/lib/openmpi/mca_schizo_flux.so
7f7368dfc000-7f7368dfe000 r-xp 00000000 fc:01 527069                     /usr/local/lib/openmpi/mca_reachable_weighted.so
7f7368dfe000-7f7368ffd000 ---p 00002000 fc:01 527069                     /usr/local/lib/openmpi/mca_reachable_weighted.so
7f7368ffd000-7f7368ffe000 r--p 00001000 fc:01 527069                     /usr/local/lib/openmpi/mca_reachable_weighted.so
7f7368ffe000-7f7368fff000 rw-p 00002000 fc:01 527069                     /usr/local/lib/openmpi/mca_reachable_weighted.so
7f7368fff000-7f736c000000 rw-p 00000000 00:00 0 
7f736c000000-7f736c1b4000 rw-p 00000000 00:00 0 
7f736c1b4000-7f7370000000 ---p 00000000 00:00 0 
7f7370000000-7f7370021000 rw-p 00000000 00:00 0 
7f7370021000-7f7374000000 ---p 00000000 00:00 0 
7f7374000000-7f7374021000 rw-p 00000000 00:00 0 
7f7374021000-7f7378000000 ---p 00000000 00:00 0 
7f7378000000-7f737804f000 rw-p 00000000 00:00 0 
7f737804f000-7f737c000000 ---p 00000000 00:00 0 
7f737c000000-7f737c021000 rw-p 00000000 00:00 0 
7f737c021000-7f7380000000 ---p 00000000 00:00 0 
7f7380000000-7f7380021000 rw-p 00000000 00:00 0 
7f7380021000-7f7384000000 ---p 00000000 00:00 0 
7f7384000000-7f7384021000 rw-p 00000000 00:00 0 
7f7384021000-7f7388000000 ---p 00000000 00:00 0 
7f73880a6000-7f73880a9000 r-xp 00000000 fc:01 527071                     /usr/local/lib/openmpi/mca_shmem_mmap.so
7f73880a9000-7f73882a8000 ---p 00003000 fc:01 527071                     /usr/local/lib/openmpi/mca_shmem_mmap.so
7f73882a8000-7f73882a9000 r--p 00002000 fc:01 527071                     /usr/local/lib/openmpi/mca_shmem_mmap.so
7f73882a9000-7f73882aa000 rw-p 00003000 fc:01 527071                     /usr/local/lib/openmpi/mca_shmem_mmap.so
7f73882aa000-7f73882ac000 r-xp 00000000 fc:01 2182                       /lib/x86_64-linux-gnu/libutil-2.27.so
7f73882ac000-7f73884ab000 ---p 00002000 fc:01 2182                       /lib/x86_64-linux-gnu/libutil-2.27.so
7f73884ab000-7f73884ac000 r--p 00001000 fc:01 2182                       /lib/x86_64-linux-gnu/libutil-2.27.so
7f73884ac000-7f73884ad000 rw-p 00002000 fc:01 2182                       /lib/x86_64-linux-gnu/libutil-2.27.so
7f73884ad000-7f7388560000 r-xp 00000000 fc:01 7145                       /usr/local/lib/libopen-rte.so.40.20.1
7f7388560000-7f738875f000 ---p 000b3000 fc:01 7145                       /usr/local/lib/libopen-rte.so.40.20.1
7f738875f000-7f7388761000 r--p 000b2000 fc:01 7145                       /usr/local/lib/libopen-rte.so.40.20.1
7f7388761000-7f7388765000 rw-p 000b4000 fc:01 7145                       /usr/local/lib/libopen-rte.so.40.20.1
7f7388765000-7f7388768000 rw-p 00000000 00:00 0 
7f7388768000-7f738886f000 r-xp 00000000 fc:01 4301                       /usr/local/lib/libopen-pal.so.40.20.1
7f738886f000-7f7388a6f000 ---p 00107000 fc:01 4301                       /usr/local/lib/libopen-pal.so.40.20.1
7f7388a6f000-7f7388a72000 r--p 00107000 fc:01 4301                       /usr/local/lib/libopen-pal.so.40.20.1
7f7388a72000-7f7388a78000 rw-p 0010a000 fc:01 4301                       /usr/local/lib/libopen-pal.so.40.20.1
7f7388a78000-7f7388a7f000 rw-p 00000000 00:00 0 
7f7388a7f000-7f7388b8c000 r-xp 00000000 fc:01 7360                       /usr/local/lib/libmpi.so.40.20.1
7f7388b8c000-7f7388d8b000 ---p 0010d000 fc:01 7360                       /usr/local/lib/libmpi.so.40.20.1
7f7388d8b000-7f7388d8d000 r--p 0010c000 fc:01 7360                       /usr/local/lib/libmpi.so.40.20.1
7f7388d8d000-7f7388d9e000 rw-p 0010e000 fc:01 7360                       /usr/local/lib/libmpi.so.40.20.1
7f7388d9e000-7f7388db0000 rw-p 00000000 00:00 0 
7f7388db8000-7f7388dba000 rw-s 00000000 fc:01 527734                     /tmp/ompi.openmpi-slave2.1000/jf.10726/pmix_dstor_ds21_10503/smlockseg-702939137
7f7388dba000-7f7388de2000 r-xp 00000000 fc:01 29878                      /usr/local/lib/libmpi_java.so.40.20.0
7f7388de2000-7f7388fe1000 ---p 00028000 fc:01 29878                      /usr/local/lib/libmpi_java.so.40.20.0
7f7388fe1000-7f7388fe2000 r--p 00027000 fc:01 29878                      /usr/local/lib/libmpi_java.so.40.20.0
7f7388fe2000-7f7388fe3000 rw-p 00028000 fc:01 29878                      /usr/local/lib/libmpi_java.so.40.20.0
7f7388fe3000-7f7389000000 r--s 00142000 00:33 527719                     /home/mpiuser/cloud/fyp/java_client/lib/spring-web-5.2.5.RELEASE.jar
7f7389000000-7f7389270000 rwxp 00000000 00:00 0 
7f7389270000-7f7398000000 ---p 00000000 00:00 0 
7f7398000000-7f739825f000 rw-p 00000000 00:00 0 
7f739825f000-7f739c000000 ---p 00000000 00:00 0 
7f739c001000-7f739c002000 r--s 00000000 fc:01 527735                     /tmp/ompi.openmpi-slave2.1000/jf.10726/pmix_dstor_ds12_10503/initial-pmix_shared-segment-0
7f739c002000-7f739c003000 rw-s 00000000 fc:01 527736                     /tmp/ompi.openmpi-slave2.1000/jf.10726/pmix_dstor_ds12_10503/dstore_sm.lock
7f739c003000-7f739c004000 r--s 0000f000 00:33 527712                     /home/mpiuser/cloud/fyp/java_client/lib/mpi.jar
7f739c004000-7f739c007000 r--s 0000e000 00:33 527707                     /home/mpiuser/cloud/fyp/java_client/lib/jackson-annotations-2.10.3.jar
7f739c007000-7f739c014000 r--s 00090000 00:33 527704                     /home/mpiuser/cloud/fyp/java_client/lib/amqp-client-5.8.0.jar
7f739c014000-7f739c015000 r--s 00003000 00:33 527715                     /home/mpiuser/cloud/fyp/java_client/lib/slf4j-simple-1.7.30.jar
7f739c015000-7f739c02a000 r--s 00142000 00:33 527710                     /home/mpiuser/cloud/fyp/java_client/lib/jackson-databind-2.10.2.jar
7f739c02a000-7f739c03f000 r--s 00142000 00:33 527711                     /home/mpiuser/cloud/fyp/java_client/lib/jackson-databind-2.10.3.jar
7f739c03f000-7f739c040000 r--s 00005000 00:33 527718                     /home/mpiuser/cloud/fyp/java_client/lib/spring-jcl-5.2.5.RELEASE.jar
7f739c040000-7f739c057000 r-xp 00000000 fc:01 2079997                    /usr/lib/jvm/java-8-openjdk-amd64/jre/lib/amd64/libnet.so
7f739c057000-7f739c256000 ---p 00017000 fc:01 2079997                    /usr/lib/jvm/java-8-openjdk-amd64/jre/lib/amd64/libnet.so
7f739c256000-7f739c257000 r--p 00016000 fc:01 2079997                    /usr/lib/jvm/java-8-openjdk-amd64/jre/lib/amd64/libnet.so
7f739c257000-7f739c258000 rw-p 00017000 fc:01 2079997                    /usr/lib/jvm/java-8-openjdk-amd64/jre/lib/amd64/libnet.so
7f739c258000-7f739c269000 r-xp 00000000 fc:01 2079998                    /usr/lib/jvm/java-8-openjdk-amd64/jre/lib/amd64/libnio.so
7f739c269000-7f739c469000 ---p 00011000 fc:01 2079998                    /usr/lib/jvm/java-8-openjdk-amd64/jre/lib/amd64/libnio.so
7f739c469000-7f739c46a000 r--p 00011000 fc:01 2079998                    /usr/lib/jvm/java-8-openjdk-amd64/jre/lib/amd64/libnio.so
7f739c46a000-7f739c46b000 rw-p 00012000 fc:01 2079998                    /usr/lib/jvm/java-8-openjdk-amd64/jre/lib/amd64/libnio.so
7f739c46b000-7f739c486000 r--s 001d6000 fc:01 2080024                    /usr/lib/jvm/java-8-openjdk-amd64/jre/lib/ext/nashorn.jar
7f739c486000-7f739c48a000 r--s 0003a000 fc:01 2080027                    /usr/lib/jvm/java-8-openjdk-amd64/jre/lib/ext/sunpkcs11.jar
7f739c48a000-7f739c48f000 r--s 0003d000 fc:01 2080026                    /usr/lib/jvm/java-8-openjdk-amd64/jre/lib/ext/sunjce_provider.jar
7f739c48f000-7f739c490000 r--s 00010000 fc:01 2080028                    /usr/lib/jvm/java-8-openjdk-amd64/jre/lib/ext/zipfs.jar
7f739c490000-7f739c491000 r--s 0000a000 fc:01 2080022                    /usr/lib/jvm/java-8-openjdk-amd64/jre/lib/ext/jaccess.jar
7f739c491000-7f739c493000 r--s 00007000 fc:01 29712                      /usr/share/java/java-atk-wrapper.jar
7f739c493000-7f739c4ae000 r--s 00394000 fc:01 2080019                    /usr/lib/jvm/java-8-openjdk-amd64/jre/lib/ext/cldrdata.jar
7f739c4ae000-7f739c4af000 ---p 00000000 00:00 0 
7f739c4af000-7f739c5af000 rw-p 00000000 00:00 0 
7f739c5af000-7f739c5b2000 ---p 00000000 00:00 0 
7f739c5b2000-7f739c6b0000 rw-p 00000000 00:00 0 
7f739c6b0000-7f739c6b1000 ---p 00000000 00:00 0 
7f739c6b1000-7f739c6b4000 ---p 00000000 00:00 0 
7f739c6b4000-7f739c7b1000 rw-p 00000000 00:00 0 
7f739c7b1000-7f739c7b2000 ---p 00000000 00:00 0 
7f739c7b2000-7f739c7b5000 ---p 00000000 00:00 0 
7f739c7b5000-7f739c8b2000 rw-p 00000000 00:00 0 
7f739c8b2000-7f739c8b5000 ---p 00000000 00:00 0 
7f739c8b5000-7f739c9b3000 rw-p 00000000 00:00 0 
7f739c9b3000-7f739c9e4000 r--p 00000000 fc:01 7802                       /usr/lib/locale/C.UTF-8/LC_CTYPE
7f739c9e4000-7f739cb57000 r--p 00000000 fc:01 7801                       /usr/lib/locale/C.UTF-8/LC_COLLATE
7f739cb57000-7f739ccf2000 r--p 00000000 fc:01 7796                       /usr/lib/locale/locale-archive
7f739ccf2000-7f739ccf5000 ---p 00000000 00:00 0 
7f739ccf5000-7f739cdf3000 rw-p 00000000 00:00 0 
7f739cdf3000-7f739cdf6000 ---p 00000000 00:00 0 
7f739cdf6000-7f739cef4000 rw-p 00000000 00:00 0 
7f739cef4000-7f739cef5000 ---p 00000000 00:00 0 
7f739cef5000-7f739d043000 rw-p 00000000 00:00 0 
7f739d043000-7f739d213000 r--s 03c68000 fc:01 2080048                    /usr/lib/jvm/java-8-openjdk-amd64/jre/lib/rt.jar
7f739d213000-7f739d78c000 rw-p 00000000 00:00 0 
7f739d78c000-7f739db0c000 ---p 00000000 00:00 0 
7f739db0c000-7f739db16000 rw-p 00000000 00:00 0 
7f739db16000-7f739decc000 ---p 00000000 00:00 0 
7f739decc000-7f739ded4000 r-xp 00000000 fc:01 2080005                    /usr/lib/jvm/java-8-openjdk-amd64/jre/lib/amd64/libzip.so
7f739ded4000-7f739e0d3000 ---p 00008000 fc:01 2080005                    /usr/lib/jvm/java-8-openjdk-amd64/jre/lib/amd64/libzip.so
7f739e0d3000-7f739e0d4000 r--p 00007000 fc:01 2080005                    /usr/lib/jvm/java-8-openjdk-amd64/jre/lib/amd64/libzip.so
7f739e0d4000-7f739e0d5000 rw-p 00008000 fc:01 2080005                    /usr/lib/jvm/java-8-openjdk-amd64/jre/lib/amd64/libzip.so
7f739e0d5000-7f739e0e0000 r-xp 00000000 fc:01 2093                       /lib/x86_64-linux-gnu/libnss_files-2.27.so
7f739e0e0000-7f739e2df000 ---p 0000b000 fc:01 2093                       /lib/x86_64-linux-gnu/libnss_files-2.27.so
7f739e2df000-7f739e2e0000 r--p 0000a000 fc:01 2093                       /lib/x86_64-linux-gnu/libnss_files-2.27.so
7f739e2e0000-7f739e2e1000 rw-p 0000b000 fc:01 2093                       /lib/x86_64-linux-gnu/libnss_files-2.27.so
7f739e2e1000-7f739e2e7000 rw-p 00000000 00:00 0 
7f739e2e7000-7f739e2fe000 r-xp 00000000 fc:01 2090                       /lib/x86_64-linux-gnu/libnsl-2.27.so
7f739e2fe000-7f739e4fd000 ---p 00017000 fc:01 2090                       /lib/x86_64-linux-gnu/libnsl-2.27.so
7f739e4fd000-7f739e4fe000 r--p 00016000 fc:01 2090                       /lib/x86_64-linux-gnu/libnsl-2.27.so
7f739e4fe000-7f739e4ff000 rw-p 00017000 fc:01 2090                       /lib/x86_64-linux-gnu/libnsl-2.27.so
7f739e4ff000-7f739e501000 rw-p 00000000 00:00 0 
7f739e501000-7f739e50c000 r-xp 00000000 fc:01 2095                       /lib/x86_64-linux-gnu/libnss_nis-2.27.so
7f739e50c000-7f739e70b000 ---p 0000b000 fc:01 2095                       /lib/x86_64-linux-gnu/libnss_nis-2.27.so
7f739e70b000-7f739e70c000 r--p 0000a000 fc:01 2095                       /lib/x86_64-linux-gnu/libnss_nis-2.27.so
7f739e70c000-7f739e70d000 rw-p 0000b000 fc:01 2095                       /lib/x86_64-linux-gnu/libnss_nis-2.27.so
7f739e70d000-7f739e715000 r-xp 00000000 fc:01 2091                       /lib/x86_64-linux-gnu/libnss_compat-2.27.so
7f739e715000-7f739e915000 ---p 00008000 fc:01 2091                       /lib/x86_64-linux-gnu/libnss_compat-2.27.so
7f739e915000-7f739e916000 r--p 00008000 fc:01 2091                       /lib/x86_64-linux-gnu/libnss_compat-2.27.so
7f739e916000-7f739e917000 rw-p 00009000 fc:01 2091                       /lib/x86_64-linux-gnu/libnss_compat-2.27.so
7f739e917000-7f739e941000 r-xp 00000000 fc:01 2079986                    /usr/lib/jvm/java-8-openjdk-amd64/jre/lib/amd64/libjava.so
7f739e941000-7f739eb40000 ---p 0002a000 fc:01 2079986                    /usr/lib/jvm/java-8-openjdk-amd64/jre/lib/amd64/libjava.so
7f739eb40000-7f739eb41000 r--p 00029000 fc:01 2079986                    /usr/lib/jvm/java-8-openjdk-amd64/jre/lib/amd64/libjava.so
7f739eb41000-7f739eb43000 rw-p 0002a000 fc:01 2079986                    /usr/lib/jvm/java-8-openjdk-amd64/jre/lib/amd64/libjava.so
7f739eb43000-7f739eb53000 r-xp 00000000 fc:01 2080004                    /usr/lib/jvm/java-8-openjdk-amd64/jre/lib/amd64/libverify.so
7f739eb53000-7f739ed52000 ---p 00010000 fc:01 2080004                    /usr/lib/jvm/java-8-openjdk-amd64/jre/lib/amd64/libverify.so
7f739ed52000-7f739ed54000 r--p 0000f000 fc:01 2080004                    /usr/lib/jvm/java-8-openjdk-amd64/jre/lib/amd64/libverify.so
7f739ed54000-7f739ed55000 rw-p 00011000 fc:01 2080004                    /usr/lib/jvm/java-8-openjdk-amd64/jre/lib/amd64/libverify.so
7f739ed55000-7f739ed5c000 r-xp 00000000 fc:01 2180                       /lib/x86_64-linux-gnu/librt-2.27.so
7f739ed5c000-7f739ef5b000 ---p 00007000 fc:01 2180                       /lib/x86_64-linux-gnu/librt-2.27.so
7f739ef5b000-7f739ef5c000 r--p 00006000 fc:01 2180                       /lib/x86_64-linux-gnu/librt-2.27.so
7f739ef5c000-7f739ef5d000 rw-p 00007000 fc:01 2180                       /lib/x86_64-linux-gnu/librt-2.27.so
7f739ef5d000-7f739ef74000 r-xp 00000000 fc:01 29118                      /lib/x86_64-linux-gnu/libgcc_s.so.1
7f739ef74000-7f739f173000 ---p 00017000 fc:01 29118                      /lib/x86_64-linux-gnu/libgcc_s.so.1
7f739f173000-7f739f174000 r--p 00016000 fc:01 29118                      /lib/x86_64-linux-gnu/libgcc_s.so.1
7f739f174000-7f739f175000 rw-p 00017000 fc:01 29118                      /lib/x86_64-linux-gnu/libgcc_s.so.1
7f739f175000-7f739f312000 r-xp 00000000 fc:01 2087                       /lib/x86_64-linux-gnu/libm-2.27.so
7f739f312000-7f739f511000 ---p 0019d000 fc:01 2087                       /lib/x86_64-linux-gnu/libm-2.27.so
7f739f511000-7f739f512000 r--p 0019c000 fc:01 2087                       /lib/x86_64-linux-gnu/libm-2.27.so
7f739f512000-7f739f513000 rw-p 0019d000 fc:01 2087                       /lib/x86_64-linux-gnu/libm-2.27.so
7f739f513000-7f739f68c000 r-xp 00000000 fc:01 4344                       /usr/lib/x86_64-linux-gnu/libstdc++.so.6.0.25
7f739f68c000-7f739f88c000 ---p 00179000 fc:01 4344                       /usr/lib/x86_64-linux-gnu/libstdc++.so.6.0.25
7f739f88c000-7f739f896000 r--p 00179000 fc:01 4344                       /usr/lib/x86_64-linux-gnu/libstdc++.so.6.0.25
7f739f896000-7f739f898000 rw-p 00183000 fc:01 4344                       /usr/lib/x86_64-linux-gnu/libstdc++.so.6.0.25
7f739f898000-7f739f89c000 rw-p 00000000 00:00 0 
7f739f89c000-7f73a053f000 r-xp 00000000 fc:01 2080008                    /usr/lib/jvm/java-8-openjdk-amd64/jre/lib/amd64/server/libjvm.so
7f73a053f000-7f73a073f000 ---p 00ca3000 fc:01 2080008                    /usr/lib/jvm/java-8-openjdk-amd64/jre/lib/amd64/server/libjvm.so
7f73a073f000-7f73a07d3000 r--p 00ca3000 fc:01 2080008                    /usr/lib/jvm/java-8-openjdk-amd64/jre/lib/amd64/server/libjvm.so
7f73a07d3000-7f73a07fc000 rw-p 00d37000 fc:01 2080008                    /usr/lib/jvm/java-8-openjdk-amd64/jre/lib/amd64/server/libjvm.so
7f73a07fc000-7f73a082c000 rw-p 00000000 00:00 0 
7f73a082c000-7f73a0846000 r-xp 00000000 fc:01 2178                       /lib/x86_64-linux-gnu/libpthread-2.27.so
7f73a0846000-7f73a0a45000 ---p 0001a000 fc:01 2178                       /lib/x86_64-linux-gnu/libpthread-2.27.so
7f73a0a45000-7f73a0a46000 r--p 00019000 fc:01 2178                       /lib/x86_64-linux-gnu/libpthread-2.27.so
7f73a0a46000-7f73a0a47000 rw-p 0001a000 fc:01 2178                       /lib/x86_64-linux-gnu/libpthread-2.27.so
7f73a0a47000-7f73a0a4b000 rw-p 00000000 00:00 0 
7f73a0a4b000-7f73a0a4e000 r-xp 00000000 fc:01 2086                       /lib/x86_64-linux-gnu/libdl-2.27.so
7f73a0a4e000-7f73a0c4d000 ---p 00003000 fc:01 2086                       /lib/x86_64-linux-gnu/libdl-2.27.so
7f73a0c4d000-7f73a0c4e000 r--p 00002000 fc:01 2086                       /lib/x86_64-linux-gnu/libdl-2.27.so
7f73a0c4e000-7f73a0c4f000 rw-p 00003000 fc:01 2086                       /lib/x86_64-linux-gnu/libdl-2.27.so
7f73a0c4f000-7f73a0c6b000 r-xp 00000000 fc:01 2183                       /lib/x86_64-linux-gnu/libz.so.1.2.11
7f73a0c6b000-7f73a0e6a000 ---p 0001c000 fc:01 2183                       /lib/x86_64-linux-gnu/libz.so.1.2.11
7f73a0e6a000-7f73a0e6b000 r--p 0001b000 fc:01 2183                       /lib/x86_64-linux-gnu/libz.so.1.2.11
7f73a0e6b000-7f73a0e6c000 rw-p 0001c000 fc:01 2183                       /lib/x86_64-linux-gnu/libz.so.1.2.11
7f73a0e6c000-7f73a1053000 r-xp 00000000 fc:01 2083                       /lib/x86_64-linux-gnu/libc-2.27.so
7f73a1053000-7f73a1253000 ---p 001e7000 fc:01 2083                       /lib/x86_64-linux-gnu/libc-2.27.so
7f73a1253000-7f73a1257000 r--p 001e7000 fc:01 2083                       /lib/x86_64-linux-gnu/libc-2.27.so
7f73a1257000-7f73a1259000 rw-p 001eb000 fc:01 2083                       /lib/x86_64-linux-gnu/libc-2.27.so
7f73a1259000-7f73a125d000 rw-p 00000000 00:00 0 
7f73a125d000-7f73a126b000 r-xp 00000000 fc:01 2079972                    /usr/lib/jvm/java-8-openjdk-amd64/jre/lib/amd64/jli/libjli.so
7f73a126b000-7f73a146a000 ---p 0000e000 fc:01 2079972                    /usr/lib/jvm/java-8-openjdk-amd64/jre/lib/amd64/jli/libjli.so
7f73a146a000-7f73a146b000 r--p 0000d000 fc:01 2079972                    /usr/lib/jvm/java-8-openjdk-amd64/jre/lib/amd64/jli/libjli.so
7f73a146b000-7f73a146c000 rw-p 0000e000 fc:01 2079972                    /usr/lib/jvm/java-8-openjdk-amd64/jre/lib/amd64/jli/libjli.so
7f73a146c000-7f73a1493000 r-xp 00000000 fc:01 2079                       /lib/x86_64-linux-gnu/ld-2.27.so
7f73a1493000-7f73a1494000 r--s 0000d000 fc:01 2080025                    /usr/lib/jvm/java-8-openjdk-amd64/jre/lib/ext/sunec.jar
7f73a1494000-7f73a1496000 r--s 00001000 fc:01 2080020                    /usr/lib/jvm/java-8-openjdk-amd64/jre/lib/ext/dnsns.jar
7f73a1496000-7f73a1499000 r--s 0000f000 fc:01 2080021                    /usr/lib/jvm/java-8-openjdk-amd64/jre/lib/ext/icedtea-sound.jar
7f73a1499000-7f73a14a3000 r--s 00116000 fc:01 2080023                    /usr/lib/jvm/java-8-openjdk-amd64/jre/lib/ext/localedata.jar
7f73a14a3000-7f73a14a4000 r--p 00000000 fc:01 7807                       /usr/lib/locale/C.UTF-8/LC_NUMERIC
7f73a14a4000-7f73a14a5000 r--p 00000000 fc:01 7810                       /usr/lib/locale/C.UTF-8/LC_TIME
7f73a14a5000-7f73a14a6000 r--p 00000000 fc:01 7805                       /usr/lib/locale/C.UTF-8/LC_MONETARY
7f73a14a6000-7f73a14a7000 r--p 00000000 fc:01 7799                       /usr/lib/locale/C.UTF-8/LC_MESSAGES/SYS_LC_MESSAGES
7f73a14a7000-7f73a14a8000 r--p 00000000 fc:01 7808                       /usr/lib/locale/C.UTF-8/LC_PAPER
7f73a14a8000-7f73a14a9000 r--p 00000000 fc:01 7806                       /usr/lib/locale/C.UTF-8/LC_NAME
7f73a14a9000-7f73a14aa000 r--p 00000000 fc:01 7800                       /usr/lib/locale/C.UTF-8/LC_ADDRESS
7f73a14aa000-7f73a14ab000 r--p 00000000 fc:01 7809                       /usr/lib/locale/C.UTF-8/LC_TELEPHONE
7f73a14ab000-7f73a14ac000 r--p 00000000 fc:01 7804                       /usr/lib/locale/C.UTF-8/LC_MEASUREMENT
7f73a14ac000-7f73a14b3000 r--s 00000000 fc:01 5010                       /usr/lib/x86_64-linux-gnu/gconv/gconv-modules.cache
7f73a14b3000-7f73a14b4000 r--p 00000000 fc:01 7803                       /usr/lib/locale/C.UTF-8/LC_IDENTIFICATION
7f73a14b4000-7f73a14ba000 rw-p 00000000 00:00 0 
7f73a14ba000-7f73a1507000 ---p 00000000 00:00 0 
7f73a1507000-7f73a150a000 rw-p 00000000 00:00 0 
7f73a150a000-7f73a1530000 ---p 00000000 00:00 0 
7f73a1530000-7f73a1536000 rw-p 00000000 00:00 0 
7f73a1536000-7f73a1583000 ---p 00000000 00:00 0 
7f73a1583000-7f73a1584000 rw-p 00000000 00:00 0 
7f73a1584000-7f73a1585000 ---p 00000000 00:00 0 
7f73a1585000-7f73a1588000 ---p 00000000 00:00 0 
7f73a1588000-7f73a1687000 rw-p 00000000 00:00 0 
7f73a1687000-7f73a168f000 rw-s 00000000 fc:01 527741                     /tmp/hsperfdata_mpiuser/10513
7f73a168f000-7f73a1690000 rw-p 00000000 00:00 0 
7f73a1690000-7f73a1691000 r--p 00000000 00:00 0 
7f73a1691000-7f73a1693000 rw-p 00000000 00:00 0 
7f73a1693000-7f73a1694000 r--p 00027000 fc:01 2079                       /lib/x86_64-linux-gnu/ld-2.27.so
7f73a1694000-7f73a1695000 rw-p 00028000 fc:01 2079                       /lib/x86_64-linux-gnu/ld-2.27.so
7f73a1695000-7f73a1696000 rw-p 00000000 00:00 0 
7ffe3e755000-7ffe3e776000 rw-p 00000000 00:00 0                          [stack]
7ffe3e7cc000-7ffe3e7cf000 r--p 00000000 00:00 0                          [vvar]
7ffe3e7cf000-7ffe3e7d1000 r-xp 00000000 00:00 0                          [vdso]
ffffffffff600000-ffffffffff601000 r-xp 00000000 00:00 0                  [vsyscall]

VM Arguments:
jvm_args: -Djava.library.path=/usr/local/lib 
java_command: Client 1000000 1 0
java_class_path (initial): /home/mpiuser/cloud/fyp/java_client:./lib/spring-jcl-5.2.5.RELEASE.jar:./lib/jackson-databind-2.10.3.jar:./lib/jackson-databind-2.10.2.jar:./lib/slf4j-simple-1.7.30.jar:./lib/amqp-client-5.8.0.jar:./lib/spring-web-5.2.5.RELEASE.jar:./lib/jackson-annotations-2.10.3.jar:./lib/mpi.jar:./lib/spring-beans-5.2.5.RELEASE.jar:./lib/jackson-annotations-2.10.2.jar:./lib/jackson-core-2.10.2.jar:./lib/jackson-core-2.10.3.jar:./lib/slf4j-api-1.7.29.jar:./lib/spring-core-5.2.5.RELEASE.jar:./lib/slf4j-api-1.7.30.jar:./lib/http-client-3.6.1.RELEASE.jar:/usr/local/lib/mpi.jar
Launcher Type: SUN_STANDARD

Environment Variables:
PATH=/usr/local/sbin:/usr/local/bin:/usr/sbin:/usr/bin:/sbin:/bin:/usr/games:/usr/local/games
SHELL=/bin/bash

Signal Handlers:
SIGSEGV: [libjvm.so+0xabc3b0], sa_mask[0]=11111111011111111101111111111110, sa_flags=SA_RESTART|SA_SIGINFO
SIGBUS: [libjvm.so+0xabc3b0], sa_mask[0]=11111111011111111101111111111110, sa_flags=SA_RESTART|SA_SIGINFO
SIGFPE: [libjvm.so+0x8f0bb0], sa_mask[0]=11111111011111111101111111111110, sa_flags=SA_RESTART|SA_SIGINFO
SIGPIPE: [libjvm.so+0x8f0bb0], sa_mask[0]=11111111011111111101111111111110, sa_flags=SA_RESTART|SA_SIGINFO
SIGXFSZ: [libjvm.so+0x8f0bb0], sa_mask[0]=11111111011111111101111111111110, sa_flags=SA_RESTART|SA_SIGINFO
SIGILL: [libjvm.so+0x8f0bb0], sa_mask[0]=11111111011111111101111111111110, sa_flags=SA_RESTART|SA_SIGINFO
SIGUSR1: SIG_DFL, sa_mask[0]=00000000000000000000000000000000, sa_flags=none
SIGUSR2: [libjvm.so+0x8f0a60], sa_mask[0]=00000000000000000000000000000000, sa_flags=SA_RESTART|SA_SIGINFO
SIGHUP: [libjvm.so+0x8f10d0], sa_mask[0]=11111111011111111101111111111110, sa_flags=SA_RESTART|SA_SIGINFO
SIGINT: [libjvm.so+0x8f10d0], sa_mask[0]=11111111011111111101111111111110, sa_flags=SA_RESTART|SA_SIGINFO
SIGTERM: [libjvm.so+0x8f10d0], sa_mask[0]=11111111011111111101111111111110, sa_flags=SA_RESTART|SA_SIGINFO
SIGQUIT: [libjvm.so+0x8f10d0], sa_mask[0]=11111111011111111101111111111110, sa_flags=SA_RESTART|SA_SIGINFO


---------------  S Y S T E M  ---------------

OS:DISTRIB_ID=Ubuntu
DISTRIB_RELEASE=18.04
DISTRIB_CODENAME=bionic
DISTRIB_DESCRIPTION="Ubuntu 18.04.3 LTS"

uname:Linux 4.15.0-66-generic #75-Ubuntu SMP Tue Oct 1 05:24:09 UTC 2019 x86_64
libc:glibc 2.27 NPTL 2.27 
rlimit: STACK 8192k, CORE 0k, NPROC 3841, NOFILE 1048576, AS infinity
load average:0.01 0.01 0.00

/proc/meminfo:
MemTotal:        1008808 kB
MemFree:           92304 kB
MemAvailable:     394148 kB
Buffers:          114936 kB
Cached:           274896 kB
SwapCached:            0 kB
Active:           642732 kB
Inactive:         105804 kB
Active(anon):     356888 kB
Inactive(anon):      180 kB
Active(file):     285844 kB
Inactive(file):   105624 kB
Unevictable:           0 kB
Mlocked:               0 kB
SwapTotal:             0 kB
SwapFree:              0 kB
Dirty:              2048 kB
Writeback:             0 kB
AnonPages:        358728 kB
Mapped:            65396 kB
Shmem:               640 kB
Slab:             122012 kB
SReclaimable:      76012 kB
SUnreclaim:        46000 kB
KernelStack:        8252 kB
PageTables:        12660 kB
NFS_Unstable:          0 kB
Bounce:                0 kB
WritebackTmp:          0 kB
CommitLimit:      504404 kB
Committed_AS:    2739792 kB
VmallocTotal:   34359738367 kB
VmallocUsed:           0 kB
VmallocChunk:          0 kB
HardwareCorrupted:     0 kB
AnonHugePages:         0 kB
ShmemHugePages:        0 kB
ShmemPmdMapped:        0 kB
CmaTotal:              0 kB
CmaFree:               0 kB
HugePages_Total:       0
HugePages_Free:        0
HugePages_Rsvd:        0
HugePages_Surp:        0
Hugepagesize:       2048 kB
DirectMap4k:      288748 kB
DirectMap2M:      759808 kB

container (cgroup) information:
container_type: cgroupv1
cpu_cpuset_cpus: 0-2
cpu_memory_nodes: 0
active_processor_count: 3
cpu_quota: -1
cpu_period: 100000
cpu_shares: -1
memory_limit_in_bytes: -1
memory_and_swap_limit_in_bytes: -2
memory_soft_limit_in_bytes: -1
memory_usage_in_bytes: 602034176
memory_max_usage_in_bytes: 868425728


CPU:total 3 (initial active 3) (1 cores per cpu, 1 threads per core) family 6 model 79 stepping 1, cmov, cx8, fxsr, mmx, sse, sse2, sse3, ssse3, sse4.1, sse4.2, popcnt, avx, avx2, aes, clmul, erms, 3dnowpref, lzcnt, tsc, bmi1, bmi2, adx

/proc/cpuinfo:
processor	: 0
vendor_id	: GenuineIntel
cpu family	: 6
model		: 79
model name	: Intel(R) Xeon(R) CPU E5-2650 v4 @ 2.20GHz
stepping	: 1
microcode	: 0x1
cpu MHz		: 2199.998
cache size	: 4096 KB
physical id	: 0
siblings	: 1
core id		: 0
cpu cores	: 1
apicid		: 0
initial apicid	: 0
fpu		: yes
fpu_exception	: yes
cpuid level	: 13
wp		: yes
flags		: fpu vme de pse tsc msr pae mce cx8 apic sep mtrr pge mca cmov pat pse36 clflush mmx fxsr sse sse2 ss syscall nx rdtscp lm constant_tsc arch_perfmon rep_good nopl cpuid tsc_known_freq pni pclmulqdq vmx ssse3 fma cx16 pcid sse4_1 sse4_2 x2apic movbe popcnt tsc_deadline_timer aes xsave avx f16c rdrand hypervisor lahf_lm abm 3dnowprefetch cpuid_fault invpcid_single pti ssbd ibrs ibpb tpr_shadow vnmi flexpriority ept vpid fsgsbase tsc_adjust bmi1 avx2 smep bmi2 erms invpcid rdseed adx smap xsaveopt md_clear
bugs		: cpu_meltdown spectre_v1 spectre_v2 spec_store_bypass l1tf mds swapgs
bogomips	: 4399.99
clflush size	: 64
cache_alignment	: 64
address sizes	: 40 bits physical, 48 bits virtual
power management:

processor	: 1
vendor_id	: GenuineIntel
cpu family	: 6
model		: 79
model name	: Intel(R) Xeon(R) CPU E5-2650 v4 @ 2.20GHz
stepping	: 1
microcode	: 0x1
cpu MHz		: 2199.998
cache size	: 4096 KB
physical id	: 1
siblings	: 1
core id		: 0
cpu cores	: 1
apicid		: 1
initial apicid	: 1
fpu		: yes
fpu_exception	: yes
cpuid level	: 13
wp		: yes
flags		: fpu vme de pse tsc msr pae mce cx8 apic sep mtrr pge mca cmov pat pse36 clflush mmx fxsr sse sse2 ss syscall nx rdtscp lm constant_tsc arch_perfmon rep_good nopl cpuid tsc_known_freq pni pclmulqdq vmx ssse3 fma cx16 pcid sse4_1 sse4_2 x2apic movbe popcnt tsc_deadline_timer aes xsave avx f16c rdrand hypervisor lahf_lm abm 3dnowprefetch cpuid_fault invpcid_single pti ssbd ibrs ibpb tpr_shadow vnmi flexpriority ept vpid fsgsbase tsc_adjust bmi1 avx2 smep bmi2 erms invpcid rdseed adx smap xsaveopt md_clear
bugs		: cpu_meltdown spectre_v1 spectre_v2 spec_store_bypass l1tf mds swapgs
bogomips	: 4399.99
clflush size	: 64
cache_alignment	: 64
address sizes	: 40 bits physical, 48 bits virtual
power management:

processor	: 2
vendor_id	: GenuineIntel
cpu family	: 6
model		: 79
model name	: Intel(R) Xeon(R) CPU E5-2650 v4 @ 2.20GHz
stepping	: 1
microcode	: 0x1
cpu MHz		: 2199.998
cache size	: 4096 KB
physical id	: 2
siblings	: 1
core id		: 0
cpu cores	: 1
apicid		: 2
initial apicid	: 2
fpu		: yes
fpu_exception	: yes
cpuid level	: 13
wp		: yes
flags		: fpu vme de pse tsc msr pae mce cx8 apic sep mtrr pge mca cmov pat pse36 clflush mmx fxsr sse sse2 ss syscall nx rdtscp lm constant_tsc arch_perfmon rep_good nopl cpuid tsc_known_freq pni pclmulqdq vmx ssse3 fma cx16 pcid sse4_1 sse4_2 x2apic movbe popcnt tsc_deadline_timer aes xsave avx f16c rdrand hypervisor lahf_lm abm 3dnowprefetch cpuid_fault invpcid_single pti ssbd ibrs ibpb tpr_shadow vnmi flexpriority ept vpid fsgsbase tsc_adjust bmi1 avx2 smep bmi2 erms invpcid rdseed adx smap xsaveopt md_clear
bugs		: cpu_meltdown spectre_v1 spectre_v2 spec_store_bypass l1tf mds swapgs
bogomips	: 4399.99
clflush size	: 64
cache_alignment	: 64
address sizes	: 40 bits physical, 48 bits virtual
power management:



Memory: 4k page, physical 1008808k(92304k free), swap 0k(0k free)

vm_info: OpenJDK 64-Bit Server VM (25.242-b08) for linux-amd64 JRE (1.8.0_242-8u242-b08-0ubuntu3~18.04-b08), built on Jan 17 2020 23:41:21 by "buildd" with gcc 7.4.0

time: Mon Apr  6 11:41:32 2020
timezone: UTC
elapsed time: 1 seconds (0d 0h 0m 1s)

