#
# There is insufficient memory for the Java Runtime Environment to continue.
# Native memory allocation (mmap) failed to map 11206656 bytes for committing reserved memory.
# Possible reasons:
#   The system is out of physical RAM or swap space
#   The process is running with CompressedOops enabled, and the Java Heap may be blocking the growth of the native heap
# Possible solutions:
#   Reduce memory load on the system
#   Increase physical memory or swap space
#   Check if swap backing store is full
#   Decrease Java heap size (-Xmx/-Xms)
#   Decrease number of Java threads
#   Decrease Java thread stack sizes (-Xss)
#   Set larger code cache with -XX:ReservedCodeCacheSize=
# This output file may be truncated or incomplete.
#
#  Out of Memory Error (os_linux.cpp:2757), pid=5663, tid=0x00007feb19c5f700
#
# JRE version:  (8.0_242-b08) (build )
# Java VM: OpenJDK 64-Bit Server VM (25.242-b08 mixed mode linux-amd64 compressed oops)
# Failed to write core dump. Core dumps have been disabled. To enable core dumping, try "ulimit -c unlimited" before starting Java again
#

---------------  T H R E A D  ---------------

Current thread (0x00007feb1000b800):  JavaThread "Unknown thread" [_thread_in_vm, id=5711, stack(0x00007feb19b60000,0x00007feb19c60000)]

Stack: [0x00007feb19b60000,0x00007feb19c60000],  sp=0x00007feb19c5e4c0,  free space=1017k
Native frames: (J=compiled Java code, j=interpreted, Vv=VM code, C=native code)
V  [libjvm.so+0xabba52]
V  [libjvm.so+0x4de2e7]
V  [libjvm.so+0x8f59f0]
V  [libjvm.so+0x8ecabe]
V  [libjvm.so+0xab7c9c]
V  [libjvm.so+0x5e70f6]
V  [libjvm.so+0xa542ca]
V  [libjvm.so+0x5e84fd]
V  [libjvm.so+0x5d28ff]
V  [libjvm.so+0xa7de5a]
V  [libjvm.so+0xa7e155]
V  [libjvm.so+0x62b7bf]
V  [libjvm.so+0xa61b23]
V  [libjvm.so+0x6aeb11]  JNI_CreateJavaVM+0x61
C  [libjli.so+0x2ce3]
C  [libjli.so+0x78cd]
C  [libpthread.so.0+0x76db]  start_thread+0xdb


---------------  P R O C E S S  ---------------

Java Threads: ( => current thread )

Other Threads:

=>0x00007feb1000b800 (exited) JavaThread "Unknown thread" [_thread_in_vm, id=5711, stack(0x00007feb19b60000,0x00007feb19c60000)]

VM state:not at safepoint (not fully initialized)

VM Mutex/Monitor currently owned by a thread: None

heap address: 0x00000000f0800000, size: 248 MB, Compressed Oops mode: Non-zero based:0x00000000f07ff000
Narrow klass base: 0x0000000000000000, Narrow klass shift: 0

GC Heap History (0 events):
No events

Deoptimization events (0 events):
No events

Classes redefined (0 events):
No events

Internal exceptions (0 events):
No events

Events (0 events):
No events


Dynamic libraries:
f0800000-f0d50000 rw-p 00000000 00:00 0 
f0d50000-f5aa0000 ---p 00000000 00:00 0 
f6550000-100000000 ---p 00000000 00:00 0 
55bd2a67d000-55bd2a67e000 r-xp 00000000 fc:01 1302575                    /usr/lib/jvm/java-8-openjdk-amd64/jre/bin/java
55bd2a87d000-55bd2a87e000 r--p 00000000 fc:01 1302575                    /usr/lib/jvm/java-8-openjdk-amd64/jre/bin/java
55bd2a87e000-55bd2a87f000 rw-p 00001000 fc:01 1302575                    /usr/lib/jvm/java-8-openjdk-amd64/jre/bin/java
55bd2a8c9000-55bd2a8ea000 rw-p 00000000 00:00 0                          [heap]
7feb01000000-7feb01270000 rwxp 00000000 00:00 0 
7feb01270000-7feb10000000 ---p 00000000 00:00 0 
7feb10000000-7feb10034000 rw-p 00000000 00:00 0 
7feb10034000-7feb14000000 ---p 00000000 00:00 0 
7feb160e7000-7feb160f1000 rw-p 00000000 00:00 0 
7feb160f1000-7feb164a7000 ---p 00000000 00:00 0 
7feb164a7000-7feb164af000 r-xp 00000000 fc:01 1302619                    /usr/lib/jvm/java-8-openjdk-amd64/jre/lib/amd64/libzip.so
7feb164af000-7feb166ae000 ---p 00008000 fc:01 1302619                    /usr/lib/jvm/java-8-openjdk-amd64/jre/lib/amd64/libzip.so
7feb166ae000-7feb166af000 r--p 00007000 fc:01 1302619                    /usr/lib/jvm/java-8-openjdk-amd64/jre/lib/amd64/libzip.so
7feb166af000-7feb166b0000 rw-p 00008000 fc:01 1302619                    /usr/lib/jvm/java-8-openjdk-amd64/jre/lib/amd64/libzip.so
7feb166b0000-7feb166bb000 r-xp 00000000 fc:01 2093                       /lib/x86_64-linux-gnu/libnss_files-2.27.so
7feb166bb000-7feb168ba000 ---p 0000b000 fc:01 2093                       /lib/x86_64-linux-gnu/libnss_files-2.27.so
7feb168ba000-7feb168bb000 r--p 0000a000 fc:01 2093                       /lib/x86_64-linux-gnu/libnss_files-2.27.so
7feb168bb000-7feb168bc000 rw-p 0000b000 fc:01 2093                       /lib/x86_64-linux-gnu/libnss_files-2.27.so
7feb168bc000-7feb168c2000 rw-p 00000000 00:00 0 
7feb168c2000-7feb168d9000 r-xp 00000000 fc:01 2090                       /lib/x86_64-linux-gnu/libnsl-2.27.so
7feb168d9000-7feb16ad8000 ---p 00017000 fc:01 2090                       /lib/x86_64-linux-gnu/libnsl-2.27.so
7feb16ad8000-7feb16ad9000 r--p 00016000 fc:01 2090                       /lib/x86_64-linux-gnu/libnsl-2.27.so
7feb16ad9000-7feb16ada000 rw-p 00017000 fc:01 2090                       /lib/x86_64-linux-gnu/libnsl-2.27.so
7feb16ada000-7feb16adc000 rw-p 00000000 00:00 0 
7feb16adc000-7feb16ae7000 r-xp 00000000 fc:01 2095                       /lib/x86_64-linux-gnu/libnss_nis-2.27.so
7feb16ae7000-7feb16ce6000 ---p 0000b000 fc:01 2095                       /lib/x86_64-linux-gnu/libnss_nis-2.27.so
7feb16ce6000-7feb16ce7000 r--p 0000a000 fc:01 2095                       /lib/x86_64-linux-gnu/libnss_nis-2.27.so
7feb16ce7000-7feb16ce8000 rw-p 0000b000 fc:01 2095                       /lib/x86_64-linux-gnu/libnss_nis-2.27.so
7feb16ce8000-7feb16cf0000 r-xp 00000000 fc:01 2091                       /lib/x86_64-linux-gnu/libnss_compat-2.27.so
7feb16cf0000-7feb16ef0000 ---p 00008000 fc:01 2091                       /lib/x86_64-linux-gnu/libnss_compat-2.27.so
7feb16ef0000-7feb16ef1000 r--p 00008000 fc:01 2091                       /lib/x86_64-linux-gnu/libnss_compat-2.27.so
7feb16ef1000-7feb16ef2000 rw-p 00009000 fc:01 2091                       /lib/x86_64-linux-gnu/libnss_compat-2.27.so
7feb16ef2000-7feb16f1c000 r-xp 00000000 fc:01 1302600                    /usr/lib/jvm/java-8-openjdk-amd64/jre/lib/amd64/libjava.so
7feb16f1c000-7feb1711b000 ---p 0002a000 fc:01 1302600                    /usr/lib/jvm/java-8-openjdk-amd64/jre/lib/amd64/libjava.so
7feb1711b000-7feb1711c000 r--p 00029000 fc:01 1302600                    /usr/lib/jvm/java-8-openjdk-amd64/jre/lib/amd64/libjava.so
7feb1711c000-7feb1711e000 rw-p 0002a000 fc:01 1302600                    /usr/lib/jvm/java-8-openjdk-amd64/jre/lib/amd64/libjava.so
7feb1711e000-7feb1712e000 r-xp 00000000 fc:01 1302618                    /usr/lib/jvm/java-8-openjdk-amd64/jre/lib/amd64/libverify.so
7feb1712e000-7feb1732d000 ---p 00010000 fc:01 1302618                    /usr/lib/jvm/java-8-openjdk-amd64/jre/lib/amd64/libverify.so
7feb1732d000-7feb1732f000 r--p 0000f000 fc:01 1302618                    /usr/lib/jvm/java-8-openjdk-amd64/jre/lib/amd64/libverify.so
7feb1732f000-7feb17330000 rw-p 00011000 fc:01 1302618                    /usr/lib/jvm/java-8-openjdk-amd64/jre/lib/amd64/libverify.so
7feb17330000-7feb17337000 r-xp 00000000 fc:01 2180                       /lib/x86_64-linux-gnu/librt-2.27.so
7feb17337000-7feb17536000 ---p 00007000 fc:01 2180                       /lib/x86_64-linux-gnu/librt-2.27.so
7feb17536000-7feb17537000 r--p 00006000 fc:01 2180                       /lib/x86_64-linux-gnu/librt-2.27.so
7feb17537000-7feb17538000 rw-p 00007000 fc:01 2180                       /lib/x86_64-linux-gnu/librt-2.27.so
7feb17538000-7feb1754f000 r-xp 00000000 fc:01 29154                      /lib/x86_64-linux-gnu/libgcc_s.so.1
7feb1754f000-7feb1774e000 ---p 00017000 fc:01 29154                      /lib/x86_64-linux-gnu/libgcc_s.so.1
7feb1774e000-7feb1774f000 r--p 00016000 fc:01 29154                      /lib/x86_64-linux-gnu/libgcc_s.so.1
7feb1774f000-7feb17750000 rw-p 00017000 fc:01 29154                      /lib/x86_64-linux-gnu/libgcc_s.so.1
7feb17750000-7feb178ed000 r-xp 00000000 fc:01 2087                       /lib/x86_64-linux-gnu/libm-2.27.so
7feb178ed000-7feb17aec000 ---p 0019d000 fc:01 2087                       /lib/x86_64-linux-gnu/libm-2.27.so
7feb17aec000-7feb17aed000 r--p 0019c000 fc:01 2087                       /lib/x86_64-linux-gnu/libm-2.27.so
7feb17aed000-7feb17aee000 rw-p 0019d000 fc:01 2087                       /lib/x86_64-linux-gnu/libm-2.27.so
7feb17aee000-7feb17c67000 r-xp 00000000 fc:01 4344                       /usr/lib/x86_64-linux-gnu/libstdc++.so.6.0.25
7feb17c67000-7feb17e67000 ---p 00179000 fc:01 4344                       /usr/lib/x86_64-linux-gnu/libstdc++.so.6.0.25
7feb17e67000-7feb17e71000 r--p 00179000 fc:01 4344                       /usr/lib/x86_64-linux-gnu/libstdc++.so.6.0.25
7feb17e71000-7feb17e73000 rw-p 00183000 fc:01 4344                       /usr/lib/x86_64-linux-gnu/libstdc++.so.6.0.25
7feb17e73000-7feb17e77000 rw-p 00000000 00:00 0 
7feb17e77000-7feb18b1a000 r-xp 00000000 fc:01 1302622                    /usr/lib/jvm/java-8-openjdk-amd64/jre/lib/amd64/server/libjvm.so
7feb18b1a000-7feb18d1a000 ---p 00ca3000 fc:01 1302622                    /usr/lib/jvm/java-8-openjdk-amd64/jre/lib/amd64/server/libjvm.so
7feb18d1a000-7feb18dae000 r--p 00ca3000 fc:01 1302622                    /usr/lib/jvm/java-8-openjdk-amd64/jre/lib/amd64/server/libjvm.so
7feb18dae000-7feb18dd7000 rw-p 00d37000 fc:01 1302622                    /usr/lib/jvm/java-8-openjdk-amd64/jre/lib/amd64/server/libjvm.so
7feb18dd7000-7feb18e07000 rw-p 00000000 00:00 0 
7feb18e07000-7feb18e21000 r-xp 00000000 fc:01 2178                       /lib/x86_64-linux-gnu/libpthread-2.27.so
7feb18e21000-7feb19020000 ---p 0001a000 fc:01 2178                       /lib/x86_64-linux-gnu/libpthread-2.27.so
7feb19020000-7feb19021000 r--p 00019000 fc:01 2178                       /lib/x86_64-linux-gnu/libpthread-2.27.so
7feb19021000-7feb19022000 rw-p 0001a000 fc:01 2178                       /lib/x86_64-linux-gnu/libpthread-2.27.so
7feb19022000-7feb19026000 rw-p 00000000 00:00 0 
7feb19026000-7feb19029000 r-xp 00000000 fc:01 2086                       /lib/x86_64-linux-gnu/libdl-2.27.so
7feb19029000-7feb19228000 ---p 00003000 fc:01 2086                       /lib/x86_64-linux-gnu/libdl-2.27.so
7feb19228000-7feb19229000 r--p 00002000 fc:01 2086                       /lib/x86_64-linux-gnu/libdl-2.27.so
7feb19229000-7feb1922a000 rw-p 00003000 fc:01 2086                       /lib/x86_64-linux-gnu/libdl-2.27.so
7feb1922a000-7feb19246000 r-xp 00000000 fc:01 2183                       /lib/x86_64-linux-gnu/libz.so.1.2.11
7feb19246000-7feb19445000 ---p 0001c000 fc:01 2183                       /lib/x86_64-linux-gnu/libz.so.1.2.11
7feb19445000-7feb19446000 r--p 0001b000 fc:01 2183                       /lib/x86_64-linux-gnu/libz.so.1.2.11
7feb19446000-7feb19447000 rw-p 0001c000 fc:01 2183                       /lib/x86_64-linux-gnu/libz.so.1.2.11
7feb19447000-7feb1962e000 r-xp 00000000 fc:01 2083                       /lib/x86_64-linux-gnu/libc-2.27.so
7feb1962e000-7feb1982e000 ---p 001e7000 fc:01 2083                       /lib/x86_64-linux-gnu/libc-2.27.so
7feb1982e000-7feb19832000 r--p 001e7000 fc:01 2083                       /lib/x86_64-linux-gnu/libc-2.27.so
7feb19832000-7feb19834000 rw-p 001eb000 fc:01 2083                       /lib/x86_64-linux-gnu/libc-2.27.so
7feb19834000-7feb19838000 rw-p 00000000 00:00 0 
7feb19838000-7feb19846000 r-xp 00000000 fc:01 1555499                    /usr/lib/jvm/java-8-openjdk-amd64/jre/lib/amd64/jli/libjli.so
7feb19846000-7feb19a45000 ---p 0000e000 fc:01 1555499                    /usr/lib/jvm/java-8-openjdk-amd64/jre/lib/amd64/jli/libjli.so
7feb19a45000-7feb19a46000 r--p 0000d000 fc:01 1555499                    /usr/lib/jvm/java-8-openjdk-amd64/jre/lib/amd64/jli/libjli.so
7feb19a46000-7feb19a47000 rw-p 0000e000 fc:01 1555499                    /usr/lib/jvm/java-8-openjdk-amd64/jre/lib/amd64/jli/libjli.so
7feb19a47000-7feb19a6e000 r-xp 00000000 fc:01 2079                       /lib/x86_64-linux-gnu/ld-2.27.so
7feb19ae2000-7feb19ae5000 rw-p 00000000 00:00 0 
7feb19ae5000-7feb19b5e000 ---p 00000000 00:00 0 
7feb19b5e000-7feb19b5f000 rw-p 00000000 00:00 0 
7feb19b5f000-7feb19b60000 ---p 00000000 00:00 0 
7feb19b60000-7feb19b63000 ---p 00000000 00:00 0 
7feb19b63000-7feb19c62000 rw-p 00000000 00:00 0 
7feb19c62000-7feb19c6a000 rw-s 00000000 fc:01 1039916                    /tmp/hsperfdata_mpiuser/5663
7feb19c6a000-7feb19c6b000 rw-p 00000000 00:00 0 
7feb19c6b000-7feb19c6c000 r--p 00000000 00:00 0 
7feb19c6c000-7feb19c6e000 rw-p 00000000 00:00 0 
7feb19c6e000-7feb19c6f000 r--p 00027000 fc:01 2079                       /lib/x86_64-linux-gnu/ld-2.27.so
7feb19c6f000-7feb19c70000 rw-p 00028000 fc:01 2079                       /lib/x86_64-linux-gnu/ld-2.27.so
7feb19c70000-7feb19c71000 rw-p 00000000 00:00 0 
7ffd1edfc000-7ffd1ee1d000 rw-p 00000000 00:00 0                          [stack]
7ffd1ee60000-7ffd1ee63000 r--p 00000000 00:00 0                          [vvar]
7ffd1ee63000-7ffd1ee65000 r-xp 00000000 00:00 0                          [vdso]
ffffffffff600000-ffffffffff601000 r-xp 00000000 00:00 0                  [vsyscall]

VM Arguments:
jvm_args: -Djava.library.path=/usr/local/lib 
java_command: Client 1000000 100 0
java_class_path (initial): /home/mpiuser/cloud/fyp/java_client:./lib/spring-jcl-5.2.5.RELEASE.jar:./lib/jackson-databind-2.10.3.jar:./lib/jackson-databind-2.10.2.jar:./lib/slf4j-simple-1.7.30.jar:./lib/amqp-client-5.8.0.jar:./lib/spring-web-5.2.5.RELEASE.jar:./lib/jackson-annotations-2.10.3.jar:./lib/mpi.jar:./lib/spring-beans-5.2.5.RELEASE.jar:./lib/jackson-annotations-2.10.2.jar:./lib/jackson-core-2.10.2.jar:./lib/jackson-core-2.10.3.jar:./lib/slf4j-api-1.7.29.jar:./lib/spring-core-5.2.5.RELEASE.jar:./lib/slf4j-api-1.7.30.jar:./lib/http-client-3.6.1.RELEASE.jar:/usr/local/lib/mpi.jar
Launcher Type: SUN_STANDARD

Environment Variables:
PATH=/usr/local/sbin:/usr/local/bin:/usr/sbin:/usr/bin:/sbin:/bin:/usr/games:/usr/local/games:/snap/bin
SHELL=/bin/bash

Signal Handlers:
SIGSEGV: [libjvm.so+0xabc3b0], sa_mask[0]=11111111011111111101111111111110, sa_flags=SA_RESTART|SA_SIGINFO
SIGBUS: [libjvm.so+0xabc3b0], sa_mask[0]=11111111011111111101111111111110, sa_flags=SA_RESTART|SA_SIGINFO
SIGFPE: [libjvm.so+0x8f0bb0], sa_mask[0]=11111111011111111101111111111110, sa_flags=SA_RESTART|SA_SIGINFO
SIGPIPE: [libjvm.so+0x8f0bb0], sa_mask[0]=11111111011111111101111111111110, sa_flags=SA_RESTART|SA_SIGINFO
SIGXFSZ: [libjvm.so+0x8f0bb0], sa_mask[0]=11111111011111111101111111111110, sa_flags=SA_RESTART|SA_SIGINFO
SIGILL: [libjvm.so+0x8f0bb0], sa_mask[0]=11111111011111111101111111111110, sa_flags=SA_RESTART|SA_SIGINFO
SIGUSR1: SIG_DFL, sa_mask[0]=00000000000000000000000000000000, sa_flags=none
SIGUSR2: [libjvm.so+0x8f0a60], sa_mask[0]=00000000000000000000000000000000, sa_flags=SA_RESTART|SA_SIGINFO
SIGHUP: SIG_DFL, sa_mask[0]=00000000000000000000000000000000, sa_flags=none
SIGINT: SIG_DFL, sa_mask[0]=00000000000000000000000000000000, sa_flags=none
SIGTERM: SIG_DFL, sa_mask[0]=00000000000000000000000000000000, sa_flags=none
SIGQUIT: SIG_DFL, sa_mask[0]=00000000000000000000000000000000, sa_flags=none


---------------  S Y S T E M  ---------------

OS:DISTRIB_ID=Ubuntu
DISTRIB_RELEASE=18.04
DISTRIB_CODENAME=bionic
DISTRIB_DESCRIPTION="Ubuntu 18.04.3 LTS"

uname:Linux 4.15.0-91-generic #92-Ubuntu SMP Fri Feb 28 11:09:48 UTC 2020 x86_64
libc:glibc 2.27 NPTL 2.27 
rlimit: STACK 8192k, CORE 0k, NPROC 3837, NOFILE 1048576, AS infinity
load average:9.37 1.94 0.63

/proc/meminfo:
MemTotal:        1008492 kB
MemFree:           50412 kB
MemAvailable:          0 kB
Buffers:             344 kB
Cached:            11088 kB
SwapCached:            0 kB
Active:           813312 kB
Inactive:           5184 kB
Active(anon):     807920 kB
Inactive(anon):      252 kB
Active(file):       5392 kB
Inactive(file):     4932 kB
Unevictable:           0 kB
Mlocked:               0 kB
SwapTotal:             0 kB
SwapFree:              0 kB
Dirty:               372 kB
Writeback:             0 kB
AnonPages:        807516 kB
Mapped:             8808 kB
Shmem:               648 kB
Slab:              68192 kB
SReclaimable:      20760 kB
SUnreclaim:        47432 kB
KernelStack:       13024 kB
PageTables:        27568 kB
NFS_Unstable:          0 kB
Bounce:                0 kB
WritebackTmp:          0 kB
CommitLimit:      504244 kB
Committed_AS:    5051660 kB
VmallocTotal:   34359738367 kB
VmallocUsed:           0 kB
VmallocChunk:          0 kB
HardwareCorrupted:     0 kB
AnonHugePages:         0 kB
ShmemHugePages:        0 kB
ShmemPmdMapped:        0 kB
CmaTotal:              0 kB
CmaFree:               0 kB
HugePages_Total:       0
HugePages_Free:        0
HugePages_Rsvd:        0
HugePages_Surp:        0
Hugepagesize:       2048 kB
DirectMap4k:       83948 kB
DirectMap2M:      964608 kB
DirectMap1G:           0 kB

container (cgroup) information:
container_type: cgroupv1
cpu_cpuset_cpus: 0-2
cpu_memory_nodes: 0
active_processor_count: 3
cpu_quota: -1
cpu_period: 100000
cpu_shares: -1
memory_limit_in_bytes: -1
memory_and_swap_limit_in_bytes: -2
memory_soft_limit_in_bytes: -1
memory_usage_in_bytes: 815431680
memory_max_usage_in_bytes: 816361472


CPU:total 3 (initial active 3) (1 cores per cpu, 1 threads per core) family 6 model 85 stepping 4, cmov, cx8, fxsr, mmx, sse, sse2, sse3, ssse3, sse4.1, sse4.2, popcnt, avx, avx2, aes, clmul, erms, 3dnowpref, lzcnt, tsc, bmi1, bmi2, adx

/proc/cpuinfo:
processor	: 0
vendor_id	: GenuineIntel
cpu family	: 6
model		: 85
model name	: Intel(R) Xeon(R) Gold 6140 CPU @ 2.30GHz
stepping	: 4
microcode	: 0x1
cpu MHz		: 2294.608
cache size	: 4096 KB
physical id	: 0
siblings	: 1
core id		: 0
cpu cores	: 1
apicid		: 0
initial apicid	: 0
fpu		: yes
fpu_exception	: yes
cpuid level	: 13
wp		: yes
flags		: fpu vme de pse tsc msr pae mce cx8 apic sep mtrr pge mca cmov pat pse36 clflush mmx fxsr sse sse2 ss syscall nx pdpe1gb rdtscp lm constant_tsc arch_perfmon rep_good nopl cpuid tsc_known_freq pni pclmulqdq vmx ssse3 fma cx16 pcid sse4_1 sse4_2 x2apic movbe popcnt tsc_deadline_timer aes xsave avx f16c rdrand hypervisor lahf_lm abm 3dnowprefetch cpuid_fault invpcid_single pti ssbd ibrs ibpb tpr_shadow vnmi flexpriority ept vpid fsgsbase tsc_adjust bmi1 avx2 smep bmi2 erms invpcid mpx avx512f avx512dq rdseed adx smap clflushopt clwb avx512cd avx512bw avx512vl xsaveopt xsavec xgetbv1 pku ospke md_clear
bugs		: cpu_meltdown spectre_v1 spectre_v2 spec_store_bypass l1tf mds swapgs itlb_multihit
bogomips	: 4589.21
clflush size	: 64
cache_alignment	: 64
address sizes	: 40 bits physical, 48 bits virtual
power management:

processor	: 1
vendor_id	: GenuineIntel
cpu family	: 6
model		: 85
model name	: Intel(R) Xeon(R) Gold 6140 CPU @ 2.30GHz
stepping	: 4
microcode	: 0x1
cpu MHz		: 2294.608
cache size	: 4096 KB
physical id	: 1
siblings	: 1
core id		: 0
cpu cores	: 1
apicid		: 1
initial apicid	: 1
fpu		: yes
fpu_exception	: yes
cpuid level	: 13
wp		: yes
flags		: fpu vme de pse tsc msr pae mce cx8 apic sep mtrr pge mca cmov pat pse36 clflush mmx fxsr sse sse2 ss syscall nx pdpe1gb rdtscp lm constant_tsc arch_perfmon rep_good nopl cpuid tsc_known_freq pni pclmulqdq vmx ssse3 fma cx16 pcid sse4_1 sse4_2 x2apic movbe popcnt tsc_deadline_timer aes xsave avx f16c rdrand hypervisor lahf_lm abm 3dnowprefetch cpuid_fault invpcid_single pti ssbd ibrs ibpb tpr_shadow vnmi flexpriority ept vpid fsgsbase tsc_adjust bmi1 avx2 smep bmi2 erms invpcid mpx avx512f avx512dq rdseed adx smap clflushopt clwb avx512cd avx512bw avx512vl xsaveopt xsavec xgetbv1 pku ospke md_clear
bugs		: cpu_meltdown spectre_v1 spectre_v2 spec_store_bypass l1tf mds swapgs itlb_multihit
bogomips	: 4589.21
clflush size	: 64
cache_alignment	: 64
address sizes	: 40 bits physical, 48 bits virtual
power management:

processor	: 2
vendor_id	: GenuineIntel
cpu family	: 6
model		: 85
model name	: Intel(R) Xeon(R) Gold 6140 CPU @ 2.30GHz
stepping	: 4
microcode	: 0x1
cpu MHz		: 2294.608
cache size	: 4096 KB
physical id	: 2
siblings	: 1
core id		: 0
cpu cores	: 1
apicid		: 2
initial apicid	: 2
fpu		: yes
fpu_exception	: yes
cpuid level	: 13
wp		: yes
flags		: fpu vme de pse tsc msr pae mce cx8 apic sep mtrr pge mca cmov pat pse36 clflush mmx fxsr sse sse2 ss syscall nx pdpe1gb rdtscp lm constant_tsc arch_perfmon rep_good nopl cpuid tsc_known_freq pni pclmulqdq vmx ssse3 fma cx16 pcid sse4_1 sse4_2 x2apic movbe popcnt tsc_deadline_timer aes xsave avx f16c rdrand hypervisor lahf_lm abm 3dnowprefetch cpuid_fault invpcid_single pti ssbd ibrs ibpb tpr_shadow vnmi flexpriority ept vpid fsgsbase tsc_adjust bmi1 avx2 smep bmi2 erms invpcid mpx avx512f avx512dq rdseed adx smap clflushopt clwb avx512cd avx512bw avx512vl xsaveopt xsavec xgetbv1 pku ospke md_clear
bugs		: cpu_meltdown spectre_v1 spectre_v2 spec_store_bypass l1tf mds swapgs itlb_multihit
bogomips	: 4589.21
clflush size	: 64
cache_alignment	: 64
address sizes	: 40 bits physical, 48 bits virtual
power management:



Memory: 4k page, physical 1008492k(49892k free), swap 0k(0k free)

vm_info: OpenJDK 64-Bit Server VM (25.242-b08) for linux-amd64 JRE (1.8.0_242-8u242-b08-0ubuntu3~18.04-b08), built on Jan 17 2020 23:41:21 by "buildd" with gcc 7.4.0

time: Mon Apr  6 11:39:52 2020
timezone: UTC
elapsed time: 0 seconds (0d 0h 0m 0s)

