#
# A fatal error has been detected by the Java Runtime Environment:
#
#  SIGSEGV (0xb) at pc=0x00007fe13560817c, pid=5143, tid=0x00007fe16daf8700
#
# JRE version: OpenJDK Runtime Environment (8.0_242-b08) (build 1.8.0_242-8u242-b08-0ubuntu3~18.04-b08)
# Java VM: OpenJDK 64-Bit Server VM (25.242-b08 mixed mode linux-amd64 compressed oops)
# Problematic frame:
# C  [mca_gds_ds21.so+0x217c]  pmix_gds_ds21_lock_init+0x13c
#
# Failed to write core dump. Core dumps have been disabled. To enable core dumping, try "ulimit -c unlimited" before starting Java again
#
# If you would like to submit a bug report, please visit:
#   http://bugreport.java.com/bugreport/crash.jsp
# The crash happened outside the Java Virtual Machine in native code.
# See problematic frame for where to report the bug.
#

---------------  T H R E A D  ---------------

Current thread (0x00007fe16400b800):  JavaThread "main" [_thread_in_native, id=5171, stack(0x00007fe16d9f9000,0x00007fe16daf9000)]

siginfo: si_signo: 11 (SIGSEGV), si_code: 1 (SEGV_MAPERR), si_addr: 0x00007fe16822e008

Registers:
RAX=0x00007fe1672752e0, RBX=0x00007fe167275250, RCX=0x00007fe135a2d19e, RDX=0x00007ffc1dd06cb3
RSP=0x00007fe16daf66a0, RBP=0x00007fe167275200, RSI=0x0000000000085000, RDI=0x0000000000000000
R8 =0x000000000000001e, R9 =0x0000000000000000, R10=0x0000000000000001, R11=0x0000000000000000
R12=0x00007fe16822e000, R13=0x00007fe167274e58, R14=0x0000000000001000, R15=0x00007fe13580a240
RIP=0x00007fe13560817c, EFLAGS=0x0000000000010202, CSGSFS=0x002b000000000033, ERR=0x0000000000000004
  TRAPNO=0x000000000000000e

Top of Stack: (sp=0x00007fe16daf66a0)
0x00007fe16daf66a0:   00007fe167274ed0 00007fe1672751b0
0x00007fe16daf66b0:   00007ffc1dd06cb3 0000000000085000
0x00007fe16daf66c0:   0000000000001000 00000000000003e8
0x00007fe16daf66d0:   00007fe167275258 00007fe16d3772ed
0x00007fe16daf66e0:   00007fe167274ea0 44b39c0866edd500
0x00007fe16daf66f0:   0000000000000000 00007fe167274b80
0x00007fe16daf6700:   0000000000000000 00007ffc1dd06cb3
0x00007fe16daf6710:   0000000000000000 00007fe167274e30
0x00007fe16daf6720:   00007fe167274df0 00007fe135a27cd9
0x00007fe16daf6730:   00007fe135608cdb 00007fe16daf67c0
0x00007fe16daf6740:   00007fe136bba8d3 0000001500000040
0x00007fe16daf6750:   00007fe1672704d0 44b39c0866edd500
0x00007fe16daf6760:   00007fe136de00a0 00007fe16726ffe0
0x00007fe16daf6770:   00007fe136de3fd0 00007fe13580a2d4
0x00007fe16daf6780:   00007fe136de00a0 00007fe13580a180
0x00007fe16daf6790:   00007fe167274b30 00007fe135607f04
0x00007fe16daf67a0:   00007fe136de3fd0 00007fe136ba21a6
0x00007fe16daf67b0:   00007fe136de0100 00007fe136de3fc0
0x00007fe16daf67c0:   00007fe16daf67e4 00007fe16daf67e8
0x00007fe16daf67d0:   0000000000000000 0000000000000000
0x00007fe16daf67e0:   0000001e36ddf520 00007fe13580a180
0x00007fe16daf67f0:   0000000000000000 44b39c0866edd500
0x00007fe16daf6800:   00007fe136de00a0 0000000000000000
0x00007fe16daf6810:   0000000000000000 00007fe1671ff470
0x00007fe16daf6820:   00007fe136ddf520 00007fe136b0c760
0x00007fe16daf6830:   0000000000000000 00007fe136b555a9
0x00007fe16daf6840:   00007fe167228140 00007fe136ddf7d8
0x00007fe16daf6850:   2d69706d6e65706f 000072657473616d
0x00007fe16daf6860:   0000000003741ab1 00007fe136a98f86
0x00007fe16daf6870:   00007fe136a95118 00007fe136a90afc
0x00007fe16daf6880:   00007fe136a9867a 0000000100000000
0x00007fe16daf6890:   00007fe16daf6990 44b39c0866edd500 

Instructions: (pc=0x00007fe13560817c)
0x00007fe13560815c:   ff ff 48 85 c0 48 89 43 30 0f 84 b3 01 00 00 4c
0x00007fe13560816c:   8b 60 18 49 8b 34 24 49 39 f6 0f 82 e4 02 00 00
0x00007fe13560817c:   41 8b 44 24 08 4c 89 e2 31 c9 48 8d 7c 24 40 be
0x00007fe13560818c:   01 00 00 00 89 43 40 49 03 54 24 18 85 c0 48 89 

Register to memory mapping:

RAX=0x00007fe1672752e0 is an unknown value
RBX=0x00007fe167275250 is an unknown value
RCX=0x00007fe135a2d19e: pmix_common_dstor_attach_new_lock_seg+0x1e in /usr/local/lib/libmca_common_dstore.so.1 at 0x00007fe135a1d000
RDX=0x00007ffc1dd06cb3 is an unknown value
RSP=0x00007fe16daf66a0 is pointing into the stack for thread: 0x00007fe16400b800
RBP=0x00007fe167275200 is an unknown value
RSI=0x0000000000085000 is an unknown value
RDI=0x0000000000000000 is an unknown value
R8 =0x000000000000001e is an unknown value
R9 =0x0000000000000000 is an unknown value
R10=0x0000000000000001 is an unknown value
R11=0x0000000000000000 is an unknown value
R12=0x00007fe16822e000 is an unknown value
R13=0x00007fe167274e58 is an unknown value
R14=0x0000000000001000 is an unknown value
R15=0x00007fe13580a240: lock_item_t_class+0 in /usr/local/lib/pmix/mca_gds_ds21.so at 0x00007fe135606000


Stack: [0x00007fe16d9f9000,0x00007fe16daf9000],  sp=0x00007fe16daf66a0,  free space=1013k
Native frames: (J=compiled Java code, j=interpreted, Vv=VM code, C=native code)
C  [mca_gds_ds21.so+0x217c]  pmix_gds_ds21_lock_init+0x13c

Java frames: (J=compiled Java code, j=interpreted, Vv=VM code)
j  mpi.MPI.Init_jni([Ljava/lang/String;)[Ljava/lang/String;+0
j  mpi.MPI.Init([Ljava/lang/String;)[Ljava/lang/String;+17
j  Client.main([Ljava/lang/String;)V+1
v  ~StubRoutines::call_stub

---------------  P R O C E S S  ---------------

Java Threads: ( => current thread )
  0x00007fe1640c9800 JavaThread "Service Thread" daemon [_thread_blocked, id=5626, stack(0x00007fe168a23000,0x00007fe168b24000)]
  0x00007fe1640b4800 JavaThread "C1 CompilerThread1" daemon [_thread_blocked, id=5623, stack(0x00007fe168b25000,0x00007fe168c25000)]
  0x00007fe1640b2000 JavaThread "C2 CompilerThread0" daemon [_thread_blocked, id=5599, stack(0x00007fe168c26000,0x00007fe168d26000)]
  0x00007fe1640b0800 JavaThread "Signal Dispatcher" daemon [_thread_in_vm, id=5598, stack(0x00007fe168d26000,0x00007fe168e27000)]
  0x00007fe16407e000 JavaThread "Finalizer" daemon [_thread_blocked, id=5326, stack(0x00007fe169166000,0x00007fe169267000)]
  0x00007fe164079800 JavaThread "Reference Handler" daemon [_thread_blocked, id=5308, stack(0x00007fe169267000,0x00007fe169368000)]
=>0x00007fe16400b800 JavaThread "main" [_thread_in_native, id=5171, stack(0x00007fe16d9f9000,0x00007fe16daf9000)]

Other Threads:
  0x00007fe16406f800 VMThread [stack: 0x00007fe169369000,0x00007fe169469000] [id=5283]
  0x00007fe1640cc800 WatcherThread [stack: 0x00007fe168923000,0x00007fe168a23000] [id=5643]

VM state:not at safepoint (normal execution)

VM Mutex/Monitor currently owned by a thread:  ([mutex/lock_event])
[0x00007fe164007f60] Threads_lock - owner thread: 0x00007fe1640b0800

heap address: 0x00000000f0800000, size: 248 MB, Compressed Oops mode: 32-bit
Narrow klass base: 0x0000000000000000, Narrow klass shift: 3
Compressed class space size: 1073741824 Address: 0x0000000100000000

Heap:
 def new generation   total 4928K, used 1529K [0x00000000f0800000, 0x00000000f0d50000, 0x00000000f5aa0000)
  eden space 4416K,  34% used [0x00000000f0800000, 0x00000000f097e7b8, 0x00000000f0c50000)
  from space 512K,   0% used [0x00000000f0c50000, 0x00000000f0c50000, 0x00000000f0cd0000)
  to   space 512K,   0% used [0x00000000f0cd0000, 0x00000000f0cd0000, 0x00000000f0d50000)
 tenured generation   total 10944K, used 0K [0x00000000f5aa0000, 0x00000000f6550000, 0x0000000100000000)
   the space 10944K,   0% used [0x00000000f5aa0000, 0x00000000f5aa0000, 0x00000000f5aa0200, 0x00000000f6550000)
 Metaspace       used 3114K, capacity 4792K, committed 5120K, reserved 1056768K
  class space    used 314K, capacity 424K, committed 512K, reserved 1048576K

Card table byte_map: [0x00007fe16d97b000,0x00007fe16d9f8000] byte_map_base: 0x00007fe16d1f7000

Polling page: 0x00007fe16db04000

CodeCache: size=245760Kb used=1230Kb max_used=1230Kb free=244529Kb
 bounds [0x00007fe155000000, 0x00007fe155270000, 0x00007fe164000000]
 total_blobs=373 nmethods=69 adapters=220
 compilation: enabled

Compilation events (10 events):
Event: 10.522 Thread 0x00007fe1640b4800   66       3       java.util.zip.ZStreamRef::address (5 bytes)
Event: 10.522 Thread 0x00007fe1640b4800 nmethod 66 0x00007fe15512a3d0 code [0x00007fe15512a520, 0x00007fe15512a670]
Event: 10.522 Thread 0x00007fe1640b4800   67   !   3       sun.misc.URLClassPath$JarLoader::ensureOpen (36 bytes)
Event: 10.522 Thread 0x00007fe1640b4800 nmethod 67 0x00007fe15512a6d0 code [0x00007fe15512a860, 0x00007fe15512aca8]
Event: 10.522 Thread 0x00007fe1640b4800   62       3       java.nio.Buffer::checkIndex (22 bytes)
Event: 10.522 Thread 0x00007fe1640b4800 nmethod 62 0x00007fe15512ae50 code [0x00007fe15512afc0, 0x00007fe15512b208]
Event: 10.522 Thread 0x00007fe1640b4800   61       1       java.net.URL::getQuery (5 bytes)
Event: 10.522 Thread 0x00007fe1640b4800 nmethod 61 0x00007fe15512b2d0 code [0x00007fe15512b420, 0x00007fe15512b530]
Event: 10.623 Thread 0x00007fe1640b4800   68       3       java.util.concurrent.ConcurrentHashMap::setTabAt (19 bytes)
Event: 10.623 Thread 0x00007fe1640b4800 nmethod 68 0x00007fe155133790 code [0x00007fe1551338e0, 0x00007fe155133a50]

GC Heap History (0 events):
No events

Deoptimization events (0 events):
No events

Classes redefined (0 events):
No events

Internal exceptions (5 events):
Event: 0.380 Thread 0x00007fe16400b800 Exception <a 'java/lang/NoSuchMethodError': Method sun.misc.Unsafe.defineClass(Ljava/lang/String;[BII)Ljava/lang/Class; name or signature does not match> (0x00000000f0807cc8) thrown at [/build/openjdk-8-58sEEn/openjdk-8-8u242-b08/src/hotspot/src/share/vm/
Event: 0.380 Thread 0x00007fe16400b800 Exception <a 'java/lang/NoSuchMethodError': Method sun.misc.Unsafe.prefetchRead(Ljava/lang/Object;J)V name or signature does not match> (0x00000000f0807fb0) thrown at [/build/openjdk-8-58sEEn/openjdk-8-8u242-b08/src/hotspot/src/share/vm/prims/jni.cpp, lin
Event: 1.835 Thread 0x00007fe16400b800 Exception <a 'java/util/zip/ZipException'> (0x00000000f085dec8) thrown at [/build/openjdk-8-58sEEn/openjdk-8-8u242-b08/src/hotspot/src/share/vm/prims/jni.cpp, line 710]
Event: 1.835 Thread 0x00007fe16400b800 Exception <a 'java/security/PrivilegedActionException'> (0x00000000f085e168) thrown at [/build/openjdk-8-58sEEn/openjdk-8-8u242-b08/src/hotspot/src/share/vm/prims/jvm.cpp, line 1502]
Event: 1.835 Thread 0x00007fe16400b800 Exception <a 'java/security/PrivilegedActionException'> (0x00000000f085e378) thrown at [/build/openjdk-8-58sEEn/openjdk-8-8u242-b08/src/hotspot/src/share/vm/prims/jvm.cpp, line 1502]

Events (10 events):
Event: 10.507 loading class mpi/Constant
Event: 10.507 loading class mpi/Constant done
Event: 10.508 loading class mpi/Errhandler
Event: 10.508 loading class mpi/Errhandler done
Event: 10.508 loading class mpi/Intracomm
Event: 10.508 loading class mpi/Intracomm done
Event: 10.510 loading class mpi/Comm
Event: 10.510 loading class mpi/Comm done
Event: 10.616 loading class mpi/Version
Event: 10.616 loading class mpi/Version done


Dynamic libraries:
f0800000-f0d50000 rw-p 00000000 00:00 0 
f0d50000-f5aa0000 ---p 00000000 00:00 0 
f5aa0000-f6550000 rw-p 00000000 00:00 0 
f6550000-100000000 ---p 00000000 00:00 0 
100000000-100080000 rw-p 00000000 00:00 0 
100080000-140000000 ---p 00000000 00:00 0 
562895b8c000-562895b8d000 r-xp 00000000 fc:01 1302575                    /usr/lib/jvm/java-8-openjdk-amd64/jre/bin/java
562895d8c000-562895d8d000 r--p 00000000 fc:01 1302575                    /usr/lib/jvm/java-8-openjdk-amd64/jre/bin/java
562895d8d000-562895d8e000 rw-p 00001000 fc:01 1302575                    /usr/lib/jvm/java-8-openjdk-amd64/jre/bin/java
5628967de000-5628967ff000 rw-p 00000000 00:00 0                          [heap]
7fe12c000000-7fe12c021000 rw-p 00000000 00:00 0 
7fe12c021000-7fe130000000 ---p 00000000 00:00 0 
7fe130000000-7fe130021000 rw-p 00000000 00:00 0 
7fe130021000-7fe134000000 ---p 00000000 00:00 0 
7fe135302000-7fe135403000 rw-p 00000000 00:00 0 
7fe135403000-7fe135405000 r-xp 00000000 fc:01 782288                     /usr/local/lib/pmix/mca_pshmem_mmap.so
7fe135405000-7fe135604000 ---p 00002000 fc:01 782288                     /usr/local/lib/pmix/mca_pshmem_mmap.so
7fe135604000-7fe135605000 r--p 00001000 fc:01 782288                     /usr/local/lib/pmix/mca_pshmem_mmap.so
7fe135605000-7fe135606000 rw-p 00002000 fc:01 782288                     /usr/local/lib/pmix/mca_pshmem_mmap.so
7fe135606000-7fe13560a000 r-xp 00000000 fc:01 782262                     /usr/local/lib/pmix/mca_gds_ds21.so
7fe13560a000-7fe135809000 ---p 00004000 fc:01 782262                     /usr/local/lib/pmix/mca_gds_ds21.so
7fe135809000-7fe13580a000 r--p 00003000 fc:01 782262                     /usr/local/lib/pmix/mca_gds_ds21.so
7fe13580a000-7fe13580b000 rw-p 00004000 fc:01 782262                     /usr/local/lib/pmix/mca_gds_ds21.so
7fe13580b000-7fe13581b000 r-xp 00000000 fc:01 782264                     /usr/local/lib/pmix/mca_gds_hash.so
7fe13581b000-7fe135a1b000 ---p 00010000 fc:01 782264                     /usr/local/lib/pmix/mca_gds_hash.so
7fe135a1b000-7fe135a1c000 r--p 00010000 fc:01 782264                     /usr/local/lib/pmix/mca_gds_hash.so
7fe135a1c000-7fe135a1d000 rw-p 00011000 fc:01 782264                     /usr/local/lib/pmix/mca_gds_hash.so
7fe135a1d000-7fe135a2f000 r-xp 00000000 fc:01 29681                      /usr/local/lib/libmca_common_dstore.so.1.0.0
7fe135a2f000-7fe135c2e000 ---p 00012000 fc:01 29681                      /usr/local/lib/libmca_common_dstore.so.1.0.0
7fe135c2e000-7fe135c2f000 r--p 00011000 fc:01 29681                      /usr/local/lib/libmca_common_dstore.so.1.0.0
7fe135c2f000-7fe135c30000 rw-p 00012000 fc:01 29681                      /usr/local/lib/libmca_common_dstore.so.1.0.0
7fe135c30000-7fe135c34000 r-xp 00000000 fc:01 782260                     /usr/local/lib/pmix/mca_gds_ds12.so
7fe135c34000-7fe135e33000 ---p 00004000 fc:01 782260                     /usr/local/lib/pmix/mca_gds_ds12.so
7fe135e33000-7fe135e34000 r--p 00003000 fc:01 782260                     /usr/local/lib/pmix/mca_gds_ds12.so
7fe135e34000-7fe135e35000 rw-p 00004000 fc:01 782260                     /usr/local/lib/pmix/mca_gds_ds12.so
7fe135e35000-7fe135e3d000 r-xp 00000000 fc:01 782292                     /usr/local/lib/pmix/mca_ptl_usock.so
7fe135e3d000-7fe13603c000 ---p 00008000 fc:01 782292                     /usr/local/lib/pmix/mca_ptl_usock.so
7fe13603c000-7fe13603d000 r--p 00007000 fc:01 782292                     /usr/local/lib/pmix/mca_ptl_usock.so
7fe13603d000-7fe13603e000 rw-p 00008000 fc:01 782292                     /usr/local/lib/pmix/mca_ptl_usock.so
7fe13603e000-7fe136050000 r-xp 00000000 fc:01 782290                     /usr/local/lib/pmix/mca_ptl_tcp.so
7fe136050000-7fe13624f000 ---p 00012000 fc:01 782290                     /usr/local/lib/pmix/mca_ptl_tcp.so
7fe13624f000-7fe136250000 r--p 00011000 fc:01 782290                     /usr/local/lib/pmix/mca_ptl_tcp.so
7fe136250000-7fe136251000 rw-p 00012000 fc:01 782290                     /usr/local/lib/pmix/mca_ptl_tcp.so
7fe136251000-7fe136263000 r-xp 00000000 fc:01 782252                     /usr/local/lib/pmix/mca_bfrops_v12.so
7fe136263000-7fe136462000 ---p 00012000 fc:01 782252                     /usr/local/lib/pmix/mca_bfrops_v12.so
7fe136462000-7fe136463000 r--p 00011000 fc:01 782252                     /usr/local/lib/pmix/mca_bfrops_v12.so
7fe136463000-7fe136464000 rw-p 00012000 fc:01 782252                     /usr/local/lib/pmix/mca_bfrops_v12.so
7fe136464000-7fe13647d000 r-xp 00000000 fc:01 782254                     /usr/local/lib/pmix/mca_bfrops_v20.so
7fe13647d000-7fe13667c000 ---p 00019000 fc:01 782254                     /usr/local/lib/pmix/mca_bfrops_v20.so
7fe13667c000-7fe13667d000 r--p 00018000 fc:01 782254                     /usr/local/lib/pmix/mca_bfrops_v20.so
7fe13667d000-7fe13667e000 rw-p 00019000 fc:01 782254                     /usr/local/lib/pmix/mca_bfrops_v20.so
7fe13667e000-7fe136686000 r-xp 00000000 fc:01 782258                     /usr/local/lib/pmix/mca_bfrops_v3.so
7fe136686000-7fe136885000 ---p 00008000 fc:01 782258                     /usr/local/lib/pmix/mca_bfrops_v3.so
7fe136885000-7fe136886000 r--p 00007000 fc:01 782258                     /usr/local/lib/pmix/mca_bfrops_v3.so
7fe136886000-7fe136887000 rw-p 00008000 fc:01 782258                     /usr/local/lib/pmix/mca_bfrops_v3.so
7fe136887000-7fe13688e000 r-xp 00000000 fc:01 782256                     /usr/local/lib/pmix/mca_bfrops_v21.so
7fe13688e000-7fe136a8e000 ---p 00007000 fc:01 782256                     /usr/local/lib/pmix/mca_bfrops_v21.so
7fe136a8e000-7fe136a8f000 r--p 00007000 fc:01 782256                     /usr/local/lib/pmix/mca_bfrops_v21.so
7fe136a8f000-7fe136a90000 rw-p 00008000 fc:01 782256                     /usr/local/lib/pmix/mca_bfrops_v21.so
7fe136a90000-7fe136bdc000 r-xp 00000000 fc:01 782295                     /usr/local/lib/openmpi/mca_pmix_pmix3x.so
7fe136bdc000-7fe136ddc000 ---p 0014c000 fc:01 782295                     /usr/local/lib/openmpi/mca_pmix_pmix3x.so
7fe136ddc000-7fe136ddd000 r--p 0014c000 fc:01 782295                     /usr/local/lib/openmpi/mca_pmix_pmix3x.so
7fe136ddd000-7fe136de2000 rw-p 0014d000 fc:01 782295                     /usr/local/lib/openmpi/mca_pmix_pmix3x.so
7fe136de2000-7fe136de5000 rw-p 00000000 00:00 0 
7fe136de8000-7fe136dea000 r-xp 00000000 fc:01 782278                     /usr/local/lib/pmix/mca_psec_native.so
7fe136dea000-7fe136fe9000 ---p 00002000 fc:01 782278                     /usr/local/lib/pmix/mca_psec_native.so
7fe136fe9000-7fe136fea000 r--p 00001000 fc:01 782278                     /usr/local/lib/pmix/mca_psec_native.so
7fe136fea000-7fe136feb000 rw-p 00002000 fc:01 782278                     /usr/local/lib/pmix/mca_psec_native.so
7fe136feb000-7fe136fec000 ---p 00000000 00:00 0 
7fe136fec000-7fe1377ec000 rw-p 00000000 00:00 0 
7fe1377ec000-7fe1377f0000 r-xp 00000000 fc:01 782352                     /usr/local/lib/openmpi/mca_ess_pmi.so
7fe1377f0000-7fe1379ef000 ---p 00004000 fc:01 782352                     /usr/local/lib/openmpi/mca_ess_pmi.so
7fe1379ef000-7fe1379f0000 r--p 00003000 fc:01 782352                     /usr/local/lib/openmpi/mca_ess_pmi.so
7fe1379f0000-7fe1379f1000 rw-p 00004000 fc:01 782352                     /usr/local/lib/openmpi/mca_ess_pmi.so
7fe1379f1000-7fe1379f2000 r-xp 00000000 fc:01 782435                     /usr/local/lib/openmpi/mca_schizo_orte.so
7fe1379f2000-7fe137bf1000 ---p 00001000 fc:01 782435                     /usr/local/lib/openmpi/mca_schizo_orte.so
7fe137bf1000-7fe137bf2000 r--p 00000000 fc:01 782435                     /usr/local/lib/openmpi/mca_schizo_orte.so
7fe137bf2000-7fe137bf3000 rw-p 00001000 fc:01 782435                     /usr/local/lib/openmpi/mca_schizo_orte.so
7fe137bf3000-7fe137bf5000 r-xp 00000000 fc:01 782437                     /usr/local/lib/openmpi/mca_schizo_slurm.so
7fe137bf5000-7fe137df4000 ---p 00002000 fc:01 782437                     /usr/local/lib/openmpi/mca_schizo_slurm.so
7fe137df4000-7fe137df5000 r--p 00001000 fc:01 782437                     /usr/local/lib/openmpi/mca_schizo_slurm.so
7fe137df5000-7fe137df6000 rw-p 00002000 fc:01 782437                     /usr/local/lib/openmpi/mca_schizo_slurm.so
7fe137df6000-7fe137dfe000 r-xp 00000000 fc:01 782433                     /usr/local/lib/openmpi/mca_schizo_ompi.so
7fe137dfe000-7fe137ffd000 ---p 00008000 fc:01 782433                     /usr/local/lib/openmpi/mca_schizo_ompi.so
7fe137ffd000-7fe137ffe000 r--p 00007000 fc:01 782433                     /usr/local/lib/openmpi/mca_schizo_ompi.so
7fe137ffe000-7fe138000000 rw-p 00008000 fc:01 782433                     /usr/local/lib/openmpi/mca_schizo_ompi.so
7fe138000000-7fe13809a000 rw-p 00000000 00:00 0 
7fe13809a000-7fe13c000000 ---p 00000000 00:00 0 
7fe13c000000-7fe13c021000 rw-p 00000000 00:00 0 
7fe13c021000-7fe140000000 ---p 00000000 00:00 0 
7fe140000000-7fe140021000 rw-p 00000000 00:00 0 
7fe140021000-7fe144000000 ---p 00000000 00:00 0 
7fe144000000-7fe14404e000 rw-p 00000000 00:00 0 
7fe14404e000-7fe148000000 ---p 00000000 00:00 0 
7fe148000000-7fe148021000 rw-p 00000000 00:00 0 
7fe148021000-7fe14c000000 ---p 00000000 00:00 0 
7fe14c000000-7fe14c021000 rw-p 00000000 00:00 0 
7fe14c021000-7fe150000000 ---p 00000000 00:00 0 
7fe150000000-7fe150021000 rw-p 00000000 00:00 0 
7fe150021000-7fe154000000 ---p 00000000 00:00 0 
7fe154087000-7fe15410c000 rw-s 00000000 fc:01 1039764                    /tmp/ompi.openmpi-master.1000/pid.5069/pmix_dstor_ds21_5069/smlockseg-542244865
7fe15410c000-7fe15410d000 r-xp 00000000 fc:01 782431                     /usr/local/lib/openmpi/mca_schizo_flux.so
7fe15410d000-7fe15430d000 ---p 00001000 fc:01 782431                     /usr/local/lib/openmpi/mca_schizo_flux.so
7fe15430d000-7fe15430e000 r--p 00001000 fc:01 782431                     /usr/local/lib/openmpi/mca_schizo_flux.so
7fe15430e000-7fe15430f000 rw-p 00002000 fc:01 782431                     /usr/local/lib/openmpi/mca_schizo_flux.so
7fe15430f000-7fe154311000 r-xp 00000000 fc:01 782301                     /usr/local/lib/openmpi/mca_reachable_weighted.so
7fe154311000-7fe154510000 ---p 00002000 fc:01 782301                     /usr/local/lib/openmpi/mca_reachable_weighted.so
7fe154510000-7fe154511000 r--p 00001000 fc:01 782301                     /usr/local/lib/openmpi/mca_reachable_weighted.so
7fe154511000-7fe154512000 rw-p 00002000 fc:01 782301                     /usr/local/lib/openmpi/mca_reachable_weighted.so
7fe154512000-7fe154515000 r-xp 00000000 fc:01 782304                     /usr/local/lib/openmpi/mca_shmem_mmap.so
7fe154515000-7fe154714000 ---p 00003000 fc:01 782304                     /usr/local/lib/openmpi/mca_shmem_mmap.so
7fe154714000-7fe154715000 r--p 00002000 fc:01 782304                     /usr/local/lib/openmpi/mca_shmem_mmap.so
7fe154715000-7fe154716000 rw-p 00003000 fc:01 782304                     /usr/local/lib/openmpi/mca_shmem_mmap.so
7fe154716000-7fe1547cb000 r-xp 00000000 fc:01 29711                      /usr/local/lib/libopen-rte.so.40.20.1
7fe1547cb000-7fe1549ca000 ---p 000b5000 fc:01 29711                      /usr/local/lib/libopen-rte.so.40.20.1
7fe1549ca000-7fe1549cc000 r--p 000b4000 fc:01 29711                      /usr/local/lib/libopen-rte.so.40.20.1
7fe1549cc000-7fe1549d0000 rw-p 000b6000 fc:01 29711                      /usr/local/lib/libopen-rte.so.40.20.1
7fe1549d0000-7fe1549d3000 rw-p 00000000 00:00 0 
7fe1549d3000-7fe154ad6000 r-xp 00000000 fc:01 13011                      /usr/local/lib/libopen-pal.so.40.20.1
7fe154ad6000-7fe154cd6000 ---p 00103000 fc:01 13011                      /usr/local/lib/libopen-pal.so.40.20.1
7fe154cd6000-7fe154cd9000 r--p 00103000 fc:01 13011                      /usr/local/lib/libopen-pal.so.40.20.1
7fe154cd9000-7fe154cdf000 rw-p 00106000 fc:01 13011                      /usr/local/lib/libopen-pal.so.40.20.1
7fe154cdf000-7fe154ce6000 rw-p 00000000 00:00 0 
7fe154ce6000-7fe154ddc000 r-xp 00000000 fc:01 29875                      /usr/local/lib/libmpi.so.40.20.1
7fe154ddc000-7fe154fdb000 ---p 000f6000 fc:01 29875                      /usr/local/lib/libmpi.so.40.20.1
7fe154fdb000-7fe154fdd000 r--p 000f5000 fc:01 29875                      /usr/local/lib/libmpi.so.40.20.1
7fe154fdd000-7fe154fee000 rw-p 000f7000 fc:01 29875                      /usr/local/lib/libmpi.so.40.20.1
7fe154fee000-7fe155000000 rw-p 00000000 00:00 0 
7fe155000000-7fe155270000 rwxp 00000000 00:00 0 
7fe155270000-7fe164000000 ---p 00000000 00:00 0 
7fe164000000-7fe167277000 rw-p 00000000 00:00 0 
7fe167277000-7fe168000000 ---p 00000000 00:00 0 
7fe168024000-7fe168026000 r-xp 00000000 fc:01 2182                       /lib/x86_64-linux-gnu/libutil-2.27.so
7fe168026000-7fe168225000 ---p 00002000 fc:01 2182                       /lib/x86_64-linux-gnu/libutil-2.27.so
7fe168225000-7fe168226000 r--p 00001000 fc:01 2182                       /lib/x86_64-linux-gnu/libutil-2.27.so
7fe168226000-7fe168227000 rw-p 00002000 fc:01 2182                       /lib/x86_64-linux-gnu/libutil-2.27.so
7fe16822f000-7fe168230000 r--s 00000000 fc:01 783094                     /tmp/ompi.openmpi-master.1000/pid.5069/pmix_dstor_ds12_5069/initial-pmix_shared-segment-0
7fe168230000-7fe168231000 rw-s 00000000 fc:01 783095                     /tmp/ompi.openmpi-master.1000/pid.5069/pmix_dstor_ds12_5069/dstore_sm.lock
7fe168231000-7fe168259000 r-xp 00000000 fc:01 71469                      /usr/local/lib/libmpi_java.so.40.20.0
7fe168259000-7fe168458000 ---p 00028000 fc:01 71469                      /usr/local/lib/libmpi_java.so.40.20.0
7fe168458000-7fe168459000 r--p 00027000 fc:01 71469                      /usr/local/lib/libmpi_java.so.40.20.0
7fe168459000-7fe16845a000 rw-p 00028000 fc:01 71469                      /usr/local/lib/libmpi_java.so.40.20.0
7fe16845a000-7fe16845b000 r--s 0000f000 fc:01 527712                     /home/mpiuser/cloud/fyp/java_client/lib/mpi.jar
7fe16845b000-7fe16845e000 r--s 0000e000 fc:01 527707                     /home/mpiuser/cloud/fyp/java_client/lib/jackson-annotations-2.10.3.jar
7fe16845e000-7fe16847b000 r--s 00142000 fc:01 527719                     /home/mpiuser/cloud/fyp/java_client/lib/spring-web-5.2.5.RELEASE.jar
7fe16847b000-7fe168488000 r--s 00090000 fc:01 527704                     /home/mpiuser/cloud/fyp/java_client/lib/amqp-client-5.8.0.jar
7fe168488000-7fe168489000 r--s 00003000 fc:01 527715                     /home/mpiuser/cloud/fyp/java_client/lib/slf4j-simple-1.7.30.jar
7fe168489000-7fe16849e000 r--s 00142000 fc:01 527710                     /home/mpiuser/cloud/fyp/java_client/lib/jackson-databind-2.10.2.jar
7fe16849e000-7fe1684b3000 r--s 00142000 fc:01 527711                     /home/mpiuser/cloud/fyp/java_client/lib/jackson-databind-2.10.3.jar
7fe1684b3000-7fe1684b4000 r--s 00005000 fc:01 527718                     /home/mpiuser/cloud/fyp/java_client/lib/spring-jcl-5.2.5.RELEASE.jar
7fe1684b4000-7fe1684cb000 r-xp 00000000 fc:01 1302611                    /usr/lib/jvm/java-8-openjdk-amd64/jre/lib/amd64/libnet.so
7fe1684cb000-7fe1686ca000 ---p 00017000 fc:01 1302611                    /usr/lib/jvm/java-8-openjdk-amd64/jre/lib/amd64/libnet.so
7fe1686ca000-7fe1686cb000 r--p 00016000 fc:01 1302611                    /usr/lib/jvm/java-8-openjdk-amd64/jre/lib/amd64/libnet.so
7fe1686cb000-7fe1686cc000 rw-p 00017000 fc:01 1302611                    /usr/lib/jvm/java-8-openjdk-amd64/jre/lib/amd64/libnet.so
7fe1686cc000-7fe1686dd000 r-xp 00000000 fc:01 1302612                    /usr/lib/jvm/java-8-openjdk-amd64/jre/lib/amd64/libnio.so
7fe1686dd000-7fe1688dd000 ---p 00011000 fc:01 1302612                    /usr/lib/jvm/java-8-openjdk-amd64/jre/lib/amd64/libnio.so
7fe1688dd000-7fe1688de000 r--p 00011000 fc:01 1302612                    /usr/lib/jvm/java-8-openjdk-amd64/jre/lib/amd64/libnio.so
7fe1688de000-7fe1688df000 rw-p 00012000 fc:01 1302612                    /usr/lib/jvm/java-8-openjdk-amd64/jre/lib/amd64/libnio.so
7fe1688df000-7fe1688fa000 r--s 001d6000 fc:01 1555512                    /usr/lib/jvm/java-8-openjdk-amd64/jre/lib/ext/nashorn.jar
7fe1688fa000-7fe1688fe000 r--s 0003a000 fc:01 1555515                    /usr/lib/jvm/java-8-openjdk-amd64/jre/lib/ext/sunpkcs11.jar
7fe1688fe000-7fe168903000 r--s 0003d000 fc:01 1555514                    /usr/lib/jvm/java-8-openjdk-amd64/jre/lib/ext/sunjce_provider.jar
7fe168903000-7fe168904000 r--s 00010000 fc:01 1555516                    /usr/lib/jvm/java-8-openjdk-amd64/jre/lib/ext/zipfs.jar
7fe168904000-7fe168905000 r--s 0000a000 fc:01 1555510                    /usr/lib/jvm/java-8-openjdk-amd64/jre/lib/ext/jaccess.jar
7fe168905000-7fe168907000 r--s 00007000 fc:01 29606                      /usr/share/java/java-atk-wrapper.jar
7fe168907000-7fe168922000 r--s 00394000 fc:01 1555507                    /usr/lib/jvm/java-8-openjdk-amd64/jre/lib/ext/cldrdata.jar
7fe168922000-7fe168923000 ---p 00000000 00:00 0 
7fe168923000-7fe168a23000 rw-p 00000000 00:00 0 
7fe168a23000-7fe168a26000 ---p 00000000 00:00 0 
7fe168a26000-7fe168b24000 rw-p 00000000 00:00 0 
7fe168b24000-7fe168b25000 ---p 00000000 00:00 0 
7fe168b25000-7fe168b28000 ---p 00000000 00:00 0 
7fe168b28000-7fe168c25000 rw-p 00000000 00:00 0 
7fe168c25000-7fe168c26000 ---p 00000000 00:00 0 
7fe168c26000-7fe168c29000 ---p 00000000 00:00 0 
7fe168c29000-7fe168d26000 rw-p 00000000 00:00 0 
7fe168d26000-7fe168d29000 ---p 00000000 00:00 0 
7fe168d29000-7fe168e27000 rw-p 00000000 00:00 0 
7fe168e27000-7fe168e58000 r--p 00000000 fc:01 7802                       /usr/lib/locale/C.UTF-8/LC_CTYPE
7fe168e58000-7fe168fcb000 r--p 00000000 fc:01 7801                       /usr/lib/locale/C.UTF-8/LC_COLLATE
7fe168fcb000-7fe169166000 r--p 00000000 fc:01 7796                       /usr/lib/locale/locale-archive
7fe169166000-7fe169169000 ---p 00000000 00:00 0 
7fe169169000-7fe169267000 rw-p 00000000 00:00 0 
7fe169267000-7fe16926a000 ---p 00000000 00:00 0 
7fe16926a000-7fe169368000 rw-p 00000000 00:00 0 
7fe169368000-7fe169369000 ---p 00000000 00:00 0 
7fe169369000-7fe1694b7000 rw-p 00000000 00:00 0 
7fe1694b7000-7fe169687000 r--s 03c68000 fc:01 1302635                    /usr/lib/jvm/java-8-openjdk-amd64/jre/lib/rt.jar
7fe169687000-7fe169c00000 rw-p 00000000 00:00 0 
7fe169c00000-7fe169f80000 ---p 00000000 00:00 0 
7fe169f80000-7fe169f8a000 rw-p 00000000 00:00 0 
7fe169f8a000-7fe16a340000 ---p 00000000 00:00 0 
7fe16a340000-7fe16a348000 r-xp 00000000 fc:01 1302619                    /usr/lib/jvm/java-8-openjdk-amd64/jre/lib/amd64/libzip.so
7fe16a348000-7fe16a547000 ---p 00008000 fc:01 1302619                    /usr/lib/jvm/java-8-openjdk-amd64/jre/lib/amd64/libzip.so
7fe16a547000-7fe16a548000 r--p 00007000 fc:01 1302619                    /usr/lib/jvm/java-8-openjdk-amd64/jre/lib/amd64/libzip.so
7fe16a548000-7fe16a549000 rw-p 00008000 fc:01 1302619                    /usr/lib/jvm/java-8-openjdk-amd64/jre/lib/amd64/libzip.so
7fe16a549000-7fe16a554000 r-xp 00000000 fc:01 2093                       /lib/x86_64-linux-gnu/libnss_files-2.27.so
7fe16a554000-7fe16a753000 ---p 0000b000 fc:01 2093                       /lib/x86_64-linux-gnu/libnss_files-2.27.so
7fe16a753000-7fe16a754000 r--p 0000a000 fc:01 2093                       /lib/x86_64-linux-gnu/libnss_files-2.27.so
7fe16a754000-7fe16a755000 rw-p 0000b000 fc:01 2093                       /lib/x86_64-linux-gnu/libnss_files-2.27.so
7fe16a755000-7fe16a75b000 rw-p 00000000 00:00 0 
7fe16a75b000-7fe16a772000 r-xp 00000000 fc:01 2090                       /lib/x86_64-linux-gnu/libnsl-2.27.so
7fe16a772000-7fe16a971000 ---p 00017000 fc:01 2090                       /lib/x86_64-linux-gnu/libnsl-2.27.so
7fe16a971000-7fe16a972000 r--p 00016000 fc:01 2090                       /lib/x86_64-linux-gnu/libnsl-2.27.so
7fe16a972000-7fe16a973000 rw-p 00017000 fc:01 2090                       /lib/x86_64-linux-gnu/libnsl-2.27.so
7fe16a973000-7fe16a975000 rw-p 00000000 00:00 0 
7fe16a975000-7fe16a980000 r-xp 00000000 fc:01 2095                       /lib/x86_64-linux-gnu/libnss_nis-2.27.so
7fe16a980000-7fe16ab7f000 ---p 0000b000 fc:01 2095                       /lib/x86_64-linux-gnu/libnss_nis-2.27.so
7fe16ab7f000-7fe16ab80000 r--p 0000a000 fc:01 2095                       /lib/x86_64-linux-gnu/libnss_nis-2.27.so
7fe16ab80000-7fe16ab81000 rw-p 0000b000 fc:01 2095                       /lib/x86_64-linux-gnu/libnss_nis-2.27.so
7fe16ab81000-7fe16ab89000 r-xp 00000000 fc:01 2091                       /lib/x86_64-linux-gnu/libnss_compat-2.27.so
7fe16ab89000-7fe16ad89000 ---p 00008000 fc:01 2091                       /lib/x86_64-linux-gnu/libnss_compat-2.27.so
7fe16ad89000-7fe16ad8a000 r--p 00008000 fc:01 2091                       /lib/x86_64-linux-gnu/libnss_compat-2.27.so
7fe16ad8a000-7fe16ad8b000 rw-p 00009000 fc:01 2091                       /lib/x86_64-linux-gnu/libnss_compat-2.27.so
7fe16ad8b000-7fe16adb5000 r-xp 00000000 fc:01 1302600                    /usr/lib/jvm/java-8-openjdk-amd64/jre/lib/amd64/libjava.so
7fe16adb5000-7fe16afb4000 ---p 0002a000 fc:01 1302600                    /usr/lib/jvm/java-8-openjdk-amd64/jre/lib/amd64/libjava.so
7fe16afb4000-7fe16afb5000 r--p 00029000 fc:01 1302600                    /usr/lib/jvm/java-8-openjdk-amd64/jre/lib/amd64/libjava.so
7fe16afb5000-7fe16afb7000 rw-p 0002a000 fc:01 1302600                    /usr/lib/jvm/java-8-openjdk-amd64/jre/lib/amd64/libjava.so
7fe16afb7000-7fe16afc7000 r-xp 00000000 fc:01 1302618                    /usr/lib/jvm/java-8-openjdk-amd64/jre/lib/amd64/libverify.so
7fe16afc7000-7fe16b1c6000 ---p 00010000 fc:01 1302618                    /usr/lib/jvm/java-8-openjdk-amd64/jre/lib/amd64/libverify.so
7fe16b1c6000-7fe16b1c8000 r--p 0000f000 fc:01 1302618                    /usr/lib/jvm/java-8-openjdk-amd64/jre/lib/amd64/libverify.so
7fe16b1c8000-7fe16b1c9000 rw-p 00011000 fc:01 1302618                    /usr/lib/jvm/java-8-openjdk-amd64/jre/lib/amd64/libverify.so
7fe16b1c9000-7fe16b1d0000 r-xp 00000000 fc:01 2180                       /lib/x86_64-linux-gnu/librt-2.27.so
7fe16b1d0000-7fe16b3cf000 ---p 00007000 fc:01 2180                       /lib/x86_64-linux-gnu/librt-2.27.so
7fe16b3cf000-7fe16b3d0000 r--p 00006000 fc:01 2180                       /lib/x86_64-linux-gnu/librt-2.27.so
7fe16b3d0000-7fe16b3d1000 rw-p 00007000 fc:01 2180                       /lib/x86_64-linux-gnu/librt-2.27.so
7fe16b3d1000-7fe16b3e8000 r-xp 00000000 fc:01 29154                      /lib/x86_64-linux-gnu/libgcc_s.so.1
7fe16b3e8000-7fe16b5e7000 ---p 00017000 fc:01 29154                      /lib/x86_64-linux-gnu/libgcc_s.so.1
7fe16b5e7000-7fe16b5e8000 r--p 00016000 fc:01 29154                      /lib/x86_64-linux-gnu/libgcc_s.so.1
7fe16b5e8000-7fe16b5e9000 rw-p 00017000 fc:01 29154                      /lib/x86_64-linux-gnu/libgcc_s.so.1
7fe16b5e9000-7fe16b786000 r-xp 00000000 fc:01 2087                       /lib/x86_64-linux-gnu/libm-2.27.so
7fe16b786000-7fe16b985000 ---p 0019d000 fc:01 2087                       /lib/x86_64-linux-gnu/libm-2.27.so
7fe16b985000-7fe16b986000 r--p 0019c000 fc:01 2087                       /lib/x86_64-linux-gnu/libm-2.27.so
7fe16b986000-7fe16b987000 rw-p 0019d000 fc:01 2087                       /lib/x86_64-linux-gnu/libm-2.27.so
7fe16b987000-7fe16bb00000 r-xp 00000000 fc:01 4344                       /usr/lib/x86_64-linux-gnu/libstdc++.so.6.0.25
7fe16bb00000-7fe16bd00000 ---p 00179000 fc:01 4344                       /usr/lib/x86_64-linux-gnu/libstdc++.so.6.0.25
7fe16bd00000-7fe16bd0a000 r--p 00179000 fc:01 4344                       /usr/lib/x86_64-linux-gnu/libstdc++.so.6.0.25
7fe16bd0a000-7fe16bd0c000 rw-p 00183000 fc:01 4344                       /usr/lib/x86_64-linux-gnu/libstdc++.so.6.0.25
7fe16bd0c000-7fe16bd10000 rw-p 00000000 00:00 0 
7fe16bd10000-7fe16c9b3000 r-xp 00000000 fc:01 1302622                    /usr/lib/jvm/java-8-openjdk-amd64/jre/lib/amd64/server/libjvm.so
7fe16c9b3000-7fe16cbb3000 ---p 00ca3000 fc:01 1302622                    /usr/lib/jvm/java-8-openjdk-amd64/jre/lib/amd64/server/libjvm.so
7fe16cbb3000-7fe16cc47000 r--p 00ca3000 fc:01 1302622                    /usr/lib/jvm/java-8-openjdk-amd64/jre/lib/amd64/server/libjvm.so
7fe16cc47000-7fe16cc70000 rw-p 00d37000 fc:01 1302622                    /usr/lib/jvm/java-8-openjdk-amd64/jre/lib/amd64/server/libjvm.so
7fe16cc70000-7fe16cca0000 rw-p 00000000 00:00 0 
7fe16cca0000-7fe16ccba000 r-xp 00000000 fc:01 2178                       /lib/x86_64-linux-gnu/libpthread-2.27.so
7fe16ccba000-7fe16ceb9000 ---p 0001a000 fc:01 2178                       /lib/x86_64-linux-gnu/libpthread-2.27.so
7fe16ceb9000-7fe16ceba000 r--p 00019000 fc:01 2178                       /lib/x86_64-linux-gnu/libpthread-2.27.so
7fe16ceba000-7fe16cebb000 rw-p 0001a000 fc:01 2178                       /lib/x86_64-linux-gnu/libpthread-2.27.so
7fe16cebb000-7fe16cebf000 rw-p 00000000 00:00 0 
7fe16cebf000-7fe16cec2000 r-xp 00000000 fc:01 2086                       /lib/x86_64-linux-gnu/libdl-2.27.so
7fe16cec2000-7fe16d0c1000 ---p 00003000 fc:01 2086                       /lib/x86_64-linux-gnu/libdl-2.27.so
7fe16d0c1000-7fe16d0c2000 r--p 00002000 fc:01 2086                       /lib/x86_64-linux-gnu/libdl-2.27.so
7fe16d0c2000-7fe16d0c3000 rw-p 00003000 fc:01 2086                       /lib/x86_64-linux-gnu/libdl-2.27.so
7fe16d0c3000-7fe16d0df000 r-xp 00000000 fc:01 2183                       /lib/x86_64-linux-gnu/libz.so.1.2.11
7fe16d0df000-7fe16d2de000 ---p 0001c000 fc:01 2183                       /lib/x86_64-linux-gnu/libz.so.1.2.11
7fe16d2de000-7fe16d2df000 r--p 0001b000 fc:01 2183                       /lib/x86_64-linux-gnu/libz.so.1.2.11
7fe16d2df000-7fe16d2e0000 rw-p 0001c000 fc:01 2183                       /lib/x86_64-linux-gnu/libz.so.1.2.11
7fe16d2e0000-7fe16d4c7000 r-xp 00000000 fc:01 2083                       /lib/x86_64-linux-gnu/libc-2.27.so
7fe16d4c7000-7fe16d6c7000 ---p 001e7000 fc:01 2083                       /lib/x86_64-linux-gnu/libc-2.27.so
7fe16d6c7000-7fe16d6cb000 r--p 001e7000 fc:01 2083                       /lib/x86_64-linux-gnu/libc-2.27.so
7fe16d6cb000-7fe16d6cd000 rw-p 001eb000 fc:01 2083                       /lib/x86_64-linux-gnu/libc-2.27.so
7fe16d6cd000-7fe16d6d1000 rw-p 00000000 00:00 0 
7fe16d6d1000-7fe16d6df000 r-xp 00000000 fc:01 1555499                    /usr/lib/jvm/java-8-openjdk-amd64/jre/lib/amd64/jli/libjli.so
7fe16d6df000-7fe16d8de000 ---p 0000e000 fc:01 1555499                    /usr/lib/jvm/java-8-openjdk-amd64/jre/lib/amd64/jli/libjli.so
7fe16d8de000-7fe16d8df000 r--p 0000d000 fc:01 1555499                    /usr/lib/jvm/java-8-openjdk-amd64/jre/lib/amd64/jli/libjli.so
7fe16d8df000-7fe16d8e0000 rw-p 0000e000 fc:01 1555499                    /usr/lib/jvm/java-8-openjdk-amd64/jre/lib/amd64/jli/libjli.so
7fe16d8e0000-7fe16d907000 r-xp 00000000 fc:01 2079                       /lib/x86_64-linux-gnu/ld-2.27.so
7fe16d907000-7fe16d908000 r--s 0000d000 fc:01 1555513                    /usr/lib/jvm/java-8-openjdk-amd64/jre/lib/ext/sunec.jar
7fe16d908000-7fe16d90a000 r--s 00001000 fc:01 1555508                    /usr/lib/jvm/java-8-openjdk-amd64/jre/lib/ext/dnsns.jar
7fe16d90a000-7fe16d90d000 r--s 0000f000 fc:01 1555509                    /usr/lib/jvm/java-8-openjdk-amd64/jre/lib/ext/icedtea-sound.jar
7fe16d90d000-7fe16d917000 r--s 00116000 fc:01 1555511                    /usr/lib/jvm/java-8-openjdk-amd64/jre/lib/ext/localedata.jar
7fe16d917000-7fe16d918000 r--p 00000000 fc:01 7807                       /usr/lib/locale/C.UTF-8/LC_NUMERIC
7fe16d918000-7fe16d919000 r--p 00000000 fc:01 7810                       /usr/lib/locale/C.UTF-8/LC_TIME
7fe16d919000-7fe16d91a000 r--p 00000000 fc:01 7805                       /usr/lib/locale/C.UTF-8/LC_MONETARY
7fe16d91a000-7fe16d91b000 r--p 00000000 fc:01 7799                       /usr/lib/locale/C.UTF-8/LC_MESSAGES/SYS_LC_MESSAGES
7fe16d91b000-7fe16d91c000 r--p 00000000 fc:01 7808                       /usr/lib/locale/C.UTF-8/LC_PAPER
7fe16d91c000-7fe16d91d000 r--p 00000000 fc:01 7806                       /usr/lib/locale/C.UTF-8/LC_NAME
7fe16d91d000-7fe16d91e000 r--p 00000000 fc:01 7800                       /usr/lib/locale/C.UTF-8/LC_ADDRESS
7fe16d91e000-7fe16d91f000 r--p 00000000 fc:01 7809                       /usr/lib/locale/C.UTF-8/LC_TELEPHONE
7fe16d91f000-7fe16d920000 r--p 00000000 fc:01 7804                       /usr/lib/locale/C.UTF-8/LC_MEASUREMENT
7fe16d920000-7fe16d927000 r--s 00000000 fc:01 5010                       /usr/lib/x86_64-linux-gnu/gconv/gconv-modules.cache
7fe16d927000-7fe16d928000 r--p 00000000 fc:01 7803                       /usr/lib/locale/C.UTF-8/LC_IDENTIFICATION
7fe16d928000-7fe16d92e000 rw-p 00000000 00:00 0 
7fe16d92e000-7fe16d97b000 ---p 00000000 00:00 0 
7fe16d97b000-7fe16d97e000 rw-p 00000000 00:00 0 
7fe16d97e000-7fe16d9a4000 ---p 00000000 00:00 0 
7fe16d9a4000-7fe16d9aa000 rw-p 00000000 00:00 0 
7fe16d9aa000-7fe16d9f7000 ---p 00000000 00:00 0 
7fe16d9f7000-7fe16d9f8000 rw-p 00000000 00:00 0 
7fe16d9f8000-7fe16d9f9000 ---p 00000000 00:00 0 
7fe16d9f9000-7fe16d9fc000 ---p 00000000 00:00 0 
7fe16d9fc000-7fe16dafb000 rw-p 00000000 00:00 0 
7fe16dafb000-7fe16db03000 rw-s 00000000 fc:01 1039844                    /tmp/hsperfdata_mpiuser/5143
7fe16db03000-7fe16db04000 rw-p 00000000 00:00 0 
7fe16db04000-7fe16db05000 r--p 00000000 00:00 0 
7fe16db05000-7fe16db07000 rw-p 00000000 00:00 0 
7fe16db07000-7fe16db08000 r--p 00027000 fc:01 2079                       /lib/x86_64-linux-gnu/ld-2.27.so
7fe16db08000-7fe16db09000 rw-p 00028000 fc:01 2079                       /lib/x86_64-linux-gnu/ld-2.27.so
7fe16db09000-7fe16db0a000 rw-p 00000000 00:00 0 
7ffc1dce6000-7ffc1dd07000 rw-p 00000000 00:00 0                          [stack]
7ffc1ddcf000-7ffc1ddd2000 r--p 00000000 00:00 0                          [vvar]
7ffc1ddd2000-7ffc1ddd4000 r-xp 00000000 00:00 0                          [vdso]
ffffffffff600000-ffffffffff601000 r-xp 00000000 00:00 0                  [vsyscall]

VM Arguments:
jvm_args: -Djava.library.path=/usr/local/lib 
java_command: Client 1000000 100 0
java_class_path (initial): /home/mpiuser/cloud/fyp/java_client:./lib/spring-jcl-5.2.5.RELEASE.jar:./lib/jackson-databind-2.10.3.jar:./lib/jackson-databind-2.10.2.jar:./lib/slf4j-simple-1.7.30.jar:./lib/amqp-client-5.8.0.jar:./lib/spring-web-5.2.5.RELEASE.jar:./lib/jackson-annotations-2.10.3.jar:./lib/mpi.jar:./lib/spring-beans-5.2.5.RELEASE.jar:./lib/jackson-annotations-2.10.2.jar:./lib/jackson-core-2.10.2.jar:./lib/jackson-core-2.10.3.jar:./lib/slf4j-api-1.7.29.jar:./lib/spring-core-5.2.5.RELEASE.jar:./lib/slf4j-api-1.7.30.jar:./lib/http-client-3.6.1.RELEASE.jar:/usr/local/lib/mpi.jar
Launcher Type: SUN_STANDARD

Environment Variables:
PATH=/usr/local/sbin:/usr/local/bin:/usr/sbin:/usr/bin:/sbin:/bin:/usr/games:/usr/local/games:/snap/bin
SHELL=/bin/bash

Signal Handlers:
SIGSEGV: [libjvm.so+0xabc3b0], sa_mask[0]=11111111011111111101111111111110, sa_flags=SA_RESTART|SA_SIGINFO
SIGBUS: [libjvm.so+0xabc3b0], sa_mask[0]=11111111011111111101111111111110, sa_flags=SA_RESTART|SA_SIGINFO
SIGFPE: [libjvm.so+0x8f0bb0], sa_mask[0]=11111111011111111101111111111110, sa_flags=SA_RESTART|SA_SIGINFO
SIGPIPE: [libjvm.so+0x8f0bb0], sa_mask[0]=11111111011111111101111111111110, sa_flags=SA_RESTART|SA_SIGINFO
SIGXFSZ: [libjvm.so+0x8f0bb0], sa_mask[0]=11111111011111111101111111111110, sa_flags=SA_RESTART|SA_SIGINFO
SIGILL: [libjvm.so+0x8f0bb0], sa_mask[0]=11111111011111111101111111111110, sa_flags=SA_RESTART|SA_SIGINFO
SIGUSR1: SIG_DFL, sa_mask[0]=00000000000000000000000000000000, sa_flags=none
SIGUSR2: [libjvm.so+0x8f0a60], sa_mask[0]=00000000000000000000000000000000, sa_flags=SA_RESTART|SA_SIGINFO
SIGHUP: [libjvm.so+0x8f10d0], sa_mask[0]=11111111011111111101111111111110, sa_flags=SA_RESTART|SA_SIGINFO
SIGINT: [libjvm.so+0x8f10d0], sa_mask[0]=11111111011111111101111111111110, sa_flags=SA_RESTART|SA_SIGINFO
SIGTERM: [libjvm.so+0x8f10d0], sa_mask[0]=11111111011111111101111111111110, sa_flags=SA_RESTART|SA_SIGINFO
SIGQUIT: [libjvm.so+0x8f10d0], sa_mask[0]=11111111011111111101111111111110, sa_flags=SA_RESTART|SA_SIGINFO


---------------  S Y S T E M  ---------------

OS:DISTRIB_ID=Ubuntu
DISTRIB_RELEASE=18.04
DISTRIB_CODENAME=bionic
DISTRIB_DESCRIPTION="Ubuntu 18.04.3 LTS"

uname:Linux 4.15.0-91-generic #92-Ubuntu SMP Fri Feb 28 11:09:48 UTC 2020 x86_64
libc:glibc 2.27 NPTL 2.27 
rlimit: STACK 8192k, CORE 0k, NPROC 3837, NOFILE 1048576, AS infinity
load average:22.55 4.80 1.56

/proc/meminfo:
MemTotal:        1008492 kB
MemFree:          320564 kB
MemAvailable:     300568 kB
Buffers:            5468 kB
Cached:            53892 kB
SwapCached:            0 kB
Active:           523952 kB
Inactive:          14680 kB
Active(anon):     479600 kB
Inactive(anon):      252 kB
Active(file):      44352 kB
Inactive(file):    14428 kB
Unevictable:           0 kB
Mlocked:               0 kB
SwapTotal:             0 kB
SwapFree:              0 kB
Dirty:             10392 kB
Writeback:             0 kB
AnonPages:        471136 kB
Mapped:            38340 kB
Shmem:               648 kB
Slab:              90912 kB
SReclaimable:      43892 kB
SUnreclaim:        47020 kB
KernelStack:        7720 kB
PageTables:        20804 kB
NFS_Unstable:          0 kB
Bounce:                0 kB
WritebackTmp:          0 kB
CommitLimit:      504244 kB
Committed_AS:    3922116 kB
VmallocTotal:   34359738367 kB
VmallocUsed:           0 kB
VmallocChunk:          0 kB
HardwareCorrupted:     0 kB
AnonHugePages:         0 kB
ShmemHugePages:        0 kB
ShmemPmdMapped:        0 kB
CmaTotal:              0 kB
CmaFree:               0 kB
HugePages_Total:       0
HugePages_Free:        0
HugePages_Rsvd:        0
HugePages_Surp:        0
Hugepagesize:       2048 kB
DirectMap4k:       83948 kB
DirectMap2M:      964608 kB
DirectMap1G:           0 kB

container (cgroup) information:
container_type: cgroupv1
cpu_cpuset_cpus: 0-2
cpu_memory_nodes: 0
active_processor_count: 3
cpu_quota: -1
cpu_period: 100000
cpu_shares: -1
memory_limit_in_bytes: -1
memory_and_swap_limit_in_bytes: -2
memory_soft_limit_in_bytes: -1
memory_usage_in_bytes: 544948224
memory_max_usage_in_bytes: 817807360


CPU:total 3 (initial active 3) (1 cores per cpu, 1 threads per core) family 6 model 85 stepping 4, cmov, cx8, fxsr, mmx, sse, sse2, sse3, ssse3, sse4.1, sse4.2, popcnt, avx, avx2, aes, clmul, erms, 3dnowpref, lzcnt, tsc, bmi1, bmi2, adx

/proc/cpuinfo:
processor	: 0
vendor_id	: GenuineIntel
cpu family	: 6
model		: 85
model name	: Intel(R) Xeon(R) Gold 6140 CPU @ 2.30GHz
stepping	: 4
microcode	: 0x1
cpu MHz		: 2294.608
cache size	: 4096 KB
physical id	: 0
siblings	: 1
core id		: 0
cpu cores	: 1
apicid		: 0
initial apicid	: 0
fpu		: yes
fpu_exception	: yes
cpuid level	: 13
wp		: yes
flags		: fpu vme de pse tsc msr pae mce cx8 apic sep mtrr pge mca cmov pat pse36 clflush mmx fxsr sse sse2 ss syscall nx pdpe1gb rdtscp lm constant_tsc arch_perfmon rep_good nopl cpuid tsc_known_freq pni pclmulqdq vmx ssse3 fma cx16 pcid sse4_1 sse4_2 x2apic movbe popcnt tsc_deadline_timer aes xsave avx f16c rdrand hypervisor lahf_lm abm 3dnowprefetch cpuid_fault invpcid_single pti ssbd ibrs ibpb tpr_shadow vnmi flexpriority ept vpid fsgsbase tsc_adjust bmi1 avx2 smep bmi2 erms invpcid mpx avx512f avx512dq rdseed adx smap clflushopt clwb avx512cd avx512bw avx512vl xsaveopt xsavec xgetbv1 pku ospke md_clear
bugs		: cpu_meltdown spectre_v1 spectre_v2 spec_store_bypass l1tf mds swapgs itlb_multihit
bogomips	: 4589.21
clflush size	: 64
cache_alignment	: 64
address sizes	: 40 bits physical, 48 bits virtual
power management:

processor	: 1
vendor_id	: GenuineIntel
cpu family	: 6
model		: 85
model name	: Intel(R) Xeon(R) Gold 6140 CPU @ 2.30GHz
stepping	: 4
microcode	: 0x1
cpu MHz		: 2294.608
cache size	: 4096 KB
physical id	: 1
siblings	: 1
core id		: 0
cpu cores	: 1
apicid		: 1
initial apicid	: 1
fpu		: yes
fpu_exception	: yes
cpuid level	: 13
wp		: yes
flags		: fpu vme de pse tsc msr pae mce cx8 apic sep mtrr pge mca cmov pat pse36 clflush mmx fxsr sse sse2 ss syscall nx pdpe1gb rdtscp lm constant_tsc arch_perfmon rep_good nopl cpuid tsc_known_freq pni pclmulqdq vmx ssse3 fma cx16 pcid sse4_1 sse4_2 x2apic movbe popcnt tsc_deadline_timer aes xsave avx f16c rdrand hypervisor lahf_lm abm 3dnowprefetch cpuid_fault invpcid_single pti ssbd ibrs ibpb tpr_shadow vnmi flexpriority ept vpid fsgsbase tsc_adjust bmi1 avx2 smep bmi2 erms invpcid mpx avx512f avx512dq rdseed adx smap clflushopt clwb avx512cd avx512bw avx512vl xsaveopt xsavec xgetbv1 pku ospke md_clear
bugs		: cpu_meltdown spectre_v1 spectre_v2 spec_store_bypass l1tf mds swapgs itlb_multihit
bogomips	: 4589.21
clflush size	: 64
cache_alignment	: 64
address sizes	: 40 bits physical, 48 bits virtual
power management:

processor	: 2
vendor_id	: GenuineIntel
cpu family	: 6
model		: 85
model name	: Intel(R) Xeon(R) Gold 6140 CPU @ 2.30GHz
stepping	: 4
microcode	: 0x1
cpu MHz		: 2294.608
cache size	: 4096 KB
physical id	: 2
siblings	: 1
core id		: 0
cpu cores	: 1
apicid		: 2
initial apicid	: 2
fpu		: yes
fpu_exception	: yes
cpuid level	: 13
wp		: yes
flags		: fpu vme de pse tsc msr pae mce cx8 apic sep mtrr pge mca cmov pat pse36 clflush mmx fxsr sse sse2 ss syscall nx pdpe1gb rdtscp lm constant_tsc arch_perfmon rep_good nopl cpuid tsc_known_freq pni pclmulqdq vmx ssse3 fma cx16 pcid sse4_1 sse4_2 x2apic movbe popcnt tsc_deadline_timer aes xsave avx f16c rdrand hypervisor lahf_lm abm 3dnowprefetch cpuid_fault invpcid_single pti ssbd ibrs ibpb tpr_shadow vnmi flexpriority ept vpid fsgsbase tsc_adjust bmi1 avx2 smep bmi2 erms invpcid mpx avx512f avx512dq rdseed adx smap clflushopt clwb avx512cd avx512bw avx512vl xsaveopt xsavec xgetbv1 pku ospke md_clear
bugs		: cpu_meltdown spectre_v1 spectre_v2 spec_store_bypass l1tf mds swapgs itlb_multihit
bogomips	: 4589.21
clflush size	: 64
cache_alignment	: 64
address sizes	: 40 bits physical, 48 bits virtual
power management:



Memory: 4k page, physical 1008492k(320564k free), swap 0k(0k free)

vm_info: OpenJDK 64-Bit Server VM (25.242-b08) for linux-amd64 JRE (1.8.0_242-8u242-b08-0ubuntu3~18.04-b08), built on Jan 17 2020 23:41:21 by "buildd" with gcc 7.4.0

time: Mon Apr  6 11:40:00 2020
timezone: UTC
elapsed time: 11 seconds (0d 0h 0m 11s)

