#
# A fatal error has been detected by the Java Runtime Environment:
#
#  SIGSEGV (0xb) at pc=0x00007f65e6b8012a, pid=15463, tid=0x00007f662a1d4700
#
# JRE version: OpenJDK Runtime Environment (8.0_242-b08) (build 1.8.0_242-8u242-b08-0ubuntu3~18.04-b08)
# Java VM: OpenJDK 64-Bit Server VM (25.242-b08 mixed mode linux-amd64 compressed oops)
# Problematic frame:
# C  [mca_gds_ds21.so+0x212a]  pmix_gds_ds21_lock_init+0x12a
#
# Failed to write core dump. Core dumps have been disabled. To enable core dumping, try "ulimit -c unlimited" before starting Java again
#
# If you would like to submit a bug report, please visit:
#   http://bugreport.java.com/bugreport/crash.jsp
# The crash happened outside the Java Virtual Machine in native code.
# See problematic frame for where to report the bug.
#

---------------  T H R E A D  ---------------

Current thread (0x00007f662000b800):  JavaThread "main" [_thread_in_native, id=15469, stack(0x00007f662a0d5000,0x00007f662a1d5000)]

siginfo: si_signo: 11 (SIGSEGV), si_code: 1 (SEGV_MAPERR), si_addr: 0x00007f662490a008

Registers:
RAX=0x00007f66202a54b0, RBX=0x00007f66202a53d0, RCX=0x00007f65e6fa085e, RDX=0x00007ffd1953fcee
RSP=0x00007f662a1d2700, RBP=0x00007f66202a5428, RSI=0x0000000000085000, RDI=0x0000000000000000
R8 =0x000000000000001e, R9 =0x0000000000000000, R10=0x0000000000000001, R11=0x0000000000000000
R12=0x00007f66202a5028, R13=0x0000000000001000, R14=0x00007f662490a000, R15=0x00007f66202a5420
RIP=0x00007f65e6b8012a, EFLAGS=0x0000000000010202, CSGSFS=0x002b000000000033, ERR=0x0000000000000004
  TRAPNO=0x000000000000000e

Top of Stack: (sp=0x00007f662a1d2700)
0x00007f662a1d2700:   00007f66202a5380 00007ffd1953fcee
0x00007f662a1d2710:   0000000000085000 000003e800000002
0x00007f662a1d2720:   0000000000000000 00007f6629a532ed
0x00007f662a1d2730:   00007f66202a5070 f37bc8589c975a00
0x00007f662a1d2740:   0000000000000000 00007f66202a4d50
0x00007f662a1d2750:   0000000000000000 00007ffd1953fcee
0x00007f662a1d2760:   0000000000000000 00007f66202a4fc0
0x00007f662a1d2770:   0000000000000000 00007f65e6f9cbcb
0x00007f662a1d2780:   00007f65e6b80cee 00007f662a1d2810
0x00007f662a1d2790:   00007f65f01c8513 0000001500000040
0x00007f662a1d27a0:   00007f66202a06a0 f37bc8589c975a00
0x00007f662a1d27b0:   00007f65e6f92280 00007f66202a01b0
0x00007f662a1d27c0:   00007f65e6d822d4 00007f65f03ee0a0
0x00007f662a1d27d0:   00007f65e6d82180 00007f65f03f1fc0
0x00007f662a1d27e0:   00007f66202a4d00 00007f65e6b7fdb4
0x00007f662a1d27f0:   00007f65f03ee060 00007f65f01b0ee8
0x00007f662a1d2800:   00007f65f03ee100 00007f662a1d2834
0x00007f662a1d2810:   00007f662a1d2838 0000000000000000
0x00007f662a1d2820:   0000000000000000 00007f65f03f1fd0
0x00007f662a1d2830:   0000001ef0125db0 00007f65e6d82180
0x00007f662a1d2840:   0000000000000000 f37bc8589c975a00
0x00007f662a1d2850:   00007f65f03ee0a0 0000000000000000
0x00007f662a1d2860:   0000000000000000 00007f662022f500
0x00007f662a1d2870:   00007f65f0125db0 00007f65f03ed520
0x00007f662a1d2880:   0000000000000000 00007f65f016b763
0x00007f662a1d2890:   000000000000000c 00007f65f03ed7d8
0x00007f662a1d28a0:   2d69706d6e65706f 0000316576616c73
0x00007f662a1d28b0:   00007f65f00b0100 00007f65f00abb00
0x00007f662a1d28c0:   00007f65f00b364e 0000000100000000
0x00007f662a1d28d0:   00007f662a1d29d0 00007f6600000003
0x00007f662a1d28e0:   00007f662a1d29c0 f37bc8589c975a00
0x00007f662a1d28f0:   00007f662022cee0 00007f65f03ecf60 

Instructions: (pc=0x00007f65e6b8012a)
0x00007f65e6b8010a:   f7 ff ff 48 85 c0 49 89 47 30 0f 84 16 03 00 00
0x00007f65e6b8011a:   4c 8b 70 18 49 8b 36 4c 39 ee 0f 87 ce 02 00 00
0x00007f65e6b8012a:   41 8b 46 08 41 89 47 40 49 8b 56 18 4c 01 f2 85
0x00007f65e6b8013a:   c0 49 89 57 38 0f 84 eb 02 00 00 31 c0 ba 01 00 

Register to memory mapping:

RAX=0x00007f66202a54b0 is an unknown value
RBX=0x00007f66202a53d0 is an unknown value
RCX=0x00007f65e6fa085e: pmix_common_dstor_attach_new_lock_seg+0x1e in /usr/local/lib/libmca_common_dstore.so.1 at 0x00007f65e6f93000
RDX=0x00007ffd1953fcee is an unknown value
RSP=0x00007f662a1d2700 is pointing into the stack for thread: 0x00007f662000b800
RBP=0x00007f66202a5428 is an unknown value
RSI=0x0000000000085000 is an unknown value
RDI=0x0000000000000000 is an unknown value
R8 =0x000000000000001e is an unknown value
R9 =0x0000000000000000 is an unknown value
R10=0x0000000000000001 is an unknown value
R11=0x0000000000000000 is an unknown value
R12=0x00007f66202a5028 is an unknown value
R13=0x0000000000001000 is an unknown value
R14=0x00007f662490a000 is an unknown value
R15=0x00007f66202a5420 is an unknown value


Stack: [0x00007f662a0d5000,0x00007f662a1d5000],  sp=0x00007f662a1d2700,  free space=1013k
Native frames: (J=compiled Java code, j=interpreted, Vv=VM code, C=native code)
C  [mca_gds_ds21.so+0x212a]  pmix_gds_ds21_lock_init+0x12a

Java frames: (J=compiled Java code, j=interpreted, Vv=VM code)
j  mpi.MPI.Init_jni([Ljava/lang/String;)[Ljava/lang/String;+0
j  mpi.MPI.Init([Ljava/lang/String;)[Ljava/lang/String;+17
j  Client.main([Ljava/lang/String;)V+1
v  ~StubRoutines::call_stub

---------------  P R O C E S S  ---------------

Java Threads: ( => current thread )
  0x00007f66200b7800 JavaThread "Service Thread" daemon [_thread_blocked, id=15635, stack(0x00007f66250ff000,0x00007f6625200000)]
  0x00007f66200b4800 JavaThread "C1 CompilerThread1" daemon [_thread_blocked, id=15626, stack(0x00007f6625201000,0x00007f6625301000)]
  0x00007f66200b2000 JavaThread "C2 CompilerThread0" daemon [_thread_blocked, id=15613, stack(0x00007f6625302000,0x00007f6625402000)]
  0x00007f66200b0800 JavaThread "Signal Dispatcher" daemon [_thread_blocked, id=15603, stack(0x00007f6625402000,0x00007f6625503000)]
  0x00007f662007e000 JavaThread "Finalizer" daemon [_thread_blocked, id=15512, stack(0x00007f6625842000,0x00007f6625943000)]
  0x00007f6620079800 JavaThread "Reference Handler" daemon [_thread_blocked, id=15501, stack(0x00007f6625943000,0x00007f6625a44000)]
=>0x00007f662000b800 JavaThread "main" [_thread_in_native, id=15469, stack(0x00007f662a0d5000,0x00007f662a1d5000)]

Other Threads:
  0x00007f662006f800 VMThread [stack: 0x00007f6625a45000,0x00007f6625b45000] [id=15496]
  0x00007f66200ba800 WatcherThread [stack: 0x00007f6624fff000,0x00007f66250ff000] [id=15649]

VM state:not at safepoint (normal execution)

VM Mutex/Monitor currently owned by a thread: None

heap address: 0x00000000f0800000, size: 248 MB, Compressed Oops mode: 32-bit
Narrow klass base: 0x0000000000000000, Narrow klass shift: 3
Compressed class space size: 1073741824 Address: 0x0000000100000000

Heap:
 def new generation   total 4928K, used 1441K [0x00000000f0800000, 0x00000000f0d50000, 0x00000000f5aa0000)
  eden space 4416K,  32% used [0x00000000f0800000, 0x00000000f0968610, 0x00000000f0c50000)
  from space 512K,   0% used [0x00000000f0c50000, 0x00000000f0c50000, 0x00000000f0cd0000)
  to   space 512K,   0% used [0x00000000f0cd0000, 0x00000000f0cd0000, 0x00000000f0d50000)
 tenured generation   total 10944K, used 0K [0x00000000f5aa0000, 0x00000000f6550000, 0x0000000100000000)
   the space 10944K,   0% used [0x00000000f5aa0000, 0x00000000f5aa0000, 0x00000000f5aa0200, 0x00000000f6550000)
 Metaspace       used 3113K, capacity 4792K, committed 5120K, reserved 1056768K
  class space    used 313K, capacity 424K, committed 512K, reserved 1048576K

Card table byte_map: [0x00007f662a057000,0x00007f662a0d4000] byte_map_base: 0x00007f66298d3000

Polling page: 0x00007f662a1e0000

CodeCache: size=245760Kb used=1237Kb max_used=1237Kb free=244522Kb
 bounds [0x00007f6611000000, 0x00007f6611270000, 0x00007f6620000000]
 total_blobs=368 nmethods=63 adapters=220
 compilation: enabled

Compilation events (10 events):
Event: 1.345 Thread 0x00007f66200b4800   59       3       java.util.zip.ZipFile::ensureOpen (37 bytes)
Event: 1.345 Thread 0x00007f66200b4800 nmethod 59 0x00007f6611128910 code [0x00007f6611128aa0, 0x00007f6611128d78]
Event: 1.345 Thread 0x00007f66200b4800   60       3       java.util.zip.ZipCoder::getBytes (192 bytes)
Event: 1.384 Thread 0x00007f66200b4800 nmethod 60 0x00007f6611128e90 code [0x00007f6611129240, 0x00007f661112b458]
Event: 1.384 Thread 0x00007f66200b4800   61       3       java.util.zip.ZipCoder::encoder (35 bytes)
Event: 1.384 Thread 0x00007f66200b4800 nmethod 61 0x00007f661112c590 code [0x00007f661112c740, 0x00007f661112cda8]
Event: 1.384 Thread 0x00007f66200b4800   56       1       java.net.URL::getQuery (5 bytes)
Event: 1.384 Thread 0x00007f66200b4800 nmethod 56 0x00007f661112cf50 code [0x00007f661112d0a0, 0x00007f661112d1b0]
Event: 1.529 Thread 0x00007f66200b4800   62       3       java.util.concurrent.ConcurrentHashMap::setTabAt (19 bytes)
Event: 1.529 Thread 0x00007f66200b4800 nmethod 62 0x00007f6611135410 code [0x00007f6611135560, 0x00007f66111356d0]

GC Heap History (0 events):
No events

Deoptimization events (0 events):
No events

Classes redefined (0 events):
No events

Internal exceptions (5 events):
Event: 0.097 Thread 0x00007f662000b800 Exception <a 'java/lang/NoSuchMethodError': Method sun.misc.Unsafe.defineClass(Ljava/lang/String;[BII)Ljava/lang/Class; name or signature does not match> (0x00000000f0807cc8) thrown at [/build/openjdk-8-58sEEn/openjdk-8-8u242-b08/src/hotspot/src/share/vm/
Event: 0.097 Thread 0x00007f662000b800 Exception <a 'java/lang/NoSuchMethodError': Method sun.misc.Unsafe.prefetchRead(Ljava/lang/Object;J)V name or signature does not match> (0x00000000f0807fb0) thrown at [/build/openjdk-8-58sEEn/openjdk-8-8u242-b08/src/hotspot/src/share/vm/prims/jni.cpp, lin
Event: 0.526 Thread 0x00007f662000b800 Exception <a 'java/util/zip/ZipException'> (0x00000000f085dec8) thrown at [/build/openjdk-8-58sEEn/openjdk-8-8u242-b08/src/hotspot/src/share/vm/prims/jni.cpp, line 710]
Event: 0.526 Thread 0x00007f662000b800 Exception <a 'java/security/PrivilegedActionException'> (0x00000000f085e168) thrown at [/build/openjdk-8-58sEEn/openjdk-8-8u242-b08/src/hotspot/src/share/vm/prims/jvm.cpp, line 1502]
Event: 0.526 Thread 0x00007f662000b800 Exception <a 'java/security/PrivilegedActionException'> (0x00000000f085e378) thrown at [/build/openjdk-8-58sEEn/openjdk-8-8u242-b08/src/hotspot/src/share/vm/prims/jvm.cpp, line 1502]

Events (10 events):
Event: 1.326 loading class mpi/Constant
Event: 1.326 loading class mpi/Constant done
Event: 1.326 loading class mpi/Errhandler
Event: 1.326 loading class mpi/Errhandler done
Event: 1.327 loading class mpi/Intracomm
Event: 1.327 loading class mpi/Intracomm done
Event: 1.327 loading class mpi/Comm
Event: 1.327 loading class mpi/Comm done
Event: 1.455 loading class mpi/Version
Event: 1.455 loading class mpi/Version done


Dynamic libraries:
f0800000-f0d50000 rw-p 00000000 00:00 0 
f0d50000-f5aa0000 ---p 00000000 00:00 0 
f5aa0000-f6550000 rw-p 00000000 00:00 0 
f6550000-100000000 ---p 00000000 00:00 0 
100000000-100080000 rw-p 00000000 00:00 0 
100080000-140000000 ---p 00000000 00:00 0 
565397b19000-565397b1a000 r-xp 00000000 fc:01 2079032                    /usr/lib/jvm/java-8-openjdk-amd64/jre/bin/java
565397d19000-565397d1a000 r--p 00000000 fc:01 2079032                    /usr/lib/jvm/java-8-openjdk-amd64/jre/bin/java
565397d1a000-565397d1b000 rw-p 00001000 fc:01 2079032                    /usr/lib/jvm/java-8-openjdk-amd64/jre/bin/java
565399d0e000-565399d2f000 rw-p 00000000 00:00 0                          [heap]
7f65e697b000-7f65e697d000 r-xp 00000000 fc:01 526222                     /usr/local/lib/pmix/mca_pshmem_mmap.so
7f65e697d000-7f65e6b7c000 ---p 00002000 fc:01 526222                     /usr/local/lib/pmix/mca_pshmem_mmap.so
7f65e6b7c000-7f65e6b7d000 r--p 00001000 fc:01 526222                     /usr/local/lib/pmix/mca_pshmem_mmap.so
7f65e6b7d000-7f65e6b7e000 rw-p 00002000 fc:01 526222                     /usr/local/lib/pmix/mca_pshmem_mmap.so
7f65e6b7e000-7f65e6b82000 r-xp 00000000 fc:01 526198                     /usr/local/lib/pmix/mca_gds_ds21.so
7f65e6b82000-7f65e6d81000 ---p 00004000 fc:01 526198                     /usr/local/lib/pmix/mca_gds_ds21.so
7f65e6d81000-7f65e6d82000 r--p 00003000 fc:01 526198                     /usr/local/lib/pmix/mca_gds_ds21.so
7f65e6d82000-7f65e6d83000 rw-p 00004000 fc:01 526198                     /usr/local/lib/pmix/mca_gds_ds21.so
7f65e6d83000-7f65e6d92000 r-xp 00000000 fc:01 526200                     /usr/local/lib/pmix/mca_gds_hash.so
7f65e6d92000-7f65e6f91000 ---p 0000f000 fc:01 526200                     /usr/local/lib/pmix/mca_gds_hash.so
7f65e6f91000-7f65e6f92000 r--p 0000e000 fc:01 526200                     /usr/local/lib/pmix/mca_gds_hash.so
7f65e6f92000-7f65e6f93000 rw-p 0000f000 fc:01 526200                     /usr/local/lib/pmix/mca_gds_hash.so
7f65e6f93000-7f65e6fa2000 r-xp 00000000 fc:01 7028                       /usr/local/lib/libmca_common_dstore.so.1.0.0
7f65e6fa2000-7f65e71a1000 ---p 0000f000 fc:01 7028                       /usr/local/lib/libmca_common_dstore.so.1.0.0
7f65e71a1000-7f65e71a2000 r--p 0000e000 fc:01 7028                       /usr/local/lib/libmca_common_dstore.so.1.0.0
7f65e71a2000-7f65e71a3000 rw-p 0000f000 fc:01 7028                       /usr/local/lib/libmca_common_dstore.so.1.0.0
7f65e71a3000-7f65e71a7000 r-xp 00000000 fc:01 526196                     /usr/local/lib/pmix/mca_gds_ds12.so
7f65e71a7000-7f65e73a6000 ---p 00004000 fc:01 526196                     /usr/local/lib/pmix/mca_gds_ds12.so
7f65e73a6000-7f65e73a7000 r--p 00003000 fc:01 526196                     /usr/local/lib/pmix/mca_gds_ds12.so
7f65e73a7000-7f65e73a8000 rw-p 00004000 fc:01 526196                     /usr/local/lib/pmix/mca_gds_ds12.so
7f65e73a8000-7f65e73b0000 r-xp 00000000 fc:01 526226                     /usr/local/lib/pmix/mca_ptl_usock.so
7f65e73b0000-7f65e75af000 ---p 00008000 fc:01 526226                     /usr/local/lib/pmix/mca_ptl_usock.so
7f65e75af000-7f65e75b0000 r--p 00007000 fc:01 526226                     /usr/local/lib/pmix/mca_ptl_usock.so
7f65e75b0000-7f65e75b1000 rw-p 00008000 fc:01 526226                     /usr/local/lib/pmix/mca_ptl_usock.so
7f65e75b1000-7f65e75c2000 r-xp 00000000 fc:01 526224                     /usr/local/lib/pmix/mca_ptl_tcp.so
7f65e75c2000-7f65e77c1000 ---p 00011000 fc:01 526224                     /usr/local/lib/pmix/mca_ptl_tcp.so
7f65e77c1000-7f65e77c2000 r--p 00010000 fc:01 526224                     /usr/local/lib/pmix/mca_ptl_tcp.so
7f65e77c2000-7f65e77c3000 rw-p 00011000 fc:01 526224                     /usr/local/lib/pmix/mca_ptl_tcp.so
7f65e77c3000-7f65e77d4000 r-xp 00000000 fc:01 526188                     /usr/local/lib/pmix/mca_bfrops_v12.so
7f65e77d4000-7f65e79d4000 ---p 00011000 fc:01 526188                     /usr/local/lib/pmix/mca_bfrops_v12.so
7f65e79d4000-7f65e79d5000 r--p 00011000 fc:01 526188                     /usr/local/lib/pmix/mca_bfrops_v12.so
7f65e79d5000-7f65e79d6000 rw-p 00012000 fc:01 526188                     /usr/local/lib/pmix/mca_bfrops_v12.so
7f65e79d6000-7f65e79ed000 r-xp 00000000 fc:01 526190                     /usr/local/lib/pmix/mca_bfrops_v20.so
7f65e79ed000-7f65e7bec000 ---p 00017000 fc:01 526190                     /usr/local/lib/pmix/mca_bfrops_v20.so
7f65e7bec000-7f65e7bed000 r--p 00016000 fc:01 526190                     /usr/local/lib/pmix/mca_bfrops_v20.so
7f65e7bed000-7f65e7bee000 rw-p 00017000 fc:01 526190                     /usr/local/lib/pmix/mca_bfrops_v20.so
7f65e7bee000-7f65e7bf6000 r-xp 00000000 fc:01 526194                     /usr/local/lib/pmix/mca_bfrops_v3.so
7f65e7bf6000-7f65e7df5000 ---p 00008000 fc:01 526194                     /usr/local/lib/pmix/mca_bfrops_v3.so
7f65e7df5000-7f65e7df6000 r--p 00007000 fc:01 526194                     /usr/local/lib/pmix/mca_bfrops_v3.so
7f65e7df6000-7f65e7df7000 rw-p 00008000 fc:01 526194                     /usr/local/lib/pmix/mca_bfrops_v3.so
7f65e7df7000-7f65e7dfe000 r-xp 00000000 fc:01 526192                     /usr/local/lib/pmix/mca_bfrops_v21.so
7f65e7dfe000-7f65e7ffe000 ---p 00007000 fc:01 526192                     /usr/local/lib/pmix/mca_bfrops_v21.so
7f65e7ffe000-7f65e7fff000 r--p 00007000 fc:01 526192                     /usr/local/lib/pmix/mca_bfrops_v21.so
7f65e7fff000-7f65e8000000 rw-p 00008000 fc:01 526192                     /usr/local/lib/pmix/mca_bfrops_v21.so
7f65e8000000-7f65e8021000 rw-p 00000000 00:00 0 
7f65e8021000-7f65ec000000 ---p 00000000 00:00 0 
7f65ec000000-7f65ec021000 rw-p 00000000 00:00 0 
7f65ec021000-7f65f0000000 ---p 00000000 00:00 0 
7f65f00ab000-7f65f01ea000 r-xp 00000000 fc:01 526228                     /usr/local/lib/openmpi/mca_pmix_pmix3x.so
7f65f01ea000-7f65f03ea000 ---p 0013f000 fc:01 526228                     /usr/local/lib/openmpi/mca_pmix_pmix3x.so
7f65f03ea000-7f65f03eb000 r--p 0013f000 fc:01 526228                     /usr/local/lib/openmpi/mca_pmix_pmix3x.so
7f65f03eb000-7f65f03f0000 rw-p 00140000 fc:01 526228                     /usr/local/lib/openmpi/mca_pmix_pmix3x.so
7f65f03f0000-7f65f03f3000 rw-p 00000000 00:00 0 
7f65f03f6000-7f65f03f8000 r-xp 00000000 fc:01 526214                     /usr/local/lib/pmix/mca_psec_native.so
7f65f03f8000-7f65f05f7000 ---p 00002000 fc:01 526214                     /usr/local/lib/pmix/mca_psec_native.so
7f65f05f7000-7f65f05f8000 r--p 00001000 fc:01 526214                     /usr/local/lib/pmix/mca_psec_native.so
7f65f05f8000-7f65f05f9000 rw-p 00002000 fc:01 526214                     /usr/local/lib/pmix/mca_psec_native.so
7f65f05f9000-7f65f05fa000 ---p 00000000 00:00 0 
7f65f05fa000-7f65f0dfa000 rw-p 00000000 00:00 0 
7f65f0dfa000-7f65f0dfe000 r-xp 00000000 fc:01 526266                     /usr/local/lib/openmpi/mca_ess_pmi.so
7f65f0dfe000-7f65f0ffd000 ---p 00004000 fc:01 526266                     /usr/local/lib/openmpi/mca_ess_pmi.so
7f65f0ffd000-7f65f0ffe000 r--p 00003000 fc:01 526266                     /usr/local/lib/openmpi/mca_ess_pmi.so
7f65f0ffe000-7f65f0fff000 rw-p 00004000 fc:01 526266                     /usr/local/lib/openmpi/mca_ess_pmi.so
7f65f0fff000-7f65f4000000 rw-p 00000000 00:00 0 
7f65f4000000-7f65f416a000 rw-p 00000000 00:00 0 
7f65f416a000-7f65f8000000 ---p 00000000 00:00 0 
7f65f8000000-7f65f8021000 rw-p 00000000 00:00 0 
7f65f8021000-7f65fc000000 ---p 00000000 00:00 0 
7f65fc000000-7f65fc021000 rw-p 00000000 00:00 0 
7f65fc021000-7f6600000000 ---p 00000000 00:00 0 
7f6600000000-7f660004f000 rw-p 00000000 00:00 0 
7f660004f000-7f6604000000 ---p 00000000 00:00 0 
7f6604000000-7f6604021000 rw-p 00000000 00:00 0 
7f6604021000-7f6608000000 ---p 00000000 00:00 0 
7f6608000000-7f6608021000 rw-p 00000000 00:00 0 
7f6608021000-7f660c000000 ---p 00000000 00:00 0 
7f660c000000-7f660c021000 rw-p 00000000 00:00 0 
7f660c021000-7f6610000000 ---p 00000000 00:00 0 
7f661015f000-7f66101e4000 rw-s 00000000 fc:01 526899                     /tmp/ompi.openmpi-slave1.1000/jf.8274/pmix_dstor_ds21_15448/smlockseg-542244865
7f66101e4000-7f66101e5000 r-xp 00000000 fc:01 526334                     /usr/local/lib/openmpi/mca_schizo_orte.so
7f66101e5000-7f66103e4000 ---p 00001000 fc:01 526334                     /usr/local/lib/openmpi/mca_schizo_orte.so
7f66103e4000-7f66103e5000 r--p 00000000 fc:01 526334                     /usr/local/lib/openmpi/mca_schizo_orte.so
7f66103e5000-7f66103e6000 rw-p 00001000 fc:01 526334                     /usr/local/lib/openmpi/mca_schizo_orte.so
7f66103e6000-7f66103e8000 r-xp 00000000 fc:01 526336                     /usr/local/lib/openmpi/mca_schizo_slurm.so
7f66103e8000-7f66105e7000 ---p 00002000 fc:01 526336                     /usr/local/lib/openmpi/mca_schizo_slurm.so
7f66105e7000-7f66105e8000 r--p 00001000 fc:01 526336                     /usr/local/lib/openmpi/mca_schizo_slurm.so
7f66105e8000-7f66105e9000 rw-p 00002000 fc:01 526336                     /usr/local/lib/openmpi/mca_schizo_slurm.so
7f66105e9000-7f66105f1000 r-xp 00000000 fc:01 526332                     /usr/local/lib/openmpi/mca_schizo_ompi.so
7f66105f1000-7f66107f0000 ---p 00008000 fc:01 526332                     /usr/local/lib/openmpi/mca_schizo_ompi.so
7f66107f0000-7f66107f1000 r--p 00007000 fc:01 526332                     /usr/local/lib/openmpi/mca_schizo_ompi.so
7f66107f1000-7f66107f3000 rw-p 00008000 fc:01 526332                     /usr/local/lib/openmpi/mca_schizo_ompi.so
7f66107f3000-7f66107f4000 r-xp 00000000 fc:01 526330                     /usr/local/lib/openmpi/mca_schizo_flux.so
7f66107f4000-7f66109f4000 ---p 00001000 fc:01 526330                     /usr/local/lib/openmpi/mca_schizo_flux.so
7f66109f4000-7f66109f5000 r--p 00001000 fc:01 526330                     /usr/local/lib/openmpi/mca_schizo_flux.so
7f66109f5000-7f66109f6000 rw-p 00002000 fc:01 526330                     /usr/local/lib/openmpi/mca_schizo_flux.so
7f66109f6000-7f66109f8000 r-xp 00000000 fc:01 526234                     /usr/local/lib/openmpi/mca_reachable_weighted.so
7f66109f8000-7f6610bf7000 ---p 00002000 fc:01 526234                     /usr/local/lib/openmpi/mca_reachable_weighted.so
7f6610bf7000-7f6610bf8000 r--p 00001000 fc:01 526234                     /usr/local/lib/openmpi/mca_reachable_weighted.so
7f6610bf8000-7f6610bf9000 rw-p 00002000 fc:01 526234                     /usr/local/lib/openmpi/mca_reachable_weighted.so
7f6610bf9000-7f6610bfc000 r-xp 00000000 fc:01 526236                     /usr/local/lib/openmpi/mca_shmem_mmap.so
7f6610bfc000-7f6610dfb000 ---p 00003000 fc:01 526236                     /usr/local/lib/openmpi/mca_shmem_mmap.so
7f6610dfb000-7f6610dfc000 r--p 00002000 fc:01 526236                     /usr/local/lib/openmpi/mca_shmem_mmap.so
7f6610dfc000-7f6610dfd000 rw-p 00003000 fc:01 526236                     /usr/local/lib/openmpi/mca_shmem_mmap.so
7f6610dfd000-7f6610dff000 r-xp 00000000 fc:01 2182                       /lib/x86_64-linux-gnu/libutil-2.27.so
7f6610dff000-7f6610ffe000 ---p 00002000 fc:01 2182                       /lib/x86_64-linux-gnu/libutil-2.27.so
7f6610ffe000-7f6610fff000 r--p 00001000 fc:01 2182                       /lib/x86_64-linux-gnu/libutil-2.27.so
7f6610fff000-7f6611000000 rw-p 00002000 fc:01 2182                       /lib/x86_64-linux-gnu/libutil-2.27.so
7f6611000000-7f6611270000 rwxp 00000000 00:00 0 
7f6611270000-7f6620000000 ---p 00000000 00:00 0 
7f6620000000-7f66202a7000 rw-p 00000000 00:00 0 
7f66202a7000-7f6624000000 ---p 00000000 00:00 0 
7f6624000000-7f66240b3000 r-xp 00000000 fc:01 7159                       /usr/local/lib/libopen-rte.so.40.20.1
7f66240b3000-7f66242b2000 ---p 000b3000 fc:01 7159                       /usr/local/lib/libopen-rte.so.40.20.1
7f66242b2000-7f66242b4000 r--p 000b2000 fc:01 7159                       /usr/local/lib/libopen-rte.so.40.20.1
7f66242b4000-7f66242b8000 rw-p 000b4000 fc:01 7159                       /usr/local/lib/libopen-rte.so.40.20.1
7f66242b8000-7f66242bb000 rw-p 00000000 00:00 0 
7f66242bb000-7f66243c2000 r-xp 00000000 fc:01 4656                       /usr/local/lib/libopen-pal.so.40.20.1
7f66243c2000-7f66245c2000 ---p 00107000 fc:01 4656                       /usr/local/lib/libopen-pal.so.40.20.1
7f66245c2000-7f66245c5000 r--p 00107000 fc:01 4656                       /usr/local/lib/libopen-pal.so.40.20.1
7f66245c5000-7f66245cb000 rw-p 0010a000 fc:01 4656                       /usr/local/lib/libopen-pal.so.40.20.1
7f66245cb000-7f66245d2000 rw-p 00000000 00:00 0 
7f66245d2000-7f66246df000 r-xp 00000000 fc:01 7362                       /usr/local/lib/libmpi.so.40.20.1
7f66246df000-7f66248de000 ---p 0010d000 fc:01 7362                       /usr/local/lib/libmpi.so.40.20.1
7f66248de000-7f66248e0000 r--p 0010c000 fc:01 7362                       /usr/local/lib/libmpi.so.40.20.1
7f66248e0000-7f66248f1000 rw-p 0010e000 fc:01 7362                       /usr/local/lib/libmpi.so.40.20.1
7f66248f1000-7f6624903000 rw-p 00000000 00:00 0 
7f662490b000-7f662490c000 r--s 00000000 fc:01 526900                     /tmp/ompi.openmpi-slave1.1000/jf.8274/pmix_dstor_ds12_15448/initial-pmix_shared-segment-0
7f662490c000-7f662490d000 rw-s 00000000 fc:01 526901                     /tmp/ompi.openmpi-slave1.1000/jf.8274/pmix_dstor_ds12_15448/dstore_sm.lock
7f662490d000-7f6624935000 r-xp 00000000 fc:01 29870                      /usr/local/lib/libmpi_java.so.40.20.0
7f6624935000-7f6624b34000 ---p 00028000 fc:01 29870                      /usr/local/lib/libmpi_java.so.40.20.0
7f6624b34000-7f6624b35000 r--p 00027000 fc:01 29870                      /usr/local/lib/libmpi_java.so.40.20.0
7f6624b35000-7f6624b36000 rw-p 00028000 fc:01 29870                      /usr/local/lib/libmpi_java.so.40.20.0
7f6624b36000-7f6624b37000 r--s 0000f000 00:34 527712                     /home/mpiuser/cloud/fyp/java_client/lib/mpi.jar
7f6624b37000-7f6624b3a000 r--s 0000e000 00:34 527707                     /home/mpiuser/cloud/fyp/java_client/lib/jackson-annotations-2.10.3.jar
7f6624b3a000-7f6624b57000 r--s 00142000 00:34 527719                     /home/mpiuser/cloud/fyp/java_client/lib/spring-web-5.2.5.RELEASE.jar
7f6624b57000-7f6624b64000 r--s 00090000 00:34 527704                     /home/mpiuser/cloud/fyp/java_client/lib/amqp-client-5.8.0.jar
7f6624b64000-7f6624b65000 r--s 00003000 00:34 527715                     /home/mpiuser/cloud/fyp/java_client/lib/slf4j-simple-1.7.30.jar
7f6624b65000-7f6624b7a000 r--s 00142000 00:34 527710                     /home/mpiuser/cloud/fyp/java_client/lib/jackson-databind-2.10.2.jar
7f6624b7a000-7f6624b8f000 r--s 00142000 00:34 527711                     /home/mpiuser/cloud/fyp/java_client/lib/jackson-databind-2.10.3.jar
7f6624b8f000-7f6624b90000 r--s 00005000 00:34 527718                     /home/mpiuser/cloud/fyp/java_client/lib/spring-jcl-5.2.5.RELEASE.jar
7f6624b90000-7f6624ba7000 r-xp 00000000 fc:01 2079070                    /usr/lib/jvm/java-8-openjdk-amd64/jre/lib/amd64/libnet.so
7f6624ba7000-7f6624da6000 ---p 00017000 fc:01 2079070                    /usr/lib/jvm/java-8-openjdk-amd64/jre/lib/amd64/libnet.so
7f6624da6000-7f6624da7000 r--p 00016000 fc:01 2079070                    /usr/lib/jvm/java-8-openjdk-amd64/jre/lib/amd64/libnet.so
7f6624da7000-7f6624da8000 rw-p 00017000 fc:01 2079070                    /usr/lib/jvm/java-8-openjdk-amd64/jre/lib/amd64/libnet.so
7f6624da8000-7f6624db9000 r-xp 00000000 fc:01 2079071                    /usr/lib/jvm/java-8-openjdk-amd64/jre/lib/amd64/libnio.so
7f6624db9000-7f6624fb9000 ---p 00011000 fc:01 2079071                    /usr/lib/jvm/java-8-openjdk-amd64/jre/lib/amd64/libnio.so
7f6624fb9000-7f6624fba000 r--p 00011000 fc:01 2079071                    /usr/lib/jvm/java-8-openjdk-amd64/jre/lib/amd64/libnio.so
7f6624fba000-7f6624fbb000 rw-p 00012000 fc:01 2079071                    /usr/lib/jvm/java-8-openjdk-amd64/jre/lib/amd64/libnio.so
7f6624fbb000-7f6624fd6000 r--s 001d6000 fc:01 2079097                    /usr/lib/jvm/java-8-openjdk-amd64/jre/lib/ext/nashorn.jar
7f6624fd6000-7f6624fda000 r--s 0003a000 fc:01 2079100                    /usr/lib/jvm/java-8-openjdk-amd64/jre/lib/ext/sunpkcs11.jar
7f6624fda000-7f6624fdf000 r--s 0003d000 fc:01 2079099                    /usr/lib/jvm/java-8-openjdk-amd64/jre/lib/ext/sunjce_provider.jar
7f6624fdf000-7f6624fe0000 r--s 00010000 fc:01 2079101                    /usr/lib/jvm/java-8-openjdk-amd64/jre/lib/ext/zipfs.jar
7f6624fe0000-7f6624fe1000 r--s 0000a000 fc:01 2079095                    /usr/lib/jvm/java-8-openjdk-amd64/jre/lib/ext/jaccess.jar
7f6624fe1000-7f6624fe3000 r--s 00007000 fc:01 29704                      /usr/share/java/java-atk-wrapper.jar
7f6624fe3000-7f6624ffe000 r--s 00394000 fc:01 2079092                    /usr/lib/jvm/java-8-openjdk-amd64/jre/lib/ext/cldrdata.jar
7f6624ffe000-7f6624fff000 ---p 00000000 00:00 0 
7f6624fff000-7f66250ff000 rw-p 00000000 00:00 0 
7f66250ff000-7f6625102000 ---p 00000000 00:00 0 
7f6625102000-7f6625200000 rw-p 00000000 00:00 0 
7f6625200000-7f6625201000 ---p 00000000 00:00 0 
7f6625201000-7f6625204000 ---p 00000000 00:00 0 
7f6625204000-7f6625301000 rw-p 00000000 00:00 0 
7f6625301000-7f6625302000 ---p 00000000 00:00 0 
7f6625302000-7f6625305000 ---p 00000000 00:00 0 
7f6625305000-7f6625402000 rw-p 00000000 00:00 0 
7f6625402000-7f6625405000 ---p 00000000 00:00 0 
7f6625405000-7f6625503000 rw-p 00000000 00:00 0 
7f6625503000-7f6625534000 r--p 00000000 fc:01 7802                       /usr/lib/locale/C.UTF-8/LC_CTYPE
7f6625534000-7f66256a7000 r--p 00000000 fc:01 7801                       /usr/lib/locale/C.UTF-8/LC_COLLATE
7f66256a7000-7f6625842000 r--p 00000000 fc:01 7796                       /usr/lib/locale/locale-archive
7f6625842000-7f6625845000 ---p 00000000 00:00 0 
7f6625845000-7f6625943000 rw-p 00000000 00:00 0 
7f6625943000-7f6625946000 ---p 00000000 00:00 0 
7f6625946000-7f6625a44000 rw-p 00000000 00:00 0 
7f6625a44000-7f6625a45000 ---p 00000000 00:00 0 
7f6625a45000-7f6625b93000 rw-p 00000000 00:00 0 
7f6625b93000-7f6625d63000 r--s 03c68000 fc:01 2079121                    /usr/lib/jvm/java-8-openjdk-amd64/jre/lib/rt.jar
7f6625d63000-7f66262dc000 rw-p 00000000 00:00 0 
7f66262dc000-7f662665c000 ---p 00000000 00:00 0 
7f662665c000-7f6626666000 rw-p 00000000 00:00 0 
7f6626666000-7f6626a1c000 ---p 00000000 00:00 0 
7f6626a1c000-7f6626a24000 r-xp 00000000 fc:01 2079078                    /usr/lib/jvm/java-8-openjdk-amd64/jre/lib/amd64/libzip.so
7f6626a24000-7f6626c23000 ---p 00008000 fc:01 2079078                    /usr/lib/jvm/java-8-openjdk-amd64/jre/lib/amd64/libzip.so
7f6626c23000-7f6626c24000 r--p 00007000 fc:01 2079078                    /usr/lib/jvm/java-8-openjdk-amd64/jre/lib/amd64/libzip.so
7f6626c24000-7f6626c25000 rw-p 00008000 fc:01 2079078                    /usr/lib/jvm/java-8-openjdk-amd64/jre/lib/amd64/libzip.so
7f6626c25000-7f6626c30000 r-xp 00000000 fc:01 2093                       /lib/x86_64-linux-gnu/libnss_files-2.27.so
7f6626c30000-7f6626e2f000 ---p 0000b000 fc:01 2093                       /lib/x86_64-linux-gnu/libnss_files-2.27.so
7f6626e2f000-7f6626e30000 r--p 0000a000 fc:01 2093                       /lib/x86_64-linux-gnu/libnss_files-2.27.so
7f6626e30000-7f6626e31000 rw-p 0000b000 fc:01 2093                       /lib/x86_64-linux-gnu/libnss_files-2.27.so
7f6626e31000-7f6626e37000 rw-p 00000000 00:00 0 
7f6626e37000-7f6626e4e000 r-xp 00000000 fc:01 2090                       /lib/x86_64-linux-gnu/libnsl-2.27.so
7f6626e4e000-7f662704d000 ---p 00017000 fc:01 2090                       /lib/x86_64-linux-gnu/libnsl-2.27.so
7f662704d000-7f662704e000 r--p 00016000 fc:01 2090                       /lib/x86_64-linux-gnu/libnsl-2.27.so
7f662704e000-7f662704f000 rw-p 00017000 fc:01 2090                       /lib/x86_64-linux-gnu/libnsl-2.27.so
7f662704f000-7f6627051000 rw-p 00000000 00:00 0 
7f6627051000-7f662705c000 r-xp 00000000 fc:01 2095                       /lib/x86_64-linux-gnu/libnss_nis-2.27.so
7f662705c000-7f662725b000 ---p 0000b000 fc:01 2095                       /lib/x86_64-linux-gnu/libnss_nis-2.27.so
7f662725b000-7f662725c000 r--p 0000a000 fc:01 2095                       /lib/x86_64-linux-gnu/libnss_nis-2.27.so
7f662725c000-7f662725d000 rw-p 0000b000 fc:01 2095                       /lib/x86_64-linux-gnu/libnss_nis-2.27.so
7f662725d000-7f6627265000 r-xp 00000000 fc:01 2091                       /lib/x86_64-linux-gnu/libnss_compat-2.27.so
7f6627265000-7f6627465000 ---p 00008000 fc:01 2091                       /lib/x86_64-linux-gnu/libnss_compat-2.27.so
7f6627465000-7f6627466000 r--p 00008000 fc:01 2091                       /lib/x86_64-linux-gnu/libnss_compat-2.27.so
7f6627466000-7f6627467000 rw-p 00009000 fc:01 2091                       /lib/x86_64-linux-gnu/libnss_compat-2.27.so
7f6627467000-7f6627491000 r-xp 00000000 fc:01 2079059                    /usr/lib/jvm/java-8-openjdk-amd64/jre/lib/amd64/libjava.so
7f6627491000-7f6627690000 ---p 0002a000 fc:01 2079059                    /usr/lib/jvm/java-8-openjdk-amd64/jre/lib/amd64/libjava.so
7f6627690000-7f6627691000 r--p 00029000 fc:01 2079059                    /usr/lib/jvm/java-8-openjdk-amd64/jre/lib/amd64/libjava.so
7f6627691000-7f6627693000 rw-p 0002a000 fc:01 2079059                    /usr/lib/jvm/java-8-openjdk-amd64/jre/lib/amd64/libjava.so
7f6627693000-7f66276a3000 r-xp 00000000 fc:01 2079077                    /usr/lib/jvm/java-8-openjdk-amd64/jre/lib/amd64/libverify.so
7f66276a3000-7f66278a2000 ---p 00010000 fc:01 2079077                    /usr/lib/jvm/java-8-openjdk-amd64/jre/lib/amd64/libverify.so
7f66278a2000-7f66278a4000 r--p 0000f000 fc:01 2079077                    /usr/lib/jvm/java-8-openjdk-amd64/jre/lib/amd64/libverify.so
7f66278a4000-7f66278a5000 rw-p 00011000 fc:01 2079077                    /usr/lib/jvm/java-8-openjdk-amd64/jre/lib/amd64/libverify.so
7f66278a5000-7f66278ac000 r-xp 00000000 fc:01 2180                       /lib/x86_64-linux-gnu/librt-2.27.so
7f66278ac000-7f6627aab000 ---p 00007000 fc:01 2180                       /lib/x86_64-linux-gnu/librt-2.27.so
7f6627aab000-7f6627aac000 r--p 00006000 fc:01 2180                       /lib/x86_64-linux-gnu/librt-2.27.so
7f6627aac000-7f6627aad000 rw-p 00007000 fc:01 2180                       /lib/x86_64-linux-gnu/librt-2.27.so
7f6627aad000-7f6627ac4000 r-xp 00000000 fc:01 19131                      /lib/x86_64-linux-gnu/libgcc_s.so.1
7f6627ac4000-7f6627cc3000 ---p 00017000 fc:01 19131                      /lib/x86_64-linux-gnu/libgcc_s.so.1
7f6627cc3000-7f6627cc4000 r--p 00016000 fc:01 19131                      /lib/x86_64-linux-gnu/libgcc_s.so.1
7f6627cc4000-7f6627cc5000 rw-p 00017000 fc:01 19131                      /lib/x86_64-linux-gnu/libgcc_s.so.1
7f6627cc5000-7f6627e62000 r-xp 00000000 fc:01 2087                       /lib/x86_64-linux-gnu/libm-2.27.so
7f6627e62000-7f6628061000 ---p 0019d000 fc:01 2087                       /lib/x86_64-linux-gnu/libm-2.27.so
7f6628061000-7f6628062000 r--p 0019c000 fc:01 2087                       /lib/x86_64-linux-gnu/libm-2.27.so
7f6628062000-7f6628063000 rw-p 0019d000 fc:01 2087                       /lib/x86_64-linux-gnu/libm-2.27.so
7f6628063000-7f66281dc000 r-xp 00000000 fc:01 7835                       /usr/lib/x86_64-linux-gnu/libstdc++.so.6.0.25
7f66281dc000-7f66283dc000 ---p 00179000 fc:01 7835                       /usr/lib/x86_64-linux-gnu/libstdc++.so.6.0.25
7f66283dc000-7f66283e6000 r--p 00179000 fc:01 7835                       /usr/lib/x86_64-linux-gnu/libstdc++.so.6.0.25
7f66283e6000-7f66283e8000 rw-p 00183000 fc:01 7835                       /usr/lib/x86_64-linux-gnu/libstdc++.so.6.0.25
7f66283e8000-7f66283ec000 rw-p 00000000 00:00 0 
7f66283ec000-7f662908f000 r-xp 00000000 fc:01 2079081                    /usr/lib/jvm/java-8-openjdk-amd64/jre/lib/amd64/server/libjvm.so
7f662908f000-7f662928f000 ---p 00ca3000 fc:01 2079081                    /usr/lib/jvm/java-8-openjdk-amd64/jre/lib/amd64/server/libjvm.so
7f662928f000-7f6629323000 r--p 00ca3000 fc:01 2079081                    /usr/lib/jvm/java-8-openjdk-amd64/jre/lib/amd64/server/libjvm.so
7f6629323000-7f662934c000 rw-p 00d37000 fc:01 2079081                    /usr/lib/jvm/java-8-openjdk-amd64/jre/lib/amd64/server/libjvm.so
7f662934c000-7f662937c000 rw-p 00000000 00:00 0 
7f662937c000-7f6629396000 r-xp 00000000 fc:01 2178                       /lib/x86_64-linux-gnu/libpthread-2.27.so
7f6629396000-7f6629595000 ---p 0001a000 fc:01 2178                       /lib/x86_64-linux-gnu/libpthread-2.27.so
7f6629595000-7f6629596000 r--p 00019000 fc:01 2178                       /lib/x86_64-linux-gnu/libpthread-2.27.so
7f6629596000-7f6629597000 rw-p 0001a000 fc:01 2178                       /lib/x86_64-linux-gnu/libpthread-2.27.so
7f6629597000-7f662959b000 rw-p 00000000 00:00 0 
7f662959b000-7f662959e000 r-xp 00000000 fc:01 2086                       /lib/x86_64-linux-gnu/libdl-2.27.so
7f662959e000-7f662979d000 ---p 00003000 fc:01 2086                       /lib/x86_64-linux-gnu/libdl-2.27.so
7f662979d000-7f662979e000 r--p 00002000 fc:01 2086                       /lib/x86_64-linux-gnu/libdl-2.27.so
7f662979e000-7f662979f000 rw-p 00003000 fc:01 2086                       /lib/x86_64-linux-gnu/libdl-2.27.so
7f662979f000-7f66297bb000 r-xp 00000000 fc:01 2183                       /lib/x86_64-linux-gnu/libz.so.1.2.11
7f66297bb000-7f66299ba000 ---p 0001c000 fc:01 2183                       /lib/x86_64-linux-gnu/libz.so.1.2.11
7f66299ba000-7f66299bb000 r--p 0001b000 fc:01 2183                       /lib/x86_64-linux-gnu/libz.so.1.2.11
7f66299bb000-7f66299bc000 rw-p 0001c000 fc:01 2183                       /lib/x86_64-linux-gnu/libz.so.1.2.11
7f66299bc000-7f6629ba3000 r-xp 00000000 fc:01 2083                       /lib/x86_64-linux-gnu/libc-2.27.so
7f6629ba3000-7f6629da3000 ---p 001e7000 fc:01 2083                       /lib/x86_64-linux-gnu/libc-2.27.so
7f6629da3000-7f6629da7000 r--p 001e7000 fc:01 2083                       /lib/x86_64-linux-gnu/libc-2.27.so
7f6629da7000-7f6629da9000 rw-p 001eb000 fc:01 2083                       /lib/x86_64-linux-gnu/libc-2.27.so
7f6629da9000-7f6629dad000 rw-p 00000000 00:00 0 
7f6629dad000-7f6629dbb000 r-xp 00000000 fc:01 2079045                    /usr/lib/jvm/java-8-openjdk-amd64/jre/lib/amd64/jli/libjli.so
7f6629dbb000-7f6629fba000 ---p 0000e000 fc:01 2079045                    /usr/lib/jvm/java-8-openjdk-amd64/jre/lib/amd64/jli/libjli.so
7f6629fba000-7f6629fbb000 r--p 0000d000 fc:01 2079045                    /usr/lib/jvm/java-8-openjdk-amd64/jre/lib/amd64/jli/libjli.so
7f6629fbb000-7f6629fbc000 rw-p 0000e000 fc:01 2079045                    /usr/lib/jvm/java-8-openjdk-amd64/jre/lib/amd64/jli/libjli.so
7f6629fbc000-7f6629fe3000 r-xp 00000000 fc:01 2079                       /lib/x86_64-linux-gnu/ld-2.27.so
7f6629fe3000-7f6629fe4000 r--s 0000d000 fc:01 2079098                    /usr/lib/jvm/java-8-openjdk-amd64/jre/lib/ext/sunec.jar
7f6629fe4000-7f6629fe6000 r--s 00001000 fc:01 2079093                    /usr/lib/jvm/java-8-openjdk-amd64/jre/lib/ext/dnsns.jar
7f6629fe6000-7f6629fe9000 r--s 0000f000 fc:01 2079094                    /usr/lib/jvm/java-8-openjdk-amd64/jre/lib/ext/icedtea-sound.jar
7f6629fe9000-7f6629ff3000 r--s 00116000 fc:01 2079096                    /usr/lib/jvm/java-8-openjdk-amd64/jre/lib/ext/localedata.jar
7f6629ff3000-7f6629ff4000 r--p 00000000 fc:01 7807                       /usr/lib/locale/C.UTF-8/LC_NUMERIC
7f6629ff4000-7f6629ff5000 r--p 00000000 fc:01 7810                       /usr/lib/locale/C.UTF-8/LC_TIME
7f6629ff5000-7f6629ff6000 r--p 00000000 fc:01 7805                       /usr/lib/locale/C.UTF-8/LC_MONETARY
7f6629ff6000-7f6629ff7000 r--p 00000000 fc:01 7799                       /usr/lib/locale/C.UTF-8/LC_MESSAGES/SYS_LC_MESSAGES
7f6629ff7000-7f6629ff8000 r--p 00000000 fc:01 7808                       /usr/lib/locale/C.UTF-8/LC_PAPER
7f6629ff8000-7f6629ff9000 r--p 00000000 fc:01 7806                       /usr/lib/locale/C.UTF-8/LC_NAME
7f6629ff9000-7f6629ffa000 r--p 00000000 fc:01 7800                       /usr/lib/locale/C.UTF-8/LC_ADDRESS
7f6629ffa000-7f6629ffb000 r--p 00000000 fc:01 7809                       /usr/lib/locale/C.UTF-8/LC_TELEPHONE
7f6629ffb000-7f6629ffc000 r--p 00000000 fc:01 7804                       /usr/lib/locale/C.UTF-8/LC_MEASUREMENT
7f6629ffc000-7f662a003000 r--s 00000000 fc:01 5010                       /usr/lib/x86_64-linux-gnu/gconv/gconv-modules.cache
7f662a003000-7f662a004000 r--p 00000000 fc:01 7803                       /usr/lib/locale/C.UTF-8/LC_IDENTIFICATION
7f662a004000-7f662a00a000 rw-p 00000000 00:00 0 
7f662a00a000-7f662a057000 ---p 00000000 00:00 0 
7f662a057000-7f662a05a000 rw-p 00000000 00:00 0 
7f662a05a000-7f662a080000 ---p 00000000 00:00 0 
7f662a080000-7f662a086000 rw-p 00000000 00:00 0 
7f662a086000-7f662a0d3000 ---p 00000000 00:00 0 
7f662a0d3000-7f662a0d4000 rw-p 00000000 00:00 0 
7f662a0d4000-7f662a0d5000 ---p 00000000 00:00 0 
7f662a0d5000-7f662a0d8000 ---p 00000000 00:00 0 
7f662a0d8000-7f662a1d7000 rw-p 00000000 00:00 0 
7f662a1d7000-7f662a1df000 rw-s 00000000 fc:01 526906                     /tmp/hsperfdata_mpiuser/15463
7f662a1df000-7f662a1e0000 rw-p 00000000 00:00 0 
7f662a1e0000-7f662a1e1000 r--p 00000000 00:00 0 
7f662a1e1000-7f662a1e3000 rw-p 00000000 00:00 0 
7f662a1e3000-7f662a1e4000 r--p 00027000 fc:01 2079                       /lib/x86_64-linux-gnu/ld-2.27.so
7f662a1e4000-7f662a1e5000 rw-p 00028000 fc:01 2079                       /lib/x86_64-linux-gnu/ld-2.27.so
7f662a1e5000-7f662a1e6000 rw-p 00000000 00:00 0 
7ffd1951f000-7ffd19540000 rw-p 00000000 00:00 0                          [stack]
7ffd195a7000-7ffd195aa000 r--p 00000000 00:00 0                          [vvar]
7ffd195aa000-7ffd195ac000 r-xp 00000000 00:00 0                          [vdso]
ffffffffff600000-ffffffffff601000 r-xp 00000000 00:00 0                  [vsyscall]

VM Arguments:
jvm_args: -Djava.library.path=/usr/local/lib 
java_command: Client 1000000 100 0
java_class_path (initial): /home/mpiuser/cloud/fyp/java_client:./lib/spring-jcl-5.2.5.RELEASE.jar:./lib/jackson-databind-2.10.3.jar:./lib/jackson-databind-2.10.2.jar:./lib/slf4j-simple-1.7.30.jar:./lib/amqp-client-5.8.0.jar:./lib/spring-web-5.2.5.RELEASE.jar:./lib/jackson-annotations-2.10.3.jar:./lib/mpi.jar:./lib/spring-beans-5.2.5.RELEASE.jar:./lib/jackson-annotations-2.10.2.jar:./lib/jackson-core-2.10.2.jar:./lib/jackson-core-2.10.3.jar:./lib/slf4j-api-1.7.29.jar:./lib/spring-core-5.2.5.RELEASE.jar:./lib/slf4j-api-1.7.30.jar:./lib/http-client-3.6.1.RELEASE.jar:/usr/local/lib/mpi.jar
Launcher Type: SUN_STANDARD

Environment Variables:
PATH=/usr/local/sbin:/usr/local/bin:/usr/sbin:/usr/bin:/sbin:/bin:/usr/games:/usr/local/games
SHELL=/bin/bash

Signal Handlers:
SIGSEGV: [libjvm.so+0xabc3b0], sa_mask[0]=11111111011111111101111111111110, sa_flags=SA_RESTART|SA_SIGINFO
SIGBUS: [libjvm.so+0xabc3b0], sa_mask[0]=11111111011111111101111111111110, sa_flags=SA_RESTART|SA_SIGINFO
SIGFPE: [libjvm.so+0x8f0bb0], sa_mask[0]=11111111011111111101111111111110, sa_flags=SA_RESTART|SA_SIGINFO
SIGPIPE: [libjvm.so+0x8f0bb0], sa_mask[0]=11111111011111111101111111111110, sa_flags=SA_RESTART|SA_SIGINFO
SIGXFSZ: [libjvm.so+0x8f0bb0], sa_mask[0]=11111111011111111101111111111110, sa_flags=SA_RESTART|SA_SIGINFO
SIGILL: [libjvm.so+0x8f0bb0], sa_mask[0]=11111111011111111101111111111110, sa_flags=SA_RESTART|SA_SIGINFO
SIGUSR1: SIG_DFL, sa_mask[0]=00000000000000000000000000000000, sa_flags=none
SIGUSR2: [libjvm.so+0x8f0a60], sa_mask[0]=00000000000000000000000000000000, sa_flags=SA_RESTART|SA_SIGINFO
SIGHUP: [libjvm.so+0x8f10d0], sa_mask[0]=11111111011111111101111111111110, sa_flags=SA_RESTART|SA_SIGINFO
SIGINT: [libjvm.so+0x8f10d0], sa_mask[0]=11111111011111111101111111111110, sa_flags=SA_RESTART|SA_SIGINFO
SIGTERM: [libjvm.so+0x8f10d0], sa_mask[0]=11111111011111111101111111111110, sa_flags=SA_RESTART|SA_SIGINFO
SIGQUIT: [libjvm.so+0x8f10d0], sa_mask[0]=11111111011111111101111111111110, sa_flags=SA_RESTART|SA_SIGINFO


---------------  S Y S T E M  ---------------

OS:DISTRIB_ID=Ubuntu
DISTRIB_RELEASE=18.04
DISTRIB_CODENAME=bionic
DISTRIB_DESCRIPTION="Ubuntu 18.04.3 LTS"

uname:Linux 4.15.0-66-generic #75-Ubuntu SMP Tue Oct 1 05:24:09 UTC 2019 x86_64
libc:glibc 2.27 NPTL 2.27 
rlimit: STACK 8192k, CORE 0k, NPROC 3841, NOFILE 1048576, AS infinity
load average:3.36 0.70 0.23

/proc/meminfo:
MemTotal:        1008808 kB
MemFree:           75776 kB
MemAvailable:      61340 kB
Buffers:           16012 kB
Cached:            64276 kB
SwapCached:            0 kB
Active:           736488 kB
Inactive:          36672 kB
Active(anon):     693488 kB
Inactive(anon):      200 kB
Active(file):      43000 kB
Inactive(file):    36472 kB
Unevictable:           0 kB
Mlocked:               0 kB
SwapTotal:             0 kB
SwapFree:              0 kB
Dirty:               540 kB
Writeback:             0 kB
AnonPages:        693192 kB
Mapped:            55216 kB
Shmem:               660 kB
Slab:              88212 kB
SReclaimable:      34336 kB
SUnreclaim:        53876 kB
KernelStack:       11524 kB
PageTables:        24464 kB
NFS_Unstable:         44 kB
Bounce:                0 kB
WritebackTmp:          0 kB
CommitLimit:      504404 kB
Committed_AS:    5032260 kB
VmallocTotal:   34359738367 kB
VmallocUsed:           0 kB
VmallocChunk:          0 kB
HardwareCorrupted:     0 kB
AnonHugePages:         0 kB
ShmemHugePages:        0 kB
ShmemPmdMapped:        0 kB
CmaTotal:              0 kB
CmaFree:               0 kB
HugePages_Total:       0
HugePages_Free:        0
HugePages_Rsvd:        0
HugePages_Surp:        0
Hugepagesize:       2048 kB
DirectMap4k:      292844 kB
DirectMap2M:      755712 kB
DirectMap1G:           0 kB

container (cgroup) information:
container_type: cgroupv1
cpu_cpuset_cpus: 0-2
cpu_memory_nodes: 0
active_processor_count: 3
cpu_quota: -1
cpu_period: 100000
cpu_shares: -1
memory_limit_in_bytes: -1
memory_and_swap_limit_in_bytes: -2
memory_soft_limit_in_bytes: -1
memory_usage_in_bytes: 734265344
memory_max_usage_in_bytes: 863526912


CPU:total 3 (initial active 3) (1 cores per cpu, 1 threads per core) family 6 model 85 stepping 4, cmov, cx8, fxsr, mmx, sse, sse2, sse3, ssse3, sse4.1, sse4.2, popcnt, avx, avx2, aes, clmul, erms, 3dnowpref, lzcnt, tsc, bmi1, bmi2, adx

/proc/cpuinfo:
processor	: 0
vendor_id	: GenuineIntel
cpu family	: 6
model		: 85
model name	: Intel(R) Xeon(R) Gold 6140 CPU @ 2.30GHz
stepping	: 4
microcode	: 0x1
cpu MHz		: 2294.608
cache size	: 4096 KB
physical id	: 0
siblings	: 1
core id		: 0
cpu cores	: 1
apicid		: 0
initial apicid	: 0
fpu		: yes
fpu_exception	: yes
cpuid level	: 13
wp		: yes
flags		: fpu vme de pse tsc msr pae mce cx8 apic sep mtrr pge mca cmov pat pse36 clflush mmx fxsr sse sse2 ss syscall nx pdpe1gb rdtscp lm constant_tsc arch_perfmon rep_good nopl cpuid tsc_known_freq pni pclmulqdq vmx ssse3 fma cx16 pcid sse4_1 sse4_2 x2apic movbe popcnt tsc_deadline_timer aes xsave avx f16c rdrand hypervisor lahf_lm abm 3dnowprefetch cpuid_fault invpcid_single pti ssbd ibrs ibpb tpr_shadow vnmi flexpriority ept vpid fsgsbase tsc_adjust bmi1 avx2 smep bmi2 erms invpcid mpx avx512f avx512dq rdseed adx smap clflushopt clwb avx512cd avx512bw avx512vl xsaveopt xsavec xgetbv1 pku ospke md_clear
bugs		: cpu_meltdown spectre_v1 spectre_v2 spec_store_bypass l1tf mds swapgs
bogomips	: 4589.21
clflush size	: 64
cache_alignment	: 64
address sizes	: 40 bits physical, 48 bits virtual
power management:

processor	: 1
vendor_id	: GenuineIntel
cpu family	: 6
model		: 85
model name	: Intel(R) Xeon(R) Gold 6140 CPU @ 2.30GHz
stepping	: 4
microcode	: 0x1
cpu MHz		: 2294.608
cache size	: 4096 KB
physical id	: 1
siblings	: 1
core id		: 0
cpu cores	: 1
apicid		: 1
initial apicid	: 1
fpu		: yes
fpu_exception	: yes
cpuid level	: 13
wp		: yes
flags		: fpu vme de pse tsc msr pae mce cx8 apic sep mtrr pge mca cmov pat pse36 clflush mmx fxsr sse sse2 ss syscall nx pdpe1gb rdtscp lm constant_tsc arch_perfmon rep_good nopl cpuid tsc_known_freq pni pclmulqdq vmx ssse3 fma cx16 pcid sse4_1 sse4_2 x2apic movbe popcnt tsc_deadline_timer aes xsave avx f16c rdrand hypervisor lahf_lm abm 3dnowprefetch cpuid_fault invpcid_single pti ssbd ibrs ibpb tpr_shadow vnmi flexpriority ept vpid fsgsbase tsc_adjust bmi1 avx2 smep bmi2 erms invpcid mpx avx512f avx512dq rdseed adx smap clflushopt clwb avx512cd avx512bw avx512vl xsaveopt xsavec xgetbv1 pku ospke md_clear
bugs		: cpu_meltdown spectre_v1 spectre_v2 spec_store_bypass l1tf mds swapgs
bogomips	: 4589.21
clflush size	: 64
cache_alignment	: 64
address sizes	: 40 bits physical, 48 bits virtual
power management:

processor	: 2
vendor_id	: GenuineIntel
cpu family	: 6
model		: 85
model name	: Intel(R) Xeon(R) Gold 6140 CPU @ 2.30GHz
stepping	: 4
microcode	: 0x1
cpu MHz		: 2294.608
cache size	: 4096 KB
physical id	: 2
siblings	: 1
core id		: 0
cpu cores	: 1
apicid		: 2
initial apicid	: 2
fpu		: yes
fpu_exception	: yes
cpuid level	: 13
wp		: yes
flags		: fpu vme de pse tsc msr pae mce cx8 apic sep mtrr pge mca cmov pat pse36 clflush mmx fxsr sse sse2 ss syscall nx pdpe1gb rdtscp lm constant_tsc arch_perfmon rep_good nopl cpuid tsc_known_freq pni pclmulqdq vmx ssse3 fma cx16 pcid sse4_1 sse4_2 x2apic movbe popcnt tsc_deadline_timer aes xsave avx f16c rdrand hypervisor lahf_lm abm 3dnowprefetch cpuid_fault invpcid_single pti ssbd ibrs ibpb tpr_shadow vnmi flexpriority ept vpid fsgsbase tsc_adjust bmi1 avx2 smep bmi2 erms invpcid mpx avx512f avx512dq rdseed adx smap clflushopt clwb avx512cd avx512bw avx512vl xsaveopt xsavec xgetbv1 pku ospke md_clear
bugs		: cpu_meltdown spectre_v1 spectre_v2 spec_store_bypass l1tf mds swapgs
bogomips	: 4589.21
clflush size	: 64
cache_alignment	: 64
address sizes	: 40 bits physical, 48 bits virtual
power management:



Memory: 4k page, physical 1008808k(75528k free), swap 0k(0k free)

vm_info: OpenJDK 64-Bit Server VM (25.242-b08) for linux-amd64 JRE (1.8.0_242-8u242-b08-0ubuntu3~18.04-b08), built on Jan 17 2020 23:41:21 by "buildd" with gcc 7.4.0

time: Mon Apr  6 11:39:51 2020
timezone: UTC
elapsed time: 2 seconds (0d 0h 0m 2s)

