#
# A fatal error has been detected by the Java Runtime Environment:
#
#  SIGSEGV (0xb) at pc=0x00007f13940e112a, pid=15539, tid=0x00007f13cf6bf700
#
# JRE version: OpenJDK Runtime Environment (8.0_242-b08) (build 1.8.0_242-8u242-b08-0ubuntu3~18.04-b08)
# Java VM: OpenJDK 64-Bit Server VM (25.242-b08 mixed mode linux-amd64 compressed oops)
# Problematic frame:
# C  [mca_gds_ds21.so+0x212a]  pmix_gds_ds21_lock_init+0x12a
#
# Failed to write core dump. Core dumps have been disabled. To enable core dumping, try "ulimit -c unlimited" before starting Java again
#
# If you would like to submit a bug report, please visit:
#   http://bugreport.java.com/bugreport/crash.jsp
# The crash happened outside the Java Virtual Machine in native code.
# See problematic frame for where to report the bug.
#

---------------  T H R E A D  ---------------

Current thread (0x00007f13c800b800):  JavaThread "main" [_thread_in_native, id=15591, stack(0x00007f13cf5c0000,0x00007f13cf6c0000)]

siginfo: si_signo: 11 (SIGSEGV), si_code: 1 (SEGV_MAPERR), si_addr: 0x00007f13cc001008

Registers:
RAX=0x00007f13c8264360, RBX=0x00007f13c8264280, RCX=0x00007f139450185e, RDX=0x00007fff187c3ceb
RSP=0x00007f13cf6bd700, RBP=0x00007f13c82642d8, RSI=0x0000000000085000, RDI=0x0000000000000000
R8 =0x000000000000001e, R9 =0x0000000000000000, R10=0x0000000000000001, R11=0x0000000000000000
R12=0x00007f13c8263ed8, R13=0x0000000000001000, R14=0x00007f13cc001000, R15=0x00007f13c82642d0
RIP=0x00007f13940e112a, EFLAGS=0x0000000000010206, CSGSFS=0x002b000000000033, ERR=0x0000000000000004
  TRAPNO=0x000000000000000e

Top of Stack: (sp=0x00007f13cf6bd700)
0x00007f13cf6bd700:   00007f13c8264230 00007fff187c3ceb
0x00007f13cf6bd710:   0000000000085000 000003e800000002
0x00007f13cf6bd720:   0000000000000000 00007f13cef3e2ed
0x00007f13cf6bd730:   00007f13c8263f20 7f5fad638a731400
0x00007f13cf6bd740:   0000000000000000 00007f13c8263c00
0x00007f13cf6bd750:   0000000000000000 00007fff187c3ceb
0x00007f13cf6bd760:   0000000000000000 00007f13c8263e70
0x00007f13cf6bd770:   0000000000000000 00007f13944fdbcb
0x00007f13cf6bd780:   00007f13940e1cee 00007f13cf6bd810
0x00007f13cf6bd790:   00007f1395881513 0000001500000040
0x00007f13cf6bd7a0:   00007f13c825f550 7f5fad638a731400
0x00007f13cf6bd7b0:   00007f13944f3280 00007f13c825f060
0x00007f13cf6bd7c0:   00007f13942e32d4 00007f1395aa70a0
0x00007f13cf6bd7d0:   00007f13942e3180 00007f1395aaafc0
0x00007f13cf6bd7e0:   00007f13c8263bb0 00007f13940e0db4
0x00007f13cf6bd7f0:   00007f1395aa7060 00007f1395869ee8
0x00007f13cf6bd800:   00007f1395aa7100 00007f13cf6bd834
0x00007f13cf6bd810:   00007f13cf6bd838 0000000000000000
0x00007f13cf6bd820:   0000000000000000 00007f1395aaafd0
0x00007f13cf6bd830:   0000001e957dedb0 00007f13942e3180
0x00007f13cf6bd840:   0000000000000000 7f5fad638a731400
0x00007f13cf6bd850:   00007f1395aa70a0 0000000000000000
0x00007f13cf6bd860:   0000000000000000 00007f13c81ef570
0x00007f13cf6bd870:   00007f13957dedb0 00007f1395aa6520
0x00007f13cf6bd880:   0000000000000000 00007f1395824763
0x00007f13cf6bd890:   000000000000000c 00007f1395aa67d8
0x00007f13cf6bd8a0:   2d69706d6e65706f 0000316576616c73
0x00007f13cf6bd8b0:   00007f1395769100 00007f1395764b00
0x00007f13cf6bd8c0:   00007f139576c64e 0000000100000000
0x00007f13cf6bd8d0:   00007f13cf6bd9d0 00007f1300000003
0x00007f13cf6bd8e0:   00007f13cf6bd9c0 7f5fad638a731400
0x00007f13cf6bd8f0:   00007f13c81ecf50 00007f1395aa5f60 

Instructions: (pc=0x00007f13940e112a)
0x00007f13940e110a:   f7 ff ff 48 85 c0 49 89 47 30 0f 84 16 03 00 00
0x00007f13940e111a:   4c 8b 70 18 49 8b 36 4c 39 ee 0f 87 ce 02 00 00
0x00007f13940e112a:   41 8b 46 08 41 89 47 40 49 8b 56 18 4c 01 f2 85
0x00007f13940e113a:   c0 49 89 57 38 0f 84 eb 02 00 00 31 c0 ba 01 00 

Register to memory mapping:

RAX=0x00007f13c8264360 is an unknown value
RBX=0x00007f13c8264280 is an unknown value
RCX=0x00007f139450185e: pmix_common_dstor_attach_new_lock_seg+0x1e in /usr/local/lib/libmca_common_dstore.so.1 at 0x00007f13944f4000
RDX=0x00007fff187c3ceb is an unknown value
RSP=0x00007f13cf6bd700 is pointing into the stack for thread: 0x00007f13c800b800
RBP=0x00007f13c82642d8 is an unknown value
RSI=0x0000000000085000 is an unknown value
RDI=0x0000000000000000 is an unknown value
R8 =0x000000000000001e is an unknown value
R9 =0x0000000000000000 is an unknown value
R10=0x0000000000000001 is an unknown value
R11=0x0000000000000000 is an unknown value
R12=0x00007f13c8263ed8 is an unknown value
R13=0x0000000000001000 is an unknown value
R14=0x00007f13cc001000 is an unknown value
R15=0x00007f13c82642d0 is an unknown value


Stack: [0x00007f13cf5c0000,0x00007f13cf6c0000],  sp=0x00007f13cf6bd700,  free space=1013k
Native frames: (J=compiled Java code, j=interpreted, Vv=VM code, C=native code)
C  [mca_gds_ds21.so+0x212a]  pmix_gds_ds21_lock_init+0x12a

Java frames: (J=compiled Java code, j=interpreted, Vv=VM code)
j  mpi.MPI.Init_jni([Ljava/lang/String;)[Ljava/lang/String;+0
j  mpi.MPI.Init([Ljava/lang/String;)[Ljava/lang/String;+17
j  Client.main([Ljava/lang/String;)V+1
v  ~StubRoutines::call_stub

---------------  P R O C E S S  ---------------

Java Threads: ( => current thread )
  0x00007f13a0001000 JavaThread "SIGTERM handler" daemon [_thread_blocked, id=16469, stack(0x00007f1395bb1000,0x00007f1395cb2000)]
  0x00007f13c80b7800 JavaThread "Service Thread" daemon [_thread_blocked, id=15965, stack(0x00007f13b75d3000,0x00007f13b76d4000)]
  0x00007f13c80b4800 JavaThread "C1 CompilerThread1" daemon [_thread_blocked, id=15952, stack(0x00007f13b76d5000,0x00007f13b77d5000)]
  0x00007f13c80b2000 JavaThread "C2 CompilerThread0" daemon [_thread_blocked, id=15935, stack(0x00007f13b77d6000,0x00007f13b78d6000)]
  0x00007f13c807e000 JavaThread "Finalizer" daemon [_thread_blocked, id=15753, stack(0x00007f13b7d16000,0x00007f13b7e17000)]
  0x00007f13c8079800 JavaThread "Reference Handler" daemon [_thread_blocked, id=15739, stack(0x00007f13b7e17000,0x00007f13b7f18000)]
=>0x00007f13c800b800 JavaThread "main" [_thread_in_native, id=15591, stack(0x00007f13cf5c0000,0x00007f13cf6c0000)]

Other Threads:
  0x00007f13c806f800 VMThread [stack: 0x00007f13b7f19000,0x00007f13b8019000] [id=15698]

VM state:at safepoint (normal execution)

VM Mutex/Monitor currently owned by a thread:  ([mutex/lock_event])
[0x00007f13c8007f60] Threads_lock - owner thread: 0x00007f13c806f800

heap address: 0x00000000f0800000, size: 248 MB, Compressed Oops mode: 32-bit
Narrow klass base: 0x0000000000000000, Narrow klass shift: 3
Compressed class space size: 1073741824 Address: 0x0000000100000000

Heap:
 def new generation   total 4928K, used 1618K [0x00000000f0800000, 0x00000000f0d50000, 0x00000000f5aa0000)
  eden space 4416K,  36% used [0x00000000f0800000, 0x00000000f0994988, 0x00000000f0c50000)
  from space 512K,   0% used [0x00000000f0c50000, 0x00000000f0c50000, 0x00000000f0cd0000)
  to   space 512K,   0% used [0x00000000f0cd0000, 0x00000000f0cd0000, 0x00000000f0d50000)
 tenured generation   total 10944K, used 0K [0x00000000f5aa0000, 0x00000000f6550000, 0x0000000100000000)
   the space 10944K,   0% used [0x00000000f5aa0000, 0x00000000f5aa0000, 0x00000000f5aa0200, 0x00000000f6550000)
 Metaspace       used 3128K, capacity 4792K, committed 5120K, reserved 1056768K
  class space    used 315K, capacity 424K, committed 512K, reserved 1048576K

Card table byte_map: [0x00007f13cf542000,0x00007f13cf5bf000] byte_map_base: 0x00007f13cedbe000

Polling page: 0x00007f13cf6cb000

CodeCache: size=245760Kb used=1246Kb max_used=1246Kb free=244513Kb
 bounds [0x00007f13b8df7000, 0x00007f13b9067000, 0x00007f13c7df7000]
 total_blobs=382 nmethods=77 adapters=220
 compilation: enabled

Compilation events (10 events):
Event: 36.930 Thread 0x00007f13c80b4800   72       3       java.util.concurrent.ConcurrentHashMap::tabAt (21 bytes)
Event: 36.930 Thread 0x00007f13c80b4800 nmethod 72 0x00007f13b8f2d490 code [0x00007f13b8f2d600, 0x00007f13b8f2d830]
Event: 36.930 Thread 0x00007f13c80b4800   74       3       java.util.concurrent.ConcurrentHashMap::setTabAt (19 bytes)
Event: 36.930 Thread 0x00007f13c80b4800 nmethod 74 0x00007f13b8f2d8d0 code [0x00007f13b8f2da20, 0x00007f13b8f2db90]
Event: 37.094 Thread 0x00007f13c80b4800   75       3       java.lang.CharacterDataLatin1::toLowerCase (39 bytes)
Event: 37.094 Thread 0x00007f13c80b4800 nmethod 75 0x00007f13b8f2dc10 code [0x00007f13b8f2dd80, 0x00007f13b8f2dff0]
Event: 37.231 Thread 0x00007f13c80b4800   76       3       java.lang.StringBuilder::<init> (7 bytes)
Event: 37.231 Thread 0x00007f13c80b4800 nmethod 76 0x00007f13b8f2e150 code [0x00007f13b8f2e2c0, 0x00007f13b8f2e570]
Event: 37.231 Thread 0x00007f13c80b4800   77       3       java.lang.StringBuilder::toString (17 bytes)
Event: 37.231 Thread 0x00007f13c80b4800 nmethod 77 0x00007f13b8f2e690 code [0x00007f13b8f2e800, 0x00007f13b8f2e9e8]

GC Heap History (0 events):
No events

Deoptimization events (0 events):
No events

Classes redefined (0 events):
No events

Internal exceptions (5 events):
Event: 0.412 Thread 0x00007f13c800b800 Exception <a 'java/lang/NoSuchMethodError': Method sun.misc.Unsafe.defineClass(Ljava/lang/String;[BII)Ljava/lang/Class; name or signature does not match> (0x00000000f0807cc8) thrown at [/build/openjdk-8-58sEEn/openjdk-8-8u242-b08/src/hotspot/src/share/vm/
Event: 0.412 Thread 0x00007f13c800b800 Exception <a 'java/lang/NoSuchMethodError': Method sun.misc.Unsafe.prefetchRead(Ljava/lang/Object;J)V name or signature does not match> (0x00000000f0807fb0) thrown at [/build/openjdk-8-58sEEn/openjdk-8-8u242-b08/src/hotspot/src/share/vm/prims/jni.cpp, lin
Event: 1.242 Thread 0x00007f13c800b800 Exception <a 'java/util/zip/ZipException'> (0x00000000f085dec8) thrown at [/build/openjdk-8-58sEEn/openjdk-8-8u242-b08/src/hotspot/src/share/vm/prims/jni.cpp, line 710]
Event: 1.242 Thread 0x00007f13c800b800 Exception <a 'java/security/PrivilegedActionException'> (0x00000000f085e168) thrown at [/build/openjdk-8-58sEEn/openjdk-8-8u242-b08/src/hotspot/src/share/vm/prims/jvm.cpp, line 1502]
Event: 1.242 Thread 0x00007f13c800b800 Exception <a 'java/security/PrivilegedActionException'> (0x00000000f085e378) thrown at [/build/openjdk-8-58sEEn/openjdk-8-8u242-b08/src/hotspot/src/share/vm/prims/jvm.cpp, line 1502]

Events (10 events):
Event: 36.925 loading class mpi/Version done
Event: 37.230 loading class sun/misc/Signal$1
Event: 37.230 loading class sun/misc/Signal$1 done
Event: 37.253 Thread 0x00007f13a0001000 Thread added: 0x00007f13a0001000
Event: 37.535 loading class java/lang/Shutdown
Event: 37.535 loading class java/lang/Shutdown done
Event: 37.536 loading class java/lang/Shutdown$Lock
Event: 37.536 loading class java/lang/Shutdown$Lock done
Event: 37.550 Thread 0x00007f13c80b0800 Thread exited: 0x00007f13c80b0800
Event: 37.550 Executing VM operation: Exit


Dynamic libraries:
f0800000-f0d50000 rw-p 00000000 00:00 0 
f0d50000-f5aa0000 ---p 00000000 00:00 0 
f5aa0000-f6550000 rw-p 00000000 00:00 0 
f6550000-100000000 ---p 00000000 00:00 0 
100000000-100080000 rw-p 00000000 00:00 0 
100080000-140000000 ---p 00000000 00:00 0 
55d4627bb000-55d4627bc000 r-xp 00000000 fc:01 2079032                    /usr/lib/jvm/java-8-openjdk-amd64/jre/bin/java
55d4629bb000-55d4629bc000 r--p 00000000 fc:01 2079032                    /usr/lib/jvm/java-8-openjdk-amd64/jre/bin/java
55d4629bc000-55d4629bd000 rw-p 00001000 fc:01 2079032                    /usr/lib/jvm/java-8-openjdk-amd64/jre/bin/java
55d462ad0000-55d462af1000 rw-p 00000000 00:00 0                          [heap]
7f1384000000-7f1384021000 rw-p 00000000 00:00 0 
7f1384021000-7f1388000000 ---p 00000000 00:00 0 
7f138bdfd000-7f138bdff000 r-xp 00000000 fc:01 526222                     /usr/local/lib/pmix/mca_pshmem_mmap.so
7f138bdff000-7f138bffe000 ---p 00002000 fc:01 526222                     /usr/local/lib/pmix/mca_pshmem_mmap.so
7f138bffe000-7f138bfff000 r--p 00001000 fc:01 526222                     /usr/local/lib/pmix/mca_pshmem_mmap.so
7f138bfff000-7f138c000000 rw-p 00002000 fc:01 526222                     /usr/local/lib/pmix/mca_pshmem_mmap.so
7f138c000000-7f138c021000 rw-p 00000000 00:00 0 
7f138c021000-7f1390000000 ---p 00000000 00:00 0 
7f1390000000-7f1390021000 rw-p 00000000 00:00 0 
7f1390021000-7f1394000000 ---p 00000000 00:00 0 
7f13940df000-7f13940e3000 r-xp 00000000 fc:01 526198                     /usr/local/lib/pmix/mca_gds_ds21.so
7f13940e3000-7f13942e2000 ---p 00004000 fc:01 526198                     /usr/local/lib/pmix/mca_gds_ds21.so
7f13942e2000-7f13942e3000 r--p 00003000 fc:01 526198                     /usr/local/lib/pmix/mca_gds_ds21.so
7f13942e3000-7f13942e4000 rw-p 00004000 fc:01 526198                     /usr/local/lib/pmix/mca_gds_ds21.so
7f13942e4000-7f13942f3000 r-xp 00000000 fc:01 526200                     /usr/local/lib/pmix/mca_gds_hash.so
7f13942f3000-7f13944f2000 ---p 0000f000 fc:01 526200                     /usr/local/lib/pmix/mca_gds_hash.so
7f13944f2000-7f13944f3000 r--p 0000e000 fc:01 526200                     /usr/local/lib/pmix/mca_gds_hash.so
7f13944f3000-7f13944f4000 rw-p 0000f000 fc:01 526200                     /usr/local/lib/pmix/mca_gds_hash.so
7f13944f4000-7f1394503000 r-xp 00000000 fc:01 7028                       /usr/local/lib/libmca_common_dstore.so.1.0.0
7f1394503000-7f1394702000 ---p 0000f000 fc:01 7028                       /usr/local/lib/libmca_common_dstore.so.1.0.0
7f1394702000-7f1394703000 r--p 0000e000 fc:01 7028                       /usr/local/lib/libmca_common_dstore.so.1.0.0
7f1394703000-7f1394704000 rw-p 0000f000 fc:01 7028                       /usr/local/lib/libmca_common_dstore.so.1.0.0
7f1394704000-7f1394708000 r-xp 00000000 fc:01 526196                     /usr/local/lib/pmix/mca_gds_ds12.so
7f1394708000-7f1394907000 ---p 00004000 fc:01 526196                     /usr/local/lib/pmix/mca_gds_ds12.so
7f1394907000-7f1394908000 r--p 00003000 fc:01 526196                     /usr/local/lib/pmix/mca_gds_ds12.so
7f1394908000-7f1394909000 rw-p 00004000 fc:01 526196                     /usr/local/lib/pmix/mca_gds_ds12.so
7f1394909000-7f139490b000 r-xp 00000000 fc:01 526214                     /usr/local/lib/pmix/mca_psec_native.so
7f139490b000-7f1394b0a000 ---p 00002000 fc:01 526214                     /usr/local/lib/pmix/mca_psec_native.so
7f1394b0a000-7f1394b0b000 r--p 00001000 fc:01 526214                     /usr/local/lib/pmix/mca_psec_native.so
7f1394b0b000-7f1394b0c000 rw-p 00002000 fc:01 526214                     /usr/local/lib/pmix/mca_psec_native.so
7f1394b0c000-7f1394b14000 r-xp 00000000 fc:01 526226                     /usr/local/lib/pmix/mca_ptl_usock.so
7f1394b14000-7f1394d13000 ---p 00008000 fc:01 526226                     /usr/local/lib/pmix/mca_ptl_usock.so
7f1394d13000-7f1394d14000 r--p 00007000 fc:01 526226                     /usr/local/lib/pmix/mca_ptl_usock.so
7f1394d14000-7f1394d15000 rw-p 00008000 fc:01 526226                     /usr/local/lib/pmix/mca_ptl_usock.so
7f1394d15000-7f1394d26000 r-xp 00000000 fc:01 526224                     /usr/local/lib/pmix/mca_ptl_tcp.so
7f1394d26000-7f1394f25000 ---p 00011000 fc:01 526224                     /usr/local/lib/pmix/mca_ptl_tcp.so
7f1394f25000-7f1394f26000 r--p 00010000 fc:01 526224                     /usr/local/lib/pmix/mca_ptl_tcp.so
7f1394f26000-7f1394f27000 rw-p 00011000 fc:01 526224                     /usr/local/lib/pmix/mca_ptl_tcp.so
7f1394f27000-7f1394f38000 r-xp 00000000 fc:01 526188                     /usr/local/lib/pmix/mca_bfrops_v12.so
7f1394f38000-7f1395138000 ---p 00011000 fc:01 526188                     /usr/local/lib/pmix/mca_bfrops_v12.so
7f1395138000-7f1395139000 r--p 00011000 fc:01 526188                     /usr/local/lib/pmix/mca_bfrops_v12.so
7f1395139000-7f139513a000 rw-p 00012000 fc:01 526188                     /usr/local/lib/pmix/mca_bfrops_v12.so
7f139513a000-7f1395151000 r-xp 00000000 fc:01 526190                     /usr/local/lib/pmix/mca_bfrops_v20.so
7f1395151000-7f1395350000 ---p 00017000 fc:01 526190                     /usr/local/lib/pmix/mca_bfrops_v20.so
7f1395350000-7f1395351000 r--p 00016000 fc:01 526190                     /usr/local/lib/pmix/mca_bfrops_v20.so
7f1395351000-7f1395352000 rw-p 00017000 fc:01 526190                     /usr/local/lib/pmix/mca_bfrops_v20.so
7f1395352000-7f139535a000 r-xp 00000000 fc:01 526194                     /usr/local/lib/pmix/mca_bfrops_v3.so
7f139535a000-7f1395559000 ---p 00008000 fc:01 526194                     /usr/local/lib/pmix/mca_bfrops_v3.so
7f1395559000-7f139555a000 r--p 00007000 fc:01 526194                     /usr/local/lib/pmix/mca_bfrops_v3.so
7f139555a000-7f139555b000 rw-p 00008000 fc:01 526194                     /usr/local/lib/pmix/mca_bfrops_v3.so
7f139555b000-7f1395562000 r-xp 00000000 fc:01 526192                     /usr/local/lib/pmix/mca_bfrops_v21.so
7f1395562000-7f1395762000 ---p 00007000 fc:01 526192                     /usr/local/lib/pmix/mca_bfrops_v21.so
7f1395762000-7f1395763000 r--p 00007000 fc:01 526192                     /usr/local/lib/pmix/mca_bfrops_v21.so
7f1395763000-7f1395764000 rw-p 00008000 fc:01 526192                     /usr/local/lib/pmix/mca_bfrops_v21.so
7f1395764000-7f13958a3000 r-xp 00000000 fc:01 526228                     /usr/local/lib/openmpi/mca_pmix_pmix3x.so
7f13958a3000-7f1395aa3000 ---p 0013f000 fc:01 526228                     /usr/local/lib/openmpi/mca_pmix_pmix3x.so
7f1395aa3000-7f1395aa4000 r--p 0013f000 fc:01 526228                     /usr/local/lib/openmpi/mca_pmix_pmix3x.so
7f1395aa4000-7f1395aa9000 rw-p 00140000 fc:01 526228                     /usr/local/lib/openmpi/mca_pmix_pmix3x.so
7f1395aa9000-7f1395aac000 rw-p 00000000 00:00 0 
7f1395b2c000-7f1395bb1000 rw-s 00000000 fc:01 526899                     /tmp/ompi.openmpi-slave1.1000/jf.8274/pmix_dstor_ds21_15448/smlockseg-542244865
7f1395bb1000-7f1395bb4000 ---p 00000000 00:00 0 
7f1395bb4000-7f1395cb2000 rw-p 00000000 00:00 0 
7f1395cb2000-7f1395cb3000 ---p 00000000 00:00 0 
7f1395cb3000-7f13964b3000 rw-p 00000000 00:00 0 
7f13964b3000-7f13964b7000 r-xp 00000000 fc:01 526266                     /usr/local/lib/openmpi/mca_ess_pmi.so
7f13964b7000-7f13966b6000 ---p 00004000 fc:01 526266                     /usr/local/lib/openmpi/mca_ess_pmi.so
7f13966b6000-7f13966b7000 r--p 00003000 fc:01 526266                     /usr/local/lib/openmpi/mca_ess_pmi.so
7f13966b7000-7f13966b8000 rw-p 00004000 fc:01 526266                     /usr/local/lib/openmpi/mca_ess_pmi.so
7f13966b8000-7f13966b9000 r-xp 00000000 fc:01 526334                     /usr/local/lib/openmpi/mca_schizo_orte.so
7f13966b9000-7f13968b8000 ---p 00001000 fc:01 526334                     /usr/local/lib/openmpi/mca_schizo_orte.so
7f13968b8000-7f13968b9000 r--p 00000000 fc:01 526334                     /usr/local/lib/openmpi/mca_schizo_orte.so
7f13968b9000-7f13968ba000 rw-p 00001000 fc:01 526334                     /usr/local/lib/openmpi/mca_schizo_orte.so
7f13968ba000-7f13968bc000 r-xp 00000000 fc:01 526336                     /usr/local/lib/openmpi/mca_schizo_slurm.so
7f13968bc000-7f1396abb000 ---p 00002000 fc:01 526336                     /usr/local/lib/openmpi/mca_schizo_slurm.so
7f1396abb000-7f1396abc000 r--p 00001000 fc:01 526336                     /usr/local/lib/openmpi/mca_schizo_slurm.so
7f1396abc000-7f1396abd000 rw-p 00002000 fc:01 526336                     /usr/local/lib/openmpi/mca_schizo_slurm.so
7f1396abd000-7f1396ac5000 r-xp 00000000 fc:01 526332                     /usr/local/lib/openmpi/mca_schizo_ompi.so
7f1396ac5000-7f1396cc4000 ---p 00008000 fc:01 526332                     /usr/local/lib/openmpi/mca_schizo_ompi.so
7f1396cc4000-7f1396cc5000 r--p 00007000 fc:01 526332                     /usr/local/lib/openmpi/mca_schizo_ompi.so
7f1396cc5000-7f1396cc7000 rw-p 00008000 fc:01 526332                     /usr/local/lib/openmpi/mca_schizo_ompi.so
7f1396cc7000-7f1396cc8000 r-xp 00000000 fc:01 526330                     /usr/local/lib/openmpi/mca_schizo_flux.so
7f1396cc8000-7f1396ec8000 ---p 00001000 fc:01 526330                     /usr/local/lib/openmpi/mca_schizo_flux.so
7f1396ec8000-7f1396ec9000 r--p 00001000 fc:01 526330                     /usr/local/lib/openmpi/mca_schizo_flux.so
7f1396ec9000-7f1396eca000 rw-p 00002000 fc:01 526330                     /usr/local/lib/openmpi/mca_schizo_flux.so
7f1396eca000-7f1396ecc000 r-xp 00000000 fc:01 526234                     /usr/local/lib/openmpi/mca_reachable_weighted.so
7f1396ecc000-7f13970cb000 ---p 00002000 fc:01 526234                     /usr/local/lib/openmpi/mca_reachable_weighted.so
7f13970cb000-7f13970cc000 r--p 00001000 fc:01 526234                     /usr/local/lib/openmpi/mca_reachable_weighted.so
7f13970cc000-7f13970cd000 rw-p 00002000 fc:01 526234                     /usr/local/lib/openmpi/mca_reachable_weighted.so
7f13970cd000-7f13970d0000 r-xp 00000000 fc:01 526236                     /usr/local/lib/openmpi/mca_shmem_mmap.so
7f13970d0000-7f13972cf000 ---p 00003000 fc:01 526236                     /usr/local/lib/openmpi/mca_shmem_mmap.so
7f13972cf000-7f13972d0000 r--p 00002000 fc:01 526236                     /usr/local/lib/openmpi/mca_shmem_mmap.so
7f13972d0000-7f13972d1000 rw-p 00003000 fc:01 526236                     /usr/local/lib/openmpi/mca_shmem_mmap.so
7f13972d1000-7f13972d3000 r-xp 00000000 fc:01 2182                       /lib/x86_64-linux-gnu/libutil-2.27.so
7f13972d3000-7f13974d2000 ---p 00002000 fc:01 2182                       /lib/x86_64-linux-gnu/libutil-2.27.so
7f13974d2000-7f13974d3000 r--p 00001000 fc:01 2182                       /lib/x86_64-linux-gnu/libutil-2.27.so
7f13974d3000-7f13974d4000 rw-p 00002000 fc:01 2182                       /lib/x86_64-linux-gnu/libutil-2.27.so
7f13974d4000-7f1397587000 r-xp 00000000 fc:01 7159                       /usr/local/lib/libopen-rte.so.40.20.1
7f1397587000-7f1397786000 ---p 000b3000 fc:01 7159                       /usr/local/lib/libopen-rte.so.40.20.1
7f1397786000-7f1397788000 r--p 000b2000 fc:01 7159                       /usr/local/lib/libopen-rte.so.40.20.1
7f1397788000-7f139778c000 rw-p 000b4000 fc:01 7159                       /usr/local/lib/libopen-rte.so.40.20.1
7f139778c000-7f139778f000 rw-p 00000000 00:00 0 
7f139778f000-7f1397896000 r-xp 00000000 fc:01 4656                       /usr/local/lib/libopen-pal.so.40.20.1
7f1397896000-7f1397a96000 ---p 00107000 fc:01 4656                       /usr/local/lib/libopen-pal.so.40.20.1
7f1397a96000-7f1397a99000 r--p 00107000 fc:01 4656                       /usr/local/lib/libopen-pal.so.40.20.1
7f1397a99000-7f1397a9f000 rw-p 0010a000 fc:01 4656                       /usr/local/lib/libopen-pal.so.40.20.1
7f1397a9f000-7f1397aa6000 rw-p 00000000 00:00 0 
7f1397aa6000-7f1397bb3000 r-xp 00000000 fc:01 7362                       /usr/local/lib/libmpi.so.40.20.1
7f1397bb3000-7f1397db2000 ---p 0010d000 fc:01 7362                       /usr/local/lib/libmpi.so.40.20.1
7f1397db2000-7f1397db4000 r--p 0010c000 fc:01 7362                       /usr/local/lib/libmpi.so.40.20.1
7f1397db4000-7f1397dc5000 rw-p 0010e000 fc:01 7362                       /usr/local/lib/libmpi.so.40.20.1
7f1397dc5000-7f1397dd7000 rw-p 00000000 00:00 0 
7f1397dd7000-7f1397dff000 r-xp 00000000 fc:01 29870                      /usr/local/lib/libmpi_java.so.40.20.0
7f1397dff000-7f1397ffe000 ---p 00028000 fc:01 29870                      /usr/local/lib/libmpi_java.so.40.20.0
7f1397ffe000-7f1397fff000 r--p 00027000 fc:01 29870                      /usr/local/lib/libmpi_java.so.40.20.0
7f1397fff000-7f1398000000 rw-p 00028000 fc:01 29870                      /usr/local/lib/libmpi_java.so.40.20.0
7f1398000000-7f13980bc000 rw-p 00000000 00:00 0 
7f13980bc000-7f139c000000 ---p 00000000 00:00 0 
7f139c000000-7f139c021000 rw-p 00000000 00:00 0 
7f139c021000-7f13a0000000 ---p 00000000 00:00 0 
7f13a0000000-7f13a0021000 rw-p 00000000 00:00 0 
7f13a0021000-7f13a4000000 ---p 00000000 00:00 0 
7f13a4000000-7f13a406f000 rw-p 00000000 00:00 0 
7f13a406f000-7f13a8000000 ---p 00000000 00:00 0 
7f13a8000000-7f13a8021000 rw-p 00000000 00:00 0 
7f13a8021000-7f13ac000000 ---p 00000000 00:00 0 
7f13ac000000-7f13ac021000 rw-p 00000000 00:00 0 
7f13ac021000-7f13b0000000 ---p 00000000 00:00 0 
7f13b0000000-7f13b0021000 rw-p 00000000 00:00 0 
7f13b0021000-7f13b4000000 ---p 00000000 00:00 0 
7f13b401c000-7f13b4039000 r--s 00142000 00:34 527719                     /home/mpiuser/cloud/fyp/java_client/lib/spring-web-5.2.5.RELEASE.jar
7f13b4039000-7f13b4046000 r--s 00090000 00:34 527704                     /home/mpiuser/cloud/fyp/java_client/lib/amqp-client-5.8.0.jar
7f13b4046000-7f13b405b000 r--s 00142000 00:34 527710                     /home/mpiuser/cloud/fyp/java_client/lib/jackson-databind-2.10.2.jar
7f13b405b000-7f13b4070000 r--s 00142000 00:34 527711                     /home/mpiuser/cloud/fyp/java_client/lib/jackson-databind-2.10.3.jar
7f13b4070000-7f13b7071000 rw-p 00000000 00:00 0 
7f13b7071000-7f13b7088000 r-xp 00000000 fc:01 2079070                    /usr/lib/jvm/java-8-openjdk-amd64/jre/lib/amd64/libnet.so
7f13b7088000-7f13b7287000 ---p 00017000 fc:01 2079070                    /usr/lib/jvm/java-8-openjdk-amd64/jre/lib/amd64/libnet.so
7f13b7287000-7f13b7288000 r--p 00016000 fc:01 2079070                    /usr/lib/jvm/java-8-openjdk-amd64/jre/lib/amd64/libnet.so
7f13b7288000-7f13b7289000 rw-p 00017000 fc:01 2079070                    /usr/lib/jvm/java-8-openjdk-amd64/jre/lib/amd64/libnet.so
7f13b7289000-7f13b729a000 r-xp 00000000 fc:01 2079071                    /usr/lib/jvm/java-8-openjdk-amd64/jre/lib/amd64/libnio.so
7f13b729a000-7f13b749a000 ---p 00011000 fc:01 2079071                    /usr/lib/jvm/java-8-openjdk-amd64/jre/lib/amd64/libnio.so
7f13b749a000-7f13b749b000 r--p 00011000 fc:01 2079071                    /usr/lib/jvm/java-8-openjdk-amd64/jre/lib/amd64/libnio.so
7f13b749b000-7f13b749c000 rw-p 00012000 fc:01 2079071                    /usr/lib/jvm/java-8-openjdk-amd64/jre/lib/amd64/libnio.so
7f13b749c000-7f13b74b7000 r--s 001d6000 fc:01 2079097                    /usr/lib/jvm/java-8-openjdk-amd64/jre/lib/ext/nashorn.jar
7f13b74b7000-7f13b74d2000 r--s 00394000 fc:01 2079092                    /usr/lib/jvm/java-8-openjdk-amd64/jre/lib/ext/cldrdata.jar
7f13b74d2000-7f13b74d3000 ---p 00000000 00:00 0 
7f13b74d3000-7f13b75d3000 rw-p 00000000 00:00 0 
7f13b75d3000-7f13b75d6000 ---p 00000000 00:00 0 
7f13b75d6000-7f13b76d4000 rw-p 00000000 00:00 0 
7f13b76d4000-7f13b76d5000 ---p 00000000 00:00 0 
7f13b76d5000-7f13b76d8000 ---p 00000000 00:00 0 
7f13b76d8000-7f13b77d5000 rw-p 00000000 00:00 0 
7f13b77d5000-7f13b77d6000 ---p 00000000 00:00 0 
7f13b77d6000-7f13b77d9000 ---p 00000000 00:00 0 
7f13b77d9000-7f13b78d6000 rw-p 00000000 00:00 0 
7f13b78d6000-7f13b78d9000 ---p 00000000 00:00 0 
7f13b78d9000-7f13b79d7000 rw-p 00000000 00:00 0 
7f13b79d7000-7f13b7a08000 r--p 00000000 fc:01 7802                       /usr/lib/locale/C.UTF-8/LC_CTYPE
7f13b7a08000-7f13b7b7b000 r--p 00000000 fc:01 7801                       /usr/lib/locale/C.UTF-8/LC_COLLATE
7f13b7b7b000-7f13b7d16000 r--p 00000000 fc:01 7796                       /usr/lib/locale/locale-archive
7f13b7d16000-7f13b7d19000 ---p 00000000 00:00 0 
7f13b7d19000-7f13b7e17000 rw-p 00000000 00:00 0 
7f13b7e17000-7f13b7e1a000 ---p 00000000 00:00 0 
7f13b7e1a000-7f13b7f18000 rw-p 00000000 00:00 0 
7f13b7f18000-7f13b7f19000 ---p 00000000 00:00 0 
7f13b7f19000-7f13b8067000 rw-p 00000000 00:00 0 
7f13b8067000-7f13b8237000 r--s 03c68000 fc:01 2079121                    /usr/lib/jvm/java-8-openjdk-amd64/jre/lib/rt.jar
7f13b8237000-7f13b86b7000 rw-p 00000000 00:00 0 
7f13b86b7000-7f13b8a37000 ---p 00000000 00:00 0 
7f13b8a37000-7f13b8a41000 rw-p 00000000 00:00 0 
7f13b8a41000-7f13b8df7000 ---p 00000000 00:00 0 
7f13b8df7000-7f13b9067000 rwxp 00000000 00:00 0 
7f13b9067000-7f13c7df7000 ---p 00000000 00:00 0 
7f13c7df7000-7f13c7dff000 r-xp 00000000 fc:01 2079078                    /usr/lib/jvm/java-8-openjdk-amd64/jre/lib/amd64/libzip.so
7f13c7dff000-7f13c7ffe000 ---p 00008000 fc:01 2079078                    /usr/lib/jvm/java-8-openjdk-amd64/jre/lib/amd64/libzip.so
7f13c7ffe000-7f13c7fff000 r--p 00007000 fc:01 2079078                    /usr/lib/jvm/java-8-openjdk-amd64/jre/lib/amd64/libzip.so
7f13c7fff000-7f13c8000000 rw-p 00008000 fc:01 2079078                    /usr/lib/jvm/java-8-openjdk-amd64/jre/lib/amd64/libzip.so
7f13c8000000-7f13c8266000 rw-p 00000000 00:00 0 
7f13c8266000-7f13cc000000 ---p 00000000 00:00 0 
7f13cc002000-7f13cc003000 r--s 00000000 fc:01 526900                     /tmp/ompi.openmpi-slave1.1000/jf.8274/pmix_dstor_ds12_15448/initial-pmix_shared-segment-0
7f13cc003000-7f13cc004000 rw-s 00000000 fc:01 526901                     /tmp/ompi.openmpi-slave1.1000/jf.8274/pmix_dstor_ds12_15448/dstore_sm.lock
7f13cc004000-7f13cc005000 r--s 0000f000 00:34 527712                     /home/mpiuser/cloud/fyp/java_client/lib/mpi.jar
7f13cc005000-7f13cc008000 r--s 0000e000 00:34 527707                     /home/mpiuser/cloud/fyp/java_client/lib/jackson-annotations-2.10.3.jar
7f13cc008000-7f13cc009000 r--s 00003000 00:34 527715                     /home/mpiuser/cloud/fyp/java_client/lib/slf4j-simple-1.7.30.jar
7f13cc009000-7f13cc00a000 r--s 00005000 00:34 527718                     /home/mpiuser/cloud/fyp/java_client/lib/spring-jcl-5.2.5.RELEASE.jar
7f13cc00a000-7f13cc00e000 r--s 0003a000 fc:01 2079100                    /usr/lib/jvm/java-8-openjdk-amd64/jre/lib/ext/sunpkcs11.jar
7f13cc00e000-7f13cc013000 r--s 0003d000 fc:01 2079099                    /usr/lib/jvm/java-8-openjdk-amd64/jre/lib/ext/sunjce_provider.jar
7f13cc013000-7f13cc014000 r--s 00010000 fc:01 2079101                    /usr/lib/jvm/java-8-openjdk-amd64/jre/lib/ext/zipfs.jar
7f13cc014000-7f13cc015000 r--s 0000a000 fc:01 2079095                    /usr/lib/jvm/java-8-openjdk-amd64/jre/lib/ext/jaccess.jar
7f13cc015000-7f13cc017000 r--s 00007000 fc:01 29704                      /usr/share/java/java-atk-wrapper.jar
7f13cc017000-7f13cc110000 rw-p 00000000 00:00 0 
7f13cc110000-7f13cc11b000 r-xp 00000000 fc:01 2093                       /lib/x86_64-linux-gnu/libnss_files-2.27.so
7f13cc11b000-7f13cc31a000 ---p 0000b000 fc:01 2093                       /lib/x86_64-linux-gnu/libnss_files-2.27.so
7f13cc31a000-7f13cc31b000 r--p 0000a000 fc:01 2093                       /lib/x86_64-linux-gnu/libnss_files-2.27.so
7f13cc31b000-7f13cc31c000 rw-p 0000b000 fc:01 2093                       /lib/x86_64-linux-gnu/libnss_files-2.27.so
7f13cc31c000-7f13cc322000 rw-p 00000000 00:00 0 
7f13cc322000-7f13cc339000 r-xp 00000000 fc:01 2090                       /lib/x86_64-linux-gnu/libnsl-2.27.so
7f13cc339000-7f13cc538000 ---p 00017000 fc:01 2090                       /lib/x86_64-linux-gnu/libnsl-2.27.so
7f13cc538000-7f13cc539000 r--p 00016000 fc:01 2090                       /lib/x86_64-linux-gnu/libnsl-2.27.so
7f13cc539000-7f13cc53a000 rw-p 00017000 fc:01 2090                       /lib/x86_64-linux-gnu/libnsl-2.27.so
7f13cc53a000-7f13cc53c000 rw-p 00000000 00:00 0 
7f13cc53c000-7f13cc547000 r-xp 00000000 fc:01 2095                       /lib/x86_64-linux-gnu/libnss_nis-2.27.so
7f13cc547000-7f13cc746000 ---p 0000b000 fc:01 2095                       /lib/x86_64-linux-gnu/libnss_nis-2.27.so
7f13cc746000-7f13cc747000 r--p 0000a000 fc:01 2095                       /lib/x86_64-linux-gnu/libnss_nis-2.27.so
7f13cc747000-7f13cc748000 rw-p 0000b000 fc:01 2095                       /lib/x86_64-linux-gnu/libnss_nis-2.27.so
7f13cc748000-7f13cc750000 r-xp 00000000 fc:01 2091                       /lib/x86_64-linux-gnu/libnss_compat-2.27.so
7f13cc750000-7f13cc950000 ---p 00008000 fc:01 2091                       /lib/x86_64-linux-gnu/libnss_compat-2.27.so
7f13cc950000-7f13cc951000 r--p 00008000 fc:01 2091                       /lib/x86_64-linux-gnu/libnss_compat-2.27.so
7f13cc951000-7f13cc952000 rw-p 00009000 fc:01 2091                       /lib/x86_64-linux-gnu/libnss_compat-2.27.so
7f13cc952000-7f13cc97c000 r-xp 00000000 fc:01 2079059                    /usr/lib/jvm/java-8-openjdk-amd64/jre/lib/amd64/libjava.so
7f13cc97c000-7f13ccb7b000 ---p 0002a000 fc:01 2079059                    /usr/lib/jvm/java-8-openjdk-amd64/jre/lib/amd64/libjava.so
7f13ccb7b000-7f13ccb7c000 r--p 00029000 fc:01 2079059                    /usr/lib/jvm/java-8-openjdk-amd64/jre/lib/amd64/libjava.so
7f13ccb7c000-7f13ccb7e000 rw-p 0002a000 fc:01 2079059                    /usr/lib/jvm/java-8-openjdk-amd64/jre/lib/amd64/libjava.so
7f13ccb7e000-7f13ccb8e000 r-xp 00000000 fc:01 2079077                    /usr/lib/jvm/java-8-openjdk-amd64/jre/lib/amd64/libverify.so
7f13ccb8e000-7f13ccd8d000 ---p 00010000 fc:01 2079077                    /usr/lib/jvm/java-8-openjdk-amd64/jre/lib/amd64/libverify.so
7f13ccd8d000-7f13ccd8f000 r--p 0000f000 fc:01 2079077                    /usr/lib/jvm/java-8-openjdk-amd64/jre/lib/amd64/libverify.so
7f13ccd8f000-7f13ccd90000 rw-p 00011000 fc:01 2079077                    /usr/lib/jvm/java-8-openjdk-amd64/jre/lib/amd64/libverify.so
7f13ccd90000-7f13ccd97000 r-xp 00000000 fc:01 2180                       /lib/x86_64-linux-gnu/librt-2.27.so
7f13ccd97000-7f13ccf96000 ---p 00007000 fc:01 2180                       /lib/x86_64-linux-gnu/librt-2.27.so
7f13ccf96000-7f13ccf97000 r--p 00006000 fc:01 2180                       /lib/x86_64-linux-gnu/librt-2.27.so
7f13ccf97000-7f13ccf98000 rw-p 00007000 fc:01 2180                       /lib/x86_64-linux-gnu/librt-2.27.so
7f13ccf98000-7f13ccfaf000 r-xp 00000000 fc:01 19131                      /lib/x86_64-linux-gnu/libgcc_s.so.1
7f13ccfaf000-7f13cd1ae000 ---p 00017000 fc:01 19131                      /lib/x86_64-linux-gnu/libgcc_s.so.1
7f13cd1ae000-7f13cd1af000 r--p 00016000 fc:01 19131                      /lib/x86_64-linux-gnu/libgcc_s.so.1
7f13cd1af000-7f13cd1b0000 rw-p 00017000 fc:01 19131                      /lib/x86_64-linux-gnu/libgcc_s.so.1
7f13cd1b0000-7f13cd34d000 r-xp 00000000 fc:01 2087                       /lib/x86_64-linux-gnu/libm-2.27.so
7f13cd34d000-7f13cd54c000 ---p 0019d000 fc:01 2087                       /lib/x86_64-linux-gnu/libm-2.27.so
7f13cd54c000-7f13cd54d000 r--p 0019c000 fc:01 2087                       /lib/x86_64-linux-gnu/libm-2.27.so
7f13cd54d000-7f13cd54e000 rw-p 0019d000 fc:01 2087                       /lib/x86_64-linux-gnu/libm-2.27.so
7f13cd54e000-7f13cd6c7000 r-xp 00000000 fc:01 7835                       /usr/lib/x86_64-linux-gnu/libstdc++.so.6.0.25
7f13cd6c7000-7f13cd8c7000 ---p 00179000 fc:01 7835                       /usr/lib/x86_64-linux-gnu/libstdc++.so.6.0.25
7f13cd8c7000-7f13cd8d1000 r--p 00179000 fc:01 7835                       /usr/lib/x86_64-linux-gnu/libstdc++.so.6.0.25
7f13cd8d1000-7f13cd8d3000 rw-p 00183000 fc:01 7835                       /usr/lib/x86_64-linux-gnu/libstdc++.so.6.0.25
7f13cd8d3000-7f13cd8d7000 rw-p 00000000 00:00 0 
7f13cd8d7000-7f13ce57a000 r-xp 00000000 fc:01 2079081                    /usr/lib/jvm/java-8-openjdk-amd64/jre/lib/amd64/server/libjvm.so
7f13ce57a000-7f13ce77a000 ---p 00ca3000 fc:01 2079081                    /usr/lib/jvm/java-8-openjdk-amd64/jre/lib/amd64/server/libjvm.so
7f13ce77a000-7f13ce80e000 r--p 00ca3000 fc:01 2079081                    /usr/lib/jvm/java-8-openjdk-amd64/jre/lib/amd64/server/libjvm.so
7f13ce80e000-7f13ce837000 rw-p 00d37000 fc:01 2079081                    /usr/lib/jvm/java-8-openjdk-amd64/jre/lib/amd64/server/libjvm.so
7f13ce837000-7f13ce867000 rw-p 00000000 00:00 0 
7f13ce867000-7f13ce881000 r-xp 00000000 fc:01 2178                       /lib/x86_64-linux-gnu/libpthread-2.27.so
7f13ce881000-7f13cea80000 ---p 0001a000 fc:01 2178                       /lib/x86_64-linux-gnu/libpthread-2.27.so
7f13cea80000-7f13cea81000 r--p 00019000 fc:01 2178                       /lib/x86_64-linux-gnu/libpthread-2.27.so
7f13cea81000-7f13cea82000 rw-p 0001a000 fc:01 2178                       /lib/x86_64-linux-gnu/libpthread-2.27.so
7f13cea82000-7f13cea86000 rw-p 00000000 00:00 0 
7f13cea86000-7f13cea89000 r-xp 00000000 fc:01 2086                       /lib/x86_64-linux-gnu/libdl-2.27.so
7f13cea89000-7f13cec88000 ---p 00003000 fc:01 2086                       /lib/x86_64-linux-gnu/libdl-2.27.so
7f13cec88000-7f13cec89000 r--p 00002000 fc:01 2086                       /lib/x86_64-linux-gnu/libdl-2.27.so
7f13cec89000-7f13cec8a000 rw-p 00003000 fc:01 2086                       /lib/x86_64-linux-gnu/libdl-2.27.so
7f13cec8a000-7f13ceca6000 r-xp 00000000 fc:01 2183                       /lib/x86_64-linux-gnu/libz.so.1.2.11
7f13ceca6000-7f13ceea5000 ---p 0001c000 fc:01 2183                       /lib/x86_64-linux-gnu/libz.so.1.2.11
7f13ceea5000-7f13ceea6000 r--p 0001b000 fc:01 2183                       /lib/x86_64-linux-gnu/libz.so.1.2.11
7f13ceea6000-7f13ceea7000 rw-p 0001c000 fc:01 2183                       /lib/x86_64-linux-gnu/libz.so.1.2.11
7f13ceea7000-7f13cf08e000 r-xp 00000000 fc:01 2083                       /lib/x86_64-linux-gnu/libc-2.27.so
7f13cf08e000-7f13cf28e000 ---p 001e7000 fc:01 2083                       /lib/x86_64-linux-gnu/libc-2.27.so
7f13cf28e000-7f13cf292000 r--p 001e7000 fc:01 2083                       /lib/x86_64-linux-gnu/libc-2.27.so
7f13cf292000-7f13cf294000 rw-p 001eb000 fc:01 2083                       /lib/x86_64-linux-gnu/libc-2.27.so
7f13cf294000-7f13cf298000 rw-p 00000000 00:00 0 
7f13cf298000-7f13cf2a6000 r-xp 00000000 fc:01 2079045                    /usr/lib/jvm/java-8-openjdk-amd64/jre/lib/amd64/jli/libjli.so
7f13cf2a6000-7f13cf4a5000 ---p 0000e000 fc:01 2079045                    /usr/lib/jvm/java-8-openjdk-amd64/jre/lib/amd64/jli/libjli.so
7f13cf4a5000-7f13cf4a6000 r--p 0000d000 fc:01 2079045                    /usr/lib/jvm/java-8-openjdk-amd64/jre/lib/amd64/jli/libjli.so
7f13cf4a6000-7f13cf4a7000 rw-p 0000e000 fc:01 2079045                    /usr/lib/jvm/java-8-openjdk-amd64/jre/lib/amd64/jli/libjli.so
7f13cf4a7000-7f13cf4ce000 r-xp 00000000 fc:01 2079                       /lib/x86_64-linux-gnu/ld-2.27.so
7f13cf4ce000-7f13cf4cf000 r--s 0000d000 fc:01 2079098                    /usr/lib/jvm/java-8-openjdk-amd64/jre/lib/ext/sunec.jar
7f13cf4cf000-7f13cf4d1000 r--s 00001000 fc:01 2079093                    /usr/lib/jvm/java-8-openjdk-amd64/jre/lib/ext/dnsns.jar
7f13cf4d1000-7f13cf4d4000 r--s 0000f000 fc:01 2079094                    /usr/lib/jvm/java-8-openjdk-amd64/jre/lib/ext/icedtea-sound.jar
7f13cf4d4000-7f13cf4de000 r--s 00116000 fc:01 2079096                    /usr/lib/jvm/java-8-openjdk-amd64/jre/lib/ext/localedata.jar
7f13cf4de000-7f13cf4df000 r--p 00000000 fc:01 7807                       /usr/lib/locale/C.UTF-8/LC_NUMERIC
7f13cf4df000-7f13cf4e0000 r--p 00000000 fc:01 7810                       /usr/lib/locale/C.UTF-8/LC_TIME
7f13cf4e0000-7f13cf4e1000 r--p 00000000 fc:01 7805                       /usr/lib/locale/C.UTF-8/LC_MONETARY
7f13cf4e1000-7f13cf4e2000 r--p 00000000 fc:01 7799                       /usr/lib/locale/C.UTF-8/LC_MESSAGES/SYS_LC_MESSAGES
7f13cf4e2000-7f13cf4e3000 r--p 00000000 fc:01 7808                       /usr/lib/locale/C.UTF-8/LC_PAPER
7f13cf4e3000-7f13cf4e4000 r--p 00000000 fc:01 7806                       /usr/lib/locale/C.UTF-8/LC_NAME
7f13cf4e4000-7f13cf4e5000 r--p 00000000 fc:01 7800                       /usr/lib/locale/C.UTF-8/LC_ADDRESS
7f13cf4e5000-7f13cf4e6000 r--p 00000000 fc:01 7809                       /usr/lib/locale/C.UTF-8/LC_TELEPHONE
7f13cf4e6000-7f13cf4e7000 r--p 00000000 fc:01 7804                       /usr/lib/locale/C.UTF-8/LC_MEASUREMENT
7f13cf4e7000-7f13cf4ee000 r--s 00000000 fc:01 5010                       /usr/lib/x86_64-linux-gnu/gconv/gconv-modules.cache
7f13cf4ee000-7f13cf4ef000 r--p 00000000 fc:01 7803                       /usr/lib/locale/C.UTF-8/LC_IDENTIFICATION
7f13cf4ef000-7f13cf4f5000 rw-p 00000000 00:00 0 
7f13cf4f5000-7f13cf542000 ---p 00000000 00:00 0 
7f13cf542000-7f13cf545000 rw-p 00000000 00:00 0 
7f13cf545000-7f13cf56b000 ---p 00000000 00:00 0 
7f13cf56b000-7f13cf571000 rw-p 00000000 00:00 0 
7f13cf571000-7f13cf5be000 ---p 00000000 00:00 0 
7f13cf5be000-7f13cf5bf000 rw-p 00000000 00:00 0 
7f13cf5bf000-7f13cf5c0000 ---p 00000000 00:00 0 
7f13cf5c0000-7f13cf5c3000 ---p 00000000 00:00 0 
7f13cf5c3000-7f13cf6c2000 rw-p 00000000 00:00 0 
7f13cf6c2000-7f13cf6ca000 rw-s 00000000 fc:01 526932                     /tmp/hsperfdata_mpiuser/15539
7f13cf6ca000-7f13cf6cb000 rw-p 00000000 00:00 0 
7f13cf6cb000-7f13cf6cc000 ---p 00000000 00:00 0 
7f13cf6cc000-7f13cf6ce000 rw-p 00000000 00:00 0 
7f13cf6ce000-7f13cf6cf000 r--p 00027000 fc:01 2079                       /lib/x86_64-linux-gnu/ld-2.27.so
7f13cf6cf000-7f13cf6d0000 rw-p 00028000 fc:01 2079                       /lib/x86_64-linux-gnu/ld-2.27.so
7f13cf6d0000-7f13cf6d1000 rw-p 00000000 00:00 0 
7fff187a3000-7fff187c4000 rw-p 00000000 00:00 0                          [stack]
7fff187e0000-7fff187e3000 r--p 00000000 00:00 0                          [vvar]
7fff187e3000-7fff187e5000 r-xp 00000000 00:00 0                          [vdso]
ffffffffff600000-ffffffffff601000 r-xp 00000000 00:00 0                  [vsyscall]

VM Arguments:
jvm_args: -Djava.library.path=/usr/local/lib 
java_command: Client 1000000 100 0
java_class_path (initial): /home/mpiuser/cloud/fyp/java_client:./lib/spring-jcl-5.2.5.RELEASE.jar:./lib/jackson-databind-2.10.3.jar:./lib/jackson-databind-2.10.2.jar:./lib/slf4j-simple-1.7.30.jar:./lib/amqp-client-5.8.0.jar:./lib/spring-web-5.2.5.RELEASE.jar:./lib/jackson-annotations-2.10.3.jar:./lib/mpi.jar:./lib/spring-beans-5.2.5.RELEASE.jar:./lib/jackson-annotations-2.10.2.jar:./lib/jackson-core-2.10.2.jar:./lib/jackson-core-2.10.3.jar:./lib/slf4j-api-1.7.29.jar:./lib/spring-core-5.2.5.RELEASE.jar:./lib/slf4j-api-1.7.30.jar:./lib/http-client-3.6.1.RELEASE.jar:/usr/local/lib/mpi.jar
Launcher Type: SUN_STANDARD

Environment Variables:
PATH=/usr/local/sbin:/usr/local/bin:/usr/sbin:/usr/bin:/sbin:/bin:/usr/games:/usr/local/games
SHELL=/bin/bash

Signal Handlers:
SIGSEGV: [libjvm.so+0xabc3b0], sa_mask[0]=11111111011111111101111111111110, sa_flags=SA_RESTART|SA_SIGINFO
SIGBUS: [libjvm.so+0xabc3b0], sa_mask[0]=11111111011111111101111111111110, sa_flags=SA_RESTART|SA_SIGINFO
SIGFPE: [libjvm.so+0x8f0bb0], sa_mask[0]=11111111011111111101111111111110, sa_flags=SA_RESTART|SA_SIGINFO
SIGPIPE: [libjvm.so+0x8f0bb0], sa_mask[0]=11111111011111111101111111111110, sa_flags=SA_RESTART|SA_SIGINFO
SIGXFSZ: [libjvm.so+0x8f0bb0], sa_mask[0]=11111111011111111101111111111110, sa_flags=SA_RESTART|SA_SIGINFO
SIGILL: [libjvm.so+0x8f0bb0], sa_mask[0]=11111111011111111101111111111110, sa_flags=SA_RESTART|SA_SIGINFO
SIGUSR1: SIG_DFL, sa_mask[0]=00000000000000000000000000000000, sa_flags=none
SIGUSR2: [libjvm.so+0x8f0a60], sa_mask[0]=00000000000000000000000000000000, sa_flags=SA_RESTART|SA_SIGINFO
SIGHUP: [libjvm.so+0x8f10d0], sa_mask[0]=11111111011111111101111111111110, sa_flags=SA_RESTART|SA_SIGINFO
SIGINT: [libjvm.so+0x8f10d0], sa_mask[0]=11111111011111111101111111111110, sa_flags=SA_RESTART|SA_SIGINFO
SIGTERM: [libjvm.so+0x8f10d0], sa_mask[0]=11111111011111111101111111111110, sa_flags=SA_RESTART|SA_SIGINFO
SIGQUIT: [libjvm.so+0x8f10d0], sa_mask[0]=11111111011111111101111111111110, sa_flags=SA_RESTART|SA_SIGINFO


---------------  S Y S T E M  ---------------

OS:DISTRIB_ID=Ubuntu
DISTRIB_RELEASE=18.04
DISTRIB_CODENAME=bionic
DISTRIB_DESCRIPTION="Ubuntu 18.04.3 LTS"

uname:Linux 4.15.0-66-generic #75-Ubuntu SMP Tue Oct 1 05:24:09 UTC 2019 x86_64
libc:glibc 2.27 NPTL 2.27 
rlimit: STACK 8192k, CORE 0k, NPROC 3841, NOFILE 1048576, AS infinity
load average:96.10 24.16 8.09

/proc/meminfo:
MemTotal:        1008808 kB
MemFree:          533972 kB
MemAvailable:     505652 kB
Buffers:            4556 kB
Cached:            45040 kB
SwapCached:            0 kB
Active:           323636 kB
Inactive:          12216 kB
Active(anon):     286752 kB
Inactive(anon):      184 kB
Active(file):      36884 kB
Inactive(file):    12032 kB
Unevictable:           0 kB
Mlocked:               0 kB
SwapTotal:             0 kB
SwapFree:              0 kB
Dirty:               984 kB
Writeback:             0 kB
AnonPages:        286340 kB
Mapped:            32956 kB
Shmem:               660 kB
Slab:              89364 kB
SReclaimable:      37116 kB
SUnreclaim:        52248 kB
KernelStack:        5144 kB
PageTables:        13244 kB
NFS_Unstable:          0 kB
Bounce:                0 kB
WritebackTmp:          0 kB
CommitLimit:      504404 kB
Committed_AS:    1975360 kB
VmallocTotal:   34359738367 kB
VmallocUsed:           0 kB
VmallocChunk:          0 kB
HardwareCorrupted:     0 kB
AnonHugePages:         0 kB
ShmemHugePages:        0 kB
ShmemPmdMapped:        0 kB
CmaTotal:              0 kB
CmaFree:               0 kB
HugePages_Total:       0
HugePages_Free:        0
HugePages_Rsvd:        0
HugePages_Surp:        0
Hugepagesize:       2048 kB
DirectMap4k:      292844 kB
DirectMap2M:      755712 kB
DirectMap1G:           0 kB

container (cgroup) information:
container_type: cgroupv1
cpu_cpuset_cpus: 0-2
cpu_memory_nodes: 0
active_processor_count: 3
cpu_quota: -1
cpu_period: 100000
cpu_shares: -1
memory_limit_in_bytes: -1
memory_and_swap_limit_in_bytes: -2
memory_soft_limit_in_bytes: -1
memory_usage_in_bytes: 315641856
memory_max_usage_in_bytes: 863526912


CPU:total 3 (initial active 3) (1 cores per cpu, 1 threads per core) family 6 model 85 stepping 4, cmov, cx8, fxsr, mmx, sse, sse2, sse3, ssse3, sse4.1, sse4.2, popcnt, avx, avx2, aes, clmul, erms, 3dnowpref, lzcnt, tsc, bmi1, bmi2, adx

/proc/cpuinfo:
processor	: 0
vendor_id	: GenuineIntel
cpu family	: 6
model		: 85
model name	: Intel(R) Xeon(R) Gold 6140 CPU @ 2.30GHz
stepping	: 4
microcode	: 0x1
cpu MHz		: 2294.608
cache size	: 4096 KB
physical id	: 0
siblings	: 1
core id		: 0
cpu cores	: 1
apicid		: 0
initial apicid	: 0
fpu		: yes
fpu_exception	: yes
cpuid level	: 13
wp		: yes
flags		: fpu vme de pse tsc msr pae mce cx8 apic sep mtrr pge mca cmov pat pse36 clflush mmx fxsr sse sse2 ss syscall nx pdpe1gb rdtscp lm constant_tsc arch_perfmon rep_good nopl cpuid tsc_known_freq pni pclmulqdq vmx ssse3 fma cx16 pcid sse4_1 sse4_2 x2apic movbe popcnt tsc_deadline_timer aes xsave avx f16c rdrand hypervisor lahf_lm abm 3dnowprefetch cpuid_fault invpcid_single pti ssbd ibrs ibpb tpr_shadow vnmi flexpriority ept vpid fsgsbase tsc_adjust bmi1 avx2 smep bmi2 erms invpcid mpx avx512f avx512dq rdseed adx smap clflushopt clwb avx512cd avx512bw avx512vl xsaveopt xsavec xgetbv1 pku ospke md_clear
bugs		: cpu_meltdown spectre_v1 spectre_v2 spec_store_bypass l1tf mds swapgs
bogomips	: 4589.21
clflush size	: 64
cache_alignment	: 64
address sizes	: 40 bits physical, 48 bits virtual
power management:

processor	: 1
vendor_id	: GenuineIntel
cpu family	: 6
model		: 85
model name	: Intel(R) Xeon(R) Gold 6140 CPU @ 2.30GHz
stepping	: 4
microcode	: 0x1
cpu MHz		: 2294.608
cache size	: 4096 KB
physical id	: 1
siblings	: 1
core id		: 0
cpu cores	: 1
apicid		: 1
initial apicid	: 1
fpu		: yes
fpu_exception	: yes
cpuid level	: 13
wp		: yes
flags		: fpu vme de pse tsc msr pae mce cx8 apic sep mtrr pge mca cmov pat pse36 clflush mmx fxsr sse sse2 ss syscall nx pdpe1gb rdtscp lm constant_tsc arch_perfmon rep_good nopl cpuid tsc_known_freq pni pclmulqdq vmx ssse3 fma cx16 pcid sse4_1 sse4_2 x2apic movbe popcnt tsc_deadline_timer aes xsave avx f16c rdrand hypervisor lahf_lm abm 3dnowprefetch cpuid_fault invpcid_single pti ssbd ibrs ibpb tpr_shadow vnmi flexpriority ept vpid fsgsbase tsc_adjust bmi1 avx2 smep bmi2 erms invpcid mpx avx512f avx512dq rdseed adx smap clflushopt clwb avx512cd avx512bw avx512vl xsaveopt xsavec xgetbv1 pku ospke md_clear
bugs		: cpu_meltdown spectre_v1 spectre_v2 spec_store_bypass l1tf mds swapgs
bogomips	: 4589.21
clflush size	: 64
cache_alignment	: 64
address sizes	: 40 bits physical, 48 bits virtual
power management:

processor	: 2
vendor_id	: GenuineIntel
cpu family	: 6
model		: 85
model name	: Intel(R) Xeon(R) Gold 6140 CPU @ 2.30GHz
stepping	: 4
microcode	: 0x1
cpu MHz		: 2294.608
cache size	: 4096 KB
physical id	: 2
siblings	: 1
core id		: 0
cpu cores	: 1
apicid		: 2
initial apicid	: 2
fpu		: yes
fpu_exception	: yes
cpuid level	: 13
wp		: yes
flags		: fpu vme de pse tsc msr pae mce cx8 apic sep mtrr pge mca cmov pat pse36 clflush mmx fxsr sse sse2 ss syscall nx pdpe1gb rdtscp lm constant_tsc arch_perfmon rep_good nopl cpuid tsc_known_freq pni pclmulqdq vmx ssse3 fma cx16 pcid sse4_1 sse4_2 x2apic movbe popcnt tsc_deadline_timer aes xsave avx f16c rdrand hypervisor lahf_lm abm 3dnowprefetch cpuid_fault invpcid_single pti ssbd ibrs ibpb tpr_shadow vnmi flexpriority ept vpid fsgsbase tsc_adjust bmi1 avx2 smep bmi2 erms invpcid mpx avx512f avx512dq rdseed adx smap clflushopt clwb avx512cd avx512bw avx512vl xsaveopt xsavec xgetbv1 pku ospke md_clear
bugs		: cpu_meltdown spectre_v1 spectre_v2 spec_store_bypass l1tf mds swapgs
bogomips	: 4589.21
clflush size	: 64
cache_alignment	: 64
address sizes	: 40 bits physical, 48 bits virtual
power management:



Memory: 4k page, physical 1008808k(533848k free), swap 0k(0k free)

vm_info: OpenJDK 64-Bit Server VM (25.242-b08) for linux-amd64 JRE (1.8.0_242-8u242-b08-0ubuntu3~18.04-b08), built on Jan 17 2020 23:41:21 by "buildd" with gcc 7.4.0

time: Mon Apr  6 11:40:27 2020
timezone: UTC
elapsed time: 37 seconds (0d 0h 0m 37s)

