#
# A fatal error has been detected by the Java Runtime Environment:
#
#  SIGSEGV (0xb) at pc=0x00007f2c9eb8012a, pid=31144, tid=0x00007f2ce2337700
#
# JRE version: OpenJDK Runtime Environment (8.0_242-b08) (build 1.8.0_242-8u242-b08-0ubuntu3~18.04-b08)
# Java VM: OpenJDK 64-Bit Server VM (25.242-b08 mixed mode linux-amd64 compressed oops)
# Problematic frame:
# C  [mca_gds_ds21.so+0x212a]  pmix_gds_ds21_lock_init+0x12a
#
# Failed to write core dump. Core dumps have been disabled. To enable core dumping, try "ulimit -c unlimited" before starting Java again
#
# If you would like to submit a bug report, please visit:
#   http://bugreport.java.com/bugreport/crash.jsp
# The crash happened outside the Java Virtual Machine in native code.
# See problematic frame for where to report the bug.
#

---------------  T H R E A D  ---------------

Current thread (0x00007f2cd800b800):  JavaThread "main" [_thread_in_native, id=31216, stack(0x00007f2ce2238000,0x00007f2ce2338000)]

siginfo: si_signo: 11 (SIGSEGV), si_code: 1 (SEGV_MAPERR), si_addr: 0x00007f2cdc96c008

Registers:
RAX=0x00007f2cd8275860, RBX=0x00007f2cd8275780, RCX=0x00007f2c9efa085e, RDX=0x00007ffe16b93ce8
RSP=0x00007f2ce2335700, RBP=0x00007f2cd82757d8, RSI=0x0000000000085000, RDI=0x0000000000000000
R8 =0x000000000000001e, R9 =0x0000000000000000, R10=0x0000000000000001, R11=0x0000000000000000
R12=0x00007f2cd82753d8, R13=0x0000000000001000, R14=0x00007f2cdc96c000, R15=0x00007f2cd82757d0
RIP=0x00007f2c9eb8012a, EFLAGS=0x0000000000010206, CSGSFS=0x002b000000000033, ERR=0x0000000000000004
  TRAPNO=0x000000000000000e

Top of Stack: (sp=0x00007f2ce2335700)
0x00007f2ce2335700:   00007f2cd8275730 00007ffe16b93ce8
0x00007f2ce2335710:   0000000000085000 000003e800000002
0x00007f2ce2335720:   0000000000000000 00007f2ce1bb62ed
0x00007f2ce2335730:   00007f2cd8275420 65813b8983caeb00
0x00007f2ce2335740:   0000000000000000 00007f2cd8275100
0x00007f2ce2335750:   0000000000000000 00007ffe16b93ce8
0x00007f2ce2335760:   0000000000000000 00007f2cd8275370
0x00007f2ce2335770:   0000000000000000 00007f2c9ef9cbcb
0x00007f2ce2335780:   00007f2c9eb80cee 00007f2ce2335810
0x00007f2ce2335790:   00007f2ca81c8513 0000001500000040
0x00007f2ce23357a0:   00007f2cd8270a50 65813b8983caeb00
0x00007f2ce23357b0:   00007f2c9ef92280 00007f2cd8270560
0x00007f2ce23357c0:   00007f2c9ed822d4 00007f2ca83ee0a0
0x00007f2ce23357d0:   00007f2c9ed82180 00007f2ca83f1fc0
0x00007f2ce23357e0:   00007f2cd82750b0 00007f2c9eb7fdb4
0x00007f2ce23357f0:   00007f2ca83ee060 00007f2ca81b0ee8
0x00007f2ce2335800:   00007f2ca83ee100 00007f2ce2335834
0x00007f2ce2335810:   00007f2ce2335838 0000000000000000
0x00007f2ce2335820:   0000000000000000 00007f2ca83f1fd0
0x00007f2ce2335830:   0000001ea8125db0 00007f2c9ed82180
0x00007f2ce2335840:   0000000000000000 65813b8983caeb00
0x00007f2ce2335850:   00007f2ca83ee0a0 0000000000000000
0x00007f2ce2335860:   0000000000000000 00007f2cd81ff8b0
0x00007f2ce2335870:   00007f2ca8125db0 00007f2ca83ed520
0x00007f2ce2335880:   0000000000000000 00007f2ca816b763
0x00007f2ce2335890:   000000000000000c 00007f2ca83ed7d8
0x00007f2ce23358a0:   2d69706d6e65706f 0000346576616c73
0x00007f2ce23358b0:   00007f2ca80b0100 00007f2ca80abb00
0x00007f2ce23358c0:   00007f2ca80b364e 0000000100000000
0x00007f2ce23358d0:   00007f2ce23359d0 00007f2c00000003
0x00007f2ce23358e0:   00007f2ce23359c0 65813b8983caeb00
0x00007f2ce23358f0:   00007f2cd81fd290 00007f2ca83ecf60 

Instructions: (pc=0x00007f2c9eb8012a)
0x00007f2c9eb8010a:   f7 ff ff 48 85 c0 49 89 47 30 0f 84 16 03 00 00
0x00007f2c9eb8011a:   4c 8b 70 18 49 8b 36 4c 39 ee 0f 87 ce 02 00 00
0x00007f2c9eb8012a:   41 8b 46 08 41 89 47 40 49 8b 56 18 4c 01 f2 85
0x00007f2c9eb8013a:   c0 49 89 57 38 0f 84 eb 02 00 00 31 c0 ba 01 00 

Register to memory mapping:

RAX=0x00007f2cd8275860 is an unknown value
RBX=0x00007f2cd8275780 is an unknown value
RCX=0x00007f2c9efa085e: pmix_common_dstor_attach_new_lock_seg+0x1e in /usr/local/lib/libmca_common_dstore.so.1 at 0x00007f2c9ef93000
RDX=0x00007ffe16b93ce8 is an unknown value
RSP=0x00007f2ce2335700 is pointing into the stack for thread: 0x00007f2cd800b800
RBP=0x00007f2cd82757d8 is an unknown value
RSI=0x0000000000085000 is an unknown value
RDI=0x0000000000000000 is an unknown value
R8 =0x000000000000001e is an unknown value
R9 =0x0000000000000000 is an unknown value
R10=0x0000000000000001 is an unknown value
R11=0x0000000000000000 is an unknown value
R12=0x00007f2cd82753d8 is an unknown value
R13=0x0000000000001000 is an unknown value
R14=0x00007f2cdc96c000 is an unknown value
R15=0x00007f2cd82757d0 is an unknown value


Stack: [0x00007f2ce2238000,0x00007f2ce2338000],  sp=0x00007f2ce2335700,  free space=1013k
Native frames: (J=compiled Java code, j=interpreted, Vv=VM code, C=native code)
C  [mca_gds_ds21.so+0x212a]  pmix_gds_ds21_lock_init+0x12a

Java frames: (J=compiled Java code, j=interpreted, Vv=VM code)
j  mpi.MPI.Init_jni([Ljava/lang/String;)[Ljava/lang/String;+0
j  mpi.MPI.Init([Ljava/lang/String;)[Ljava/lang/String;+17
j  Client.main([Ljava/lang/String;)V+1
v  ~StubRoutines::call_stub

---------------  P R O C E S S  ---------------

Java Threads: ( => current thread )
  0x00007f2cb4001000 JavaThread "SIGTERM handler" daemon [_thread_blocked, id=32027, stack(0x00007f2cdcb98000,0x00007f2cdcc99000)]
  0x00007f2cd80d9800 JavaThread "Service Thread" daemon [_thread_blocked, id=31715, stack(0x00007f2cdd262000,0x00007f2cdd363000)]
  0x00007f2cd80b4800 JavaThread "C1 CompilerThread1" daemon [_thread_blocked, id=31704, stack(0x00007f2cdd364000,0x00007f2cdd464000)]
  0x00007f2cd80b2000 JavaThread "C2 CompilerThread0" daemon [_thread_blocked, id=31700, stack(0x00007f2cdd465000,0x00007f2cdd565000)]
  0x00007f2cd80b0800 JavaThread "Signal Dispatcher" daemon [_thread_blocked, id=31699, stack(0x00007f2cdd565000,0x00007f2cdd666000)]
  0x00007f2cd807e000 JavaThread "Finalizer" daemon [_thread_blocked, id=31435, stack(0x00007f2cdd9a5000,0x00007f2cddaa6000)]
  0x00007f2cd8079800 JavaThread "Reference Handler" daemon [_thread_blocked, id=31429, stack(0x00007f2cddaa6000,0x00007f2cddba7000)]
=>0x00007f2cd800b800 JavaThread "main" [_thread_in_native, id=31216, stack(0x00007f2ce2238000,0x00007f2ce2338000)]

Other Threads:
  0x00007f2cd806f800 VMThread [stack: 0x00007f2cddba8000,0x00007f2cddca8000] [id=31375]

VM state:at safepoint (normal execution)

VM Mutex/Monitor currently owned by a thread:  ([mutex/lock_event])
[0x00007f2cd8007f60] Threads_lock - owner thread: 0x00007f2cd806f800

heap address: 0x00000000f0800000, size: 248 MB, Compressed Oops mode: 32-bit
Narrow klass base: 0x0000000000000000, Narrow klass shift: 3
Compressed class space size: 1073741824 Address: 0x0000000100000000

Heap:
 def new generation   total 4928K, used 1618K [0x00000000f0800000, 0x00000000f0d50000, 0x00000000f5aa0000)
  eden space 4416K,  36% used [0x00000000f0800000, 0x00000000f0994988, 0x00000000f0c50000)
  from space 512K,   0% used [0x00000000f0c50000, 0x00000000f0c50000, 0x00000000f0cd0000)
  to   space 512K,   0% used [0x00000000f0cd0000, 0x00000000f0cd0000, 0x00000000f0d50000)
 tenured generation   total 10944K, used 0K [0x00000000f5aa0000, 0x00000000f6550000, 0x0000000100000000)
   the space 10944K,   0% used [0x00000000f5aa0000, 0x00000000f5aa0000, 0x00000000f5aa0200, 0x00000000f6550000)
 Metaspace       used 3109K, capacity 4792K, committed 5120K, reserved 1056768K
  class space    used 315K, capacity 424K, committed 512K, reserved 1048576K

Card table byte_map: [0x00007f2ce21ba000,0x00007f2ce2237000] byte_map_base: 0x00007f2ce1a36000

Polling page: 0x00007f2ce2343000

CodeCache: size=245760Kb used=1196Kb max_used=1196Kb free=244563Kb
 bounds [0x00007f2cc9000000, 0x00007f2cc9270000, 0x00007f2cd8000000]
 total_blobs=363 nmethods=59 adapters=220
 compilation: enabled

Compilation events (10 events):
Event: 63.610 Thread 0x00007f2cd80b4800   48       3       java.lang.AbstractStringBuilder::newCapacity (39 bytes)
Event: 63.611 Thread 0x00007f2cd80b4800 nmethod 48 0x00007f2cc9121990 code [0x00007f2cc9121b20, 0x00007f2cc9121f08]
Event: 63.611 Thread 0x00007f2cd80b4800   56       3       java.lang.String::toCharArray (25 bytes)
Event: 63.611 Thread 0x00007f2cd80b4800 nmethod 56 0x00007f2cc9122050 code [0x00007f2cc91221c0, 0x00007f2cc9122448]
Event: 63.611 Thread 0x00007f2cd80b4800   50       1       java.net.URL::getQuery (5 bytes)
Event: 63.611 Thread 0x00007f2cd80b4800 nmethod 50 0x00007f2cc9122510 code [0x00007f2cc9122660, 0x00007f2cc9122770]
Event: 63.625 Thread 0x00007f2cd80b4800   57       3       java.util.concurrent.ConcurrentHashMap::setTabAt (19 bytes)
Event: 63.625 Thread 0x00007f2cd80b4800 nmethod 57 0x00007f2cc912a9d0 code [0x00007f2cc912ab20, 0x00007f2cc912ac90]
Event: 63.625 Thread 0x00007f2cd80b4800   59       3       java.lang.CharacterDataLatin1::toLowerCase (39 bytes)
Event: 63.625 Thread 0x00007f2cd80b4800 nmethod 59 0x00007f2cc912ad10 code [0x00007f2cc912ae80, 0x00007f2cc912b0f0]

GC Heap History (0 events):
No events

Deoptimization events (0 events):
No events

Classes redefined (0 events):
No events

Internal exceptions (5 events):
Event: 1.035 Thread 0x00007f2cd800b800 Exception <a 'java/lang/NoSuchMethodError': Method sun.misc.Unsafe.defineClass(Ljava/lang/String;[BII)Ljava/lang/Class; name or signature does not match> (0x00000000f0807cc8) thrown at [/build/openjdk-8-58sEEn/openjdk-8-8u242-b08/src/hotspot/src/share/vm/
Event: 1.035 Thread 0x00007f2cd800b800 Exception <a 'java/lang/NoSuchMethodError': Method sun.misc.Unsafe.prefetchRead(Ljava/lang/Object;J)V name or signature does not match> (0x00000000f0807fb0) thrown at [/build/openjdk-8-58sEEn/openjdk-8-8u242-b08/src/hotspot/src/share/vm/prims/jni.cpp, lin
Event: 4.252 Thread 0x00007f2cd800b800 Exception <a 'java/util/zip/ZipException'> (0x00000000f085dec8) thrown at [/build/openjdk-8-58sEEn/openjdk-8-8u242-b08/src/hotspot/src/share/vm/prims/jni.cpp, line 710]
Event: 4.253 Thread 0x00007f2cd800b800 Exception <a 'java/security/PrivilegedActionException'> (0x00000000f085e168) thrown at [/build/openjdk-8-58sEEn/openjdk-8-8u242-b08/src/hotspot/src/share/vm/prims/jvm.cpp, line 1502]
Event: 4.253 Thread 0x00007f2cd800b800 Exception <a 'java/security/PrivilegedActionException'> (0x00000000f085e378) thrown at [/build/openjdk-8-58sEEn/openjdk-8-8u242-b08/src/hotspot/src/share/vm/prims/jvm.cpp, line 1502]

Events (10 events):
Event: 63.608 loading class mpi/Comm
Event: 63.608 loading class mpi/Comm done
Event: 63.609 Thread 0x00007f2cb4001000 Thread added: 0x00007f2cb4001000
Event: 63.616 loading class mpi/Version
Event: 63.616 loading class mpi/Version done
Event: 63.691 loading class java/lang/Shutdown
Event: 63.692 loading class java/lang/Shutdown done
Event: 63.692 loading class java/lang/Shutdown$Lock
Event: 63.692 loading class java/lang/Shutdown$Lock done
Event: 63.702 Executing VM operation: Exit


Dynamic libraries:
f0800000-f0d50000 rw-p 00000000 00:00 0 
f0d50000-f5aa0000 ---p 00000000 00:00 0 
f5aa0000-f6550000 rw-p 00000000 00:00 0 
f6550000-100000000 ---p 00000000 00:00 0 
100000000-100080000 rw-p 00000000 00:00 0 
100080000-140000000 ---p 00000000 00:00 0 
56013ea27000-56013ea28000 r-xp 00000000 fc:01 2076260                    /usr/lib/jvm/java-8-openjdk-amd64/jre/bin/java
56013ec27000-56013ec28000 r--p 00000000 fc:01 2076260                    /usr/lib/jvm/java-8-openjdk-amd64/jre/bin/java
56013ec28000-56013ec29000 rw-p 00001000 fc:01 2076260                    /usr/lib/jvm/java-8-openjdk-amd64/jre/bin/java
5601401d7000-5601401f8000 rw-p 00000000 00:00 0                          [heap]
7f2c9e97b000-7f2c9e97d000 r-xp 00000000 fc:01 528289                     /usr/local/lib/pmix/mca_pshmem_mmap.so
7f2c9e97d000-7f2c9eb7c000 ---p 00002000 fc:01 528289                     /usr/local/lib/pmix/mca_pshmem_mmap.so
7f2c9eb7c000-7f2c9eb7d000 r--p 00001000 fc:01 528289                     /usr/local/lib/pmix/mca_pshmem_mmap.so
7f2c9eb7d000-7f2c9eb7e000 rw-p 00002000 fc:01 528289                     /usr/local/lib/pmix/mca_pshmem_mmap.so
7f2c9eb7e000-7f2c9eb82000 r-xp 00000000 fc:01 528265                     /usr/local/lib/pmix/mca_gds_ds21.so
7f2c9eb82000-7f2c9ed81000 ---p 00004000 fc:01 528265                     /usr/local/lib/pmix/mca_gds_ds21.so
7f2c9ed81000-7f2c9ed82000 r--p 00003000 fc:01 528265                     /usr/local/lib/pmix/mca_gds_ds21.so
7f2c9ed82000-7f2c9ed83000 rw-p 00004000 fc:01 528265                     /usr/local/lib/pmix/mca_gds_ds21.so
7f2c9ed83000-7f2c9ed92000 r-xp 00000000 fc:01 528267                     /usr/local/lib/pmix/mca_gds_hash.so
7f2c9ed92000-7f2c9ef91000 ---p 0000f000 fc:01 528267                     /usr/local/lib/pmix/mca_gds_hash.so
7f2c9ef91000-7f2c9ef92000 r--p 0000e000 fc:01 528267                     /usr/local/lib/pmix/mca_gds_hash.so
7f2c9ef92000-7f2c9ef93000 rw-p 0000f000 fc:01 528267                     /usr/local/lib/pmix/mca_gds_hash.so
7f2c9ef93000-7f2c9efa2000 r-xp 00000000 fc:01 7027                       /usr/local/lib/libmca_common_dstore.so.1.0.0
7f2c9efa2000-7f2c9f1a1000 ---p 0000f000 fc:01 7027                       /usr/local/lib/libmca_common_dstore.so.1.0.0
7f2c9f1a1000-7f2c9f1a2000 r--p 0000e000 fc:01 7027                       /usr/local/lib/libmca_common_dstore.so.1.0.0
7f2c9f1a2000-7f2c9f1a3000 rw-p 0000f000 fc:01 7027                       /usr/local/lib/libmca_common_dstore.so.1.0.0
7f2c9f1a3000-7f2c9f1a7000 r-xp 00000000 fc:01 528263                     /usr/local/lib/pmix/mca_gds_ds12.so
7f2c9f1a7000-7f2c9f3a6000 ---p 00004000 fc:01 528263                     /usr/local/lib/pmix/mca_gds_ds12.so
7f2c9f3a6000-7f2c9f3a7000 r--p 00003000 fc:01 528263                     /usr/local/lib/pmix/mca_gds_ds12.so
7f2c9f3a7000-7f2c9f3a8000 rw-p 00004000 fc:01 528263                     /usr/local/lib/pmix/mca_gds_ds12.so
7f2c9f3a8000-7f2c9f3b0000 r-xp 00000000 fc:01 528293                     /usr/local/lib/pmix/mca_ptl_usock.so
7f2c9f3b0000-7f2c9f5af000 ---p 00008000 fc:01 528293                     /usr/local/lib/pmix/mca_ptl_usock.so
7f2c9f5af000-7f2c9f5b0000 r--p 00007000 fc:01 528293                     /usr/local/lib/pmix/mca_ptl_usock.so
7f2c9f5b0000-7f2c9f5b1000 rw-p 00008000 fc:01 528293                     /usr/local/lib/pmix/mca_ptl_usock.so
7f2c9f5b1000-7f2c9f5c2000 r-xp 00000000 fc:01 528291                     /usr/local/lib/pmix/mca_ptl_tcp.so
7f2c9f5c2000-7f2c9f7c1000 ---p 00011000 fc:01 528291                     /usr/local/lib/pmix/mca_ptl_tcp.so
7f2c9f7c1000-7f2c9f7c2000 r--p 00010000 fc:01 528291                     /usr/local/lib/pmix/mca_ptl_tcp.so
7f2c9f7c2000-7f2c9f7c3000 rw-p 00011000 fc:01 528291                     /usr/local/lib/pmix/mca_ptl_tcp.so
7f2c9f7c3000-7f2c9f7d4000 r-xp 00000000 fc:01 528255                     /usr/local/lib/pmix/mca_bfrops_v12.so
7f2c9f7d4000-7f2c9f9d4000 ---p 00011000 fc:01 528255                     /usr/local/lib/pmix/mca_bfrops_v12.so
7f2c9f9d4000-7f2c9f9d5000 r--p 00011000 fc:01 528255                     /usr/local/lib/pmix/mca_bfrops_v12.so
7f2c9f9d5000-7f2c9f9d6000 rw-p 00012000 fc:01 528255                     /usr/local/lib/pmix/mca_bfrops_v12.so
7f2c9f9d6000-7f2c9f9ed000 r-xp 00000000 fc:01 528257                     /usr/local/lib/pmix/mca_bfrops_v20.so
7f2c9f9ed000-7f2c9fbec000 ---p 00017000 fc:01 528257                     /usr/local/lib/pmix/mca_bfrops_v20.so
7f2c9fbec000-7f2c9fbed000 r--p 00016000 fc:01 528257                     /usr/local/lib/pmix/mca_bfrops_v20.so
7f2c9fbed000-7f2c9fbee000 rw-p 00017000 fc:01 528257                     /usr/local/lib/pmix/mca_bfrops_v20.so
7f2c9fbee000-7f2c9fbf6000 r-xp 00000000 fc:01 528261                     /usr/local/lib/pmix/mca_bfrops_v3.so
7f2c9fbf6000-7f2c9fdf5000 ---p 00008000 fc:01 528261                     /usr/local/lib/pmix/mca_bfrops_v3.so
7f2c9fdf5000-7f2c9fdf6000 r--p 00007000 fc:01 528261                     /usr/local/lib/pmix/mca_bfrops_v3.so
7f2c9fdf6000-7f2c9fdf7000 rw-p 00008000 fc:01 528261                     /usr/local/lib/pmix/mca_bfrops_v3.so
7f2c9fdf7000-7f2c9fdfe000 r-xp 00000000 fc:01 528259                     /usr/local/lib/pmix/mca_bfrops_v21.so
7f2c9fdfe000-7f2c9fffe000 ---p 00007000 fc:01 528259                     /usr/local/lib/pmix/mca_bfrops_v21.so
7f2c9fffe000-7f2c9ffff000 r--p 00007000 fc:01 528259                     /usr/local/lib/pmix/mca_bfrops_v21.so
7f2c9ffff000-7f2ca0000000 rw-p 00008000 fc:01 528259                     /usr/local/lib/pmix/mca_bfrops_v21.so
7f2ca0000000-7f2ca0021000 rw-p 00000000 00:00 0 
7f2ca0021000-7f2ca4000000 ---p 00000000 00:00 0 
7f2ca4000000-7f2ca4021000 rw-p 00000000 00:00 0 
7f2ca4021000-7f2ca8000000 ---p 00000000 00:00 0 
7f2ca80ab000-7f2ca81ea000 r-xp 00000000 fc:01 528295                     /usr/local/lib/openmpi/mca_pmix_pmix3x.so
7f2ca81ea000-7f2ca83ea000 ---p 0013f000 fc:01 528295                     /usr/local/lib/openmpi/mca_pmix_pmix3x.so
7f2ca83ea000-7f2ca83eb000 r--p 0013f000 fc:01 528295                     /usr/local/lib/openmpi/mca_pmix_pmix3x.so
7f2ca83eb000-7f2ca83f0000 rw-p 00140000 fc:01 528295                     /usr/local/lib/openmpi/mca_pmix_pmix3x.so
7f2ca83f0000-7f2ca83f3000 rw-p 00000000 00:00 0 
7f2ca83f6000-7f2ca83f8000 r-xp 00000000 fc:01 528281                     /usr/local/lib/pmix/mca_psec_native.so
7f2ca83f8000-7f2ca85f7000 ---p 00002000 fc:01 528281                     /usr/local/lib/pmix/mca_psec_native.so
7f2ca85f7000-7f2ca85f8000 r--p 00001000 fc:01 528281                     /usr/local/lib/pmix/mca_psec_native.so
7f2ca85f8000-7f2ca85f9000 rw-p 00002000 fc:01 528281                     /usr/local/lib/pmix/mca_psec_native.so
7f2ca85f9000-7f2ca85fa000 ---p 00000000 00:00 0 
7f2ca85fa000-7f2ca8dfa000 rw-p 00000000 00:00 0 
7f2ca8dfa000-7f2ca8dfe000 r-xp 00000000 fc:01 528333                     /usr/local/lib/openmpi/mca_ess_pmi.so
7f2ca8dfe000-7f2ca8ffd000 ---p 00004000 fc:01 528333                     /usr/local/lib/openmpi/mca_ess_pmi.so
7f2ca8ffd000-7f2ca8ffe000 r--p 00003000 fc:01 528333                     /usr/local/lib/openmpi/mca_ess_pmi.so
7f2ca8ffe000-7f2ca8fff000 rw-p 00004000 fc:01 528333                     /usr/local/lib/openmpi/mca_ess_pmi.so
7f2ca8fff000-7f2cac000000 rw-p 00000000 00:00 0 
7f2cac000000-7f2cac096000 rw-p 00000000 00:00 0 
7f2cac096000-7f2cb0000000 ---p 00000000 00:00 0 
7f2cb0000000-7f2cb0021000 rw-p 00000000 00:00 0 
7f2cb0021000-7f2cb4000000 ---p 00000000 00:00 0 
7f2cb4000000-7f2cb4021000 rw-p 00000000 00:00 0 
7f2cb4021000-7f2cb8000000 ---p 00000000 00:00 0 
7f2cb8000000-7f2cb804e000 rw-p 00000000 00:00 0 
7f2cb804e000-7f2cbc000000 ---p 00000000 00:00 0 
7f2cbc000000-7f2cbc021000 rw-p 00000000 00:00 0 
7f2cbc021000-7f2cc0000000 ---p 00000000 00:00 0 
7f2cc0000000-7f2cc0021000 rw-p 00000000 00:00 0 
7f2cc0021000-7f2cc4000000 ---p 00000000 00:00 0 
7f2cc4000000-7f2cc4021000 rw-p 00000000 00:00 0 
7f2cc4021000-7f2cc8000000 ---p 00000000 00:00 0 
7f2cc815f000-7f2cc81e4000 rw-s 00000000 fc:01 528966                     /tmp/ompi.openmpi-slave4.1000/jf.8274/pmix_dstor_ds21_30887/smlockseg-542244865
7f2cc81e4000-7f2cc81e5000 r-xp 00000000 fc:01 528401                     /usr/local/lib/openmpi/mca_schizo_orte.so
7f2cc81e5000-7f2cc83e4000 ---p 00001000 fc:01 528401                     /usr/local/lib/openmpi/mca_schizo_orte.so
7f2cc83e4000-7f2cc83e5000 r--p 00000000 fc:01 528401                     /usr/local/lib/openmpi/mca_schizo_orte.so
7f2cc83e5000-7f2cc83e6000 rw-p 00001000 fc:01 528401                     /usr/local/lib/openmpi/mca_schizo_orte.so
7f2cc83e6000-7f2cc83e8000 r-xp 00000000 fc:01 528403                     /usr/local/lib/openmpi/mca_schizo_slurm.so
7f2cc83e8000-7f2cc85e7000 ---p 00002000 fc:01 528403                     /usr/local/lib/openmpi/mca_schizo_slurm.so
7f2cc85e7000-7f2cc85e8000 r--p 00001000 fc:01 528403                     /usr/local/lib/openmpi/mca_schizo_slurm.so
7f2cc85e8000-7f2cc85e9000 rw-p 00002000 fc:01 528403                     /usr/local/lib/openmpi/mca_schizo_slurm.so
7f2cc85e9000-7f2cc85f1000 r-xp 00000000 fc:01 528399                     /usr/local/lib/openmpi/mca_schizo_ompi.so
7f2cc85f1000-7f2cc87f0000 ---p 00008000 fc:01 528399                     /usr/local/lib/openmpi/mca_schizo_ompi.so
7f2cc87f0000-7f2cc87f1000 r--p 00007000 fc:01 528399                     /usr/local/lib/openmpi/mca_schizo_ompi.so
7f2cc87f1000-7f2cc87f3000 rw-p 00008000 fc:01 528399                     /usr/local/lib/openmpi/mca_schizo_ompi.so
7f2cc87f3000-7f2cc87f4000 r-xp 00000000 fc:01 528397                     /usr/local/lib/openmpi/mca_schizo_flux.so
7f2cc87f4000-7f2cc89f4000 ---p 00001000 fc:01 528397                     /usr/local/lib/openmpi/mca_schizo_flux.so
7f2cc89f4000-7f2cc89f5000 r--p 00001000 fc:01 528397                     /usr/local/lib/openmpi/mca_schizo_flux.so
7f2cc89f5000-7f2cc89f6000 rw-p 00002000 fc:01 528397                     /usr/local/lib/openmpi/mca_schizo_flux.so
7f2cc89f6000-7f2cc89f8000 r-xp 00000000 fc:01 528301                     /usr/local/lib/openmpi/mca_reachable_weighted.so
7f2cc89f8000-7f2cc8bf7000 ---p 00002000 fc:01 528301                     /usr/local/lib/openmpi/mca_reachable_weighted.so
7f2cc8bf7000-7f2cc8bf8000 r--p 00001000 fc:01 528301                     /usr/local/lib/openmpi/mca_reachable_weighted.so
7f2cc8bf8000-7f2cc8bf9000 rw-p 00002000 fc:01 528301                     /usr/local/lib/openmpi/mca_reachable_weighted.so
7f2cc8bf9000-7f2cc8bfc000 r-xp 00000000 fc:01 528303                     /usr/local/lib/openmpi/mca_shmem_mmap.so
7f2cc8bfc000-7f2cc8dfb000 ---p 00003000 fc:01 528303                     /usr/local/lib/openmpi/mca_shmem_mmap.so
7f2cc8dfb000-7f2cc8dfc000 r--p 00002000 fc:01 528303                     /usr/local/lib/openmpi/mca_shmem_mmap.so
7f2cc8dfc000-7f2cc8dfd000 rw-p 00003000 fc:01 528303                     /usr/local/lib/openmpi/mca_shmem_mmap.so
7f2cc8dfd000-7f2cc8dff000 r-xp 00000000 fc:01 2182                       /lib/x86_64-linux-gnu/libutil-2.27.so
7f2cc8dff000-7f2cc8ffe000 ---p 00002000 fc:01 2182                       /lib/x86_64-linux-gnu/libutil-2.27.so
7f2cc8ffe000-7f2cc8fff000 r--p 00001000 fc:01 2182                       /lib/x86_64-linux-gnu/libutil-2.27.so
7f2cc8fff000-7f2cc9000000 rw-p 00002000 fc:01 2182                       /lib/x86_64-linux-gnu/libutil-2.27.so
7f2cc9000000-7f2cc9270000 rwxp 00000000 00:00 0 
7f2cc9270000-7f2cd8000000 ---p 00000000 00:00 0 
7f2cd8000000-7f2cd8277000 rw-p 00000000 00:00 0 
7f2cd8277000-7f2cdc000000 ---p 00000000 00:00 0 
7f2cdc062000-7f2cdc115000 r-xp 00000000 fc:01 7145                       /usr/local/lib/libopen-rte.so.40.20.1
7f2cdc115000-7f2cdc314000 ---p 000b3000 fc:01 7145                       /usr/local/lib/libopen-rte.so.40.20.1
7f2cdc314000-7f2cdc316000 r--p 000b2000 fc:01 7145                       /usr/local/lib/libopen-rte.so.40.20.1
7f2cdc316000-7f2cdc31a000 rw-p 000b4000 fc:01 7145                       /usr/local/lib/libopen-rte.so.40.20.1
7f2cdc31a000-7f2cdc31d000 rw-p 00000000 00:00 0 
7f2cdc31d000-7f2cdc424000 r-xp 00000000 fc:01 4301                       /usr/local/lib/libopen-pal.so.40.20.1
7f2cdc424000-7f2cdc624000 ---p 00107000 fc:01 4301                       /usr/local/lib/libopen-pal.so.40.20.1
7f2cdc624000-7f2cdc627000 r--p 00107000 fc:01 4301                       /usr/local/lib/libopen-pal.so.40.20.1
7f2cdc627000-7f2cdc62d000 rw-p 0010a000 fc:01 4301                       /usr/local/lib/libopen-pal.so.40.20.1
7f2cdc62d000-7f2cdc634000 rw-p 00000000 00:00 0 
7f2cdc634000-7f2cdc741000 r-xp 00000000 fc:01 7360                       /usr/local/lib/libmpi.so.40.20.1
7f2cdc741000-7f2cdc940000 ---p 0010d000 fc:01 7360                       /usr/local/lib/libmpi.so.40.20.1
7f2cdc940000-7f2cdc942000 r--p 0010c000 fc:01 7360                       /usr/local/lib/libmpi.so.40.20.1
7f2cdc942000-7f2cdc953000 rw-p 0010e000 fc:01 7360                       /usr/local/lib/libmpi.so.40.20.1
7f2cdc953000-7f2cdc965000 rw-p 00000000 00:00 0 
7f2cdc96d000-7f2cdc96e000 r--s 00000000 fc:01 528967                     /tmp/ompi.openmpi-slave4.1000/jf.8274/pmix_dstor_ds12_30887/initial-pmix_shared-segment-0
7f2cdc96e000-7f2cdc96f000 rw-s 00000000 fc:01 528968                     /tmp/ompi.openmpi-slave4.1000/jf.8274/pmix_dstor_ds12_30887/dstore_sm.lock
7f2cdc96f000-7f2cdc997000 r-xp 00000000 fc:01 29879                      /usr/local/lib/libmpi_java.so.40.20.0
7f2cdc997000-7f2cdcb96000 ---p 00028000 fc:01 29879                      /usr/local/lib/libmpi_java.so.40.20.0
7f2cdcb96000-7f2cdcb97000 r--p 00027000 fc:01 29879                      /usr/local/lib/libmpi_java.so.40.20.0
7f2cdcb97000-7f2cdcb98000 rw-p 00028000 fc:01 29879                      /usr/local/lib/libmpi_java.so.40.20.0
7f2cdcb98000-7f2cdcb9b000 ---p 00000000 00:00 0 
7f2cdcb9b000-7f2cdcc99000 rw-p 00000000 00:00 0 
7f2cdcc99000-7f2cdcc9a000 r--s 0000f000 00:34 527712                     /home/mpiuser/cloud/fyp/java_client/lib/mpi.jar
7f2cdcc9a000-7f2cdcc9d000 r--s 0000e000 00:34 527707                     /home/mpiuser/cloud/fyp/java_client/lib/jackson-annotations-2.10.3.jar
7f2cdcc9d000-7f2cdccba000 r--s 00142000 00:34 527719                     /home/mpiuser/cloud/fyp/java_client/lib/spring-web-5.2.5.RELEASE.jar
7f2cdccba000-7f2cdccc7000 r--s 00090000 00:34 527704                     /home/mpiuser/cloud/fyp/java_client/lib/amqp-client-5.8.0.jar
7f2cdccc7000-7f2cdccc8000 r--s 00003000 00:34 527715                     /home/mpiuser/cloud/fyp/java_client/lib/slf4j-simple-1.7.30.jar
7f2cdccc8000-7f2cdccdd000 r--s 00142000 00:34 527710                     /home/mpiuser/cloud/fyp/java_client/lib/jackson-databind-2.10.2.jar
7f2cdccdd000-7f2cdccf2000 r--s 00142000 00:34 527711                     /home/mpiuser/cloud/fyp/java_client/lib/jackson-databind-2.10.3.jar
7f2cdccf2000-7f2cdccf3000 r--s 00005000 00:34 527718                     /home/mpiuser/cloud/fyp/java_client/lib/spring-jcl-5.2.5.RELEASE.jar
7f2cdccf3000-7f2cdcd0a000 r-xp 00000000 fc:01 2076298                    /usr/lib/jvm/java-8-openjdk-amd64/jre/lib/amd64/libnet.so
7f2cdcd0a000-7f2cdcf09000 ---p 00017000 fc:01 2076298                    /usr/lib/jvm/java-8-openjdk-amd64/jre/lib/amd64/libnet.so
7f2cdcf09000-7f2cdcf0a000 r--p 00016000 fc:01 2076298                    /usr/lib/jvm/java-8-openjdk-amd64/jre/lib/amd64/libnet.so
7f2cdcf0a000-7f2cdcf0b000 rw-p 00017000 fc:01 2076298                    /usr/lib/jvm/java-8-openjdk-amd64/jre/lib/amd64/libnet.so
7f2cdcf0b000-7f2cdcf1c000 r-xp 00000000 fc:01 2076299                    /usr/lib/jvm/java-8-openjdk-amd64/jre/lib/amd64/libnio.so
7f2cdcf1c000-7f2cdd11c000 ---p 00011000 fc:01 2076299                    /usr/lib/jvm/java-8-openjdk-amd64/jre/lib/amd64/libnio.so
7f2cdd11c000-7f2cdd11d000 r--p 00011000 fc:01 2076299                    /usr/lib/jvm/java-8-openjdk-amd64/jre/lib/amd64/libnio.so
7f2cdd11d000-7f2cdd11e000 rw-p 00012000 fc:01 2076299                    /usr/lib/jvm/java-8-openjdk-amd64/jre/lib/amd64/libnio.so
7f2cdd11e000-7f2cdd139000 r--s 001d6000 fc:01 2076325                    /usr/lib/jvm/java-8-openjdk-amd64/jre/lib/ext/nashorn.jar
7f2cdd139000-7f2cdd13d000 r--s 0003a000 fc:01 2076328                    /usr/lib/jvm/java-8-openjdk-amd64/jre/lib/ext/sunpkcs11.jar
7f2cdd13d000-7f2cdd142000 r--s 0003d000 fc:01 2076327                    /usr/lib/jvm/java-8-openjdk-amd64/jre/lib/ext/sunjce_provider.jar
7f2cdd142000-7f2cdd143000 r--s 00010000 fc:01 2076329                    /usr/lib/jvm/java-8-openjdk-amd64/jre/lib/ext/zipfs.jar
7f2cdd143000-7f2cdd144000 r--s 0000a000 fc:01 2076323                    /usr/lib/jvm/java-8-openjdk-amd64/jre/lib/ext/jaccess.jar
7f2cdd144000-7f2cdd146000 r--s 00007000 fc:01 29713                      /usr/share/java/java-atk-wrapper.jar
7f2cdd146000-7f2cdd161000 r--s 00394000 fc:01 2076320                    /usr/lib/jvm/java-8-openjdk-amd64/jre/lib/ext/cldrdata.jar
7f2cdd161000-7f2cdd162000 ---p 00000000 00:00 0 
7f2cdd162000-7f2cdd262000 rw-p 00000000 00:00 0 
7f2cdd262000-7f2cdd265000 ---p 00000000 00:00 0 
7f2cdd265000-7f2cdd363000 rw-p 00000000 00:00 0 
7f2cdd363000-7f2cdd364000 ---p 00000000 00:00 0 
7f2cdd364000-7f2cdd367000 ---p 00000000 00:00 0 
7f2cdd367000-7f2cdd464000 rw-p 00000000 00:00 0 
7f2cdd464000-7f2cdd465000 ---p 00000000 00:00 0 
7f2cdd465000-7f2cdd468000 ---p 00000000 00:00 0 
7f2cdd468000-7f2cdd565000 rw-p 00000000 00:00 0 
7f2cdd565000-7f2cdd568000 ---p 00000000 00:00 0 
7f2cdd568000-7f2cdd666000 rw-p 00000000 00:00 0 
7f2cdd666000-7f2cdd697000 r--p 00000000 fc:01 7802                       /usr/lib/locale/C.UTF-8/LC_CTYPE
7f2cdd697000-7f2cdd80a000 r--p 00000000 fc:01 7801                       /usr/lib/locale/C.UTF-8/LC_COLLATE
7f2cdd80a000-7f2cdd9a5000 r--p 00000000 fc:01 7796                       /usr/lib/locale/locale-archive
7f2cdd9a5000-7f2cdd9a8000 ---p 00000000 00:00 0 
7f2cdd9a8000-7f2cddaa6000 rw-p 00000000 00:00 0 
7f2cddaa6000-7f2cddaa9000 ---p 00000000 00:00 0 
7f2cddaa9000-7f2cddba7000 rw-p 00000000 00:00 0 
7f2cddba7000-7f2cddba8000 ---p 00000000 00:00 0 
7f2cddba8000-7f2cddcf6000 rw-p 00000000 00:00 0 
7f2cddcf6000-7f2cddec6000 r--s 03c68000 fc:01 2076349                    /usr/lib/jvm/java-8-openjdk-amd64/jre/lib/rt.jar
7f2cddec6000-7f2cde43f000 rw-p 00000000 00:00 0 
7f2cde43f000-7f2cde7bf000 ---p 00000000 00:00 0 
7f2cde7bf000-7f2cde7c9000 rw-p 00000000 00:00 0 
7f2cde7c9000-7f2cdeb7f000 ---p 00000000 00:00 0 
7f2cdeb7f000-7f2cdeb87000 r-xp 00000000 fc:01 2076306                    /usr/lib/jvm/java-8-openjdk-amd64/jre/lib/amd64/libzip.so
7f2cdeb87000-7f2cded86000 ---p 00008000 fc:01 2076306                    /usr/lib/jvm/java-8-openjdk-amd64/jre/lib/amd64/libzip.so
7f2cded86000-7f2cded87000 r--p 00007000 fc:01 2076306                    /usr/lib/jvm/java-8-openjdk-amd64/jre/lib/amd64/libzip.so
7f2cded87000-7f2cded88000 rw-p 00008000 fc:01 2076306                    /usr/lib/jvm/java-8-openjdk-amd64/jre/lib/amd64/libzip.so
7f2cded88000-7f2cded93000 r-xp 00000000 fc:01 2093                       /lib/x86_64-linux-gnu/libnss_files-2.27.so
7f2cded93000-7f2cdef92000 ---p 0000b000 fc:01 2093                       /lib/x86_64-linux-gnu/libnss_files-2.27.so
7f2cdef92000-7f2cdef93000 r--p 0000a000 fc:01 2093                       /lib/x86_64-linux-gnu/libnss_files-2.27.so
7f2cdef93000-7f2cdef94000 rw-p 0000b000 fc:01 2093                       /lib/x86_64-linux-gnu/libnss_files-2.27.so
7f2cdef94000-7f2cdef9a000 rw-p 00000000 00:00 0 
7f2cdef9a000-7f2cdefb1000 r-xp 00000000 fc:01 2090                       /lib/x86_64-linux-gnu/libnsl-2.27.so
7f2cdefb1000-7f2cdf1b0000 ---p 00017000 fc:01 2090                       /lib/x86_64-linux-gnu/libnsl-2.27.so
7f2cdf1b0000-7f2cdf1b1000 r--p 00016000 fc:01 2090                       /lib/x86_64-linux-gnu/libnsl-2.27.so
7f2cdf1b1000-7f2cdf1b2000 rw-p 00017000 fc:01 2090                       /lib/x86_64-linux-gnu/libnsl-2.27.so
7f2cdf1b2000-7f2cdf1b4000 rw-p 00000000 00:00 0 
7f2cdf1b4000-7f2cdf1bf000 r-xp 00000000 fc:01 2095                       /lib/x86_64-linux-gnu/libnss_nis-2.27.so
7f2cdf1bf000-7f2cdf3be000 ---p 0000b000 fc:01 2095                       /lib/x86_64-linux-gnu/libnss_nis-2.27.so
7f2cdf3be000-7f2cdf3bf000 r--p 0000a000 fc:01 2095                       /lib/x86_64-linux-gnu/libnss_nis-2.27.so
7f2cdf3bf000-7f2cdf3c0000 rw-p 0000b000 fc:01 2095                       /lib/x86_64-linux-gnu/libnss_nis-2.27.so
7f2cdf3c0000-7f2cdf3c8000 r-xp 00000000 fc:01 2091                       /lib/x86_64-linux-gnu/libnss_compat-2.27.so
7f2cdf3c8000-7f2cdf5c8000 ---p 00008000 fc:01 2091                       /lib/x86_64-linux-gnu/libnss_compat-2.27.so
7f2cdf5c8000-7f2cdf5c9000 r--p 00008000 fc:01 2091                       /lib/x86_64-linux-gnu/libnss_compat-2.27.so
7f2cdf5c9000-7f2cdf5ca000 rw-p 00009000 fc:01 2091                       /lib/x86_64-linux-gnu/libnss_compat-2.27.so
7f2cdf5ca000-7f2cdf5f4000 r-xp 00000000 fc:01 2076287                    /usr/lib/jvm/java-8-openjdk-amd64/jre/lib/amd64/libjava.so
7f2cdf5f4000-7f2cdf7f3000 ---p 0002a000 fc:01 2076287                    /usr/lib/jvm/java-8-openjdk-amd64/jre/lib/amd64/libjava.so
7f2cdf7f3000-7f2cdf7f4000 r--p 00029000 fc:01 2076287                    /usr/lib/jvm/java-8-openjdk-amd64/jre/lib/amd64/libjava.so
7f2cdf7f4000-7f2cdf7f6000 rw-p 0002a000 fc:01 2076287                    /usr/lib/jvm/java-8-openjdk-amd64/jre/lib/amd64/libjava.so
7f2cdf7f6000-7f2cdf806000 r-xp 00000000 fc:01 2076305                    /usr/lib/jvm/java-8-openjdk-amd64/jre/lib/amd64/libverify.so
7f2cdf806000-7f2cdfa05000 ---p 00010000 fc:01 2076305                    /usr/lib/jvm/java-8-openjdk-amd64/jre/lib/amd64/libverify.so
7f2cdfa05000-7f2cdfa07000 r--p 0000f000 fc:01 2076305                    /usr/lib/jvm/java-8-openjdk-amd64/jre/lib/amd64/libverify.so
7f2cdfa07000-7f2cdfa08000 rw-p 00011000 fc:01 2076305                    /usr/lib/jvm/java-8-openjdk-amd64/jre/lib/amd64/libverify.so
7f2cdfa08000-7f2cdfa0f000 r-xp 00000000 fc:01 2180                       /lib/x86_64-linux-gnu/librt-2.27.so
7f2cdfa0f000-7f2cdfc0e000 ---p 00007000 fc:01 2180                       /lib/x86_64-linux-gnu/librt-2.27.so
7f2cdfc0e000-7f2cdfc0f000 r--p 00006000 fc:01 2180                       /lib/x86_64-linux-gnu/librt-2.27.so
7f2cdfc0f000-7f2cdfc10000 rw-p 00007000 fc:01 2180                       /lib/x86_64-linux-gnu/librt-2.27.so
7f2cdfc10000-7f2cdfc27000 r-xp 00000000 fc:01 29118                      /lib/x86_64-linux-gnu/libgcc_s.so.1
7f2cdfc27000-7f2cdfe26000 ---p 00017000 fc:01 29118                      /lib/x86_64-linux-gnu/libgcc_s.so.1
7f2cdfe26000-7f2cdfe27000 r--p 00016000 fc:01 29118                      /lib/x86_64-linux-gnu/libgcc_s.so.1
7f2cdfe27000-7f2cdfe28000 rw-p 00017000 fc:01 29118                      /lib/x86_64-linux-gnu/libgcc_s.so.1
7f2cdfe28000-7f2cdffc5000 r-xp 00000000 fc:01 2087                       /lib/x86_64-linux-gnu/libm-2.27.so
7f2cdffc5000-7f2ce01c4000 ---p 0019d000 fc:01 2087                       /lib/x86_64-linux-gnu/libm-2.27.so
7f2ce01c4000-7f2ce01c5000 r--p 0019c000 fc:01 2087                       /lib/x86_64-linux-gnu/libm-2.27.so
7f2ce01c5000-7f2ce01c6000 rw-p 0019d000 fc:01 2087                       /lib/x86_64-linux-gnu/libm-2.27.so
7f2ce01c6000-7f2ce033f000 r-xp 00000000 fc:01 2380                       /usr/lib/x86_64-linux-gnu/libstdc++.so.6.0.25
7f2ce033f000-7f2ce053f000 ---p 00179000 fc:01 2380                       /usr/lib/x86_64-linux-gnu/libstdc++.so.6.0.25
7f2ce053f000-7f2ce0549000 r--p 00179000 fc:01 2380                       /usr/lib/x86_64-linux-gnu/libstdc++.so.6.0.25
7f2ce0549000-7f2ce054b000 rw-p 00183000 fc:01 2380                       /usr/lib/x86_64-linux-gnu/libstdc++.so.6.0.25
7f2ce054b000-7f2ce054f000 rw-p 00000000 00:00 0 
7f2ce054f000-7f2ce11f2000 r-xp 00000000 fc:01 2076309                    /usr/lib/jvm/java-8-openjdk-amd64/jre/lib/amd64/server/libjvm.so
7f2ce11f2000-7f2ce13f2000 ---p 00ca3000 fc:01 2076309                    /usr/lib/jvm/java-8-openjdk-amd64/jre/lib/amd64/server/libjvm.so
7f2ce13f2000-7f2ce1486000 r--p 00ca3000 fc:01 2076309                    /usr/lib/jvm/java-8-openjdk-amd64/jre/lib/amd64/server/libjvm.so
7f2ce1486000-7f2ce14af000 rw-p 00d37000 fc:01 2076309                    /usr/lib/jvm/java-8-openjdk-amd64/jre/lib/amd64/server/libjvm.so
7f2ce14af000-7f2ce14df000 rw-p 00000000 00:00 0 
7f2ce14df000-7f2ce14f9000 r-xp 00000000 fc:01 2178                       /lib/x86_64-linux-gnu/libpthread-2.27.so
7f2ce14f9000-7f2ce16f8000 ---p 0001a000 fc:01 2178                       /lib/x86_64-linux-gnu/libpthread-2.27.so
7f2ce16f8000-7f2ce16f9000 r--p 00019000 fc:01 2178                       /lib/x86_64-linux-gnu/libpthread-2.27.so
7f2ce16f9000-7f2ce16fa000 rw-p 0001a000 fc:01 2178                       /lib/x86_64-linux-gnu/libpthread-2.27.so
7f2ce16fa000-7f2ce16fe000 rw-p 00000000 00:00 0 
7f2ce16fe000-7f2ce1701000 r-xp 00000000 fc:01 2086                       /lib/x86_64-linux-gnu/libdl-2.27.so
7f2ce1701000-7f2ce1900000 ---p 00003000 fc:01 2086                       /lib/x86_64-linux-gnu/libdl-2.27.so
7f2ce1900000-7f2ce1901000 r--p 00002000 fc:01 2086                       /lib/x86_64-linux-gnu/libdl-2.27.so
7f2ce1901000-7f2ce1902000 rw-p 00003000 fc:01 2086                       /lib/x86_64-linux-gnu/libdl-2.27.so
7f2ce1902000-7f2ce191e000 r-xp 00000000 fc:01 2183                       /lib/x86_64-linux-gnu/libz.so.1.2.11
7f2ce191e000-7f2ce1b1d000 ---p 0001c000 fc:01 2183                       /lib/x86_64-linux-gnu/libz.so.1.2.11
7f2ce1b1d000-7f2ce1b1e000 r--p 0001b000 fc:01 2183                       /lib/x86_64-linux-gnu/libz.so.1.2.11
7f2ce1b1e000-7f2ce1b1f000 rw-p 0001c000 fc:01 2183                       /lib/x86_64-linux-gnu/libz.so.1.2.11
7f2ce1b1f000-7f2ce1d06000 r-xp 00000000 fc:01 2083                       /lib/x86_64-linux-gnu/libc-2.27.so
7f2ce1d06000-7f2ce1f06000 ---p 001e7000 fc:01 2083                       /lib/x86_64-linux-gnu/libc-2.27.so
7f2ce1f06000-7f2ce1f0a000 r--p 001e7000 fc:01 2083                       /lib/x86_64-linux-gnu/libc-2.27.so
7f2ce1f0a000-7f2ce1f0c000 rw-p 001eb000 fc:01 2083                       /lib/x86_64-linux-gnu/libc-2.27.so
7f2ce1f0c000-7f2ce1f10000 rw-p 00000000 00:00 0 
7f2ce1f10000-7f2ce1f1e000 r-xp 00000000 fc:01 2076273                    /usr/lib/jvm/java-8-openjdk-amd64/jre/lib/amd64/jli/libjli.so
7f2ce1f1e000-7f2ce211d000 ---p 0000e000 fc:01 2076273                    /usr/lib/jvm/java-8-openjdk-amd64/jre/lib/amd64/jli/libjli.so
7f2ce211d000-7f2ce211e000 r--p 0000d000 fc:01 2076273                    /usr/lib/jvm/java-8-openjdk-amd64/jre/lib/amd64/jli/libjli.so
7f2ce211e000-7f2ce211f000 rw-p 0000e000 fc:01 2076273                    /usr/lib/jvm/java-8-openjdk-amd64/jre/lib/amd64/jli/libjli.so
7f2ce211f000-7f2ce2146000 r-xp 00000000 fc:01 2079                       /lib/x86_64-linux-gnu/ld-2.27.so
7f2ce2146000-7f2ce2147000 r--s 0000d000 fc:01 2076326                    /usr/lib/jvm/java-8-openjdk-amd64/jre/lib/ext/sunec.jar
7f2ce2147000-7f2ce2149000 r--s 00001000 fc:01 2076321                    /usr/lib/jvm/java-8-openjdk-amd64/jre/lib/ext/dnsns.jar
7f2ce2149000-7f2ce214c000 r--s 0000f000 fc:01 2076322                    /usr/lib/jvm/java-8-openjdk-amd64/jre/lib/ext/icedtea-sound.jar
7f2ce214c000-7f2ce2156000 r--s 00116000 fc:01 2076324                    /usr/lib/jvm/java-8-openjdk-amd64/jre/lib/ext/localedata.jar
7f2ce2156000-7f2ce2157000 r--p 00000000 fc:01 7807                       /usr/lib/locale/C.UTF-8/LC_NUMERIC
7f2ce2157000-7f2ce2158000 r--p 00000000 fc:01 7810                       /usr/lib/locale/C.UTF-8/LC_TIME
7f2ce2158000-7f2ce2159000 r--p 00000000 fc:01 7805                       /usr/lib/locale/C.UTF-8/LC_MONETARY
7f2ce2159000-7f2ce215a000 r--p 00000000 fc:01 7799                       /usr/lib/locale/C.UTF-8/LC_MESSAGES/SYS_LC_MESSAGES
7f2ce215a000-7f2ce215b000 r--p 00000000 fc:01 7808                       /usr/lib/locale/C.UTF-8/LC_PAPER
7f2ce215b000-7f2ce215c000 r--p 00000000 fc:01 7806                       /usr/lib/locale/C.UTF-8/LC_NAME
7f2ce215c000-7f2ce215d000 r--p 00000000 fc:01 7800                       /usr/lib/locale/C.UTF-8/LC_ADDRESS
7f2ce215d000-7f2ce215e000 r--p 00000000 fc:01 7809                       /usr/lib/locale/C.UTF-8/LC_TELEPHONE
7f2ce215e000-7f2ce215f000 r--p 00000000 fc:01 7804                       /usr/lib/locale/C.UTF-8/LC_MEASUREMENT
7f2ce215f000-7f2ce2166000 r--s 00000000 fc:01 5010                       /usr/lib/x86_64-linux-gnu/gconv/gconv-modules.cache
7f2ce2166000-7f2ce2167000 r--p 00000000 fc:01 7803                       /usr/lib/locale/C.UTF-8/LC_IDENTIFICATION
7f2ce2167000-7f2ce216d000 rw-p 00000000 00:00 0 
7f2ce216d000-7f2ce21ba000 ---p 00000000 00:00 0 
7f2ce21ba000-7f2ce21bd000 rw-p 00000000 00:00 0 
7f2ce21bd000-7f2ce21e3000 ---p 00000000 00:00 0 
7f2ce21e3000-7f2ce21e9000 rw-p 00000000 00:00 0 
7f2ce21e9000-7f2ce2236000 ---p 00000000 00:00 0 
7f2ce2236000-7f2ce2237000 rw-p 00000000 00:00 0 
7f2ce2237000-7f2ce2238000 ---p 00000000 00:00 0 
7f2ce2238000-7f2ce223b000 ---p 00000000 00:00 0 
7f2ce223b000-7f2ce233a000 rw-p 00000000 00:00 0 
7f2ce233a000-7f2ce2342000 rw-s 00000000 fc:01 529030                     /tmp/hsperfdata_mpiuser/31144
7f2ce2342000-7f2ce2343000 rw-p 00000000 00:00 0 
7f2ce2343000-7f2ce2344000 ---p 00000000 00:00 0 
7f2ce2344000-7f2ce2346000 rw-p 00000000 00:00 0 
7f2ce2346000-7f2ce2347000 r--p 00027000 fc:01 2079                       /lib/x86_64-linux-gnu/ld-2.27.so
7f2ce2347000-7f2ce2348000 rw-p 00028000 fc:01 2079                       /lib/x86_64-linux-gnu/ld-2.27.so
7f2ce2348000-7f2ce2349000 rw-p 00000000 00:00 0 
7ffe16b73000-7ffe16b94000 rw-p 00000000 00:00 0                          [stack]
7ffe16bb5000-7ffe16bb8000 r--p 00000000 00:00 0                          [vvar]
7ffe16bb8000-7ffe16bba000 r-xp 00000000 00:00 0                          [vdso]
ffffffffff600000-ffffffffff601000 r-xp 00000000 00:00 0                  [vsyscall]

VM Arguments:
jvm_args: -Djava.library.path=/usr/local/lib 
java_command: Client 1000000 100 0
java_class_path (initial): /home/mpiuser/cloud/fyp/java_client:./lib/spring-jcl-5.2.5.RELEASE.jar:./lib/jackson-databind-2.10.3.jar:./lib/jackson-databind-2.10.2.jar:./lib/slf4j-simple-1.7.30.jar:./lib/amqp-client-5.8.0.jar:./lib/spring-web-5.2.5.RELEASE.jar:./lib/jackson-annotations-2.10.3.jar:./lib/mpi.jar:./lib/spring-beans-5.2.5.RELEASE.jar:./lib/jackson-annotations-2.10.2.jar:./lib/jackson-core-2.10.2.jar:./lib/jackson-core-2.10.3.jar:./lib/slf4j-api-1.7.29.jar:./lib/spring-core-5.2.5.RELEASE.jar:./lib/slf4j-api-1.7.30.jar:./lib/http-client-3.6.1.RELEASE.jar:/usr/local/lib/mpi.jar
Launcher Type: SUN_STANDARD

Environment Variables:
PATH=/usr/local/sbin:/usr/local/bin:/usr/sbin:/usr/bin:/sbin:/bin:/usr/games:/usr/local/games
SHELL=/bin/bash

Signal Handlers:
SIGSEGV: [libjvm.so+0xabc3b0], sa_mask[0]=11111111011111111101111111111110, sa_flags=SA_RESTART|SA_SIGINFO
SIGBUS: [libjvm.so+0xabc3b0], sa_mask[0]=11111111011111111101111111111110, sa_flags=SA_RESTART|SA_SIGINFO
SIGFPE: [libjvm.so+0x8f0bb0], sa_mask[0]=11111111011111111101111111111110, sa_flags=SA_RESTART|SA_SIGINFO
SIGPIPE: [libjvm.so+0x8f0bb0], sa_mask[0]=11111111011111111101111111111110, sa_flags=SA_RESTART|SA_SIGINFO
SIGXFSZ: [libjvm.so+0x8f0bb0], sa_mask[0]=11111111011111111101111111111110, sa_flags=SA_RESTART|SA_SIGINFO
SIGILL: [libjvm.so+0x8f0bb0], sa_mask[0]=11111111011111111101111111111110, sa_flags=SA_RESTART|SA_SIGINFO
SIGUSR1: SIG_DFL, sa_mask[0]=00000000000000000000000000000000, sa_flags=none
SIGUSR2: [libjvm.so+0x8f0a60], sa_mask[0]=00000000000000000000000000000000, sa_flags=SA_RESTART|SA_SIGINFO
SIGHUP: [libjvm.so+0x8f10d0], sa_mask[0]=11111111011111111101111111111110, sa_flags=SA_RESTART|SA_SIGINFO
SIGINT: [libjvm.so+0x8f10d0], sa_mask[0]=11111111011111111101111111111110, sa_flags=SA_RESTART|SA_SIGINFO
SIGTERM: [libjvm.so+0x8f10d0], sa_mask[0]=11111111011111111101111111111110, sa_flags=SA_RESTART|SA_SIGINFO
SIGQUIT: [libjvm.so+0x8f10d0], sa_mask[0]=11111111011111111101111111111110, sa_flags=SA_RESTART|SA_SIGINFO


---------------  S Y S T E M  ---------------

OS:DISTRIB_ID=Ubuntu
DISTRIB_RELEASE=18.04
DISTRIB_CODENAME=bionic
DISTRIB_DESCRIPTION="Ubuntu 18.04.3 LTS"

uname:Linux 4.15.0-66-generic #75-Ubuntu SMP Tue Oct 1 05:24:09 UTC 2019 x86_64
libc:glibc 2.27 NPTL 2.27 
rlimit: STACK 8192k, CORE 0k, NPROC 3841, NOFILE 1048576, AS infinity
load average:135.37 38.72 13.30

/proc/meminfo:
MemTotal:        1008808 kB
MemFree:          415424 kB
MemAvailable:     370960 kB
Buffers:            1128 kB
Cached:            25432 kB
SwapCached:            0 kB
Active:           452544 kB
Inactive:           6036 kB
Active(anon):     432796 kB
Inactive(anon):      184 kB
Active(file):      19748 kB
Inactive(file):     5852 kB
Unevictable:           0 kB
Mlocked:               0 kB
SwapTotal:             0 kB
SwapFree:              0 kB
Dirty:               188 kB
Writeback:             0 kB
AnonPages:        432376 kB
Mapped:            20792 kB
Shmem:               640 kB
Slab:              80768 kB
SReclaimable:      28156 kB
SUnreclaim:        52612 kB
KernelStack:        8780 kB
PageTables:        13596 kB
NFS_Unstable:          0 kB
Bounce:                0 kB
WritebackTmp:          0 kB
CommitLimit:      504404 kB
Committed_AS:    2711912 kB
VmallocTotal:   34359738367 kB
VmallocUsed:           0 kB
VmallocChunk:          0 kB
HardwareCorrupted:     0 kB
AnonHugePages:         0 kB
ShmemHugePages:        0 kB
ShmemPmdMapped:        0 kB
CmaTotal:              0 kB
CmaFree:               0 kB
HugePages_Total:       0
HugePages_Free:        0
HugePages_Rsvd:        0
HugePages_Surp:        0
Hugepagesize:       2048 kB
DirectMap4k:      274412 kB
DirectMap2M:      774144 kB
DirectMap1G:           0 kB

container (cgroup) information:
container_type: cgroupv1
cpu_cpuset_cpus: 0-2
cpu_memory_nodes: 0
active_processor_count: 3
cpu_quota: -1
cpu_period: 100000
cpu_shares: -1
memory_limit_in_bytes: -1
memory_and_swap_limit_in_bytes: -2
memory_soft_limit_in_bytes: -1
memory_usage_in_bytes: 475783168
memory_max_usage_in_bytes: 869789696


CPU:total 3 (initial active 3) (1 cores per cpu, 1 threads per core) family 6 model 85 stepping 4, cmov, cx8, fxsr, mmx, sse, sse2, sse3, ssse3, sse4.1, sse4.2, popcnt, avx, avx2, aes, clmul, erms, 3dnowpref, lzcnt, tsc, bmi1, bmi2, adx

/proc/cpuinfo:
processor	: 0
vendor_id	: GenuineIntel
cpu family	: 6
model		: 85
model name	: Intel(R) Xeon(R) Gold 6140 CPU @ 2.30GHz
stepping	: 4
microcode	: 0x1
cpu MHz		: 2294.608
cache size	: 4096 KB
physical id	: 0
siblings	: 1
core id		: 0
cpu cores	: 1
apicid		: 0
initial apicid	: 0
fpu		: yes
fpu_exception	: yes
cpuid level	: 13
wp		: yes
flags		: fpu vme de pse tsc msr pae mce cx8 apic sep mtrr pge mca cmov pat pse36 clflush mmx fxsr sse sse2 ss syscall nx pdpe1gb rdtscp lm constant_tsc arch_perfmon rep_good nopl cpuid tsc_known_freq pni pclmulqdq vmx ssse3 fma cx16 pcid sse4_1 sse4_2 x2apic movbe popcnt tsc_deadline_timer aes xsave avx f16c rdrand hypervisor lahf_lm abm 3dnowprefetch cpuid_fault invpcid_single pti ssbd ibrs ibpb tpr_shadow vnmi flexpriority ept vpid fsgsbase tsc_adjust bmi1 avx2 smep bmi2 erms invpcid mpx avx512f avx512dq rdseed adx smap clflushopt clwb avx512cd avx512bw avx512vl xsaveopt xsavec xgetbv1 pku ospke md_clear
bugs		: cpu_meltdown spectre_v1 spectre_v2 spec_store_bypass l1tf mds swapgs
bogomips	: 4589.21
clflush size	: 64
cache_alignment	: 64
address sizes	: 40 bits physical, 48 bits virtual
power management:

processor	: 1
vendor_id	: GenuineIntel
cpu family	: 6
model		: 85
model name	: Intel(R) Xeon(R) Gold 6140 CPU @ 2.30GHz
stepping	: 4
microcode	: 0x1
cpu MHz		: 2294.608
cache size	: 4096 KB
physical id	: 1
siblings	: 1
core id		: 0
cpu cores	: 1
apicid		: 1
initial apicid	: 1
fpu		: yes
fpu_exception	: yes
cpuid level	: 13
wp		: yes
flags		: fpu vme de pse tsc msr pae mce cx8 apic sep mtrr pge mca cmov pat pse36 clflush mmx fxsr sse sse2 ss syscall nx pdpe1gb rdtscp lm constant_tsc arch_perfmon rep_good nopl cpuid tsc_known_freq pni pclmulqdq vmx ssse3 fma cx16 pcid sse4_1 sse4_2 x2apic movbe popcnt tsc_deadline_timer aes xsave avx f16c rdrand hypervisor lahf_lm abm 3dnowprefetch cpuid_fault invpcid_single pti ssbd ibrs ibpb tpr_shadow vnmi flexpriority ept vpid fsgsbase tsc_adjust bmi1 avx2 smep bmi2 erms invpcid mpx avx512f avx512dq rdseed adx smap clflushopt clwb avx512cd avx512bw avx512vl xsaveopt xsavec xgetbv1 pku ospke md_clear
bugs		: cpu_meltdown spectre_v1 spectre_v2 spec_store_bypass l1tf mds swapgs
bogomips	: 4589.21
clflush size	: 64
cache_alignment	: 64
address sizes	: 40 bits physical, 48 bits virtual
power management:

processor	: 2
vendor_id	: GenuineIntel
cpu family	: 6
model		: 85
model name	: Intel(R) Xeon(R) Gold 6140 CPU @ 2.30GHz
stepping	: 4
microcode	: 0x1
cpu MHz		: 2294.608
cache size	: 4096 KB
physical id	: 2
siblings	: 1
core id		: 0
cpu cores	: 1
apicid		: 2
initial apicid	: 2
fpu		: yes
fpu_exception	: yes
cpuid level	: 13
wp		: yes
flags		: fpu vme de pse tsc msr pae mce cx8 apic sep mtrr pge mca cmov pat pse36 clflush mmx fxsr sse sse2 ss syscall nx pdpe1gb rdtscp lm constant_tsc arch_perfmon rep_good nopl cpuid tsc_known_freq pni pclmulqdq vmx ssse3 fma cx16 pcid sse4_1 sse4_2 x2apic movbe popcnt tsc_deadline_timer aes xsave avx f16c rdrand hypervisor lahf_lm abm 3dnowprefetch cpuid_fault invpcid_single pti ssbd ibrs ibpb tpr_shadow vnmi flexpriority ept vpid fsgsbase tsc_adjust bmi1 avx2 smep bmi2 erms invpcid mpx avx512f avx512dq rdseed adx smap clflushopt clwb avx512cd avx512bw avx512vl xsaveopt xsavec xgetbv1 pku ospke md_clear
bugs		: cpu_meltdown spectre_v1 spectre_v2 spec_store_bypass l1tf mds swapgs
bogomips	: 4589.21
clflush size	: 64
cache_alignment	: 64
address sizes	: 40 bits physical, 48 bits virtual
power management:



Memory: 4k page, physical 1008808k(415424k free), swap 0k(0k free)

vm_info: OpenJDK 64-Bit Server VM (25.242-b08) for linux-amd64 JRE (1.8.0_242-8u242-b08-0ubuntu3~18.04-b08), built on Jan 17 2020 23:41:21 by "buildd" with gcc 7.4.0

time: Mon Apr  6 11:40:54 2020
timezone: UTC
elapsed time: 63 seconds (0d 0h 1m 3s)

