#
# A fatal error has been detected by the Java Runtime Environment:
#
#  SIGSEGV (0xb) at pc=0x00007f926819612a, pid=18068, tid=0x00007f92a3561700
#
# JRE version: OpenJDK Runtime Environment (8.0_242-b08) (build 1.8.0_242-8u242-b08-0ubuntu3~18.04-b08)
# Java VM: OpenJDK 64-Bit Server VM (25.242-b08 mixed mode linux-amd64 compressed oops)
# Problematic frame:
# C  [mca_gds_ds21.so+0x212a]  pmix_gds_ds21_lock_init+0x12a
#
# Failed to write core dump. Core dumps have been disabled. To enable core dumping, try "ulimit -c unlimited" before starting Java again
#
# If you would like to submit a bug report, please visit:
#   http://bugreport.java.com/bugreport/crash.jsp
# The crash happened outside the Java Virtual Machine in native code.
# See problematic frame for where to report the bug.
#

---------------  T H R E A D  ---------------

Current thread (0x00007f929c00b800):  JavaThread "main" [_thread_in_native, id=18105, stack(0x00007f92a3462000,0x00007f92a3562000)]

siginfo: si_signo: 11 (SIGSEGV), si_code: 1 (SEGV_MAPERR), si_addr: 0x00007f92a0000008

Registers:
RAX=0x00007f929c26d680, RBX=0x00007f929c26d5a0, RCX=0x00007f92685b685e, RDX=0x00007ffc02d49ced
RSP=0x00007f92a355f700, RBP=0x00007f929c26d5f8, RSI=0x0000000000002000, RDI=0x0000000000000000
R8 =0x000000000000001e, R9 =0x0000000000000000, R10=0x0000000000000001, R11=0x0000000000000000
R12=0x00007f929c26d1f8, R13=0x0000000000001000, R14=0x00007f92a0000000, R15=0x00007f929c26d5f0
RIP=0x00007f926819612a, EFLAGS=0x0000000000010202, CSGSFS=0x002b000000000033, ERR=0x0000000000000004
  TRAPNO=0x000000000000000e

Top of Stack: (sp=0x00007f92a355f700)
0x00007f92a355f700:   00007f929c26d550 00007ffc02d49ced
0x00007f92a355f710:   0000000000002000 000003e800000002
0x00007f92a355f720:   0000000000000000 00007f92a2de02ed
0x00007f92a355f730:   00007f929c26d240 259df8cc63346d00
0x00007f92a355f740:   0000000000000000 00007f929c26cf20
0x00007f92a355f750:   0000000000000000 00007ffc02d49ced
0x00007f92a355f760:   0000000000000000 00007f929c26d190
0x00007f92a355f770:   0000000000000000 00007f92685b2bcb
0x00007f92a355f780:   00007f9268196cee 00007f92a355f810
0x00007f92a355f790:   00007f9288737513 0000001500000040
0x00007f92a355f7a0:   00007f929c268870 259df8cc63346d00
0x00007f92a355f7b0:   00007f92685a8280 00007f929c268380
0x00007f92a355f7c0:   00007f92683982d4 00007f928895d0a0
0x00007f92a355f7d0:   00007f9268398180 00007f9288960fc0
0x00007f92a355f7e0:   00007f929c26ced0 00007f9268195db4
0x00007f92a355f7f0:   00007f928895d060 00007f928871fee8
0x00007f92a355f800:   00007f928895d100 00007f92a355f834
0x00007f92a355f810:   00007f92a355f838 0000000000000000
0x00007f92a355f820:   0000000000000000 00007f9288960fd0
0x00007f92a355f830:   0000001e88694db0 00007f9268398180
0x00007f92a355f840:   0000000000000000 259df8cc63346d00
0x00007f92a355f850:   00007f928895d0a0 0000000000000000
0x00007f92a355f860:   0000000000000000 00007f929c1f77c0
0x00007f92a355f870:   00007f9288694db0 00007f928895c520
0x00007f92a355f880:   0000000000000000 00007f92886da763
0x00007f92a355f890:   000000000000000c 00007f928895c7d8
0x00007f92a355f8a0:   2d69706d6e65706f 0000316576616c73
0x00007f92a355f8b0:   00007f928861f100 00007f928861ab00
0x00007f92a355f8c0:   00007f928862264e 0000000100000000
0x00007f92a355f8d0:   00007f92a355f9d0 00007f9200000003
0x00007f92a355f8e0:   00007f92a355f9c0 259df8cc63346d00
0x00007f92a355f8f0:   00007f929c1f51a0 00007f928895bf60 

Instructions: (pc=0x00007f926819612a)
0x00007f926819610a:   f7 ff ff 48 85 c0 49 89 47 30 0f 84 16 03 00 00
0x00007f926819611a:   4c 8b 70 18 49 8b 36 4c 39 ee 0f 87 ce 02 00 00
0x00007f926819612a:   41 8b 46 08 41 89 47 40 49 8b 56 18 4c 01 f2 85
0x00007f926819613a:   c0 49 89 57 38 0f 84 eb 02 00 00 31 c0 ba 01 00 

Register to memory mapping:

RAX=0x00007f929c26d680 is an unknown value
RBX=0x00007f929c26d5a0 is an unknown value
RCX=0x00007f92685b685e: pmix_common_dstor_attach_new_lock_seg+0x1e in /usr/local/lib/libmca_common_dstore.so.1 at 0x00007f92685a9000
RDX=0x00007ffc02d49ced is an unknown value
RSP=0x00007f92a355f700 is pointing into the stack for thread: 0x00007f929c00b800
RBP=0x00007f929c26d5f8 is an unknown value
RSI=0x0000000000002000 is an unknown value
RDI=0x0000000000000000 is an unknown value
R8 =0x000000000000001e is an unknown value
R9 =0x0000000000000000 is an unknown value
R10=0x0000000000000001 is an unknown value
R11=0x0000000000000000 is an unknown value
R12=0x00007f929c26d1f8 is an unknown value
R13=0x0000000000001000 is an unknown value
R14=0x00007f92a0000000 is an unknown value
R15=0x00007f929c26d5f0 is an unknown value


Stack: [0x00007f92a3462000,0x00007f92a3562000],  sp=0x00007f92a355f700,  free space=1013k
Native frames: (J=compiled Java code, j=interpreted, Vv=VM code, C=native code)
C  [mca_gds_ds21.so+0x212a]  pmix_gds_ds21_lock_init+0x12a

Java frames: (J=compiled Java code, j=interpreted, Vv=VM code)
j  mpi.MPI.Init_jni([Ljava/lang/String;)[Ljava/lang/String;+0
j  mpi.MPI.Init([Ljava/lang/String;)[Ljava/lang/String;+17
j  Client.main([Ljava/lang/String;)V+1
v  ~StubRoutines::call_stub

---------------  P R O C E S S  ---------------

Java Threads: ( => current thread )
  0x00007f929c0c9800 JavaThread "Service Thread" daemon [_thread_blocked, id=18387, stack(0x00007f928b440000,0x00007f928b541000)]
  0x00007f929c0b4800 JavaThread "C1 CompilerThread1" daemon [_thread_blocked, id=18376, stack(0x00007f928b542000,0x00007f928b642000)]
  0x00007f929c0b2000 JavaThread "C2 CompilerThread0" daemon [_thread_blocked, id=18362, stack(0x00007f928b643000,0x00007f928b743000)]
  0x00007f929c0b0800 JavaThread "Signal Dispatcher" daemon [_thread_blocked, id=18351, stack(0x00007f928b743000,0x00007f928b844000)]
  0x00007f929c07e000 JavaThread "Finalizer" daemon [_thread_blocked, id=18221, stack(0x00007f928bb52000,0x00007f928bc53000)]
  0x00007f929c079800 JavaThread "Reference Handler" daemon [_thread_blocked, id=18208, stack(0x00007f928bc53000,0x00007f928bd54000)]
=>0x00007f929c00b800 JavaThread "main" [_thread_in_native, id=18105, stack(0x00007f92a3462000,0x00007f92a3562000)]

Other Threads:
  0x00007f929c06f800 VMThread [stack: 0x00007f928bd55000,0x00007f928be55000] [id=18194]
  0x00007f929c0cc800 WatcherThread [stack: 0x00007f928b340000,0x00007f928b440000] [id=18396]

VM state:not at safepoint (normal execution)

VM Mutex/Monitor currently owned by a thread: None

heap address: 0x00000000f0800000, size: 248 MB, Compressed Oops mode: 32-bit
Narrow klass base: 0x0000000000000000, Narrow klass shift: 3
Compressed class space size: 1073741824 Address: 0x0000000100000000

Heap:
 def new generation   total 4928K, used 1441K [0x00000000f0800000, 0x00000000f0d50000, 0x00000000f5aa0000)
  eden space 4416K,  32% used [0x00000000f0800000, 0x00000000f0968610, 0x00000000f0c50000)
  from space 512K,   0% used [0x00000000f0c50000, 0x00000000f0c50000, 0x00000000f0cd0000)
  to   space 512K,   0% used [0x00000000f0cd0000, 0x00000000f0cd0000, 0x00000000f0d50000)
 tenured generation   total 10944K, used 0K [0x00000000f5aa0000, 0x00000000f6550000, 0x0000000100000000)
   the space 10944K,   0% used [0x00000000f5aa0000, 0x00000000f5aa0000, 0x00000000f5aa0200, 0x00000000f6550000)
 Metaspace       used 3130K, capacity 4792K, committed 5120K, reserved 1056768K
  class space    used 313K, capacity 424K, committed 512K, reserved 1048576K

Card table byte_map: [0x00007f92a33e4000,0x00007f92a3461000] byte_map_base: 0x00007f92a2c60000

Polling page: 0x00007f92a356d000

CodeCache: size=245760Kb used=1279Kb max_used=1279Kb free=244480Kb
 bounds [0x00007f928cbe5000, 0x00007f928ce55000, 0x00007f929bbe5000]
 total_blobs=386 nmethods=81 adapters=220
 compilation: enabled

Compilation events (10 events):
Event: 1.456 Thread 0x00007f929c0b4800   75       3       java.nio.DirectLongBufferU::ix (10 bytes)
Event: 1.456 Thread 0x00007f929c0b4800 nmethod 75 0x00007f928cd1b4d0 code [0x00007f928cd1b620, 0x00007f928cd1b790]
Event: 1.458 Thread 0x00007f929c0b4800   77       3       java.util.Arrays::copyOf (19 bytes)
Event: 1.458 Thread 0x00007f929c0b4800 nmethod 77 0x00007f928cd1bb90 code [0x00007f928cd1bd20, 0x00007f928cd1c048]
Event: 1.527 Thread 0x00007f929c0b4800   78       3       java.util.concurrent.ConcurrentHashMap::setTabAt (19 bytes)
Event: 1.527 Thread 0x00007f929c0b4800 nmethod 78 0x00007f928cd23fd0 code [0x00007f928cd24120, 0x00007f928cd24290]
Event: 1.527 Thread 0x00007f929c0b4800   80       3       java.lang.StringBuilder::<init> (7 bytes)
Event: 1.527 Thread 0x00007f929c0b4800 nmethod 80 0x00007f928cd24690 code [0x00007f928cd24800, 0x00007f928cd24ab0]
Event: 1.527 Thread 0x00007f929c0b4800   81       3       java.lang.StringBuilder::toString (17 bytes)
Event: 1.527 Thread 0x00007f929c0b4800 nmethod 81 0x00007f928cd24bd0 code [0x00007f928cd24d40, 0x00007f928cd24f28]

GC Heap History (0 events):
No events

Deoptimization events (0 events):
No events

Classes redefined (0 events):
No events

Internal exceptions (5 events):
Event: 0.293 Thread 0x00007f929c00b800 Exception <a 'java/lang/NoSuchMethodError': Method sun.misc.Unsafe.defineClass(Ljava/lang/String;[BII)Ljava/lang/Class; name or signature does not match> (0x00000000f0807cc8) thrown at [/build/openjdk-8-58sEEn/openjdk-8-8u242-b08/src/hotspot/src/share/vm/
Event: 0.293 Thread 0x00007f929c00b800 Exception <a 'java/lang/NoSuchMethodError': Method sun.misc.Unsafe.prefetchRead(Ljava/lang/Object;J)V name or signature does not match> (0x00000000f0807fb0) thrown at [/build/openjdk-8-58sEEn/openjdk-8-8u242-b08/src/hotspot/src/share/vm/prims/jni.cpp, lin
Event: 0.832 Thread 0x00007f929c00b800 Exception <a 'java/util/zip/ZipException'> (0x00000000f085dec8) thrown at [/build/openjdk-8-58sEEn/openjdk-8-8u242-b08/src/hotspot/src/share/vm/prims/jni.cpp, line 710]
Event: 0.832 Thread 0x00007f929c00b800 Exception <a 'java/security/PrivilegedActionException'> (0x00000000f085e168) thrown at [/build/openjdk-8-58sEEn/openjdk-8-8u242-b08/src/hotspot/src/share/vm/prims/jvm.cpp, line 1502]
Event: 0.832 Thread 0x00007f929c00b800 Exception <a 'java/security/PrivilegedActionException'> (0x00000000f085e378) thrown at [/build/openjdk-8-58sEEn/openjdk-8-8u242-b08/src/hotspot/src/share/vm/prims/jvm.cpp, line 1502]

Events (10 events):
Event: 1.422 loading class mpi/Constant
Event: 1.422 loading class mpi/Constant done
Event: 1.456 loading class mpi/Errhandler
Event: 1.456 loading class mpi/Errhandler done
Event: 1.457 loading class mpi/Intracomm
Event: 1.457 loading class mpi/Intracomm done
Event: 1.457 loading class mpi/Comm
Event: 1.457 loading class mpi/Comm done
Event: 1.527 loading class mpi/Version
Event: 1.527 loading class mpi/Version done


Dynamic libraries:
f0800000-f0d50000 rw-p 00000000 00:00 0 
f0d50000-f5aa0000 ---p 00000000 00:00 0 
f5aa0000-f6550000 rw-p 00000000 00:00 0 
f6550000-100000000 ---p 00000000 00:00 0 
100000000-100080000 rw-p 00000000 00:00 0 
100080000-140000000 ---p 00000000 00:00 0 
55b153500000-55b153501000 r-xp 00000000 fc:01 2079032                    /usr/lib/jvm/java-8-openjdk-amd64/jre/bin/java
55b153700000-55b153701000 r--p 00000000 fc:01 2079032                    /usr/lib/jvm/java-8-openjdk-amd64/jre/bin/java
55b153701000-55b153702000 rw-p 00001000 fc:01 2079032                    /usr/lib/jvm/java-8-openjdk-amd64/jre/bin/java
55b1546a8000-55b1546c9000 rw-p 00000000 00:00 0                          [heap]
7f925fdfd000-7f925fdff000 r-xp 00000000 fc:01 526222                     /usr/local/lib/pmix/mca_pshmem_mmap.so
7f925fdff000-7f925fffe000 ---p 00002000 fc:01 526222                     /usr/local/lib/pmix/mca_pshmem_mmap.so
7f925fffe000-7f925ffff000 r--p 00001000 fc:01 526222                     /usr/local/lib/pmix/mca_pshmem_mmap.so
7f925ffff000-7f9260000000 rw-p 00002000 fc:01 526222                     /usr/local/lib/pmix/mca_pshmem_mmap.so
7f9260000000-7f9260021000 rw-p 00000000 00:00 0 
7f9260021000-7f9264000000 ---p 00000000 00:00 0 
7f9264000000-7f9264021000 rw-p 00000000 00:00 0 
7f9264021000-7f9268000000 ---p 00000000 00:00 0 
7f9268194000-7f9268198000 r-xp 00000000 fc:01 526198                     /usr/local/lib/pmix/mca_gds_ds21.so
7f9268198000-7f9268397000 ---p 00004000 fc:01 526198                     /usr/local/lib/pmix/mca_gds_ds21.so
7f9268397000-7f9268398000 r--p 00003000 fc:01 526198                     /usr/local/lib/pmix/mca_gds_ds21.so
7f9268398000-7f9268399000 rw-p 00004000 fc:01 526198                     /usr/local/lib/pmix/mca_gds_ds21.so
7f9268399000-7f92683a8000 r-xp 00000000 fc:01 526200                     /usr/local/lib/pmix/mca_gds_hash.so
7f92683a8000-7f92685a7000 ---p 0000f000 fc:01 526200                     /usr/local/lib/pmix/mca_gds_hash.so
7f92685a7000-7f92685a8000 r--p 0000e000 fc:01 526200                     /usr/local/lib/pmix/mca_gds_hash.so
7f92685a8000-7f92685a9000 rw-p 0000f000 fc:01 526200                     /usr/local/lib/pmix/mca_gds_hash.so
7f92685a9000-7f92685b8000 r-xp 00000000 fc:01 7028                       /usr/local/lib/libmca_common_dstore.so.1.0.0
7f92685b8000-7f92687b7000 ---p 0000f000 fc:01 7028                       /usr/local/lib/libmca_common_dstore.so.1.0.0
7f92687b7000-7f92687b8000 r--p 0000e000 fc:01 7028                       /usr/local/lib/libmca_common_dstore.so.1.0.0
7f92687b8000-7f92687b9000 rw-p 0000f000 fc:01 7028                       /usr/local/lib/libmca_common_dstore.so.1.0.0
7f92687b9000-7f92687c1000 r-xp 00000000 fc:01 526226                     /usr/local/lib/pmix/mca_ptl_usock.so
7f92687c1000-7f92689c0000 ---p 00008000 fc:01 526226                     /usr/local/lib/pmix/mca_ptl_usock.so
7f92689c0000-7f92689c1000 r--p 00007000 fc:01 526226                     /usr/local/lib/pmix/mca_ptl_usock.so
7f92689c1000-7f92689c2000 rw-p 00008000 fc:01 526226                     /usr/local/lib/pmix/mca_ptl_usock.so
7f92689c2000-7f92689d3000 r-xp 00000000 fc:01 526224                     /usr/local/lib/pmix/mca_ptl_tcp.so
7f92689d3000-7f9268bd2000 ---p 00011000 fc:01 526224                     /usr/local/lib/pmix/mca_ptl_tcp.so
7f9268bd2000-7f9268bd3000 r--p 00010000 fc:01 526224                     /usr/local/lib/pmix/mca_ptl_tcp.so
7f9268bd3000-7f9268bd4000 rw-p 00011000 fc:01 526224                     /usr/local/lib/pmix/mca_ptl_tcp.so
7f9268bd4000-7f9268be5000 r-xp 00000000 fc:01 526188                     /usr/local/lib/pmix/mca_bfrops_v12.so
7f9268be5000-7f9268de5000 ---p 00011000 fc:01 526188                     /usr/local/lib/pmix/mca_bfrops_v12.so
7f9268de5000-7f9268de6000 r--p 00011000 fc:01 526188                     /usr/local/lib/pmix/mca_bfrops_v12.so
7f9268de6000-7f9268de7000 rw-p 00012000 fc:01 526188                     /usr/local/lib/pmix/mca_bfrops_v12.so
7f9268de7000-7f9268dfe000 r-xp 00000000 fc:01 526190                     /usr/local/lib/pmix/mca_bfrops_v20.so
7f9268dfe000-7f9268ffd000 ---p 00017000 fc:01 526190                     /usr/local/lib/pmix/mca_bfrops_v20.so
7f9268ffd000-7f9268ffe000 r--p 00016000 fc:01 526190                     /usr/local/lib/pmix/mca_bfrops_v20.so
7f9268ffe000-7f9268fff000 rw-p 00017000 fc:01 526190                     /usr/local/lib/pmix/mca_bfrops_v20.so
7f9268fff000-7f926c000000 rw-p 00000000 00:00 0 
7f926c000000-7f926c1ac000 rw-p 00000000 00:00 0 
7f926c1ac000-7f9270000000 ---p 00000000 00:00 0 
7f9270000000-7f9270021000 rw-p 00000000 00:00 0 
7f9270021000-7f9274000000 ---p 00000000 00:00 0 
7f9274000000-7f9274021000 rw-p 00000000 00:00 0 
7f9274021000-7f9278000000 ---p 00000000 00:00 0 
7f9278000000-7f9278046000 rw-p 00000000 00:00 0 
7f9278046000-7f927c000000 ---p 00000000 00:00 0 
7f927c000000-7f927c021000 rw-p 00000000 00:00 0 
7f927c021000-7f9280000000 ---p 00000000 00:00 0 
7f9280000000-7f9280021000 rw-p 00000000 00:00 0 
7f9280021000-7f9284000000 ---p 00000000 00:00 0 
7f9284000000-7f9284021000 rw-p 00000000 00:00 0 
7f9284021000-7f9288000000 ---p 00000000 00:00 0 
7f9288003000-7f9288007000 r-xp 00000000 fc:01 526196                     /usr/local/lib/pmix/mca_gds_ds12.so
7f9288007000-7f9288206000 ---p 00004000 fc:01 526196                     /usr/local/lib/pmix/mca_gds_ds12.so
7f9288206000-7f9288207000 r--p 00003000 fc:01 526196                     /usr/local/lib/pmix/mca_gds_ds12.so
7f9288207000-7f9288208000 rw-p 00004000 fc:01 526196                     /usr/local/lib/pmix/mca_gds_ds12.so
7f9288208000-7f9288210000 r-xp 00000000 fc:01 526194                     /usr/local/lib/pmix/mca_bfrops_v3.so
7f9288210000-7f928840f000 ---p 00008000 fc:01 526194                     /usr/local/lib/pmix/mca_bfrops_v3.so
7f928840f000-7f9288410000 r--p 00007000 fc:01 526194                     /usr/local/lib/pmix/mca_bfrops_v3.so
7f9288410000-7f9288411000 rw-p 00008000 fc:01 526194                     /usr/local/lib/pmix/mca_bfrops_v3.so
7f9288411000-7f9288418000 r-xp 00000000 fc:01 526192                     /usr/local/lib/pmix/mca_bfrops_v21.so
7f9288418000-7f9288618000 ---p 00007000 fc:01 526192                     /usr/local/lib/pmix/mca_bfrops_v21.so
7f9288618000-7f9288619000 r--p 00007000 fc:01 526192                     /usr/local/lib/pmix/mca_bfrops_v21.so
7f9288619000-7f928861a000 rw-p 00008000 fc:01 526192                     /usr/local/lib/pmix/mca_bfrops_v21.so
7f928861a000-7f9288759000 r-xp 00000000 fc:01 526228                     /usr/local/lib/openmpi/mca_pmix_pmix3x.so
7f9288759000-7f9288959000 ---p 0013f000 fc:01 526228                     /usr/local/lib/openmpi/mca_pmix_pmix3x.so
7f9288959000-7f928895a000 r--p 0013f000 fc:01 526228                     /usr/local/lib/openmpi/mca_pmix_pmix3x.so
7f928895a000-7f928895f000 rw-p 00140000 fc:01 526228                     /usr/local/lib/openmpi/mca_pmix_pmix3x.so
7f928895f000-7f9288962000 rw-p 00000000 00:00 0 
7f9288965000-7f9288967000 r-xp 00000000 fc:01 526214                     /usr/local/lib/pmix/mca_psec_native.so
7f9288967000-7f9288b66000 ---p 00002000 fc:01 526214                     /usr/local/lib/pmix/mca_psec_native.so
7f9288b66000-7f9288b67000 r--p 00001000 fc:01 526214                     /usr/local/lib/pmix/mca_psec_native.so
7f9288b67000-7f9288b68000 rw-p 00002000 fc:01 526214                     /usr/local/lib/pmix/mca_psec_native.so
7f9288b68000-7f9288b69000 ---p 00000000 00:00 0 
7f9288b69000-7f9289369000 rw-p 00000000 00:00 0 
7f9289369000-7f928936d000 r-xp 00000000 fc:01 526266                     /usr/local/lib/openmpi/mca_ess_pmi.so
7f928936d000-7f928956c000 ---p 00004000 fc:01 526266                     /usr/local/lib/openmpi/mca_ess_pmi.so
7f928956c000-7f928956d000 r--p 00003000 fc:01 526266                     /usr/local/lib/openmpi/mca_ess_pmi.so
7f928956d000-7f928956e000 rw-p 00004000 fc:01 526266                     /usr/local/lib/openmpi/mca_ess_pmi.so
7f928956e000-7f928956f000 r-xp 00000000 fc:01 526334                     /usr/local/lib/openmpi/mca_schizo_orte.so
7f928956f000-7f928976e000 ---p 00001000 fc:01 526334                     /usr/local/lib/openmpi/mca_schizo_orte.so
7f928976e000-7f928976f000 r--p 00000000 fc:01 526334                     /usr/local/lib/openmpi/mca_schizo_orte.so
7f928976f000-7f9289770000 rw-p 00001000 fc:01 526334                     /usr/local/lib/openmpi/mca_schizo_orte.so
7f9289770000-7f9289772000 r-xp 00000000 fc:01 526336                     /usr/local/lib/openmpi/mca_schizo_slurm.so
7f9289772000-7f9289971000 ---p 00002000 fc:01 526336                     /usr/local/lib/openmpi/mca_schizo_slurm.so
7f9289971000-7f9289972000 r--p 00001000 fc:01 526336                     /usr/local/lib/openmpi/mca_schizo_slurm.so
7f9289972000-7f9289973000 rw-p 00002000 fc:01 526336                     /usr/local/lib/openmpi/mca_schizo_slurm.so
7f9289973000-7f928997b000 r-xp 00000000 fc:01 526332                     /usr/local/lib/openmpi/mca_schizo_ompi.so
7f928997b000-7f9289b7a000 ---p 00008000 fc:01 526332                     /usr/local/lib/openmpi/mca_schizo_ompi.so
7f9289b7a000-7f9289b7b000 r--p 00007000 fc:01 526332                     /usr/local/lib/openmpi/mca_schizo_ompi.so
7f9289b7b000-7f9289b7d000 rw-p 00008000 fc:01 526332                     /usr/local/lib/openmpi/mca_schizo_ompi.so
7f9289b7d000-7f9289b7e000 r-xp 00000000 fc:01 526330                     /usr/local/lib/openmpi/mca_schizo_flux.so
7f9289b7e000-7f9289d7e000 ---p 00001000 fc:01 526330                     /usr/local/lib/openmpi/mca_schizo_flux.so
7f9289d7e000-7f9289d7f000 r--p 00001000 fc:01 526330                     /usr/local/lib/openmpi/mca_schizo_flux.so
7f9289d7f000-7f9289d80000 rw-p 00002000 fc:01 526330                     /usr/local/lib/openmpi/mca_schizo_flux.so
7f9289d80000-7f9289d82000 r-xp 00000000 fc:01 526234                     /usr/local/lib/openmpi/mca_reachable_weighted.so
7f9289d82000-7f9289f81000 ---p 00002000 fc:01 526234                     /usr/local/lib/openmpi/mca_reachable_weighted.so
7f9289f81000-7f9289f82000 r--p 00001000 fc:01 526234                     /usr/local/lib/openmpi/mca_reachable_weighted.so
7f9289f82000-7f9289f83000 rw-p 00002000 fc:01 526234                     /usr/local/lib/openmpi/mca_reachable_weighted.so
7f9289f83000-7f9289f86000 r-xp 00000000 fc:01 526236                     /usr/local/lib/openmpi/mca_shmem_mmap.so
7f9289f86000-7f928a185000 ---p 00003000 fc:01 526236                     /usr/local/lib/openmpi/mca_shmem_mmap.so
7f928a185000-7f928a186000 r--p 00002000 fc:01 526236                     /usr/local/lib/openmpi/mca_shmem_mmap.so
7f928a186000-7f928a187000 rw-p 00003000 fc:01 526236                     /usr/local/lib/openmpi/mca_shmem_mmap.so
7f928a187000-7f928a189000 r-xp 00000000 fc:01 2182                       /lib/x86_64-linux-gnu/libutil-2.27.so
7f928a189000-7f928a388000 ---p 00002000 fc:01 2182                       /lib/x86_64-linux-gnu/libutil-2.27.so
7f928a388000-7f928a389000 r--p 00001000 fc:01 2182                       /lib/x86_64-linux-gnu/libutil-2.27.so
7f928a389000-7f928a38a000 rw-p 00002000 fc:01 2182                       /lib/x86_64-linux-gnu/libutil-2.27.so
7f928a38a000-7f928a43d000 r-xp 00000000 fc:01 7159                       /usr/local/lib/libopen-rte.so.40.20.1
7f928a43d000-7f928a63c000 ---p 000b3000 fc:01 7159                       /usr/local/lib/libopen-rte.so.40.20.1
7f928a63c000-7f928a63e000 r--p 000b2000 fc:01 7159                       /usr/local/lib/libopen-rte.so.40.20.1
7f928a63e000-7f928a642000 rw-p 000b4000 fc:01 7159                       /usr/local/lib/libopen-rte.so.40.20.1
7f928a642000-7f928a645000 rw-p 00000000 00:00 0 
7f928a645000-7f928a74c000 r-xp 00000000 fc:01 4656                       /usr/local/lib/libopen-pal.so.40.20.1
7f928a74c000-7f928a94c000 ---p 00107000 fc:01 4656                       /usr/local/lib/libopen-pal.so.40.20.1
7f928a94c000-7f928a94f000 r--p 00107000 fc:01 4656                       /usr/local/lib/libopen-pal.so.40.20.1
7f928a94f000-7f928a955000 rw-p 0010a000 fc:01 4656                       /usr/local/lib/libopen-pal.so.40.20.1
7f928a955000-7f928a95c000 rw-p 00000000 00:00 0 
7f928a95c000-7f928aa69000 r-xp 00000000 fc:01 7362                       /usr/local/lib/libmpi.so.40.20.1
7f928aa69000-7f928ac68000 ---p 0010d000 fc:01 7362                       /usr/local/lib/libmpi.so.40.20.1
7f928ac68000-7f928ac6a000 r--p 0010c000 fc:01 7362                       /usr/local/lib/libmpi.so.40.20.1
7f928ac6a000-7f928ac7b000 rw-p 0010e000 fc:01 7362                       /usr/local/lib/libmpi.so.40.20.1
7f928ac7b000-7f928ac8d000 rw-p 00000000 00:00 0 
7f928ac95000-7f928ac97000 rw-s 00000000 fc:01 527002                     /tmp/ompi.openmpi-slave1.1000/jf.10726/pmix_dstor_ds21_17994/smlockseg-702939137
7f928ac97000-7f928acbf000 r-xp 00000000 fc:01 29870                      /usr/local/lib/libmpi_java.so.40.20.0
7f928acbf000-7f928aebe000 ---p 00028000 fc:01 29870                      /usr/local/lib/libmpi_java.so.40.20.0
7f928aebe000-7f928aebf000 r--p 00027000 fc:01 29870                      /usr/local/lib/libmpi_java.so.40.20.0
7f928aebf000-7f928aec0000 rw-p 00028000 fc:01 29870                      /usr/local/lib/libmpi_java.so.40.20.0
7f928aec0000-7f928aedd000 r--s 00142000 00:34 527719                     /home/mpiuser/cloud/fyp/java_client/lib/spring-web-5.2.5.RELEASE.jar
7f928aedd000-7f928aeea000 r--s 00090000 00:34 527704                     /home/mpiuser/cloud/fyp/java_client/lib/amqp-client-5.8.0.jar
7f928aeea000-7f928aeff000 r--s 00142000 00:34 527710                     /home/mpiuser/cloud/fyp/java_client/lib/jackson-databind-2.10.2.jar
7f928aeff000-7f928af14000 r--s 00142000 00:34 527711                     /home/mpiuser/cloud/fyp/java_client/lib/jackson-databind-2.10.3.jar
7f928af14000-7f928af2b000 r-xp 00000000 fc:01 2079070                    /usr/lib/jvm/java-8-openjdk-amd64/jre/lib/amd64/libnet.so
7f928af2b000-7f928b12a000 ---p 00017000 fc:01 2079070                    /usr/lib/jvm/java-8-openjdk-amd64/jre/lib/amd64/libnet.so
7f928b12a000-7f928b12b000 r--p 00016000 fc:01 2079070                    /usr/lib/jvm/java-8-openjdk-amd64/jre/lib/amd64/libnet.so
7f928b12b000-7f928b12c000 rw-p 00017000 fc:01 2079070                    /usr/lib/jvm/java-8-openjdk-amd64/jre/lib/amd64/libnet.so
7f928b12c000-7f928b13d000 r-xp 00000000 fc:01 2079071                    /usr/lib/jvm/java-8-openjdk-amd64/jre/lib/amd64/libnio.so
7f928b13d000-7f928b33d000 ---p 00011000 fc:01 2079071                    /usr/lib/jvm/java-8-openjdk-amd64/jre/lib/amd64/libnio.so
7f928b33d000-7f928b33e000 r--p 00011000 fc:01 2079071                    /usr/lib/jvm/java-8-openjdk-amd64/jre/lib/amd64/libnio.so
7f928b33e000-7f928b33f000 rw-p 00012000 fc:01 2079071                    /usr/lib/jvm/java-8-openjdk-amd64/jre/lib/amd64/libnio.so
7f928b33f000-7f928b340000 ---p 00000000 00:00 0 
7f928b340000-7f928b440000 rw-p 00000000 00:00 0 
7f928b440000-7f928b443000 ---p 00000000 00:00 0 
7f928b443000-7f928b541000 rw-p 00000000 00:00 0 
7f928b541000-7f928b542000 ---p 00000000 00:00 0 
7f928b542000-7f928b545000 ---p 00000000 00:00 0 
7f928b545000-7f928b642000 rw-p 00000000 00:00 0 
7f928b642000-7f928b643000 ---p 00000000 00:00 0 
7f928b643000-7f928b646000 ---p 00000000 00:00 0 
7f928b646000-7f928b743000 rw-p 00000000 00:00 0 
7f928b743000-7f928b746000 ---p 00000000 00:00 0 
7f928b746000-7f928b844000 rw-p 00000000 00:00 0 
7f928b844000-7f928b9b7000 r--p 00000000 fc:01 7801                       /usr/lib/locale/C.UTF-8/LC_COLLATE
7f928b9b7000-7f928bb52000 r--p 00000000 fc:01 7796                       /usr/lib/locale/locale-archive
7f928bb52000-7f928bb55000 ---p 00000000 00:00 0 
7f928bb55000-7f928bc53000 rw-p 00000000 00:00 0 
7f928bc53000-7f928bc56000 ---p 00000000 00:00 0 
7f928bc56000-7f928bd54000 rw-p 00000000 00:00 0 
7f928bd54000-7f928bd55000 ---p 00000000 00:00 0 
7f928bd55000-7f928be55000 rw-p 00000000 00:00 0 
7f928be55000-7f928c025000 r--s 03c68000 fc:01 2079121                    /usr/lib/jvm/java-8-openjdk-amd64/jre/lib/rt.jar
7f928c025000-7f928c4a5000 rw-p 00000000 00:00 0 
7f928c4a5000-7f928c825000 ---p 00000000 00:00 0 
7f928c825000-7f928c82f000 rw-p 00000000 00:00 0 
7f928c82f000-7f928cbe5000 ---p 00000000 00:00 0 
7f928cbe5000-7f928ce55000 rwxp 00000000 00:00 0 
7f928ce55000-7f929bbe5000 ---p 00000000 00:00 0 
7f929bbe5000-7f929bbed000 r-xp 00000000 fc:01 2079078                    /usr/lib/jvm/java-8-openjdk-amd64/jre/lib/amd64/libzip.so
7f929bbed000-7f929bdec000 ---p 00008000 fc:01 2079078                    /usr/lib/jvm/java-8-openjdk-amd64/jre/lib/amd64/libzip.so
7f929bdec000-7f929bded000 r--p 00007000 fc:01 2079078                    /usr/lib/jvm/java-8-openjdk-amd64/jre/lib/amd64/libzip.so
7f929bded000-7f929bdee000 rw-p 00008000 fc:01 2079078                    /usr/lib/jvm/java-8-openjdk-amd64/jre/lib/amd64/libzip.so
7f929bdee000-7f929bdf9000 r-xp 00000000 fc:01 2093                       /lib/x86_64-linux-gnu/libnss_files-2.27.so
7f929bdf9000-7f929bff8000 ---p 0000b000 fc:01 2093                       /lib/x86_64-linux-gnu/libnss_files-2.27.so
7f929bff8000-7f929bff9000 r--p 0000a000 fc:01 2093                       /lib/x86_64-linux-gnu/libnss_files-2.27.so
7f929bff9000-7f929bffa000 rw-p 0000b000 fc:01 2093                       /lib/x86_64-linux-gnu/libnss_files-2.27.so
7f929bffa000-7f929c000000 rw-p 00000000 00:00 0 
7f929c000000-7f929c26f000 rw-p 00000000 00:00 0 
7f929c26f000-7f92a0000000 ---p 00000000 00:00 0 
7f92a0001000-7f92a0002000 r--s 00000000 fc:01 527003                     /tmp/ompi.openmpi-slave1.1000/jf.10726/pmix_dstor_ds12_17994/initial-pmix_shared-segment-0
7f92a0002000-7f92a0003000 rw-s 00000000 fc:01 527004                     /tmp/ompi.openmpi-slave1.1000/jf.10726/pmix_dstor_ds12_17994/dstore_sm.lock
7f92a0003000-7f92a0004000 r--s 0000f000 00:34 527712                     /home/mpiuser/cloud/fyp/java_client/lib/mpi.jar
7f92a0004000-7f92a0007000 r--s 0000e000 00:34 527707                     /home/mpiuser/cloud/fyp/java_client/lib/jackson-annotations-2.10.3.jar
7f92a0007000-7f92a0008000 r--s 00003000 00:34 527715                     /home/mpiuser/cloud/fyp/java_client/lib/slf4j-simple-1.7.30.jar
7f92a0008000-7f92a0009000 r--s 00005000 00:34 527718                     /home/mpiuser/cloud/fyp/java_client/lib/spring-jcl-5.2.5.RELEASE.jar
7f92a0009000-7f92a0024000 r--s 001d6000 fc:01 2079097                    /usr/lib/jvm/java-8-openjdk-amd64/jre/lib/ext/nashorn.jar
7f92a0024000-7f92a0028000 r--s 0003a000 fc:01 2079100                    /usr/lib/jvm/java-8-openjdk-amd64/jre/lib/ext/sunpkcs11.jar
7f92a0028000-7f92a002d000 r--s 0003d000 fc:01 2079099                    /usr/lib/jvm/java-8-openjdk-amd64/jre/lib/ext/sunjce_provider.jar
7f92a002d000-7f92a002e000 r--s 00010000 fc:01 2079101                    /usr/lib/jvm/java-8-openjdk-amd64/jre/lib/ext/zipfs.jar
7f92a002e000-7f92a002f000 r--s 0000a000 fc:01 2079095                    /usr/lib/jvm/java-8-openjdk-amd64/jre/lib/ext/jaccess.jar
7f92a002f000-7f92a0031000 r--s 00007000 fc:01 29704                      /usr/share/java/java-atk-wrapper.jar
7f92a0031000-7f92a004c000 r--s 00394000 fc:01 2079092                    /usr/lib/jvm/java-8-openjdk-amd64/jre/lib/ext/cldrdata.jar
7f92a004c000-7f92a007d000 r--p 00000000 fc:01 7802                       /usr/lib/locale/C.UTF-8/LC_CTYPE
7f92a007d000-7f92a01c4000 rw-p 00000000 00:00 0 
7f92a01c4000-7f92a01db000 r-xp 00000000 fc:01 2090                       /lib/x86_64-linux-gnu/libnsl-2.27.so
7f92a01db000-7f92a03da000 ---p 00017000 fc:01 2090                       /lib/x86_64-linux-gnu/libnsl-2.27.so
7f92a03da000-7f92a03db000 r--p 00016000 fc:01 2090                       /lib/x86_64-linux-gnu/libnsl-2.27.so
7f92a03db000-7f92a03dc000 rw-p 00017000 fc:01 2090                       /lib/x86_64-linux-gnu/libnsl-2.27.so
7f92a03dc000-7f92a03de000 rw-p 00000000 00:00 0 
7f92a03de000-7f92a03e9000 r-xp 00000000 fc:01 2095                       /lib/x86_64-linux-gnu/libnss_nis-2.27.so
7f92a03e9000-7f92a05e8000 ---p 0000b000 fc:01 2095                       /lib/x86_64-linux-gnu/libnss_nis-2.27.so
7f92a05e8000-7f92a05e9000 r--p 0000a000 fc:01 2095                       /lib/x86_64-linux-gnu/libnss_nis-2.27.so
7f92a05e9000-7f92a05ea000 rw-p 0000b000 fc:01 2095                       /lib/x86_64-linux-gnu/libnss_nis-2.27.so
7f92a05ea000-7f92a05f2000 r-xp 00000000 fc:01 2091                       /lib/x86_64-linux-gnu/libnss_compat-2.27.so
7f92a05f2000-7f92a07f2000 ---p 00008000 fc:01 2091                       /lib/x86_64-linux-gnu/libnss_compat-2.27.so
7f92a07f2000-7f92a07f3000 r--p 00008000 fc:01 2091                       /lib/x86_64-linux-gnu/libnss_compat-2.27.so
7f92a07f3000-7f92a07f4000 rw-p 00009000 fc:01 2091                       /lib/x86_64-linux-gnu/libnss_compat-2.27.so
7f92a07f4000-7f92a081e000 r-xp 00000000 fc:01 2079059                    /usr/lib/jvm/java-8-openjdk-amd64/jre/lib/amd64/libjava.so
7f92a081e000-7f92a0a1d000 ---p 0002a000 fc:01 2079059                    /usr/lib/jvm/java-8-openjdk-amd64/jre/lib/amd64/libjava.so
7f92a0a1d000-7f92a0a1e000 r--p 00029000 fc:01 2079059                    /usr/lib/jvm/java-8-openjdk-amd64/jre/lib/amd64/libjava.so
7f92a0a1e000-7f92a0a20000 rw-p 0002a000 fc:01 2079059                    /usr/lib/jvm/java-8-openjdk-amd64/jre/lib/amd64/libjava.so
7f92a0a20000-7f92a0a30000 r-xp 00000000 fc:01 2079077                    /usr/lib/jvm/java-8-openjdk-amd64/jre/lib/amd64/libverify.so
7f92a0a30000-7f92a0c2f000 ---p 00010000 fc:01 2079077                    /usr/lib/jvm/java-8-openjdk-amd64/jre/lib/amd64/libverify.so
7f92a0c2f000-7f92a0c31000 r--p 0000f000 fc:01 2079077                    /usr/lib/jvm/java-8-openjdk-amd64/jre/lib/amd64/libverify.so
7f92a0c31000-7f92a0c32000 rw-p 00011000 fc:01 2079077                    /usr/lib/jvm/java-8-openjdk-amd64/jre/lib/amd64/libverify.so
7f92a0c32000-7f92a0c39000 r-xp 00000000 fc:01 2180                       /lib/x86_64-linux-gnu/librt-2.27.so
7f92a0c39000-7f92a0e38000 ---p 00007000 fc:01 2180                       /lib/x86_64-linux-gnu/librt-2.27.so
7f92a0e38000-7f92a0e39000 r--p 00006000 fc:01 2180                       /lib/x86_64-linux-gnu/librt-2.27.so
7f92a0e39000-7f92a0e3a000 rw-p 00007000 fc:01 2180                       /lib/x86_64-linux-gnu/librt-2.27.so
7f92a0e3a000-7f92a0e51000 r-xp 00000000 fc:01 19131                      /lib/x86_64-linux-gnu/libgcc_s.so.1
7f92a0e51000-7f92a1050000 ---p 00017000 fc:01 19131                      /lib/x86_64-linux-gnu/libgcc_s.so.1
7f92a1050000-7f92a1051000 r--p 00016000 fc:01 19131                      /lib/x86_64-linux-gnu/libgcc_s.so.1
7f92a1051000-7f92a1052000 rw-p 00017000 fc:01 19131                      /lib/x86_64-linux-gnu/libgcc_s.so.1
7f92a1052000-7f92a11ef000 r-xp 00000000 fc:01 2087                       /lib/x86_64-linux-gnu/libm-2.27.so
7f92a11ef000-7f92a13ee000 ---p 0019d000 fc:01 2087                       /lib/x86_64-linux-gnu/libm-2.27.so
7f92a13ee000-7f92a13ef000 r--p 0019c000 fc:01 2087                       /lib/x86_64-linux-gnu/libm-2.27.so
7f92a13ef000-7f92a13f0000 rw-p 0019d000 fc:01 2087                       /lib/x86_64-linux-gnu/libm-2.27.so
7f92a13f0000-7f92a1569000 r-xp 00000000 fc:01 7835                       /usr/lib/x86_64-linux-gnu/libstdc++.so.6.0.25
7f92a1569000-7f92a1769000 ---p 00179000 fc:01 7835                       /usr/lib/x86_64-linux-gnu/libstdc++.so.6.0.25
7f92a1769000-7f92a1773000 r--p 00179000 fc:01 7835                       /usr/lib/x86_64-linux-gnu/libstdc++.so.6.0.25
7f92a1773000-7f92a1775000 rw-p 00183000 fc:01 7835                       /usr/lib/x86_64-linux-gnu/libstdc++.so.6.0.25
7f92a1775000-7f92a1779000 rw-p 00000000 00:00 0 
7f92a1779000-7f92a241c000 r-xp 00000000 fc:01 2079081                    /usr/lib/jvm/java-8-openjdk-amd64/jre/lib/amd64/server/libjvm.so
7f92a241c000-7f92a261c000 ---p 00ca3000 fc:01 2079081                    /usr/lib/jvm/java-8-openjdk-amd64/jre/lib/amd64/server/libjvm.so
7f92a261c000-7f92a26b0000 r--p 00ca3000 fc:01 2079081                    /usr/lib/jvm/java-8-openjdk-amd64/jre/lib/amd64/server/libjvm.so
7f92a26b0000-7f92a26d9000 rw-p 00d37000 fc:01 2079081                    /usr/lib/jvm/java-8-openjdk-amd64/jre/lib/amd64/server/libjvm.so
7f92a26d9000-7f92a2709000 rw-p 00000000 00:00 0 
7f92a2709000-7f92a2723000 r-xp 00000000 fc:01 2178                       /lib/x86_64-linux-gnu/libpthread-2.27.so
7f92a2723000-7f92a2922000 ---p 0001a000 fc:01 2178                       /lib/x86_64-linux-gnu/libpthread-2.27.so
7f92a2922000-7f92a2923000 r--p 00019000 fc:01 2178                       /lib/x86_64-linux-gnu/libpthread-2.27.so
7f92a2923000-7f92a2924000 rw-p 0001a000 fc:01 2178                       /lib/x86_64-linux-gnu/libpthread-2.27.so
7f92a2924000-7f92a2928000 rw-p 00000000 00:00 0 
7f92a2928000-7f92a292b000 r-xp 00000000 fc:01 2086                       /lib/x86_64-linux-gnu/libdl-2.27.so
7f92a292b000-7f92a2b2a000 ---p 00003000 fc:01 2086                       /lib/x86_64-linux-gnu/libdl-2.27.so
7f92a2b2a000-7f92a2b2b000 r--p 00002000 fc:01 2086                       /lib/x86_64-linux-gnu/libdl-2.27.so
7f92a2b2b000-7f92a2b2c000 rw-p 00003000 fc:01 2086                       /lib/x86_64-linux-gnu/libdl-2.27.so
7f92a2b2c000-7f92a2b48000 r-xp 00000000 fc:01 2183                       /lib/x86_64-linux-gnu/libz.so.1.2.11
7f92a2b48000-7f92a2d47000 ---p 0001c000 fc:01 2183                       /lib/x86_64-linux-gnu/libz.so.1.2.11
7f92a2d47000-7f92a2d48000 r--p 0001b000 fc:01 2183                       /lib/x86_64-linux-gnu/libz.so.1.2.11
7f92a2d48000-7f92a2d49000 rw-p 0001c000 fc:01 2183                       /lib/x86_64-linux-gnu/libz.so.1.2.11
7f92a2d49000-7f92a2f30000 r-xp 00000000 fc:01 2083                       /lib/x86_64-linux-gnu/libc-2.27.so
7f92a2f30000-7f92a3130000 ---p 001e7000 fc:01 2083                       /lib/x86_64-linux-gnu/libc-2.27.so
7f92a3130000-7f92a3134000 r--p 001e7000 fc:01 2083                       /lib/x86_64-linux-gnu/libc-2.27.so
7f92a3134000-7f92a3136000 rw-p 001eb000 fc:01 2083                       /lib/x86_64-linux-gnu/libc-2.27.so
7f92a3136000-7f92a313a000 rw-p 00000000 00:00 0 
7f92a313a000-7f92a3148000 r-xp 00000000 fc:01 2079045                    /usr/lib/jvm/java-8-openjdk-amd64/jre/lib/amd64/jli/libjli.so
7f92a3148000-7f92a3347000 ---p 0000e000 fc:01 2079045                    /usr/lib/jvm/java-8-openjdk-amd64/jre/lib/amd64/jli/libjli.so
7f92a3347000-7f92a3348000 r--p 0000d000 fc:01 2079045                    /usr/lib/jvm/java-8-openjdk-amd64/jre/lib/amd64/jli/libjli.so
7f92a3348000-7f92a3349000 rw-p 0000e000 fc:01 2079045                    /usr/lib/jvm/java-8-openjdk-amd64/jre/lib/amd64/jli/libjli.so
7f92a3349000-7f92a3370000 r-xp 00000000 fc:01 2079                       /lib/x86_64-linux-gnu/ld-2.27.so
7f92a3370000-7f92a3371000 r--s 0000d000 fc:01 2079098                    /usr/lib/jvm/java-8-openjdk-amd64/jre/lib/ext/sunec.jar
7f92a3371000-7f92a3373000 r--s 00001000 fc:01 2079093                    /usr/lib/jvm/java-8-openjdk-amd64/jre/lib/ext/dnsns.jar
7f92a3373000-7f92a3376000 r--s 0000f000 fc:01 2079094                    /usr/lib/jvm/java-8-openjdk-amd64/jre/lib/ext/icedtea-sound.jar
7f92a3376000-7f92a3380000 r--s 00116000 fc:01 2079096                    /usr/lib/jvm/java-8-openjdk-amd64/jre/lib/ext/localedata.jar
7f92a3380000-7f92a3381000 r--p 00000000 fc:01 7807                       /usr/lib/locale/C.UTF-8/LC_NUMERIC
7f92a3381000-7f92a3382000 r--p 00000000 fc:01 7810                       /usr/lib/locale/C.UTF-8/LC_TIME
7f92a3382000-7f92a3383000 r--p 00000000 fc:01 7805                       /usr/lib/locale/C.UTF-8/LC_MONETARY
7f92a3383000-7f92a3384000 r--p 00000000 fc:01 7799                       /usr/lib/locale/C.UTF-8/LC_MESSAGES/SYS_LC_MESSAGES
7f92a3384000-7f92a3385000 r--p 00000000 fc:01 7808                       /usr/lib/locale/C.UTF-8/LC_PAPER
7f92a3385000-7f92a3386000 r--p 00000000 fc:01 7806                       /usr/lib/locale/C.UTF-8/LC_NAME
7f92a3386000-7f92a3387000 r--p 00000000 fc:01 7800                       /usr/lib/locale/C.UTF-8/LC_ADDRESS
7f92a3387000-7f92a3388000 r--p 00000000 fc:01 7809                       /usr/lib/locale/C.UTF-8/LC_TELEPHONE
7f92a3388000-7f92a3389000 r--p 00000000 fc:01 7804                       /usr/lib/locale/C.UTF-8/LC_MEASUREMENT
7f92a3389000-7f92a3390000 r--s 00000000 fc:01 5010                       /usr/lib/x86_64-linux-gnu/gconv/gconv-modules.cache
7f92a3390000-7f92a3391000 r--p 00000000 fc:01 7803                       /usr/lib/locale/C.UTF-8/LC_IDENTIFICATION
7f92a3391000-7f92a3397000 rw-p 00000000 00:00 0 
7f92a3397000-7f92a33e4000 ---p 00000000 00:00 0 
7f92a33e4000-7f92a33e7000 rw-p 00000000 00:00 0 
7f92a33e7000-7f92a340d000 ---p 00000000 00:00 0 
7f92a340d000-7f92a3413000 rw-p 00000000 00:00 0 
7f92a3413000-7f92a3460000 ---p 00000000 00:00 0 
7f92a3460000-7f92a3461000 rw-p 00000000 00:00 0 
7f92a3461000-7f92a3462000 ---p 00000000 00:00 0 
7f92a3462000-7f92a3465000 ---p 00000000 00:00 0 
7f92a3465000-7f92a3564000 rw-p 00000000 00:00 0 
7f92a3564000-7f92a356c000 rw-s 00000000 fc:01 526924                     /tmp/hsperfdata_mpiuser/18068
7f92a356c000-7f92a356d000 rw-p 00000000 00:00 0 
7f92a356d000-7f92a356e000 r--p 00000000 00:00 0 
7f92a356e000-7f92a3570000 rw-p 00000000 00:00 0 
7f92a3570000-7f92a3571000 r--p 00027000 fc:01 2079                       /lib/x86_64-linux-gnu/ld-2.27.so
7f92a3571000-7f92a3572000 rw-p 00028000 fc:01 2079                       /lib/x86_64-linux-gnu/ld-2.27.so
7f92a3572000-7f92a3573000 rw-p 00000000 00:00 0 
7ffc02d29000-7ffc02d4a000 rw-p 00000000 00:00 0                          [stack]
7ffc02def000-7ffc02df2000 r--p 00000000 00:00 0                          [vvar]
7ffc02df2000-7ffc02df4000 r-xp 00000000 00:00 0                          [vdso]
ffffffffff600000-ffffffffff601000 r-xp 00000000 00:00 0                  [vsyscall]

VM Arguments:
jvm_args: -Djava.library.path=/usr/local/lib 
java_command: Client 1000000 1 0
java_class_path (initial): /home/mpiuser/cloud/fyp/java_client:./lib/spring-jcl-5.2.5.RELEASE.jar:./lib/jackson-databind-2.10.3.jar:./lib/jackson-databind-2.10.2.jar:./lib/slf4j-simple-1.7.30.jar:./lib/amqp-client-5.8.0.jar:./lib/spring-web-5.2.5.RELEASE.jar:./lib/jackson-annotations-2.10.3.jar:./lib/mpi.jar:./lib/spring-beans-5.2.5.RELEASE.jar:./lib/jackson-annotations-2.10.2.jar:./lib/jackson-core-2.10.2.jar:./lib/jackson-core-2.10.3.jar:./lib/slf4j-api-1.7.29.jar:./lib/spring-core-5.2.5.RELEASE.jar:./lib/slf4j-api-1.7.30.jar:./lib/http-client-3.6.1.RELEASE.jar:/usr/local/lib/mpi.jar
Launcher Type: SUN_STANDARD

Environment Variables:
PATH=/usr/local/sbin:/usr/local/bin:/usr/sbin:/usr/bin:/sbin:/bin:/usr/games:/usr/local/games
SHELL=/bin/bash

Signal Handlers:
SIGSEGV: [libjvm.so+0xabc3b0], sa_mask[0]=11111111011111111101111111111110, sa_flags=SA_RESTART|SA_SIGINFO
SIGBUS: [libjvm.so+0xabc3b0], sa_mask[0]=11111111011111111101111111111110, sa_flags=SA_RESTART|SA_SIGINFO
SIGFPE: [libjvm.so+0x8f0bb0], sa_mask[0]=11111111011111111101111111111110, sa_flags=SA_RESTART|SA_SIGINFO
SIGPIPE: [libjvm.so+0x8f0bb0], sa_mask[0]=11111111011111111101111111111110, sa_flags=SA_RESTART|SA_SIGINFO
SIGXFSZ: [libjvm.so+0x8f0bb0], sa_mask[0]=11111111011111111101111111111110, sa_flags=SA_RESTART|SA_SIGINFO
SIGILL: [libjvm.so+0x8f0bb0], sa_mask[0]=11111111011111111101111111111110, sa_flags=SA_RESTART|SA_SIGINFO
SIGUSR1: SIG_DFL, sa_mask[0]=00000000000000000000000000000000, sa_flags=none
SIGUSR2: [libjvm.so+0x8f0a60], sa_mask[0]=00000000000000000000000000000000, sa_flags=SA_RESTART|SA_SIGINFO
SIGHUP: [libjvm.so+0x8f10d0], sa_mask[0]=11111111011111111101111111111110, sa_flags=SA_RESTART|SA_SIGINFO
SIGINT: [libjvm.so+0x8f10d0], sa_mask[0]=11111111011111111101111111111110, sa_flags=SA_RESTART|SA_SIGINFO
SIGTERM: [libjvm.so+0x8f10d0], sa_mask[0]=11111111011111111101111111111110, sa_flags=SA_RESTART|SA_SIGINFO
SIGQUIT: [libjvm.so+0x8f10d0], sa_mask[0]=11111111011111111101111111111110, sa_flags=SA_RESTART|SA_SIGINFO


---------------  S Y S T E M  ---------------

OS:DISTRIB_ID=Ubuntu
DISTRIB_RELEASE=18.04
DISTRIB_CODENAME=bionic
DISTRIB_DESCRIPTION="Ubuntu 18.04.3 LTS"

uname:Linux 4.15.0-66-generic #75-Ubuntu SMP Tue Oct 1 05:24:09 UTC 2019 x86_64
libc:glibc 2.27 NPTL 2.27 
rlimit: STACK 8192k, CORE 0k, NPROC 3841, NOFILE 1048576, AS infinity
load average:34.85 20.53 7.95

/proc/meminfo:
MemTotal:        1008808 kB
MemFree:          186160 kB
MemAvailable:     187672 kB
Buffers:            7744 kB
Cached:           104684 kB
SwapCached:            0 kB
Active:           620488 kB
Inactive:          56136 kB
Active(anon):     564704 kB
Inactive(anon):      228 kB
Active(file):      55784 kB
Inactive(file):    55908 kB
Unevictable:           0 kB
Mlocked:               0 kB
SwapTotal:             0 kB
SwapFree:              0 kB
Dirty:             10324 kB
Writeback:             0 kB
AnonPages:        564268 kB
Mapped:            68176 kB
Shmem:               704 kB
Slab:              86500 kB
SReclaimable:      33992 kB
SUnreclaim:        52508 kB
KernelStack:        9960 kB
PageTables:        23828 kB
NFS_Unstable:          0 kB
Bounce:                0 kB
WritebackTmp:          0 kB
CommitLimit:      504404 kB
Committed_AS:    4615444 kB
VmallocTotal:   34359738367 kB
VmallocUsed:           0 kB
VmallocChunk:          0 kB
HardwareCorrupted:     0 kB
AnonHugePages:         0 kB
ShmemHugePages:        0 kB
ShmemPmdMapped:        0 kB
CmaTotal:              0 kB
CmaFree:               0 kB
HugePages_Total:       0
HugePages_Free:        0
HugePages_Rsvd:        0
HugePages_Surp:        0
Hugepagesize:       2048 kB
DirectMap4k:      296940 kB
DirectMap2M:      751616 kB
DirectMap1G:           0 kB

container (cgroup) information:
container_type: cgroupv1
cpu_cpuset_cpus: 0-2
cpu_memory_nodes: 0
active_processor_count: 3
cpu_quota: -1
cpu_period: 100000
cpu_shares: -1
memory_limit_in_bytes: -1
memory_and_swap_limit_in_bytes: -2
memory_soft_limit_in_bytes: -1
memory_usage_in_bytes: 659427328
memory_max_usage_in_bytes: 863526912


CPU:total 3 (initial active 3) (1 cores per cpu, 1 threads per core) family 6 model 85 stepping 4, cmov, cx8, fxsr, mmx, sse, sse2, sse3, ssse3, sse4.1, sse4.2, popcnt, avx, avx2, aes, clmul, erms, 3dnowpref, lzcnt, tsc, bmi1, bmi2, adx

/proc/cpuinfo:
processor	: 0
vendor_id	: GenuineIntel
cpu family	: 6
model		: 85
model name	: Intel(R) Xeon(R) Gold 6140 CPU @ 2.30GHz
stepping	: 4
microcode	: 0x1
cpu MHz		: 2294.608
cache size	: 4096 KB
physical id	: 0
siblings	: 1
core id		: 0
cpu cores	: 1
apicid		: 0
initial apicid	: 0
fpu		: yes
fpu_exception	: yes
cpuid level	: 13
wp		: yes
flags		: fpu vme de pse tsc msr pae mce cx8 apic sep mtrr pge mca cmov pat pse36 clflush mmx fxsr sse sse2 ss syscall nx pdpe1gb rdtscp lm constant_tsc arch_perfmon rep_good nopl cpuid tsc_known_freq pni pclmulqdq vmx ssse3 fma cx16 pcid sse4_1 sse4_2 x2apic movbe popcnt tsc_deadline_timer aes xsave avx f16c rdrand hypervisor lahf_lm abm 3dnowprefetch cpuid_fault invpcid_single pti ssbd ibrs ibpb tpr_shadow vnmi flexpriority ept vpid fsgsbase tsc_adjust bmi1 avx2 smep bmi2 erms invpcid mpx avx512f avx512dq rdseed adx smap clflushopt clwb avx512cd avx512bw avx512vl xsaveopt xsavec xgetbv1 pku ospke md_clear
bugs		: cpu_meltdown spectre_v1 spectre_v2 spec_store_bypass l1tf mds swapgs
bogomips	: 4589.21
clflush size	: 64
cache_alignment	: 64
address sizes	: 40 bits physical, 48 bits virtual
power management:

processor	: 1
vendor_id	: GenuineIntel
cpu family	: 6
model		: 85
model name	: Intel(R) Xeon(R) Gold 6140 CPU @ 2.30GHz
stepping	: 4
microcode	: 0x1
cpu MHz		: 2294.608
cache size	: 4096 KB
physical id	: 1
siblings	: 1
core id		: 0
cpu cores	: 1
apicid		: 1
initial apicid	: 1
fpu		: yes
fpu_exception	: yes
cpuid level	: 13
wp		: yes
flags		: fpu vme de pse tsc msr pae mce cx8 apic sep mtrr pge mca cmov pat pse36 clflush mmx fxsr sse sse2 ss syscall nx pdpe1gb rdtscp lm constant_tsc arch_perfmon rep_good nopl cpuid tsc_known_freq pni pclmulqdq vmx ssse3 fma cx16 pcid sse4_1 sse4_2 x2apic movbe popcnt tsc_deadline_timer aes xsave avx f16c rdrand hypervisor lahf_lm abm 3dnowprefetch cpuid_fault invpcid_single pti ssbd ibrs ibpb tpr_shadow vnmi flexpriority ept vpid fsgsbase tsc_adjust bmi1 avx2 smep bmi2 erms invpcid mpx avx512f avx512dq rdseed adx smap clflushopt clwb avx512cd avx512bw avx512vl xsaveopt xsavec xgetbv1 pku ospke md_clear
bugs		: cpu_meltdown spectre_v1 spectre_v2 spec_store_bypass l1tf mds swapgs
bogomips	: 4589.21
clflush size	: 64
cache_alignment	: 64
address sizes	: 40 bits physical, 48 bits virtual
power management:

processor	: 2
vendor_id	: GenuineIntel
cpu family	: 6
model		: 85
model name	: Intel(R) Xeon(R) Gold 6140 CPU @ 2.30GHz
stepping	: 4
microcode	: 0x1
cpu MHz		: 2294.608
cache size	: 4096 KB
physical id	: 2
siblings	: 1
core id		: 0
cpu cores	: 1
apicid		: 2
initial apicid	: 2
fpu		: yes
fpu_exception	: yes
cpuid level	: 13
wp		: yes
flags		: fpu vme de pse tsc msr pae mce cx8 apic sep mtrr pge mca cmov pat pse36 clflush mmx fxsr sse sse2 ss syscall nx pdpe1gb rdtscp lm constant_tsc arch_perfmon rep_good nopl cpuid tsc_known_freq pni pclmulqdq vmx ssse3 fma cx16 pcid sse4_1 sse4_2 x2apic movbe popcnt tsc_deadline_timer aes xsave avx f16c rdrand hypervisor lahf_lm abm 3dnowprefetch cpuid_fault invpcid_single pti ssbd ibrs ibpb tpr_shadow vnmi flexpriority ept vpid fsgsbase tsc_adjust bmi1 avx2 smep bmi2 erms invpcid mpx avx512f avx512dq rdseed adx smap clflushopt clwb avx512cd avx512bw avx512vl xsaveopt xsavec xgetbv1 pku ospke md_clear
bugs		: cpu_meltdown spectre_v1 spectre_v2 spec_store_bypass l1tf mds swapgs
bogomips	: 4589.21
clflush size	: 64
cache_alignment	: 64
address sizes	: 40 bits physical, 48 bits virtual
power management:



Memory: 4k page, physical 1008808k(181928k free), swap 0k(0k free)

vm_info: OpenJDK 64-Bit Server VM (25.242-b08) for linux-amd64 JRE (1.8.0_242-8u242-b08-0ubuntu3~18.04-b08), built on Jan 17 2020 23:41:21 by "buildd" with gcc 7.4.0

time: Mon Apr  6 11:41:33 2020
timezone: UTC
elapsed time: 1 seconds (0d 0h 0m 1s)

