#
# A fatal error has been detected by the Java Runtime Environment:
#
#  SIGSEGV (0xb) at pc=0x00007ff880b5512a, pid=16334, tid=0x00007ff8bc03c700
#
# JRE version: OpenJDK Runtime Environment (8.0_242-b08) (build 1.8.0_242-8u242-b08-0ubuntu3~18.04-b08)
# Java VM: OpenJDK 64-Bit Server VM (25.242-b08 mixed mode linux-amd64 compressed oops)
# Problematic frame:
# C  [mca_gds_ds21.so+0x212a]  pmix_gds_ds21_lock_init+0x12a
#
# Failed to write core dump. Core dumps have been disabled. To enable core dumping, try "ulimit -c unlimited" before starting Java again
#
# If you would like to submit a bug report, please visit:
#   http://bugreport.java.com/bugreport/crash.jsp
# The crash happened outside the Java Virtual Machine in native code.
# See problematic frame for where to report the bug.
#

---------------  T H R E A D  ---------------

Current thread (0x00007ff8b400b800):  JavaThread "main" [_thread_in_native, id=16374, stack(0x00007ff8bbf3d000,0x00007ff8bc03d000)]

siginfo: si_signo: 11 (SIGSEGV), si_code: 1 (SEGV_MAPERR), si_addr: 0x00007ff8b8005008

Registers:
RAX=0x00007ff8b426d470, RBX=0x00007ff8b426d390, RCX=0x00007ff880f7585e, RDX=0x00007fff8686eceb
RSP=0x00007ff8bc03a700, RBP=0x00007ff8b426d3e8, RSI=0x0000000000085000, RDI=0x0000000000000000
R8 =0x000000000000001e, R9 =0x0000000000000000, R10=0x0000000000000001, R11=0x0000000000000000
R12=0x00007ff8b426cfe8, R13=0x0000000000001000, R14=0x00007ff8b8005000, R15=0x00007ff8b426d3e0
RIP=0x00007ff880b5512a, EFLAGS=0x0000000000010202, CSGSFS=0x002b000000000033, ERR=0x0000000000000004
  TRAPNO=0x000000000000000e

Top of Stack: (sp=0x00007ff8bc03a700)
0x00007ff8bc03a700:   00007ff8b426d340 00007fff8686eceb
0x00007ff8bc03a710:   0000000000085000 000003e800000002
0x00007ff8bc03a720:   0000000000000000 00007ff8bb8bb2ed
0x00007ff8bc03a730:   00007ff8b426d030 c9a00b783a5e4400
0x00007ff8bc03a740:   0000000000000000 00007ff8b426cd10
0x00007ff8bc03a750:   0000000000000000 00007fff8686eceb
0x00007ff8bc03a760:   0000000000000000 00007ff8b426cf80
0x00007ff8bc03a770:   0000000000000000 00007ff880f71bcb
0x00007ff8bc03a780:   00007ff880b55cee 00007ff8bc03a810
0x00007ff8bc03a790:   00007ff8820f2513 0000001500000040
0x00007ff8bc03a7a0:   00007ff8b4268660 c9a00b783a5e4400
0x00007ff8bc03a7b0:   00007ff880f67280 00007ff8b4268170
0x00007ff8bc03a7c0:   00007ff880d572d4 00007ff8823180a0
0x00007ff8bc03a7d0:   00007ff880d57180 00007ff88231bfc0
0x00007ff8bc03a7e0:   00007ff8b426ccc0 00007ff880b54db4
0x00007ff8bc03a7f0:   00007ff882318060 00007ff8820daee8
0x00007ff8bc03a800:   00007ff882318100 00007ff8bc03a834
0x00007ff8bc03a810:   00007ff8bc03a838 0000000000000000
0x00007ff8bc03a820:   0000000000000000 00007ff88231bfd0
0x00007ff8bc03a830:   0000001e8204fdb0 00007ff880d57180
0x00007ff8bc03a840:   0000000000000000 c9a00b783a5e4400
0x00007ff8bc03a850:   00007ff8823180a0 0000000000000000
0x00007ff8bc03a860:   0000000000000000 00007ff8b41f7570
0x00007ff8bc03a870:   00007ff88204fdb0 00007ff882317520
0x00007ff8bc03a880:   0000000000000000 00007ff882095763
0x00007ff8bc03a890:   000000000000000c 00007ff8823177d8
0x00007ff8bc03a8a0:   2d69706d6e65706f 0000316576616c73
0x00007ff8bc03a8b0:   00007ff881fda100 00007ff881fd5b00
0x00007ff8bc03a8c0:   00007ff881fdd64e 0000000100000000
0x00007ff8bc03a8d0:   00007ff8bc03a9d0 00007ff800000003
0x00007ff8bc03a8e0:   00007ff8bc03a9c0 c9a00b783a5e4400
0x00007ff8bc03a8f0:   00007ff8b41f4f50 00007ff882316f60 

Instructions: (pc=0x00007ff880b5512a)
0x00007ff880b5510a:   f7 ff ff 48 85 c0 49 89 47 30 0f 84 16 03 00 00
0x00007ff880b5511a:   4c 8b 70 18 49 8b 36 4c 39 ee 0f 87 ce 02 00 00
0x00007ff880b5512a:   41 8b 46 08 41 89 47 40 49 8b 56 18 4c 01 f2 85
0x00007ff880b5513a:   c0 49 89 57 38 0f 84 eb 02 00 00 31 c0 ba 01 00 

Register to memory mapping:

RAX=0x00007ff8b426d470 is an unknown value
RBX=0x00007ff8b426d390 is an unknown value
RCX=0x00007ff880f7585e: pmix_common_dstor_attach_new_lock_seg+0x1e in /usr/local/lib/libmca_common_dstore.so.1 at 0x00007ff880f68000
RDX=0x00007fff8686eceb is an unknown value
RSP=0x00007ff8bc03a700 is pointing into the stack for thread: 0x00007ff8b400b800
RBP=0x00007ff8b426d3e8 is an unknown value
RSI=0x0000000000085000 is an unknown value
RDI=0x0000000000000000 is an unknown value
R8 =0x000000000000001e is an unknown value
R9 =0x0000000000000000 is an unknown value
R10=0x0000000000000001 is an unknown value
R11=0x0000000000000000 is an unknown value
R12=0x00007ff8b426cfe8 is an unknown value
R13=0x0000000000001000 is an unknown value
R14=0x00007ff8b8005000 is an unknown value
R15=0x00007ff8b426d3e0 is an unknown value


Stack: [0x00007ff8bbf3d000,0x00007ff8bc03d000],  sp=0x00007ff8bc03a700,  free space=1013k
Native frames: (J=compiled Java code, j=interpreted, Vv=VM code, C=native code)
C  [mca_gds_ds21.so+0x212a]  pmix_gds_ds21_lock_init+0x12a

Java frames: (J=compiled Java code, j=interpreted, Vv=VM code)
j  mpi.MPI.Init_jni([Ljava/lang/String;)[Ljava/lang/String;+0
j  mpi.MPI.Init([Ljava/lang/String;)[Ljava/lang/String;+17
j  Client.main([Ljava/lang/String;)V+1
v  ~StubRoutines::call_stub

---------------  P R O C E S S  ---------------

Java Threads: ( => current thread )
  0x00007ff890001000 JavaThread "SIGTERM handler" daemon [_thread_blocked, id=17002, stack(0x00007ff88084f000,0x00007ff880950000)]
  0x00007ff8b40c1800 JavaThread "Service Thread" daemon [_thread_blocked, id=16641, stack(0x00007ff897dfe000,0x00007ff897eff000)]
  0x00007ff8b40b4800 JavaThread "C1 CompilerThread1" daemon [_thread_blocked, id=16625, stack(0x00007ff897f00000,0x00007ff898000000)]
  0x00007ff8b40b2000 JavaThread "C2 CompilerThread0" daemon [_thread_blocked, id=16616, stack(0x00007ff8a40ef000,0x00007ff8a41ef000)]
  0x00007ff8b40b0800 JavaThread "Signal Dispatcher" daemon [_thread_blocked, id=16605, stack(0x00007ff8a41ef000,0x00007ff8a42f0000)]
  0x00007ff8b407e000 JavaThread "Finalizer" daemon [_thread_blocked, id=16546, stack(0x00007ff8a45fe000,0x00007ff8a46ff000)]
  0x00007ff8b4079800 JavaThread "Reference Handler" daemon [_thread_blocked, id=16538, stack(0x00007ff8a46ff000,0x00007ff8a4800000)]
=>0x00007ff8b400b800 JavaThread "main" [_thread_in_native, id=16374, stack(0x00007ff8bbf3d000,0x00007ff8bc03d000)]

Other Threads:
  0x00007ff8b406f800 VMThread [stack: 0x00007ff8b80ad000,0x00007ff8b81ad000] [id=16521]
  0x00007ff8b40c4800 WatcherThread [stack: 0x00007ff897cfe000,0x00007ff897dfe000] [id=16653]

VM state:not at safepoint (normal execution)

VM Mutex/Monitor currently owned by a thread: None

heap address: 0x00000000f0800000, size: 248 MB, Compressed Oops mode: 32-bit
Narrow klass base: 0x0000000000000000, Narrow klass shift: 3
Compressed class space size: 1073741824 Address: 0x0000000100000000

Heap:
 def new generation   total 4928K, used 1618K [0x00000000f0800000, 0x00000000f0d50000, 0x00000000f5aa0000)
  eden space 4416K,  36% used [0x00000000f0800000, 0x00000000f0994988, 0x00000000f0c50000)
  from space 512K,   0% used [0x00000000f0c50000, 0x00000000f0c50000, 0x00000000f0cd0000)
  to   space 512K,   0% used [0x00000000f0cd0000, 0x00000000f0cd0000, 0x00000000f0d50000)
 tenured generation   total 10944K, used 0K [0x00000000f5aa0000, 0x00000000f6550000, 0x0000000100000000)
   the space 10944K,   0% used [0x00000000f5aa0000, 0x00000000f5aa0000, 0x00000000f5aa0200, 0x00000000f6550000)
 Metaspace       used 3136K, capacity 4792K, committed 5120K, reserved 1056768K
  class space    used 315K, capacity 424K, committed 512K, reserved 1048576K

Card table byte_map: [0x00007ff8bbebf000,0x00007ff8bbf3c000] byte_map_base: 0x00007ff8bb73b000

Polling page: 0x00007ff8bc048000

CodeCache: size=245760Kb used=1274Kb max_used=1274Kb free=244485Kb
 bounds [0x00007ff8a5000000, 0x00007ff8a5270000, 0x00007ff8b4000000]
 total_blobs=380 nmethods=75 adapters=220
 compilation: enabled

Compilation events (10 events):
Event: 1.985 Thread 0x00007ff8b40b4800   72       3       java.lang.String::startsWith (7 bytes)
Event: 1.985 Thread 0x00007ff8b40b4800 nmethod 72 0x00007ff8a5134750 code [0x00007ff8a51348c0, 0x00007ff8a5134ac8]
Event: 1.985 Thread 0x00007ff8b40b4800   71       3       java.lang.AbstractStringBuilder::<init> (12 bytes)
Event: 1.985 Thread 0x00007ff8b40b4800 nmethod 71 0x00007ff8a5134b50 code [0x00007ff8a5134cc0, 0x00007ff8a5134f10]
Event: 1.985 Thread 0x00007ff8b40b4800   70       1       java.net.URL::getQuery (5 bytes)
Event: 1.985 Thread 0x00007ff8b40b4800 nmethod 70 0x00007ff8a5134fd0 code [0x00007ff8a5135120, 0x00007ff8a5135230]
Event: 2.054 Thread 0x00007ff8b40b4800   74       3       java.util.concurrent.ConcurrentHashMap::setTabAt (19 bytes)
Event: 2.054 Thread 0x00007ff8b40b4800 nmethod 74 0x00007ff8a513d490 code [0x00007ff8a513d5e0, 0x00007ff8a513d750]
Event: 2.054 Thread 0x00007ff8b40b4800   76   !   3       java.util.zip.ZipFile::getEntry (101 bytes)
Event: 2.055 Thread 0x00007ff8b40b4800 nmethod 76 0x00007ff8a513d7d0 code [0x00007ff8a513d9a0, 0x00007ff8a513e018]

GC Heap History (0 events):
No events

Deoptimization events (0 events):
No events

Classes redefined (0 events):
No events

Internal exceptions (5 events):
Event: 0.643 Thread 0x00007ff8b400b800 Exception <a 'java/lang/NoSuchMethodError': Method sun.misc.Unsafe.defineClass(Ljava/lang/String;[BII)Ljava/lang/Class; name or signature does not match> (0x00000000f0807cc8) thrown at [/build/openjdk-8-58sEEn/openjdk-8-8u242-b08/src/hotspot/src/share/vm/
Event: 0.643 Thread 0x00007ff8b400b800 Exception <a 'java/lang/NoSuchMethodError': Method sun.misc.Unsafe.prefetchRead(Ljava/lang/Object;J)V name or signature does not match> (0x00000000f0807fb0) thrown at [/build/openjdk-8-58sEEn/openjdk-8-8u242-b08/src/hotspot/src/share/vm/prims/jni.cpp, lin
Event: 1.388 Thread 0x00007ff8b400b800 Exception <a 'java/util/zip/ZipException'> (0x00000000f085dec8) thrown at [/build/openjdk-8-58sEEn/openjdk-8-8u242-b08/src/hotspot/src/share/vm/prims/jni.cpp, line 710]
Event: 1.388 Thread 0x00007ff8b400b800 Exception <a 'java/security/PrivilegedActionException'> (0x00000000f085e168) thrown at [/build/openjdk-8-58sEEn/openjdk-8-8u242-b08/src/hotspot/src/share/vm/prims/jvm.cpp, line 1502]
Event: 1.388 Thread 0x00007ff8b400b800 Exception <a 'java/security/PrivilegedActionException'> (0x00000000f085e378) thrown at [/build/openjdk-8-58sEEn/openjdk-8-8u242-b08/src/hotspot/src/share/vm/prims/jvm.cpp, line 1502]

Events (10 events):
Event: 1.970 loading class mpi/Constant
Event: 1.970 loading class mpi/Constant done
Event: 1.970 loading class mpi/Errhandler
Event: 1.970 loading class mpi/Errhandler done
Event: 1.970 loading class mpi/Intracomm
Event: 1.970 loading class mpi/Intracomm done
Event: 1.971 loading class mpi/Comm
Event: 1.971 loading class mpi/Comm done
Event: 2.054 loading class mpi/Version
Event: 2.054 loading class mpi/Version done


Dynamic libraries:
f0800000-f0d50000 rw-p 00000000 00:00 0 
f0d50000-f5aa0000 ---p 00000000 00:00 0 
f5aa0000-f6550000 rw-p 00000000 00:00 0 
f6550000-100000000 ---p 00000000 00:00 0 
100000000-100080000 rw-p 00000000 00:00 0 
100080000-140000000 ---p 00000000 00:00 0 
5567011af000-5567011b0000 r-xp 00000000 fc:01 2079032                    /usr/lib/jvm/java-8-openjdk-amd64/jre/bin/java
5567013af000-5567013b0000 r--p 00000000 fc:01 2079032                    /usr/lib/jvm/java-8-openjdk-amd64/jre/bin/java
5567013b0000-5567013b1000 rw-p 00001000 fc:01 2079032                    /usr/lib/jvm/java-8-openjdk-amd64/jre/bin/java
556701948000-556701969000 rw-p 00000000 00:00 0                          [heap]
7ff870000000-7ff870021000 rw-p 00000000 00:00 0 
7ff870021000-7ff874000000 ---p 00000000 00:00 0 
7ff878000000-7ff878021000 rw-p 00000000 00:00 0 
7ff878021000-7ff87c000000 ---p 00000000 00:00 0 
7ff87c000000-7ff87c021000 rw-p 00000000 00:00 0 
7ff87c021000-7ff880000000 ---p 00000000 00:00 0 
7ff88084f000-7ff880852000 ---p 00000000 00:00 0 
7ff880852000-7ff880950000 rw-p 00000000 00:00 0 
7ff880950000-7ff880952000 r-xp 00000000 fc:01 526222                     /usr/local/lib/pmix/mca_pshmem_mmap.so
7ff880952000-7ff880b51000 ---p 00002000 fc:01 526222                     /usr/local/lib/pmix/mca_pshmem_mmap.so
7ff880b51000-7ff880b52000 r--p 00001000 fc:01 526222                     /usr/local/lib/pmix/mca_pshmem_mmap.so
7ff880b52000-7ff880b53000 rw-p 00002000 fc:01 526222                     /usr/local/lib/pmix/mca_pshmem_mmap.so
7ff880b53000-7ff880b57000 r-xp 00000000 fc:01 526198                     /usr/local/lib/pmix/mca_gds_ds21.so
7ff880b57000-7ff880d56000 ---p 00004000 fc:01 526198                     /usr/local/lib/pmix/mca_gds_ds21.so
7ff880d56000-7ff880d57000 r--p 00003000 fc:01 526198                     /usr/local/lib/pmix/mca_gds_ds21.so
7ff880d57000-7ff880d58000 rw-p 00004000 fc:01 526198                     /usr/local/lib/pmix/mca_gds_ds21.so
7ff880d58000-7ff880d67000 r-xp 00000000 fc:01 526200                     /usr/local/lib/pmix/mca_gds_hash.so
7ff880d67000-7ff880f66000 ---p 0000f000 fc:01 526200                     /usr/local/lib/pmix/mca_gds_hash.so
7ff880f66000-7ff880f67000 r--p 0000e000 fc:01 526200                     /usr/local/lib/pmix/mca_gds_hash.so
7ff880f67000-7ff880f68000 rw-p 0000f000 fc:01 526200                     /usr/local/lib/pmix/mca_gds_hash.so
7ff880f68000-7ff880f77000 r-xp 00000000 fc:01 7028                       /usr/local/lib/libmca_common_dstore.so.1.0.0
7ff880f77000-7ff881176000 ---p 0000f000 fc:01 7028                       /usr/local/lib/libmca_common_dstore.so.1.0.0
7ff881176000-7ff881177000 r--p 0000e000 fc:01 7028                       /usr/local/lib/libmca_common_dstore.so.1.0.0
7ff881177000-7ff881178000 rw-p 0000f000 fc:01 7028                       /usr/local/lib/libmca_common_dstore.so.1.0.0
7ff881178000-7ff88117c000 r-xp 00000000 fc:01 526196                     /usr/local/lib/pmix/mca_gds_ds12.so
7ff88117c000-7ff88137b000 ---p 00004000 fc:01 526196                     /usr/local/lib/pmix/mca_gds_ds12.so
7ff88137b000-7ff88137c000 r--p 00003000 fc:01 526196                     /usr/local/lib/pmix/mca_gds_ds12.so
7ff88137c000-7ff88137d000 rw-p 00004000 fc:01 526196                     /usr/local/lib/pmix/mca_gds_ds12.so
7ff88137d000-7ff881385000 r-xp 00000000 fc:01 526226                     /usr/local/lib/pmix/mca_ptl_usock.so
7ff881385000-7ff881584000 ---p 00008000 fc:01 526226                     /usr/local/lib/pmix/mca_ptl_usock.so
7ff881584000-7ff881585000 r--p 00007000 fc:01 526226                     /usr/local/lib/pmix/mca_ptl_usock.so
7ff881585000-7ff881586000 rw-p 00008000 fc:01 526226                     /usr/local/lib/pmix/mca_ptl_usock.so
7ff881586000-7ff881597000 r-xp 00000000 fc:01 526224                     /usr/local/lib/pmix/mca_ptl_tcp.so
7ff881597000-7ff881796000 ---p 00011000 fc:01 526224                     /usr/local/lib/pmix/mca_ptl_tcp.so
7ff881796000-7ff881797000 r--p 00010000 fc:01 526224                     /usr/local/lib/pmix/mca_ptl_tcp.so
7ff881797000-7ff881798000 rw-p 00011000 fc:01 526224                     /usr/local/lib/pmix/mca_ptl_tcp.so
7ff881798000-7ff8817a9000 r-xp 00000000 fc:01 526188                     /usr/local/lib/pmix/mca_bfrops_v12.so
7ff8817a9000-7ff8819a9000 ---p 00011000 fc:01 526188                     /usr/local/lib/pmix/mca_bfrops_v12.so
7ff8819a9000-7ff8819aa000 r--p 00011000 fc:01 526188                     /usr/local/lib/pmix/mca_bfrops_v12.so
7ff8819aa000-7ff8819ab000 rw-p 00012000 fc:01 526188                     /usr/local/lib/pmix/mca_bfrops_v12.so
7ff8819ab000-7ff8819c2000 r-xp 00000000 fc:01 526190                     /usr/local/lib/pmix/mca_bfrops_v20.so
7ff8819c2000-7ff881bc1000 ---p 00017000 fc:01 526190                     /usr/local/lib/pmix/mca_bfrops_v20.so
7ff881bc1000-7ff881bc2000 r--p 00016000 fc:01 526190                     /usr/local/lib/pmix/mca_bfrops_v20.so
7ff881bc2000-7ff881bc3000 rw-p 00017000 fc:01 526190                     /usr/local/lib/pmix/mca_bfrops_v20.so
7ff881bc3000-7ff881bcb000 r-xp 00000000 fc:01 526194                     /usr/local/lib/pmix/mca_bfrops_v3.so
7ff881bcb000-7ff881dca000 ---p 00008000 fc:01 526194                     /usr/local/lib/pmix/mca_bfrops_v3.so
7ff881dca000-7ff881dcb000 r--p 00007000 fc:01 526194                     /usr/local/lib/pmix/mca_bfrops_v3.so
7ff881dcb000-7ff881dcc000 rw-p 00008000 fc:01 526194                     /usr/local/lib/pmix/mca_bfrops_v3.so
7ff881dcc000-7ff881dd3000 r-xp 00000000 fc:01 526192                     /usr/local/lib/pmix/mca_bfrops_v21.so
7ff881dd3000-7ff881fd3000 ---p 00007000 fc:01 526192                     /usr/local/lib/pmix/mca_bfrops_v21.so
7ff881fd3000-7ff881fd4000 r--p 00007000 fc:01 526192                     /usr/local/lib/pmix/mca_bfrops_v21.so
7ff881fd4000-7ff881fd5000 rw-p 00008000 fc:01 526192                     /usr/local/lib/pmix/mca_bfrops_v21.so
7ff881fd5000-7ff882114000 r-xp 00000000 fc:01 526228                     /usr/local/lib/openmpi/mca_pmix_pmix3x.so
7ff882114000-7ff882314000 ---p 0013f000 fc:01 526228                     /usr/local/lib/openmpi/mca_pmix_pmix3x.so
7ff882314000-7ff882315000 r--p 0013f000 fc:01 526228                     /usr/local/lib/openmpi/mca_pmix_pmix3x.so
7ff882315000-7ff88231a000 rw-p 00140000 fc:01 526228                     /usr/local/lib/openmpi/mca_pmix_pmix3x.so
7ff88231a000-7ff88231d000 rw-p 00000000 00:00 0 
7ff882320000-7ff882322000 r-xp 00000000 fc:01 526214                     /usr/local/lib/pmix/mca_psec_native.so
7ff882322000-7ff882521000 ---p 00002000 fc:01 526214                     /usr/local/lib/pmix/mca_psec_native.so
7ff882521000-7ff882522000 r--p 00001000 fc:01 526214                     /usr/local/lib/pmix/mca_psec_native.so
7ff882522000-7ff882523000 rw-p 00002000 fc:01 526214                     /usr/local/lib/pmix/mca_psec_native.so
7ff882523000-7ff882524000 ---p 00000000 00:00 0 
7ff882524000-7ff882d24000 rw-p 00000000 00:00 0 
7ff882d24000-7ff882d28000 r-xp 00000000 fc:01 526266                     /usr/local/lib/openmpi/mca_ess_pmi.so
7ff882d28000-7ff882f27000 ---p 00004000 fc:01 526266                     /usr/local/lib/openmpi/mca_ess_pmi.so
7ff882f27000-7ff882f28000 r--p 00003000 fc:01 526266                     /usr/local/lib/openmpi/mca_ess_pmi.so
7ff882f28000-7ff882f29000 rw-p 00004000 fc:01 526266                     /usr/local/lib/openmpi/mca_ess_pmi.so
7ff882f29000-7ff882f2a000 r-xp 00000000 fc:01 526334                     /usr/local/lib/openmpi/mca_schizo_orte.so
7ff882f2a000-7ff883129000 ---p 00001000 fc:01 526334                     /usr/local/lib/openmpi/mca_schizo_orte.so
7ff883129000-7ff88312a000 r--p 00000000 fc:01 526334                     /usr/local/lib/openmpi/mca_schizo_orte.so
7ff88312a000-7ff88312b000 rw-p 00001000 fc:01 526334                     /usr/local/lib/openmpi/mca_schizo_orte.so
7ff88312b000-7ff88312d000 r-xp 00000000 fc:01 526336                     /usr/local/lib/openmpi/mca_schizo_slurm.so
7ff88312d000-7ff88332c000 ---p 00002000 fc:01 526336                     /usr/local/lib/openmpi/mca_schizo_slurm.so
7ff88332c000-7ff88332d000 r--p 00001000 fc:01 526336                     /usr/local/lib/openmpi/mca_schizo_slurm.so
7ff88332d000-7ff88332e000 rw-p 00002000 fc:01 526336                     /usr/local/lib/openmpi/mca_schizo_slurm.so
7ff88332e000-7ff883336000 r-xp 00000000 fc:01 526332                     /usr/local/lib/openmpi/mca_schizo_ompi.so
7ff883336000-7ff883535000 ---p 00008000 fc:01 526332                     /usr/local/lib/openmpi/mca_schizo_ompi.so
7ff883535000-7ff883536000 r--p 00007000 fc:01 526332                     /usr/local/lib/openmpi/mca_schizo_ompi.so
7ff883536000-7ff883538000 rw-p 00008000 fc:01 526332                     /usr/local/lib/openmpi/mca_schizo_ompi.so
7ff883538000-7ff883539000 r-xp 00000000 fc:01 526330                     /usr/local/lib/openmpi/mca_schizo_flux.so
7ff883539000-7ff883739000 ---p 00001000 fc:01 526330                     /usr/local/lib/openmpi/mca_schizo_flux.so
7ff883739000-7ff88373a000 r--p 00001000 fc:01 526330                     /usr/local/lib/openmpi/mca_schizo_flux.so
7ff88373a000-7ff88373b000 rw-p 00002000 fc:01 526330                     /usr/local/lib/openmpi/mca_schizo_flux.so
7ff88373b000-7ff88373d000 r-xp 00000000 fc:01 526234                     /usr/local/lib/openmpi/mca_reachable_weighted.so
7ff88373d000-7ff88393c000 ---p 00002000 fc:01 526234                     /usr/local/lib/openmpi/mca_reachable_weighted.so
7ff88393c000-7ff88393d000 r--p 00001000 fc:01 526234                     /usr/local/lib/openmpi/mca_reachable_weighted.so
7ff88393d000-7ff88393e000 rw-p 00002000 fc:01 526234                     /usr/local/lib/openmpi/mca_reachable_weighted.so
7ff88393e000-7ff883941000 r-xp 00000000 fc:01 526236                     /usr/local/lib/openmpi/mca_shmem_mmap.so
7ff883941000-7ff883b40000 ---p 00003000 fc:01 526236                     /usr/local/lib/openmpi/mca_shmem_mmap.so
7ff883b40000-7ff883b41000 r--p 00002000 fc:01 526236                     /usr/local/lib/openmpi/mca_shmem_mmap.so
7ff883b41000-7ff883b42000 rw-p 00003000 fc:01 526236                     /usr/local/lib/openmpi/mca_shmem_mmap.so
7ff883b42000-7ff883b44000 r-xp 00000000 fc:01 2182                       /lib/x86_64-linux-gnu/libutil-2.27.so
7ff883b44000-7ff883d43000 ---p 00002000 fc:01 2182                       /lib/x86_64-linux-gnu/libutil-2.27.so
7ff883d43000-7ff883d44000 r--p 00001000 fc:01 2182                       /lib/x86_64-linux-gnu/libutil-2.27.so
7ff883d44000-7ff883d45000 rw-p 00002000 fc:01 2182                       /lib/x86_64-linux-gnu/libutil-2.27.so
7ff883d45000-7ff883df8000 r-xp 00000000 fc:01 7159                       /usr/local/lib/libopen-rte.so.40.20.1
7ff883df8000-7ff883ff7000 ---p 000b3000 fc:01 7159                       /usr/local/lib/libopen-rte.so.40.20.1
7ff883ff7000-7ff883ff9000 r--p 000b2000 fc:01 7159                       /usr/local/lib/libopen-rte.so.40.20.1
7ff883ff9000-7ff883ffd000 rw-p 000b4000 fc:01 7159                       /usr/local/lib/libopen-rte.so.40.20.1
7ff883ffd000-7ff884000000 rw-p 00000000 00:00 0 
7ff884000000-7ff884195000 rw-p 00000000 00:00 0 
7ff884195000-7ff888000000 ---p 00000000 00:00 0 
7ff888000000-7ff888021000 rw-p 00000000 00:00 0 
7ff888021000-7ff88c000000 ---p 00000000 00:00 0 
7ff88c000000-7ff88c04e000 rw-p 00000000 00:00 0 
7ff88c04e000-7ff890000000 ---p 00000000 00:00 0 
7ff890000000-7ff890021000 rw-p 00000000 00:00 0 
7ff890021000-7ff894000000 ---p 00000000 00:00 0 
7ff894060000-7ff894167000 r-xp 00000000 fc:01 4656                       /usr/local/lib/libopen-pal.so.40.20.1
7ff894167000-7ff894367000 ---p 00107000 fc:01 4656                       /usr/local/lib/libopen-pal.so.40.20.1
7ff894367000-7ff89436a000 r--p 00107000 fc:01 4656                       /usr/local/lib/libopen-pal.so.40.20.1
7ff89436a000-7ff894370000 rw-p 0010a000 fc:01 4656                       /usr/local/lib/libopen-pal.so.40.20.1
7ff894370000-7ff894377000 rw-p 00000000 00:00 0 
7ff894377000-7ff894484000 r-xp 00000000 fc:01 7362                       /usr/local/lib/libmpi.so.40.20.1
7ff894484000-7ff894683000 ---p 0010d000 fc:01 7362                       /usr/local/lib/libmpi.so.40.20.1
7ff894683000-7ff894685000 r--p 0010c000 fc:01 7362                       /usr/local/lib/libmpi.so.40.20.1
7ff894685000-7ff894696000 rw-p 0010e000 fc:01 7362                       /usr/local/lib/libmpi.so.40.20.1
7ff894696000-7ff8946a8000 rw-p 00000000 00:00 0 
7ff8946a8000-7ff8946d0000 r-xp 00000000 fc:01 29870                      /usr/local/lib/libmpi_java.so.40.20.0
7ff8946d0000-7ff8948cf000 ---p 00028000 fc:01 29870                      /usr/local/lib/libmpi_java.so.40.20.0
7ff8948cf000-7ff8948d0000 r--p 00027000 fc:01 29870                      /usr/local/lib/libmpi_java.so.40.20.0
7ff8948d0000-7ff8948d1000 rw-p 00028000 fc:01 29870                      /usr/local/lib/libmpi_java.so.40.20.0
7ff8948d1000-7ff8978d2000 rw-p 00000000 00:00 0 
7ff8978d2000-7ff8978e9000 r-xp 00000000 fc:01 2079070                    /usr/lib/jvm/java-8-openjdk-amd64/jre/lib/amd64/libnet.so
7ff8978e9000-7ff897ae8000 ---p 00017000 fc:01 2079070                    /usr/lib/jvm/java-8-openjdk-amd64/jre/lib/amd64/libnet.so
7ff897ae8000-7ff897ae9000 r--p 00016000 fc:01 2079070                    /usr/lib/jvm/java-8-openjdk-amd64/jre/lib/amd64/libnet.so
7ff897ae9000-7ff897aea000 rw-p 00017000 fc:01 2079070                    /usr/lib/jvm/java-8-openjdk-amd64/jre/lib/amd64/libnet.so
7ff897aea000-7ff897afb000 r-xp 00000000 fc:01 2079071                    /usr/lib/jvm/java-8-openjdk-amd64/jre/lib/amd64/libnio.so
7ff897afb000-7ff897cfb000 ---p 00011000 fc:01 2079071                    /usr/lib/jvm/java-8-openjdk-amd64/jre/lib/amd64/libnio.so
7ff897cfb000-7ff897cfc000 r--p 00011000 fc:01 2079071                    /usr/lib/jvm/java-8-openjdk-amd64/jre/lib/amd64/libnio.so
7ff897cfc000-7ff897cfd000 rw-p 00012000 fc:01 2079071                    /usr/lib/jvm/java-8-openjdk-amd64/jre/lib/amd64/libnio.so
7ff897cfd000-7ff897cfe000 ---p 00000000 00:00 0 
7ff897cfe000-7ff897dfe000 rw-p 00000000 00:00 0 
7ff897dfe000-7ff897e01000 ---p 00000000 00:00 0 
7ff897e01000-7ff897eff000 rw-p 00000000 00:00 0 
7ff897eff000-7ff897f00000 ---p 00000000 00:00 0 
7ff897f00000-7ff897f03000 ---p 00000000 00:00 0 
7ff897f03000-7ff898000000 rw-p 00000000 00:00 0 
7ff898000000-7ff898021000 rw-p 00000000 00:00 0 
7ff898021000-7ff89c000000 ---p 00000000 00:00 0 
7ff89c000000-7ff89c021000 rw-p 00000000 00:00 0 
7ff89c021000-7ff8a0000000 ---p 00000000 00:00 0 
7ff8a0000000-7ff8a0021000 rw-p 00000000 00:00 0 
7ff8a0021000-7ff8a4000000 ---p 00000000 00:00 0 
7ff8a403f000-7ff8a40c4000 rw-s 00000000 fc:01 526899                     /tmp/ompi.openmpi-slave1.1000/jf.8274/pmix_dstor_ds21_15448/smlockseg-542244865
7ff8a40c4000-7ff8a40e1000 r--s 00142000 00:34 527719                     /home/mpiuser/cloud/fyp/java_client/lib/spring-web-5.2.5.RELEASE.jar
7ff8a40e1000-7ff8a40ee000 r--s 00090000 00:34 527704                     /home/mpiuser/cloud/fyp/java_client/lib/amqp-client-5.8.0.jar
7ff8a40ee000-7ff8a40ef000 ---p 00000000 00:00 0 
7ff8a40ef000-7ff8a40f2000 ---p 00000000 00:00 0 
7ff8a40f2000-7ff8a41ef000 rw-p 00000000 00:00 0 
7ff8a41ef000-7ff8a41f2000 ---p 00000000 00:00 0 
7ff8a41f2000-7ff8a42f0000 rw-p 00000000 00:00 0 
7ff8a42f0000-7ff8a4463000 r--p 00000000 fc:01 7801                       /usr/lib/locale/C.UTF-8/LC_COLLATE
7ff8a4463000-7ff8a45fe000 r--p 00000000 fc:01 7796                       /usr/lib/locale/locale-archive
7ff8a45fe000-7ff8a4601000 ---p 00000000 00:00 0 
7ff8a4601000-7ff8a46ff000 rw-p 00000000 00:00 0 
7ff8a46ff000-7ff8a4702000 ---p 00000000 00:00 0 
7ff8a4702000-7ff8a4c80000 rw-p 00000000 00:00 0 
7ff8a4c80000-7ff8a5000000 ---p 00000000 00:00 0 
7ff8a5000000-7ff8a5270000 rwxp 00000000 00:00 0 
7ff8a5270000-7ff8b4000000 ---p 00000000 00:00 0 
7ff8b4000000-7ff8b426f000 rw-p 00000000 00:00 0 
7ff8b426f000-7ff8b8000000 ---p 00000000 00:00 0 
7ff8b8006000-7ff8b8007000 r--s 00000000 fc:01 526900                     /tmp/ompi.openmpi-slave1.1000/jf.8274/pmix_dstor_ds12_15448/initial-pmix_shared-segment-0
7ff8b8007000-7ff8b8008000 rw-s 00000000 fc:01 526901                     /tmp/ompi.openmpi-slave1.1000/jf.8274/pmix_dstor_ds12_15448/dstore_sm.lock
7ff8b8008000-7ff8b8009000 r--s 0000f000 00:34 527712                     /home/mpiuser/cloud/fyp/java_client/lib/mpi.jar
7ff8b8009000-7ff8b800c000 r--s 0000e000 00:34 527707                     /home/mpiuser/cloud/fyp/java_client/lib/jackson-annotations-2.10.3.jar
7ff8b800c000-7ff8b800d000 r--s 00003000 00:34 527715                     /home/mpiuser/cloud/fyp/java_client/lib/slf4j-simple-1.7.30.jar
7ff8b800d000-7ff8b8022000 r--s 00142000 00:34 527710                     /home/mpiuser/cloud/fyp/java_client/lib/jackson-databind-2.10.2.jar
7ff8b8022000-7ff8b8037000 r--s 00142000 00:34 527711                     /home/mpiuser/cloud/fyp/java_client/lib/jackson-databind-2.10.3.jar
7ff8b8037000-7ff8b8038000 r--s 00005000 00:34 527718                     /home/mpiuser/cloud/fyp/java_client/lib/spring-jcl-5.2.5.RELEASE.jar
7ff8b8038000-7ff8b8053000 r--s 001d6000 fc:01 2079097                    /usr/lib/jvm/java-8-openjdk-amd64/jre/lib/ext/nashorn.jar
7ff8b8053000-7ff8b8057000 r--s 0003a000 fc:01 2079100                    /usr/lib/jvm/java-8-openjdk-amd64/jre/lib/ext/sunpkcs11.jar
7ff8b8057000-7ff8b805c000 r--s 0003d000 fc:01 2079099                    /usr/lib/jvm/java-8-openjdk-amd64/jre/lib/ext/sunjce_provider.jar
7ff8b805c000-7ff8b805d000 r--s 00010000 fc:01 2079101                    /usr/lib/jvm/java-8-openjdk-amd64/jre/lib/ext/zipfs.jar
7ff8b805d000-7ff8b805e000 r--s 0000a000 fc:01 2079095                    /usr/lib/jvm/java-8-openjdk-amd64/jre/lib/ext/jaccess.jar
7ff8b805e000-7ff8b8060000 r--s 00007000 fc:01 29704                      /usr/share/java/java-atk-wrapper.jar
7ff8b8060000-7ff8b807b000 r--s 00394000 fc:01 2079092                    /usr/lib/jvm/java-8-openjdk-amd64/jre/lib/ext/cldrdata.jar
7ff8b807b000-7ff8b80ac000 r--p 00000000 fc:01 7802                       /usr/lib/locale/C.UTF-8/LC_CTYPE
7ff8b80ac000-7ff8b80ad000 ---p 00000000 00:00 0 
7ff8b80ad000-7ff8b81fb000 rw-p 00000000 00:00 0 
7ff8b81fb000-7ff8b83cb000 r--s 03c68000 fc:01 2079121                    /usr/lib/jvm/java-8-openjdk-amd64/jre/lib/rt.jar
7ff8b83cb000-7ff8b84ce000 rw-p 00000000 00:00 0 
7ff8b84ce000-7ff8b8884000 ---p 00000000 00:00 0 
7ff8b8884000-7ff8b888c000 r-xp 00000000 fc:01 2079078                    /usr/lib/jvm/java-8-openjdk-amd64/jre/lib/amd64/libzip.so
7ff8b888c000-7ff8b8a8b000 ---p 00008000 fc:01 2079078                    /usr/lib/jvm/java-8-openjdk-amd64/jre/lib/amd64/libzip.so
7ff8b8a8b000-7ff8b8a8c000 r--p 00007000 fc:01 2079078                    /usr/lib/jvm/java-8-openjdk-amd64/jre/lib/amd64/libzip.so
7ff8b8a8c000-7ff8b8a8d000 rw-p 00008000 fc:01 2079078                    /usr/lib/jvm/java-8-openjdk-amd64/jre/lib/amd64/libzip.so
7ff8b8a8d000-7ff8b8a98000 r-xp 00000000 fc:01 2093                       /lib/x86_64-linux-gnu/libnss_files-2.27.so
7ff8b8a98000-7ff8b8c97000 ---p 0000b000 fc:01 2093                       /lib/x86_64-linux-gnu/libnss_files-2.27.so
7ff8b8c97000-7ff8b8c98000 r--p 0000a000 fc:01 2093                       /lib/x86_64-linux-gnu/libnss_files-2.27.so
7ff8b8c98000-7ff8b8c99000 rw-p 0000b000 fc:01 2093                       /lib/x86_64-linux-gnu/libnss_files-2.27.so
7ff8b8c99000-7ff8b8c9f000 rw-p 00000000 00:00 0 
7ff8b8c9f000-7ff8b8cb6000 r-xp 00000000 fc:01 2090                       /lib/x86_64-linux-gnu/libnsl-2.27.so
7ff8b8cb6000-7ff8b8eb5000 ---p 00017000 fc:01 2090                       /lib/x86_64-linux-gnu/libnsl-2.27.so
7ff8b8eb5000-7ff8b8eb6000 r--p 00016000 fc:01 2090                       /lib/x86_64-linux-gnu/libnsl-2.27.so
7ff8b8eb6000-7ff8b8eb7000 rw-p 00017000 fc:01 2090                       /lib/x86_64-linux-gnu/libnsl-2.27.so
7ff8b8eb7000-7ff8b8eb9000 rw-p 00000000 00:00 0 
7ff8b8eb9000-7ff8b8ec4000 r-xp 00000000 fc:01 2095                       /lib/x86_64-linux-gnu/libnss_nis-2.27.so
7ff8b8ec4000-7ff8b90c3000 ---p 0000b000 fc:01 2095                       /lib/x86_64-linux-gnu/libnss_nis-2.27.so
7ff8b90c3000-7ff8b90c4000 r--p 0000a000 fc:01 2095                       /lib/x86_64-linux-gnu/libnss_nis-2.27.so
7ff8b90c4000-7ff8b90c5000 rw-p 0000b000 fc:01 2095                       /lib/x86_64-linux-gnu/libnss_nis-2.27.so
7ff8b90c5000-7ff8b90cd000 r-xp 00000000 fc:01 2091                       /lib/x86_64-linux-gnu/libnss_compat-2.27.so
7ff8b90cd000-7ff8b92cd000 ---p 00008000 fc:01 2091                       /lib/x86_64-linux-gnu/libnss_compat-2.27.so
7ff8b92cd000-7ff8b92ce000 r--p 00008000 fc:01 2091                       /lib/x86_64-linux-gnu/libnss_compat-2.27.so
7ff8b92ce000-7ff8b92cf000 rw-p 00009000 fc:01 2091                       /lib/x86_64-linux-gnu/libnss_compat-2.27.so
7ff8b92cf000-7ff8b92f9000 r-xp 00000000 fc:01 2079059                    /usr/lib/jvm/java-8-openjdk-amd64/jre/lib/amd64/libjava.so
7ff8b92f9000-7ff8b94f8000 ---p 0002a000 fc:01 2079059                    /usr/lib/jvm/java-8-openjdk-amd64/jre/lib/amd64/libjava.so
7ff8b94f8000-7ff8b94f9000 r--p 00029000 fc:01 2079059                    /usr/lib/jvm/java-8-openjdk-amd64/jre/lib/amd64/libjava.so
7ff8b94f9000-7ff8b94fb000 rw-p 0002a000 fc:01 2079059                    /usr/lib/jvm/java-8-openjdk-amd64/jre/lib/amd64/libjava.so
7ff8b94fb000-7ff8b950b000 r-xp 00000000 fc:01 2079077                    /usr/lib/jvm/java-8-openjdk-amd64/jre/lib/amd64/libverify.so
7ff8b950b000-7ff8b970a000 ---p 00010000 fc:01 2079077                    /usr/lib/jvm/java-8-openjdk-amd64/jre/lib/amd64/libverify.so
7ff8b970a000-7ff8b970c000 r--p 0000f000 fc:01 2079077                    /usr/lib/jvm/java-8-openjdk-amd64/jre/lib/amd64/libverify.so
7ff8b970c000-7ff8b970d000 rw-p 00011000 fc:01 2079077                    /usr/lib/jvm/java-8-openjdk-amd64/jre/lib/amd64/libverify.so
7ff8b970d000-7ff8b9714000 r-xp 00000000 fc:01 2180                       /lib/x86_64-linux-gnu/librt-2.27.so
7ff8b9714000-7ff8b9913000 ---p 00007000 fc:01 2180                       /lib/x86_64-linux-gnu/librt-2.27.so
7ff8b9913000-7ff8b9914000 r--p 00006000 fc:01 2180                       /lib/x86_64-linux-gnu/librt-2.27.so
7ff8b9914000-7ff8b9915000 rw-p 00007000 fc:01 2180                       /lib/x86_64-linux-gnu/librt-2.27.so
7ff8b9915000-7ff8b992c000 r-xp 00000000 fc:01 19131                      /lib/x86_64-linux-gnu/libgcc_s.so.1
7ff8b992c000-7ff8b9b2b000 ---p 00017000 fc:01 19131                      /lib/x86_64-linux-gnu/libgcc_s.so.1
7ff8b9b2b000-7ff8b9b2c000 r--p 00016000 fc:01 19131                      /lib/x86_64-linux-gnu/libgcc_s.so.1
7ff8b9b2c000-7ff8b9b2d000 rw-p 00017000 fc:01 19131                      /lib/x86_64-linux-gnu/libgcc_s.so.1
7ff8b9b2d000-7ff8b9cca000 r-xp 00000000 fc:01 2087                       /lib/x86_64-linux-gnu/libm-2.27.so
7ff8b9cca000-7ff8b9ec9000 ---p 0019d000 fc:01 2087                       /lib/x86_64-linux-gnu/libm-2.27.so
7ff8b9ec9000-7ff8b9eca000 r--p 0019c000 fc:01 2087                       /lib/x86_64-linux-gnu/libm-2.27.so
7ff8b9eca000-7ff8b9ecb000 rw-p 0019d000 fc:01 2087                       /lib/x86_64-linux-gnu/libm-2.27.so
7ff8b9ecb000-7ff8ba044000 r-xp 00000000 fc:01 7835                       /usr/lib/x86_64-linux-gnu/libstdc++.so.6.0.25
7ff8ba044000-7ff8ba244000 ---p 00179000 fc:01 7835                       /usr/lib/x86_64-linux-gnu/libstdc++.so.6.0.25
7ff8ba244000-7ff8ba24e000 r--p 00179000 fc:01 7835                       /usr/lib/x86_64-linux-gnu/libstdc++.so.6.0.25
7ff8ba24e000-7ff8ba250000 rw-p 00183000 fc:01 7835                       /usr/lib/x86_64-linux-gnu/libstdc++.so.6.0.25
7ff8ba250000-7ff8ba254000 rw-p 00000000 00:00 0 
7ff8ba254000-7ff8baef7000 r-xp 00000000 fc:01 2079081                    /usr/lib/jvm/java-8-openjdk-amd64/jre/lib/amd64/server/libjvm.so
7ff8baef7000-7ff8bb0f7000 ---p 00ca3000 fc:01 2079081                    /usr/lib/jvm/java-8-openjdk-amd64/jre/lib/amd64/server/libjvm.so
7ff8bb0f7000-7ff8bb18b000 r--p 00ca3000 fc:01 2079081                    /usr/lib/jvm/java-8-openjdk-amd64/jre/lib/amd64/server/libjvm.so
7ff8bb18b000-7ff8bb1b4000 rw-p 00d37000 fc:01 2079081                    /usr/lib/jvm/java-8-openjdk-amd64/jre/lib/amd64/server/libjvm.so
7ff8bb1b4000-7ff8bb1e4000 rw-p 00000000 00:00 0 
7ff8bb1e4000-7ff8bb1fe000 r-xp 00000000 fc:01 2178                       /lib/x86_64-linux-gnu/libpthread-2.27.so
7ff8bb1fe000-7ff8bb3fd000 ---p 0001a000 fc:01 2178                       /lib/x86_64-linux-gnu/libpthread-2.27.so
7ff8bb3fd000-7ff8bb3fe000 r--p 00019000 fc:01 2178                       /lib/x86_64-linux-gnu/libpthread-2.27.so
7ff8bb3fe000-7ff8bb3ff000 rw-p 0001a000 fc:01 2178                       /lib/x86_64-linux-gnu/libpthread-2.27.so
7ff8bb3ff000-7ff8bb403000 rw-p 00000000 00:00 0 
7ff8bb403000-7ff8bb406000 r-xp 00000000 fc:01 2086                       /lib/x86_64-linux-gnu/libdl-2.27.so
7ff8bb406000-7ff8bb605000 ---p 00003000 fc:01 2086                       /lib/x86_64-linux-gnu/libdl-2.27.so
7ff8bb605000-7ff8bb606000 r--p 00002000 fc:01 2086                       /lib/x86_64-linux-gnu/libdl-2.27.so
7ff8bb606000-7ff8bb607000 rw-p 00003000 fc:01 2086                       /lib/x86_64-linux-gnu/libdl-2.27.so
7ff8bb607000-7ff8bb623000 r-xp 00000000 fc:01 2183                       /lib/x86_64-linux-gnu/libz.so.1.2.11
7ff8bb623000-7ff8bb822000 ---p 0001c000 fc:01 2183                       /lib/x86_64-linux-gnu/libz.so.1.2.11
7ff8bb822000-7ff8bb823000 r--p 0001b000 fc:01 2183                       /lib/x86_64-linux-gnu/libz.so.1.2.11
7ff8bb823000-7ff8bb824000 rw-p 0001c000 fc:01 2183                       /lib/x86_64-linux-gnu/libz.so.1.2.11
7ff8bb824000-7ff8bba0b000 r-xp 00000000 fc:01 2083                       /lib/x86_64-linux-gnu/libc-2.27.so
7ff8bba0b000-7ff8bbc0b000 ---p 001e7000 fc:01 2083                       /lib/x86_64-linux-gnu/libc-2.27.so
7ff8bbc0b000-7ff8bbc0f000 r--p 001e7000 fc:01 2083                       /lib/x86_64-linux-gnu/libc-2.27.so
7ff8bbc0f000-7ff8bbc11000 rw-p 001eb000 fc:01 2083                       /lib/x86_64-linux-gnu/libc-2.27.so
7ff8bbc11000-7ff8bbc15000 rw-p 00000000 00:00 0 
7ff8bbc15000-7ff8bbc23000 r-xp 00000000 fc:01 2079045                    /usr/lib/jvm/java-8-openjdk-amd64/jre/lib/amd64/jli/libjli.so
7ff8bbc23000-7ff8bbe22000 ---p 0000e000 fc:01 2079045                    /usr/lib/jvm/java-8-openjdk-amd64/jre/lib/amd64/jli/libjli.so
7ff8bbe22000-7ff8bbe23000 r--p 0000d000 fc:01 2079045                    /usr/lib/jvm/java-8-openjdk-amd64/jre/lib/amd64/jli/libjli.so
7ff8bbe23000-7ff8bbe24000 rw-p 0000e000 fc:01 2079045                    /usr/lib/jvm/java-8-openjdk-amd64/jre/lib/amd64/jli/libjli.so
7ff8bbe24000-7ff8bbe4b000 r-xp 00000000 fc:01 2079                       /lib/x86_64-linux-gnu/ld-2.27.so
7ff8bbe4b000-7ff8bbe4c000 r--s 0000d000 fc:01 2079098                    /usr/lib/jvm/java-8-openjdk-amd64/jre/lib/ext/sunec.jar
7ff8bbe4c000-7ff8bbe4e000 r--s 00001000 fc:01 2079093                    /usr/lib/jvm/java-8-openjdk-amd64/jre/lib/ext/dnsns.jar
7ff8bbe4e000-7ff8bbe51000 r--s 0000f000 fc:01 2079094                    /usr/lib/jvm/java-8-openjdk-amd64/jre/lib/ext/icedtea-sound.jar
7ff8bbe51000-7ff8bbe5b000 r--s 00116000 fc:01 2079096                    /usr/lib/jvm/java-8-openjdk-amd64/jre/lib/ext/localedata.jar
7ff8bbe5b000-7ff8bbe5c000 r--p 00000000 fc:01 7807                       /usr/lib/locale/C.UTF-8/LC_NUMERIC
7ff8bbe5c000-7ff8bbe5d000 r--p 00000000 fc:01 7810                       /usr/lib/locale/C.UTF-8/LC_TIME
7ff8bbe5d000-7ff8bbe5e000 r--p 00000000 fc:01 7805                       /usr/lib/locale/C.UTF-8/LC_MONETARY
7ff8bbe5e000-7ff8bbe5f000 r--p 00000000 fc:01 7799                       /usr/lib/locale/C.UTF-8/LC_MESSAGES/SYS_LC_MESSAGES
7ff8bbe5f000-7ff8bbe60000 r--p 00000000 fc:01 7808                       /usr/lib/locale/C.UTF-8/LC_PAPER
7ff8bbe60000-7ff8bbe61000 r--p 00000000 fc:01 7806                       /usr/lib/locale/C.UTF-8/LC_NAME
7ff8bbe61000-7ff8bbe62000 r--p 00000000 fc:01 7800                       /usr/lib/locale/C.UTF-8/LC_ADDRESS
7ff8bbe62000-7ff8bbe63000 r--p 00000000 fc:01 7809                       /usr/lib/locale/C.UTF-8/LC_TELEPHONE
7ff8bbe63000-7ff8bbe64000 r--p 00000000 fc:01 7804                       /usr/lib/locale/C.UTF-8/LC_MEASUREMENT
7ff8bbe64000-7ff8bbe6b000 r--s 00000000 fc:01 5010                       /usr/lib/x86_64-linux-gnu/gconv/gconv-modules.cache
7ff8bbe6b000-7ff8bbe6c000 r--p 00000000 fc:01 7803                       /usr/lib/locale/C.UTF-8/LC_IDENTIFICATION
7ff8bbe6c000-7ff8bbe72000 rw-p 00000000 00:00 0 
7ff8bbe72000-7ff8bbebf000 ---p 00000000 00:00 0 
7ff8bbebf000-7ff8bbec2000 rw-p 00000000 00:00 0 
7ff8bbec2000-7ff8bbee8000 ---p 00000000 00:00 0 
7ff8bbee8000-7ff8bbeee000 rw-p 00000000 00:00 0 
7ff8bbeee000-7ff8bbf3b000 ---p 00000000 00:00 0 
7ff8bbf3b000-7ff8bbf3c000 rw-p 00000000 00:00 0 
7ff8bbf3c000-7ff8bbf3d000 ---p 00000000 00:00 0 
7ff8bbf3d000-7ff8bbf40000 ---p 00000000 00:00 0 
7ff8bbf40000-7ff8bc03f000 rw-p 00000000 00:00 0 
7ff8bc03f000-7ff8bc047000 rw-s 00000000 fc:01 526911                     /tmp/hsperfdata_mpiuser/16334
7ff8bc047000-7ff8bc048000 rw-p 00000000 00:00 0 
7ff8bc048000-7ff8bc049000 r--p 00000000 00:00 0 
7ff8bc049000-7ff8bc04b000 rw-p 00000000 00:00 0 
7ff8bc04b000-7ff8bc04c000 r--p 00027000 fc:01 2079                       /lib/x86_64-linux-gnu/ld-2.27.so
7ff8bc04c000-7ff8bc04d000 rw-p 00028000 fc:01 2079                       /lib/x86_64-linux-gnu/ld-2.27.so
7ff8bc04d000-7ff8bc04e000 rw-p 00000000 00:00 0 
7fff8684e000-7fff8686f000 rw-p 00000000 00:00 0                          [stack]
7fff86930000-7fff86933000 r--p 00000000 00:00 0                          [vvar]
7fff86933000-7fff86935000 r-xp 00000000 00:00 0                          [vdso]
ffffffffff600000-ffffffffff601000 r-xp 00000000 00:00 0                  [vsyscall]

VM Arguments:
jvm_args: -Djava.library.path=/usr/local/lib 
java_command: Client 1000000 100 0
java_class_path (initial): /home/mpiuser/cloud/fyp/java_client:./lib/spring-jcl-5.2.5.RELEASE.jar:./lib/jackson-databind-2.10.3.jar:./lib/jackson-databind-2.10.2.jar:./lib/slf4j-simple-1.7.30.jar:./lib/amqp-client-5.8.0.jar:./lib/spring-web-5.2.5.RELEASE.jar:./lib/jackson-annotations-2.10.3.jar:./lib/mpi.jar:./lib/spring-beans-5.2.5.RELEASE.jar:./lib/jackson-annotations-2.10.2.jar:./lib/jackson-core-2.10.2.jar:./lib/jackson-core-2.10.3.jar:./lib/slf4j-api-1.7.29.jar:./lib/spring-core-5.2.5.RELEASE.jar:./lib/slf4j-api-1.7.30.jar:./lib/http-client-3.6.1.RELEASE.jar:/usr/local/lib/mpi.jar
Launcher Type: SUN_STANDARD

Environment Variables:
PATH=/usr/local/sbin:/usr/local/bin:/usr/sbin:/usr/bin:/sbin:/bin:/usr/games:/usr/local/games
SHELL=/bin/bash

Signal Handlers:
SIGSEGV: [libjvm.so+0xabc3b0], sa_mask[0]=11111111011111111101111111111110, sa_flags=SA_RESTART|SA_SIGINFO
SIGBUS: [libjvm.so+0xabc3b0], sa_mask[0]=11111111011111111101111111111110, sa_flags=SA_RESTART|SA_SIGINFO
SIGFPE: [libjvm.so+0x8f0bb0], sa_mask[0]=11111111011111111101111111111110, sa_flags=SA_RESTART|SA_SIGINFO
SIGPIPE: [libjvm.so+0x8f0bb0], sa_mask[0]=11111111011111111101111111111110, sa_flags=SA_RESTART|SA_SIGINFO
SIGXFSZ: [libjvm.so+0x8f0bb0], sa_mask[0]=11111111011111111101111111111110, sa_flags=SA_RESTART|SA_SIGINFO
SIGILL: [libjvm.so+0x8f0bb0], sa_mask[0]=11111111011111111101111111111110, sa_flags=SA_RESTART|SA_SIGINFO
SIGUSR1: SIG_DFL, sa_mask[0]=00000000000000000000000000000000, sa_flags=none
SIGUSR2: [libjvm.so+0x8f0a60], sa_mask[0]=00000000000000000000000000000000, sa_flags=SA_RESTART|SA_SIGINFO
SIGHUP: [libjvm.so+0x8f10d0], sa_mask[0]=11111111011111111101111111111110, sa_flags=SA_RESTART|SA_SIGINFO
SIGINT: [libjvm.so+0x8f10d0], sa_mask[0]=11111111011111111101111111111110, sa_flags=SA_RESTART|SA_SIGINFO
SIGTERM: [libjvm.so+0x8f10d0], sa_mask[0]=11111111011111111101111111111110, sa_flags=SA_RESTART|SA_SIGINFO
SIGQUIT: [libjvm.so+0x8f10d0], sa_mask[0]=11111111011111111101111111111110, sa_flags=SA_RESTART|SA_SIGINFO


---------------  S Y S T E M  ---------------

OS:DISTRIB_ID=Ubuntu
DISTRIB_RELEASE=18.04
DISTRIB_CODENAME=bionic
DISTRIB_DESCRIPTION="Ubuntu 18.04.3 LTS"

uname:Linux 4.15.0-66-generic #75-Ubuntu SMP Tue Oct 1 05:24:09 UTC 2019 x86_64
libc:glibc 2.27 NPTL 2.27 
rlimit: STACK 8192k, CORE 0k, NPROC 3841, NOFILE 1048576, AS infinity
load average:96.10 24.16 8.09

/proc/meminfo:
MemTotal:        1008808 kB
MemFree:          127868 kB
MemAvailable:     121500 kB
Buffers:            5104 kB
Cached:            49636 kB
SwapCached:            0 kB
Active:           665552 kB
Inactive:          14548 kB
Active(anon):     626036 kB
Inactive(anon):      184 kB
Active(file):      39516 kB
Inactive(file):    14364 kB
Unevictable:           0 kB
Mlocked:               0 kB
SwapTotal:             0 kB
SwapFree:              0 kB
Dirty:              3036 kB
Writeback:             0 kB
AnonPages:        625536 kB
Mapped:            28076 kB
Shmem:               660 kB
Slab:             130672 kB
SReclaimable:      76064 kB
SUnreclaim:        54608 kB
KernelStack:       10904 kB
PageTables:        23396 kB
NFS_Unstable:          0 kB
Bounce:                0 kB
WritebackTmp:          0 kB
CommitLimit:      504404 kB
Committed_AS:    4582352 kB
VmallocTotal:   34359738367 kB
VmallocUsed:           0 kB
VmallocChunk:          0 kB
HardwareCorrupted:     0 kB
AnonHugePages:         0 kB
ShmemHugePages:        0 kB
ShmemPmdMapped:        0 kB
CmaTotal:              0 kB
CmaFree:               0 kB
HugePages_Total:       0
HugePages_Free:        0
HugePages_Rsvd:        0
HugePages_Surp:        0
Hugepagesize:       2048 kB
DirectMap4k:      292844 kB
DirectMap2M:      755712 kB
DirectMap1G:           0 kB

container (cgroup) information:
container_type: cgroupv1
cpu_cpuset_cpus: 0-2
cpu_memory_nodes: 0
active_processor_count: 3
cpu_quota: -1
cpu_period: 100000
cpu_shares: -1
memory_limit_in_bytes: -1
memory_and_swap_limit_in_bytes: -2
memory_soft_limit_in_bytes: -1
memory_usage_in_bytes: 748060672
memory_max_usage_in_bytes: 863526912


CPU:total 3 (initial active 3) (1 cores per cpu, 1 threads per core) family 6 model 85 stepping 4, cmov, cx8, fxsr, mmx, sse, sse2, sse3, ssse3, sse4.1, sse4.2, popcnt, avx, avx2, aes, clmul, erms, 3dnowpref, lzcnt, tsc, bmi1, bmi2, adx

/proc/cpuinfo:
processor	: 0
vendor_id	: GenuineIntel
cpu family	: 6
model		: 85
model name	: Intel(R) Xeon(R) Gold 6140 CPU @ 2.30GHz
stepping	: 4
microcode	: 0x1
cpu MHz		: 2294.608
cache size	: 4096 KB
physical id	: 0
siblings	: 1
core id		: 0
cpu cores	: 1
apicid		: 0
initial apicid	: 0
fpu		: yes
fpu_exception	: yes
cpuid level	: 13
wp		: yes
flags		: fpu vme de pse tsc msr pae mce cx8 apic sep mtrr pge mca cmov pat pse36 clflush mmx fxsr sse sse2 ss syscall nx pdpe1gb rdtscp lm constant_tsc arch_perfmon rep_good nopl cpuid tsc_known_freq pni pclmulqdq vmx ssse3 fma cx16 pcid sse4_1 sse4_2 x2apic movbe popcnt tsc_deadline_timer aes xsave avx f16c rdrand hypervisor lahf_lm abm 3dnowprefetch cpuid_fault invpcid_single pti ssbd ibrs ibpb tpr_shadow vnmi flexpriority ept vpid fsgsbase tsc_adjust bmi1 avx2 smep bmi2 erms invpcid mpx avx512f avx512dq rdseed adx smap clflushopt clwb avx512cd avx512bw avx512vl xsaveopt xsavec xgetbv1 pku ospke md_clear
bugs		: cpu_meltdown spectre_v1 spectre_v2 spec_store_bypass l1tf mds swapgs
bogomips	: 4589.21
clflush size	: 64
cache_alignment	: 64
address sizes	: 40 bits physical, 48 bits virtual
power management:

processor	: 1
vendor_id	: GenuineIntel
cpu family	: 6
model		: 85
model name	: Intel(R) Xeon(R) Gold 6140 CPU @ 2.30GHz
stepping	: 4
microcode	: 0x1
cpu MHz		: 2294.608
cache size	: 4096 KB
physical id	: 1
siblings	: 1
core id		: 0
cpu cores	: 1
apicid		: 1
initial apicid	: 1
fpu		: yes
fpu_exception	: yes
cpuid level	: 13
wp		: yes
flags		: fpu vme de pse tsc msr pae mce cx8 apic sep mtrr pge mca cmov pat pse36 clflush mmx fxsr sse sse2 ss syscall nx pdpe1gb rdtscp lm constant_tsc arch_perfmon rep_good nopl cpuid tsc_known_freq pni pclmulqdq vmx ssse3 fma cx16 pcid sse4_1 sse4_2 x2apic movbe popcnt tsc_deadline_timer aes xsave avx f16c rdrand hypervisor lahf_lm abm 3dnowprefetch cpuid_fault invpcid_single pti ssbd ibrs ibpb tpr_shadow vnmi flexpriority ept vpid fsgsbase tsc_adjust bmi1 avx2 smep bmi2 erms invpcid mpx avx512f avx512dq rdseed adx smap clflushopt clwb avx512cd avx512bw avx512vl xsaveopt xsavec xgetbv1 pku ospke md_clear
bugs		: cpu_meltdown spectre_v1 spectre_v2 spec_store_bypass l1tf mds swapgs
bogomips	: 4589.21
clflush size	: 64
cache_alignment	: 64
address sizes	: 40 bits physical, 48 bits virtual
power management:

processor	: 2
vendor_id	: GenuineIntel
cpu family	: 6
model		: 85
model name	: Intel(R) Xeon(R) Gold 6140 CPU @ 2.30GHz
stepping	: 4
microcode	: 0x1
cpu MHz		: 2294.608
cache size	: 4096 KB
physical id	: 2
siblings	: 1
core id		: 0
cpu cores	: 1
apicid		: 2
initial apicid	: 2
fpu		: yes
fpu_exception	: yes
cpuid level	: 13
wp		: yes
flags		: fpu vme de pse tsc msr pae mce cx8 apic sep mtrr pge mca cmov pat pse36 clflush mmx fxsr sse sse2 ss syscall nx pdpe1gb rdtscp lm constant_tsc arch_perfmon rep_good nopl cpuid tsc_known_freq pni pclmulqdq vmx ssse3 fma cx16 pcid sse4_1 sse4_2 x2apic movbe popcnt tsc_deadline_timer aes xsave avx f16c rdrand hypervisor lahf_lm abm 3dnowprefetch cpuid_fault invpcid_single pti ssbd ibrs ibpb tpr_shadow vnmi flexpriority ept vpid fsgsbase tsc_adjust bmi1 avx2 smep bmi2 erms invpcid mpx avx512f avx512dq rdseed adx smap clflushopt clwb avx512cd avx512bw avx512vl xsaveopt xsavec xgetbv1 pku ospke md_clear
bugs		: cpu_meltdown spectre_v1 spectre_v2 spec_store_bypass l1tf mds swapgs
bogomips	: 4589.21
clflush size	: 64
cache_alignment	: 64
address sizes	: 40 bits physical, 48 bits virtual
power management:



Memory: 4k page, physical 1008808k(127744k free), swap 0k(0k free)

vm_info: OpenJDK 64-Bit Server VM (25.242-b08) for linux-amd64 JRE (1.8.0_242-8u242-b08-0ubuntu3~18.04-b08), built on Jan 17 2020 23:41:21 by "buildd" with gcc 7.4.0

time: Mon Apr  6 11:40:28 2020
timezone: UTC
elapsed time: 2 seconds (0d 0h 0m 2s)

