#
# A fatal error has been detected by the Java Runtime Environment:
#
#  SIGSEGV (0xb) at pc=0x00007fbd80a2e17c, pid=5168, tid=0x00007fbdbff7a700
#
# JRE version: OpenJDK Runtime Environment (8.0_242-b08) (build 1.8.0_242-8u242-b08-0ubuntu3~18.04-b08)
# Java VM: OpenJDK 64-Bit Server VM (25.242-b08 mixed mode linux-amd64 compressed oops)
# Problematic frame:
# C  [mca_gds_ds21.so+0x217c]  pmix_gds_ds21_lock_init+0x13c
#
# Failed to write core dump. Core dumps have been disabled. To enable core dumping, try "ulimit -c unlimited" before starting Java again
#
# If you would like to submit a bug report, please visit:
#   http://bugreport.java.com/bugreport/crash.jsp
# The crash happened outside the Java Virtual Machine in native code.
# See problematic frame for where to report the bug.
#

---------------  T H R E A D  ---------------

Current thread (0x00007fbdb800b800):  JavaThread "main" [_thread_in_native, id=5197, stack(0x00007fbdbfe7b000,0x00007fbdbff7b000)]

siginfo: si_signo: 11 (SIGSEGV), si_code: 1 (SEGV_MAPERR), si_addr: 0x00007fbdbc01a008

Registers:
RAX=0x00007fbdb826d4d0, RBX=0x00007fbdb826d440, RCX=0x00007fbd80e5319e, RDX=0x00007fff97f0ccb3
RSP=0x00007fbdbff786a0, RBP=0x00007fbdb826d3f0, RSI=0x0000000000085000, RDI=0x0000000000000000
R8 =0x000000000000001e, R9 =0x0000000000000000, R10=0x0000000000000001, R11=0x0000000000000000
R12=0x00007fbdbc01a000, R13=0x00007fbdb826d048, R14=0x0000000000001000, R15=0x00007fbd80c30240
RIP=0x00007fbd80a2e17c, EFLAGS=0x0000000000010202, CSGSFS=0x002b000000000033, ERR=0x0000000000000004
  TRAPNO=0x000000000000000e

Top of Stack: (sp=0x00007fbdbff786a0)
0x00007fbdbff786a0:   00007fbdb826d0c0 00007fbdb826d3a0
0x00007fbdbff786b0:   00007fff97f0ccb3 0000000000085000
0x00007fbdbff786c0:   0000000000001000 00000000000003e8
0x00007fbdbff786d0:   00007fbdb826d448 00007fbdbf7f92ed
0x00007fbdbff786e0:   00007fbdb826d090 f4157d609ee62000
0x00007fbdbff786f0:   0000000000000000 00007fbdb826cd70
0x00007fbdbff78700:   0000000000000000 00007fff97f0ccb3
0x00007fbdbff78710:   0000000000000000 00007fbdb826d020
0x00007fbdbff78720:   00007fbdb826cfe0 00007fbd80e4dcd9
0x00007fbdbff78730:   00007fbd80a2ecdb 00007fbdbff787c0
0x00007fbdbff78740:   00007fbd81fe08d3 0000001500000040
0x00007fbdbff78750:   00007fbdb82686c0 f4157d609ee62000
0x00007fbdbff78760:   00007fbd822060a0 00007fbdb82681d0
0x00007fbdbff78770:   00007fbd82209fd0 00007fbd80c302d4
0x00007fbdbff78780:   00007fbd822060a0 00007fbd80c30180
0x00007fbdbff78790:   00007fbdb826cd20 00007fbd80a2df04
0x00007fbdbff787a0:   00007fbd82209fd0 00007fbd81fc81a6
0x00007fbdbff787b0:   00007fbd82206100 00007fbd82209fc0
0x00007fbdbff787c0:   00007fbdbff787e4 00007fbdbff787e8
0x00007fbdbff787d0:   0000000000000000 0000000000000000
0x00007fbdbff787e0:   0000001e82205520 00007fbd80c30180
0x00007fbdbff787f0:   0000000000000000 f4157d609ee62000
0x00007fbdbff78800:   00007fbd822060a0 0000000000000000
0x00007fbdbff78810:   0000000000000000 00007fbdb81f7610
0x00007fbdbff78820:   00007fbd82205520 00007fbd81f32760
0x00007fbdbff78830:   0000000000000000 00007fbd81f7b5a9
0x00007fbdbff78840:   00007fbdb8220330 00007fbd822057d8
0x00007fbdbff78850:   2d69706d6e65706f 000072657473616d
0x00007fbdbff78860:   0000000003741ab1 00007fbd81ebef86
0x00007fbdbff78870:   00007fbd81ebb118 00007fbd81eb6afc
0x00007fbdbff78880:   00007fbd81ebe67a 0000000100000000
0x00007fbdbff78890:   00007fbdbff78990 f4157d609ee62000 

Instructions: (pc=0x00007fbd80a2e17c)
0x00007fbd80a2e15c:   ff ff 48 85 c0 48 89 43 30 0f 84 b3 01 00 00 4c
0x00007fbd80a2e16c:   8b 60 18 49 8b 34 24 49 39 f6 0f 82 e4 02 00 00
0x00007fbd80a2e17c:   41 8b 44 24 08 4c 89 e2 31 c9 48 8d 7c 24 40 be
0x00007fbd80a2e18c:   01 00 00 00 89 43 40 49 03 54 24 18 85 c0 48 89 

Register to memory mapping:

RAX=0x00007fbdb826d4d0 is an unknown value
RBX=0x00007fbdb826d440 is an unknown value
RCX=0x00007fbd80e5319e: pmix_common_dstor_attach_new_lock_seg+0x1e in /usr/local/lib/libmca_common_dstore.so.1 at 0x00007fbd80e43000
RDX=0x00007fff97f0ccb3 is an unknown value
RSP=0x00007fbdbff786a0 is pointing into the stack for thread: 0x00007fbdb800b800
RBP=0x00007fbdb826d3f0 is an unknown value
RSI=0x0000000000085000 is an unknown value
RDI=0x0000000000000000 is an unknown value
R8 =0x000000000000001e is an unknown value
R9 =0x0000000000000000 is an unknown value
R10=0x0000000000000001 is an unknown value
R11=0x0000000000000000 is an unknown value
R12=0x00007fbdbc01a000 is an unknown value
R13=0x00007fbdb826d048 is an unknown value
R14=0x0000000000001000 is an unknown value
R15=0x00007fbd80c30240: lock_item_t_class+0 in /usr/local/lib/pmix/mca_gds_ds21.so at 0x00007fbd80a2c000


Stack: [0x00007fbdbfe7b000,0x00007fbdbff7b000],  sp=0x00007fbdbff786a0,  free space=1013k
Native frames: (J=compiled Java code, j=interpreted, Vv=VM code, C=native code)
C  [mca_gds_ds21.so+0x217c]  pmix_gds_ds21_lock_init+0x13c

Java frames: (J=compiled Java code, j=interpreted, Vv=VM code)
j  mpi.MPI.Init_jni([Ljava/lang/String;)[Ljava/lang/String;+0
j  mpi.MPI.Init([Ljava/lang/String;)[Ljava/lang/String;+17
j  Client.main([Ljava/lang/String;)V+1
v  ~StubRoutines::call_stub

---------------  P R O C E S S  ---------------

Java Threads: ( => current thread )
  0x00007fbdb80b7000 JavaThread "Service Thread" daemon [_thread_blocked, id=5596, stack(0x00007fbd9bcfd000,0x00007fbd9bdfe000)]
  0x00007fbdb80b4800 JavaThread "C1 CompilerThread1" daemon [_thread_blocked, id=5582, stack(0x00007fbd9bdff000,0x00007fbd9beff000)]
  0x00007fbdb80b2000 JavaThread "C2 CompilerThread0" daemon [_thread_blocked, id=5551, stack(0x00007fbd9bf00000,0x00007fbd9c000000)]
  0x00007fbdb80b0800 JavaThread "Signal Dispatcher" daemon [_thread_blocked, id=5518, stack(0x00007fbda80ee000,0x00007fbda81ef000)]
  0x00007fbdb807e000 JavaThread "Finalizer" daemon [_thread_blocked, id=5336, stack(0x00007fbda84fd000,0x00007fbda85fe000)]
  0x00007fbdb8079800 JavaThread "Reference Handler" daemon [_thread_blocked, id=5307, stack(0x00007fbda85fe000,0x00007fbda86ff000)]
=>0x00007fbdb800b800 JavaThread "main" [_thread_in_native, id=5197, stack(0x00007fbdbfe7b000,0x00007fbdbff7b000)]

Other Threads:
  0x00007fbdb806f800 VMThread [stack: 0x00007fbda8700000,0x00007fbda8800000] [id=5297]
  0x00007fbdb80ba800 WatcherThread [stack: 0x00007fbd9bbfd000,0x00007fbd9bcfd000] [id=5610]

VM state:not at safepoint (normal execution)

VM Mutex/Monitor currently owned by a thread: None

heap address: 0x00000000f0800000, size: 248 MB, Compressed Oops mode: 32-bit
Narrow klass base: 0x0000000000000000, Narrow klass shift: 3
Compressed class space size: 1073741824 Address: 0x0000000100000000

Heap:
 def new generation   total 4928K, used 1441K [0x00000000f0800000, 0x00000000f0d50000, 0x00000000f5aa0000)
  eden space 4416K,  32% used [0x00000000f0800000, 0x00000000f0968610, 0x00000000f0c50000)
  from space 512K,   0% used [0x00000000f0c50000, 0x00000000f0c50000, 0x00000000f0cd0000)
  to   space 512K,   0% used [0x00000000f0cd0000, 0x00000000f0cd0000, 0x00000000f0d50000)
 tenured generation   total 10944K, used 0K [0x00000000f5aa0000, 0x00000000f6550000, 0x0000000100000000)
   the space 10944K,   0% used [0x00000000f5aa0000, 0x00000000f5aa0000, 0x00000000f5aa0200, 0x00000000f6550000)
 Metaspace       used 3123K, capacity 4792K, committed 5120K, reserved 1056768K
  class space    used 313K, capacity 424K, committed 512K, reserved 1048576K

Card table byte_map: [0x00007fbdbfdfd000,0x00007fbdbfe7a000] byte_map_base: 0x00007fbdbf679000

Polling page: 0x00007fbdbff86000

CodeCache: size=245760Kb used=1267Kb max_used=1267Kb free=244492Kb
 bounds [0x00007fbda9000000, 0x00007fbda9270000, 0x00007fbdb8000000]
 total_blobs=373 nmethods=68 adapters=220
 compilation: enabled

Compilation events (10 events):
Event: 9.337 Thread 0x00007fbdb80b4800   69  s!   3       sun.misc.URLClassPath::getLoader (243 bytes)
Event: 9.340 Thread 0x00007fbdb80b4800 nmethod 69 0x00007fbda912e010 code [0x00007fbda912e440, 0x00007fbda9131008]
Event: 9.340 Thread 0x00007fbdb80b4800   68  s    3       sun.misc.URLClassPath::getNextLoader (88 bytes)
Event: 9.410 Thread 0x00007fbdb80b4800 nmethod 68 0x00007fbda9132b10 code [0x00007fbda9132d00, 0x00007fbda9133568]
Event: 9.410 Thread 0x00007fbdb80b4800   62       3       java.lang.StringCoding::scale (7 bytes)
Event: 9.410 Thread 0x00007fbdb80b4800 nmethod 62 0x00007fbda91339d0 code [0x00007fbda9133b40, 0x00007fbda9133cb0]
Event: 9.669 Thread 0x00007fbdb80b4800   70       3       java.util.concurrent.ConcurrentHashMap::setTabAt (19 bytes)
Event: 9.669 Thread 0x00007fbdb80b4800 nmethod 70 0x00007fbda913bf10 code [0x00007fbda913c060, 0x00007fbda913c1d0]
Event: 9.669 Thread 0x00007fbdb80b4800   72   !   3       java.util.zip.ZipFile::getEntry (101 bytes)
Event: 9.670 Thread 0x00007fbdb80b4800 nmethod 72 0x00007fbda913c250 code [0x00007fbda913c420, 0x00007fbda913ca98]

GC Heap History (0 events):
No events

Deoptimization events (0 events):
No events

Classes redefined (0 events):
No events

Internal exceptions (5 events):
Event: 0.348 Thread 0x00007fbdb800b800 Exception <a 'java/lang/NoSuchMethodError': Method sun.misc.Unsafe.defineClass(Ljava/lang/String;[BII)Ljava/lang/Class; name or signature does not match> (0x00000000f0807cc8) thrown at [/build/openjdk-8-58sEEn/openjdk-8-8u242-b08/src/hotspot/src/share/vm/
Event: 0.348 Thread 0x00007fbdb800b800 Exception <a 'java/lang/NoSuchMethodError': Method sun.misc.Unsafe.prefetchRead(Ljava/lang/Object;J)V name or signature does not match> (0x00000000f0807fb0) thrown at [/build/openjdk-8-58sEEn/openjdk-8-8u242-b08/src/hotspot/src/share/vm/prims/jni.cpp, lin
Event: 1.442 Thread 0x00007fbdb800b800 Exception <a 'java/util/zip/ZipException'> (0x00000000f085dec8) thrown at [/build/openjdk-8-58sEEn/openjdk-8-8u242-b08/src/hotspot/src/share/vm/prims/jni.cpp, line 710]
Event: 1.442 Thread 0x00007fbdb800b800 Exception <a 'java/security/PrivilegedActionException'> (0x00000000f085e168) thrown at [/build/openjdk-8-58sEEn/openjdk-8-8u242-b08/src/hotspot/src/share/vm/prims/jvm.cpp, line 1502]
Event: 1.442 Thread 0x00007fbdb800b800 Exception <a 'java/security/PrivilegedActionException'> (0x00000000f085e378) thrown at [/build/openjdk-8-58sEEn/openjdk-8-8u242-b08/src/hotspot/src/share/vm/prims/jvm.cpp, line 1502]

Events (10 events):
Event: 9.305 loading class mpi/Constant
Event: 9.305 loading class mpi/Constant done
Event: 9.333 loading class mpi/Errhandler
Event: 9.333 loading class mpi/Errhandler done
Event: 9.333 loading class mpi/Intracomm
Event: 9.333 loading class mpi/Intracomm done
Event: 9.333 loading class mpi/Comm
Event: 9.333 loading class mpi/Comm done
Event: 9.648 loading class mpi/Version
Event: 9.648 loading class mpi/Version done


Dynamic libraries:
f0800000-f0d50000 rw-p 00000000 00:00 0 
f0d50000-f5aa0000 ---p 00000000 00:00 0 
f5aa0000-f6550000 rw-p 00000000 00:00 0 
f6550000-100000000 ---p 00000000 00:00 0 
100000000-100080000 rw-p 00000000 00:00 0 
100080000-140000000 ---p 00000000 00:00 0 
558a46a66000-558a46a67000 r-xp 00000000 fc:01 1302575                    /usr/lib/jvm/java-8-openjdk-amd64/jre/bin/java
558a46c66000-558a46c67000 r--p 00000000 fc:01 1302575                    /usr/lib/jvm/java-8-openjdk-amd64/jre/bin/java
558a46c67000-558a46c68000 rw-p 00001000 fc:01 1302575                    /usr/lib/jvm/java-8-openjdk-amd64/jre/bin/java
558a487cb000-558a487ec000 rw-p 00000000 00:00 0                          [heap]
7fbd7c000000-7fbd7c021000 rw-p 00000000 00:00 0 
7fbd7c021000-7fbd80000000 ---p 00000000 00:00 0 
7fbd80829000-7fbd8082b000 r-xp 00000000 fc:01 782288                     /usr/local/lib/pmix/mca_pshmem_mmap.so
7fbd8082b000-7fbd80a2a000 ---p 00002000 fc:01 782288                     /usr/local/lib/pmix/mca_pshmem_mmap.so
7fbd80a2a000-7fbd80a2b000 r--p 00001000 fc:01 782288                     /usr/local/lib/pmix/mca_pshmem_mmap.so
7fbd80a2b000-7fbd80a2c000 rw-p 00002000 fc:01 782288                     /usr/local/lib/pmix/mca_pshmem_mmap.so
7fbd80a2c000-7fbd80a30000 r-xp 00000000 fc:01 782262                     /usr/local/lib/pmix/mca_gds_ds21.so
7fbd80a30000-7fbd80c2f000 ---p 00004000 fc:01 782262                     /usr/local/lib/pmix/mca_gds_ds21.so
7fbd80c2f000-7fbd80c30000 r--p 00003000 fc:01 782262                     /usr/local/lib/pmix/mca_gds_ds21.so
7fbd80c30000-7fbd80c31000 rw-p 00004000 fc:01 782262                     /usr/local/lib/pmix/mca_gds_ds21.so
7fbd80c31000-7fbd80c41000 r-xp 00000000 fc:01 782264                     /usr/local/lib/pmix/mca_gds_hash.so
7fbd80c41000-7fbd80e41000 ---p 00010000 fc:01 782264                     /usr/local/lib/pmix/mca_gds_hash.so
7fbd80e41000-7fbd80e42000 r--p 00010000 fc:01 782264                     /usr/local/lib/pmix/mca_gds_hash.so
7fbd80e42000-7fbd80e43000 rw-p 00011000 fc:01 782264                     /usr/local/lib/pmix/mca_gds_hash.so
7fbd80e43000-7fbd80e55000 r-xp 00000000 fc:01 29681                      /usr/local/lib/libmca_common_dstore.so.1.0.0
7fbd80e55000-7fbd81054000 ---p 00012000 fc:01 29681                      /usr/local/lib/libmca_common_dstore.so.1.0.0
7fbd81054000-7fbd81055000 r--p 00011000 fc:01 29681                      /usr/local/lib/libmca_common_dstore.so.1.0.0
7fbd81055000-7fbd81056000 rw-p 00012000 fc:01 29681                      /usr/local/lib/libmca_common_dstore.so.1.0.0
7fbd81056000-7fbd8105a000 r-xp 00000000 fc:01 782260                     /usr/local/lib/pmix/mca_gds_ds12.so
7fbd8105a000-7fbd81259000 ---p 00004000 fc:01 782260                     /usr/local/lib/pmix/mca_gds_ds12.so
7fbd81259000-7fbd8125a000 r--p 00003000 fc:01 782260                     /usr/local/lib/pmix/mca_gds_ds12.so
7fbd8125a000-7fbd8125b000 rw-p 00004000 fc:01 782260                     /usr/local/lib/pmix/mca_gds_ds12.so
7fbd8125b000-7fbd81263000 r-xp 00000000 fc:01 782292                     /usr/local/lib/pmix/mca_ptl_usock.so
7fbd81263000-7fbd81462000 ---p 00008000 fc:01 782292                     /usr/local/lib/pmix/mca_ptl_usock.so
7fbd81462000-7fbd81463000 r--p 00007000 fc:01 782292                     /usr/local/lib/pmix/mca_ptl_usock.so
7fbd81463000-7fbd81464000 rw-p 00008000 fc:01 782292                     /usr/local/lib/pmix/mca_ptl_usock.so
7fbd81464000-7fbd81476000 r-xp 00000000 fc:01 782290                     /usr/local/lib/pmix/mca_ptl_tcp.so
7fbd81476000-7fbd81675000 ---p 00012000 fc:01 782290                     /usr/local/lib/pmix/mca_ptl_tcp.so
7fbd81675000-7fbd81676000 r--p 00011000 fc:01 782290                     /usr/local/lib/pmix/mca_ptl_tcp.so
7fbd81676000-7fbd81677000 rw-p 00012000 fc:01 782290                     /usr/local/lib/pmix/mca_ptl_tcp.so
7fbd81677000-7fbd81689000 r-xp 00000000 fc:01 782252                     /usr/local/lib/pmix/mca_bfrops_v12.so
7fbd81689000-7fbd81888000 ---p 00012000 fc:01 782252                     /usr/local/lib/pmix/mca_bfrops_v12.so
7fbd81888000-7fbd81889000 r--p 00011000 fc:01 782252                     /usr/local/lib/pmix/mca_bfrops_v12.so
7fbd81889000-7fbd8188a000 rw-p 00012000 fc:01 782252                     /usr/local/lib/pmix/mca_bfrops_v12.so
7fbd8188a000-7fbd818a3000 r-xp 00000000 fc:01 782254                     /usr/local/lib/pmix/mca_bfrops_v20.so
7fbd818a3000-7fbd81aa2000 ---p 00019000 fc:01 782254                     /usr/local/lib/pmix/mca_bfrops_v20.so
7fbd81aa2000-7fbd81aa3000 r--p 00018000 fc:01 782254                     /usr/local/lib/pmix/mca_bfrops_v20.so
7fbd81aa3000-7fbd81aa4000 rw-p 00019000 fc:01 782254                     /usr/local/lib/pmix/mca_bfrops_v20.so
7fbd81aa4000-7fbd81aac000 r-xp 00000000 fc:01 782258                     /usr/local/lib/pmix/mca_bfrops_v3.so
7fbd81aac000-7fbd81cab000 ---p 00008000 fc:01 782258                     /usr/local/lib/pmix/mca_bfrops_v3.so
7fbd81cab000-7fbd81cac000 r--p 00007000 fc:01 782258                     /usr/local/lib/pmix/mca_bfrops_v3.so
7fbd81cac000-7fbd81cad000 rw-p 00008000 fc:01 782258                     /usr/local/lib/pmix/mca_bfrops_v3.so
7fbd81cad000-7fbd81cb4000 r-xp 00000000 fc:01 782256                     /usr/local/lib/pmix/mca_bfrops_v21.so
7fbd81cb4000-7fbd81eb4000 ---p 00007000 fc:01 782256                     /usr/local/lib/pmix/mca_bfrops_v21.so
7fbd81eb4000-7fbd81eb5000 r--p 00007000 fc:01 782256                     /usr/local/lib/pmix/mca_bfrops_v21.so
7fbd81eb5000-7fbd81eb6000 rw-p 00008000 fc:01 782256                     /usr/local/lib/pmix/mca_bfrops_v21.so
7fbd81eb6000-7fbd82002000 r-xp 00000000 fc:01 782295                     /usr/local/lib/openmpi/mca_pmix_pmix3x.so
7fbd82002000-7fbd82202000 ---p 0014c000 fc:01 782295                     /usr/local/lib/openmpi/mca_pmix_pmix3x.so
7fbd82202000-7fbd82203000 r--p 0014c000 fc:01 782295                     /usr/local/lib/openmpi/mca_pmix_pmix3x.so
7fbd82203000-7fbd82208000 rw-p 0014d000 fc:01 782295                     /usr/local/lib/openmpi/mca_pmix_pmix3x.so
7fbd82208000-7fbd8220b000 rw-p 00000000 00:00 0 
7fbd8220e000-7fbd82210000 r-xp 00000000 fc:01 782278                     /usr/local/lib/pmix/mca_psec_native.so
7fbd82210000-7fbd8240f000 ---p 00002000 fc:01 782278                     /usr/local/lib/pmix/mca_psec_native.so
7fbd8240f000-7fbd82410000 r--p 00001000 fc:01 782278                     /usr/local/lib/pmix/mca_psec_native.so
7fbd82410000-7fbd82411000 rw-p 00002000 fc:01 782278                     /usr/local/lib/pmix/mca_psec_native.so
7fbd82411000-7fbd82412000 ---p 00000000 00:00 0 
7fbd82412000-7fbd82c12000 rw-p 00000000 00:00 0 
7fbd82c12000-7fbd82c16000 r-xp 00000000 fc:01 782352                     /usr/local/lib/openmpi/mca_ess_pmi.so
7fbd82c16000-7fbd82e15000 ---p 00004000 fc:01 782352                     /usr/local/lib/openmpi/mca_ess_pmi.so
7fbd82e15000-7fbd82e16000 r--p 00003000 fc:01 782352                     /usr/local/lib/openmpi/mca_ess_pmi.so
7fbd82e16000-7fbd82e17000 rw-p 00004000 fc:01 782352                     /usr/local/lib/openmpi/mca_ess_pmi.so
7fbd82e17000-7fbd82e18000 r-xp 00000000 fc:01 782435                     /usr/local/lib/openmpi/mca_schizo_orte.so
7fbd82e18000-7fbd83017000 ---p 00001000 fc:01 782435                     /usr/local/lib/openmpi/mca_schizo_orte.so
7fbd83017000-7fbd83018000 r--p 00000000 fc:01 782435                     /usr/local/lib/openmpi/mca_schizo_orte.so
7fbd83018000-7fbd83019000 rw-p 00001000 fc:01 782435                     /usr/local/lib/openmpi/mca_schizo_orte.so
7fbd83019000-7fbd8301b000 r-xp 00000000 fc:01 782437                     /usr/local/lib/openmpi/mca_schizo_slurm.so
7fbd8301b000-7fbd8321a000 ---p 00002000 fc:01 782437                     /usr/local/lib/openmpi/mca_schizo_slurm.so
7fbd8321a000-7fbd8321b000 r--p 00001000 fc:01 782437                     /usr/local/lib/openmpi/mca_schizo_slurm.so
7fbd8321b000-7fbd8321c000 rw-p 00002000 fc:01 782437                     /usr/local/lib/openmpi/mca_schizo_slurm.so
7fbd8321c000-7fbd83224000 r-xp 00000000 fc:01 782433                     /usr/local/lib/openmpi/mca_schizo_ompi.so
7fbd83224000-7fbd83423000 ---p 00008000 fc:01 782433                     /usr/local/lib/openmpi/mca_schizo_ompi.so
7fbd83423000-7fbd83424000 r--p 00007000 fc:01 782433                     /usr/local/lib/openmpi/mca_schizo_ompi.so
7fbd83424000-7fbd83426000 rw-p 00008000 fc:01 782433                     /usr/local/lib/openmpi/mca_schizo_ompi.so
7fbd83426000-7fbd83427000 r-xp 00000000 fc:01 782431                     /usr/local/lib/openmpi/mca_schizo_flux.so
7fbd83427000-7fbd83627000 ---p 00001000 fc:01 782431                     /usr/local/lib/openmpi/mca_schizo_flux.so
7fbd83627000-7fbd83628000 r--p 00001000 fc:01 782431                     /usr/local/lib/openmpi/mca_schizo_flux.so
7fbd83628000-7fbd83629000 rw-p 00002000 fc:01 782431                     /usr/local/lib/openmpi/mca_schizo_flux.so
7fbd83629000-7fbd8362b000 r-xp 00000000 fc:01 782301                     /usr/local/lib/openmpi/mca_reachable_weighted.so
7fbd8362b000-7fbd8382a000 ---p 00002000 fc:01 782301                     /usr/local/lib/openmpi/mca_reachable_weighted.so
7fbd8382a000-7fbd8382b000 r--p 00001000 fc:01 782301                     /usr/local/lib/openmpi/mca_reachable_weighted.so
7fbd8382b000-7fbd8382c000 rw-p 00002000 fc:01 782301                     /usr/local/lib/openmpi/mca_reachable_weighted.so
7fbd8382c000-7fbd8382f000 r-xp 00000000 fc:01 782304                     /usr/local/lib/openmpi/mca_shmem_mmap.so
7fbd8382f000-7fbd83a2e000 ---p 00003000 fc:01 782304                     /usr/local/lib/openmpi/mca_shmem_mmap.so
7fbd83a2e000-7fbd83a2f000 r--p 00002000 fc:01 782304                     /usr/local/lib/openmpi/mca_shmem_mmap.so
7fbd83a2f000-7fbd83a30000 rw-p 00003000 fc:01 782304                     /usr/local/lib/openmpi/mca_shmem_mmap.so
7fbd83a30000-7fbd83ae5000 r-xp 00000000 fc:01 29711                      /usr/local/lib/libopen-rte.so.40.20.1
7fbd83ae5000-7fbd83ce4000 ---p 000b5000 fc:01 29711                      /usr/local/lib/libopen-rte.so.40.20.1
7fbd83ce4000-7fbd83ce6000 r--p 000b4000 fc:01 29711                      /usr/local/lib/libopen-rte.so.40.20.1
7fbd83ce6000-7fbd83cea000 rw-p 000b6000 fc:01 29711                      /usr/local/lib/libopen-rte.so.40.20.1
7fbd83cea000-7fbd83ced000 rw-p 00000000 00:00 0 
7fbd83ced000-7fbd83df0000 r-xp 00000000 fc:01 13011                      /usr/local/lib/libopen-pal.so.40.20.1
7fbd83df0000-7fbd83ff0000 ---p 00103000 fc:01 13011                      /usr/local/lib/libopen-pal.so.40.20.1
7fbd83ff0000-7fbd83ff3000 r--p 00103000 fc:01 13011                      /usr/local/lib/libopen-pal.so.40.20.1
7fbd83ff3000-7fbd83ff9000 rw-p 00106000 fc:01 13011                      /usr/local/lib/libopen-pal.so.40.20.1
7fbd83ff9000-7fbd84000000 rw-p 00000000 00:00 0 
7fbd84000000-7fbd84021000 rw-p 00000000 00:00 0 
7fbd84021000-7fbd88000000 ---p 00000000 00:00 0 
7fbd88000000-7fbd88021000 rw-p 00000000 00:00 0 
7fbd88021000-7fbd8c000000 ---p 00000000 00:00 0 
7fbd8c000000-7fbd8c056000 rw-p 00000000 00:00 0 
7fbd8c056000-7fbd90000000 ---p 00000000 00:00 0 
7fbd90000000-7fbd9019d000 rw-p 00000000 00:00 0 
7fbd9019d000-7fbd94000000 ---p 00000000 00:00 0 
7fbd94000000-7fbd94021000 rw-p 00000000 00:00 0 
7fbd94021000-7fbd98000000 ---p 00000000 00:00 0 
7fbd9808a000-7fbd9808c000 r-xp 00000000 fc:01 2182                       /lib/x86_64-linux-gnu/libutil-2.27.so
7fbd9808c000-7fbd9828b000 ---p 00002000 fc:01 2182                       /lib/x86_64-linux-gnu/libutil-2.27.so
7fbd9828b000-7fbd9828c000 r--p 00001000 fc:01 2182                       /lib/x86_64-linux-gnu/libutil-2.27.so
7fbd9828c000-7fbd9828d000 rw-p 00002000 fc:01 2182                       /lib/x86_64-linux-gnu/libutil-2.27.so
7fbd9828d000-7fbd98383000 r-xp 00000000 fc:01 29875                      /usr/local/lib/libmpi.so.40.20.1
7fbd98383000-7fbd98582000 ---p 000f6000 fc:01 29875                      /usr/local/lib/libmpi.so.40.20.1
7fbd98582000-7fbd98584000 r--p 000f5000 fc:01 29875                      /usr/local/lib/libmpi.so.40.20.1
7fbd98584000-7fbd98595000 rw-p 000f7000 fc:01 29875                      /usr/local/lib/libmpi.so.40.20.1
7fbd98595000-7fbd985a7000 rw-p 00000000 00:00 0 
7fbd985a7000-7fbd985cf000 r-xp 00000000 fc:01 71469                      /usr/local/lib/libmpi_java.so.40.20.0
7fbd985cf000-7fbd987ce000 ---p 00028000 fc:01 71469                      /usr/local/lib/libmpi_java.so.40.20.0
7fbd987ce000-7fbd987cf000 r--p 00027000 fc:01 71469                      /usr/local/lib/libmpi_java.so.40.20.0
7fbd987cf000-7fbd987d0000 rw-p 00028000 fc:01 71469                      /usr/local/lib/libmpi_java.so.40.20.0
7fbd987d0000-7fbd9b7d1000 rw-p 00000000 00:00 0 
7fbd9b7d1000-7fbd9b7e8000 r-xp 00000000 fc:01 1302611                    /usr/lib/jvm/java-8-openjdk-amd64/jre/lib/amd64/libnet.so
7fbd9b7e8000-7fbd9b9e7000 ---p 00017000 fc:01 1302611                    /usr/lib/jvm/java-8-openjdk-amd64/jre/lib/amd64/libnet.so
7fbd9b9e7000-7fbd9b9e8000 r--p 00016000 fc:01 1302611                    /usr/lib/jvm/java-8-openjdk-amd64/jre/lib/amd64/libnet.so
7fbd9b9e8000-7fbd9b9e9000 rw-p 00017000 fc:01 1302611                    /usr/lib/jvm/java-8-openjdk-amd64/jre/lib/amd64/libnet.so
7fbd9b9e9000-7fbd9b9fa000 r-xp 00000000 fc:01 1302612                    /usr/lib/jvm/java-8-openjdk-amd64/jre/lib/amd64/libnio.so
7fbd9b9fa000-7fbd9bbfa000 ---p 00011000 fc:01 1302612                    /usr/lib/jvm/java-8-openjdk-amd64/jre/lib/amd64/libnio.so
7fbd9bbfa000-7fbd9bbfb000 r--p 00011000 fc:01 1302612                    /usr/lib/jvm/java-8-openjdk-amd64/jre/lib/amd64/libnio.so
7fbd9bbfb000-7fbd9bbfc000 rw-p 00012000 fc:01 1302612                    /usr/lib/jvm/java-8-openjdk-amd64/jre/lib/amd64/libnio.so
7fbd9bbfc000-7fbd9bbfd000 ---p 00000000 00:00 0 
7fbd9bbfd000-7fbd9bcfd000 rw-p 00000000 00:00 0 
7fbd9bcfd000-7fbd9bd00000 ---p 00000000 00:00 0 
7fbd9bd00000-7fbd9bdfe000 rw-p 00000000 00:00 0 
7fbd9bdfe000-7fbd9bdff000 ---p 00000000 00:00 0 
7fbd9bdff000-7fbd9be02000 ---p 00000000 00:00 0 
7fbd9be02000-7fbd9beff000 rw-p 00000000 00:00 0 
7fbd9beff000-7fbd9bf00000 ---p 00000000 00:00 0 
7fbd9bf00000-7fbd9bf03000 ---p 00000000 00:00 0 
7fbd9bf03000-7fbd9c000000 rw-p 00000000 00:00 0 
7fbd9c000000-7fbd9c021000 rw-p 00000000 00:00 0 
7fbd9c021000-7fbda0000000 ---p 00000000 00:00 0 
7fbda0000000-7fbda0021000 rw-p 00000000 00:00 0 
7fbda0021000-7fbda4000000 ---p 00000000 00:00 0 
7fbda4000000-7fbda4021000 rw-p 00000000 00:00 0 
7fbda4021000-7fbda8000000 ---p 00000000 00:00 0 
7fbda8069000-7fbda80ee000 rw-s 00000000 fc:01 1039764                    /tmp/ompi.openmpi-master.1000/pid.5069/pmix_dstor_ds21_5069/smlockseg-542244865
7fbda80ee000-7fbda80f1000 ---p 00000000 00:00 0 
7fbda80f1000-7fbda81ef000 rw-p 00000000 00:00 0 
7fbda81ef000-7fbda8362000 r--p 00000000 fc:01 7801                       /usr/lib/locale/C.UTF-8/LC_COLLATE
7fbda8362000-7fbda84fd000 r--p 00000000 fc:01 7796                       /usr/lib/locale/locale-archive
7fbda84fd000-7fbda8500000 ---p 00000000 00:00 0 
7fbda8500000-7fbda85fe000 rw-p 00000000 00:00 0 
7fbda85fe000-7fbda8601000 ---p 00000000 00:00 0 
7fbda8601000-7fbda86ff000 rw-p 00000000 00:00 0 
7fbda86ff000-7fbda8700000 ---p 00000000 00:00 0 
7fbda8700000-7fbda8c80000 rw-p 00000000 00:00 0 
7fbda8c80000-7fbda9000000 ---p 00000000 00:00 0 
7fbda9000000-7fbda9270000 rwxp 00000000 00:00 0 
7fbda9270000-7fbdb8000000 ---p 00000000 00:00 0 
7fbdb8000000-7fbdb826f000 rw-p 00000000 00:00 0 
7fbdb826f000-7fbdbc000000 ---p 00000000 00:00 0 
7fbdbc01b000-7fbdbc01c000 r--s 00000000 fc:01 783094                     /tmp/ompi.openmpi-master.1000/pid.5069/pmix_dstor_ds12_5069/initial-pmix_shared-segment-0
7fbdbc01c000-7fbdbc01d000 rw-s 00000000 fc:01 783095                     /tmp/ompi.openmpi-master.1000/pid.5069/pmix_dstor_ds12_5069/dstore_sm.lock
7fbdbc01d000-7fbdbc01e000 r--s 0000f000 fc:01 527712                     /home/mpiuser/cloud/fyp/java_client/lib/mpi.jar
7fbdbc01e000-7fbdbc021000 r--s 0000e000 fc:01 527707                     /home/mpiuser/cloud/fyp/java_client/lib/jackson-annotations-2.10.3.jar
7fbdbc021000-7fbdbc03e000 r--s 00142000 fc:01 527719                     /home/mpiuser/cloud/fyp/java_client/lib/spring-web-5.2.5.RELEASE.jar
7fbdbc03e000-7fbdbc04b000 r--s 00090000 fc:01 527704                     /home/mpiuser/cloud/fyp/java_client/lib/amqp-client-5.8.0.jar
7fbdbc04b000-7fbdbc04c000 r--s 00003000 fc:01 527715                     /home/mpiuser/cloud/fyp/java_client/lib/slf4j-simple-1.7.30.jar
7fbdbc04c000-7fbdbc061000 r--s 00142000 fc:01 527710                     /home/mpiuser/cloud/fyp/java_client/lib/jackson-databind-2.10.2.jar
7fbdbc061000-7fbdbc076000 r--s 00142000 fc:01 527711                     /home/mpiuser/cloud/fyp/java_client/lib/jackson-databind-2.10.3.jar
7fbdbc076000-7fbdbc077000 r--s 00005000 fc:01 527718                     /home/mpiuser/cloud/fyp/java_client/lib/spring-jcl-5.2.5.RELEASE.jar
7fbdbc077000-7fbdbc092000 r--s 001d6000 fc:01 1555512                    /usr/lib/jvm/java-8-openjdk-amd64/jre/lib/ext/nashorn.jar
7fbdbc092000-7fbdbc096000 r--s 0003a000 fc:01 1555515                    /usr/lib/jvm/java-8-openjdk-amd64/jre/lib/ext/sunpkcs11.jar
7fbdbc096000-7fbdbc09b000 r--s 0003d000 fc:01 1555514                    /usr/lib/jvm/java-8-openjdk-amd64/jre/lib/ext/sunjce_provider.jar
7fbdbc09b000-7fbdbc09c000 r--s 00010000 fc:01 1555516                    /usr/lib/jvm/java-8-openjdk-amd64/jre/lib/ext/zipfs.jar
7fbdbc09c000-7fbdbc09d000 r--s 0000a000 fc:01 1555510                    /usr/lib/jvm/java-8-openjdk-amd64/jre/lib/ext/jaccess.jar
7fbdbc09d000-7fbdbc09f000 r--s 00007000 fc:01 29606                      /usr/share/java/java-atk-wrapper.jar
7fbdbc09f000-7fbdbc0ba000 r--s 00394000 fc:01 1555507                    /usr/lib/jvm/java-8-openjdk-amd64/jre/lib/ext/cldrdata.jar
7fbdbc0ba000-7fbdbc0eb000 r--p 00000000 fc:01 7802                       /usr/lib/locale/C.UTF-8/LC_CTYPE
7fbdbc0eb000-7fbdbc139000 rw-p 00000000 00:00 0 
7fbdbc139000-7fbdbc309000 r--s 03c68000 fc:01 1302635                    /usr/lib/jvm/java-8-openjdk-amd64/jre/lib/rt.jar
7fbdbc309000-7fbdbc40c000 rw-p 00000000 00:00 0 
7fbdbc40c000-7fbdbc7c2000 ---p 00000000 00:00 0 
7fbdbc7c2000-7fbdbc7ca000 r-xp 00000000 fc:01 1302619                    /usr/lib/jvm/java-8-openjdk-amd64/jre/lib/amd64/libzip.so
7fbdbc7ca000-7fbdbc9c9000 ---p 00008000 fc:01 1302619                    /usr/lib/jvm/java-8-openjdk-amd64/jre/lib/amd64/libzip.so
7fbdbc9c9000-7fbdbc9ca000 r--p 00007000 fc:01 1302619                    /usr/lib/jvm/java-8-openjdk-amd64/jre/lib/amd64/libzip.so
7fbdbc9ca000-7fbdbc9cb000 rw-p 00008000 fc:01 1302619                    /usr/lib/jvm/java-8-openjdk-amd64/jre/lib/amd64/libzip.so
7fbdbc9cb000-7fbdbc9d6000 r-xp 00000000 fc:01 2093                       /lib/x86_64-linux-gnu/libnss_files-2.27.so
7fbdbc9d6000-7fbdbcbd5000 ---p 0000b000 fc:01 2093                       /lib/x86_64-linux-gnu/libnss_files-2.27.so
7fbdbcbd5000-7fbdbcbd6000 r--p 0000a000 fc:01 2093                       /lib/x86_64-linux-gnu/libnss_files-2.27.so
7fbdbcbd6000-7fbdbcbd7000 rw-p 0000b000 fc:01 2093                       /lib/x86_64-linux-gnu/libnss_files-2.27.so
7fbdbcbd7000-7fbdbcbdd000 rw-p 00000000 00:00 0 
7fbdbcbdd000-7fbdbcbf4000 r-xp 00000000 fc:01 2090                       /lib/x86_64-linux-gnu/libnsl-2.27.so
7fbdbcbf4000-7fbdbcdf3000 ---p 00017000 fc:01 2090                       /lib/x86_64-linux-gnu/libnsl-2.27.so
7fbdbcdf3000-7fbdbcdf4000 r--p 00016000 fc:01 2090                       /lib/x86_64-linux-gnu/libnsl-2.27.so
7fbdbcdf4000-7fbdbcdf5000 rw-p 00017000 fc:01 2090                       /lib/x86_64-linux-gnu/libnsl-2.27.so
7fbdbcdf5000-7fbdbcdf7000 rw-p 00000000 00:00 0 
7fbdbcdf7000-7fbdbce02000 r-xp 00000000 fc:01 2095                       /lib/x86_64-linux-gnu/libnss_nis-2.27.so
7fbdbce02000-7fbdbd001000 ---p 0000b000 fc:01 2095                       /lib/x86_64-linux-gnu/libnss_nis-2.27.so
7fbdbd001000-7fbdbd002000 r--p 0000a000 fc:01 2095                       /lib/x86_64-linux-gnu/libnss_nis-2.27.so
7fbdbd002000-7fbdbd003000 rw-p 0000b000 fc:01 2095                       /lib/x86_64-linux-gnu/libnss_nis-2.27.so
7fbdbd003000-7fbdbd00b000 r-xp 00000000 fc:01 2091                       /lib/x86_64-linux-gnu/libnss_compat-2.27.so
7fbdbd00b000-7fbdbd20b000 ---p 00008000 fc:01 2091                       /lib/x86_64-linux-gnu/libnss_compat-2.27.so
7fbdbd20b000-7fbdbd20c000 r--p 00008000 fc:01 2091                       /lib/x86_64-linux-gnu/libnss_compat-2.27.so
7fbdbd20c000-7fbdbd20d000 rw-p 00009000 fc:01 2091                       /lib/x86_64-linux-gnu/libnss_compat-2.27.so
7fbdbd20d000-7fbdbd237000 r-xp 00000000 fc:01 1302600                    /usr/lib/jvm/java-8-openjdk-amd64/jre/lib/amd64/libjava.so
7fbdbd237000-7fbdbd436000 ---p 0002a000 fc:01 1302600                    /usr/lib/jvm/java-8-openjdk-amd64/jre/lib/amd64/libjava.so
7fbdbd436000-7fbdbd437000 r--p 00029000 fc:01 1302600                    /usr/lib/jvm/java-8-openjdk-amd64/jre/lib/amd64/libjava.so
7fbdbd437000-7fbdbd439000 rw-p 0002a000 fc:01 1302600                    /usr/lib/jvm/java-8-openjdk-amd64/jre/lib/amd64/libjava.so
7fbdbd439000-7fbdbd449000 r-xp 00000000 fc:01 1302618                    /usr/lib/jvm/java-8-openjdk-amd64/jre/lib/amd64/libverify.so
7fbdbd449000-7fbdbd648000 ---p 00010000 fc:01 1302618                    /usr/lib/jvm/java-8-openjdk-amd64/jre/lib/amd64/libverify.so
7fbdbd648000-7fbdbd64a000 r--p 0000f000 fc:01 1302618                    /usr/lib/jvm/java-8-openjdk-amd64/jre/lib/amd64/libverify.so
7fbdbd64a000-7fbdbd64b000 rw-p 00011000 fc:01 1302618                    /usr/lib/jvm/java-8-openjdk-amd64/jre/lib/amd64/libverify.so
7fbdbd64b000-7fbdbd652000 r-xp 00000000 fc:01 2180                       /lib/x86_64-linux-gnu/librt-2.27.so
7fbdbd652000-7fbdbd851000 ---p 00007000 fc:01 2180                       /lib/x86_64-linux-gnu/librt-2.27.so
7fbdbd851000-7fbdbd852000 r--p 00006000 fc:01 2180                       /lib/x86_64-linux-gnu/librt-2.27.so
7fbdbd852000-7fbdbd853000 rw-p 00007000 fc:01 2180                       /lib/x86_64-linux-gnu/librt-2.27.so
7fbdbd853000-7fbdbd86a000 r-xp 00000000 fc:01 29154                      /lib/x86_64-linux-gnu/libgcc_s.so.1
7fbdbd86a000-7fbdbda69000 ---p 00017000 fc:01 29154                      /lib/x86_64-linux-gnu/libgcc_s.so.1
7fbdbda69000-7fbdbda6a000 r--p 00016000 fc:01 29154                      /lib/x86_64-linux-gnu/libgcc_s.so.1
7fbdbda6a000-7fbdbda6b000 rw-p 00017000 fc:01 29154                      /lib/x86_64-linux-gnu/libgcc_s.so.1
7fbdbda6b000-7fbdbdc08000 r-xp 00000000 fc:01 2087                       /lib/x86_64-linux-gnu/libm-2.27.so
7fbdbdc08000-7fbdbde07000 ---p 0019d000 fc:01 2087                       /lib/x86_64-linux-gnu/libm-2.27.so
7fbdbde07000-7fbdbde08000 r--p 0019c000 fc:01 2087                       /lib/x86_64-linux-gnu/libm-2.27.so
7fbdbde08000-7fbdbde09000 rw-p 0019d000 fc:01 2087                       /lib/x86_64-linux-gnu/libm-2.27.so
7fbdbde09000-7fbdbdf82000 r-xp 00000000 fc:01 4344                       /usr/lib/x86_64-linux-gnu/libstdc++.so.6.0.25
7fbdbdf82000-7fbdbe182000 ---p 00179000 fc:01 4344                       /usr/lib/x86_64-linux-gnu/libstdc++.so.6.0.25
7fbdbe182000-7fbdbe18c000 r--p 00179000 fc:01 4344                       /usr/lib/x86_64-linux-gnu/libstdc++.so.6.0.25
7fbdbe18c000-7fbdbe18e000 rw-p 00183000 fc:01 4344                       /usr/lib/x86_64-linux-gnu/libstdc++.so.6.0.25
7fbdbe18e000-7fbdbe192000 rw-p 00000000 00:00 0 
7fbdbe192000-7fbdbee35000 r-xp 00000000 fc:01 1302622                    /usr/lib/jvm/java-8-openjdk-amd64/jre/lib/amd64/server/libjvm.so
7fbdbee35000-7fbdbf035000 ---p 00ca3000 fc:01 1302622                    /usr/lib/jvm/java-8-openjdk-amd64/jre/lib/amd64/server/libjvm.so
7fbdbf035000-7fbdbf0c9000 r--p 00ca3000 fc:01 1302622                    /usr/lib/jvm/java-8-openjdk-amd64/jre/lib/amd64/server/libjvm.so
7fbdbf0c9000-7fbdbf0f2000 rw-p 00d37000 fc:01 1302622                    /usr/lib/jvm/java-8-openjdk-amd64/jre/lib/amd64/server/libjvm.so
7fbdbf0f2000-7fbdbf122000 rw-p 00000000 00:00 0 
7fbdbf122000-7fbdbf13c000 r-xp 00000000 fc:01 2178                       /lib/x86_64-linux-gnu/libpthread-2.27.so
7fbdbf13c000-7fbdbf33b000 ---p 0001a000 fc:01 2178                       /lib/x86_64-linux-gnu/libpthread-2.27.so
7fbdbf33b000-7fbdbf33c000 r--p 00019000 fc:01 2178                       /lib/x86_64-linux-gnu/libpthread-2.27.so
7fbdbf33c000-7fbdbf33d000 rw-p 0001a000 fc:01 2178                       /lib/x86_64-linux-gnu/libpthread-2.27.so
7fbdbf33d000-7fbdbf341000 rw-p 00000000 00:00 0 
7fbdbf341000-7fbdbf344000 r-xp 00000000 fc:01 2086                       /lib/x86_64-linux-gnu/libdl-2.27.so
7fbdbf344000-7fbdbf543000 ---p 00003000 fc:01 2086                       /lib/x86_64-linux-gnu/libdl-2.27.so
7fbdbf543000-7fbdbf544000 r--p 00002000 fc:01 2086                       /lib/x86_64-linux-gnu/libdl-2.27.so
7fbdbf544000-7fbdbf545000 rw-p 00003000 fc:01 2086                       /lib/x86_64-linux-gnu/libdl-2.27.so
7fbdbf545000-7fbdbf561000 r-xp 00000000 fc:01 2183                       /lib/x86_64-linux-gnu/libz.so.1.2.11
7fbdbf561000-7fbdbf760000 ---p 0001c000 fc:01 2183                       /lib/x86_64-linux-gnu/libz.so.1.2.11
7fbdbf760000-7fbdbf761000 r--p 0001b000 fc:01 2183                       /lib/x86_64-linux-gnu/libz.so.1.2.11
7fbdbf761000-7fbdbf762000 rw-p 0001c000 fc:01 2183                       /lib/x86_64-linux-gnu/libz.so.1.2.11
7fbdbf762000-7fbdbf949000 r-xp 00000000 fc:01 2083                       /lib/x86_64-linux-gnu/libc-2.27.so
7fbdbf949000-7fbdbfb49000 ---p 001e7000 fc:01 2083                       /lib/x86_64-linux-gnu/libc-2.27.so
7fbdbfb49000-7fbdbfb4d000 r--p 001e7000 fc:01 2083                       /lib/x86_64-linux-gnu/libc-2.27.so
7fbdbfb4d000-7fbdbfb4f000 rw-p 001eb000 fc:01 2083                       /lib/x86_64-linux-gnu/libc-2.27.so
7fbdbfb4f000-7fbdbfb53000 rw-p 00000000 00:00 0 
7fbdbfb53000-7fbdbfb61000 r-xp 00000000 fc:01 1555499                    /usr/lib/jvm/java-8-openjdk-amd64/jre/lib/amd64/jli/libjli.so
7fbdbfb61000-7fbdbfd60000 ---p 0000e000 fc:01 1555499                    /usr/lib/jvm/java-8-openjdk-amd64/jre/lib/amd64/jli/libjli.so
7fbdbfd60000-7fbdbfd61000 r--p 0000d000 fc:01 1555499                    /usr/lib/jvm/java-8-openjdk-amd64/jre/lib/amd64/jli/libjli.so
7fbdbfd61000-7fbdbfd62000 rw-p 0000e000 fc:01 1555499                    /usr/lib/jvm/java-8-openjdk-amd64/jre/lib/amd64/jli/libjli.so
7fbdbfd62000-7fbdbfd89000 r-xp 00000000 fc:01 2079                       /lib/x86_64-linux-gnu/ld-2.27.so
7fbdbfd89000-7fbdbfd8a000 r--s 0000d000 fc:01 1555513                    /usr/lib/jvm/java-8-openjdk-amd64/jre/lib/ext/sunec.jar
7fbdbfd8a000-7fbdbfd8c000 r--s 00001000 fc:01 1555508                    /usr/lib/jvm/java-8-openjdk-amd64/jre/lib/ext/dnsns.jar
7fbdbfd8c000-7fbdbfd8f000 r--s 0000f000 fc:01 1555509                    /usr/lib/jvm/java-8-openjdk-amd64/jre/lib/ext/icedtea-sound.jar
7fbdbfd8f000-7fbdbfd99000 r--s 00116000 fc:01 1555511                    /usr/lib/jvm/java-8-openjdk-amd64/jre/lib/ext/localedata.jar
7fbdbfd99000-7fbdbfd9a000 r--p 00000000 fc:01 7807                       /usr/lib/locale/C.UTF-8/LC_NUMERIC
7fbdbfd9a000-7fbdbfd9b000 r--p 00000000 fc:01 7810                       /usr/lib/locale/C.UTF-8/LC_TIME
7fbdbfd9b000-7fbdbfd9c000 r--p 00000000 fc:01 7805                       /usr/lib/locale/C.UTF-8/LC_MONETARY
7fbdbfd9c000-7fbdbfd9d000 r--p 00000000 fc:01 7799                       /usr/lib/locale/C.UTF-8/LC_MESSAGES/SYS_LC_MESSAGES
7fbdbfd9d000-7fbdbfd9e000 r--p 00000000 fc:01 7808                       /usr/lib/locale/C.UTF-8/LC_PAPER
7fbdbfd9e000-7fbdbfd9f000 r--p 00000000 fc:01 7806                       /usr/lib/locale/C.UTF-8/LC_NAME
7fbdbfd9f000-7fbdbfda0000 r--p 00000000 fc:01 7800                       /usr/lib/locale/C.UTF-8/LC_ADDRESS
7fbdbfda0000-7fbdbfda1000 r--p 00000000 fc:01 7809                       /usr/lib/locale/C.UTF-8/LC_TELEPHONE
7fbdbfda1000-7fbdbfda2000 r--p 00000000 fc:01 7804                       /usr/lib/locale/C.UTF-8/LC_MEASUREMENT
7fbdbfda2000-7fbdbfda9000 r--s 00000000 fc:01 5010                       /usr/lib/x86_64-linux-gnu/gconv/gconv-modules.cache
7fbdbfda9000-7fbdbfdaa000 r--p 00000000 fc:01 7803                       /usr/lib/locale/C.UTF-8/LC_IDENTIFICATION
7fbdbfdaa000-7fbdbfdb0000 rw-p 00000000 00:00 0 
7fbdbfdb0000-7fbdbfdfd000 ---p 00000000 00:00 0 
7fbdbfdfd000-7fbdbfe00000 rw-p 00000000 00:00 0 
7fbdbfe00000-7fbdbfe26000 ---p 00000000 00:00 0 
7fbdbfe26000-7fbdbfe2c000 rw-p 00000000 00:00 0 
7fbdbfe2c000-7fbdbfe79000 ---p 00000000 00:00 0 
7fbdbfe79000-7fbdbfe7a000 rw-p 00000000 00:00 0 
7fbdbfe7a000-7fbdbfe7b000 ---p 00000000 00:00 0 
7fbdbfe7b000-7fbdbfe7e000 ---p 00000000 00:00 0 
7fbdbfe7e000-7fbdbff7d000 rw-p 00000000 00:00 0 
7fbdbff7d000-7fbdbff85000 rw-s 00000000 fc:01 1039848                    /tmp/hsperfdata_mpiuser/5168
7fbdbff85000-7fbdbff86000 rw-p 00000000 00:00 0 
7fbdbff86000-7fbdbff87000 r--p 00000000 00:00 0 
7fbdbff87000-7fbdbff89000 rw-p 00000000 00:00 0 
7fbdbff89000-7fbdbff8a000 r--p 00027000 fc:01 2079                       /lib/x86_64-linux-gnu/ld-2.27.so
7fbdbff8a000-7fbdbff8b000 rw-p 00028000 fc:01 2079                       /lib/x86_64-linux-gnu/ld-2.27.so
7fbdbff8b000-7fbdbff8c000 rw-p 00000000 00:00 0 
7fff97eec000-7fff97f0d000 rw-p 00000000 00:00 0                          [stack]
7fff97f7a000-7fff97f7d000 r--p 00000000 00:00 0                          [vvar]
7fff97f7d000-7fff97f7f000 r-xp 00000000 00:00 0                          [vdso]
ffffffffff600000-ffffffffff601000 r-xp 00000000 00:00 0                  [vsyscall]

VM Arguments:
jvm_args: -Djava.library.path=/usr/local/lib 
java_command: Client 1000000 100 0
java_class_path (initial): /home/mpiuser/cloud/fyp/java_client:./lib/spring-jcl-5.2.5.RELEASE.jar:./lib/jackson-databind-2.10.3.jar:./lib/jackson-databind-2.10.2.jar:./lib/slf4j-simple-1.7.30.jar:./lib/amqp-client-5.8.0.jar:./lib/spring-web-5.2.5.RELEASE.jar:./lib/jackson-annotations-2.10.3.jar:./lib/mpi.jar:./lib/spring-beans-5.2.5.RELEASE.jar:./lib/jackson-annotations-2.10.2.jar:./lib/jackson-core-2.10.2.jar:./lib/jackson-core-2.10.3.jar:./lib/slf4j-api-1.7.29.jar:./lib/spring-core-5.2.5.RELEASE.jar:./lib/slf4j-api-1.7.30.jar:./lib/http-client-3.6.1.RELEASE.jar:/usr/local/lib/mpi.jar
Launcher Type: SUN_STANDARD

Environment Variables:
PATH=/usr/local/sbin:/usr/local/bin:/usr/sbin:/usr/bin:/sbin:/bin:/usr/games:/usr/local/games:/snap/bin
SHELL=/bin/bash

Signal Handlers:
SIGSEGV: [libjvm.so+0xabc3b0], sa_mask[0]=11111111011111111101111111111110, sa_flags=SA_RESTART|SA_SIGINFO
SIGBUS: [libjvm.so+0xabc3b0], sa_mask[0]=11111111011111111101111111111110, sa_flags=SA_RESTART|SA_SIGINFO
SIGFPE: [libjvm.so+0x8f0bb0], sa_mask[0]=11111111011111111101111111111110, sa_flags=SA_RESTART|SA_SIGINFO
SIGPIPE: [libjvm.so+0x8f0bb0], sa_mask[0]=11111111011111111101111111111110, sa_flags=SA_RESTART|SA_SIGINFO
SIGXFSZ: [libjvm.so+0x8f0bb0], sa_mask[0]=11111111011111111101111111111110, sa_flags=SA_RESTART|SA_SIGINFO
SIGILL: [libjvm.so+0x8f0bb0], sa_mask[0]=11111111011111111101111111111110, sa_flags=SA_RESTART|SA_SIGINFO
SIGUSR1: SIG_DFL, sa_mask[0]=00000000000000000000000000000000, sa_flags=none
SIGUSR2: [libjvm.so+0x8f0a60], sa_mask[0]=00000000000000000000000000000000, sa_flags=SA_RESTART|SA_SIGINFO
SIGHUP: [libjvm.so+0x8f10d0], sa_mask[0]=11111111011111111101111111111110, sa_flags=SA_RESTART|SA_SIGINFO
SIGINT: [libjvm.so+0x8f10d0], sa_mask[0]=11111111011111111101111111111110, sa_flags=SA_RESTART|SA_SIGINFO
SIGTERM: [libjvm.so+0x8f10d0], sa_mask[0]=11111111011111111101111111111110, sa_flags=SA_RESTART|SA_SIGINFO
SIGQUIT: [libjvm.so+0x8f10d0], sa_mask[0]=11111111011111111101111111111110, sa_flags=SA_RESTART|SA_SIGINFO


---------------  S Y S T E M  ---------------

OS:DISTRIB_ID=Ubuntu
DISTRIB_RELEASE=18.04
DISTRIB_CODENAME=bionic
DISTRIB_DESCRIPTION="Ubuntu 18.04.3 LTS"

uname:Linux 4.15.0-91-generic #92-Ubuntu SMP Fri Feb 28 11:09:48 UTC 2020 x86_64
libc:glibc 2.27 NPTL 2.27 
rlimit: STACK 8192k, CORE 0k, NPROC 3837, NOFILE 1048576, AS infinity
load average:22.55 4.80 1.56

/proc/meminfo:
MemTotal:        1008492 kB
MemFree:          268140 kB
MemAvailable:     238520 kB
Buffers:            5420 kB
Cached:            52200 kB
SwapCached:            0 kB
Active:           591028 kB
Inactive:          16820 kB
Active(anon):     550644 kB
Inactive(anon):      252 kB
Active(file):      40384 kB
Inactive(file):    16568 kB
Unevictable:           0 kB
Mlocked:               0 kB
SwapTotal:             0 kB
SwapFree:              0 kB
Dirty:              9312 kB
Writeback:             0 kB
AnonPages:        550320 kB
Mapped:            40256 kB
Shmem:               648 kB
Slab:              73524 kB
SReclaimable:      26480 kB
SUnreclaim:        47044 kB
KernelStack:        9812 kB
PageTables:        19140 kB
NFS_Unstable:          0 kB
Bounce:                0 kB
WritebackTmp:          0 kB
CommitLimit:      504244 kB
Committed_AS:    3684276 kB
VmallocTotal:   34359738367 kB
VmallocUsed:           0 kB
VmallocChunk:          0 kB
HardwareCorrupted:     0 kB
AnonHugePages:         0 kB
ShmemHugePages:        0 kB
ShmemPmdMapped:        0 kB
CmaTotal:              0 kB
CmaFree:               0 kB
HugePages_Total:       0
HugePages_Free:        0
HugePages_Rsvd:        0
HugePages_Surp:        0
Hugepagesize:       2048 kB
DirectMap4k:       83948 kB
DirectMap2M:      964608 kB
DirectMap1G:           0 kB

container (cgroup) information:
container_type: cgroupv1
cpu_cpuset_cpus: 0-2
cpu_memory_nodes: 0
active_processor_count: 3
cpu_quota: -1
cpu_period: 100000
cpu_shares: -1
memory_limit_in_bytes: -1
memory_and_swap_limit_in_bytes: -2
memory_soft_limit_in_bytes: -1
memory_usage_in_bytes: 595529728
memory_max_usage_in_bytes: 817807360


CPU:total 3 (initial active 3) (1 cores per cpu, 1 threads per core) family 6 model 85 stepping 4, cmov, cx8, fxsr, mmx, sse, sse2, sse3, ssse3, sse4.1, sse4.2, popcnt, avx, avx2, aes, clmul, erms, 3dnowpref, lzcnt, tsc, bmi1, bmi2, adx

/proc/cpuinfo:
processor	: 0
vendor_id	: GenuineIntel
cpu family	: 6
model		: 85
model name	: Intel(R) Xeon(R) Gold 6140 CPU @ 2.30GHz
stepping	: 4
microcode	: 0x1
cpu MHz		: 2294.608
cache size	: 4096 KB
physical id	: 0
siblings	: 1
core id		: 0
cpu cores	: 1
apicid		: 0
initial apicid	: 0
fpu		: yes
fpu_exception	: yes
cpuid level	: 13
wp		: yes
flags		: fpu vme de pse tsc msr pae mce cx8 apic sep mtrr pge mca cmov pat pse36 clflush mmx fxsr sse sse2 ss syscall nx pdpe1gb rdtscp lm constant_tsc arch_perfmon rep_good nopl cpuid tsc_known_freq pni pclmulqdq vmx ssse3 fma cx16 pcid sse4_1 sse4_2 x2apic movbe popcnt tsc_deadline_timer aes xsave avx f16c rdrand hypervisor lahf_lm abm 3dnowprefetch cpuid_fault invpcid_single pti ssbd ibrs ibpb tpr_shadow vnmi flexpriority ept vpid fsgsbase tsc_adjust bmi1 avx2 smep bmi2 erms invpcid mpx avx512f avx512dq rdseed adx smap clflushopt clwb avx512cd avx512bw avx512vl xsaveopt xsavec xgetbv1 pku ospke md_clear
bugs		: cpu_meltdown spectre_v1 spectre_v2 spec_store_bypass l1tf mds swapgs itlb_multihit
bogomips	: 4589.21
clflush size	: 64
cache_alignment	: 64
address sizes	: 40 bits physical, 48 bits virtual
power management:

processor	: 1
vendor_id	: GenuineIntel
cpu family	: 6
model		: 85
model name	: Intel(R) Xeon(R) Gold 6140 CPU @ 2.30GHz
stepping	: 4
microcode	: 0x1
cpu MHz		: 2294.608
cache size	: 4096 KB
physical id	: 1
siblings	: 1
core id		: 0
cpu cores	: 1
apicid		: 1
initial apicid	: 1
fpu		: yes
fpu_exception	: yes
cpuid level	: 13
wp		: yes
flags		: fpu vme de pse tsc msr pae mce cx8 apic sep mtrr pge mca cmov pat pse36 clflush mmx fxsr sse sse2 ss syscall nx pdpe1gb rdtscp lm constant_tsc arch_perfmon rep_good nopl cpuid tsc_known_freq pni pclmulqdq vmx ssse3 fma cx16 pcid sse4_1 sse4_2 x2apic movbe popcnt tsc_deadline_timer aes xsave avx f16c rdrand hypervisor lahf_lm abm 3dnowprefetch cpuid_fault invpcid_single pti ssbd ibrs ibpb tpr_shadow vnmi flexpriority ept vpid fsgsbase tsc_adjust bmi1 avx2 smep bmi2 erms invpcid mpx avx512f avx512dq rdseed adx smap clflushopt clwb avx512cd avx512bw avx512vl xsaveopt xsavec xgetbv1 pku ospke md_clear
bugs		: cpu_meltdown spectre_v1 spectre_v2 spec_store_bypass l1tf mds swapgs itlb_multihit
bogomips	: 4589.21
clflush size	: 64
cache_alignment	: 64
address sizes	: 40 bits physical, 48 bits virtual
power management:

processor	: 2
vendor_id	: GenuineIntel
cpu family	: 6
model		: 85
model name	: Intel(R) Xeon(R) Gold 6140 CPU @ 2.30GHz
stepping	: 4
microcode	: 0x1
cpu MHz		: 2294.608
cache size	: 4096 KB
physical id	: 2
siblings	: 1
core id		: 0
cpu cores	: 1
apicid		: 2
initial apicid	: 2
fpu		: yes
fpu_exception	: yes
cpuid level	: 13
wp		: yes
flags		: fpu vme de pse tsc msr pae mce cx8 apic sep mtrr pge mca cmov pat pse36 clflush mmx fxsr sse sse2 ss syscall nx pdpe1gb rdtscp lm constant_tsc arch_perfmon rep_good nopl cpuid tsc_known_freq pni pclmulqdq vmx ssse3 fma cx16 pcid sse4_1 sse4_2 x2apic movbe popcnt tsc_deadline_timer aes xsave avx f16c rdrand hypervisor lahf_lm abm 3dnowprefetch cpuid_fault invpcid_single pti ssbd ibrs ibpb tpr_shadow vnmi flexpriority ept vpid fsgsbase tsc_adjust bmi1 avx2 smep bmi2 erms invpcid mpx avx512f avx512dq rdseed adx smap clflushopt clwb avx512cd avx512bw avx512vl xsaveopt xsavec xgetbv1 pku ospke md_clear
bugs		: cpu_meltdown spectre_v1 spectre_v2 spec_store_bypass l1tf mds swapgs itlb_multihit
bogomips	: 4589.21
clflush size	: 64
cache_alignment	: 64
address sizes	: 40 bits physical, 48 bits virtual
power management:



Memory: 4k page, physical 1008492k(267892k free), swap 0k(0k free)

vm_info: OpenJDK 64-Bit Server VM (25.242-b08) for linux-amd64 JRE (1.8.0_242-8u242-b08-0ubuntu3~18.04-b08), built on Jan 17 2020 23:41:21 by "buildd" with gcc 7.4.0

time: Mon Apr  6 11:40:00 2020
timezone: UTC
elapsed time: 10 seconds (0d 0h 0m 10s)

