#
# A fatal error has been detected by the Java Runtime Environment:
#
#  SIGSEGV (0xb) at pc=0x00007f7d66d8912a, pid=30901, tid=0x00007f7da65ba700
#
# JRE version: OpenJDK Runtime Environment (8.0_242-b08) (build 1.8.0_242-8u242-b08-0ubuntu3~18.04-b08)
# Java VM: OpenJDK 64-Bit Server VM (25.242-b08 mixed mode linux-amd64 compressed oops)
# Problematic frame:
# C  [mca_gds_ds21.so+0x212a]  pmix_gds_ds21_lock_init+0x12a
#
# Failed to write core dump. Core dumps have been disabled. To enable core dumping, try "ulimit -c unlimited" before starting Java again
#
# If you would like to submit a bug report, please visit:
#   http://bugreport.java.com/bugreport/crash.jsp
# The crash happened outside the Java Virtual Machine in native code.
# See problematic frame for where to report the bug.
#

---------------  T H R E A D  ---------------

Current thread (0x00007f7d9c00b800):  JavaThread "main" [_thread_in_native, id=30910, stack(0x00007f7da64bb000,0x00007f7da65bb000)]

siginfo: si_signo: 11 (SIGSEGV), si_code: 1 (SEGV_MAPERR), si_addr: 0x00007f7da0cf0008

Registers:
RAX=0x00007f7d9c2bdaa0, RBX=0x00007f7d9c2bd9c0, RCX=0x00007f7d671a985e, RDX=0x00007ffe98f16ceb
RSP=0x00007f7da65b8700, RBP=0x00007f7d9c2bda18, RSI=0x0000000000085000, RDI=0x0000000000000000
R8 =0x000000000000001e, R9 =0x0000000000000000, R10=0x0000000000000001, R11=0x0000000000000000
R12=0x00007f7d9c2bd618, R13=0x0000000000001000, R14=0x00007f7da0cf0000, R15=0x00007f7d9c2bda10
RIP=0x00007f7d66d8912a, EFLAGS=0x0000000000010206, CSGSFS=0x002b000000000033, ERR=0x0000000000000004
  TRAPNO=0x000000000000000e

Top of Stack: (sp=0x00007f7da65b8700)
0x00007f7da65b8700:   00007f7d9c2bd970 00007ffe98f16ceb
0x00007f7da65b8710:   0000000000085000 000003e800000002
0x00007f7da65b8720:   0000000000000000 00007f7da5e392ed
0x00007f7da65b8730:   00007f7d9c2bd660 630eaeb0d4372b00
0x00007f7da65b8740:   0000000000000000 00007f7d9c2bd340
0x00007f7da65b8750:   0000000000000000 00007ffe98f16ceb
0x00007f7da65b8760:   0000000000000000 00007f7d9c2bd5b0
0x00007f7da65b8770:   0000000000000000 00007f7d671a5bcb
0x00007f7da65b8780:   00007f7d66d89cee 00007f7da65b8810
0x00007f7da65b8790:   00007f7d6c3cd513 0000001500000040
0x00007f7da65b87a0:   00007f7d9c2b8b70 630eaeb0d4372b00
0x00007f7da65b87b0:   00007f7d6719b280 00007f7d9c2b8680
0x00007f7da65b87c0:   00007f7d66f8b2d4 00007f7d6c5f30a0
0x00007f7da65b87d0:   00007f7d66f8b180 00007f7d6c5f6fc0
0x00007f7da65b87e0:   00007f7d9c2bd2f0 00007f7d66d88db4
0x00007f7da65b87f0:   00007f7d6c5f3060 00007f7d6c3b5ee8
0x00007f7da65b8800:   00007f7d6c5f3100 00007f7da65b8834
0x00007f7da65b8810:   00007f7da65b8838 0000000000000000
0x00007f7da65b8820:   0000000000000000 00007f7d6c5f6fd0
0x00007f7da65b8830:   0000001e6c32adb0 00007f7d66f8b180
0x00007f7da65b8840:   0000000000000000 630eaeb0d4372b00
0x00007f7da65b8850:   00007f7d6c5f30a0 0000000000000000
0x00007f7da65b8860:   0000000000000000 00007f7d9c247ad0
0x00007f7da65b8870:   00007f7d6c32adb0 00007f7d6c5f2520
0x00007f7da65b8880:   0000000000000000 00007f7d6c370763
0x00007f7da65b8890:   000000000000000c 00007f7d6c5f27d8
0x00007f7da65b88a0:   2d69706d6e65706f 0000346576616c73
0x00007f7da65b88b0:   00007f7d6c2b5100 00007f7d6c2b0b00
0x00007f7da65b88c0:   00007f7d6c2b864e 0000000100000000
0x00007f7da65b88d0:   00007f7da65b89d0 00007f7d00000003
0x00007f7da65b88e0:   00007f7da65b89c0 630eaeb0d4372b00
0x00007f7da65b88f0:   00007f7d9c2454b0 00007f7d6c5f1f60 

Instructions: (pc=0x00007f7d66d8912a)
0x00007f7d66d8910a:   f7 ff ff 48 85 c0 49 89 47 30 0f 84 16 03 00 00
0x00007f7d66d8911a:   4c 8b 70 18 49 8b 36 4c 39 ee 0f 87 ce 02 00 00
0x00007f7d66d8912a:   41 8b 46 08 41 89 47 40 49 8b 56 18 4c 01 f2 85
0x00007f7d66d8913a:   c0 49 89 57 38 0f 84 eb 02 00 00 31 c0 ba 01 00 

Register to memory mapping:

RAX=0x00007f7d9c2bdaa0 is an unknown value
RBX=0x00007f7d9c2bd9c0 is an unknown value
RCX=0x00007f7d671a985e: pmix_common_dstor_attach_new_lock_seg+0x1e in /usr/local/lib/libmca_common_dstore.so.1 at 0x00007f7d6719c000
RDX=0x00007ffe98f16ceb is an unknown value
RSP=0x00007f7da65b8700 is pointing into the stack for thread: 0x00007f7d9c00b800
RBP=0x00007f7d9c2bda18 is an unknown value
RSI=0x0000000000085000 is an unknown value
RDI=0x0000000000000000 is an unknown value
R8 =0x000000000000001e is an unknown value
R9 =0x0000000000000000 is an unknown value
R10=0x0000000000000001 is an unknown value
R11=0x0000000000000000 is an unknown value
R12=0x00007f7d9c2bd618 is an unknown value
R13=0x0000000000001000 is an unknown value
R14=0x00007f7da0cf0000 is an unknown value
R15=0x00007f7d9c2bda10 is an unknown value


Stack: [0x00007f7da64bb000,0x00007f7da65bb000],  sp=0x00007f7da65b8700,  free space=1013k
Native frames: (J=compiled Java code, j=interpreted, Vv=VM code, C=native code)
C  [mca_gds_ds21.so+0x212a]  pmix_gds_ds21_lock_init+0x12a

Java frames: (J=compiled Java code, j=interpreted, Vv=VM code)
j  mpi.MPI.Init_jni([Ljava/lang/String;)[Ljava/lang/String;+0
j  mpi.MPI.Init([Ljava/lang/String;)[Ljava/lang/String;+17
j  Client.main([Ljava/lang/String;)V+1
v  ~StubRoutines::call_stub

---------------  P R O C E S S  ---------------

Java Threads: ( => current thread )
  0x00007f7d9c0c9800 JavaThread "Service Thread" daemon [_thread_blocked, id=31063, stack(0x00007f7da14e5000,0x00007f7da15e6000)]
  0x00007f7d9c0b4800 JavaThread "C1 CompilerThread1" daemon [_thread_blocked, id=31057, stack(0x00007f7da15e7000,0x00007f7da16e7000)]
  0x00007f7d9c0b2000 JavaThread "C2 CompilerThread0" daemon [_thread_blocked, id=31045, stack(0x00007f7da16e8000,0x00007f7da17e8000)]
  0x00007f7d9c0b0800 JavaThread "Signal Dispatcher" daemon [_thread_blocked, id=31010, stack(0x00007f7da17e8000,0x00007f7da18e9000)]
  0x00007f7d9c07e000 JavaThread "Finalizer" daemon [_thread_blocked, id=30947, stack(0x00007f7da1c28000,0x00007f7da1d29000)]
  0x00007f7d9c079800 JavaThread "Reference Handler" daemon [_thread_blocked, id=30936, stack(0x00007f7da1d29000,0x00007f7da1e2a000)]
=>0x00007f7d9c00b800 JavaThread "main" [_thread_in_native, id=30910, stack(0x00007f7da64bb000,0x00007f7da65bb000)]

Other Threads:
  0x00007f7d9c06f800 VMThread [stack: 0x00007f7da1e2b000,0x00007f7da1f2b000] [id=30926]
  0x00007f7d9c0cc800 WatcherThread [stack: 0x00007f7da13e5000,0x00007f7da14e5000] [id=31067]

VM state:not at safepoint (normal execution)

VM Mutex/Monitor currently owned by a thread: None

heap address: 0x00000000f0800000, size: 248 MB, Compressed Oops mode: 32-bit
Narrow klass base: 0x0000000000000000, Narrow klass shift: 3
Compressed class space size: 1073741824 Address: 0x0000000100000000

Heap:
 def new generation   total 4928K, used 1441K [0x00000000f0800000, 0x00000000f0d50000, 0x00000000f5aa0000)
  eden space 4416K,  32% used [0x00000000f0800000, 0x00000000f0968610, 0x00000000f0c50000)
  from space 512K,   0% used [0x00000000f0c50000, 0x00000000f0c50000, 0x00000000f0cd0000)
  to   space 512K,   0% used [0x00000000f0cd0000, 0x00000000f0cd0000, 0x00000000f0d50000)
 tenured generation   total 10944K, used 0K [0x00000000f5aa0000, 0x00000000f6550000, 0x0000000100000000)
   the space 10944K,   0% used [0x00000000f5aa0000, 0x00000000f5aa0000, 0x00000000f5aa0200, 0x00000000f6550000)
 Metaspace       used 3122K, capacity 4792K, committed 5120K, reserved 1056768K
  class space    used 313K, capacity 424K, committed 512K, reserved 1048576K

Card table byte_map: [0x00007f7da643d000,0x00007f7da64ba000] byte_map_base: 0x00007f7da5cb9000

Polling page: 0x00007f7da65c6000

CodeCache: size=245760Kb used=1263Kb max_used=1263Kb free=244496Kb
 bounds [0x00007f7d8d000000, 0x00007f7d8d270000, 0x00007f7d9c000000]
 total_blobs=374 nmethods=69 adapters=220
 compilation: enabled

Compilation events (10 events):
Event: 1.221 Thread 0x00007f7d9c0b4800   61  s    1       java.util.Vector::size (5 bytes)
Event: 1.221 Thread 0x00007f7d9c0b4800 nmethod 61 0x00007f7d8d131810 code [0x00007f7d8d131960, 0x00007f7d8d131bd0]
Event: 1.296 Thread 0x00007f7d9c0b4800   66       3       java.util.jar.JarFile::getJarEntry (9 bytes)
Event: 1.525 Thread 0x00007f7d9c0b4800 nmethod 66 0x00007f7d8d139e50 code [0x00007f7d8d13a000, 0x00007f7d8d13a4b8]
Event: 1.525 Thread 0x00007f7d9c0b4800   67       3       java.util.jar.JarFile::getEntry (22 bytes)
Event: 1.525 Thread 0x00007f7d9c0b4800 nmethod 67 0x00007f7d8d13a6d0 code [0x00007f7d8d13a860, 0x00007f7d8d13abb8]
Event: 1.525 Thread 0x00007f7d9c0b4800   68   !   3       java.util.zip.ZipFile::getEntry (101 bytes)
Event: 1.525 Thread 0x00007f7d9c0b4800 nmethod 68 0x00007f7d8d13ad10 code [0x00007f7d8d13aee0, 0x00007f7d8d13b558]
Event: 1.525 Thread 0x00007f7d9c0b4800   69       3       java.lang.CharacterDataLatin1::toLowerCase (39 bytes)
Event: 1.525 Thread 0x00007f7d9c0b4800 nmethod 69 0x00007f7d8d13b850 code [0x00007f7d8d13b9c0, 0x00007f7d8d13bc30]

GC Heap History (0 events):
No events

Deoptimization events (0 events):
No events

Classes redefined (0 events):
No events

Internal exceptions (5 events):
Event: 0.086 Thread 0x00007f7d9c00b800 Exception <a 'java/lang/NoSuchMethodError': Method sun.misc.Unsafe.defineClass(Ljava/lang/String;[BII)Ljava/lang/Class; name or signature does not match> (0x00000000f0807cc8) thrown at [/build/openjdk-8-58sEEn/openjdk-8-8u242-b08/src/hotspot/src/share/vm/
Event: 0.086 Thread 0x00007f7d9c00b800 Exception <a 'java/lang/NoSuchMethodError': Method sun.misc.Unsafe.prefetchRead(Ljava/lang/Object;J)V name or signature does not match> (0x00000000f0807fb0) thrown at [/build/openjdk-8-58sEEn/openjdk-8-8u242-b08/src/hotspot/src/share/vm/prims/jni.cpp, lin
Event: 0.461 Thread 0x00007f7d9c00b800 Exception <a 'java/util/zip/ZipException'> (0x00000000f085dec8) thrown at [/build/openjdk-8-58sEEn/openjdk-8-8u242-b08/src/hotspot/src/share/vm/prims/jni.cpp, line 710]
Event: 0.461 Thread 0x00007f7d9c00b800 Exception <a 'java/security/PrivilegedActionException'> (0x00000000f085e168) thrown at [/build/openjdk-8-58sEEn/openjdk-8-8u242-b08/src/hotspot/src/share/vm/prims/jvm.cpp, line 1502]
Event: 0.461 Thread 0x00007f7d9c00b800 Exception <a 'java/security/PrivilegedActionException'> (0x00000000f085e378) thrown at [/build/openjdk-8-58sEEn/openjdk-8-8u242-b08/src/hotspot/src/share/vm/prims/jvm.cpp, line 1502]

Events (10 events):
Event: 1.196 loading class mpi/Constant
Event: 1.196 loading class mpi/Constant done
Event: 1.196 loading class mpi/Errhandler
Event: 1.196 loading class mpi/Errhandler done
Event: 1.197 loading class mpi/Intracomm
Event: 1.197 loading class mpi/Intracomm done
Event: 1.243 loading class mpi/Comm
Event: 1.243 loading class mpi/Comm done
Event: 1.355 loading class mpi/Version
Event: 1.355 loading class mpi/Version done


Dynamic libraries:
f0800000-f0d50000 rw-p 00000000 00:00 0 
f0d50000-f5aa0000 ---p 00000000 00:00 0 
f5aa0000-f6550000 rw-p 00000000 00:00 0 
f6550000-100000000 ---p 00000000 00:00 0 
100000000-100080000 rw-p 00000000 00:00 0 
100080000-140000000 ---p 00000000 00:00 0 
5647c6ef2000-5647c6ef3000 r-xp 00000000 fc:01 2076260                    /usr/lib/jvm/java-8-openjdk-amd64/jre/bin/java
5647c70f2000-5647c70f3000 r--p 00000000 fc:01 2076260                    /usr/lib/jvm/java-8-openjdk-amd64/jre/bin/java
5647c70f3000-5647c70f4000 rw-p 00001000 fc:01 2076260                    /usr/lib/jvm/java-8-openjdk-amd64/jre/bin/java
5647c7a3d000-5647c7a5e000 rw-p 00000000 00:00 0                          [heap]
7f7d60000000-7f7d60021000 rw-p 00000000 00:00 0 
7f7d60021000-7f7d64000000 ---p 00000000 00:00 0 
7f7d66b84000-7f7d66b86000 r-xp 00000000 fc:01 528289                     /usr/local/lib/pmix/mca_pshmem_mmap.so
7f7d66b86000-7f7d66d85000 ---p 00002000 fc:01 528289                     /usr/local/lib/pmix/mca_pshmem_mmap.so
7f7d66d85000-7f7d66d86000 r--p 00001000 fc:01 528289                     /usr/local/lib/pmix/mca_pshmem_mmap.so
7f7d66d86000-7f7d66d87000 rw-p 00002000 fc:01 528289                     /usr/local/lib/pmix/mca_pshmem_mmap.so
7f7d66d87000-7f7d66d8b000 r-xp 00000000 fc:01 528265                     /usr/local/lib/pmix/mca_gds_ds21.so
7f7d66d8b000-7f7d66f8a000 ---p 00004000 fc:01 528265                     /usr/local/lib/pmix/mca_gds_ds21.so
7f7d66f8a000-7f7d66f8b000 r--p 00003000 fc:01 528265                     /usr/local/lib/pmix/mca_gds_ds21.so
7f7d66f8b000-7f7d66f8c000 rw-p 00004000 fc:01 528265                     /usr/local/lib/pmix/mca_gds_ds21.so
7f7d66f8c000-7f7d66f9b000 r-xp 00000000 fc:01 528267                     /usr/local/lib/pmix/mca_gds_hash.so
7f7d66f9b000-7f7d6719a000 ---p 0000f000 fc:01 528267                     /usr/local/lib/pmix/mca_gds_hash.so
7f7d6719a000-7f7d6719b000 r--p 0000e000 fc:01 528267                     /usr/local/lib/pmix/mca_gds_hash.so
7f7d6719b000-7f7d6719c000 rw-p 0000f000 fc:01 528267                     /usr/local/lib/pmix/mca_gds_hash.so
7f7d6719c000-7f7d671ab000 r-xp 00000000 fc:01 7027                       /usr/local/lib/libmca_common_dstore.so.1.0.0
7f7d671ab000-7f7d673aa000 ---p 0000f000 fc:01 7027                       /usr/local/lib/libmca_common_dstore.so.1.0.0
7f7d673aa000-7f7d673ab000 r--p 0000e000 fc:01 7027                       /usr/local/lib/libmca_common_dstore.so.1.0.0
7f7d673ab000-7f7d673ac000 rw-p 0000f000 fc:01 7027                       /usr/local/lib/libmca_common_dstore.so.1.0.0
7f7d673ac000-7f7d673b0000 r-xp 00000000 fc:01 528263                     /usr/local/lib/pmix/mca_gds_ds12.so
7f7d673b0000-7f7d675af000 ---p 00004000 fc:01 528263                     /usr/local/lib/pmix/mca_gds_ds12.so
7f7d675af000-7f7d675b0000 r--p 00003000 fc:01 528263                     /usr/local/lib/pmix/mca_gds_ds12.so
7f7d675b0000-7f7d675b1000 rw-p 00004000 fc:01 528263                     /usr/local/lib/pmix/mca_gds_ds12.so
7f7d675b1000-7f7d675b9000 r-xp 00000000 fc:01 528293                     /usr/local/lib/pmix/mca_ptl_usock.so
7f7d675b9000-7f7d677b8000 ---p 00008000 fc:01 528293                     /usr/local/lib/pmix/mca_ptl_usock.so
7f7d677b8000-7f7d677b9000 r--p 00007000 fc:01 528293                     /usr/local/lib/pmix/mca_ptl_usock.so
7f7d677b9000-7f7d677ba000 rw-p 00008000 fc:01 528293                     /usr/local/lib/pmix/mca_ptl_usock.so
7f7d677ba000-7f7d677cb000 r-xp 00000000 fc:01 528291                     /usr/local/lib/pmix/mca_ptl_tcp.so
7f7d677cb000-7f7d679ca000 ---p 00011000 fc:01 528291                     /usr/local/lib/pmix/mca_ptl_tcp.so
7f7d679ca000-7f7d679cb000 r--p 00010000 fc:01 528291                     /usr/local/lib/pmix/mca_ptl_tcp.so
7f7d679cb000-7f7d679cc000 rw-p 00011000 fc:01 528291                     /usr/local/lib/pmix/mca_ptl_tcp.so
7f7d679cc000-7f7d679dd000 r-xp 00000000 fc:01 528255                     /usr/local/lib/pmix/mca_bfrops_v12.so
7f7d679dd000-7f7d67bdd000 ---p 00011000 fc:01 528255                     /usr/local/lib/pmix/mca_bfrops_v12.so
7f7d67bdd000-7f7d67bde000 r--p 00011000 fc:01 528255                     /usr/local/lib/pmix/mca_bfrops_v12.so
7f7d67bde000-7f7d67bdf000 rw-p 00012000 fc:01 528255                     /usr/local/lib/pmix/mca_bfrops_v12.so
7f7d67bdf000-7f7d67bf6000 r-xp 00000000 fc:01 528257                     /usr/local/lib/pmix/mca_bfrops_v20.so
7f7d67bf6000-7f7d67df5000 ---p 00017000 fc:01 528257                     /usr/local/lib/pmix/mca_bfrops_v20.so
7f7d67df5000-7f7d67df6000 r--p 00016000 fc:01 528257                     /usr/local/lib/pmix/mca_bfrops_v20.so
7f7d67df6000-7f7d67df7000 rw-p 00017000 fc:01 528257                     /usr/local/lib/pmix/mca_bfrops_v20.so
7f7d67df7000-7f7d67dff000 r-xp 00000000 fc:01 528261                     /usr/local/lib/pmix/mca_bfrops_v3.so
7f7d67dff000-7f7d67ffe000 ---p 00008000 fc:01 528261                     /usr/local/lib/pmix/mca_bfrops_v3.so
7f7d67ffe000-7f7d67fff000 r--p 00007000 fc:01 528261                     /usr/local/lib/pmix/mca_bfrops_v3.so
7f7d67fff000-7f7d68000000 rw-p 00008000 fc:01 528261                     /usr/local/lib/pmix/mca_bfrops_v3.so
7f7d68000000-7f7d68021000 rw-p 00000000 00:00 0 
7f7d68021000-7f7d6c000000 ---p 00000000 00:00 0 
7f7d6c0a7000-7f7d6c0ae000 r-xp 00000000 fc:01 528259                     /usr/local/lib/pmix/mca_bfrops_v21.so
7f7d6c0ae000-7f7d6c2ae000 ---p 00007000 fc:01 528259                     /usr/local/lib/pmix/mca_bfrops_v21.so
7f7d6c2ae000-7f7d6c2af000 r--p 00007000 fc:01 528259                     /usr/local/lib/pmix/mca_bfrops_v21.so
7f7d6c2af000-7f7d6c2b0000 rw-p 00008000 fc:01 528259                     /usr/local/lib/pmix/mca_bfrops_v21.so
7f7d6c2b0000-7f7d6c3ef000 r-xp 00000000 fc:01 528295                     /usr/local/lib/openmpi/mca_pmix_pmix3x.so
7f7d6c3ef000-7f7d6c5ef000 ---p 0013f000 fc:01 528295                     /usr/local/lib/openmpi/mca_pmix_pmix3x.so
7f7d6c5ef000-7f7d6c5f0000 r--p 0013f000 fc:01 528295                     /usr/local/lib/openmpi/mca_pmix_pmix3x.so
7f7d6c5f0000-7f7d6c5f5000 rw-p 00140000 fc:01 528295                     /usr/local/lib/openmpi/mca_pmix_pmix3x.so
7f7d6c5f5000-7f7d6c5f8000 rw-p 00000000 00:00 0 
7f7d6c5fb000-7f7d6c5fd000 r-xp 00000000 fc:01 528281                     /usr/local/lib/pmix/mca_psec_native.so
7f7d6c5fd000-7f7d6c7fc000 ---p 00002000 fc:01 528281                     /usr/local/lib/pmix/mca_psec_native.so
7f7d6c7fc000-7f7d6c7fd000 r--p 00001000 fc:01 528281                     /usr/local/lib/pmix/mca_psec_native.so
7f7d6c7fd000-7f7d6c7fe000 rw-p 00002000 fc:01 528281                     /usr/local/lib/pmix/mca_psec_native.so
7f7d6c7fe000-7f7d6c7ff000 ---p 00000000 00:00 0 
7f7d6c7ff000-7f7d70000000 rw-p 00000000 00:00 0 
7f7d70000000-7f7d70144000 rw-p 00000000 00:00 0 
7f7d70144000-7f7d74000000 ---p 00000000 00:00 0 
7f7d74000000-7f7d74021000 rw-p 00000000 00:00 0 
7f7d74021000-7f7d78000000 ---p 00000000 00:00 0 
7f7d78000000-7f7d78021000 rw-p 00000000 00:00 0 
7f7d78021000-7f7d7c000000 ---p 00000000 00:00 0 
7f7d7c000000-7f7d7c04e000 rw-p 00000000 00:00 0 
7f7d7c04e000-7f7d80000000 ---p 00000000 00:00 0 
7f7d80000000-7f7d80021000 rw-p 00000000 00:00 0 
7f7d80021000-7f7d84000000 ---p 00000000 00:00 0 
7f7d84000000-7f7d84021000 rw-p 00000000 00:00 0 
7f7d84021000-7f7d88000000 ---p 00000000 00:00 0 
7f7d88000000-7f7d88021000 rw-p 00000000 00:00 0 
7f7d88021000-7f7d8c000000 ---p 00000000 00:00 0 
7f7d8c1e2000-7f7d8c1e6000 r-xp 00000000 fc:01 528333                     /usr/local/lib/openmpi/mca_ess_pmi.so
7f7d8c1e6000-7f7d8c3e5000 ---p 00004000 fc:01 528333                     /usr/local/lib/openmpi/mca_ess_pmi.so
7f7d8c3e5000-7f7d8c3e6000 r--p 00003000 fc:01 528333                     /usr/local/lib/openmpi/mca_ess_pmi.so
7f7d8c3e6000-7f7d8c3e7000 rw-p 00004000 fc:01 528333                     /usr/local/lib/openmpi/mca_ess_pmi.so
7f7d8c3e7000-7f7d8c3e8000 r-xp 00000000 fc:01 528401                     /usr/local/lib/openmpi/mca_schizo_orte.so
7f7d8c3e8000-7f7d8c5e7000 ---p 00001000 fc:01 528401                     /usr/local/lib/openmpi/mca_schizo_orte.so
7f7d8c5e7000-7f7d8c5e8000 r--p 00000000 fc:01 528401                     /usr/local/lib/openmpi/mca_schizo_orte.so
7f7d8c5e8000-7f7d8c5e9000 rw-p 00001000 fc:01 528401                     /usr/local/lib/openmpi/mca_schizo_orte.so
7f7d8c5e9000-7f7d8c5eb000 r-xp 00000000 fc:01 528403                     /usr/local/lib/openmpi/mca_schizo_slurm.so
7f7d8c5eb000-7f7d8c7ea000 ---p 00002000 fc:01 528403                     /usr/local/lib/openmpi/mca_schizo_slurm.so
7f7d8c7ea000-7f7d8c7eb000 r--p 00001000 fc:01 528403                     /usr/local/lib/openmpi/mca_schizo_slurm.so
7f7d8c7eb000-7f7d8c7ec000 rw-p 00002000 fc:01 528403                     /usr/local/lib/openmpi/mca_schizo_slurm.so
7f7d8c7ec000-7f7d8c7f4000 r-xp 00000000 fc:01 528399                     /usr/local/lib/openmpi/mca_schizo_ompi.so
7f7d8c7f4000-7f7d8c9f3000 ---p 00008000 fc:01 528399                     /usr/local/lib/openmpi/mca_schizo_ompi.so
7f7d8c9f3000-7f7d8c9f4000 r--p 00007000 fc:01 528399                     /usr/local/lib/openmpi/mca_schizo_ompi.so
7f7d8c9f4000-7f7d8c9f6000 rw-p 00008000 fc:01 528399                     /usr/local/lib/openmpi/mca_schizo_ompi.so
7f7d8c9f6000-7f7d8c9f7000 r-xp 00000000 fc:01 528397                     /usr/local/lib/openmpi/mca_schizo_flux.so
7f7d8c9f7000-7f7d8cbf7000 ---p 00001000 fc:01 528397                     /usr/local/lib/openmpi/mca_schizo_flux.so
7f7d8cbf7000-7f7d8cbf8000 r--p 00001000 fc:01 528397                     /usr/local/lib/openmpi/mca_schizo_flux.so
7f7d8cbf8000-7f7d8cbf9000 rw-p 00002000 fc:01 528397                     /usr/local/lib/openmpi/mca_schizo_flux.so
7f7d8cbf9000-7f7d8cbfb000 r-xp 00000000 fc:01 528301                     /usr/local/lib/openmpi/mca_reachable_weighted.so
7f7d8cbfb000-7f7d8cdfa000 ---p 00002000 fc:01 528301                     /usr/local/lib/openmpi/mca_reachable_weighted.so
7f7d8cdfa000-7f7d8cdfb000 r--p 00001000 fc:01 528301                     /usr/local/lib/openmpi/mca_reachable_weighted.so
7f7d8cdfb000-7f7d8cdfc000 rw-p 00002000 fc:01 528301                     /usr/local/lib/openmpi/mca_reachable_weighted.so
7f7d8cdfc000-7f7d8cdff000 r-xp 00000000 fc:01 528303                     /usr/local/lib/openmpi/mca_shmem_mmap.so
7f7d8cdff000-7f7d8cffe000 ---p 00003000 fc:01 528303                     /usr/local/lib/openmpi/mca_shmem_mmap.so
7f7d8cffe000-7f7d8cfff000 r--p 00002000 fc:01 528303                     /usr/local/lib/openmpi/mca_shmem_mmap.so
7f7d8cfff000-7f7d8d000000 rw-p 00003000 fc:01 528303                     /usr/local/lib/openmpi/mca_shmem_mmap.so
7f7d8d000000-7f7d8d270000 rwxp 00000000 00:00 0 
7f7d8d270000-7f7d9c000000 ---p 00000000 00:00 0 
7f7d9c000000-7f7d9c2bf000 rw-p 00000000 00:00 0 
7f7d9c2bf000-7f7da0000000 ---p 00000000 00:00 0 
7f7da015e000-7f7da01e3000 rw-s 00000000 fc:01 528966                     /tmp/ompi.openmpi-slave4.1000/jf.8274/pmix_dstor_ds21_30887/smlockseg-542244865
7f7da01e3000-7f7da01e5000 r-xp 00000000 fc:01 2182                       /lib/x86_64-linux-gnu/libutil-2.27.so
7f7da01e5000-7f7da03e4000 ---p 00002000 fc:01 2182                       /lib/x86_64-linux-gnu/libutil-2.27.so
7f7da03e4000-7f7da03e5000 r--p 00001000 fc:01 2182                       /lib/x86_64-linux-gnu/libutil-2.27.so
7f7da03e5000-7f7da03e6000 rw-p 00002000 fc:01 2182                       /lib/x86_64-linux-gnu/libutil-2.27.so
7f7da03e6000-7f7da0499000 r-xp 00000000 fc:01 7145                       /usr/local/lib/libopen-rte.so.40.20.1
7f7da0499000-7f7da0698000 ---p 000b3000 fc:01 7145                       /usr/local/lib/libopen-rte.so.40.20.1
7f7da0698000-7f7da069a000 r--p 000b2000 fc:01 7145                       /usr/local/lib/libopen-rte.so.40.20.1
7f7da069a000-7f7da069e000 rw-p 000b4000 fc:01 7145                       /usr/local/lib/libopen-rte.so.40.20.1
7f7da069e000-7f7da06a1000 rw-p 00000000 00:00 0 
7f7da06a1000-7f7da07a8000 r-xp 00000000 fc:01 4301                       /usr/local/lib/libopen-pal.so.40.20.1
7f7da07a8000-7f7da09a8000 ---p 00107000 fc:01 4301                       /usr/local/lib/libopen-pal.so.40.20.1
7f7da09a8000-7f7da09ab000 r--p 00107000 fc:01 4301                       /usr/local/lib/libopen-pal.so.40.20.1
7f7da09ab000-7f7da09b1000 rw-p 0010a000 fc:01 4301                       /usr/local/lib/libopen-pal.so.40.20.1
7f7da09b1000-7f7da09b8000 rw-p 00000000 00:00 0 
7f7da09b8000-7f7da0ac5000 r-xp 00000000 fc:01 7360                       /usr/local/lib/libmpi.so.40.20.1
7f7da0ac5000-7f7da0cc4000 ---p 0010d000 fc:01 7360                       /usr/local/lib/libmpi.so.40.20.1
7f7da0cc4000-7f7da0cc6000 r--p 0010c000 fc:01 7360                       /usr/local/lib/libmpi.so.40.20.1
7f7da0cc6000-7f7da0cd7000 rw-p 0010e000 fc:01 7360                       /usr/local/lib/libmpi.so.40.20.1
7f7da0cd7000-7f7da0ce9000 rw-p 00000000 00:00 0 
7f7da0cf1000-7f7da0cf2000 r--s 00000000 fc:01 528967                     /tmp/ompi.openmpi-slave4.1000/jf.8274/pmix_dstor_ds12_30887/initial-pmix_shared-segment-0
7f7da0cf2000-7f7da0cf3000 rw-s 00000000 fc:01 528968                     /tmp/ompi.openmpi-slave4.1000/jf.8274/pmix_dstor_ds12_30887/dstore_sm.lock
7f7da0cf3000-7f7da0d1b000 r-xp 00000000 fc:01 29879                      /usr/local/lib/libmpi_java.so.40.20.0
7f7da0d1b000-7f7da0f1a000 ---p 00028000 fc:01 29879                      /usr/local/lib/libmpi_java.so.40.20.0
7f7da0f1a000-7f7da0f1b000 r--p 00027000 fc:01 29879                      /usr/local/lib/libmpi_java.so.40.20.0
7f7da0f1b000-7f7da0f1c000 rw-p 00028000 fc:01 29879                      /usr/local/lib/libmpi_java.so.40.20.0
7f7da0f1c000-7f7da0f1d000 r--s 0000f000 00:34 527712                     /home/mpiuser/cloud/fyp/java_client/lib/mpi.jar
7f7da0f1d000-7f7da0f20000 r--s 0000e000 00:34 527707                     /home/mpiuser/cloud/fyp/java_client/lib/jackson-annotations-2.10.3.jar
7f7da0f20000-7f7da0f3d000 r--s 00142000 00:34 527719                     /home/mpiuser/cloud/fyp/java_client/lib/spring-web-5.2.5.RELEASE.jar
7f7da0f3d000-7f7da0f4a000 r--s 00090000 00:34 527704                     /home/mpiuser/cloud/fyp/java_client/lib/amqp-client-5.8.0.jar
7f7da0f4a000-7f7da0f4b000 r--s 00003000 00:34 527715                     /home/mpiuser/cloud/fyp/java_client/lib/slf4j-simple-1.7.30.jar
7f7da0f4b000-7f7da0f60000 r--s 00142000 00:34 527710                     /home/mpiuser/cloud/fyp/java_client/lib/jackson-databind-2.10.2.jar
7f7da0f60000-7f7da0f75000 r--s 00142000 00:34 527711                     /home/mpiuser/cloud/fyp/java_client/lib/jackson-databind-2.10.3.jar
7f7da0f75000-7f7da0f76000 r--s 00005000 00:34 527718                     /home/mpiuser/cloud/fyp/java_client/lib/spring-jcl-5.2.5.RELEASE.jar
7f7da0f76000-7f7da0f8d000 r-xp 00000000 fc:01 2076298                    /usr/lib/jvm/java-8-openjdk-amd64/jre/lib/amd64/libnet.so
7f7da0f8d000-7f7da118c000 ---p 00017000 fc:01 2076298                    /usr/lib/jvm/java-8-openjdk-amd64/jre/lib/amd64/libnet.so
7f7da118c000-7f7da118d000 r--p 00016000 fc:01 2076298                    /usr/lib/jvm/java-8-openjdk-amd64/jre/lib/amd64/libnet.so
7f7da118d000-7f7da118e000 rw-p 00017000 fc:01 2076298                    /usr/lib/jvm/java-8-openjdk-amd64/jre/lib/amd64/libnet.so
7f7da118e000-7f7da119f000 r-xp 00000000 fc:01 2076299                    /usr/lib/jvm/java-8-openjdk-amd64/jre/lib/amd64/libnio.so
7f7da119f000-7f7da139f000 ---p 00011000 fc:01 2076299                    /usr/lib/jvm/java-8-openjdk-amd64/jre/lib/amd64/libnio.so
7f7da139f000-7f7da13a0000 r--p 00011000 fc:01 2076299                    /usr/lib/jvm/java-8-openjdk-amd64/jre/lib/amd64/libnio.so
7f7da13a0000-7f7da13a1000 rw-p 00012000 fc:01 2076299                    /usr/lib/jvm/java-8-openjdk-amd64/jre/lib/amd64/libnio.so
7f7da13a1000-7f7da13bc000 r--s 001d6000 fc:01 2076325                    /usr/lib/jvm/java-8-openjdk-amd64/jre/lib/ext/nashorn.jar
7f7da13bc000-7f7da13c0000 r--s 0003a000 fc:01 2076328                    /usr/lib/jvm/java-8-openjdk-amd64/jre/lib/ext/sunpkcs11.jar
7f7da13c0000-7f7da13c5000 r--s 0003d000 fc:01 2076327                    /usr/lib/jvm/java-8-openjdk-amd64/jre/lib/ext/sunjce_provider.jar
7f7da13c5000-7f7da13c6000 r--s 00010000 fc:01 2076329                    /usr/lib/jvm/java-8-openjdk-amd64/jre/lib/ext/zipfs.jar
7f7da13c6000-7f7da13c7000 r--s 0000a000 fc:01 2076323                    /usr/lib/jvm/java-8-openjdk-amd64/jre/lib/ext/jaccess.jar
7f7da13c7000-7f7da13c9000 r--s 00007000 fc:01 29713                      /usr/share/java/java-atk-wrapper.jar
7f7da13c9000-7f7da13e4000 r--s 00394000 fc:01 2076320                    /usr/lib/jvm/java-8-openjdk-amd64/jre/lib/ext/cldrdata.jar
7f7da13e4000-7f7da13e5000 ---p 00000000 00:00 0 
7f7da13e5000-7f7da14e5000 rw-p 00000000 00:00 0 
7f7da14e5000-7f7da14e8000 ---p 00000000 00:00 0 
7f7da14e8000-7f7da15e6000 rw-p 00000000 00:00 0 
7f7da15e6000-7f7da15e7000 ---p 00000000 00:00 0 
7f7da15e7000-7f7da15ea000 ---p 00000000 00:00 0 
7f7da15ea000-7f7da16e7000 rw-p 00000000 00:00 0 
7f7da16e7000-7f7da16e8000 ---p 00000000 00:00 0 
7f7da16e8000-7f7da16eb000 ---p 00000000 00:00 0 
7f7da16eb000-7f7da17e8000 rw-p 00000000 00:00 0 
7f7da17e8000-7f7da17eb000 ---p 00000000 00:00 0 
7f7da17eb000-7f7da18e9000 rw-p 00000000 00:00 0 
7f7da18e9000-7f7da191a000 r--p 00000000 fc:01 7802                       /usr/lib/locale/C.UTF-8/LC_CTYPE
7f7da191a000-7f7da1a8d000 r--p 00000000 fc:01 7801                       /usr/lib/locale/C.UTF-8/LC_COLLATE
7f7da1a8d000-7f7da1c28000 r--p 00000000 fc:01 7796                       /usr/lib/locale/locale-archive
7f7da1c28000-7f7da1c2b000 ---p 00000000 00:00 0 
7f7da1c2b000-7f7da1d29000 rw-p 00000000 00:00 0 
7f7da1d29000-7f7da1d2c000 ---p 00000000 00:00 0 
7f7da1d2c000-7f7da1e2a000 rw-p 00000000 00:00 0 
7f7da1e2a000-7f7da1e2b000 ---p 00000000 00:00 0 
7f7da1e2b000-7f7da1f79000 rw-p 00000000 00:00 0 
7f7da1f79000-7f7da2149000 r--s 03c68000 fc:01 2076349                    /usr/lib/jvm/java-8-openjdk-amd64/jre/lib/rt.jar
7f7da2149000-7f7da26c2000 rw-p 00000000 00:00 0 
7f7da26c2000-7f7da2a42000 ---p 00000000 00:00 0 
7f7da2a42000-7f7da2a4c000 rw-p 00000000 00:00 0 
7f7da2a4c000-7f7da2e02000 ---p 00000000 00:00 0 
7f7da2e02000-7f7da2e0a000 r-xp 00000000 fc:01 2076306                    /usr/lib/jvm/java-8-openjdk-amd64/jre/lib/amd64/libzip.so
7f7da2e0a000-7f7da3009000 ---p 00008000 fc:01 2076306                    /usr/lib/jvm/java-8-openjdk-amd64/jre/lib/amd64/libzip.so
7f7da3009000-7f7da300a000 r--p 00007000 fc:01 2076306                    /usr/lib/jvm/java-8-openjdk-amd64/jre/lib/amd64/libzip.so
7f7da300a000-7f7da300b000 rw-p 00008000 fc:01 2076306                    /usr/lib/jvm/java-8-openjdk-amd64/jre/lib/amd64/libzip.so
7f7da300b000-7f7da3016000 r-xp 00000000 fc:01 2093                       /lib/x86_64-linux-gnu/libnss_files-2.27.so
7f7da3016000-7f7da3215000 ---p 0000b000 fc:01 2093                       /lib/x86_64-linux-gnu/libnss_files-2.27.so
7f7da3215000-7f7da3216000 r--p 0000a000 fc:01 2093                       /lib/x86_64-linux-gnu/libnss_files-2.27.so
7f7da3216000-7f7da3217000 rw-p 0000b000 fc:01 2093                       /lib/x86_64-linux-gnu/libnss_files-2.27.so
7f7da3217000-7f7da321d000 rw-p 00000000 00:00 0 
7f7da321d000-7f7da3234000 r-xp 00000000 fc:01 2090                       /lib/x86_64-linux-gnu/libnsl-2.27.so
7f7da3234000-7f7da3433000 ---p 00017000 fc:01 2090                       /lib/x86_64-linux-gnu/libnsl-2.27.so
7f7da3433000-7f7da3434000 r--p 00016000 fc:01 2090                       /lib/x86_64-linux-gnu/libnsl-2.27.so
7f7da3434000-7f7da3435000 rw-p 00017000 fc:01 2090                       /lib/x86_64-linux-gnu/libnsl-2.27.so
7f7da3435000-7f7da3437000 rw-p 00000000 00:00 0 
7f7da3437000-7f7da3442000 r-xp 00000000 fc:01 2095                       /lib/x86_64-linux-gnu/libnss_nis-2.27.so
7f7da3442000-7f7da3641000 ---p 0000b000 fc:01 2095                       /lib/x86_64-linux-gnu/libnss_nis-2.27.so
7f7da3641000-7f7da3642000 r--p 0000a000 fc:01 2095                       /lib/x86_64-linux-gnu/libnss_nis-2.27.so
7f7da3642000-7f7da3643000 rw-p 0000b000 fc:01 2095                       /lib/x86_64-linux-gnu/libnss_nis-2.27.so
7f7da3643000-7f7da364b000 r-xp 00000000 fc:01 2091                       /lib/x86_64-linux-gnu/libnss_compat-2.27.so
7f7da364b000-7f7da384b000 ---p 00008000 fc:01 2091                       /lib/x86_64-linux-gnu/libnss_compat-2.27.so
7f7da384b000-7f7da384c000 r--p 00008000 fc:01 2091                       /lib/x86_64-linux-gnu/libnss_compat-2.27.so
7f7da384c000-7f7da384d000 rw-p 00009000 fc:01 2091                       /lib/x86_64-linux-gnu/libnss_compat-2.27.so
7f7da384d000-7f7da3877000 r-xp 00000000 fc:01 2076287                    /usr/lib/jvm/java-8-openjdk-amd64/jre/lib/amd64/libjava.so
7f7da3877000-7f7da3a76000 ---p 0002a000 fc:01 2076287                    /usr/lib/jvm/java-8-openjdk-amd64/jre/lib/amd64/libjava.so
7f7da3a76000-7f7da3a77000 r--p 00029000 fc:01 2076287                    /usr/lib/jvm/java-8-openjdk-amd64/jre/lib/amd64/libjava.so
7f7da3a77000-7f7da3a79000 rw-p 0002a000 fc:01 2076287                    /usr/lib/jvm/java-8-openjdk-amd64/jre/lib/amd64/libjava.so
7f7da3a79000-7f7da3a89000 r-xp 00000000 fc:01 2076305                    /usr/lib/jvm/java-8-openjdk-amd64/jre/lib/amd64/libverify.so
7f7da3a89000-7f7da3c88000 ---p 00010000 fc:01 2076305                    /usr/lib/jvm/java-8-openjdk-amd64/jre/lib/amd64/libverify.so
7f7da3c88000-7f7da3c8a000 r--p 0000f000 fc:01 2076305                    /usr/lib/jvm/java-8-openjdk-amd64/jre/lib/amd64/libverify.so
7f7da3c8a000-7f7da3c8b000 rw-p 00011000 fc:01 2076305                    /usr/lib/jvm/java-8-openjdk-amd64/jre/lib/amd64/libverify.so
7f7da3c8b000-7f7da3c92000 r-xp 00000000 fc:01 2180                       /lib/x86_64-linux-gnu/librt-2.27.so
7f7da3c92000-7f7da3e91000 ---p 00007000 fc:01 2180                       /lib/x86_64-linux-gnu/librt-2.27.so
7f7da3e91000-7f7da3e92000 r--p 00006000 fc:01 2180                       /lib/x86_64-linux-gnu/librt-2.27.so
7f7da3e92000-7f7da3e93000 rw-p 00007000 fc:01 2180                       /lib/x86_64-linux-gnu/librt-2.27.so
7f7da3e93000-7f7da3eaa000 r-xp 00000000 fc:01 29118                      /lib/x86_64-linux-gnu/libgcc_s.so.1
7f7da3eaa000-7f7da40a9000 ---p 00017000 fc:01 29118                      /lib/x86_64-linux-gnu/libgcc_s.so.1
7f7da40a9000-7f7da40aa000 r--p 00016000 fc:01 29118                      /lib/x86_64-linux-gnu/libgcc_s.so.1
7f7da40aa000-7f7da40ab000 rw-p 00017000 fc:01 29118                      /lib/x86_64-linux-gnu/libgcc_s.so.1
7f7da40ab000-7f7da4248000 r-xp 00000000 fc:01 2087                       /lib/x86_64-linux-gnu/libm-2.27.so
7f7da4248000-7f7da4447000 ---p 0019d000 fc:01 2087                       /lib/x86_64-linux-gnu/libm-2.27.so
7f7da4447000-7f7da4448000 r--p 0019c000 fc:01 2087                       /lib/x86_64-linux-gnu/libm-2.27.so
7f7da4448000-7f7da4449000 rw-p 0019d000 fc:01 2087                       /lib/x86_64-linux-gnu/libm-2.27.so
7f7da4449000-7f7da45c2000 r-xp 00000000 fc:01 2380                       /usr/lib/x86_64-linux-gnu/libstdc++.so.6.0.25
7f7da45c2000-7f7da47c2000 ---p 00179000 fc:01 2380                       /usr/lib/x86_64-linux-gnu/libstdc++.so.6.0.25
7f7da47c2000-7f7da47cc000 r--p 00179000 fc:01 2380                       /usr/lib/x86_64-linux-gnu/libstdc++.so.6.0.25
7f7da47cc000-7f7da47ce000 rw-p 00183000 fc:01 2380                       /usr/lib/x86_64-linux-gnu/libstdc++.so.6.0.25
7f7da47ce000-7f7da47d2000 rw-p 00000000 00:00 0 
7f7da47d2000-7f7da5475000 r-xp 00000000 fc:01 2076309                    /usr/lib/jvm/java-8-openjdk-amd64/jre/lib/amd64/server/libjvm.so
7f7da5475000-7f7da5675000 ---p 00ca3000 fc:01 2076309                    /usr/lib/jvm/java-8-openjdk-amd64/jre/lib/amd64/server/libjvm.so
7f7da5675000-7f7da5709000 r--p 00ca3000 fc:01 2076309                    /usr/lib/jvm/java-8-openjdk-amd64/jre/lib/amd64/server/libjvm.so
7f7da5709000-7f7da5732000 rw-p 00d37000 fc:01 2076309                    /usr/lib/jvm/java-8-openjdk-amd64/jre/lib/amd64/server/libjvm.so
7f7da5732000-7f7da5762000 rw-p 00000000 00:00 0 
7f7da5762000-7f7da577c000 r-xp 00000000 fc:01 2178                       /lib/x86_64-linux-gnu/libpthread-2.27.so
7f7da577c000-7f7da597b000 ---p 0001a000 fc:01 2178                       /lib/x86_64-linux-gnu/libpthread-2.27.so
7f7da597b000-7f7da597c000 r--p 00019000 fc:01 2178                       /lib/x86_64-linux-gnu/libpthread-2.27.so
7f7da597c000-7f7da597d000 rw-p 0001a000 fc:01 2178                       /lib/x86_64-linux-gnu/libpthread-2.27.so
7f7da597d000-7f7da5981000 rw-p 00000000 00:00 0 
7f7da5981000-7f7da5984000 r-xp 00000000 fc:01 2086                       /lib/x86_64-linux-gnu/libdl-2.27.so
7f7da5984000-7f7da5b83000 ---p 00003000 fc:01 2086                       /lib/x86_64-linux-gnu/libdl-2.27.so
7f7da5b83000-7f7da5b84000 r--p 00002000 fc:01 2086                       /lib/x86_64-linux-gnu/libdl-2.27.so
7f7da5b84000-7f7da5b85000 rw-p 00003000 fc:01 2086                       /lib/x86_64-linux-gnu/libdl-2.27.so
7f7da5b85000-7f7da5ba1000 r-xp 00000000 fc:01 2183                       /lib/x86_64-linux-gnu/libz.so.1.2.11
7f7da5ba1000-7f7da5da0000 ---p 0001c000 fc:01 2183                       /lib/x86_64-linux-gnu/libz.so.1.2.11
7f7da5da0000-7f7da5da1000 r--p 0001b000 fc:01 2183                       /lib/x86_64-linux-gnu/libz.so.1.2.11
7f7da5da1000-7f7da5da2000 rw-p 0001c000 fc:01 2183                       /lib/x86_64-linux-gnu/libz.so.1.2.11
7f7da5da2000-7f7da5f89000 r-xp 00000000 fc:01 2083                       /lib/x86_64-linux-gnu/libc-2.27.so
7f7da5f89000-7f7da6189000 ---p 001e7000 fc:01 2083                       /lib/x86_64-linux-gnu/libc-2.27.so
7f7da6189000-7f7da618d000 r--p 001e7000 fc:01 2083                       /lib/x86_64-linux-gnu/libc-2.27.so
7f7da618d000-7f7da618f000 rw-p 001eb000 fc:01 2083                       /lib/x86_64-linux-gnu/libc-2.27.so
7f7da618f000-7f7da6193000 rw-p 00000000 00:00 0 
7f7da6193000-7f7da61a1000 r-xp 00000000 fc:01 2076273                    /usr/lib/jvm/java-8-openjdk-amd64/jre/lib/amd64/jli/libjli.so
7f7da61a1000-7f7da63a0000 ---p 0000e000 fc:01 2076273                    /usr/lib/jvm/java-8-openjdk-amd64/jre/lib/amd64/jli/libjli.so
7f7da63a0000-7f7da63a1000 r--p 0000d000 fc:01 2076273                    /usr/lib/jvm/java-8-openjdk-amd64/jre/lib/amd64/jli/libjli.so
7f7da63a1000-7f7da63a2000 rw-p 0000e000 fc:01 2076273                    /usr/lib/jvm/java-8-openjdk-amd64/jre/lib/amd64/jli/libjli.so
7f7da63a2000-7f7da63c9000 r-xp 00000000 fc:01 2079                       /lib/x86_64-linux-gnu/ld-2.27.so
7f7da63c9000-7f7da63ca000 r--s 0000d000 fc:01 2076326                    /usr/lib/jvm/java-8-openjdk-amd64/jre/lib/ext/sunec.jar
7f7da63ca000-7f7da63cc000 r--s 00001000 fc:01 2076321                    /usr/lib/jvm/java-8-openjdk-amd64/jre/lib/ext/dnsns.jar
7f7da63cc000-7f7da63cf000 r--s 0000f000 fc:01 2076322                    /usr/lib/jvm/java-8-openjdk-amd64/jre/lib/ext/icedtea-sound.jar
7f7da63cf000-7f7da63d9000 r--s 00116000 fc:01 2076324                    /usr/lib/jvm/java-8-openjdk-amd64/jre/lib/ext/localedata.jar
7f7da63d9000-7f7da63da000 r--p 00000000 fc:01 7807                       /usr/lib/locale/C.UTF-8/LC_NUMERIC
7f7da63da000-7f7da63db000 r--p 00000000 fc:01 7810                       /usr/lib/locale/C.UTF-8/LC_TIME
7f7da63db000-7f7da63dc000 r--p 00000000 fc:01 7805                       /usr/lib/locale/C.UTF-8/LC_MONETARY
7f7da63dc000-7f7da63dd000 r--p 00000000 fc:01 7799                       /usr/lib/locale/C.UTF-8/LC_MESSAGES/SYS_LC_MESSAGES
7f7da63dd000-7f7da63de000 r--p 00000000 fc:01 7808                       /usr/lib/locale/C.UTF-8/LC_PAPER
7f7da63de000-7f7da63df000 r--p 00000000 fc:01 7806                       /usr/lib/locale/C.UTF-8/LC_NAME
7f7da63df000-7f7da63e0000 r--p 00000000 fc:01 7800                       /usr/lib/locale/C.UTF-8/LC_ADDRESS
7f7da63e0000-7f7da63e1000 r--p 00000000 fc:01 7809                       /usr/lib/locale/C.UTF-8/LC_TELEPHONE
7f7da63e1000-7f7da63e2000 r--p 00000000 fc:01 7804                       /usr/lib/locale/C.UTF-8/LC_MEASUREMENT
7f7da63e2000-7f7da63e9000 r--s 00000000 fc:01 5010                       /usr/lib/x86_64-linux-gnu/gconv/gconv-modules.cache
7f7da63e9000-7f7da63ea000 r--p 00000000 fc:01 7803                       /usr/lib/locale/C.UTF-8/LC_IDENTIFICATION
7f7da63ea000-7f7da63f0000 rw-p 00000000 00:00 0 
7f7da63f0000-7f7da643d000 ---p 00000000 00:00 0 
7f7da643d000-7f7da6440000 rw-p 00000000 00:00 0 
7f7da6440000-7f7da6466000 ---p 00000000 00:00 0 
7f7da6466000-7f7da646c000 rw-p 00000000 00:00 0 
7f7da646c000-7f7da64b9000 ---p 00000000 00:00 0 
7f7da64b9000-7f7da64ba000 rw-p 00000000 00:00 0 
7f7da64ba000-7f7da64bb000 ---p 00000000 00:00 0 
7f7da64bb000-7f7da64be000 ---p 00000000 00:00 0 
7f7da64be000-7f7da65bd000 rw-p 00000000 00:00 0 
7f7da65bd000-7f7da65c5000 rw-s 00000000 fc:01 528973                     /tmp/hsperfdata_mpiuser/30901
7f7da65c5000-7f7da65c6000 rw-p 00000000 00:00 0 
7f7da65c6000-7f7da65c7000 r--p 00000000 00:00 0 
7f7da65c7000-7f7da65c9000 rw-p 00000000 00:00 0 
7f7da65c9000-7f7da65ca000 r--p 00027000 fc:01 2079                       /lib/x86_64-linux-gnu/ld-2.27.so
7f7da65ca000-7f7da65cb000 rw-p 00028000 fc:01 2079                       /lib/x86_64-linux-gnu/ld-2.27.so
7f7da65cb000-7f7da65cc000 rw-p 00000000 00:00 0 
7ffe98ef6000-7ffe98f17000 rw-p 00000000 00:00 0                          [stack]
7ffe98f53000-7ffe98f56000 r--p 00000000 00:00 0                          [vvar]
7ffe98f56000-7ffe98f58000 r-xp 00000000 00:00 0                          [vdso]
ffffffffff600000-ffffffffff601000 r-xp 00000000 00:00 0                  [vsyscall]

VM Arguments:
jvm_args: -Djava.library.path=/usr/local/lib 
java_command: Client 1000000 100 0
java_class_path (initial): /home/mpiuser/cloud/fyp/java_client:./lib/spring-jcl-5.2.5.RELEASE.jar:./lib/jackson-databind-2.10.3.jar:./lib/jackson-databind-2.10.2.jar:./lib/slf4j-simple-1.7.30.jar:./lib/amqp-client-5.8.0.jar:./lib/spring-web-5.2.5.RELEASE.jar:./lib/jackson-annotations-2.10.3.jar:./lib/mpi.jar:./lib/spring-beans-5.2.5.RELEASE.jar:./lib/jackson-annotations-2.10.2.jar:./lib/jackson-core-2.10.2.jar:./lib/jackson-core-2.10.3.jar:./lib/slf4j-api-1.7.29.jar:./lib/spring-core-5.2.5.RELEASE.jar:./lib/slf4j-api-1.7.30.jar:./lib/http-client-3.6.1.RELEASE.jar:/usr/local/lib/mpi.jar
Launcher Type: SUN_STANDARD

Environment Variables:
PATH=/usr/local/sbin:/usr/local/bin:/usr/sbin:/usr/bin:/sbin:/bin:/usr/games:/usr/local/games
SHELL=/bin/bash

Signal Handlers:
SIGSEGV: [libjvm.so+0xabc3b0], sa_mask[0]=11111111011111111101111111111110, sa_flags=SA_RESTART|SA_SIGINFO
SIGBUS: [libjvm.so+0xabc3b0], sa_mask[0]=11111111011111111101111111111110, sa_flags=SA_RESTART|SA_SIGINFO
SIGFPE: [libjvm.so+0x8f0bb0], sa_mask[0]=11111111011111111101111111111110, sa_flags=SA_RESTART|SA_SIGINFO
SIGPIPE: [libjvm.so+0x8f0bb0], sa_mask[0]=11111111011111111101111111111110, sa_flags=SA_RESTART|SA_SIGINFO
SIGXFSZ: [libjvm.so+0x8f0bb0], sa_mask[0]=11111111011111111101111111111110, sa_flags=SA_RESTART|SA_SIGINFO
SIGILL: [libjvm.so+0x8f0bb0], sa_mask[0]=11111111011111111101111111111110, sa_flags=SA_RESTART|SA_SIGINFO
SIGUSR1: SIG_DFL, sa_mask[0]=00000000000000000000000000000000, sa_flags=none
SIGUSR2: [libjvm.so+0x8f0a60], sa_mask[0]=00000000000000000000000000000000, sa_flags=SA_RESTART|SA_SIGINFO
SIGHUP: [libjvm.so+0x8f10d0], sa_mask[0]=11111111011111111101111111111110, sa_flags=SA_RESTART|SA_SIGINFO
SIGINT: [libjvm.so+0x8f10d0], sa_mask[0]=11111111011111111101111111111110, sa_flags=SA_RESTART|SA_SIGINFO
SIGTERM: [libjvm.so+0x8f10d0], sa_mask[0]=11111111011111111101111111111110, sa_flags=SA_RESTART|SA_SIGINFO
SIGQUIT: [libjvm.so+0x8f10d0], sa_mask[0]=11111111011111111101111111111110, sa_flags=SA_RESTART|SA_SIGINFO


---------------  S Y S T E M  ---------------

OS:DISTRIB_ID=Ubuntu
DISTRIB_RELEASE=18.04
DISTRIB_CODENAME=bionic
DISTRIB_DESCRIPTION="Ubuntu 18.04.3 LTS"

uname:Linux 4.15.0-66-generic #75-Ubuntu SMP Tue Oct 1 05:24:09 UTC 2019 x86_64
libc:glibc 2.27 NPTL 2.27 
rlimit: STACK 8192k, CORE 0k, NPROC 3841, NOFILE 1048576, AS infinity
load average:3.65 0.76 0.24

/proc/meminfo:
MemTotal:        1008808 kB
MemFree:           60852 kB
MemAvailable:      60128 kB
Buffers:           11260 kB
Cached:            84992 kB
SwapCached:            0 kB
Active:           737584 kB
Inactive:          42160 kB
Active(anon):     683156 kB
Inactive(anon):      184 kB
Active(file):      54428 kB
Inactive(file):    41976 kB
Unevictable:           0 kB
Mlocked:               0 kB
SwapTotal:             0 kB
SwapFree:              0 kB
Dirty:              9964 kB
Writeback:             0 kB
AnonPages:        683488 kB
Mapped:            67308 kB
Shmem:               640 kB
Slab:              96568 kB
SReclaimable:      44824 kB
SUnreclaim:        51744 kB
KernelStack:       12048 kB
PageTables:        24300 kB
NFS_Unstable:          0 kB
Bounce:                0 kB
WritebackTmp:          0 kB
CommitLimit:      504404 kB
Committed_AS:    5074968 kB
VmallocTotal:   34359738367 kB
VmallocUsed:           0 kB
VmallocChunk:          0 kB
HardwareCorrupted:     0 kB
AnonHugePages:         0 kB
ShmemHugePages:        0 kB
ShmemPmdMapped:        0 kB
CmaTotal:              0 kB
CmaFree:               0 kB
HugePages_Total:       0
HugePages_Free:        0
HugePages_Rsvd:        0
HugePages_Surp:        0
Hugepagesize:       2048 kB
DirectMap4k:      274412 kB
DirectMap2M:      774144 kB
DirectMap1G:           0 kB

container (cgroup) information:
container_type: cgroupv1
cpu_cpuset_cpus: 0-2
cpu_memory_nodes: 0
active_processor_count: 3
cpu_quota: -1
cpu_period: 100000
cpu_shares: -1
memory_limit_in_bytes: -1
memory_and_swap_limit_in_bytes: -2
memory_soft_limit_in_bytes: -1
memory_usage_in_bytes: 762380288
memory_max_usage_in_bytes: 869789696


CPU:total 3 (initial active 3) (1 cores per cpu, 1 threads per core) family 6 model 85 stepping 4, cmov, cx8, fxsr, mmx, sse, sse2, sse3, ssse3, sse4.1, sse4.2, popcnt, avx, avx2, aes, clmul, erms, 3dnowpref, lzcnt, tsc, bmi1, bmi2, adx

/proc/cpuinfo:
processor	: 0
vendor_id	: GenuineIntel
cpu family	: 6
model		: 85
model name	: Intel(R) Xeon(R) Gold 6140 CPU @ 2.30GHz
stepping	: 4
microcode	: 0x1
cpu MHz		: 2294.608
cache size	: 4096 KB
physical id	: 0
siblings	: 1
core id		: 0
cpu cores	: 1
apicid		: 0
initial apicid	: 0
fpu		: yes
fpu_exception	: yes
cpuid level	: 13
wp		: yes
flags		: fpu vme de pse tsc msr pae mce cx8 apic sep mtrr pge mca cmov pat pse36 clflush mmx fxsr sse sse2 ss syscall nx pdpe1gb rdtscp lm constant_tsc arch_perfmon rep_good nopl cpuid tsc_known_freq pni pclmulqdq vmx ssse3 fma cx16 pcid sse4_1 sse4_2 x2apic movbe popcnt tsc_deadline_timer aes xsave avx f16c rdrand hypervisor lahf_lm abm 3dnowprefetch cpuid_fault invpcid_single pti ssbd ibrs ibpb tpr_shadow vnmi flexpriority ept vpid fsgsbase tsc_adjust bmi1 avx2 smep bmi2 erms invpcid mpx avx512f avx512dq rdseed adx smap clflushopt clwb avx512cd avx512bw avx512vl xsaveopt xsavec xgetbv1 pku ospke md_clear
bugs		: cpu_meltdown spectre_v1 spectre_v2 spec_store_bypass l1tf mds swapgs
bogomips	: 4589.21
clflush size	: 64
cache_alignment	: 64
address sizes	: 40 bits physical, 48 bits virtual
power management:

processor	: 1
vendor_id	: GenuineIntel
cpu family	: 6
model		: 85
model name	: Intel(R) Xeon(R) Gold 6140 CPU @ 2.30GHz
stepping	: 4
microcode	: 0x1
cpu MHz		: 2294.608
cache size	: 4096 KB
physical id	: 1
siblings	: 1
core id		: 0
cpu cores	: 1
apicid		: 1
initial apicid	: 1
fpu		: yes
fpu_exception	: yes
cpuid level	: 13
wp		: yes
flags		: fpu vme de pse tsc msr pae mce cx8 apic sep mtrr pge mca cmov pat pse36 clflush mmx fxsr sse sse2 ss syscall nx pdpe1gb rdtscp lm constant_tsc arch_perfmon rep_good nopl cpuid tsc_known_freq pni pclmulqdq vmx ssse3 fma cx16 pcid sse4_1 sse4_2 x2apic movbe popcnt tsc_deadline_timer aes xsave avx f16c rdrand hypervisor lahf_lm abm 3dnowprefetch cpuid_fault invpcid_single pti ssbd ibrs ibpb tpr_shadow vnmi flexpriority ept vpid fsgsbase tsc_adjust bmi1 avx2 smep bmi2 erms invpcid mpx avx512f avx512dq rdseed adx smap clflushopt clwb avx512cd avx512bw avx512vl xsaveopt xsavec xgetbv1 pku ospke md_clear
bugs		: cpu_meltdown spectre_v1 spectre_v2 spec_store_bypass l1tf mds swapgs
bogomips	: 4589.21
clflush size	: 64
cache_alignment	: 64
address sizes	: 40 bits physical, 48 bits virtual
power management:

processor	: 2
vendor_id	: GenuineIntel
cpu family	: 6
model		: 85
model name	: Intel(R) Xeon(R) Gold 6140 CPU @ 2.30GHz
stepping	: 4
microcode	: 0x1
cpu MHz		: 2294.608
cache size	: 4096 KB
physical id	: 2
siblings	: 1
core id		: 0
cpu cores	: 1
apicid		: 2
initial apicid	: 2
fpu		: yes
fpu_exception	: yes
cpuid level	: 13
wp		: yes
flags		: fpu vme de pse tsc msr pae mce cx8 apic sep mtrr pge mca cmov pat pse36 clflush mmx fxsr sse sse2 ss syscall nx pdpe1gb rdtscp lm constant_tsc arch_perfmon rep_good nopl cpuid tsc_known_freq pni pclmulqdq vmx ssse3 fma cx16 pcid sse4_1 sse4_2 x2apic movbe popcnt tsc_deadline_timer aes xsave avx f16c rdrand hypervisor lahf_lm abm 3dnowprefetch cpuid_fault invpcid_single pti ssbd ibrs ibpb tpr_shadow vnmi flexpriority ept vpid fsgsbase tsc_adjust bmi1 avx2 smep bmi2 erms invpcid mpx avx512f avx512dq rdseed adx smap clflushopt clwb avx512cd avx512bw avx512vl xsaveopt xsavec xgetbv1 pku ospke md_clear
bugs		: cpu_meltdown spectre_v1 spectre_v2 spec_store_bypass l1tf mds swapgs
bogomips	: 4589.21
clflush size	: 64
cache_alignment	: 64
address sizes	: 40 bits physical, 48 bits virtual
power management:



Memory: 4k page, physical 1008808k(60852k free), swap 0k(0k free)

vm_info: OpenJDK 64-Bit Server VM (25.242-b08) for linux-amd64 JRE (1.8.0_242-8u242-b08-0ubuntu3~18.04-b08), built on Jan 17 2020 23:41:21 by "buildd" with gcc 7.4.0

time: Mon Apr  6 11:39:51 2020
timezone: UTC
elapsed time: 2 seconds (0d 0h 0m 2s)

