#
# There is insufficient memory for the Java Runtime Environment to continue.
# Native memory allocation (mmap) failed to map 2555904 bytes for committing reserved memory.
# Possible reasons:
#   The system is out of physical RAM or swap space
#   The process is running with CompressedOops enabled, and the Java Heap may be blocking the growth of the native heap
# Possible solutions:
#   Reduce memory load on the system
#   Increase physical memory or swap space
#   Check if swap backing store is full
#   Decrease Java heap size (-Xmx/-Xms)
#   Decrease number of Java threads
#   Decrease Java thread stack sizes (-Xss)
#   Set larger code cache with -XX:ReservedCodeCacheSize=
#   JVM is running with Unscaled Compressed Oops mode in which the Java heap is
#     placed in the first 4GB address space. The Java Heap base address is the
#     maximum limit for the native heap growth. Please use -XX:HeapBaseMinAddress
#     to set the Java Heap base and to place the Java Heap above 4GB virtual address.
# This output file may be truncated or incomplete.
#
#  Out of Memory Error (os_linux.cpp:2757), pid=31821, tid=0x00007f6e548a8700
#
# JRE version:  (8.0_242-b08) (build )
# Java VM: OpenJDK 64-Bit Server VM (25.242-b08 mixed mode linux-amd64 compressed oops)
# Failed to write core dump. Core dumps have been disabled. To enable core dumping, try "ulimit -c unlimited" before starting Java again
#

---------------  T H R E A D  ---------------

Current thread (0x00007f6e4c00b800):  JavaThread "Unknown thread" [_thread_in_vm, id=31851, stack(0x00007f6e547a9000,0x00007f6e548a9000)]

Stack: [0x00007f6e547a9000,0x00007f6e548a9000],  sp=0x00007f6e548a7800,  free space=1018k
Native frames: (J=compiled Java code, j=interpreted, Vv=VM code, C=native code)
V  [libjvm.so+0xabba52]
V  [libjvm.so+0x4de2e7]
V  [libjvm.so+0x8f59f0]
V  [libjvm.so+0x8ecabe]
V  [libjvm.so+0xab7c9c]
V  [libjvm.so+0x604b24]
V  [libjvm.so+0x45784a]
V  [libjvm.so+0x62b7ab]
V  [libjvm.so+0xa61b23]
V  [libjvm.so+0x6aeb11]  JNI_CreateJavaVM+0x61
C  [libjli.so+0x2ce3]
C  [libjli.so+0x78cd]
C  [libpthread.so.0+0x76db]  start_thread+0xdb


---------------  P R O C E S S  ---------------

Java Threads: ( => current thread )

Other Threads:

=>0x00007f6e4c00b800 (exited) JavaThread "Unknown thread" [_thread_in_vm, id=31851, stack(0x00007f6e547a9000,0x00007f6e548a9000)]

VM state:not at safepoint (not fully initialized)

VM Mutex/Monitor currently owned by a thread: None


[error occurred during error reporting (printing compressed oops mode, id 0xb]

Deoptimization events (0 events):
No events

Classes redefined (0 events):
No events

Internal exceptions (0 events):
No events

Events (0 events):
No events


Dynamic libraries:
5613ee2e7000-5613ee2e8000 r-xp 00000000 fc:01 2076260                    /usr/lib/jvm/java-8-openjdk-amd64/jre/bin/java
5613ee4e7000-5613ee4e8000 r--p 00000000 fc:01 2076260                    /usr/lib/jvm/java-8-openjdk-amd64/jre/bin/java
5613ee4e8000-5613ee4e9000 rw-p 00001000 fc:01 2076260                    /usr/lib/jvm/java-8-openjdk-amd64/jre/bin/java
5613efb87000-5613efba8000 rw-p 00000000 00:00 0                          [heap]
7f6e3d270000-7f6e4c000000 ---p 00000000 00:00 0 
7f6e4c000000-7f6e4c02e000 rw-p 00000000 00:00 0 
7f6e4c02e000-7f6e50000000 ---p 00000000 00:00 0 
7f6e510f0000-7f6e510f8000 r-xp 00000000 fc:01 2076306                    /usr/lib/jvm/java-8-openjdk-amd64/jre/lib/amd64/libzip.so
7f6e510f8000-7f6e512f7000 ---p 00008000 fc:01 2076306                    /usr/lib/jvm/java-8-openjdk-amd64/jre/lib/amd64/libzip.so
7f6e512f7000-7f6e512f8000 r--p 00007000 fc:01 2076306                    /usr/lib/jvm/java-8-openjdk-amd64/jre/lib/amd64/libzip.so
7f6e512f8000-7f6e512f9000 rw-p 00008000 fc:01 2076306                    /usr/lib/jvm/java-8-openjdk-amd64/jre/lib/amd64/libzip.so
7f6e512f9000-7f6e51304000 r-xp 00000000 fc:01 2093                       /lib/x86_64-linux-gnu/libnss_files-2.27.so
7f6e51304000-7f6e51503000 ---p 0000b000 fc:01 2093                       /lib/x86_64-linux-gnu/libnss_files-2.27.so
7f6e51503000-7f6e51504000 r--p 0000a000 fc:01 2093                       /lib/x86_64-linux-gnu/libnss_files-2.27.so
7f6e51504000-7f6e51505000 rw-p 0000b000 fc:01 2093                       /lib/x86_64-linux-gnu/libnss_files-2.27.so
7f6e51505000-7f6e5150b000 rw-p 00000000 00:00 0 
7f6e5150b000-7f6e51522000 r-xp 00000000 fc:01 2090                       /lib/x86_64-linux-gnu/libnsl-2.27.so
7f6e51522000-7f6e51721000 ---p 00017000 fc:01 2090                       /lib/x86_64-linux-gnu/libnsl-2.27.so
7f6e51721000-7f6e51722000 r--p 00016000 fc:01 2090                       /lib/x86_64-linux-gnu/libnsl-2.27.so
7f6e51722000-7f6e51723000 rw-p 00017000 fc:01 2090                       /lib/x86_64-linux-gnu/libnsl-2.27.so
7f6e51723000-7f6e51725000 rw-p 00000000 00:00 0 
7f6e51725000-7f6e51730000 r-xp 00000000 fc:01 2095                       /lib/x86_64-linux-gnu/libnss_nis-2.27.so
7f6e51730000-7f6e5192f000 ---p 0000b000 fc:01 2095                       /lib/x86_64-linux-gnu/libnss_nis-2.27.so
7f6e5192f000-7f6e51930000 r--p 0000a000 fc:01 2095                       /lib/x86_64-linux-gnu/libnss_nis-2.27.so
7f6e51930000-7f6e51931000 rw-p 0000b000 fc:01 2095                       /lib/x86_64-linux-gnu/libnss_nis-2.27.so
7f6e51931000-7f6e51939000 r-xp 00000000 fc:01 2091                       /lib/x86_64-linux-gnu/libnss_compat-2.27.so
7f6e51939000-7f6e51b39000 ---p 00008000 fc:01 2091                       /lib/x86_64-linux-gnu/libnss_compat-2.27.so
7f6e51b39000-7f6e51b3a000 r--p 00008000 fc:01 2091                       /lib/x86_64-linux-gnu/libnss_compat-2.27.so
7f6e51b3a000-7f6e51b3b000 rw-p 00009000 fc:01 2091                       /lib/x86_64-linux-gnu/libnss_compat-2.27.so
7f6e51b3b000-7f6e51b65000 r-xp 00000000 fc:01 2076287                    /usr/lib/jvm/java-8-openjdk-amd64/jre/lib/amd64/libjava.so
7f6e51b65000-7f6e51d64000 ---p 0002a000 fc:01 2076287                    /usr/lib/jvm/java-8-openjdk-amd64/jre/lib/amd64/libjava.so
7f6e51d64000-7f6e51d65000 r--p 00029000 fc:01 2076287                    /usr/lib/jvm/java-8-openjdk-amd64/jre/lib/amd64/libjava.so
7f6e51d65000-7f6e51d67000 rw-p 0002a000 fc:01 2076287                    /usr/lib/jvm/java-8-openjdk-amd64/jre/lib/amd64/libjava.so
7f6e51d67000-7f6e51d77000 r-xp 00000000 fc:01 2076305                    /usr/lib/jvm/java-8-openjdk-amd64/jre/lib/amd64/libverify.so
7f6e51d77000-7f6e51f76000 ---p 00010000 fc:01 2076305                    /usr/lib/jvm/java-8-openjdk-amd64/jre/lib/amd64/libverify.so
7f6e51f76000-7f6e51f78000 r--p 0000f000 fc:01 2076305                    /usr/lib/jvm/java-8-openjdk-amd64/jre/lib/amd64/libverify.so
7f6e51f78000-7f6e51f79000 rw-p 00011000 fc:01 2076305                    /usr/lib/jvm/java-8-openjdk-amd64/jre/lib/amd64/libverify.so
7f6e51f79000-7f6e51f80000 r-xp 00000000 fc:01 2180                       /lib/x86_64-linux-gnu/librt-2.27.so
7f6e51f80000-7f6e5217f000 ---p 00007000 fc:01 2180                       /lib/x86_64-linux-gnu/librt-2.27.so
7f6e5217f000-7f6e52180000 r--p 00006000 fc:01 2180                       /lib/x86_64-linux-gnu/librt-2.27.so
7f6e52180000-7f6e52181000 rw-p 00007000 fc:01 2180                       /lib/x86_64-linux-gnu/librt-2.27.so
7f6e52181000-7f6e52198000 r-xp 00000000 fc:01 29118                      /lib/x86_64-linux-gnu/libgcc_s.so.1
7f6e52198000-7f6e52397000 ---p 00017000 fc:01 29118                      /lib/x86_64-linux-gnu/libgcc_s.so.1
7f6e52397000-7f6e52398000 r--p 00016000 fc:01 29118                      /lib/x86_64-linux-gnu/libgcc_s.so.1
7f6e52398000-7f6e52399000 rw-p 00017000 fc:01 29118                      /lib/x86_64-linux-gnu/libgcc_s.so.1
7f6e52399000-7f6e52536000 r-xp 00000000 fc:01 2087                       /lib/x86_64-linux-gnu/libm-2.27.so
7f6e52536000-7f6e52735000 ---p 0019d000 fc:01 2087                       /lib/x86_64-linux-gnu/libm-2.27.so
7f6e52735000-7f6e52736000 r--p 0019c000 fc:01 2087                       /lib/x86_64-linux-gnu/libm-2.27.so
7f6e52736000-7f6e52737000 rw-p 0019d000 fc:01 2087                       /lib/x86_64-linux-gnu/libm-2.27.so
7f6e52737000-7f6e528b0000 r-xp 00000000 fc:01 2380                       /usr/lib/x86_64-linux-gnu/libstdc++.so.6.0.25
7f6e528b0000-7f6e52ab0000 ---p 00179000 fc:01 2380                       /usr/lib/x86_64-linux-gnu/libstdc++.so.6.0.25
7f6e52ab0000-7f6e52aba000 r--p 00179000 fc:01 2380                       /usr/lib/x86_64-linux-gnu/libstdc++.so.6.0.25
7f6e52aba000-7f6e52abc000 rw-p 00183000 fc:01 2380                       /usr/lib/x86_64-linux-gnu/libstdc++.so.6.0.25
7f6e52abc000-7f6e52ac0000 rw-p 00000000 00:00 0 
7f6e52ac0000-7f6e53763000 r-xp 00000000 fc:01 2076309                    /usr/lib/jvm/java-8-openjdk-amd64/jre/lib/amd64/server/libjvm.so
7f6e53763000-7f6e53963000 ---p 00ca3000 fc:01 2076309                    /usr/lib/jvm/java-8-openjdk-amd64/jre/lib/amd64/server/libjvm.so
7f6e53963000-7f6e539f7000 r--p 00ca3000 fc:01 2076309                    /usr/lib/jvm/java-8-openjdk-amd64/jre/lib/amd64/server/libjvm.so
7f6e539f7000-7f6e53a20000 rw-p 00d37000 fc:01 2076309                    /usr/lib/jvm/java-8-openjdk-amd64/jre/lib/amd64/server/libjvm.so
7f6e53a20000-7f6e53a50000 rw-p 00000000 00:00 0 
7f6e53a50000-7f6e53a6a000 r-xp 00000000 fc:01 2178                       /lib/x86_64-linux-gnu/libpthread-2.27.so
7f6e53a6a000-7f6e53c69000 ---p 0001a000 fc:01 2178                       /lib/x86_64-linux-gnu/libpthread-2.27.so
7f6e53c69000-7f6e53c6a000 r--p 00019000 fc:01 2178                       /lib/x86_64-linux-gnu/libpthread-2.27.so
7f6e53c6a000-7f6e53c6b000 rw-p 0001a000 fc:01 2178                       /lib/x86_64-linux-gnu/libpthread-2.27.so
7f6e53c6b000-7f6e53c6f000 rw-p 00000000 00:00 0 
7f6e53c6f000-7f6e53c72000 r-xp 00000000 fc:01 2086                       /lib/x86_64-linux-gnu/libdl-2.27.so
7f6e53c72000-7f6e53e71000 ---p 00003000 fc:01 2086                       /lib/x86_64-linux-gnu/libdl-2.27.so
7f6e53e71000-7f6e53e72000 r--p 00002000 fc:01 2086                       /lib/x86_64-linux-gnu/libdl-2.27.so
7f6e53e72000-7f6e53e73000 rw-p 00003000 fc:01 2086                       /lib/x86_64-linux-gnu/libdl-2.27.so
7f6e53e73000-7f6e53e8f000 r-xp 00000000 fc:01 2183                       /lib/x86_64-linux-gnu/libz.so.1.2.11
7f6e53e8f000-7f6e5408e000 ---p 0001c000 fc:01 2183                       /lib/x86_64-linux-gnu/libz.so.1.2.11
7f6e5408e000-7f6e5408f000 r--p 0001b000 fc:01 2183                       /lib/x86_64-linux-gnu/libz.so.1.2.11
7f6e5408f000-7f6e54090000 rw-p 0001c000 fc:01 2183                       /lib/x86_64-linux-gnu/libz.so.1.2.11
7f6e54090000-7f6e54277000 r-xp 00000000 fc:01 2083                       /lib/x86_64-linux-gnu/libc-2.27.so
7f6e54277000-7f6e54477000 ---p 001e7000 fc:01 2083                       /lib/x86_64-linux-gnu/libc-2.27.so
7f6e54477000-7f6e5447b000 r--p 001e7000 fc:01 2083                       /lib/x86_64-linux-gnu/libc-2.27.so
7f6e5447b000-7f6e5447d000 rw-p 001eb000 fc:01 2083                       /lib/x86_64-linux-gnu/libc-2.27.so
7f6e5447d000-7f6e54481000 rw-p 00000000 00:00 0 
7f6e54481000-7f6e5448f000 r-xp 00000000 fc:01 2076273                    /usr/lib/jvm/java-8-openjdk-amd64/jre/lib/amd64/jli/libjli.so
7f6e5448f000-7f6e5468e000 ---p 0000e000 fc:01 2076273                    /usr/lib/jvm/java-8-openjdk-amd64/jre/lib/amd64/jli/libjli.so
7f6e5468e000-7f6e5468f000 r--p 0000d000 fc:01 2076273                    /usr/lib/jvm/java-8-openjdk-amd64/jre/lib/amd64/jli/libjli.so
7f6e5468f000-7f6e54690000 rw-p 0000e000 fc:01 2076273                    /usr/lib/jvm/java-8-openjdk-amd64/jre/lib/amd64/jli/libjli.so
7f6e54690000-7f6e546b7000 r-xp 00000000 fc:01 2079                       /lib/x86_64-linux-gnu/ld-2.27.so
7f6e547a8000-7f6e547a9000 ---p 00000000 00:00 0 
7f6e547a9000-7f6e547ac000 ---p 00000000 00:00 0 
7f6e547ac000-7f6e548ab000 rw-p 00000000 00:00 0 
7f6e548ab000-7f6e548b3000 rw-s 00000000 fc:01 528985                     /tmp/hsperfdata_mpiuser/31821
7f6e548b3000-7f6e548b4000 rw-p 00000000 00:00 0 
7f6e548b4000-7f6e548b5000 r--p 00000000 00:00 0 
7f6e548b5000-7f6e548b7000 rw-p 00000000 00:00 0 
7f6e548b7000-7f6e548b8000 r--p 00027000 fc:01 2079                       /lib/x86_64-linux-gnu/ld-2.27.so
7f6e548b8000-7f6e548b9000 rw-p 00028000 fc:01 2079                       /lib/x86_64-linux-gnu/ld-2.27.so
7f6e548b9000-7f6e548ba000 rw-p 00000000 00:00 0 
7ffeac992000-7ffeac9b3000 rw-p 00000000 00:00 0                          [stack]
7ffeac9e0000-7ffeac9e3000 r--p 00000000 00:00 0                          [vvar]
7ffeac9e3000-7ffeac9e5000 r-xp 00000000 00:00 0                          [vdso]
ffffffffff600000-ffffffffff601000 r-xp 00000000 00:00 0                  [vsyscall]

VM Arguments:
jvm_args: -Djava.library.path=/usr/local/lib 
java_command: Client 1000000 100 0
java_class_path (initial): /home/mpiuser/cloud/fyp/java_client:./lib/spring-jcl-5.2.5.RELEASE.jar:./lib/jackson-databind-2.10.3.jar:./lib/jackson-databind-2.10.2.jar:./lib/slf4j-simple-1.7.30.jar:./lib/amqp-client-5.8.0.jar:./lib/spring-web-5.2.5.RELEASE.jar:./lib/jackson-annotations-2.10.3.jar:./lib/mpi.jar:./lib/spring-beans-5.2.5.RELEASE.jar:./lib/jackson-annotations-2.10.2.jar:./lib/jackson-core-2.10.2.jar:./lib/jackson-core-2.10.3.jar:./lib/slf4j-api-1.7.29.jar:./lib/spring-core-5.2.5.RELEASE.jar:./lib/slf4j-api-1.7.30.jar:./lib/http-client-3.6.1.RELEASE.jar:/usr/local/lib/mpi.jar
Launcher Type: SUN_STANDARD

Environment Variables:
PATH=/usr/local/sbin:/usr/local/bin:/usr/sbin:/usr/bin:/sbin:/bin:/usr/games:/usr/local/games
SHELL=/bin/bash

Signal Handlers:
SIGSEGV: [libjvm.so+0xabc3b0], sa_mask[0]=11111111011111111101111111111110, sa_flags=SA_RESTART|SA_SIGINFO
SIGBUS: [libjvm.so+0xabc3b0], sa_mask[0]=11111111011111111101111111111110, sa_flags=SA_RESTART|SA_SIGINFO
SIGFPE: [libjvm.so+0x8f0bb0], sa_mask[0]=11111111011111111101111111111110, sa_flags=SA_RESTART|SA_SIGINFO
SIGPIPE: [libjvm.so+0x8f0bb0], sa_mask[0]=11111111011111111101111111111110, sa_flags=SA_RESTART|SA_SIGINFO
SIGXFSZ: [libjvm.so+0x8f0bb0], sa_mask[0]=11111111011111111101111111111110, sa_flags=SA_RESTART|SA_SIGINFO
SIGILL: [libjvm.so+0x8f0bb0], sa_mask[0]=11111111011111111101111111111110, sa_flags=SA_RESTART|SA_SIGINFO
SIGUSR1: SIG_DFL, sa_mask[0]=00000000000000000000000000000000, sa_flags=none
SIGUSR2: [libjvm.so+0x8f0a60], sa_mask[0]=00000000000000000000000000000000, sa_flags=SA_RESTART|SA_SIGINFO
SIGHUP: SIG_DFL, sa_mask[0]=00000000000000000000000000000000, sa_flags=none
SIGINT: SIG_DFL, sa_mask[0]=00000000000000000000000000000000, sa_flags=none
SIGTERM: SIG_DFL, sa_mask[0]=00000000000000000000000000000000, sa_flags=none
SIGQUIT: SIG_DFL, sa_mask[0]=00000000000000000000000000000000, sa_flags=none


---------------  S Y S T E M  ---------------

OS:DISTRIB_ID=Ubuntu
DISTRIB_RELEASE=18.04
DISTRIB_CODENAME=bionic
DISTRIB_DESCRIPTION="Ubuntu 18.04.3 LTS"

uname:Linux 4.15.0-66-generic #75-Ubuntu SMP Tue Oct 1 05:24:09 UTC 2019 x86_64
libc:glibc 2.27 NPTL 2.27 
rlimit: STACK 8192k, CORE 0k, NPROC 3841, NOFILE 1048576, AS infinity
load average:42.42 9.36 3.06

/proc/meminfo:
MemTotal:        1008808 kB
MemFree:           49232 kB
MemAvailable:          0 kB
Buffers:             568 kB
Cached:            11824 kB
SwapCached:            0 kB
Active:           795236 kB
Inactive:           3660 kB
Active(anon):     787336 kB
Inactive(anon):      184 kB
Active(file):       7900 kB
Inactive(file):     3476 kB
Unevictable:           0 kB
Mlocked:               0 kB
SwapTotal:             0 kB
SwapFree:              0 kB
Dirty:                96 kB
Writeback:             0 kB
AnonPages:        786808 kB
Mapped:            10716 kB
Shmem:               640 kB
Slab:              81624 kB
SReclaimable:      28076 kB
SUnreclaim:        53548 kB
KernelStack:       14512 kB
PageTables:        26084 kB
NFS_Unstable:          0 kB
Bounce:                0 kB
WritebackTmp:          0 kB
CommitLimit:      504404 kB
Committed_AS:    5227564 kB
VmallocTotal:   34359738367 kB
VmallocUsed:           0 kB
VmallocChunk:          0 kB
HardwareCorrupted:     0 kB
AnonHugePages:         0 kB
ShmemHugePages:        0 kB
ShmemPmdMapped:        0 kB
CmaTotal:              0 kB
CmaFree:               0 kB
HugePages_Total:       0
HugePages_Free:        0
HugePages_Rsvd:        0
HugePages_Surp:        0
Hugepagesize:       2048 kB
DirectMap4k:      274412 kB
DirectMap2M:      774144 kB
DirectMap1G:           0 kB

container (cgroup) information:
container_type: cgroupv1
cpu_cpuset_cpus: 0-2
cpu_memory_nodes: 0
active_processor_count: 3
cpu_quota: -1
cpu_period: 100000
cpu_shares: -1
memory_limit_in_bytes: -1
memory_and_swap_limit_in_bytes: -2
memory_soft_limit_in_bytes: -1
memory_usage_in_bytes: 851968000
memory_max_usage_in_bytes: 869789696


CPU:total 3 (initial active 3) 

/proc/cpuinfo:
processor	: 0
vendor_id	: GenuineIntel
cpu family	: 6
model		: 85
model name	: Intel(R) Xeon(R) Gold 6140 CPU @ 2.30GHz
stepping	: 4
microcode	: 0x1
cpu MHz		: 2294.608
cache size	: 4096 KB
physical id	: 0
siblings	: 1
core id		: 0
cpu cores	: 1
apicid		: 0
initial apicid	: 0
fpu		: yes
fpu_exception	: yes
cpuid level	: 13
wp		: yes
flags		: fpu vme de pse tsc msr pae mce cx8 apic sep mtrr pge mca cmov pat pse36 clflush mmx fxsr sse sse2 ss syscall nx pdpe1gb rdtscp lm constant_tsc arch_perfmon rep_good nopl cpuid tsc_known_freq pni pclmulqdq vmx ssse3 fma cx16 pcid sse4_1 sse4_2 x2apic movbe popcnt tsc_deadline_timer aes xsave avx f16c rdrand hypervisor lahf_lm abm 3dnowprefetch cpuid_fault invpcid_single pti ssbd ibrs ibpb tpr_shadow vnmi flexpriority ept vpid fsgsbase tsc_adjust bmi1 avx2 smep bmi2 erms invpcid mpx avx512f avx512dq rdseed adx smap clflushopt clwb avx512cd avx512bw avx512vl xsaveopt xsavec xgetbv1 pku ospke md_clear
bugs		: cpu_meltdown spectre_v1 spectre_v2 spec_store_bypass l1tf mds swapgs
bogomips	: 4589.21
clflush size	: 64
cache_alignment	: 64
address sizes	: 40 bits physical, 48 bits virtual
power management:

processor	: 1
vendor_id	: GenuineIntel
cpu family	: 6
model		: 85
model name	: Intel(R) Xeon(R) Gold 6140 CPU @ 2.30GHz
stepping	: 4
microcode	: 0x1
cpu MHz		: 2294.608
cache size	: 4096 KB
physical id	: 1
siblings	: 1
core id		: 0
cpu cores	: 1
apicid		: 1
initial apicid	: 1
fpu		: yes
fpu_exception	: yes
cpuid level	: 13
wp		: yes
flags		: fpu vme de pse tsc msr pae mce cx8 apic sep mtrr pge mca cmov pat pse36 clflush mmx fxsr sse sse2 ss syscall nx pdpe1gb rdtscp lm constant_tsc arch_perfmon rep_good nopl cpuid tsc_known_freq pni pclmulqdq vmx ssse3 fma cx16 pcid sse4_1 sse4_2 x2apic movbe popcnt tsc_deadline_timer aes xsave avx f16c rdrand hypervisor lahf_lm abm 3dnowprefetch cpuid_fault invpcid_single pti ssbd ibrs ibpb tpr_shadow vnmi flexpriority ept vpid fsgsbase tsc_adjust bmi1 avx2 smep bmi2 erms invpcid mpx avx512f avx512dq rdseed adx smap clflushopt clwb avx512cd avx512bw avx512vl xsaveopt xsavec xgetbv1 pku ospke md_clear
bugs		: cpu_meltdown spectre_v1 spectre_v2 spec_store_bypass l1tf mds swapgs
bogomips	: 4589.21
clflush size	: 64
cache_alignment	: 64
address sizes	: 40 bits physical, 48 bits virtual
power management:

processor	: 2
vendor_id	: GenuineIntel
cpu family	: 6
model		: 85
model name	: Intel(R) Xeon(R) Gold 6140 CPU @ 2.30GHz
stepping	: 4
microcode	: 0x1
cpu MHz		: 2294.608
cache size	: 4096 KB
physical id	: 2
siblings	: 1
core id		: 0
cpu cores	: 1
apicid		: 2
initial apicid	: 2
fpu		: yes
fpu_exception	: yes
cpuid level	: 13
wp		: yes
flags		: fpu vme de pse tsc msr pae mce cx8 apic sep mtrr pge mca cmov pat pse36 clflush mmx fxsr sse sse2 ss syscall nx pdpe1gb rdtscp lm constant_tsc arch_perfmon rep_good nopl cpuid tsc_known_freq pni pclmulqdq vmx ssse3 fma cx16 pcid sse4_1 sse4_2 x2apic movbe popcnt tsc_deadline_timer aes xsave avx f16c rdrand hypervisor lahf_lm abm 3dnowprefetch cpuid_fault invpcid_single pti ssbd ibrs ibpb tpr_shadow vnmi flexpriority ept vpid fsgsbase tsc_adjust bmi1 avx2 smep bmi2 erms invpcid mpx avx512f avx512dq rdseed adx smap clflushopt clwb avx512cd avx512bw avx512vl xsaveopt xsavec xgetbv1 pku ospke md_clear
bugs		: cpu_meltdown spectre_v1 spectre_v2 spec_store_bypass l1tf mds swapgs
bogomips	: 4589.21
clflush size	: 64
cache_alignment	: 64
address sizes	: 40 bits physical, 48 bits virtual
power management:



Memory: 4k page, physical 1008808k(49232k free), swap 0k(0k free)

vm_info: OpenJDK 64-Bit Server VM (25.242-b08) for linux-amd64 JRE (1.8.0_242-8u242-b08-0ubuntu3~18.04-b08), built on Jan 17 2020 23:41:21 by "buildd" with gcc 7.4.0

time: Mon Apr  6 11:40:07 2020
timezone: UTC
elapsed time: 13 seconds (0d 0h 0m 13s)

