#
# A fatal error has been detected by the Java Runtime Environment:
#
#  SIGSEGV (0xb) at pc=0x00007f9281a2a12a, pid=15541, tid=0x00007f92b9fa8700
#
# JRE version: OpenJDK Runtime Environment (8.0_242-b08) (build 1.8.0_242-8u242-b08-0ubuntu3~18.04-b08)
# Java VM: OpenJDK 64-Bit Server VM (25.242-b08 mixed mode linux-amd64 compressed oops)
# Problematic frame:
# C  [mca_gds_ds21.so+0x212a]  pmix_gds_ds21_lock_init+0x12a
#
# Failed to write core dump. Core dumps have been disabled. To enable core dumping, try "ulimit -c unlimited" before starting Java again
#
# If you would like to submit a bug report, please visit:
#   http://bugreport.java.com/bugreport/crash.jsp
# The crash happened outside the Java Virtual Machine in native code.
# See problematic frame for where to report the bug.
#

---------------  T H R E A D  ---------------

Current thread (0x00007f92b000b800):  JavaThread "main" [_thread_in_native, id=15592, stack(0x00007f92b9ea9000,0x00007f92b9fa9000)]

siginfo: si_signo: 11 (SIGSEGV), si_code: 1 (SEGV_MAPERR), si_addr: 0x00007f92b46de008

Registers:
RAX=0x00007f92b32654e0, RBX=0x00007f92b3265400, RCX=0x00007f9281e4a85e, RDX=0x00007ffc2fb2aceb
RSP=0x00007f92b9fa6700, RBP=0x00007f92b3265458, RSI=0x0000000000085000, RDI=0x0000000000000000
R8 =0x000000000000001e, R9 =0x0000000000000000, R10=0x0000000000000001, R11=0x0000000000000000
R12=0x00007f92b3265058, R13=0x0000000000001000, R14=0x00007f92b46de000, R15=0x00007f92b3265450
RIP=0x00007f9281a2a12a, EFLAGS=0x0000000000010202, CSGSFS=0x002b000000000033, ERR=0x0000000000000004
  TRAPNO=0x000000000000000e

Top of Stack: (sp=0x00007f92b9fa6700)
0x00007f92b9fa6700:   00007f92b32653b0 00007ffc2fb2aceb
0x00007f92b9fa6710:   0000000000085000 000003e800000002
0x00007f92b9fa6720:   0000000000000000 00007f92b98272ed
0x00007f92b9fa6730:   00007f92b32650a0 94ed96207f196300
0x00007f92b9fa6740:   0000000000000000 00007f92b3264d80
0x00007f92b9fa6750:   0000000000000000 00007ffc2fb2aceb
0x00007f92b9fa6760:   0000000000000000 00007f92b3264ff0
0x00007f92b9fa6770:   0000000000000000 00007f9281e46bcb
0x00007f92b9fa6780:   00007f9281a2acee 00007f92b9fa6810
0x00007f92b9fa6790:   00007f9282fc7513 0000001500000040
0x00007f92b9fa67a0:   00007f92b32606d0 94ed96207f196300
0x00007f92b9fa67b0:   00007f9281e3c280 00007f92b32601e0
0x00007f92b9fa67c0:   00007f9281c2c2d4 00007f92831ed0a0
0x00007f92b9fa67d0:   00007f9281c2c180 00007f92831f0fc0
0x00007f92b9fa67e0:   00007f92b3264d30 00007f9281a29db4
0x00007f92b9fa67f0:   00007f92831ed060 00007f9282fafee8
0x00007f92b9fa6800:   00007f92831ed100 00007f92b9fa6834
0x00007f92b9fa6810:   00007f92b9fa6838 0000000000000000
0x00007f92b9fa6820:   0000000000000000 00007f92831f0fd0
0x00007f92b9fa6830:   0000001e82f24db0 00007f9281c2c180
0x00007f92b9fa6840:   0000000000000000 94ed96207f196300
0x00007f92b9fa6850:   00007f92831ed0a0 0000000000000000
0x00007f92b9fa6860:   0000000000000000 00007f92b31ef630
0x00007f92b9fa6870:   00007f9282f24db0 00007f92831ec520
0x00007f92b9fa6880:   0000000000000000 00007f9282f6a763
0x00007f92b9fa6890:   000000000000000c 00007f92831ec7d8
0x00007f92b9fa68a0:   2d69706d6e65706f 0000316576616c73
0x00007f92b9fa68b0:   00007f9282eaf100 00007f9282eaab00
0x00007f92b9fa68c0:   00007f9282eb264e 0000000100000000
0x00007f92b9fa68d0:   00007f92b9fa69d0 00007f9200000003
0x00007f92b9fa68e0:   00007f92b9fa69c0 94ed96207f196300
0x00007f92b9fa68f0:   00007f92b31ed010 00007f92831ebf60 

Instructions: (pc=0x00007f9281a2a12a)
0x00007f9281a2a10a:   f7 ff ff 48 85 c0 49 89 47 30 0f 84 16 03 00 00
0x00007f9281a2a11a:   4c 8b 70 18 49 8b 36 4c 39 ee 0f 87 ce 02 00 00
0x00007f9281a2a12a:   41 8b 46 08 41 89 47 40 49 8b 56 18 4c 01 f2 85
0x00007f9281a2a13a:   c0 49 89 57 38 0f 84 eb 02 00 00 31 c0 ba 01 00 

Register to memory mapping:

RAX=0x00007f92b32654e0 is an unknown value
RBX=0x00007f92b3265400 is an unknown value
RCX=0x00007f9281e4a85e: pmix_common_dstor_attach_new_lock_seg+0x1e in /usr/local/lib/libmca_common_dstore.so.1 at 0x00007f9281e3d000
RDX=0x00007ffc2fb2aceb is an unknown value
RSP=0x00007f92b9fa6700 is pointing into the stack for thread: 0x00007f92b000b800
RBP=0x00007f92b3265458 is an unknown value
RSI=0x0000000000085000 is an unknown value
RDI=0x0000000000000000 is an unknown value
R8 =0x000000000000001e is an unknown value
R9 =0x0000000000000000 is an unknown value
R10=0x0000000000000001 is an unknown value
R11=0x0000000000000000 is an unknown value
R12=0x00007f92b3265058 is an unknown value
R13=0x0000000000001000 is an unknown value
R14=0x00007f92b46de000 is an unknown value
R15=0x00007f92b3265450 is an unknown value


Stack: [0x00007f92b9ea9000,0x00007f92b9fa9000],  sp=0x00007f92b9fa6700,  free space=1013k
Native frames: (J=compiled Java code, j=interpreted, Vv=VM code, C=native code)
C  [mca_gds_ds21.so+0x212a]  pmix_gds_ds21_lock_init+0x12a

Java frames: (J=compiled Java code, j=interpreted, Vv=VM code)
j  mpi.MPI.Init_jni([Ljava/lang/String;)[Ljava/lang/String;+0
j  mpi.MPI.Init([Ljava/lang/String;)[Ljava/lang/String;+17
j  Client.main([Ljava/lang/String;)V+1
v  ~StubRoutines::call_stub

---------------  P R O C E S S  ---------------

Java Threads: ( => current thread )
  0x00007f92b00b7800 JavaThread "Service Thread" daemon [_thread_blocked, id=15991, stack(0x00007f92b4ed3000,0x00007f92b4fd4000)]
  0x00007f92b00b4800 JavaThread "C1 CompilerThread1" daemon [_thread_blocked, id=15974, stack(0x00007f92b4fd5000,0x00007f92b50d5000)]
  0x00007f92b00b2000 JavaThread "C2 CompilerThread0" daemon [_thread_blocked, id=15938, stack(0x00007f92b50d6000,0x00007f92b51d6000)]
  0x00007f92b00b0800 JavaThread "Signal Dispatcher" daemon [_thread_in_vm, id=15920, stack(0x00007f92b51d6000,0x00007f92b52d7000)]
  0x00007f92b007e000 JavaThread "Finalizer" daemon [_thread_blocked, id=15743, stack(0x00007f92b5616000,0x00007f92b5717000)]
  0x00007f92b0079800 JavaThread "Reference Handler" daemon [_thread_blocked, id=15708, stack(0x00007f92b5717000,0x00007f92b5818000)]
=>0x00007f92b000b800 JavaThread "main" [_thread_in_native, id=15592, stack(0x00007f92b9ea9000,0x00007f92b9fa9000)]

Other Threads:
  0x00007f92b006f800 VMThread [stack: 0x00007f92b5819000,0x00007f92b5919000] [id=15669]
  0x00007f92b00ba800 WatcherThread [stack: 0x00007f92b4dd3000,0x00007f92b4ed3000] [id=15999]

VM state:not at safepoint (normal execution)

VM Mutex/Monitor currently owned by a thread:  ([mutex/lock_event])
[0x00007f92b0007f60] Threads_lock - owner thread: 0x00007f92b00b0800

heap address: 0x00000000f0800000, size: 248 MB, Compressed Oops mode: 32-bit
Narrow klass base: 0x0000000000000000, Narrow klass shift: 3
Compressed class space size: 1073741824 Address: 0x0000000100000000

Heap:
 def new generation   total 4928K, used 1529K [0x00000000f0800000, 0x00000000f0d50000, 0x00000000f5aa0000)
  eden space 4416K,  34% used [0x00000000f0800000, 0x00000000f097e7b8, 0x00000000f0c50000)
  from space 512K,   0% used [0x00000000f0c50000, 0x00000000f0c50000, 0x00000000f0cd0000)
  to   space 512K,   0% used [0x00000000f0cd0000, 0x00000000f0cd0000, 0x00000000f0d50000)
 tenured generation   total 10944K, used 0K [0x00000000f5aa0000, 0x00000000f6550000, 0x0000000100000000)
   the space 10944K,   0% used [0x00000000f5aa0000, 0x00000000f5aa0000, 0x00000000f5aa0200, 0x00000000f6550000)
 Metaspace       used 3122K, capacity 4792K, committed 5120K, reserved 1056768K
  class space    used 314K, capacity 424K, committed 512K, reserved 1048576K

Card table byte_map: [0x00007f92b9e2b000,0x00007f92b9ea8000] byte_map_base: 0x00007f92b96a7000

Polling page: 0x00007f92b9fb4000

CodeCache: size=245760Kb used=1257Kb max_used=1257Kb free=244502Kb
 bounds [0x00007f92a1000000, 0x00007f92a1270000, 0x00007f92b0000000]
 total_blobs=370 nmethods=65 adapters=220
 compilation: enabled

Compilation events (10 events):
Event: 36.425 Thread 0x00007f92b00b4800   60   !   3       sun.misc.URLClassPath$JarLoader::ensureOpen (36 bytes)
Event: 36.425 Thread 0x00007f92b00b4800 nmethod 60 0x00007f92a1130110 code [0x00007f92a11302a0, 0x00007f92a11306e8]
Event: 36.425 Thread 0x00007f92b00b4800   61       3       java.util.jar.JarFile::getJarEntry (9 bytes)
Event: 36.426 Thread 0x00007f92b00b4800 nmethod 61 0x00007f92a1130890 code [0x00007f92a1130a40, 0x00007f92a1130ef8]
Event: 36.426 Thread 0x00007f92b00b4800   62       3       java.util.jar.JarFile::getEntry (22 bytes)
Event: 36.426 Thread 0x00007f92b00b4800 nmethod 62 0x00007f92a1131110 code [0x00007f92a11312a0, 0x00007f92a11315f8]
Event: 36.426 Thread 0x00007f92b00b4800   63   !   3       java.util.zip.ZipFile::getEntry (101 bytes)
Event: 36.426 Thread 0x00007f92b00b4800 nmethod 63 0x00007f92a1131750 code [0x00007f92a1131920, 0x00007f92a1131f98]
Event: 36.520 Thread 0x00007f92b00b4800   64       3       java.util.concurrent.ConcurrentHashMap::setTabAt (19 bytes)
Event: 36.520 Thread 0x00007f92b00b4800 nmethod 64 0x00007f92a113a110 code [0x00007f92a113a260, 0x00007f92a113a3d0]

GC Heap History (0 events):
No events

Deoptimization events (0 events):
No events

Classes redefined (0 events):
No events

Internal exceptions (5 events):
Event: 0.380 Thread 0x00007f92b000b800 Exception <a 'java/lang/NoSuchMethodError': Method sun.misc.Unsafe.defineClass(Ljava/lang/String;[BII)Ljava/lang/Class; name or signature does not match> (0x00000000f0807cc8) thrown at [/build/openjdk-8-58sEEn/openjdk-8-8u242-b08/src/hotspot/src/share/vm/
Event: 0.380 Thread 0x00007f92b000b800 Exception <a 'java/lang/NoSuchMethodError': Method sun.misc.Unsafe.prefetchRead(Ljava/lang/Object;J)V name or signature does not match> (0x00000000f0807fb0) thrown at [/build/openjdk-8-58sEEn/openjdk-8-8u242-b08/src/hotspot/src/share/vm/prims/jni.cpp, lin
Event: 1.431 Thread 0x00007f92b000b800 Exception <a 'java/util/zip/ZipException'> (0x00000000f085dec8) thrown at [/build/openjdk-8-58sEEn/openjdk-8-8u242-b08/src/hotspot/src/share/vm/prims/jni.cpp, line 710]
Event: 1.431 Thread 0x00007f92b000b800 Exception <a 'java/security/PrivilegedActionException'> (0x00000000f085e168) thrown at [/build/openjdk-8-58sEEn/openjdk-8-8u242-b08/src/hotspot/src/share/vm/prims/jvm.cpp, line 1502]
Event: 1.431 Thread 0x00007f92b000b800 Exception <a 'java/security/PrivilegedActionException'> (0x00000000f085e378) thrown at [/build/openjdk-8-58sEEn/openjdk-8-8u242-b08/src/hotspot/src/share/vm/prims/jvm.cpp, line 1502]

Events (10 events):
Event: 35.903 loading class mpi/Constant
Event: 35.903 loading class mpi/Constant done
Event: 35.904 loading class mpi/Errhandler
Event: 35.904 loading class mpi/Errhandler done
Event: 36.267 loading class mpi/Intracomm
Event: 36.267 loading class mpi/Intracomm done
Event: 36.425 loading class mpi/Comm
Event: 36.425 loading class mpi/Comm done
Event: 36.520 loading class mpi/Version
Event: 36.520 loading class mpi/Version done


Dynamic libraries:
f0800000-f0d50000 rw-p 00000000 00:00 0 
f0d50000-f5aa0000 ---p 00000000 00:00 0 
f5aa0000-f6550000 rw-p 00000000 00:00 0 
f6550000-100000000 ---p 00000000 00:00 0 
100000000-100080000 rw-p 00000000 00:00 0 
100080000-140000000 ---p 00000000 00:00 0 
55bd9e249000-55bd9e24a000 r-xp 00000000 fc:01 2079032                    /usr/lib/jvm/java-8-openjdk-amd64/jre/bin/java
55bd9e449000-55bd9e44a000 r--p 00000000 fc:01 2079032                    /usr/lib/jvm/java-8-openjdk-amd64/jre/bin/java
55bd9e44a000-55bd9e44b000 rw-p 00001000 fc:01 2079032                    /usr/lib/jvm/java-8-openjdk-amd64/jre/bin/java
55bd9e6c4000-55bd9e6e5000 rw-p 00000000 00:00 0                          [heap]
7f9278000000-7f9278021000 rw-p 00000000 00:00 0 
7f9278021000-7f927c000000 ---p 00000000 00:00 0 
7f927c000000-7f927c021000 rw-p 00000000 00:00 0 
7f927c021000-7f9280000000 ---p 00000000 00:00 0 
7f9281825000-7f9281827000 r-xp 00000000 fc:01 526222                     /usr/local/lib/pmix/mca_pshmem_mmap.so
7f9281827000-7f9281a26000 ---p 00002000 fc:01 526222                     /usr/local/lib/pmix/mca_pshmem_mmap.so
7f9281a26000-7f9281a27000 r--p 00001000 fc:01 526222                     /usr/local/lib/pmix/mca_pshmem_mmap.so
7f9281a27000-7f9281a28000 rw-p 00002000 fc:01 526222                     /usr/local/lib/pmix/mca_pshmem_mmap.so
7f9281a28000-7f9281a2c000 r-xp 00000000 fc:01 526198                     /usr/local/lib/pmix/mca_gds_ds21.so
7f9281a2c000-7f9281c2b000 ---p 00004000 fc:01 526198                     /usr/local/lib/pmix/mca_gds_ds21.so
7f9281c2b000-7f9281c2c000 r--p 00003000 fc:01 526198                     /usr/local/lib/pmix/mca_gds_ds21.so
7f9281c2c000-7f9281c2d000 rw-p 00004000 fc:01 526198                     /usr/local/lib/pmix/mca_gds_ds21.so
7f9281c2d000-7f9281c3c000 r-xp 00000000 fc:01 526200                     /usr/local/lib/pmix/mca_gds_hash.so
7f9281c3c000-7f9281e3b000 ---p 0000f000 fc:01 526200                     /usr/local/lib/pmix/mca_gds_hash.so
7f9281e3b000-7f9281e3c000 r--p 0000e000 fc:01 526200                     /usr/local/lib/pmix/mca_gds_hash.so
7f9281e3c000-7f9281e3d000 rw-p 0000f000 fc:01 526200                     /usr/local/lib/pmix/mca_gds_hash.so
7f9281e3d000-7f9281e4c000 r-xp 00000000 fc:01 7028                       /usr/local/lib/libmca_common_dstore.so.1.0.0
7f9281e4c000-7f928204b000 ---p 0000f000 fc:01 7028                       /usr/local/lib/libmca_common_dstore.so.1.0.0
7f928204b000-7f928204c000 r--p 0000e000 fc:01 7028                       /usr/local/lib/libmca_common_dstore.so.1.0.0
7f928204c000-7f928204d000 rw-p 0000f000 fc:01 7028                       /usr/local/lib/libmca_common_dstore.so.1.0.0
7f928204d000-7f9282051000 r-xp 00000000 fc:01 526196                     /usr/local/lib/pmix/mca_gds_ds12.so
7f9282051000-7f9282250000 ---p 00004000 fc:01 526196                     /usr/local/lib/pmix/mca_gds_ds12.so
7f9282250000-7f9282251000 r--p 00003000 fc:01 526196                     /usr/local/lib/pmix/mca_gds_ds12.so
7f9282251000-7f9282252000 rw-p 00004000 fc:01 526196                     /usr/local/lib/pmix/mca_gds_ds12.so
7f9282252000-7f928225a000 r-xp 00000000 fc:01 526226                     /usr/local/lib/pmix/mca_ptl_usock.so
7f928225a000-7f9282459000 ---p 00008000 fc:01 526226                     /usr/local/lib/pmix/mca_ptl_usock.so
7f9282459000-7f928245a000 r--p 00007000 fc:01 526226                     /usr/local/lib/pmix/mca_ptl_usock.so
7f928245a000-7f928245b000 rw-p 00008000 fc:01 526226                     /usr/local/lib/pmix/mca_ptl_usock.so
7f928245b000-7f928246c000 r-xp 00000000 fc:01 526224                     /usr/local/lib/pmix/mca_ptl_tcp.so
7f928246c000-7f928266b000 ---p 00011000 fc:01 526224                     /usr/local/lib/pmix/mca_ptl_tcp.so
7f928266b000-7f928266c000 r--p 00010000 fc:01 526224                     /usr/local/lib/pmix/mca_ptl_tcp.so
7f928266c000-7f928266d000 rw-p 00011000 fc:01 526224                     /usr/local/lib/pmix/mca_ptl_tcp.so
7f928266d000-7f928267e000 r-xp 00000000 fc:01 526188                     /usr/local/lib/pmix/mca_bfrops_v12.so
7f928267e000-7f928287e000 ---p 00011000 fc:01 526188                     /usr/local/lib/pmix/mca_bfrops_v12.so
7f928287e000-7f928287f000 r--p 00011000 fc:01 526188                     /usr/local/lib/pmix/mca_bfrops_v12.so
7f928287f000-7f9282880000 rw-p 00012000 fc:01 526188                     /usr/local/lib/pmix/mca_bfrops_v12.so
7f9282880000-7f9282897000 r-xp 00000000 fc:01 526190                     /usr/local/lib/pmix/mca_bfrops_v20.so
7f9282897000-7f9282a96000 ---p 00017000 fc:01 526190                     /usr/local/lib/pmix/mca_bfrops_v20.so
7f9282a96000-7f9282a97000 r--p 00016000 fc:01 526190                     /usr/local/lib/pmix/mca_bfrops_v20.so
7f9282a97000-7f9282a98000 rw-p 00017000 fc:01 526190                     /usr/local/lib/pmix/mca_bfrops_v20.so
7f9282a98000-7f9282aa0000 r-xp 00000000 fc:01 526194                     /usr/local/lib/pmix/mca_bfrops_v3.so
7f9282aa0000-7f9282c9f000 ---p 00008000 fc:01 526194                     /usr/local/lib/pmix/mca_bfrops_v3.so
7f9282c9f000-7f9282ca0000 r--p 00007000 fc:01 526194                     /usr/local/lib/pmix/mca_bfrops_v3.so
7f9282ca0000-7f9282ca1000 rw-p 00008000 fc:01 526194                     /usr/local/lib/pmix/mca_bfrops_v3.so
7f9282ca1000-7f9282ca8000 r-xp 00000000 fc:01 526192                     /usr/local/lib/pmix/mca_bfrops_v21.so
7f9282ca8000-7f9282ea8000 ---p 00007000 fc:01 526192                     /usr/local/lib/pmix/mca_bfrops_v21.so
7f9282ea8000-7f9282ea9000 r--p 00007000 fc:01 526192                     /usr/local/lib/pmix/mca_bfrops_v21.so
7f9282ea9000-7f9282eaa000 rw-p 00008000 fc:01 526192                     /usr/local/lib/pmix/mca_bfrops_v21.so
7f9282eaa000-7f9282fe9000 r-xp 00000000 fc:01 526228                     /usr/local/lib/openmpi/mca_pmix_pmix3x.so
7f9282fe9000-7f92831e9000 ---p 0013f000 fc:01 526228                     /usr/local/lib/openmpi/mca_pmix_pmix3x.so
7f92831e9000-7f92831ea000 r--p 0013f000 fc:01 526228                     /usr/local/lib/openmpi/mca_pmix_pmix3x.so
7f92831ea000-7f92831ef000 rw-p 00140000 fc:01 526228                     /usr/local/lib/openmpi/mca_pmix_pmix3x.so
7f92831ef000-7f92831f2000 rw-p 00000000 00:00 0 
7f92831f5000-7f92831f7000 r-xp 00000000 fc:01 526214                     /usr/local/lib/pmix/mca_psec_native.so
7f92831f7000-7f92833f6000 ---p 00002000 fc:01 526214                     /usr/local/lib/pmix/mca_psec_native.so
7f92833f6000-7f92833f7000 r--p 00001000 fc:01 526214                     /usr/local/lib/pmix/mca_psec_native.so
7f92833f7000-7f92833f8000 rw-p 00002000 fc:01 526214                     /usr/local/lib/pmix/mca_psec_native.so
7f92833f8000-7f92833f9000 ---p 00000000 00:00 0 
7f92833f9000-7f9283bf9000 rw-p 00000000 00:00 0 
7f9283bf9000-7f9283bfd000 r-xp 00000000 fc:01 526266                     /usr/local/lib/openmpi/mca_ess_pmi.so
7f9283bfd000-7f9283dfc000 ---p 00004000 fc:01 526266                     /usr/local/lib/openmpi/mca_ess_pmi.so
7f9283dfc000-7f9283dfd000 r--p 00003000 fc:01 526266                     /usr/local/lib/openmpi/mca_ess_pmi.so
7f9283dfd000-7f9283dfe000 rw-p 00004000 fc:01 526266                     /usr/local/lib/openmpi/mca_ess_pmi.so
7f9283dfe000-7f9283dff000 r-xp 00000000 fc:01 526334                     /usr/local/lib/openmpi/mca_schizo_orte.so
7f9283dff000-7f9283ffe000 ---p 00001000 fc:01 526334                     /usr/local/lib/openmpi/mca_schizo_orte.so
7f9283ffe000-7f9283fff000 r--p 00000000 fc:01 526334                     /usr/local/lib/openmpi/mca_schizo_orte.so
7f9283fff000-7f9284000000 rw-p 00001000 fc:01 526334                     /usr/local/lib/openmpi/mca_schizo_orte.so
7f9284000000-7f92841c5000 rw-p 00000000 00:00 0 
7f92841c5000-7f9288000000 ---p 00000000 00:00 0 
7f9288000000-7f9288021000 rw-p 00000000 00:00 0 
7f9288021000-7f928c000000 ---p 00000000 00:00 0 
7f928c000000-7f928c021000 rw-p 00000000 00:00 0 
7f928c021000-7f9290000000 ---p 00000000 00:00 0 
7f9290000000-7f929004f000 rw-p 00000000 00:00 0 
7f929004f000-7f9294000000 ---p 00000000 00:00 0 
7f9294000000-7f9294021000 rw-p 00000000 00:00 0 
7f9294021000-7f9298000000 ---p 00000000 00:00 0 
7f9298000000-7f9298021000 rw-p 00000000 00:00 0 
7f9298021000-7f929c000000 ---p 00000000 00:00 0 
7f929c000000-7f929c021000 rw-p 00000000 00:00 0 
7f929c021000-7f92a0000000 ---p 00000000 00:00 0 
7f92a002a000-7f92a012b000 rw-p 00000000 00:00 0 
7f92a012b000-7f92a012d000 r-xp 00000000 fc:01 526336                     /usr/local/lib/openmpi/mca_schizo_slurm.so
7f92a012d000-7f92a032c000 ---p 00002000 fc:01 526336                     /usr/local/lib/openmpi/mca_schizo_slurm.so
7f92a032c000-7f92a032d000 r--p 00001000 fc:01 526336                     /usr/local/lib/openmpi/mca_schizo_slurm.so
7f92a032d000-7f92a032e000 rw-p 00002000 fc:01 526336                     /usr/local/lib/openmpi/mca_schizo_slurm.so
7f92a032e000-7f92a0336000 r-xp 00000000 fc:01 526332                     /usr/local/lib/openmpi/mca_schizo_ompi.so
7f92a0336000-7f92a0535000 ---p 00008000 fc:01 526332                     /usr/local/lib/openmpi/mca_schizo_ompi.so
7f92a0535000-7f92a0536000 r--p 00007000 fc:01 526332                     /usr/local/lib/openmpi/mca_schizo_ompi.so
7f92a0536000-7f92a0538000 rw-p 00008000 fc:01 526332                     /usr/local/lib/openmpi/mca_schizo_ompi.so
7f92a0538000-7f92a0539000 r-xp 00000000 fc:01 526330                     /usr/local/lib/openmpi/mca_schizo_flux.so
7f92a0539000-7f92a0739000 ---p 00001000 fc:01 526330                     /usr/local/lib/openmpi/mca_schizo_flux.so
7f92a0739000-7f92a073a000 r--p 00001000 fc:01 526330                     /usr/local/lib/openmpi/mca_schizo_flux.so
7f92a073a000-7f92a073b000 rw-p 00002000 fc:01 526330                     /usr/local/lib/openmpi/mca_schizo_flux.so
7f92a073b000-7f92a073d000 r-xp 00000000 fc:01 526234                     /usr/local/lib/openmpi/mca_reachable_weighted.so
7f92a073d000-7f92a093c000 ---p 00002000 fc:01 526234                     /usr/local/lib/openmpi/mca_reachable_weighted.so
7f92a093c000-7f92a093d000 r--p 00001000 fc:01 526234                     /usr/local/lib/openmpi/mca_reachable_weighted.so
7f92a093d000-7f92a093e000 rw-p 00002000 fc:01 526234                     /usr/local/lib/openmpi/mca_reachable_weighted.so
7f92a093e000-7f92a0941000 r-xp 00000000 fc:01 526236                     /usr/local/lib/openmpi/mca_shmem_mmap.so
7f92a0941000-7f92a0b40000 ---p 00003000 fc:01 526236                     /usr/local/lib/openmpi/mca_shmem_mmap.so
7f92a0b40000-7f92a0b41000 r--p 00002000 fc:01 526236                     /usr/local/lib/openmpi/mca_shmem_mmap.so
7f92a0b41000-7f92a0b42000 rw-p 00003000 fc:01 526236                     /usr/local/lib/openmpi/mca_shmem_mmap.so
7f92a0b42000-7f92a0b44000 r-xp 00000000 fc:01 2182                       /lib/x86_64-linux-gnu/libutil-2.27.so
7f92a0b44000-7f92a0d43000 ---p 00002000 fc:01 2182                       /lib/x86_64-linux-gnu/libutil-2.27.so
7f92a0d43000-7f92a0d44000 r--p 00001000 fc:01 2182                       /lib/x86_64-linux-gnu/libutil-2.27.so
7f92a0d44000-7f92a0d45000 rw-p 00002000 fc:01 2182                       /lib/x86_64-linux-gnu/libutil-2.27.so
7f92a0d45000-7f92a0df8000 r-xp 00000000 fc:01 7159                       /usr/local/lib/libopen-rte.so.40.20.1
7f92a0df8000-7f92a0ff7000 ---p 000b3000 fc:01 7159                       /usr/local/lib/libopen-rte.so.40.20.1
7f92a0ff7000-7f92a0ff9000 r--p 000b2000 fc:01 7159                       /usr/local/lib/libopen-rte.so.40.20.1
7f92a0ff9000-7f92a0ffd000 rw-p 000b4000 fc:01 7159                       /usr/local/lib/libopen-rte.so.40.20.1
7f92a0ffd000-7f92a1000000 rw-p 00000000 00:00 0 
7f92a1000000-7f92a1270000 rwxp 00000000 00:00 0 
7f92a1270000-7f92b0000000 ---p 00000000 00:00 0 
7f92b0000000-7f92b3267000 rw-p 00000000 00:00 0 
7f92b3267000-7f92b4000000 ---p 00000000 00:00 0 
7f92b400a000-7f92b408f000 rw-s 00000000 fc:01 526899                     /tmp/ompi.openmpi-slave1.1000/jf.8274/pmix_dstor_ds21_15448/smlockseg-542244865
7f92b408f000-7f92b4196000 r-xp 00000000 fc:01 4656                       /usr/local/lib/libopen-pal.so.40.20.1
7f92b4196000-7f92b4396000 ---p 00107000 fc:01 4656                       /usr/local/lib/libopen-pal.so.40.20.1
7f92b4396000-7f92b4399000 r--p 00107000 fc:01 4656                       /usr/local/lib/libopen-pal.so.40.20.1
7f92b4399000-7f92b439f000 rw-p 0010a000 fc:01 4656                       /usr/local/lib/libopen-pal.so.40.20.1
7f92b439f000-7f92b43a6000 rw-p 00000000 00:00 0 
7f92b43a6000-7f92b44b3000 r-xp 00000000 fc:01 7362                       /usr/local/lib/libmpi.so.40.20.1
7f92b44b3000-7f92b46b2000 ---p 0010d000 fc:01 7362                       /usr/local/lib/libmpi.so.40.20.1
7f92b46b2000-7f92b46b4000 r--p 0010c000 fc:01 7362                       /usr/local/lib/libmpi.so.40.20.1
7f92b46b4000-7f92b46c5000 rw-p 0010e000 fc:01 7362                       /usr/local/lib/libmpi.so.40.20.1
7f92b46c5000-7f92b46d7000 rw-p 00000000 00:00 0 
7f92b46df000-7f92b46e0000 r--s 00000000 fc:01 526900                     /tmp/ompi.openmpi-slave1.1000/jf.8274/pmix_dstor_ds12_15448/initial-pmix_shared-segment-0
7f92b46e0000-7f92b46e1000 rw-s 00000000 fc:01 526901                     /tmp/ompi.openmpi-slave1.1000/jf.8274/pmix_dstor_ds12_15448/dstore_sm.lock
7f92b46e1000-7f92b4709000 r-xp 00000000 fc:01 29870                      /usr/local/lib/libmpi_java.so.40.20.0
7f92b4709000-7f92b4908000 ---p 00028000 fc:01 29870                      /usr/local/lib/libmpi_java.so.40.20.0
7f92b4908000-7f92b4909000 r--p 00027000 fc:01 29870                      /usr/local/lib/libmpi_java.so.40.20.0
7f92b4909000-7f92b490a000 rw-p 00028000 fc:01 29870                      /usr/local/lib/libmpi_java.so.40.20.0
7f92b490a000-7f92b490b000 r--s 0000f000 00:34 527712                     /home/mpiuser/cloud/fyp/java_client/lib/mpi.jar
7f92b490b000-7f92b490e000 r--s 0000e000 00:34 527707                     /home/mpiuser/cloud/fyp/java_client/lib/jackson-annotations-2.10.3.jar
7f92b490e000-7f92b492b000 r--s 00142000 00:34 527719                     /home/mpiuser/cloud/fyp/java_client/lib/spring-web-5.2.5.RELEASE.jar
7f92b492b000-7f92b4938000 r--s 00090000 00:34 527704                     /home/mpiuser/cloud/fyp/java_client/lib/amqp-client-5.8.0.jar
7f92b4938000-7f92b4939000 r--s 00003000 00:34 527715                     /home/mpiuser/cloud/fyp/java_client/lib/slf4j-simple-1.7.30.jar
7f92b4939000-7f92b494e000 r--s 00142000 00:34 527710                     /home/mpiuser/cloud/fyp/java_client/lib/jackson-databind-2.10.2.jar
7f92b494e000-7f92b4963000 r--s 00142000 00:34 527711                     /home/mpiuser/cloud/fyp/java_client/lib/jackson-databind-2.10.3.jar
7f92b4963000-7f92b4964000 r--s 00005000 00:34 527718                     /home/mpiuser/cloud/fyp/java_client/lib/spring-jcl-5.2.5.RELEASE.jar
7f92b4964000-7f92b497b000 r-xp 00000000 fc:01 2079070                    /usr/lib/jvm/java-8-openjdk-amd64/jre/lib/amd64/libnet.so
7f92b497b000-7f92b4b7a000 ---p 00017000 fc:01 2079070                    /usr/lib/jvm/java-8-openjdk-amd64/jre/lib/amd64/libnet.so
7f92b4b7a000-7f92b4b7b000 r--p 00016000 fc:01 2079070                    /usr/lib/jvm/java-8-openjdk-amd64/jre/lib/amd64/libnet.so
7f92b4b7b000-7f92b4b7c000 rw-p 00017000 fc:01 2079070                    /usr/lib/jvm/java-8-openjdk-amd64/jre/lib/amd64/libnet.so
7f92b4b7c000-7f92b4b8d000 r-xp 00000000 fc:01 2079071                    /usr/lib/jvm/java-8-openjdk-amd64/jre/lib/amd64/libnio.so
7f92b4b8d000-7f92b4d8d000 ---p 00011000 fc:01 2079071                    /usr/lib/jvm/java-8-openjdk-amd64/jre/lib/amd64/libnio.so
7f92b4d8d000-7f92b4d8e000 r--p 00011000 fc:01 2079071                    /usr/lib/jvm/java-8-openjdk-amd64/jre/lib/amd64/libnio.so
7f92b4d8e000-7f92b4d8f000 rw-p 00012000 fc:01 2079071                    /usr/lib/jvm/java-8-openjdk-amd64/jre/lib/amd64/libnio.so
7f92b4d8f000-7f92b4daa000 r--s 001d6000 fc:01 2079097                    /usr/lib/jvm/java-8-openjdk-amd64/jre/lib/ext/nashorn.jar
7f92b4daa000-7f92b4dae000 r--s 0003a000 fc:01 2079100                    /usr/lib/jvm/java-8-openjdk-amd64/jre/lib/ext/sunpkcs11.jar
7f92b4dae000-7f92b4db3000 r--s 0003d000 fc:01 2079099                    /usr/lib/jvm/java-8-openjdk-amd64/jre/lib/ext/sunjce_provider.jar
7f92b4db3000-7f92b4db4000 r--s 00010000 fc:01 2079101                    /usr/lib/jvm/java-8-openjdk-amd64/jre/lib/ext/zipfs.jar
7f92b4db4000-7f92b4db5000 r--s 0000a000 fc:01 2079095                    /usr/lib/jvm/java-8-openjdk-amd64/jre/lib/ext/jaccess.jar
7f92b4db5000-7f92b4db7000 r--s 00007000 fc:01 29704                      /usr/share/java/java-atk-wrapper.jar
7f92b4db7000-7f92b4dd2000 r--s 00394000 fc:01 2079092                    /usr/lib/jvm/java-8-openjdk-amd64/jre/lib/ext/cldrdata.jar
7f92b4dd2000-7f92b4dd3000 ---p 00000000 00:00 0 
7f92b4dd3000-7f92b4ed3000 rw-p 00000000 00:00 0 
7f92b4ed3000-7f92b4ed6000 ---p 00000000 00:00 0 
7f92b4ed6000-7f92b4fd4000 rw-p 00000000 00:00 0 
7f92b4fd4000-7f92b4fd5000 ---p 00000000 00:00 0 
7f92b4fd5000-7f92b4fd8000 ---p 00000000 00:00 0 
7f92b4fd8000-7f92b50d5000 rw-p 00000000 00:00 0 
7f92b50d5000-7f92b50d6000 ---p 00000000 00:00 0 
7f92b50d6000-7f92b50d9000 ---p 00000000 00:00 0 
7f92b50d9000-7f92b51d6000 rw-p 00000000 00:00 0 
7f92b51d6000-7f92b51d9000 ---p 00000000 00:00 0 
7f92b51d9000-7f92b52d7000 rw-p 00000000 00:00 0 
7f92b52d7000-7f92b5308000 r--p 00000000 fc:01 7802                       /usr/lib/locale/C.UTF-8/LC_CTYPE
7f92b5308000-7f92b547b000 r--p 00000000 fc:01 7801                       /usr/lib/locale/C.UTF-8/LC_COLLATE
7f92b547b000-7f92b5616000 r--p 00000000 fc:01 7796                       /usr/lib/locale/locale-archive
7f92b5616000-7f92b5619000 ---p 00000000 00:00 0 
7f92b5619000-7f92b5717000 rw-p 00000000 00:00 0 
7f92b5717000-7f92b571a000 ---p 00000000 00:00 0 
7f92b571a000-7f92b5818000 rw-p 00000000 00:00 0 
7f92b5818000-7f92b5819000 ---p 00000000 00:00 0 
7f92b5819000-7f92b5967000 rw-p 00000000 00:00 0 
7f92b5967000-7f92b5b37000 r--s 03c68000 fc:01 2079121                    /usr/lib/jvm/java-8-openjdk-amd64/jre/lib/rt.jar
7f92b5b37000-7f92b60b0000 rw-p 00000000 00:00 0 
7f92b60b0000-7f92b6430000 ---p 00000000 00:00 0 
7f92b6430000-7f92b643a000 rw-p 00000000 00:00 0 
7f92b643a000-7f92b67f0000 ---p 00000000 00:00 0 
7f92b67f0000-7f92b67f8000 r-xp 00000000 fc:01 2079078                    /usr/lib/jvm/java-8-openjdk-amd64/jre/lib/amd64/libzip.so
7f92b67f8000-7f92b69f7000 ---p 00008000 fc:01 2079078                    /usr/lib/jvm/java-8-openjdk-amd64/jre/lib/amd64/libzip.so
7f92b69f7000-7f92b69f8000 r--p 00007000 fc:01 2079078                    /usr/lib/jvm/java-8-openjdk-amd64/jre/lib/amd64/libzip.so
7f92b69f8000-7f92b69f9000 rw-p 00008000 fc:01 2079078                    /usr/lib/jvm/java-8-openjdk-amd64/jre/lib/amd64/libzip.so
7f92b69f9000-7f92b6a04000 r-xp 00000000 fc:01 2093                       /lib/x86_64-linux-gnu/libnss_files-2.27.so
7f92b6a04000-7f92b6c03000 ---p 0000b000 fc:01 2093                       /lib/x86_64-linux-gnu/libnss_files-2.27.so
7f92b6c03000-7f92b6c04000 r--p 0000a000 fc:01 2093                       /lib/x86_64-linux-gnu/libnss_files-2.27.so
7f92b6c04000-7f92b6c05000 rw-p 0000b000 fc:01 2093                       /lib/x86_64-linux-gnu/libnss_files-2.27.so
7f92b6c05000-7f92b6c0b000 rw-p 00000000 00:00 0 
7f92b6c0b000-7f92b6c22000 r-xp 00000000 fc:01 2090                       /lib/x86_64-linux-gnu/libnsl-2.27.so
7f92b6c22000-7f92b6e21000 ---p 00017000 fc:01 2090                       /lib/x86_64-linux-gnu/libnsl-2.27.so
7f92b6e21000-7f92b6e22000 r--p 00016000 fc:01 2090                       /lib/x86_64-linux-gnu/libnsl-2.27.so
7f92b6e22000-7f92b6e23000 rw-p 00017000 fc:01 2090                       /lib/x86_64-linux-gnu/libnsl-2.27.so
7f92b6e23000-7f92b6e25000 rw-p 00000000 00:00 0 
7f92b6e25000-7f92b6e30000 r-xp 00000000 fc:01 2095                       /lib/x86_64-linux-gnu/libnss_nis-2.27.so
7f92b6e30000-7f92b702f000 ---p 0000b000 fc:01 2095                       /lib/x86_64-linux-gnu/libnss_nis-2.27.so
7f92b702f000-7f92b7030000 r--p 0000a000 fc:01 2095                       /lib/x86_64-linux-gnu/libnss_nis-2.27.so
7f92b7030000-7f92b7031000 rw-p 0000b000 fc:01 2095                       /lib/x86_64-linux-gnu/libnss_nis-2.27.so
7f92b7031000-7f92b7039000 r-xp 00000000 fc:01 2091                       /lib/x86_64-linux-gnu/libnss_compat-2.27.so
7f92b7039000-7f92b7239000 ---p 00008000 fc:01 2091                       /lib/x86_64-linux-gnu/libnss_compat-2.27.so
7f92b7239000-7f92b723a000 r--p 00008000 fc:01 2091                       /lib/x86_64-linux-gnu/libnss_compat-2.27.so
7f92b723a000-7f92b723b000 rw-p 00009000 fc:01 2091                       /lib/x86_64-linux-gnu/libnss_compat-2.27.so
7f92b723b000-7f92b7265000 r-xp 00000000 fc:01 2079059                    /usr/lib/jvm/java-8-openjdk-amd64/jre/lib/amd64/libjava.so
7f92b7265000-7f92b7464000 ---p 0002a000 fc:01 2079059                    /usr/lib/jvm/java-8-openjdk-amd64/jre/lib/amd64/libjava.so
7f92b7464000-7f92b7465000 r--p 00029000 fc:01 2079059                    /usr/lib/jvm/java-8-openjdk-amd64/jre/lib/amd64/libjava.so
7f92b7465000-7f92b7467000 rw-p 0002a000 fc:01 2079059                    /usr/lib/jvm/java-8-openjdk-amd64/jre/lib/amd64/libjava.so
7f92b7467000-7f92b7477000 r-xp 00000000 fc:01 2079077                    /usr/lib/jvm/java-8-openjdk-amd64/jre/lib/amd64/libverify.so
7f92b7477000-7f92b7676000 ---p 00010000 fc:01 2079077                    /usr/lib/jvm/java-8-openjdk-amd64/jre/lib/amd64/libverify.so
7f92b7676000-7f92b7678000 r--p 0000f000 fc:01 2079077                    /usr/lib/jvm/java-8-openjdk-amd64/jre/lib/amd64/libverify.so
7f92b7678000-7f92b7679000 rw-p 00011000 fc:01 2079077                    /usr/lib/jvm/java-8-openjdk-amd64/jre/lib/amd64/libverify.so
7f92b7679000-7f92b7680000 r-xp 00000000 fc:01 2180                       /lib/x86_64-linux-gnu/librt-2.27.so
7f92b7680000-7f92b787f000 ---p 00007000 fc:01 2180                       /lib/x86_64-linux-gnu/librt-2.27.so
7f92b787f000-7f92b7880000 r--p 00006000 fc:01 2180                       /lib/x86_64-linux-gnu/librt-2.27.so
7f92b7880000-7f92b7881000 rw-p 00007000 fc:01 2180                       /lib/x86_64-linux-gnu/librt-2.27.so
7f92b7881000-7f92b7898000 r-xp 00000000 fc:01 19131                      /lib/x86_64-linux-gnu/libgcc_s.so.1
7f92b7898000-7f92b7a97000 ---p 00017000 fc:01 19131                      /lib/x86_64-linux-gnu/libgcc_s.so.1
7f92b7a97000-7f92b7a98000 r--p 00016000 fc:01 19131                      /lib/x86_64-linux-gnu/libgcc_s.so.1
7f92b7a98000-7f92b7a99000 rw-p 00017000 fc:01 19131                      /lib/x86_64-linux-gnu/libgcc_s.so.1
7f92b7a99000-7f92b7c36000 r-xp 00000000 fc:01 2087                       /lib/x86_64-linux-gnu/libm-2.27.so
7f92b7c36000-7f92b7e35000 ---p 0019d000 fc:01 2087                       /lib/x86_64-linux-gnu/libm-2.27.so
7f92b7e35000-7f92b7e36000 r--p 0019c000 fc:01 2087                       /lib/x86_64-linux-gnu/libm-2.27.so
7f92b7e36000-7f92b7e37000 rw-p 0019d000 fc:01 2087                       /lib/x86_64-linux-gnu/libm-2.27.so
7f92b7e37000-7f92b7fb0000 r-xp 00000000 fc:01 7835                       /usr/lib/x86_64-linux-gnu/libstdc++.so.6.0.25
7f92b7fb0000-7f92b81b0000 ---p 00179000 fc:01 7835                       /usr/lib/x86_64-linux-gnu/libstdc++.so.6.0.25
7f92b81b0000-7f92b81ba000 r--p 00179000 fc:01 7835                       /usr/lib/x86_64-linux-gnu/libstdc++.so.6.0.25
7f92b81ba000-7f92b81bc000 rw-p 00183000 fc:01 7835                       /usr/lib/x86_64-linux-gnu/libstdc++.so.6.0.25
7f92b81bc000-7f92b81c0000 rw-p 00000000 00:00 0 
7f92b81c0000-7f92b8e63000 r-xp 00000000 fc:01 2079081                    /usr/lib/jvm/java-8-openjdk-amd64/jre/lib/amd64/server/libjvm.so
7f92b8e63000-7f92b9063000 ---p 00ca3000 fc:01 2079081                    /usr/lib/jvm/java-8-openjdk-amd64/jre/lib/amd64/server/libjvm.so
7f92b9063000-7f92b90f7000 r--p 00ca3000 fc:01 2079081                    /usr/lib/jvm/java-8-openjdk-amd64/jre/lib/amd64/server/libjvm.so
7f92b90f7000-7f92b9120000 rw-p 00d37000 fc:01 2079081                    /usr/lib/jvm/java-8-openjdk-amd64/jre/lib/amd64/server/libjvm.so
7f92b9120000-7f92b9150000 rw-p 00000000 00:00 0 
7f92b9150000-7f92b916a000 r-xp 00000000 fc:01 2178                       /lib/x86_64-linux-gnu/libpthread-2.27.so
7f92b916a000-7f92b9369000 ---p 0001a000 fc:01 2178                       /lib/x86_64-linux-gnu/libpthread-2.27.so
7f92b9369000-7f92b936a000 r--p 00019000 fc:01 2178                       /lib/x86_64-linux-gnu/libpthread-2.27.so
7f92b936a000-7f92b936b000 rw-p 0001a000 fc:01 2178                       /lib/x86_64-linux-gnu/libpthread-2.27.so
7f92b936b000-7f92b936f000 rw-p 00000000 00:00 0 
7f92b936f000-7f92b9372000 r-xp 00000000 fc:01 2086                       /lib/x86_64-linux-gnu/libdl-2.27.so
7f92b9372000-7f92b9571000 ---p 00003000 fc:01 2086                       /lib/x86_64-linux-gnu/libdl-2.27.so
7f92b9571000-7f92b9572000 r--p 00002000 fc:01 2086                       /lib/x86_64-linux-gnu/libdl-2.27.so
7f92b9572000-7f92b9573000 rw-p 00003000 fc:01 2086                       /lib/x86_64-linux-gnu/libdl-2.27.so
7f92b9573000-7f92b958f000 r-xp 00000000 fc:01 2183                       /lib/x86_64-linux-gnu/libz.so.1.2.11
7f92b958f000-7f92b978e000 ---p 0001c000 fc:01 2183                       /lib/x86_64-linux-gnu/libz.so.1.2.11
7f92b978e000-7f92b978f000 r--p 0001b000 fc:01 2183                       /lib/x86_64-linux-gnu/libz.so.1.2.11
7f92b978f000-7f92b9790000 rw-p 0001c000 fc:01 2183                       /lib/x86_64-linux-gnu/libz.so.1.2.11
7f92b9790000-7f92b9977000 r-xp 00000000 fc:01 2083                       /lib/x86_64-linux-gnu/libc-2.27.so
7f92b9977000-7f92b9b77000 ---p 001e7000 fc:01 2083                       /lib/x86_64-linux-gnu/libc-2.27.so
7f92b9b77000-7f92b9b7b000 r--p 001e7000 fc:01 2083                       /lib/x86_64-linux-gnu/libc-2.27.so
7f92b9b7b000-7f92b9b7d000 rw-p 001eb000 fc:01 2083                       /lib/x86_64-linux-gnu/libc-2.27.so
7f92b9b7d000-7f92b9b81000 rw-p 00000000 00:00 0 
7f92b9b81000-7f92b9b8f000 r-xp 00000000 fc:01 2079045                    /usr/lib/jvm/java-8-openjdk-amd64/jre/lib/amd64/jli/libjli.so
7f92b9b8f000-7f92b9d8e000 ---p 0000e000 fc:01 2079045                    /usr/lib/jvm/java-8-openjdk-amd64/jre/lib/amd64/jli/libjli.so
7f92b9d8e000-7f92b9d8f000 r--p 0000d000 fc:01 2079045                    /usr/lib/jvm/java-8-openjdk-amd64/jre/lib/amd64/jli/libjli.so
7f92b9d8f000-7f92b9d90000 rw-p 0000e000 fc:01 2079045                    /usr/lib/jvm/java-8-openjdk-amd64/jre/lib/amd64/jli/libjli.so
7f92b9d90000-7f92b9db7000 r-xp 00000000 fc:01 2079                       /lib/x86_64-linux-gnu/ld-2.27.so
7f92b9db7000-7f92b9db8000 r--s 0000d000 fc:01 2079098                    /usr/lib/jvm/java-8-openjdk-amd64/jre/lib/ext/sunec.jar
7f92b9db8000-7f92b9dba000 r--s 00001000 fc:01 2079093                    /usr/lib/jvm/java-8-openjdk-amd64/jre/lib/ext/dnsns.jar
7f92b9dba000-7f92b9dbd000 r--s 0000f000 fc:01 2079094                    /usr/lib/jvm/java-8-openjdk-amd64/jre/lib/ext/icedtea-sound.jar
7f92b9dbd000-7f92b9dc7000 r--s 00116000 fc:01 2079096                    /usr/lib/jvm/java-8-openjdk-amd64/jre/lib/ext/localedata.jar
7f92b9dc7000-7f92b9dc8000 r--p 00000000 fc:01 7807                       /usr/lib/locale/C.UTF-8/LC_NUMERIC
7f92b9dc8000-7f92b9dc9000 r--p 00000000 fc:01 7810                       /usr/lib/locale/C.UTF-8/LC_TIME
7f92b9dc9000-7f92b9dca000 r--p 00000000 fc:01 7805                       /usr/lib/locale/C.UTF-8/LC_MONETARY
7f92b9dca000-7f92b9dcb000 r--p 00000000 fc:01 7799                       /usr/lib/locale/C.UTF-8/LC_MESSAGES/SYS_LC_MESSAGES
7f92b9dcb000-7f92b9dcc000 r--p 00000000 fc:01 7808                       /usr/lib/locale/C.UTF-8/LC_PAPER
7f92b9dcc000-7f92b9dcd000 r--p 00000000 fc:01 7806                       /usr/lib/locale/C.UTF-8/LC_NAME
7f92b9dcd000-7f92b9dce000 r--p 00000000 fc:01 7800                       /usr/lib/locale/C.UTF-8/LC_ADDRESS
7f92b9dce000-7f92b9dcf000 r--p 00000000 fc:01 7809                       /usr/lib/locale/C.UTF-8/LC_TELEPHONE
7f92b9dcf000-7f92b9dd0000 r--p 00000000 fc:01 7804                       /usr/lib/locale/C.UTF-8/LC_MEASUREMENT
7f92b9dd0000-7f92b9dd7000 r--s 00000000 fc:01 5010                       /usr/lib/x86_64-linux-gnu/gconv/gconv-modules.cache
7f92b9dd7000-7f92b9dd8000 r--p 00000000 fc:01 7803                       /usr/lib/locale/C.UTF-8/LC_IDENTIFICATION
7f92b9dd8000-7f92b9dde000 rw-p 00000000 00:00 0 
7f92b9dde000-7f92b9e2b000 ---p 00000000 00:00 0 
7f92b9e2b000-7f92b9e2e000 rw-p 00000000 00:00 0 
7f92b9e2e000-7f92b9e54000 ---p 00000000 00:00 0 
7f92b9e54000-7f92b9e5a000 rw-p 00000000 00:00 0 
7f92b9e5a000-7f92b9ea7000 ---p 00000000 00:00 0 
7f92b9ea7000-7f92b9ea8000 rw-p 00000000 00:00 0 
7f92b9ea8000-7f92b9ea9000 ---p 00000000 00:00 0 
7f92b9ea9000-7f92b9eac000 ---p 00000000 00:00 0 
7f92b9eac000-7f92b9fab000 rw-p 00000000 00:00 0 
7f92b9fab000-7f92b9fb3000 rw-s 00000000 fc:01 526933                     /tmp/hsperfdata_mpiuser/15541
7f92b9fb3000-7f92b9fb4000 rw-p 00000000 00:00 0 
7f92b9fb4000-7f92b9fb5000 r--p 00000000 00:00 0 
7f92b9fb5000-7f92b9fb7000 rw-p 00000000 00:00 0 
7f92b9fb7000-7f92b9fb8000 r--p 00027000 fc:01 2079                       /lib/x86_64-linux-gnu/ld-2.27.so
7f92b9fb8000-7f92b9fb9000 rw-p 00028000 fc:01 2079                       /lib/x86_64-linux-gnu/ld-2.27.so
7f92b9fb9000-7f92b9fba000 rw-p 00000000 00:00 0 
7ffc2fb0a000-7ffc2fb2b000 rw-p 00000000 00:00 0                          [stack]
7ffc2fbe9000-7ffc2fbec000 r--p 00000000 00:00 0                          [vvar]
7ffc2fbec000-7ffc2fbee000 r-xp 00000000 00:00 0                          [vdso]
ffffffffff600000-ffffffffff601000 r-xp 00000000 00:00 0                  [vsyscall]

VM Arguments:
jvm_args: -Djava.library.path=/usr/local/lib 
java_command: Client 1000000 100 0
java_class_path (initial): /home/mpiuser/cloud/fyp/java_client:./lib/spring-jcl-5.2.5.RELEASE.jar:./lib/jackson-databind-2.10.3.jar:./lib/jackson-databind-2.10.2.jar:./lib/slf4j-simple-1.7.30.jar:./lib/amqp-client-5.8.0.jar:./lib/spring-web-5.2.5.RELEASE.jar:./lib/jackson-annotations-2.10.3.jar:./lib/mpi.jar:./lib/spring-beans-5.2.5.RELEASE.jar:./lib/jackson-annotations-2.10.2.jar:./lib/jackson-core-2.10.2.jar:./lib/jackson-core-2.10.3.jar:./lib/slf4j-api-1.7.29.jar:./lib/spring-core-5.2.5.RELEASE.jar:./lib/slf4j-api-1.7.30.jar:./lib/http-client-3.6.1.RELEASE.jar:/usr/local/lib/mpi.jar
Launcher Type: SUN_STANDARD

Environment Variables:
PATH=/usr/local/sbin:/usr/local/bin:/usr/sbin:/usr/bin:/sbin:/bin:/usr/games:/usr/local/games
SHELL=/bin/bash

Signal Handlers:
SIGSEGV: [libjvm.so+0xabc3b0], sa_mask[0]=11111111011111111101111111111110, sa_flags=SA_RESTART|SA_SIGINFO
SIGBUS: [libjvm.so+0xabc3b0], sa_mask[0]=11111111011111111101111111111110, sa_flags=SA_RESTART|SA_SIGINFO
SIGFPE: [libjvm.so+0x8f0bb0], sa_mask[0]=11111111011111111101111111111110, sa_flags=SA_RESTART|SA_SIGINFO
SIGPIPE: [libjvm.so+0x8f0bb0], sa_mask[0]=11111111011111111101111111111110, sa_flags=SA_RESTART|SA_SIGINFO
SIGXFSZ: [libjvm.so+0x8f0bb0], sa_mask[0]=11111111011111111101111111111110, sa_flags=SA_RESTART|SA_SIGINFO
SIGILL: [libjvm.so+0x8f0bb0], sa_mask[0]=11111111011111111101111111111110, sa_flags=SA_RESTART|SA_SIGINFO
SIGUSR1: SIG_DFL, sa_mask[0]=00000000000000000000000000000000, sa_flags=none
SIGUSR2: [libjvm.so+0x8f0a60], sa_mask[0]=00000000000000000000000000000000, sa_flags=SA_RESTART|SA_SIGINFO
SIGHUP: [libjvm.so+0x8f10d0], sa_mask[0]=11111111011111111101111111111110, sa_flags=SA_RESTART|SA_SIGINFO
SIGINT: [libjvm.so+0x8f10d0], sa_mask[0]=11111111011111111101111111111110, sa_flags=SA_RESTART|SA_SIGINFO
SIGTERM: [libjvm.so+0x8f10d0], sa_mask[0]=11111111011111111101111111111110, sa_flags=SA_RESTART|SA_SIGINFO
SIGQUIT: [libjvm.so+0x8f10d0], sa_mask[0]=11111111011111111101111111111110, sa_flags=SA_RESTART|SA_SIGINFO


---------------  S Y S T E M  ---------------

OS:DISTRIB_ID=Ubuntu
DISTRIB_RELEASE=18.04
DISTRIB_CODENAME=bionic
DISTRIB_DESCRIPTION="Ubuntu 18.04.3 LTS"

uname:Linux 4.15.0-66-generic #75-Ubuntu SMP Tue Oct 1 05:24:09 UTC 2019 x86_64
libc:glibc 2.27 NPTL 2.27 
rlimit: STACK 8192k, CORE 0k, NPROC 3841, NOFILE 1048576, AS infinity
load average:96.10 24.16 8.09

/proc/meminfo:
MemTotal:        1008808 kB
MemFree:           51868 kB
MemAvailable:      16256 kB
Buffers:            2728 kB
Cached:            38676 kB
SwapCached:            0 kB
Active:           780080 kB
Inactive:          12948 kB
Active(anon):     753596 kB
Inactive(anon):      184 kB
Active(file):      26484 kB
Inactive(file):    12764 kB
Unevictable:           0 kB
Mlocked:               0 kB
SwapTotal:             0 kB
SwapFree:              0 kB
Dirty:              3180 kB
Writeback:            68 kB
AnonPages:        749272 kB
Mapped:            30208 kB
Shmem:               660 kB
Slab:              87868 kB
SReclaimable:      32216 kB
SUnreclaim:        55652 kB
KernelStack:       13568 kB
PageTables:        24716 kB
NFS_Unstable:          0 kB
Bounce:                0 kB
WritebackTmp:          0 kB
CommitLimit:      504404 kB
Committed_AS:    6130844 kB
VmallocTotal:   34359738367 kB
VmallocUsed:           0 kB
VmallocChunk:          0 kB
HardwareCorrupted:     0 kB
AnonHugePages:         0 kB
ShmemHugePages:        0 kB
ShmemPmdMapped:        0 kB
CmaTotal:              0 kB
CmaFree:               0 kB
HugePages_Total:       0
HugePages_Free:        0
HugePages_Rsvd:        0
HugePages_Surp:        0
Hugepagesize:       2048 kB
DirectMap4k:      292844 kB
DirectMap2M:      755712 kB
DirectMap1G:           0 kB

container (cgroup) information:
container_type: cgroupv1
cpu_cpuset_cpus: 0-2
cpu_memory_nodes: 0
active_processor_count: 3
cpu_quota: -1
cpu_period: 100000
cpu_shares: -1
memory_limit_in_bytes: -1
memory_and_swap_limit_in_bytes: -2
memory_soft_limit_in_bytes: -1
memory_usage_in_bytes: 665550848
memory_max_usage_in_bytes: 863526912


CPU:total 3 (initial active 3) (1 cores per cpu, 1 threads per core) family 6 model 85 stepping 4, cmov, cx8, fxsr, mmx, sse, sse2, sse3, ssse3, sse4.1, sse4.2, popcnt, avx, avx2, aes, clmul, erms, 3dnowpref, lzcnt, tsc, bmi1, bmi2, adx

/proc/cpuinfo:
processor	: 0
vendor_id	: GenuineIntel
cpu family	: 6
model		: 85
model name	: Intel(R) Xeon(R) Gold 6140 CPU @ 2.30GHz
stepping	: 4
microcode	: 0x1
cpu MHz		: 2294.608
cache size	: 4096 KB
physical id	: 0
siblings	: 1
core id		: 0
cpu cores	: 1
apicid		: 0
initial apicid	: 0
fpu		: yes
fpu_exception	: yes
cpuid level	: 13
wp		: yes
flags		: fpu vme de pse tsc msr pae mce cx8 apic sep mtrr pge mca cmov pat pse36 clflush mmx fxsr sse sse2 ss syscall nx pdpe1gb rdtscp lm constant_tsc arch_perfmon rep_good nopl cpuid tsc_known_freq pni pclmulqdq vmx ssse3 fma cx16 pcid sse4_1 sse4_2 x2apic movbe popcnt tsc_deadline_timer aes xsave avx f16c rdrand hypervisor lahf_lm abm 3dnowprefetch cpuid_fault invpcid_single pti ssbd ibrs ibpb tpr_shadow vnmi flexpriority ept vpid fsgsbase tsc_adjust bmi1 avx2 smep bmi2 erms invpcid mpx avx512f avx512dq rdseed adx smap clflushopt clwb avx512cd avx512bw avx512vl xsaveopt xsavec xgetbv1 pku ospke md_clear
bugs		: cpu_meltdown spectre_v1 spectre_v2 spec_store_bypass l1tf mds swapgs
bogomips	: 4589.21
clflush size	: 64
cache_alignment	: 64
address sizes	: 40 bits physical, 48 bits virtual
power management:

processor	: 1
vendor_id	: GenuineIntel
cpu family	: 6
model		: 85
model name	: Intel(R) Xeon(R) Gold 6140 CPU @ 2.30GHz
stepping	: 4
microcode	: 0x1
cpu MHz		: 2294.608
cache size	: 4096 KB
physical id	: 1
siblings	: 1
core id		: 0
cpu cores	: 1
apicid		: 1
initial apicid	: 1
fpu		: yes
fpu_exception	: yes
cpuid level	: 13
wp		: yes
flags		: fpu vme de pse tsc msr pae mce cx8 apic sep mtrr pge mca cmov pat pse36 clflush mmx fxsr sse sse2 ss syscall nx pdpe1gb rdtscp lm constant_tsc arch_perfmon rep_good nopl cpuid tsc_known_freq pni pclmulqdq vmx ssse3 fma cx16 pcid sse4_1 sse4_2 x2apic movbe popcnt tsc_deadline_timer aes xsave avx f16c rdrand hypervisor lahf_lm abm 3dnowprefetch cpuid_fault invpcid_single pti ssbd ibrs ibpb tpr_shadow vnmi flexpriority ept vpid fsgsbase tsc_adjust bmi1 avx2 smep bmi2 erms invpcid mpx avx512f avx512dq rdseed adx smap clflushopt clwb avx512cd avx512bw avx512vl xsaveopt xsavec xgetbv1 pku ospke md_clear
bugs		: cpu_meltdown spectre_v1 spectre_v2 spec_store_bypass l1tf mds swapgs
bogomips	: 4589.21
clflush size	: 64
cache_alignment	: 64
address sizes	: 40 bits physical, 48 bits virtual
power management:

processor	: 2
vendor_id	: GenuineIntel
cpu family	: 6
model		: 85
model name	: Intel(R) Xeon(R) Gold 6140 CPU @ 2.30GHz
stepping	: 4
microcode	: 0x1
cpu MHz		: 2294.608
cache size	: 4096 KB
physical id	: 2
siblings	: 1
core id		: 0
cpu cores	: 1
apicid		: 2
initial apicid	: 2
fpu		: yes
fpu_exception	: yes
cpuid level	: 13
wp		: yes
flags		: fpu vme de pse tsc msr pae mce cx8 apic sep mtrr pge mca cmov pat pse36 clflush mmx fxsr sse sse2 ss syscall nx pdpe1gb rdtscp lm constant_tsc arch_perfmon rep_good nopl cpuid tsc_known_freq pni pclmulqdq vmx ssse3 fma cx16 pcid sse4_1 sse4_2 x2apic movbe popcnt tsc_deadline_timer aes xsave avx f16c rdrand hypervisor lahf_lm abm 3dnowprefetch cpuid_fault invpcid_single pti ssbd ibrs ibpb tpr_shadow vnmi flexpriority ept vpid fsgsbase tsc_adjust bmi1 avx2 smep bmi2 erms invpcid mpx avx512f avx512dq rdseed adx smap clflushopt clwb avx512cd avx512bw avx512vl xsaveopt xsavec xgetbv1 pku ospke md_clear
bugs		: cpu_meltdown spectre_v1 spectre_v2 spec_store_bypass l1tf mds swapgs
bogomips	: 4589.21
clflush size	: 64
cache_alignment	: 64
address sizes	: 40 bits physical, 48 bits virtual
power management:



Memory: 4k page, physical 1008808k(183440k free), swap 0k(0k free)

vm_info: OpenJDK 64-Bit Server VM (25.242-b08) for linux-amd64 JRE (1.8.0_242-8u242-b08-0ubuntu3~18.04-b08), built on Jan 17 2020 23:41:21 by "buildd" with gcc 7.4.0

time: Mon Apr  6 11:40:27 2020
timezone: UTC
elapsed time: 37 seconds (0d 0h 0m 37s)

