#
# A fatal error has been detected by the Java Runtime Environment:
#
#  SIGSEGV (0xb) at pc=0x00007fd884dfb17c, pid=5083, tid=0x00007fd8c42ce700
#
# JRE version: OpenJDK Runtime Environment (8.0_242-b08) (build 1.8.0_242-8u242-b08-0ubuntu3~18.04-b08)
# Java VM: OpenJDK 64-Bit Server VM (25.242-b08 mixed mode linux-amd64 compressed oops)
# Problematic frame:
# C  [mca_gds_ds21.so+0x217c]  pmix_gds_ds21_lock_init+0x13c
#
# Failed to write core dump. Core dumps have been disabled. To enable core dumping, try "ulimit -c unlimited" before starting Java again
#
# If you would like to submit a bug report, please visit:
#   http://bugreport.java.com/bugreport/crash.jsp
# The crash happened outside the Java Virtual Machine in native code.
# See problematic frame for where to report the bug.
#

---------------  T H R E A D  ---------------

Current thread (0x00007fd8bc00b800):  JavaThread "main" [_thread_in_native, id=5091, stack(0x00007fd8c41cf000,0x00007fd8c42cf000)]

siginfo: si_signo: 11 (SIGSEGV), si_code: 1 (SEGV_MAPERR), si_addr: 0x00007fd8ac058008

Registers:
RAX=0x00007fd8bc26d640, RBX=0x00007fd8bc26d5b0, RCX=0x00007fd88522019e, RDX=0x00007fff26e40cba
RSP=0x00007fd8c42cc6a0, RBP=0x00007fd8bc26d560, RSI=0x0000000000085000, RDI=0x0000000000000000
R8 =0x000000000000001e, R9 =0x0000000000000000, R10=0x0000000000000001, R11=0x0000000000000000
R12=0x00007fd8ac058000, R13=0x00007fd8bc26d1b8, R14=0x0000000000001000, R15=0x00007fd884ffd240
RIP=0x00007fd884dfb17c, EFLAGS=0x0000000000010202, CSGSFS=0x002b000000000033, ERR=0x0000000000000004
  TRAPNO=0x000000000000000e

Top of Stack: (sp=0x00007fd8c42cc6a0)
0x00007fd8c42cc6a0:   00007fd8bc26d230 00007fd8bc26d510
0x00007fd8c42cc6b0:   00007fff26e40cba 0000000000085000
0x00007fd8c42cc6c0:   0000000000001000 00000000000003e8
0x00007fd8c42cc6d0:   00007fd8bc26d5b8 00007fd8c3b4d2ed
0x00007fd8c42cc6e0:   00007fd8bc26d200 414b89b57b6a2800
0x00007fd8c42cc6f0:   0000000000000000 00007fd8bc26cee0
0x00007fd8c42cc700:   0000000000000000 00007fff26e40cba
0x00007fd8c42cc710:   0000000000000000 00007fd8bc26d190
0x00007fd8c42cc720:   00007fd8bc26d150 00007fd88521acd9
0x00007fd8c42cc730:   00007fd884dfbcdb 00007fd8c42cc7c0
0x00007fd8c42cc740:   00007fd8863ad8d3 0000001500000040
0x00007fd8c42cc750:   00007fd8bc268830 414b89b57b6a2800
0x00007fd8c42cc760:   00007fd8865d30a0 00007fd8bc268340
0x00007fd8c42cc770:   00007fd8865d6fd0 00007fd884ffd2d4
0x00007fd8c42cc780:   00007fd8865d30a0 00007fd884ffd180
0x00007fd8c42cc790:   00007fd8bc26ce90 00007fd884dfaf04
0x00007fd8c42cc7a0:   00007fd8865d6fd0 00007fd8863951a6
0x00007fd8c42cc7b0:   00007fd8865d3100 00007fd8865d6fc0
0x00007fd8c42cc7c0:   00007fd8c42cc7e4 00007fd8c42cc7e8
0x00007fd8c42cc7d0:   0000000000000000 0000000000000000
0x00007fd8c42cc7e0:   0000001e865d2520 00007fd884ffd180
0x00007fd8c42cc7f0:   0000000000000000 414b89b57b6a2800
0x00007fd8c42cc800:   00007fd8865d30a0 0000000000000000
0x00007fd8c42cc810:   0000000000000000 00007fd8bc1f77f0
0x00007fd8c42cc820:   00007fd8865d2520 00007fd8862ff760
0x00007fd8c42cc830:   0000000000000000 00007fd8863485a9
0x00007fd8c42cc840:   00007fd8bc2204a0 00007fd8865d27d8
0x00007fd8c42cc850:   2d69706d6e65706f 000072657473616d
0x00007fd8c42cc860:   0000000003741ab1 00007fd88628bf86
0x00007fd8c42cc870:   00007fd886288118 00007fd886283afc
0x00007fd8c42cc880:   00007fd88628b67a 0000000100000000
0x00007fd8c42cc890:   00007fd8c42cc990 414b89b57b6a2800 

Instructions: (pc=0x00007fd884dfb17c)
0x00007fd884dfb15c:   ff ff 48 85 c0 48 89 43 30 0f 84 b3 01 00 00 4c
0x00007fd884dfb16c:   8b 60 18 49 8b 34 24 49 39 f6 0f 82 e4 02 00 00
0x00007fd884dfb17c:   41 8b 44 24 08 4c 89 e2 31 c9 48 8d 7c 24 40 be
0x00007fd884dfb18c:   01 00 00 00 89 43 40 49 03 54 24 18 85 c0 48 89 

Register to memory mapping:

RAX=0x00007fd8bc26d640 is an unknown value
RBX=0x00007fd8bc26d5b0 is an unknown value
RCX=0x00007fd88522019e: pmix_common_dstor_attach_new_lock_seg+0x1e in /usr/local/lib/libmca_common_dstore.so.1 at 0x00007fd885210000
RDX=0x00007fff26e40cba is an unknown value
RSP=0x00007fd8c42cc6a0 is pointing into the stack for thread: 0x00007fd8bc00b800
RBP=0x00007fd8bc26d560 is an unknown value
RSI=0x0000000000085000 is an unknown value
RDI=0x0000000000000000 is an unknown value
R8 =0x000000000000001e is an unknown value
R9 =0x0000000000000000 is an unknown value
R10=0x0000000000000001 is an unknown value
R11=0x0000000000000000 is an unknown value
R12=0x00007fd8ac058000 is an unknown value
R13=0x00007fd8bc26d1b8 is an unknown value
R14=0x0000000000001000 is an unknown value
R15=0x00007fd884ffd240: lock_item_t_class+0 in /usr/local/lib/pmix/mca_gds_ds21.so at 0x00007fd884df9000


Stack: [0x00007fd8c41cf000,0x00007fd8c42cf000],  sp=0x00007fd8c42cc6a0,  free space=1013k
Native frames: (J=compiled Java code, j=interpreted, Vv=VM code, C=native code)
C  [mca_gds_ds21.so+0x217c]  pmix_gds_ds21_lock_init+0x13c

Java frames: (J=compiled Java code, j=interpreted, Vv=VM code)
j  mpi.MPI.Init_jni([Ljava/lang/String;)[Ljava/lang/String;+0
j  mpi.MPI.Init([Ljava/lang/String;)[Ljava/lang/String;+17
j  Client.main([Ljava/lang/String;)V+1
v  ~StubRoutines::call_stub

---------------  P R O C E S S  ---------------

Java Threads: ( => current thread )
  0x00007fd8bc0c9800 JavaThread "Service Thread" daemon [_thread_blocked, id=5217, stack(0x00007fd8ac1ef000,0x00007fd8ac2f0000)]
  0x00007fd8bc0b4800 JavaThread "C1 CompilerThread1" daemon [_thread_blocked, id=5213, stack(0x00007fd8ac2f1000,0x00007fd8ac3f1000)]
  0x00007fd8bc0b2000 JavaThread "C2 CompilerThread0" daemon [_thread_blocked, id=5200, stack(0x00007fd8ac3f2000,0x00007fd8ac4f2000)]
  0x00007fd8bc0b0800 JavaThread "Signal Dispatcher" daemon [_thread_blocked, id=5189, stack(0x00007fd8c000a000,0x00007fd8c010b000)]
  0x00007fd8bc07e000 JavaThread "Finalizer" daemon [_thread_blocked, id=5118, stack(0x00007fd8c013c000,0x00007fd8c023d000)]
  0x00007fd8bc079800 JavaThread "Reference Handler" daemon [_thread_blocked, id=5114, stack(0x00007fd8c023d000,0x00007fd8c033e000)]
=>0x00007fd8bc00b800 JavaThread "main" [_thread_in_native, id=5091, stack(0x00007fd8c41cf000,0x00007fd8c42cf000)]

Other Threads:
  0x00007fd8bc06f800 VMThread [stack: 0x00007fd8c033f000,0x00007fd8c043f000] [id=5101]
  0x00007fd8bc0cc800 WatcherThread [stack: 0x00007fd8ac0ef000,0x00007fd8ac1ef000] [id=5236]

VM state:not at safepoint (normal execution)

VM Mutex/Monitor currently owned by a thread: None

heap address: 0x00000000f0800000, size: 248 MB, Compressed Oops mode: 32-bit
Narrow klass base: 0x0000000000000000, Narrow klass shift: 3
Compressed class space size: 1073741824 Address: 0x0000000100000000

Heap:
 def new generation   total 4928K, used 1441K [0x00000000f0800000, 0x00000000f0d50000, 0x00000000f5aa0000)
  eden space 4416K,  32% used [0x00000000f0800000, 0x00000000f0968610, 0x00000000f0c50000)
  from space 512K,   0% used [0x00000000f0c50000, 0x00000000f0c50000, 0x00000000f0cd0000)
  to   space 512K,   0% used [0x00000000f0cd0000, 0x00000000f0cd0000, 0x00000000f0d50000)
 tenured generation   total 10944K, used 0K [0x00000000f5aa0000, 0x00000000f6550000, 0x0000000100000000)
   the space 10944K,   0% used [0x00000000f5aa0000, 0x00000000f5aa0000, 0x00000000f5aa0200, 0x00000000f6550000)
 Metaspace       used 3129K, capacity 4792K, committed 5120K, reserved 1056768K
  class space    used 313K, capacity 424K, committed 512K, reserved 1048576K

Card table byte_map: [0x00007fd8c4151000,0x00007fd8c41ce000] byte_map_base: 0x00007fd8c39cd000

Polling page: 0x00007fd8c42da000

CodeCache: size=245760Kb used=1278Kb max_used=1278Kb free=244481Kb
 bounds [0x00007fd8ad000000, 0x00007fd8ad270000, 0x00007fd8bc000000]
 total_blobs=384 nmethods=79 adapters=220
 compilation: enabled

Compilation events (10 events):
Event: 1.244 Thread 0x00007fd8bc0b4800   73       3       java.lang.String::startsWith (7 bytes)
Event: 1.244 Thread 0x00007fd8bc0b4800 nmethod 73 0x00007fd8ad131510 code [0x00007fd8ad131680, 0x00007fd8ad131888]
Event: 1.244 Thread 0x00007fd8bc0b4800   74  s!   3       sun.misc.URLClassPath::getLoader (243 bytes)
Event: 1.246 Thread 0x00007fd8bc0b4800 nmethod 74 0x00007fd8ad131910 code [0x00007fd8ad131d40, 0x00007fd8ad134908]
Event: 1.246 Thread 0x00007fd8bc0b4800   75       3       java.util.zip.ZStreamRef::address (5 bytes)
Event: 1.246 Thread 0x00007fd8bc0b4800 nmethod 75 0x00007fd8ad136410 code [0x00007fd8ad136560, 0x00007fd8ad1366b0]
Event: 1.262 Thread 0x00007fd8bc0b4800   77   !   3       java.util.zip.ZipFile::getEntry (101 bytes)
Event: 1.262 Thread 0x00007fd8bc0b4800 nmethod 77 0x00007fd8ad136a90 code [0x00007fd8ad136c60, 0x00007fd8ad1372d8]
Event: 1.408 Thread 0x00007fd8bc0b4800   78       3       java.util.concurrent.ConcurrentHashMap::setTabAt (19 bytes)
Event: 1.408 Thread 0x00007fd8bc0b4800 nmethod 78 0x00007fd8ad13f450 code [0x00007fd8ad13f5a0, 0x00007fd8ad13f710]

GC Heap History (0 events):
No events

Deoptimization events (0 events):
No events

Classes redefined (0 events):
No events

Internal exceptions (5 events):
Event: 0.058 Thread 0x00007fd8bc00b800 Exception <a 'java/lang/NoSuchMethodError': Method sun.misc.Unsafe.defineClass(Ljava/lang/String;[BII)Ljava/lang/Class; name or signature does not match> (0x00000000f0807cc8) thrown at [/build/openjdk-8-58sEEn/openjdk-8-8u242-b08/src/hotspot/src/share/vm/
Event: 0.058 Thread 0x00007fd8bc00b800 Exception <a 'java/lang/NoSuchMethodError': Method sun.misc.Unsafe.prefetchRead(Ljava/lang/Object;J)V name or signature does not match> (0x00000000f0807fb0) thrown at [/build/openjdk-8-58sEEn/openjdk-8-8u242-b08/src/hotspot/src/share/vm/prims/jni.cpp, lin
Event: 0.398 Thread 0x00007fd8bc00b800 Exception <a 'java/util/zip/ZipException'> (0x00000000f085dec8) thrown at [/build/openjdk-8-58sEEn/openjdk-8-8u242-b08/src/hotspot/src/share/vm/prims/jni.cpp, line 710]
Event: 0.398 Thread 0x00007fd8bc00b800 Exception <a 'java/security/PrivilegedActionException'> (0x00000000f085e168) thrown at [/build/openjdk-8-58sEEn/openjdk-8-8u242-b08/src/hotspot/src/share/vm/prims/jvm.cpp, line 1502]
Event: 0.398 Thread 0x00007fd8bc00b800 Exception <a 'java/security/PrivilegedActionException'> (0x00000000f085e378) thrown at [/build/openjdk-8-58sEEn/openjdk-8-8u242-b08/src/hotspot/src/share/vm/prims/jvm.cpp, line 1502]

Events (10 events):
Event: 1.200 loading class mpi/Constant
Event: 1.200 loading class mpi/Constant done
Event: 1.201 loading class mpi/Errhandler
Event: 1.201 loading class mpi/Errhandler done
Event: 1.201 loading class mpi/Intracomm
Event: 1.201 loading class mpi/Intracomm done
Event: 1.262 loading class mpi/Comm
Event: 1.262 loading class mpi/Comm done
Event: 1.408 loading class mpi/Version
Event: 1.408 loading class mpi/Version done


Dynamic libraries:
f0800000-f0d50000 rw-p 00000000 00:00 0 
f0d50000-f5aa0000 ---p 00000000 00:00 0 
f5aa0000-f6550000 rw-p 00000000 00:00 0 
f6550000-100000000 ---p 00000000 00:00 0 
100000000-100080000 rw-p 00000000 00:00 0 
100080000-140000000 ---p 00000000 00:00 0 
55c744e67000-55c744e68000 r-xp 00000000 fc:01 1302575                    /usr/lib/jvm/java-8-openjdk-amd64/jre/bin/java
55c745067000-55c745068000 r--p 00000000 fc:01 1302575                    /usr/lib/jvm/java-8-openjdk-amd64/jre/bin/java
55c745068000-55c745069000 rw-p 00001000 fc:01 1302575                    /usr/lib/jvm/java-8-openjdk-amd64/jre/bin/java
55c746331000-55c746352000 rw-p 00000000 00:00 0                          [heap]
7fd880000000-7fd880021000 rw-p 00000000 00:00 0 
7fd880021000-7fd884000000 ---p 00000000 00:00 0 
7fd884bf6000-7fd884bf8000 r-xp 00000000 fc:01 782288                     /usr/local/lib/pmix/mca_pshmem_mmap.so
7fd884bf8000-7fd884df7000 ---p 00002000 fc:01 782288                     /usr/local/lib/pmix/mca_pshmem_mmap.so
7fd884df7000-7fd884df8000 r--p 00001000 fc:01 782288                     /usr/local/lib/pmix/mca_pshmem_mmap.so
7fd884df8000-7fd884df9000 rw-p 00002000 fc:01 782288                     /usr/local/lib/pmix/mca_pshmem_mmap.so
7fd884df9000-7fd884dfd000 r-xp 00000000 fc:01 782262                     /usr/local/lib/pmix/mca_gds_ds21.so
7fd884dfd000-7fd884ffc000 ---p 00004000 fc:01 782262                     /usr/local/lib/pmix/mca_gds_ds21.so
7fd884ffc000-7fd884ffd000 r--p 00003000 fc:01 782262                     /usr/local/lib/pmix/mca_gds_ds21.so
7fd884ffd000-7fd884ffe000 rw-p 00004000 fc:01 782262                     /usr/local/lib/pmix/mca_gds_ds21.so
7fd884ffe000-7fd88500e000 r-xp 00000000 fc:01 782264                     /usr/local/lib/pmix/mca_gds_hash.so
7fd88500e000-7fd88520e000 ---p 00010000 fc:01 782264                     /usr/local/lib/pmix/mca_gds_hash.so
7fd88520e000-7fd88520f000 r--p 00010000 fc:01 782264                     /usr/local/lib/pmix/mca_gds_hash.so
7fd88520f000-7fd885210000 rw-p 00011000 fc:01 782264                     /usr/local/lib/pmix/mca_gds_hash.so
7fd885210000-7fd885222000 r-xp 00000000 fc:01 29681                      /usr/local/lib/libmca_common_dstore.so.1.0.0
7fd885222000-7fd885421000 ---p 00012000 fc:01 29681                      /usr/local/lib/libmca_common_dstore.so.1.0.0
7fd885421000-7fd885422000 r--p 00011000 fc:01 29681                      /usr/local/lib/libmca_common_dstore.so.1.0.0
7fd885422000-7fd885423000 rw-p 00012000 fc:01 29681                      /usr/local/lib/libmca_common_dstore.so.1.0.0
7fd885423000-7fd885427000 r-xp 00000000 fc:01 782260                     /usr/local/lib/pmix/mca_gds_ds12.so
7fd885427000-7fd885626000 ---p 00004000 fc:01 782260                     /usr/local/lib/pmix/mca_gds_ds12.so
7fd885626000-7fd885627000 r--p 00003000 fc:01 782260                     /usr/local/lib/pmix/mca_gds_ds12.so
7fd885627000-7fd885628000 rw-p 00004000 fc:01 782260                     /usr/local/lib/pmix/mca_gds_ds12.so
7fd885628000-7fd885630000 r-xp 00000000 fc:01 782292                     /usr/local/lib/pmix/mca_ptl_usock.so
7fd885630000-7fd88582f000 ---p 00008000 fc:01 782292                     /usr/local/lib/pmix/mca_ptl_usock.so
7fd88582f000-7fd885830000 r--p 00007000 fc:01 782292                     /usr/local/lib/pmix/mca_ptl_usock.so
7fd885830000-7fd885831000 rw-p 00008000 fc:01 782292                     /usr/local/lib/pmix/mca_ptl_usock.so
7fd885831000-7fd885843000 r-xp 00000000 fc:01 782290                     /usr/local/lib/pmix/mca_ptl_tcp.so
7fd885843000-7fd885a42000 ---p 00012000 fc:01 782290                     /usr/local/lib/pmix/mca_ptl_tcp.so
7fd885a42000-7fd885a43000 r--p 00011000 fc:01 782290                     /usr/local/lib/pmix/mca_ptl_tcp.so
7fd885a43000-7fd885a44000 rw-p 00012000 fc:01 782290                     /usr/local/lib/pmix/mca_ptl_tcp.so
7fd885a44000-7fd885a56000 r-xp 00000000 fc:01 782252                     /usr/local/lib/pmix/mca_bfrops_v12.so
7fd885a56000-7fd885c55000 ---p 00012000 fc:01 782252                     /usr/local/lib/pmix/mca_bfrops_v12.so
7fd885c55000-7fd885c56000 r--p 00011000 fc:01 782252                     /usr/local/lib/pmix/mca_bfrops_v12.so
7fd885c56000-7fd885c57000 rw-p 00012000 fc:01 782252                     /usr/local/lib/pmix/mca_bfrops_v12.so
7fd885c57000-7fd885c70000 r-xp 00000000 fc:01 782254                     /usr/local/lib/pmix/mca_bfrops_v20.so
7fd885c70000-7fd885e6f000 ---p 00019000 fc:01 782254                     /usr/local/lib/pmix/mca_bfrops_v20.so
7fd885e6f000-7fd885e70000 r--p 00018000 fc:01 782254                     /usr/local/lib/pmix/mca_bfrops_v20.so
7fd885e70000-7fd885e71000 rw-p 00019000 fc:01 782254                     /usr/local/lib/pmix/mca_bfrops_v20.so
7fd885e71000-7fd885e79000 r-xp 00000000 fc:01 782258                     /usr/local/lib/pmix/mca_bfrops_v3.so
7fd885e79000-7fd886078000 ---p 00008000 fc:01 782258                     /usr/local/lib/pmix/mca_bfrops_v3.so
7fd886078000-7fd886079000 r--p 00007000 fc:01 782258                     /usr/local/lib/pmix/mca_bfrops_v3.so
7fd886079000-7fd88607a000 rw-p 00008000 fc:01 782258                     /usr/local/lib/pmix/mca_bfrops_v3.so
7fd88607a000-7fd886081000 r-xp 00000000 fc:01 782256                     /usr/local/lib/pmix/mca_bfrops_v21.so
7fd886081000-7fd886281000 ---p 00007000 fc:01 782256                     /usr/local/lib/pmix/mca_bfrops_v21.so
7fd886281000-7fd886282000 r--p 00007000 fc:01 782256                     /usr/local/lib/pmix/mca_bfrops_v21.so
7fd886282000-7fd886283000 rw-p 00008000 fc:01 782256                     /usr/local/lib/pmix/mca_bfrops_v21.so
7fd886283000-7fd8863cf000 r-xp 00000000 fc:01 782295                     /usr/local/lib/openmpi/mca_pmix_pmix3x.so
7fd8863cf000-7fd8865cf000 ---p 0014c000 fc:01 782295                     /usr/local/lib/openmpi/mca_pmix_pmix3x.so
7fd8865cf000-7fd8865d0000 r--p 0014c000 fc:01 782295                     /usr/local/lib/openmpi/mca_pmix_pmix3x.so
7fd8865d0000-7fd8865d5000 rw-p 0014d000 fc:01 782295                     /usr/local/lib/openmpi/mca_pmix_pmix3x.so
7fd8865d5000-7fd8865d8000 rw-p 00000000 00:00 0 
7fd8865db000-7fd8865dd000 r-xp 00000000 fc:01 782278                     /usr/local/lib/pmix/mca_psec_native.so
7fd8865dd000-7fd8867dc000 ---p 00002000 fc:01 782278                     /usr/local/lib/pmix/mca_psec_native.so
7fd8867dc000-7fd8867dd000 r--p 00001000 fc:01 782278                     /usr/local/lib/pmix/mca_psec_native.so
7fd8867dd000-7fd8867de000 rw-p 00002000 fc:01 782278                     /usr/local/lib/pmix/mca_psec_native.so
7fd8867de000-7fd8867df000 ---p 00000000 00:00 0 
7fd8867df000-7fd886fdf000 rw-p 00000000 00:00 0 
7fd886fdf000-7fd886fe3000 r-xp 00000000 fc:01 782352                     /usr/local/lib/openmpi/mca_ess_pmi.so
7fd886fe3000-7fd8871e2000 ---p 00004000 fc:01 782352                     /usr/local/lib/openmpi/mca_ess_pmi.so
7fd8871e2000-7fd8871e3000 r--p 00003000 fc:01 782352                     /usr/local/lib/openmpi/mca_ess_pmi.so
7fd8871e3000-7fd8871e4000 rw-p 00004000 fc:01 782352                     /usr/local/lib/openmpi/mca_ess_pmi.so
7fd8871e4000-7fd8871e5000 r-xp 00000000 fc:01 782435                     /usr/local/lib/openmpi/mca_schizo_orte.so
7fd8871e5000-7fd8873e4000 ---p 00001000 fc:01 782435                     /usr/local/lib/openmpi/mca_schizo_orte.so
7fd8873e4000-7fd8873e5000 r--p 00000000 fc:01 782435                     /usr/local/lib/openmpi/mca_schizo_orte.so
7fd8873e5000-7fd8873e6000 rw-p 00001000 fc:01 782435                     /usr/local/lib/openmpi/mca_schizo_orte.so
7fd8873e6000-7fd8873e8000 r-xp 00000000 fc:01 782437                     /usr/local/lib/openmpi/mca_schizo_slurm.so
7fd8873e8000-7fd8875e7000 ---p 00002000 fc:01 782437                     /usr/local/lib/openmpi/mca_schizo_slurm.so
7fd8875e7000-7fd8875e8000 r--p 00001000 fc:01 782437                     /usr/local/lib/openmpi/mca_schizo_slurm.so
7fd8875e8000-7fd8875e9000 rw-p 00002000 fc:01 782437                     /usr/local/lib/openmpi/mca_schizo_slurm.so
7fd8875e9000-7fd8875f1000 r-xp 00000000 fc:01 782433                     /usr/local/lib/openmpi/mca_schizo_ompi.so
7fd8875f1000-7fd8877f0000 ---p 00008000 fc:01 782433                     /usr/local/lib/openmpi/mca_schizo_ompi.so
7fd8877f0000-7fd8877f1000 r--p 00007000 fc:01 782433                     /usr/local/lib/openmpi/mca_schizo_ompi.so
7fd8877f1000-7fd8877f3000 rw-p 00008000 fc:01 782433                     /usr/local/lib/openmpi/mca_schizo_ompi.so
7fd8877f3000-7fd8877f4000 r-xp 00000000 fc:01 782431                     /usr/local/lib/openmpi/mca_schizo_flux.so
7fd8877f4000-7fd8879f4000 ---p 00001000 fc:01 782431                     /usr/local/lib/openmpi/mca_schizo_flux.so
7fd8879f4000-7fd8879f5000 r--p 00001000 fc:01 782431                     /usr/local/lib/openmpi/mca_schizo_flux.so
7fd8879f5000-7fd8879f6000 rw-p 00002000 fc:01 782431                     /usr/local/lib/openmpi/mca_schizo_flux.so
7fd8879f6000-7fd8879f8000 r-xp 00000000 fc:01 782301                     /usr/local/lib/openmpi/mca_reachable_weighted.so
7fd8879f8000-7fd887bf7000 ---p 00002000 fc:01 782301                     /usr/local/lib/openmpi/mca_reachable_weighted.so
7fd887bf7000-7fd887bf8000 r--p 00001000 fc:01 782301                     /usr/local/lib/openmpi/mca_reachable_weighted.so
7fd887bf8000-7fd887bf9000 rw-p 00002000 fc:01 782301                     /usr/local/lib/openmpi/mca_reachable_weighted.so
7fd887bf9000-7fd887bfc000 r-xp 00000000 fc:01 782304                     /usr/local/lib/openmpi/mca_shmem_mmap.so
7fd887bfc000-7fd887dfb000 ---p 00003000 fc:01 782304                     /usr/local/lib/openmpi/mca_shmem_mmap.so
7fd887dfb000-7fd887dfc000 r--p 00002000 fc:01 782304                     /usr/local/lib/openmpi/mca_shmem_mmap.so
7fd887dfc000-7fd887dfd000 rw-p 00003000 fc:01 782304                     /usr/local/lib/openmpi/mca_shmem_mmap.so
7fd887dfd000-7fd887dff000 r-xp 00000000 fc:01 2182                       /lib/x86_64-linux-gnu/libutil-2.27.so
7fd887dff000-7fd887ffe000 ---p 00002000 fc:01 2182                       /lib/x86_64-linux-gnu/libutil-2.27.so
7fd887ffe000-7fd887fff000 r--p 00001000 fc:01 2182                       /lib/x86_64-linux-gnu/libutil-2.27.so
7fd887fff000-7fd888000000 rw-p 00002000 fc:01 2182                       /lib/x86_64-linux-gnu/libutil-2.27.so
7fd888000000-7fd888021000 rw-p 00000000 00:00 0 
7fd888021000-7fd88c000000 ---p 00000000 00:00 0 
7fd88c03c000-7fd88c0c1000 rw-s 00000000 fc:01 1039764                    /tmp/ompi.openmpi-master.1000/pid.5069/pmix_dstor_ds21_5069/smlockseg-542244865
7fd88c0c1000-7fd88c176000 r-xp 00000000 fc:01 29711                      /usr/local/lib/libopen-rte.so.40.20.1
7fd88c176000-7fd88c375000 ---p 000b5000 fc:01 29711                      /usr/local/lib/libopen-rte.so.40.20.1
7fd88c375000-7fd88c377000 r--p 000b4000 fc:01 29711                      /usr/local/lib/libopen-rte.so.40.20.1
7fd88c377000-7fd88c37b000 rw-p 000b6000 fc:01 29711                      /usr/local/lib/libopen-rte.so.40.20.1
7fd88c37b000-7fd88c37e000 rw-p 00000000 00:00 0 
7fd88c37e000-7fd88c481000 r-xp 00000000 fc:01 13011                      /usr/local/lib/libopen-pal.so.40.20.1
7fd88c481000-7fd88c681000 ---p 00103000 fc:01 13011                      /usr/local/lib/libopen-pal.so.40.20.1
7fd88c681000-7fd88c684000 r--p 00103000 fc:01 13011                      /usr/local/lib/libopen-pal.so.40.20.1
7fd88c684000-7fd88c68a000 rw-p 00106000 fc:01 13011                      /usr/local/lib/libopen-pal.so.40.20.1
7fd88c68a000-7fd88c691000 rw-p 00000000 00:00 0 
7fd88c691000-7fd88c787000 r-xp 00000000 fc:01 29875                      /usr/local/lib/libmpi.so.40.20.1
7fd88c787000-7fd88c986000 ---p 000f6000 fc:01 29875                      /usr/local/lib/libmpi.so.40.20.1
7fd88c986000-7fd88c988000 r--p 000f5000 fc:01 29875                      /usr/local/lib/libmpi.so.40.20.1
7fd88c988000-7fd88c999000 rw-p 000f7000 fc:01 29875                      /usr/local/lib/libmpi.so.40.20.1
7fd88c999000-7fd88c9ab000 rw-p 00000000 00:00 0 
7fd88c9ab000-7fd88c9d3000 r-xp 00000000 fc:01 71469                      /usr/local/lib/libmpi_java.so.40.20.0
7fd88c9d3000-7fd88cbd2000 ---p 00028000 fc:01 71469                      /usr/local/lib/libmpi_java.so.40.20.0
7fd88cbd2000-7fd88cbd3000 r--p 00027000 fc:01 71469                      /usr/local/lib/libmpi_java.so.40.20.0
7fd88cbd3000-7fd88cbd4000 rw-p 00028000 fc:01 71469                      /usr/local/lib/libmpi_java.so.40.20.0
7fd88cbd4000-7fd88fbd5000 rw-p 00000000 00:00 0 
7fd88fbd5000-7fd88fbec000 r-xp 00000000 fc:01 1302611                    /usr/lib/jvm/java-8-openjdk-amd64/jre/lib/amd64/libnet.so
7fd88fbec000-7fd88fdeb000 ---p 00017000 fc:01 1302611                    /usr/lib/jvm/java-8-openjdk-amd64/jre/lib/amd64/libnet.so
7fd88fdeb000-7fd88fdec000 r--p 00016000 fc:01 1302611                    /usr/lib/jvm/java-8-openjdk-amd64/jre/lib/amd64/libnet.so
7fd88fdec000-7fd88fded000 rw-p 00017000 fc:01 1302611                    /usr/lib/jvm/java-8-openjdk-amd64/jre/lib/amd64/libnet.so
7fd88fded000-7fd88fdfe000 r-xp 00000000 fc:01 1302612                    /usr/lib/jvm/java-8-openjdk-amd64/jre/lib/amd64/libnio.so
7fd88fdfe000-7fd88fffe000 ---p 00011000 fc:01 1302612                    /usr/lib/jvm/java-8-openjdk-amd64/jre/lib/amd64/libnio.so
7fd88fffe000-7fd88ffff000 r--p 00011000 fc:01 1302612                    /usr/lib/jvm/java-8-openjdk-amd64/jre/lib/amd64/libnio.so
7fd88ffff000-7fd890000000 rw-p 00012000 fc:01 1302612                    /usr/lib/jvm/java-8-openjdk-amd64/jre/lib/amd64/libnio.so
7fd890000000-7fd8901a5000 rw-p 00000000 00:00 0 
7fd8901a5000-7fd894000000 ---p 00000000 00:00 0 
7fd894000000-7fd894021000 rw-p 00000000 00:00 0 
7fd894021000-7fd898000000 ---p 00000000 00:00 0 
7fd898000000-7fd898021000 rw-p 00000000 00:00 0 
7fd898021000-7fd89c000000 ---p 00000000 00:00 0 
7fd89c000000-7fd89c04e000 rw-p 00000000 00:00 0 
7fd89c04e000-7fd8a0000000 ---p 00000000 00:00 0 
7fd8a0000000-7fd8a0021000 rw-p 00000000 00:00 0 
7fd8a0021000-7fd8a4000000 ---p 00000000 00:00 0 
7fd8a4000000-7fd8a4021000 rw-p 00000000 00:00 0 
7fd8a4021000-7fd8a8000000 ---p 00000000 00:00 0 
7fd8a8000000-7fd8a8021000 rw-p 00000000 00:00 0 
7fd8a8021000-7fd8ac000000 ---p 00000000 00:00 0 
7fd8ac059000-7fd8ac05a000 r--s 00000000 fc:01 783094                     /tmp/ompi.openmpi-master.1000/pid.5069/pmix_dstor_ds12_5069/initial-pmix_shared-segment-0
7fd8ac05a000-7fd8ac05b000 rw-s 00000000 fc:01 783095                     /tmp/ompi.openmpi-master.1000/pid.5069/pmix_dstor_ds12_5069/dstore_sm.lock
7fd8ac05b000-7fd8ac05c000 r--s 0000f000 fc:01 527712                     /home/mpiuser/cloud/fyp/java_client/lib/mpi.jar
7fd8ac05c000-7fd8ac05f000 r--s 0000e000 fc:01 527707                     /home/mpiuser/cloud/fyp/java_client/lib/jackson-annotations-2.10.3.jar
7fd8ac05f000-7fd8ac07c000 r--s 00142000 fc:01 527719                     /home/mpiuser/cloud/fyp/java_client/lib/spring-web-5.2.5.RELEASE.jar
7fd8ac07c000-7fd8ac089000 r--s 00090000 fc:01 527704                     /home/mpiuser/cloud/fyp/java_client/lib/amqp-client-5.8.0.jar
7fd8ac089000-7fd8ac08a000 r--s 00003000 fc:01 527715                     /home/mpiuser/cloud/fyp/java_client/lib/slf4j-simple-1.7.30.jar
7fd8ac08a000-7fd8ac09f000 r--s 00142000 fc:01 527710                     /home/mpiuser/cloud/fyp/java_client/lib/jackson-databind-2.10.2.jar
7fd8ac09f000-7fd8ac0b4000 r--s 00142000 fc:01 527711                     /home/mpiuser/cloud/fyp/java_client/lib/jackson-databind-2.10.3.jar
7fd8ac0b4000-7fd8ac0cf000 r--s 001d6000 fc:01 1555512                    /usr/lib/jvm/java-8-openjdk-amd64/jre/lib/ext/nashorn.jar
7fd8ac0cf000-7fd8ac0d3000 r--s 0003a000 fc:01 1555515                    /usr/lib/jvm/java-8-openjdk-amd64/jre/lib/ext/sunpkcs11.jar
7fd8ac0d3000-7fd8ac0ee000 r--s 00394000 fc:01 1555507                    /usr/lib/jvm/java-8-openjdk-amd64/jre/lib/ext/cldrdata.jar
7fd8ac0ee000-7fd8ac0ef000 ---p 00000000 00:00 0 
7fd8ac0ef000-7fd8ac1ef000 rw-p 00000000 00:00 0 
7fd8ac1ef000-7fd8ac1f2000 ---p 00000000 00:00 0 
7fd8ac1f2000-7fd8ac2f0000 rw-p 00000000 00:00 0 
7fd8ac2f0000-7fd8ac2f1000 ---p 00000000 00:00 0 
7fd8ac2f1000-7fd8ac2f4000 ---p 00000000 00:00 0 
7fd8ac2f4000-7fd8ac3f1000 rw-p 00000000 00:00 0 
7fd8ac3f1000-7fd8ac3f2000 ---p 00000000 00:00 0 
7fd8ac3f2000-7fd8ac3f5000 ---p 00000000 00:00 0 
7fd8ac3f5000-7fd8ac4f2000 rw-p 00000000 00:00 0 
7fd8ac4f2000-7fd8ac665000 r--p 00000000 fc:01 7801                       /usr/lib/locale/C.UTF-8/LC_COLLATE
7fd8ac665000-7fd8ac800000 r--p 00000000 fc:01 7796                       /usr/lib/locale/locale-archive
7fd8ac800000-7fd8acc80000 rw-p 00000000 00:00 0 
7fd8acc80000-7fd8ad000000 ---p 00000000 00:00 0 
7fd8ad000000-7fd8ad270000 rwxp 00000000 00:00 0 
7fd8ad270000-7fd8bc000000 ---p 00000000 00:00 0 
7fd8bc000000-7fd8bc26f000 rw-p 00000000 00:00 0 
7fd8bc26f000-7fd8c0000000 ---p 00000000 00:00 0 
7fd8c0000000-7fd8c0001000 r--s 00005000 fc:01 527718                     /home/mpiuser/cloud/fyp/java_client/lib/spring-jcl-5.2.5.RELEASE.jar
7fd8c0001000-7fd8c0006000 r--s 0003d000 fc:01 1555514                    /usr/lib/jvm/java-8-openjdk-amd64/jre/lib/ext/sunjce_provider.jar
7fd8c0006000-7fd8c0007000 r--s 00010000 fc:01 1555516                    /usr/lib/jvm/java-8-openjdk-amd64/jre/lib/ext/zipfs.jar
7fd8c0007000-7fd8c0008000 r--s 0000a000 fc:01 1555510                    /usr/lib/jvm/java-8-openjdk-amd64/jre/lib/ext/jaccess.jar
7fd8c0008000-7fd8c000a000 r--s 00007000 fc:01 29606                      /usr/share/java/java-atk-wrapper.jar
7fd8c000a000-7fd8c000d000 ---p 00000000 00:00 0 
7fd8c000d000-7fd8c010b000 rw-p 00000000 00:00 0 
7fd8c010b000-7fd8c013c000 r--p 00000000 fc:01 7802                       /usr/lib/locale/C.UTF-8/LC_CTYPE
7fd8c013c000-7fd8c013f000 ---p 00000000 00:00 0 
7fd8c013f000-7fd8c023d000 rw-p 00000000 00:00 0 
7fd8c023d000-7fd8c0240000 ---p 00000000 00:00 0 
7fd8c0240000-7fd8c033e000 rw-p 00000000 00:00 0 
7fd8c033e000-7fd8c033f000 ---p 00000000 00:00 0 
7fd8c033f000-7fd8c048d000 rw-p 00000000 00:00 0 
7fd8c048d000-7fd8c065d000 r--s 03c68000 fc:01 1302635                    /usr/lib/jvm/java-8-openjdk-amd64/jre/lib/rt.jar
7fd8c065d000-7fd8c0760000 rw-p 00000000 00:00 0 
7fd8c0760000-7fd8c0b16000 ---p 00000000 00:00 0 
7fd8c0b16000-7fd8c0b1e000 r-xp 00000000 fc:01 1302619                    /usr/lib/jvm/java-8-openjdk-amd64/jre/lib/amd64/libzip.so
7fd8c0b1e000-7fd8c0d1d000 ---p 00008000 fc:01 1302619                    /usr/lib/jvm/java-8-openjdk-amd64/jre/lib/amd64/libzip.so
7fd8c0d1d000-7fd8c0d1e000 r--p 00007000 fc:01 1302619                    /usr/lib/jvm/java-8-openjdk-amd64/jre/lib/amd64/libzip.so
7fd8c0d1e000-7fd8c0d1f000 rw-p 00008000 fc:01 1302619                    /usr/lib/jvm/java-8-openjdk-amd64/jre/lib/amd64/libzip.so
7fd8c0d1f000-7fd8c0d2a000 r-xp 00000000 fc:01 2093                       /lib/x86_64-linux-gnu/libnss_files-2.27.so
7fd8c0d2a000-7fd8c0f29000 ---p 0000b000 fc:01 2093                       /lib/x86_64-linux-gnu/libnss_files-2.27.so
7fd8c0f29000-7fd8c0f2a000 r--p 0000a000 fc:01 2093                       /lib/x86_64-linux-gnu/libnss_files-2.27.so
7fd8c0f2a000-7fd8c0f2b000 rw-p 0000b000 fc:01 2093                       /lib/x86_64-linux-gnu/libnss_files-2.27.so
7fd8c0f2b000-7fd8c0f31000 rw-p 00000000 00:00 0 
7fd8c0f31000-7fd8c0f48000 r-xp 00000000 fc:01 2090                       /lib/x86_64-linux-gnu/libnsl-2.27.so
7fd8c0f48000-7fd8c1147000 ---p 00017000 fc:01 2090                       /lib/x86_64-linux-gnu/libnsl-2.27.so
7fd8c1147000-7fd8c1148000 r--p 00016000 fc:01 2090                       /lib/x86_64-linux-gnu/libnsl-2.27.so
7fd8c1148000-7fd8c1149000 rw-p 00017000 fc:01 2090                       /lib/x86_64-linux-gnu/libnsl-2.27.so
7fd8c1149000-7fd8c114b000 rw-p 00000000 00:00 0 
7fd8c114b000-7fd8c1156000 r-xp 00000000 fc:01 2095                       /lib/x86_64-linux-gnu/libnss_nis-2.27.so
7fd8c1156000-7fd8c1355000 ---p 0000b000 fc:01 2095                       /lib/x86_64-linux-gnu/libnss_nis-2.27.so
7fd8c1355000-7fd8c1356000 r--p 0000a000 fc:01 2095                       /lib/x86_64-linux-gnu/libnss_nis-2.27.so
7fd8c1356000-7fd8c1357000 rw-p 0000b000 fc:01 2095                       /lib/x86_64-linux-gnu/libnss_nis-2.27.so
7fd8c1357000-7fd8c135f000 r-xp 00000000 fc:01 2091                       /lib/x86_64-linux-gnu/libnss_compat-2.27.so
7fd8c135f000-7fd8c155f000 ---p 00008000 fc:01 2091                       /lib/x86_64-linux-gnu/libnss_compat-2.27.so
7fd8c155f000-7fd8c1560000 r--p 00008000 fc:01 2091                       /lib/x86_64-linux-gnu/libnss_compat-2.27.so
7fd8c1560000-7fd8c1561000 rw-p 00009000 fc:01 2091                       /lib/x86_64-linux-gnu/libnss_compat-2.27.so
7fd8c1561000-7fd8c158b000 r-xp 00000000 fc:01 1302600                    /usr/lib/jvm/java-8-openjdk-amd64/jre/lib/amd64/libjava.so
7fd8c158b000-7fd8c178a000 ---p 0002a000 fc:01 1302600                    /usr/lib/jvm/java-8-openjdk-amd64/jre/lib/amd64/libjava.so
7fd8c178a000-7fd8c178b000 r--p 00029000 fc:01 1302600                    /usr/lib/jvm/java-8-openjdk-amd64/jre/lib/amd64/libjava.so
7fd8c178b000-7fd8c178d000 rw-p 0002a000 fc:01 1302600                    /usr/lib/jvm/java-8-openjdk-amd64/jre/lib/amd64/libjava.so
7fd8c178d000-7fd8c179d000 r-xp 00000000 fc:01 1302618                    /usr/lib/jvm/java-8-openjdk-amd64/jre/lib/amd64/libverify.so
7fd8c179d000-7fd8c199c000 ---p 00010000 fc:01 1302618                    /usr/lib/jvm/java-8-openjdk-amd64/jre/lib/amd64/libverify.so
7fd8c199c000-7fd8c199e000 r--p 0000f000 fc:01 1302618                    /usr/lib/jvm/java-8-openjdk-amd64/jre/lib/amd64/libverify.so
7fd8c199e000-7fd8c199f000 rw-p 00011000 fc:01 1302618                    /usr/lib/jvm/java-8-openjdk-amd64/jre/lib/amd64/libverify.so
7fd8c199f000-7fd8c19a6000 r-xp 00000000 fc:01 2180                       /lib/x86_64-linux-gnu/librt-2.27.so
7fd8c19a6000-7fd8c1ba5000 ---p 00007000 fc:01 2180                       /lib/x86_64-linux-gnu/librt-2.27.so
7fd8c1ba5000-7fd8c1ba6000 r--p 00006000 fc:01 2180                       /lib/x86_64-linux-gnu/librt-2.27.so
7fd8c1ba6000-7fd8c1ba7000 rw-p 00007000 fc:01 2180                       /lib/x86_64-linux-gnu/librt-2.27.so
7fd8c1ba7000-7fd8c1bbe000 r-xp 00000000 fc:01 29154                      /lib/x86_64-linux-gnu/libgcc_s.so.1
7fd8c1bbe000-7fd8c1dbd000 ---p 00017000 fc:01 29154                      /lib/x86_64-linux-gnu/libgcc_s.so.1
7fd8c1dbd000-7fd8c1dbe000 r--p 00016000 fc:01 29154                      /lib/x86_64-linux-gnu/libgcc_s.so.1
7fd8c1dbe000-7fd8c1dbf000 rw-p 00017000 fc:01 29154                      /lib/x86_64-linux-gnu/libgcc_s.so.1
7fd8c1dbf000-7fd8c1f5c000 r-xp 00000000 fc:01 2087                       /lib/x86_64-linux-gnu/libm-2.27.so
7fd8c1f5c000-7fd8c215b000 ---p 0019d000 fc:01 2087                       /lib/x86_64-linux-gnu/libm-2.27.so
7fd8c215b000-7fd8c215c000 r--p 0019c000 fc:01 2087                       /lib/x86_64-linux-gnu/libm-2.27.so
7fd8c215c000-7fd8c215d000 rw-p 0019d000 fc:01 2087                       /lib/x86_64-linux-gnu/libm-2.27.so
7fd8c215d000-7fd8c22d6000 r-xp 00000000 fc:01 4344                       /usr/lib/x86_64-linux-gnu/libstdc++.so.6.0.25
7fd8c22d6000-7fd8c24d6000 ---p 00179000 fc:01 4344                       /usr/lib/x86_64-linux-gnu/libstdc++.so.6.0.25
7fd8c24d6000-7fd8c24e0000 r--p 00179000 fc:01 4344                       /usr/lib/x86_64-linux-gnu/libstdc++.so.6.0.25
7fd8c24e0000-7fd8c24e2000 rw-p 00183000 fc:01 4344                       /usr/lib/x86_64-linux-gnu/libstdc++.so.6.0.25
7fd8c24e2000-7fd8c24e6000 rw-p 00000000 00:00 0 
7fd8c24e6000-7fd8c3189000 r-xp 00000000 fc:01 1302622                    /usr/lib/jvm/java-8-openjdk-amd64/jre/lib/amd64/server/libjvm.so
7fd8c3189000-7fd8c3389000 ---p 00ca3000 fc:01 1302622                    /usr/lib/jvm/java-8-openjdk-amd64/jre/lib/amd64/server/libjvm.so
7fd8c3389000-7fd8c341d000 r--p 00ca3000 fc:01 1302622                    /usr/lib/jvm/java-8-openjdk-amd64/jre/lib/amd64/server/libjvm.so
7fd8c341d000-7fd8c3446000 rw-p 00d37000 fc:01 1302622                    /usr/lib/jvm/java-8-openjdk-amd64/jre/lib/amd64/server/libjvm.so
7fd8c3446000-7fd8c3476000 rw-p 00000000 00:00 0 
7fd8c3476000-7fd8c3490000 r-xp 00000000 fc:01 2178                       /lib/x86_64-linux-gnu/libpthread-2.27.so
7fd8c3490000-7fd8c368f000 ---p 0001a000 fc:01 2178                       /lib/x86_64-linux-gnu/libpthread-2.27.so
7fd8c368f000-7fd8c3690000 r--p 00019000 fc:01 2178                       /lib/x86_64-linux-gnu/libpthread-2.27.so
7fd8c3690000-7fd8c3691000 rw-p 0001a000 fc:01 2178                       /lib/x86_64-linux-gnu/libpthread-2.27.so
7fd8c3691000-7fd8c3695000 rw-p 00000000 00:00 0 
7fd8c3695000-7fd8c3698000 r-xp 00000000 fc:01 2086                       /lib/x86_64-linux-gnu/libdl-2.27.so
7fd8c3698000-7fd8c3897000 ---p 00003000 fc:01 2086                       /lib/x86_64-linux-gnu/libdl-2.27.so
7fd8c3897000-7fd8c3898000 r--p 00002000 fc:01 2086                       /lib/x86_64-linux-gnu/libdl-2.27.so
7fd8c3898000-7fd8c3899000 rw-p 00003000 fc:01 2086                       /lib/x86_64-linux-gnu/libdl-2.27.so
7fd8c3899000-7fd8c38b5000 r-xp 00000000 fc:01 2183                       /lib/x86_64-linux-gnu/libz.so.1.2.11
7fd8c38b5000-7fd8c3ab4000 ---p 0001c000 fc:01 2183                       /lib/x86_64-linux-gnu/libz.so.1.2.11
7fd8c3ab4000-7fd8c3ab5000 r--p 0001b000 fc:01 2183                       /lib/x86_64-linux-gnu/libz.so.1.2.11
7fd8c3ab5000-7fd8c3ab6000 rw-p 0001c000 fc:01 2183                       /lib/x86_64-linux-gnu/libz.so.1.2.11
7fd8c3ab6000-7fd8c3c9d000 r-xp 00000000 fc:01 2083                       /lib/x86_64-linux-gnu/libc-2.27.so
7fd8c3c9d000-7fd8c3e9d000 ---p 001e7000 fc:01 2083                       /lib/x86_64-linux-gnu/libc-2.27.so
7fd8c3e9d000-7fd8c3ea1000 r--p 001e7000 fc:01 2083                       /lib/x86_64-linux-gnu/libc-2.27.so
7fd8c3ea1000-7fd8c3ea3000 rw-p 001eb000 fc:01 2083                       /lib/x86_64-linux-gnu/libc-2.27.so
7fd8c3ea3000-7fd8c3ea7000 rw-p 00000000 00:00 0 
7fd8c3ea7000-7fd8c3eb5000 r-xp 00000000 fc:01 1555499                    /usr/lib/jvm/java-8-openjdk-amd64/jre/lib/amd64/jli/libjli.so
7fd8c3eb5000-7fd8c40b4000 ---p 0000e000 fc:01 1555499                    /usr/lib/jvm/java-8-openjdk-amd64/jre/lib/amd64/jli/libjli.so
7fd8c40b4000-7fd8c40b5000 r--p 0000d000 fc:01 1555499                    /usr/lib/jvm/java-8-openjdk-amd64/jre/lib/amd64/jli/libjli.so
7fd8c40b5000-7fd8c40b6000 rw-p 0000e000 fc:01 1555499                    /usr/lib/jvm/java-8-openjdk-amd64/jre/lib/amd64/jli/libjli.so
7fd8c40b6000-7fd8c40dd000 r-xp 00000000 fc:01 2079                       /lib/x86_64-linux-gnu/ld-2.27.so
7fd8c40dd000-7fd8c40de000 r--s 0000d000 fc:01 1555513                    /usr/lib/jvm/java-8-openjdk-amd64/jre/lib/ext/sunec.jar
7fd8c40de000-7fd8c40e0000 r--s 00001000 fc:01 1555508                    /usr/lib/jvm/java-8-openjdk-amd64/jre/lib/ext/dnsns.jar
7fd8c40e0000-7fd8c40e3000 r--s 0000f000 fc:01 1555509                    /usr/lib/jvm/java-8-openjdk-amd64/jre/lib/ext/icedtea-sound.jar
7fd8c40e3000-7fd8c40ed000 r--s 00116000 fc:01 1555511                    /usr/lib/jvm/java-8-openjdk-amd64/jre/lib/ext/localedata.jar
7fd8c40ed000-7fd8c40ee000 r--p 00000000 fc:01 7807                       /usr/lib/locale/C.UTF-8/LC_NUMERIC
7fd8c40ee000-7fd8c40ef000 r--p 00000000 fc:01 7810                       /usr/lib/locale/C.UTF-8/LC_TIME
7fd8c40ef000-7fd8c40f0000 r--p 00000000 fc:01 7805                       /usr/lib/locale/C.UTF-8/LC_MONETARY
7fd8c40f0000-7fd8c40f1000 r--p 00000000 fc:01 7799                       /usr/lib/locale/C.UTF-8/LC_MESSAGES/SYS_LC_MESSAGES
7fd8c40f1000-7fd8c40f2000 r--p 00000000 fc:01 7808                       /usr/lib/locale/C.UTF-8/LC_PAPER
7fd8c40f2000-7fd8c40f3000 r--p 00000000 fc:01 7806                       /usr/lib/locale/C.UTF-8/LC_NAME
7fd8c40f3000-7fd8c40f4000 r--p 00000000 fc:01 7800                       /usr/lib/locale/C.UTF-8/LC_ADDRESS
7fd8c40f4000-7fd8c40f5000 r--p 00000000 fc:01 7809                       /usr/lib/locale/C.UTF-8/LC_TELEPHONE
7fd8c40f5000-7fd8c40f6000 r--p 00000000 fc:01 7804                       /usr/lib/locale/C.UTF-8/LC_MEASUREMENT
7fd8c40f6000-7fd8c40fd000 r--s 00000000 fc:01 5010                       /usr/lib/x86_64-linux-gnu/gconv/gconv-modules.cache
7fd8c40fd000-7fd8c40fe000 r--p 00000000 fc:01 7803                       /usr/lib/locale/C.UTF-8/LC_IDENTIFICATION
7fd8c40fe000-7fd8c4104000 rw-p 00000000 00:00 0 
7fd8c4104000-7fd8c4151000 ---p 00000000 00:00 0 
7fd8c4151000-7fd8c4154000 rw-p 00000000 00:00 0 
7fd8c4154000-7fd8c417a000 ---p 00000000 00:00 0 
7fd8c417a000-7fd8c4180000 rw-p 00000000 00:00 0 
7fd8c4180000-7fd8c41cd000 ---p 00000000 00:00 0 
7fd8c41cd000-7fd8c41ce000 rw-p 00000000 00:00 0 
7fd8c41ce000-7fd8c41cf000 ---p 00000000 00:00 0 
7fd8c41cf000-7fd8c41d2000 ---p 00000000 00:00 0 
7fd8c41d2000-7fd8c42d1000 rw-p 00000000 00:00 0 
7fd8c42d1000-7fd8c42d9000 rw-s 00000000 fc:01 1039767                    /tmp/hsperfdata_mpiuser/5083
7fd8c42d9000-7fd8c42da000 rw-p 00000000 00:00 0 
7fd8c42da000-7fd8c42db000 r--p 00000000 00:00 0 
7fd8c42db000-7fd8c42dd000 rw-p 00000000 00:00 0 
7fd8c42dd000-7fd8c42de000 r--p 00027000 fc:01 2079                       /lib/x86_64-linux-gnu/ld-2.27.so
7fd8c42de000-7fd8c42df000 rw-p 00028000 fc:01 2079                       /lib/x86_64-linux-gnu/ld-2.27.so
7fd8c42df000-7fd8c42e0000 rw-p 00000000 00:00 0 
7fff26e20000-7fff26e41000 rw-p 00000000 00:00 0                          [stack]
7fff26e61000-7fff26e64000 r--p 00000000 00:00 0                          [vvar]
7fff26e64000-7fff26e66000 r-xp 00000000 00:00 0                          [vdso]
ffffffffff600000-ffffffffff601000 r-xp 00000000 00:00 0                  [vsyscall]

VM Arguments:
jvm_args: -Djava.library.path=/usr/local/lib 
java_command: Client 1000000 100 0
java_class_path (initial): /home/mpiuser/cloud/fyp/java_client:./lib/spring-jcl-5.2.5.RELEASE.jar:./lib/jackson-databind-2.10.3.jar:./lib/jackson-databind-2.10.2.jar:./lib/slf4j-simple-1.7.30.jar:./lib/amqp-client-5.8.0.jar:./lib/spring-web-5.2.5.RELEASE.jar:./lib/jackson-annotations-2.10.3.jar:./lib/mpi.jar:./lib/spring-beans-5.2.5.RELEASE.jar:./lib/jackson-annotations-2.10.2.jar:./lib/jackson-core-2.10.2.jar:./lib/jackson-core-2.10.3.jar:./lib/slf4j-api-1.7.29.jar:./lib/spring-core-5.2.5.RELEASE.jar:./lib/slf4j-api-1.7.30.jar:./lib/http-client-3.6.1.RELEASE.jar:/usr/local/lib/mpi.jar
Launcher Type: SUN_STANDARD

Environment Variables:
PATH=/usr/local/sbin:/usr/local/bin:/usr/sbin:/usr/bin:/sbin:/bin:/usr/games:/usr/local/games:/snap/bin
SHELL=/bin/bash

Signal Handlers:
SIGSEGV: [libjvm.so+0xabc3b0], sa_mask[0]=11111111011111111101111111111110, sa_flags=SA_RESTART|SA_SIGINFO
SIGBUS: [libjvm.so+0xabc3b0], sa_mask[0]=11111111011111111101111111111110, sa_flags=SA_RESTART|SA_SIGINFO
SIGFPE: [libjvm.so+0x8f0bb0], sa_mask[0]=11111111011111111101111111111110, sa_flags=SA_RESTART|SA_SIGINFO
SIGPIPE: [libjvm.so+0x8f0bb0], sa_mask[0]=11111111011111111101111111111110, sa_flags=SA_RESTART|SA_SIGINFO
SIGXFSZ: [libjvm.so+0x8f0bb0], sa_mask[0]=11111111011111111101111111111110, sa_flags=SA_RESTART|SA_SIGINFO
SIGILL: [libjvm.so+0x8f0bb0], sa_mask[0]=11111111011111111101111111111110, sa_flags=SA_RESTART|SA_SIGINFO
SIGUSR1: SIG_DFL, sa_mask[0]=00000000000000000000000000000000, sa_flags=none
SIGUSR2: [libjvm.so+0x8f0a60], sa_mask[0]=00000000000000000000000000000000, sa_flags=SA_RESTART|SA_SIGINFO
SIGHUP: [libjvm.so+0x8f10d0], sa_mask[0]=11111111011111111101111111111110, sa_flags=SA_RESTART|SA_SIGINFO
SIGINT: [libjvm.so+0x8f10d0], sa_mask[0]=11111111011111111101111111111110, sa_flags=SA_RESTART|SA_SIGINFO
SIGTERM: [libjvm.so+0x8f10d0], sa_mask[0]=11111111011111111101111111111110, sa_flags=SA_RESTART|SA_SIGINFO
SIGQUIT: [libjvm.so+0x8f10d0], sa_mask[0]=11111111011111111101111111111110, sa_flags=SA_RESTART|SA_SIGINFO


---------------  S Y S T E M  ---------------

OS:DISTRIB_ID=Ubuntu
DISTRIB_RELEASE=18.04
DISTRIB_CODENAME=bionic
DISTRIB_DESCRIPTION="Ubuntu 18.04.3 LTS"

uname:Linux 4.15.0-91-generic #92-Ubuntu SMP Fri Feb 28 11:09:48 UTC 2020 x86_64
libc:glibc 2.27 NPTL 2.27 
rlimit: STACK 8192k, CORE 0k, NPROC 3837, NOFILE 1048576, AS infinity
load average:0.00 0.00 0.00

/proc/meminfo:
MemTotal:        1008492 kB
MemFree:           61452 kB
MemAvailable:      42804 kB
Buffers:            6676 kB
Cached:            66740 kB
SwapCached:            0 kB
Active:           765560 kB
Inactive:          32720 kB
Active(anon):     724604 kB
Inactive(anon):      252 kB
Active(file):      40956 kB
Inactive(file):    32468 kB
Unevictable:           0 kB
Mlocked:               0 kB
SwapTotal:             0 kB
SwapFree:              0 kB
Dirty:              1284 kB
Writeback:             0 kB
AnonPages:        725140 kB
Mapped:            56652 kB
Shmem:               648 kB
Slab:              78848 kB
SReclaimable:      31956 kB
SUnreclaim:        46892 kB
KernelStack:       12288 kB
PageTables:        26964 kB
NFS_Unstable:          0 kB
Bounce:                0 kB
WritebackTmp:          0 kB
CommitLimit:      504244 kB
Committed_AS:    5279868 kB
VmallocTotal:   34359738367 kB
VmallocUsed:           0 kB
VmallocChunk:          0 kB
HardwareCorrupted:     0 kB
AnonHugePages:         0 kB
ShmemHugePages:        0 kB
ShmemPmdMapped:        0 kB
CmaTotal:              0 kB
CmaFree:               0 kB
HugePages_Total:       0
HugePages_Free:        0
HugePages_Rsvd:        0
HugePages_Surp:        0
Hugepagesize:       2048 kB
DirectMap4k:       83948 kB
DirectMap2M:      964608 kB
DirectMap1G:           0 kB

container (cgroup) information:
container_type: cgroupv1
cpu_cpuset_cpus: 0-2
cpu_memory_nodes: 0
active_processor_count: 3
cpu_quota: -1
cpu_period: 100000
cpu_shares: -1
memory_limit_in_bytes: -1
memory_and_swap_limit_in_bytes: -2
memory_soft_limit_in_bytes: -1
memory_usage_in_bytes: 797650944
memory_max_usage_in_bytes: 797650944


CPU:total 3 (initial active 3) (1 cores per cpu, 1 threads per core) family 6 model 85 stepping 4, cmov, cx8, fxsr, mmx, sse, sse2, sse3, ssse3, sse4.1, sse4.2, popcnt, avx, avx2, aes, clmul, erms, 3dnowpref, lzcnt, tsc, bmi1, bmi2, adx

/proc/cpuinfo:
processor	: 0
vendor_id	: GenuineIntel
cpu family	: 6
model		: 85
model name	: Intel(R) Xeon(R) Gold 6140 CPU @ 2.30GHz
stepping	: 4
microcode	: 0x1
cpu MHz		: 2294.608
cache size	: 4096 KB
physical id	: 0
siblings	: 1
core id		: 0
cpu cores	: 1
apicid		: 0
initial apicid	: 0
fpu		: yes
fpu_exception	: yes
cpuid level	: 13
wp		: yes
flags		: fpu vme de pse tsc msr pae mce cx8 apic sep mtrr pge mca cmov pat pse36 clflush mmx fxsr sse sse2 ss syscall nx pdpe1gb rdtscp lm constant_tsc arch_perfmon rep_good nopl cpuid tsc_known_freq pni pclmulqdq vmx ssse3 fma cx16 pcid sse4_1 sse4_2 x2apic movbe popcnt tsc_deadline_timer aes xsave avx f16c rdrand hypervisor lahf_lm abm 3dnowprefetch cpuid_fault invpcid_single pti ssbd ibrs ibpb tpr_shadow vnmi flexpriority ept vpid fsgsbase tsc_adjust bmi1 avx2 smep bmi2 erms invpcid mpx avx512f avx512dq rdseed adx smap clflushopt clwb avx512cd avx512bw avx512vl xsaveopt xsavec xgetbv1 pku ospke md_clear
bugs		: cpu_meltdown spectre_v1 spectre_v2 spec_store_bypass l1tf mds swapgs itlb_multihit
bogomips	: 4589.21
clflush size	: 64
cache_alignment	: 64
address sizes	: 40 bits physical, 48 bits virtual
power management:

processor	: 1
vendor_id	: GenuineIntel
cpu family	: 6
model		: 85
model name	: Intel(R) Xeon(R) Gold 6140 CPU @ 2.30GHz
stepping	: 4
microcode	: 0x1
cpu MHz		: 2294.608
cache size	: 4096 KB
physical id	: 1
siblings	: 1
core id		: 0
cpu cores	: 1
apicid		: 1
initial apicid	: 1
fpu		: yes
fpu_exception	: yes
cpuid level	: 13
wp		: yes
flags		: fpu vme de pse tsc msr pae mce cx8 apic sep mtrr pge mca cmov pat pse36 clflush mmx fxsr sse sse2 ss syscall nx pdpe1gb rdtscp lm constant_tsc arch_perfmon rep_good nopl cpuid tsc_known_freq pni pclmulqdq vmx ssse3 fma cx16 pcid sse4_1 sse4_2 x2apic movbe popcnt tsc_deadline_timer aes xsave avx f16c rdrand hypervisor lahf_lm abm 3dnowprefetch cpuid_fault invpcid_single pti ssbd ibrs ibpb tpr_shadow vnmi flexpriority ept vpid fsgsbase tsc_adjust bmi1 avx2 smep bmi2 erms invpcid mpx avx512f avx512dq rdseed adx smap clflushopt clwb avx512cd avx512bw avx512vl xsaveopt xsavec xgetbv1 pku ospke md_clear
bugs		: cpu_meltdown spectre_v1 spectre_v2 spec_store_bypass l1tf mds swapgs itlb_multihit
bogomips	: 4589.21
clflush size	: 64
cache_alignment	: 64
address sizes	: 40 bits physical, 48 bits virtual
power management:

processor	: 2
vendor_id	: GenuineIntel
cpu family	: 6
model		: 85
model name	: Intel(R) Xeon(R) Gold 6140 CPU @ 2.30GHz
stepping	: 4
microcode	: 0x1
cpu MHz		: 2294.608
cache size	: 4096 KB
physical id	: 2
siblings	: 1
core id		: 0
cpu cores	: 1
apicid		: 2
initial apicid	: 2
fpu		: yes
fpu_exception	: yes
cpuid level	: 13
wp		: yes
flags		: fpu vme de pse tsc msr pae mce cx8 apic sep mtrr pge mca cmov pat pse36 clflush mmx fxsr sse sse2 ss syscall nx pdpe1gb rdtscp lm constant_tsc arch_perfmon rep_good nopl cpuid tsc_known_freq pni pclmulqdq vmx ssse3 fma cx16 pcid sse4_1 sse4_2 x2apic movbe popcnt tsc_deadline_timer aes xsave avx f16c rdrand hypervisor lahf_lm abm 3dnowprefetch cpuid_fault invpcid_single pti ssbd ibrs ibpb tpr_shadow vnmi flexpriority ept vpid fsgsbase tsc_adjust bmi1 avx2 smep bmi2 erms invpcid mpx avx512f avx512dq rdseed adx smap clflushopt clwb avx512cd avx512bw avx512vl xsaveopt xsavec xgetbv1 pku ospke md_clear
bugs		: cpu_meltdown spectre_v1 spectre_v2 spec_store_bypass l1tf mds swapgs itlb_multihit
bogomips	: 4589.21
clflush size	: 64
cache_alignment	: 64
address sizes	: 40 bits physical, 48 bits virtual
power management:



Memory: 4k page, physical 1008492k(60832k free), swap 0k(0k free)

vm_info: OpenJDK 64-Bit Server VM (25.242-b08) for linux-amd64 JRE (1.8.0_242-8u242-b08-0ubuntu3~18.04-b08), built on Jan 17 2020 23:41:21 by "buildd" with gcc 7.4.0

time: Mon Apr  6 11:39:51 2020
timezone: UTC
elapsed time: 2 seconds (0d 0h 0m 2s)

