#
# A fatal error has been detected by the Java Runtime Environment:
#
#  SIGSEGV (0xb) at pc=0x00007eff7c71417c, pid=7369, tid=0x00007effb7ae5700
#
# JRE version: OpenJDK Runtime Environment (8.0_242-b08) (build 1.8.0_242-8u242-b08-0ubuntu3~18.04-b08)
# Java VM: OpenJDK 64-Bit Server VM (25.242-b08 mixed mode linux-amd64 compressed oops)
# Problematic frame:
# C  [mca_gds_ds21.so+0x217c]  pmix_gds_ds21_lock_init+0x13c
#
# Failed to write core dump. Core dumps have been disabled. To enable core dumping, try "ulimit -c unlimited" before starting Java again
#
# If you would like to submit a bug report, please visit:
#   http://bugreport.java.com/bugreport/crash.jsp
# The crash happened outside the Java Virtual Machine in native code.
# See problematic frame for where to report the bug.
#

---------------  T H R E A D  ---------------

Current thread (0x00007effb000b800):  JavaThread "main" [_thread_in_native, id=7382, stack(0x00007effb79e6000,0x00007effb7ae6000)]

siginfo: si_signo: 11 (SIGSEGV), si_code: 1 (SEGV_MAPERR), si_addr: 0x00007effb4000008

Registers:
RAX=0x00007effb025d0c0, RBX=0x00007effb025d030, RCX=0x00007eff7cb3919e, RDX=0x00007ffe7d06bcb3
RSP=0x00007effb7ae36a0, RBP=0x00007effb025cfe0, RSI=0x0000000000002000, RDI=0x0000000000000000
R8 =0x000000000000001e, R9 =0x0000000000000000, R10=0x0000000000000001, R11=0x0000000000000000
R12=0x00007effb4000000, R13=0x00007effb025cc38, R14=0x0000000000001000, R15=0x00007eff7c916240
RIP=0x00007eff7c71417c, EFLAGS=0x0000000000010206, CSGSFS=0x002b000000000033, ERR=0x0000000000000004
  TRAPNO=0x000000000000000e

Top of Stack: (sp=0x00007effb7ae36a0)
0x00007effb7ae36a0:   00007effb025ccb0 00007effb025cf90
0x00007effb7ae36b0:   00007ffe7d06bcb3 0000000000002000
0x00007effb7ae36c0:   0000000000001000 00000000000003e8
0x00007effb7ae36d0:   00007effb025d038 00007effb73642ed
0x00007effb7ae36e0:   00007effb025cc80 ce66d97b97027d00
0x00007effb7ae36f0:   0000000000000000 00007effb025c960
0x00007effb7ae3700:   0000000000000000 00007ffe7d06bcb3
0x00007effb7ae3710:   0000000000000000 00007effb025cc10
0x00007effb7ae3720:   00007effb025cbd0 00007eff7cb33cd9
0x00007effb7ae3730:   00007eff7c714cdb 00007effb7ae37c0
0x00007effb7ae3740:   00007eff7dcc68d3 0000001500000040
0x00007effb7ae3750:   00007effb02582b0 ce66d97b97027d00
0x00007effb7ae3760:   00007eff7deec0a0 00007effb0257dc0
0x00007effb7ae3770:   00007eff7deeffd0 00007eff7c9162d4
0x00007effb7ae3780:   00007eff7deec0a0 00007eff7c916180
0x00007effb7ae3790:   00007effb025c910 00007eff7c713f04
0x00007effb7ae37a0:   00007eff7deeffd0 00007eff7dcae1a6
0x00007effb7ae37b0:   00007eff7deec100 00007eff7deeffc0
0x00007effb7ae37c0:   00007effb7ae37e4 00007effb7ae37e8
0x00007effb7ae37d0:   0000000000000000 0000000000000000
0x00007effb7ae37e0:   0000001e7deeb520 00007eff7c916180
0x00007effb7ae37f0:   0000000000000000 ce66d97b97027d00
0x00007effb7ae3800:   00007eff7deec0a0 0000000000000000
0x00007effb7ae3810:   0000000000000000 00007effb01e7230
0x00007effb7ae3820:   00007eff7deeb520 00007eff7dc18760
0x00007effb7ae3830:   0000000000000000 00007eff7dc615a9
0x00007effb7ae3840:   00007effb020ff20 00007eff7deeb7d8
0x00007effb7ae3850:   2d69706d6e65706f 000072657473616d
0x00007effb7ae3860:   0000000003741ab1 00007eff7dba4f86
0x00007effb7ae3870:   00007eff7dba1118 00007eff7db9cafc
0x00007effb7ae3880:   00007eff7dba467a 0000000100000000
0x00007effb7ae3890:   00007effb7ae3990 ce66d97b97027d00 

Instructions: (pc=0x00007eff7c71417c)
0x00007eff7c71415c:   ff ff 48 85 c0 48 89 43 30 0f 84 b3 01 00 00 4c
0x00007eff7c71416c:   8b 60 18 49 8b 34 24 49 39 f6 0f 82 e4 02 00 00
0x00007eff7c71417c:   41 8b 44 24 08 4c 89 e2 31 c9 48 8d 7c 24 40 be
0x00007eff7c71418c:   01 00 00 00 89 43 40 49 03 54 24 18 85 c0 48 89 

Register to memory mapping:

RAX=0x00007effb025d0c0 is an unknown value
RBX=0x00007effb025d030 is an unknown value
RCX=0x00007eff7cb3919e: pmix_common_dstor_attach_new_lock_seg+0x1e in /usr/local/lib/libmca_common_dstore.so.1 at 0x00007eff7cb29000
RDX=0x00007ffe7d06bcb3 is an unknown value
RSP=0x00007effb7ae36a0 is pointing into the stack for thread: 0x00007effb000b800
RBP=0x00007effb025cfe0 is an unknown value
RSI=0x0000000000002000 is an unknown value
RDI=0x0000000000000000 is an unknown value
R8 =0x000000000000001e is an unknown value
R9 =0x0000000000000000 is an unknown value
R10=0x0000000000000001 is an unknown value
R11=0x0000000000000000 is an unknown value
R12=0x00007effb4000000 is an unknown value
R13=0x00007effb025cc38 is an unknown value
R14=0x0000000000001000 is an unknown value
R15=0x00007eff7c916240: lock_item_t_class+0 in /usr/local/lib/pmix/mca_gds_ds21.so at 0x00007eff7c712000


Stack: [0x00007effb79e6000,0x00007effb7ae6000],  sp=0x00007effb7ae36a0,  free space=1013k
Native frames: (J=compiled Java code, j=interpreted, Vv=VM code, C=native code)
C  [mca_gds_ds21.so+0x217c]  pmix_gds_ds21_lock_init+0x13c

Java frames: (J=compiled Java code, j=interpreted, Vv=VM code)
j  mpi.MPI.Init_jni([Ljava/lang/String;)[Ljava/lang/String;+0
j  mpi.MPI.Init([Ljava/lang/String;)[Ljava/lang/String;+17
j  Client.main([Ljava/lang/String;)V+1
v  ~StubRoutines::call_stub

---------------  P R O C E S S  ---------------

Java Threads: ( => current thread )
  0x00007effb00b7000 JavaThread "Service Thread" daemon [_thread_blocked, id=7626, stack(0x00007eff9b9ef000,0x00007eff9baf0000)]
  0x00007effb00b4800 JavaThread "C1 CompilerThread1" daemon [_thread_blocked, id=7620, stack(0x00007eff9baf1000,0x00007eff9bbf1000)]
  0x00007effb00b2000 JavaThread "C2 CompilerThread0" daemon [_thread_blocked, id=7600, stack(0x00007eff9bbf2000,0x00007eff9bcf2000)]
  0x00007effb00b0800 JavaThread "Signal Dispatcher" daemon [_thread_blocked, id=7570, stack(0x00007effa000b000,0x00007effa010c000)]
  0x00007effb007e000 JavaThread "Finalizer" daemon [_thread_blocked, id=7486, stack(0x00007effa013d000,0x00007effa023e000)]
  0x00007effb0079800 JavaThread "Reference Handler" daemon [_thread_blocked, id=7466, stack(0x00007effa023e000,0x00007effa033f000)]
=>0x00007effb000b800 JavaThread "main" [_thread_in_native, id=7382, stack(0x00007effb79e6000,0x00007effb7ae6000)]

Other Threads:
  0x00007effb006f800 VMThread [stack: 0x00007effa0340000,0x00007effa0440000] [id=7436]
  0x00007effb00ba000 WatcherThread [stack: 0x00007eff9b8ef000,0x00007eff9b9ef000] [id=7644]

VM state:not at safepoint (normal execution)

VM Mutex/Monitor currently owned by a thread: None

heap address: 0x00000000f0800000, size: 248 MB, Compressed Oops mode: 32-bit
Narrow klass base: 0x0000000000000000, Narrow klass shift: 3
Compressed class space size: 1073741824 Address: 0x0000000100000000

Heap:
 def new generation   total 4928K, used 1441K [0x00000000f0800000, 0x00000000f0d50000, 0x00000000f5aa0000)
  eden space 4416K,  32% used [0x00000000f0800000, 0x00000000f0968610, 0x00000000f0c50000)
  from space 512K,   0% used [0x00000000f0c50000, 0x00000000f0c50000, 0x00000000f0cd0000)
  to   space 512K,   0% used [0x00000000f0cd0000, 0x00000000f0cd0000, 0x00000000f0d50000)
 tenured generation   total 10944K, used 0K [0x00000000f5aa0000, 0x00000000f6550000, 0x0000000100000000)
   the space 10944K,   0% used [0x00000000f5aa0000, 0x00000000f5aa0000, 0x00000000f5aa0200, 0x00000000f6550000)
 Metaspace       used 3114K, capacity 4792K, committed 5120K, reserved 1056768K
  class space    used 313K, capacity 424K, committed 512K, reserved 1048576K

Card table byte_map: [0x00007effb7968000,0x00007effb79e5000] byte_map_base: 0x00007effb71e4000

Polling page: 0x00007effb7af1000

CodeCache: size=245760Kb used=1246Kb max_used=1246Kb free=244514Kb
 bounds [0x00007effa1000000, 0x00007effa1270000, 0x00007effb0000000]
 total_blobs=374 nmethods=69 adapters=220
 compilation: enabled

Compilation events (10 events):
Event: 1.451 Thread 0x00007effb00b4800   62       3       java.util.zip.ZipCoder::getBytes (192 bytes)
Event: 1.453 Thread 0x00007effb00b4800 nmethod 62 0x00007effa1129f10 code [0x00007effa112a2c0, 0x00007effa112c4d8]
Event: 1.454 Thread 0x00007effb00b4800   64       3       java.lang.String::startsWith (7 bytes)
Event: 1.454 Thread 0x00007effb00b4800 nmethod 64 0x00007effa112d990 code [0x00007effa112db00, 0x00007effa112dd08]
Event: 1.454 Thread 0x00007effb00b4800   65  s    3       sun.misc.URLClassPath::getNextLoader (88 bytes)
Event: 1.455 Thread 0x00007effb00b4800 nmethod 65 0x00007effa112dd90 code [0x00007effa112df80, 0x00007effa112e7e8]
Event: 1.455 Thread 0x00007effb00b4800   66       3       java.util.zip.ZStreamRef::address (5 bytes)
Event: 1.455 Thread 0x00007effb00b4800 nmethod 66 0x00007effa112ec50 code [0x00007effa112eda0, 0x00007effa112eef0]
Event: 1.524 Thread 0x00007effb00b4800   68       3       java.util.concurrent.ConcurrentHashMap::setTabAt (19 bytes)
Event: 1.524 Thread 0x00007effb00b4800 nmethod 68 0x00007effa1137150 code [0x00007effa11372a0, 0x00007effa1137410]

GC Heap History (0 events):
No events

Deoptimization events (0 events):
No events

Classes redefined (0 events):
No events

Internal exceptions (5 events):
Event: 0.266 Thread 0x00007effb000b800 Exception <a 'java/lang/NoSuchMethodError': Method sun.misc.Unsafe.defineClass(Ljava/lang/String;[BII)Ljava/lang/Class; name or signature does not match> (0x00000000f0807cc8) thrown at [/build/openjdk-8-58sEEn/openjdk-8-8u242-b08/src/hotspot/src/share/vm/
Event: 0.267 Thread 0x00007effb000b800 Exception <a 'java/lang/NoSuchMethodError': Method sun.misc.Unsafe.prefetchRead(Ljava/lang/Object;J)V name or signature does not match> (0x00000000f0807fb0) thrown at [/build/openjdk-8-58sEEn/openjdk-8-8u242-b08/src/hotspot/src/share/vm/prims/jni.cpp, lin
Event: 0.770 Thread 0x00007effb000b800 Exception <a 'java/util/zip/ZipException'> (0x00000000f085dec8) thrown at [/build/openjdk-8-58sEEn/openjdk-8-8u242-b08/src/hotspot/src/share/vm/prims/jni.cpp, line 710]
Event: 0.770 Thread 0x00007effb000b800 Exception <a 'java/security/PrivilegedActionException'> (0x00000000f085e168) thrown at [/build/openjdk-8-58sEEn/openjdk-8-8u242-b08/src/hotspot/src/share/vm/prims/jvm.cpp, line 1502]
Event: 0.770 Thread 0x00007effb000b800 Exception <a 'java/security/PrivilegedActionException'> (0x00000000f085e378) thrown at [/build/openjdk-8-58sEEn/openjdk-8-8u242-b08/src/hotspot/src/share/vm/prims/jvm.cpp, line 1502]

Events (10 events):
Event: 1.385 loading class mpi/Constant
Event: 1.385 loading class mpi/Constant done
Event: 1.386 loading class mpi/Errhandler
Event: 1.386 loading class mpi/Errhandler done
Event: 1.454 loading class mpi/Intracomm
Event: 1.454 loading class mpi/Intracomm done
Event: 1.455 loading class mpi/Comm
Event: 1.455 loading class mpi/Comm done
Event: 1.524 loading class mpi/Version
Event: 1.524 loading class mpi/Version done


Dynamic libraries:
f0800000-f0d50000 rw-p 00000000 00:00 0 
f0d50000-f5aa0000 ---p 00000000 00:00 0 
f5aa0000-f6550000 rw-p 00000000 00:00 0 
f6550000-100000000 ---p 00000000 00:00 0 
100000000-100080000 rw-p 00000000 00:00 0 
100080000-140000000 ---p 00000000 00:00 0 
562723625000-562723626000 r-xp 00000000 fc:01 1302575                    /usr/lib/jvm/java-8-openjdk-amd64/jre/bin/java
562723825000-562723826000 r--p 00000000 fc:01 1302575                    /usr/lib/jvm/java-8-openjdk-amd64/jre/bin/java
562723826000-562723827000 rw-p 00001000 fc:01 1302575                    /usr/lib/jvm/java-8-openjdk-amd64/jre/bin/java
562724ca4000-562724cc5000 rw-p 00000000 00:00 0                          [heap]
7eff74000000-7eff74021000 rw-p 00000000 00:00 0 
7eff74021000-7eff78000000 ---p 00000000 00:00 0 
7eff78000000-7eff78021000 rw-p 00000000 00:00 0 
7eff78021000-7eff7c000000 ---p 00000000 00:00 0 
7eff7c50f000-7eff7c511000 r-xp 00000000 fc:01 782288                     /usr/local/lib/pmix/mca_pshmem_mmap.so
7eff7c511000-7eff7c710000 ---p 00002000 fc:01 782288                     /usr/local/lib/pmix/mca_pshmem_mmap.so
7eff7c710000-7eff7c711000 r--p 00001000 fc:01 782288                     /usr/local/lib/pmix/mca_pshmem_mmap.so
7eff7c711000-7eff7c712000 rw-p 00002000 fc:01 782288                     /usr/local/lib/pmix/mca_pshmem_mmap.so
7eff7c712000-7eff7c716000 r-xp 00000000 fc:01 782262                     /usr/local/lib/pmix/mca_gds_ds21.so
7eff7c716000-7eff7c915000 ---p 00004000 fc:01 782262                     /usr/local/lib/pmix/mca_gds_ds21.so
7eff7c915000-7eff7c916000 r--p 00003000 fc:01 782262                     /usr/local/lib/pmix/mca_gds_ds21.so
7eff7c916000-7eff7c917000 rw-p 00004000 fc:01 782262                     /usr/local/lib/pmix/mca_gds_ds21.so
7eff7c917000-7eff7c927000 r-xp 00000000 fc:01 782264                     /usr/local/lib/pmix/mca_gds_hash.so
7eff7c927000-7eff7cb27000 ---p 00010000 fc:01 782264                     /usr/local/lib/pmix/mca_gds_hash.so
7eff7cb27000-7eff7cb28000 r--p 00010000 fc:01 782264                     /usr/local/lib/pmix/mca_gds_hash.so
7eff7cb28000-7eff7cb29000 rw-p 00011000 fc:01 782264                     /usr/local/lib/pmix/mca_gds_hash.so
7eff7cb29000-7eff7cb3b000 r-xp 00000000 fc:01 29681                      /usr/local/lib/libmca_common_dstore.so.1.0.0
7eff7cb3b000-7eff7cd3a000 ---p 00012000 fc:01 29681                      /usr/local/lib/libmca_common_dstore.so.1.0.0
7eff7cd3a000-7eff7cd3b000 r--p 00011000 fc:01 29681                      /usr/local/lib/libmca_common_dstore.so.1.0.0
7eff7cd3b000-7eff7cd3c000 rw-p 00012000 fc:01 29681                      /usr/local/lib/libmca_common_dstore.so.1.0.0
7eff7cd3c000-7eff7cd40000 r-xp 00000000 fc:01 782260                     /usr/local/lib/pmix/mca_gds_ds12.so
7eff7cd40000-7eff7cf3f000 ---p 00004000 fc:01 782260                     /usr/local/lib/pmix/mca_gds_ds12.so
7eff7cf3f000-7eff7cf40000 r--p 00003000 fc:01 782260                     /usr/local/lib/pmix/mca_gds_ds12.so
7eff7cf40000-7eff7cf41000 rw-p 00004000 fc:01 782260                     /usr/local/lib/pmix/mca_gds_ds12.so
7eff7cf41000-7eff7cf49000 r-xp 00000000 fc:01 782292                     /usr/local/lib/pmix/mca_ptl_usock.so
7eff7cf49000-7eff7d148000 ---p 00008000 fc:01 782292                     /usr/local/lib/pmix/mca_ptl_usock.so
7eff7d148000-7eff7d149000 r--p 00007000 fc:01 782292                     /usr/local/lib/pmix/mca_ptl_usock.so
7eff7d149000-7eff7d14a000 rw-p 00008000 fc:01 782292                     /usr/local/lib/pmix/mca_ptl_usock.so
7eff7d14a000-7eff7d15c000 r-xp 00000000 fc:01 782290                     /usr/local/lib/pmix/mca_ptl_tcp.so
7eff7d15c000-7eff7d35b000 ---p 00012000 fc:01 782290                     /usr/local/lib/pmix/mca_ptl_tcp.so
7eff7d35b000-7eff7d35c000 r--p 00011000 fc:01 782290                     /usr/local/lib/pmix/mca_ptl_tcp.so
7eff7d35c000-7eff7d35d000 rw-p 00012000 fc:01 782290                     /usr/local/lib/pmix/mca_ptl_tcp.so
7eff7d35d000-7eff7d36f000 r-xp 00000000 fc:01 782252                     /usr/local/lib/pmix/mca_bfrops_v12.so
7eff7d36f000-7eff7d56e000 ---p 00012000 fc:01 782252                     /usr/local/lib/pmix/mca_bfrops_v12.so
7eff7d56e000-7eff7d56f000 r--p 00011000 fc:01 782252                     /usr/local/lib/pmix/mca_bfrops_v12.so
7eff7d56f000-7eff7d570000 rw-p 00012000 fc:01 782252                     /usr/local/lib/pmix/mca_bfrops_v12.so
7eff7d570000-7eff7d589000 r-xp 00000000 fc:01 782254                     /usr/local/lib/pmix/mca_bfrops_v20.so
7eff7d589000-7eff7d788000 ---p 00019000 fc:01 782254                     /usr/local/lib/pmix/mca_bfrops_v20.so
7eff7d788000-7eff7d789000 r--p 00018000 fc:01 782254                     /usr/local/lib/pmix/mca_bfrops_v20.so
7eff7d789000-7eff7d78a000 rw-p 00019000 fc:01 782254                     /usr/local/lib/pmix/mca_bfrops_v20.so
7eff7d78a000-7eff7d792000 r-xp 00000000 fc:01 782258                     /usr/local/lib/pmix/mca_bfrops_v3.so
7eff7d792000-7eff7d991000 ---p 00008000 fc:01 782258                     /usr/local/lib/pmix/mca_bfrops_v3.so
7eff7d991000-7eff7d992000 r--p 00007000 fc:01 782258                     /usr/local/lib/pmix/mca_bfrops_v3.so
7eff7d992000-7eff7d993000 rw-p 00008000 fc:01 782258                     /usr/local/lib/pmix/mca_bfrops_v3.so
7eff7d993000-7eff7d99a000 r-xp 00000000 fc:01 782256                     /usr/local/lib/pmix/mca_bfrops_v21.so
7eff7d99a000-7eff7db9a000 ---p 00007000 fc:01 782256                     /usr/local/lib/pmix/mca_bfrops_v21.so
7eff7db9a000-7eff7db9b000 r--p 00007000 fc:01 782256                     /usr/local/lib/pmix/mca_bfrops_v21.so
7eff7db9b000-7eff7db9c000 rw-p 00008000 fc:01 782256                     /usr/local/lib/pmix/mca_bfrops_v21.so
7eff7db9c000-7eff7dce8000 r-xp 00000000 fc:01 782295                     /usr/local/lib/openmpi/mca_pmix_pmix3x.so
7eff7dce8000-7eff7dee8000 ---p 0014c000 fc:01 782295                     /usr/local/lib/openmpi/mca_pmix_pmix3x.so
7eff7dee8000-7eff7dee9000 r--p 0014c000 fc:01 782295                     /usr/local/lib/openmpi/mca_pmix_pmix3x.so
7eff7dee9000-7eff7deee000 rw-p 0014d000 fc:01 782295                     /usr/local/lib/openmpi/mca_pmix_pmix3x.so
7eff7deee000-7eff7def1000 rw-p 00000000 00:00 0 
7eff7def4000-7eff7def6000 r-xp 00000000 fc:01 782278                     /usr/local/lib/pmix/mca_psec_native.so
7eff7def6000-7eff7e0f5000 ---p 00002000 fc:01 782278                     /usr/local/lib/pmix/mca_psec_native.so
7eff7e0f5000-7eff7e0f6000 r--p 00001000 fc:01 782278                     /usr/local/lib/pmix/mca_psec_native.so
7eff7e0f6000-7eff7e0f7000 rw-p 00002000 fc:01 782278                     /usr/local/lib/pmix/mca_psec_native.so
7eff7e0f7000-7eff7e0f8000 ---p 00000000 00:00 0 
7eff7e0f8000-7eff7e8f8000 rw-p 00000000 00:00 0 
7eff7e8f8000-7eff7e8fc000 r-xp 00000000 fc:01 782352                     /usr/local/lib/openmpi/mca_ess_pmi.so
7eff7e8fc000-7eff7eafb000 ---p 00004000 fc:01 782352                     /usr/local/lib/openmpi/mca_ess_pmi.so
7eff7eafb000-7eff7eafc000 r--p 00003000 fc:01 782352                     /usr/local/lib/openmpi/mca_ess_pmi.so
7eff7eafc000-7eff7eafd000 rw-p 00004000 fc:01 782352                     /usr/local/lib/openmpi/mca_ess_pmi.so
7eff7eafd000-7eff7eafe000 r-xp 00000000 fc:01 782435                     /usr/local/lib/openmpi/mca_schizo_orte.so
7eff7eafe000-7eff7ecfd000 ---p 00001000 fc:01 782435                     /usr/local/lib/openmpi/mca_schizo_orte.so
7eff7ecfd000-7eff7ecfe000 r--p 00000000 fc:01 782435                     /usr/local/lib/openmpi/mca_schizo_orte.so
7eff7ecfe000-7eff7ecff000 rw-p 00001000 fc:01 782435                     /usr/local/lib/openmpi/mca_schizo_orte.so
7eff7ecff000-7eff7ed01000 r-xp 00000000 fc:01 782437                     /usr/local/lib/openmpi/mca_schizo_slurm.so
7eff7ed01000-7eff7ef00000 ---p 00002000 fc:01 782437                     /usr/local/lib/openmpi/mca_schizo_slurm.so
7eff7ef00000-7eff7ef01000 r--p 00001000 fc:01 782437                     /usr/local/lib/openmpi/mca_schizo_slurm.so
7eff7ef01000-7eff7ef02000 rw-p 00002000 fc:01 782437                     /usr/local/lib/openmpi/mca_schizo_slurm.so
7eff7ef02000-7eff7ef0a000 r-xp 00000000 fc:01 782433                     /usr/local/lib/openmpi/mca_schizo_ompi.so
7eff7ef0a000-7eff7f109000 ---p 00008000 fc:01 782433                     /usr/local/lib/openmpi/mca_schizo_ompi.so
7eff7f109000-7eff7f10a000 r--p 00007000 fc:01 782433                     /usr/local/lib/openmpi/mca_schizo_ompi.so
7eff7f10a000-7eff7f10c000 rw-p 00008000 fc:01 782433                     /usr/local/lib/openmpi/mca_schizo_ompi.so
7eff7f10c000-7eff7f10d000 r-xp 00000000 fc:01 782431                     /usr/local/lib/openmpi/mca_schizo_flux.so
7eff7f10d000-7eff7f30d000 ---p 00001000 fc:01 782431                     /usr/local/lib/openmpi/mca_schizo_flux.so
7eff7f30d000-7eff7f30e000 r--p 00001000 fc:01 782431                     /usr/local/lib/openmpi/mca_schizo_flux.so
7eff7f30e000-7eff7f30f000 rw-p 00002000 fc:01 782431                     /usr/local/lib/openmpi/mca_schizo_flux.so
7eff7f30f000-7eff7f311000 r-xp 00000000 fc:01 782301                     /usr/local/lib/openmpi/mca_reachable_weighted.so
7eff7f311000-7eff7f510000 ---p 00002000 fc:01 782301                     /usr/local/lib/openmpi/mca_reachable_weighted.so
7eff7f510000-7eff7f511000 r--p 00001000 fc:01 782301                     /usr/local/lib/openmpi/mca_reachable_weighted.so
7eff7f511000-7eff7f512000 rw-p 00002000 fc:01 782301                     /usr/local/lib/openmpi/mca_reachable_weighted.so
7eff7f512000-7eff7f515000 r-xp 00000000 fc:01 782304                     /usr/local/lib/openmpi/mca_shmem_mmap.so
7eff7f515000-7eff7f714000 ---p 00003000 fc:01 782304                     /usr/local/lib/openmpi/mca_shmem_mmap.so
7eff7f714000-7eff7f715000 r--p 00002000 fc:01 782304                     /usr/local/lib/openmpi/mca_shmem_mmap.so
7eff7f715000-7eff7f716000 rw-p 00003000 fc:01 782304                     /usr/local/lib/openmpi/mca_shmem_mmap.so
7eff7f716000-7eff7f7cb000 r-xp 00000000 fc:01 29711                      /usr/local/lib/libopen-rte.so.40.20.1
7eff7f7cb000-7eff7f9ca000 ---p 000b5000 fc:01 29711                      /usr/local/lib/libopen-rte.so.40.20.1
7eff7f9ca000-7eff7f9cc000 r--p 000b4000 fc:01 29711                      /usr/local/lib/libopen-rte.so.40.20.1
7eff7f9cc000-7eff7f9d0000 rw-p 000b6000 fc:01 29711                      /usr/local/lib/libopen-rte.so.40.20.1
7eff7f9d0000-7eff7f9d3000 rw-p 00000000 00:00 0 
7eff7f9d3000-7eff7fad6000 r-xp 00000000 fc:01 13011                      /usr/local/lib/libopen-pal.so.40.20.1
7eff7fad6000-7eff7fcd6000 ---p 00103000 fc:01 13011                      /usr/local/lib/libopen-pal.so.40.20.1
7eff7fcd6000-7eff7fcd9000 r--p 00103000 fc:01 13011                      /usr/local/lib/libopen-pal.so.40.20.1
7eff7fcd9000-7eff7fcdf000 rw-p 00106000 fc:01 13011                      /usr/local/lib/libopen-pal.so.40.20.1
7eff7fcdf000-7eff7fce6000 rw-p 00000000 00:00 0 
7eff7fce6000-7eff7fddc000 r-xp 00000000 fc:01 29875                      /usr/local/lib/libmpi.so.40.20.1
7eff7fddc000-7eff7ffdb000 ---p 000f6000 fc:01 29875                      /usr/local/lib/libmpi.so.40.20.1
7eff7ffdb000-7eff7ffdd000 r--p 000f5000 fc:01 29875                      /usr/local/lib/libmpi.so.40.20.1
7eff7ffdd000-7eff7ffee000 rw-p 000f7000 fc:01 29875                      /usr/local/lib/libmpi.so.40.20.1
7eff7ffee000-7eff80000000 rw-p 00000000 00:00 0 
7eff80000000-7eff801b3000 rw-p 00000000 00:00 0 
7eff801b3000-7eff84000000 ---p 00000000 00:00 0 
7eff84000000-7eff84021000 rw-p 00000000 00:00 0 
7eff84021000-7eff88000000 ---p 00000000 00:00 0 
7eff88000000-7eff88021000 rw-p 00000000 00:00 0 
7eff88021000-7eff8c000000 ---p 00000000 00:00 0 
7eff8c000000-7eff8c04f000 rw-p 00000000 00:00 0 
7eff8c04f000-7eff90000000 ---p 00000000 00:00 0 
7eff90000000-7eff90021000 rw-p 00000000 00:00 0 
7eff90021000-7eff94000000 ---p 00000000 00:00 0 
7eff94000000-7eff94021000 rw-p 00000000 00:00 0 
7eff94021000-7eff98000000 ---p 00000000 00:00 0 
7eff9800c000-7eff9800e000 r-xp 00000000 fc:01 2182                       /lib/x86_64-linux-gnu/libutil-2.27.so
7eff9800e000-7eff9820d000 ---p 00002000 fc:01 2182                       /lib/x86_64-linux-gnu/libutil-2.27.so
7eff9820d000-7eff9820e000 r--p 00001000 fc:01 2182                       /lib/x86_64-linux-gnu/libutil-2.27.so
7eff9820e000-7eff9820f000 rw-p 00002000 fc:01 2182                       /lib/x86_64-linux-gnu/libutil-2.27.so
7eff9820f000-7eff98237000 r-xp 00000000 fc:01 71469                      /usr/local/lib/libmpi_java.so.40.20.0
7eff98237000-7eff98436000 ---p 00028000 fc:01 71469                      /usr/local/lib/libmpi_java.so.40.20.0
7eff98436000-7eff98437000 r--p 00027000 fc:01 71469                      /usr/local/lib/libmpi_java.so.40.20.0
7eff98437000-7eff98438000 rw-p 00028000 fc:01 71469                      /usr/local/lib/libmpi_java.so.40.20.0
7eff98438000-7eff98455000 r--s 00142000 fc:01 527719                     /home/mpiuser/cloud/fyp/java_client/lib/spring-web-5.2.5.RELEASE.jar
7eff98455000-7eff98462000 r--s 00090000 fc:01 527704                     /home/mpiuser/cloud/fyp/java_client/lib/amqp-client-5.8.0.jar
7eff98462000-7eff98477000 r--s 00142000 fc:01 527710                     /home/mpiuser/cloud/fyp/java_client/lib/jackson-databind-2.10.2.jar
7eff98477000-7eff9848c000 r--s 00142000 fc:01 527711                     /home/mpiuser/cloud/fyp/java_client/lib/jackson-databind-2.10.3.jar
7eff9848c000-7eff9b48d000 rw-p 00000000 00:00 0 
7eff9b48d000-7eff9b4a4000 r-xp 00000000 fc:01 1302611                    /usr/lib/jvm/java-8-openjdk-amd64/jre/lib/amd64/libnet.so
7eff9b4a4000-7eff9b6a3000 ---p 00017000 fc:01 1302611                    /usr/lib/jvm/java-8-openjdk-amd64/jre/lib/amd64/libnet.so
7eff9b6a3000-7eff9b6a4000 r--p 00016000 fc:01 1302611                    /usr/lib/jvm/java-8-openjdk-amd64/jre/lib/amd64/libnet.so
7eff9b6a4000-7eff9b6a5000 rw-p 00017000 fc:01 1302611                    /usr/lib/jvm/java-8-openjdk-amd64/jre/lib/amd64/libnet.so
7eff9b6a5000-7eff9b6b6000 r-xp 00000000 fc:01 1302612                    /usr/lib/jvm/java-8-openjdk-amd64/jre/lib/amd64/libnio.so
7eff9b6b6000-7eff9b8b6000 ---p 00011000 fc:01 1302612                    /usr/lib/jvm/java-8-openjdk-amd64/jre/lib/amd64/libnio.so
7eff9b8b6000-7eff9b8b7000 r--p 00011000 fc:01 1302612                    /usr/lib/jvm/java-8-openjdk-amd64/jre/lib/amd64/libnio.so
7eff9b8b7000-7eff9b8b8000 rw-p 00012000 fc:01 1302612                    /usr/lib/jvm/java-8-openjdk-amd64/jre/lib/amd64/libnio.so
7eff9b8b8000-7eff9b8d3000 r--s 001d6000 fc:01 1555512                    /usr/lib/jvm/java-8-openjdk-amd64/jre/lib/ext/nashorn.jar
7eff9b8d3000-7eff9b8ee000 r--s 00394000 fc:01 1555507                    /usr/lib/jvm/java-8-openjdk-amd64/jre/lib/ext/cldrdata.jar
7eff9b8ee000-7eff9b8ef000 ---p 00000000 00:00 0 
7eff9b8ef000-7eff9b9ef000 rw-p 00000000 00:00 0 
7eff9b9ef000-7eff9b9f2000 ---p 00000000 00:00 0 
7eff9b9f2000-7eff9baf0000 rw-p 00000000 00:00 0 
7eff9baf0000-7eff9baf1000 ---p 00000000 00:00 0 
7eff9baf1000-7eff9baf4000 ---p 00000000 00:00 0 
7eff9baf4000-7eff9bbf1000 rw-p 00000000 00:00 0 
7eff9bbf1000-7eff9bbf2000 ---p 00000000 00:00 0 
7eff9bbf2000-7eff9bbf5000 ---p 00000000 00:00 0 
7eff9bbf5000-7eff9bcf2000 rw-p 00000000 00:00 0 
7eff9bcf2000-7eff9be65000 r--p 00000000 fc:01 7801                       /usr/lib/locale/C.UTF-8/LC_COLLATE
7eff9be65000-7eff9c000000 r--p 00000000 fc:01 7796                       /usr/lib/locale/locale-archive
7eff9c000000-7eff9c021000 rw-p 00000000 00:00 0 
7eff9c021000-7effa0000000 ---p 00000000 00:00 0 
7effa0009000-7effa000b000 rw-s 00000000 fc:01 1039768                    /tmp/ompi.openmpi-master.1000/pid.7313/pmix_dstor_ds21_7313/smlockseg-789446657
7effa000b000-7effa000e000 ---p 00000000 00:00 0 
7effa000e000-7effa010c000 rw-p 00000000 00:00 0 
7effa010c000-7effa013d000 r--p 00000000 fc:01 7802                       /usr/lib/locale/C.UTF-8/LC_CTYPE
7effa013d000-7effa0140000 ---p 00000000 00:00 0 
7effa0140000-7effa023e000 rw-p 00000000 00:00 0 
7effa023e000-7effa0241000 ---p 00000000 00:00 0 
7effa0241000-7effa033f000 rw-p 00000000 00:00 0 
7effa033f000-7effa0340000 ---p 00000000 00:00 0 
7effa0340000-7effa08c0000 rw-p 00000000 00:00 0 
7effa08c0000-7effa0c40000 ---p 00000000 00:00 0 
7effa0c40000-7effa0c4a000 rw-p 00000000 00:00 0 
7effa0c4a000-7effa1000000 ---p 00000000 00:00 0 
7effa1000000-7effa1270000 rwxp 00000000 00:00 0 
7effa1270000-7effb0000000 ---p 00000000 00:00 0 
7effb0000000-7effb025f000 rw-p 00000000 00:00 0 
7effb025f000-7effb4000000 ---p 00000000 00:00 0 
7effb4001000-7effb4002000 r--s 00000000 fc:01 1039769                    /tmp/ompi.openmpi-master.1000/pid.7313/pmix_dstor_ds12_7313/initial-pmix_shared-segment-0
7effb4002000-7effb4003000 rw-s 00000000 fc:01 1039824                    /tmp/ompi.openmpi-master.1000/pid.7313/pmix_dstor_ds12_7313/dstore_sm.lock
7effb4003000-7effb4004000 r--s 0000f000 fc:01 527712                     /home/mpiuser/cloud/fyp/java_client/lib/mpi.jar
7effb4004000-7effb4007000 r--s 0000e000 fc:01 527707                     /home/mpiuser/cloud/fyp/java_client/lib/jackson-annotations-2.10.3.jar
7effb4007000-7effb4008000 r--s 00003000 fc:01 527715                     /home/mpiuser/cloud/fyp/java_client/lib/slf4j-simple-1.7.30.jar
7effb4008000-7effb4009000 r--s 00005000 fc:01 527718                     /home/mpiuser/cloud/fyp/java_client/lib/spring-jcl-5.2.5.RELEASE.jar
7effb4009000-7effb400d000 r--s 0003a000 fc:01 1555515                    /usr/lib/jvm/java-8-openjdk-amd64/jre/lib/ext/sunpkcs11.jar
7effb400d000-7effb4012000 r--s 0003d000 fc:01 1555514                    /usr/lib/jvm/java-8-openjdk-amd64/jre/lib/ext/sunjce_provider.jar
7effb4012000-7effb4013000 r--s 00010000 fc:01 1555516                    /usr/lib/jvm/java-8-openjdk-amd64/jre/lib/ext/zipfs.jar
7effb4013000-7effb4014000 r--s 0000a000 fc:01 1555510                    /usr/lib/jvm/java-8-openjdk-amd64/jre/lib/ext/jaccess.jar
7effb4014000-7effb4016000 r--s 00007000 fc:01 29606                      /usr/share/java/java-atk-wrapper.jar
7effb4016000-7effb4064000 rw-p 00000000 00:00 0 
7effb4064000-7effb4234000 r--s 03c68000 fc:01 1302635                    /usr/lib/jvm/java-8-openjdk-amd64/jre/lib/rt.jar
7effb4234000-7effb432d000 rw-p 00000000 00:00 0 
7effb432d000-7effb4335000 r-xp 00000000 fc:01 1302619                    /usr/lib/jvm/java-8-openjdk-amd64/jre/lib/amd64/libzip.so
7effb4335000-7effb4534000 ---p 00008000 fc:01 1302619                    /usr/lib/jvm/java-8-openjdk-amd64/jre/lib/amd64/libzip.so
7effb4534000-7effb4535000 r--p 00007000 fc:01 1302619                    /usr/lib/jvm/java-8-openjdk-amd64/jre/lib/amd64/libzip.so
7effb4535000-7effb4536000 rw-p 00008000 fc:01 1302619                    /usr/lib/jvm/java-8-openjdk-amd64/jre/lib/amd64/libzip.so
7effb4536000-7effb4541000 r-xp 00000000 fc:01 2093                       /lib/x86_64-linux-gnu/libnss_files-2.27.so
7effb4541000-7effb4740000 ---p 0000b000 fc:01 2093                       /lib/x86_64-linux-gnu/libnss_files-2.27.so
7effb4740000-7effb4741000 r--p 0000a000 fc:01 2093                       /lib/x86_64-linux-gnu/libnss_files-2.27.so
7effb4741000-7effb4742000 rw-p 0000b000 fc:01 2093                       /lib/x86_64-linux-gnu/libnss_files-2.27.so
7effb4742000-7effb4748000 rw-p 00000000 00:00 0 
7effb4748000-7effb475f000 r-xp 00000000 fc:01 2090                       /lib/x86_64-linux-gnu/libnsl-2.27.so
7effb475f000-7effb495e000 ---p 00017000 fc:01 2090                       /lib/x86_64-linux-gnu/libnsl-2.27.so
7effb495e000-7effb495f000 r--p 00016000 fc:01 2090                       /lib/x86_64-linux-gnu/libnsl-2.27.so
7effb495f000-7effb4960000 rw-p 00017000 fc:01 2090                       /lib/x86_64-linux-gnu/libnsl-2.27.so
7effb4960000-7effb4962000 rw-p 00000000 00:00 0 
7effb4962000-7effb496d000 r-xp 00000000 fc:01 2095                       /lib/x86_64-linux-gnu/libnss_nis-2.27.so
7effb496d000-7effb4b6c000 ---p 0000b000 fc:01 2095                       /lib/x86_64-linux-gnu/libnss_nis-2.27.so
7effb4b6c000-7effb4b6d000 r--p 0000a000 fc:01 2095                       /lib/x86_64-linux-gnu/libnss_nis-2.27.so
7effb4b6d000-7effb4b6e000 rw-p 0000b000 fc:01 2095                       /lib/x86_64-linux-gnu/libnss_nis-2.27.so
7effb4b6e000-7effb4b76000 r-xp 00000000 fc:01 2091                       /lib/x86_64-linux-gnu/libnss_compat-2.27.so
7effb4b76000-7effb4d76000 ---p 00008000 fc:01 2091                       /lib/x86_64-linux-gnu/libnss_compat-2.27.so
7effb4d76000-7effb4d77000 r--p 00008000 fc:01 2091                       /lib/x86_64-linux-gnu/libnss_compat-2.27.so
7effb4d77000-7effb4d78000 rw-p 00009000 fc:01 2091                       /lib/x86_64-linux-gnu/libnss_compat-2.27.so
7effb4d78000-7effb4da2000 r-xp 00000000 fc:01 1302600                    /usr/lib/jvm/java-8-openjdk-amd64/jre/lib/amd64/libjava.so
7effb4da2000-7effb4fa1000 ---p 0002a000 fc:01 1302600                    /usr/lib/jvm/java-8-openjdk-amd64/jre/lib/amd64/libjava.so
7effb4fa1000-7effb4fa2000 r--p 00029000 fc:01 1302600                    /usr/lib/jvm/java-8-openjdk-amd64/jre/lib/amd64/libjava.so
7effb4fa2000-7effb4fa4000 rw-p 0002a000 fc:01 1302600                    /usr/lib/jvm/java-8-openjdk-amd64/jre/lib/amd64/libjava.so
7effb4fa4000-7effb4fb4000 r-xp 00000000 fc:01 1302618                    /usr/lib/jvm/java-8-openjdk-amd64/jre/lib/amd64/libverify.so
7effb4fb4000-7effb51b3000 ---p 00010000 fc:01 1302618                    /usr/lib/jvm/java-8-openjdk-amd64/jre/lib/amd64/libverify.so
7effb51b3000-7effb51b5000 r--p 0000f000 fc:01 1302618                    /usr/lib/jvm/java-8-openjdk-amd64/jre/lib/amd64/libverify.so
7effb51b5000-7effb51b6000 rw-p 00011000 fc:01 1302618                    /usr/lib/jvm/java-8-openjdk-amd64/jre/lib/amd64/libverify.so
7effb51b6000-7effb51bd000 r-xp 00000000 fc:01 2180                       /lib/x86_64-linux-gnu/librt-2.27.so
7effb51bd000-7effb53bc000 ---p 00007000 fc:01 2180                       /lib/x86_64-linux-gnu/librt-2.27.so
7effb53bc000-7effb53bd000 r--p 00006000 fc:01 2180                       /lib/x86_64-linux-gnu/librt-2.27.so
7effb53bd000-7effb53be000 rw-p 00007000 fc:01 2180                       /lib/x86_64-linux-gnu/librt-2.27.so
7effb53be000-7effb53d5000 r-xp 00000000 fc:01 29154                      /lib/x86_64-linux-gnu/libgcc_s.so.1
7effb53d5000-7effb55d4000 ---p 00017000 fc:01 29154                      /lib/x86_64-linux-gnu/libgcc_s.so.1
7effb55d4000-7effb55d5000 r--p 00016000 fc:01 29154                      /lib/x86_64-linux-gnu/libgcc_s.so.1
7effb55d5000-7effb55d6000 rw-p 00017000 fc:01 29154                      /lib/x86_64-linux-gnu/libgcc_s.so.1
7effb55d6000-7effb5773000 r-xp 00000000 fc:01 2087                       /lib/x86_64-linux-gnu/libm-2.27.so
7effb5773000-7effb5972000 ---p 0019d000 fc:01 2087                       /lib/x86_64-linux-gnu/libm-2.27.so
7effb5972000-7effb5973000 r--p 0019c000 fc:01 2087                       /lib/x86_64-linux-gnu/libm-2.27.so
7effb5973000-7effb5974000 rw-p 0019d000 fc:01 2087                       /lib/x86_64-linux-gnu/libm-2.27.so
7effb5974000-7effb5aed000 r-xp 00000000 fc:01 4344                       /usr/lib/x86_64-linux-gnu/libstdc++.so.6.0.25
7effb5aed000-7effb5ced000 ---p 00179000 fc:01 4344                       /usr/lib/x86_64-linux-gnu/libstdc++.so.6.0.25
7effb5ced000-7effb5cf7000 r--p 00179000 fc:01 4344                       /usr/lib/x86_64-linux-gnu/libstdc++.so.6.0.25
7effb5cf7000-7effb5cf9000 rw-p 00183000 fc:01 4344                       /usr/lib/x86_64-linux-gnu/libstdc++.so.6.0.25
7effb5cf9000-7effb5cfd000 rw-p 00000000 00:00 0 
7effb5cfd000-7effb69a0000 r-xp 00000000 fc:01 1302622                    /usr/lib/jvm/java-8-openjdk-amd64/jre/lib/amd64/server/libjvm.so
7effb69a0000-7effb6ba0000 ---p 00ca3000 fc:01 1302622                    /usr/lib/jvm/java-8-openjdk-amd64/jre/lib/amd64/server/libjvm.so
7effb6ba0000-7effb6c34000 r--p 00ca3000 fc:01 1302622                    /usr/lib/jvm/java-8-openjdk-amd64/jre/lib/amd64/server/libjvm.so
7effb6c34000-7effb6c5d000 rw-p 00d37000 fc:01 1302622                    /usr/lib/jvm/java-8-openjdk-amd64/jre/lib/amd64/server/libjvm.so
7effb6c5d000-7effb6c8d000 rw-p 00000000 00:00 0 
7effb6c8d000-7effb6ca7000 r-xp 00000000 fc:01 2178                       /lib/x86_64-linux-gnu/libpthread-2.27.so
7effb6ca7000-7effb6ea6000 ---p 0001a000 fc:01 2178                       /lib/x86_64-linux-gnu/libpthread-2.27.so
7effb6ea6000-7effb6ea7000 r--p 00019000 fc:01 2178                       /lib/x86_64-linux-gnu/libpthread-2.27.so
7effb6ea7000-7effb6ea8000 rw-p 0001a000 fc:01 2178                       /lib/x86_64-linux-gnu/libpthread-2.27.so
7effb6ea8000-7effb6eac000 rw-p 00000000 00:00 0 
7effb6eac000-7effb6eaf000 r-xp 00000000 fc:01 2086                       /lib/x86_64-linux-gnu/libdl-2.27.so
7effb6eaf000-7effb70ae000 ---p 00003000 fc:01 2086                       /lib/x86_64-linux-gnu/libdl-2.27.so
7effb70ae000-7effb70af000 r--p 00002000 fc:01 2086                       /lib/x86_64-linux-gnu/libdl-2.27.so
7effb70af000-7effb70b0000 rw-p 00003000 fc:01 2086                       /lib/x86_64-linux-gnu/libdl-2.27.so
7effb70b0000-7effb70cc000 r-xp 00000000 fc:01 2183                       /lib/x86_64-linux-gnu/libz.so.1.2.11
7effb70cc000-7effb72cb000 ---p 0001c000 fc:01 2183                       /lib/x86_64-linux-gnu/libz.so.1.2.11
7effb72cb000-7effb72cc000 r--p 0001b000 fc:01 2183                       /lib/x86_64-linux-gnu/libz.so.1.2.11
7effb72cc000-7effb72cd000 rw-p 0001c000 fc:01 2183                       /lib/x86_64-linux-gnu/libz.so.1.2.11
7effb72cd000-7effb74b4000 r-xp 00000000 fc:01 2083                       /lib/x86_64-linux-gnu/libc-2.27.so
7effb74b4000-7effb76b4000 ---p 001e7000 fc:01 2083                       /lib/x86_64-linux-gnu/libc-2.27.so
7effb76b4000-7effb76b8000 r--p 001e7000 fc:01 2083                       /lib/x86_64-linux-gnu/libc-2.27.so
7effb76b8000-7effb76ba000 rw-p 001eb000 fc:01 2083                       /lib/x86_64-linux-gnu/libc-2.27.so
7effb76ba000-7effb76be000 rw-p 00000000 00:00 0 
7effb76be000-7effb76cc000 r-xp 00000000 fc:01 1555499                    /usr/lib/jvm/java-8-openjdk-amd64/jre/lib/amd64/jli/libjli.so
7effb76cc000-7effb78cb000 ---p 0000e000 fc:01 1555499                    /usr/lib/jvm/java-8-openjdk-amd64/jre/lib/amd64/jli/libjli.so
7effb78cb000-7effb78cc000 r--p 0000d000 fc:01 1555499                    /usr/lib/jvm/java-8-openjdk-amd64/jre/lib/amd64/jli/libjli.so
7effb78cc000-7effb78cd000 rw-p 0000e000 fc:01 1555499                    /usr/lib/jvm/java-8-openjdk-amd64/jre/lib/amd64/jli/libjli.so
7effb78cd000-7effb78f4000 r-xp 00000000 fc:01 2079                       /lib/x86_64-linux-gnu/ld-2.27.so
7effb78f4000-7effb78f5000 r--s 0000d000 fc:01 1555513                    /usr/lib/jvm/java-8-openjdk-amd64/jre/lib/ext/sunec.jar
7effb78f5000-7effb78f7000 r--s 00001000 fc:01 1555508                    /usr/lib/jvm/java-8-openjdk-amd64/jre/lib/ext/dnsns.jar
7effb78f7000-7effb78fa000 r--s 0000f000 fc:01 1555509                    /usr/lib/jvm/java-8-openjdk-amd64/jre/lib/ext/icedtea-sound.jar
7effb78fa000-7effb7904000 r--s 00116000 fc:01 1555511                    /usr/lib/jvm/java-8-openjdk-amd64/jre/lib/ext/localedata.jar
7effb7904000-7effb7905000 r--p 00000000 fc:01 7807                       /usr/lib/locale/C.UTF-8/LC_NUMERIC
7effb7905000-7effb7906000 r--p 00000000 fc:01 7810                       /usr/lib/locale/C.UTF-8/LC_TIME
7effb7906000-7effb7907000 r--p 00000000 fc:01 7805                       /usr/lib/locale/C.UTF-8/LC_MONETARY
7effb7907000-7effb7908000 r--p 00000000 fc:01 7799                       /usr/lib/locale/C.UTF-8/LC_MESSAGES/SYS_LC_MESSAGES
7effb7908000-7effb7909000 r--p 00000000 fc:01 7808                       /usr/lib/locale/C.UTF-8/LC_PAPER
7effb7909000-7effb790a000 r--p 00000000 fc:01 7806                       /usr/lib/locale/C.UTF-8/LC_NAME
7effb790a000-7effb790b000 r--p 00000000 fc:01 7800                       /usr/lib/locale/C.UTF-8/LC_ADDRESS
7effb790b000-7effb790c000 r--p 00000000 fc:01 7809                       /usr/lib/locale/C.UTF-8/LC_TELEPHONE
7effb790c000-7effb790d000 r--p 00000000 fc:01 7804                       /usr/lib/locale/C.UTF-8/LC_MEASUREMENT
7effb790d000-7effb7914000 r--s 00000000 fc:01 5010                       /usr/lib/x86_64-linux-gnu/gconv/gconv-modules.cache
7effb7914000-7effb7915000 r--p 00000000 fc:01 7803                       /usr/lib/locale/C.UTF-8/LC_IDENTIFICATION
7effb7915000-7effb791b000 rw-p 00000000 00:00 0 
7effb791b000-7effb7968000 ---p 00000000 00:00 0 
7effb7968000-7effb796b000 rw-p 00000000 00:00 0 
7effb796b000-7effb7991000 ---p 00000000 00:00 0 
7effb7991000-7effb7997000 rw-p 00000000 00:00 0 
7effb7997000-7effb79e4000 ---p 00000000 00:00 0 
7effb79e4000-7effb79e5000 rw-p 00000000 00:00 0 
7effb79e5000-7effb79e6000 ---p 00000000 00:00 0 
7effb79e6000-7effb79e9000 ---p 00000000 00:00 0 
7effb79e9000-7effb7ae8000 rw-p 00000000 00:00 0 
7effb7ae8000-7effb7af0000 rw-s 00000000 fc:01 1039847                    /tmp/hsperfdata_mpiuser/7369
7effb7af0000-7effb7af1000 rw-p 00000000 00:00 0 
7effb7af1000-7effb7af2000 r--p 00000000 00:00 0 
7effb7af2000-7effb7af4000 rw-p 00000000 00:00 0 
7effb7af4000-7effb7af5000 r--p 00027000 fc:01 2079                       /lib/x86_64-linux-gnu/ld-2.27.so
7effb7af5000-7effb7af6000 rw-p 00028000 fc:01 2079                       /lib/x86_64-linux-gnu/ld-2.27.so
7effb7af6000-7effb7af7000 rw-p 00000000 00:00 0 
7ffe7d04b000-7ffe7d06c000 rw-p 00000000 00:00 0                          [stack]
7ffe7d0b6000-7ffe7d0b9000 r--p 00000000 00:00 0                          [vvar]
7ffe7d0b9000-7ffe7d0bb000 r-xp 00000000 00:00 0                          [vdso]
ffffffffff600000-ffffffffff601000 r-xp 00000000 00:00 0                  [vsyscall]

VM Arguments:
jvm_args: -Djava.library.path=/usr/local/lib 
java_command: Client 1000000 10 0
java_class_path (initial): /home/mpiuser/cloud/fyp/java_client:./lib/spring-jcl-5.2.5.RELEASE.jar:./lib/jackson-databind-2.10.3.jar:./lib/jackson-databind-2.10.2.jar:./lib/slf4j-simple-1.7.30.jar:./lib/amqp-client-5.8.0.jar:./lib/spring-web-5.2.5.RELEASE.jar:./lib/jackson-annotations-2.10.3.jar:./lib/mpi.jar:./lib/spring-beans-5.2.5.RELEASE.jar:./lib/jackson-annotations-2.10.2.jar:./lib/jackson-core-2.10.2.jar:./lib/jackson-core-2.10.3.jar:./lib/slf4j-api-1.7.29.jar:./lib/spring-core-5.2.5.RELEASE.jar:./lib/slf4j-api-1.7.30.jar:./lib/http-client-3.6.1.RELEASE.jar:/usr/local/lib/mpi.jar
Launcher Type: SUN_STANDARD

Environment Variables:
PATH=/usr/local/sbin:/usr/local/bin:/usr/sbin:/usr/bin:/sbin:/bin:/usr/games:/usr/local/games:/snap/bin
SHELL=/bin/bash

Signal Handlers:
SIGSEGV: [libjvm.so+0xabc3b0], sa_mask[0]=11111111011111111101111111111110, sa_flags=SA_RESTART|SA_SIGINFO
SIGBUS: [libjvm.so+0xabc3b0], sa_mask[0]=11111111011111111101111111111110, sa_flags=SA_RESTART|SA_SIGINFO
SIGFPE: [libjvm.so+0x8f0bb0], sa_mask[0]=11111111011111111101111111111110, sa_flags=SA_RESTART|SA_SIGINFO
SIGPIPE: [libjvm.so+0x8f0bb0], sa_mask[0]=11111111011111111101111111111110, sa_flags=SA_RESTART|SA_SIGINFO
SIGXFSZ: [libjvm.so+0x8f0bb0], sa_mask[0]=11111111011111111101111111111110, sa_flags=SA_RESTART|SA_SIGINFO
SIGILL: [libjvm.so+0x8f0bb0], sa_mask[0]=11111111011111111101111111111110, sa_flags=SA_RESTART|SA_SIGINFO
SIGUSR1: SIG_DFL, sa_mask[0]=00000000000000000000000000000000, sa_flags=none
SIGUSR2: [libjvm.so+0x8f0a60], sa_mask[0]=00000000000000000000000000000000, sa_flags=SA_RESTART|SA_SIGINFO
SIGHUP: [libjvm.so+0x8f10d0], sa_mask[0]=11111111011111111101111111111110, sa_flags=SA_RESTART|SA_SIGINFO
SIGINT: [libjvm.so+0x8f10d0], sa_mask[0]=11111111011111111101111111111110, sa_flags=SA_RESTART|SA_SIGINFO
SIGTERM: [libjvm.so+0x8f10d0], sa_mask[0]=11111111011111111101111111111110, sa_flags=SA_RESTART|SA_SIGINFO
SIGQUIT: [libjvm.so+0x8f10d0], sa_mask[0]=11111111011111111101111111111110, sa_flags=SA_RESTART|SA_SIGINFO


---------------  S Y S T E M  ---------------

OS:DISTRIB_ID=Ubuntu
DISTRIB_RELEASE=18.04
DISTRIB_CODENAME=bionic
DISTRIB_DESCRIPTION="Ubuntu 18.04.3 LTS"

uname:Linux 4.15.0-91-generic #92-Ubuntu SMP Fri Feb 28 11:09:48 UTC 2020 x86_64
libc:glibc 2.27 NPTL 2.27 
rlimit: STACK 8192k, CORE 0k, NPROC 3837, NOFILE 1048576, AS infinity
load average:6.40 4.69 1.90

/proc/meminfo:
MemTotal:        1008492 kB
MemFree:          208148 kB
MemAvailable:     200488 kB
Buffers:            9712 kB
Cached:            91596 kB
SwapCached:            0 kB
Active:           628324 kB
Inactive:          43324 kB
Active(anon):     570752 kB
Inactive(anon):      252 kB
Active(file):      57572 kB
Inactive(file):    43072 kB
Unevictable:           0 kB
Mlocked:               0 kB
SwapTotal:             0 kB
SwapFree:              0 kB
Dirty:             10016 kB
Writeback:             0 kB
AnonPages:        570484 kB
Mapped:            58136 kB
Shmem:               648 kB
Slab:              71772 kB
SReclaimable:      26704 kB
SUnreclaim:        45068 kB
KernelStack:        9952 kB
PageTables:        23696 kB
NFS_Unstable:          0 kB
Bounce:                0 kB
WritebackTmp:          0 kB
CommitLimit:      504244 kB
Committed_AS:    4458164 kB
VmallocTotal:   34359738367 kB
VmallocUsed:           0 kB
VmallocChunk:          0 kB
HardwareCorrupted:     0 kB
AnonHugePages:         0 kB
ShmemHugePages:        0 kB
ShmemPmdMapped:        0 kB
CmaTotal:              0 kB
CmaFree:               0 kB
HugePages_Total:       0
HugePages_Free:        0
HugePages_Rsvd:        0
HugePages_Surp:        0
Hugepagesize:       2048 kB
DirectMap4k:       83948 kB
DirectMap2M:      964608 kB
DirectMap1G:           0 kB

container (cgroup) information:
container_type: cgroupv1
cpu_cpuset_cpus: 0-2
cpu_memory_nodes: 0
active_processor_count: 3
cpu_quota: -1
cpu_period: 100000
cpu_shares: -1
memory_limit_in_bytes: -1
memory_and_swap_limit_in_bytes: -2
memory_soft_limit_in_bytes: -1
memory_usage_in_bytes: 639774720
memory_max_usage_in_bytes: 817807360


CPU:total 3 (initial active 3) (1 cores per cpu, 1 threads per core) family 6 model 85 stepping 4, cmov, cx8, fxsr, mmx, sse, sse2, sse3, ssse3, sse4.1, sse4.2, popcnt, avx, avx2, aes, clmul, erms, 3dnowpref, lzcnt, tsc, bmi1, bmi2, adx

/proc/cpuinfo:
processor	: 0
vendor_id	: GenuineIntel
cpu family	: 6
model		: 85
model name	: Intel(R) Xeon(R) Gold 6140 CPU @ 2.30GHz
stepping	: 4
microcode	: 0x1
cpu MHz		: 2294.608
cache size	: 4096 KB
physical id	: 0
siblings	: 1
core id		: 0
cpu cores	: 1
apicid		: 0
initial apicid	: 0
fpu		: yes
fpu_exception	: yes
cpuid level	: 13
wp		: yes
flags		: fpu vme de pse tsc msr pae mce cx8 apic sep mtrr pge mca cmov pat pse36 clflush mmx fxsr sse sse2 ss syscall nx pdpe1gb rdtscp lm constant_tsc arch_perfmon rep_good nopl cpuid tsc_known_freq pni pclmulqdq vmx ssse3 fma cx16 pcid sse4_1 sse4_2 x2apic movbe popcnt tsc_deadline_timer aes xsave avx f16c rdrand hypervisor lahf_lm abm 3dnowprefetch cpuid_fault invpcid_single pti ssbd ibrs ibpb tpr_shadow vnmi flexpriority ept vpid fsgsbase tsc_adjust bmi1 avx2 smep bmi2 erms invpcid mpx avx512f avx512dq rdseed adx smap clflushopt clwb avx512cd avx512bw avx512vl xsaveopt xsavec xgetbv1 pku ospke md_clear
bugs		: cpu_meltdown spectre_v1 spectre_v2 spec_store_bypass l1tf mds swapgs itlb_multihit
bogomips	: 4589.21
clflush size	: 64
cache_alignment	: 64
address sizes	: 40 bits physical, 48 bits virtual
power management:

processor	: 1
vendor_id	: GenuineIntel
cpu family	: 6
model		: 85
model name	: Intel(R) Xeon(R) Gold 6140 CPU @ 2.30GHz
stepping	: 4
microcode	: 0x1
cpu MHz		: 2294.608
cache size	: 4096 KB
physical id	: 1
siblings	: 1
core id		: 0
cpu cores	: 1
apicid		: 1
initial apicid	: 1
fpu		: yes
fpu_exception	: yes
cpuid level	: 13
wp		: yes
flags		: fpu vme de pse tsc msr pae mce cx8 apic sep mtrr pge mca cmov pat pse36 clflush mmx fxsr sse sse2 ss syscall nx pdpe1gb rdtscp lm constant_tsc arch_perfmon rep_good nopl cpuid tsc_known_freq pni pclmulqdq vmx ssse3 fma cx16 pcid sse4_1 sse4_2 x2apic movbe popcnt tsc_deadline_timer aes xsave avx f16c rdrand hypervisor lahf_lm abm 3dnowprefetch cpuid_fault invpcid_single pti ssbd ibrs ibpb tpr_shadow vnmi flexpriority ept vpid fsgsbase tsc_adjust bmi1 avx2 smep bmi2 erms invpcid mpx avx512f avx512dq rdseed adx smap clflushopt clwb avx512cd avx512bw avx512vl xsaveopt xsavec xgetbv1 pku ospke md_clear
bugs		: cpu_meltdown spectre_v1 spectre_v2 spec_store_bypass l1tf mds swapgs itlb_multihit
bogomips	: 4589.21
clflush size	: 64
cache_alignment	: 64
address sizes	: 40 bits physical, 48 bits virtual
power management:

processor	: 2
vendor_id	: GenuineIntel
cpu family	: 6
model		: 85
model name	: Intel(R) Xeon(R) Gold 6140 CPU @ 2.30GHz
stepping	: 4
microcode	: 0x1
cpu MHz		: 2294.608
cache size	: 4096 KB
physical id	: 2
siblings	: 1
core id		: 0
cpu cores	: 1
apicid		: 2
initial apicid	: 2
fpu		: yes
fpu_exception	: yes
cpuid level	: 13
wp		: yes
flags		: fpu vme de pse tsc msr pae mce cx8 apic sep mtrr pge mca cmov pat pse36 clflush mmx fxsr sse sse2 ss syscall nx pdpe1gb rdtscp lm constant_tsc arch_perfmon rep_good nopl cpuid tsc_known_freq pni pclmulqdq vmx ssse3 fma cx16 pcid sse4_1 sse4_2 x2apic movbe popcnt tsc_deadline_timer aes xsave avx f16c rdrand hypervisor lahf_lm abm 3dnowprefetch cpuid_fault invpcid_single pti ssbd ibrs ibpb tpr_shadow vnmi flexpriority ept vpid fsgsbase tsc_adjust bmi1 avx2 smep bmi2 erms invpcid mpx avx512f avx512dq rdseed adx smap clflushopt clwb avx512cd avx512bw avx512vl xsaveopt xsavec xgetbv1 pku ospke md_clear
bugs		: cpu_meltdown spectre_v1 spectre_v2 spec_store_bypass l1tf mds swapgs itlb_multihit
bogomips	: 4589.21
clflush size	: 64
cache_alignment	: 64
address sizes	: 40 bits physical, 48 bits virtual
power management:



Memory: 4k page, physical 1008492k(208148k free), swap 0k(0k free)

vm_info: OpenJDK 64-Bit Server VM (25.242-b08) for linux-amd64 JRE (1.8.0_242-8u242-b08-0ubuntu3~18.04-b08), built on Jan 17 2020 23:41:21 by "buildd" with gcc 7.4.0

time: Mon Apr  6 11:41:43 2020
timezone: UTC
elapsed time: 1 seconds (0d 0h 0m 1s)

