#
# A fatal error has been detected by the Java Runtime Environment:
#
#  SIGSEGV (0xb) at pc=0x00007f6b802e412a, pid=15464, tid=0x00007f6bbb721700
#
# JRE version: OpenJDK Runtime Environment (8.0_242-b08) (build 1.8.0_242-8u242-b08-0ubuntu3~18.04-b08)
# Java VM: OpenJDK 64-Bit Server VM (25.242-b08 mixed mode linux-amd64 compressed oops)
# Problematic frame:
# C  [mca_gds_ds21.so+0x212a]  pmix_gds_ds21_lock_init+0x12a
#
# Failed to write core dump. Core dumps have been disabled. To enable core dumping, try "ulimit -c unlimited" before starting Java again
#
# If you would like to submit a bug report, please visit:
#   http://bugreport.java.com/bugreport/crash.jsp
# The crash happened outside the Java Virtual Machine in native code.
# See problematic frame for where to report the bug.
#

---------------  T H R E A D  ---------------

Current thread (0x00007f6bb400b800):  JavaThread "main" [_thread_in_native, id=15471, stack(0x00007f6bbb622000,0x00007f6bbb722000)]

siginfo: si_signo: 11 (SIGSEGV), si_code: 1 (SEGV_MAPERR), si_addr: 0x00007f6ba007f008

Registers:
RAX=0x00007f6bb4265340, RBX=0x00007f6bb4265260, RCX=0x00007f6b8070485e, RDX=0x00007fff8978dcee
RSP=0x00007f6bbb71f700, RBP=0x00007f6bb42652b8, RSI=0x0000000000085000, RDI=0x0000000000000000
R8 =0x000000000000001e, R9 =0x0000000000000000, R10=0x0000000000000001, R11=0x0000000000000000
R12=0x00007f6bb4264d98, R13=0x0000000000001000, R14=0x00007f6ba007f000, R15=0x00007f6bb42652b0
RIP=0x00007f6b802e412a, EFLAGS=0x0000000000010202, CSGSFS=0x002b000000000033, ERR=0x0000000000000004
  TRAPNO=0x000000000000000e

Top of Stack: (sp=0x00007f6bbb71f700)
0x00007f6bbb71f700:   00007f6bb4265210 00007fff8978dcee
0x00007f6bbb71f710:   0000000000085000 000003e800000002
0x00007f6bbb71f720:   0000000000000000 00007f6bbafa02ed
0x00007f6bbb71f730:   00007f6bb4264de0 ea09786eb7e1a400
0x00007f6bbb71f740:   0000000000000000 00007f6bb4264ac0
0x00007f6bbb71f750:   0000000000000000 00007fff8978dcee
0x00007f6bbb71f760:   0000000000000000 00007f6bb4264d30
0x00007f6bbb71f770:   0000000000000000 00007f6b80700bcb
0x00007f6bbb71f780:   00007f6b802e4cee 00007f6bbb71f810
0x00007f6bbb71f790:   00007f6b81881513 0000001500000040
0x00007f6bbb71f7a0:   00007f6bb4260410 ea09786eb7e1a400
0x00007f6bbb71f7b0:   00007f6b806f6280 00007f6bb425ff20
0x00007f6bbb71f7c0:   00007f6b804e62d4 00007f6b81aa70a0
0x00007f6bbb71f7d0:   00007f6b804e6180 00007f6b81aaafc0
0x00007f6bbb71f7e0:   00007f6bb4264a70 00007f6b802e3db4
0x00007f6bbb71f7f0:   00007f6b81aa7060 00007f6b81869ee8
0x00007f6bbb71f800:   00007f6b81aa7100 00007f6bbb71f834
0x00007f6bbb71f810:   00007f6bbb71f838 0000000000000000
0x00007f6bbb71f820:   0000000000000000 00007f6b81aaafd0
0x00007f6bbb71f830:   0000001e817dedb0 00007f6b804e6180
0x00007f6bbb71f840:   0000000000000000 ea09786eb7e1a400
0x00007f6bbb71f850:   00007f6b81aa70a0 0000000000000000
0x00007f6bbb71f860:   0000000000000000 00007f6bb41ef300
0x00007f6bbb71f870:   00007f6b817dedb0 00007f6b81aa6520
0x00007f6bbb71f880:   0000000000000000 00007f6b81824763
0x00007f6bbb71f890:   000000000000000c 00007f6b81aa67d8
0x00007f6bbb71f8a0:   2d69706d6e65706f 0000316576616c73
0x00007f6bbb71f8b0:   00007f6b81769100 00007f6b81764b00
0x00007f6bbb71f8c0:   00007f6b8176c64e 0000000100000000
0x00007f6bbb71f8d0:   00007f6bbb71f9d0 00007f6b00000003
0x00007f6bbb71f8e0:   00007f6bbb71f9c0 ea09786eb7e1a400
0x00007f6bbb71f8f0:   00007f6bb41ecce0 00007f6b81aa5f60 

Instructions: (pc=0x00007f6b802e412a)
0x00007f6b802e410a:   f7 ff ff 48 85 c0 49 89 47 30 0f 84 16 03 00 00
0x00007f6b802e411a:   4c 8b 70 18 49 8b 36 4c 39 ee 0f 87 ce 02 00 00
0x00007f6b802e412a:   41 8b 46 08 41 89 47 40 49 8b 56 18 4c 01 f2 85
0x00007f6b802e413a:   c0 49 89 57 38 0f 84 eb 02 00 00 31 c0 ba 01 00 

Register to memory mapping:

RAX=0x00007f6bb4265340 is an unknown value
RBX=0x00007f6bb4265260 is an unknown value
RCX=0x00007f6b8070485e: pmix_common_dstor_attach_new_lock_seg+0x1e in /usr/local/lib/libmca_common_dstore.so.1 at 0x00007f6b806f7000
RDX=0x00007fff8978dcee is an unknown value
RSP=0x00007f6bbb71f700 is pointing into the stack for thread: 0x00007f6bb400b800
RBP=0x00007f6bb42652b8 is an unknown value
RSI=0x0000000000085000 is an unknown value
RDI=0x0000000000000000 is an unknown value
R8 =0x000000000000001e is an unknown value
R9 =0x0000000000000000 is an unknown value
R10=0x0000000000000001 is an unknown value
R11=0x0000000000000000 is an unknown value
R12=0x00007f6bb4264d98 is an unknown value
R13=0x0000000000001000 is an unknown value
R14=0x00007f6ba007f000 is an unknown value
R15=0x00007f6bb42652b0 is an unknown value


Stack: [0x00007f6bbb622000,0x00007f6bbb722000],  sp=0x00007f6bbb71f700,  free space=1013k
Native frames: (J=compiled Java code, j=interpreted, Vv=VM code, C=native code)
C  [mca_gds_ds21.so+0x212a]  pmix_gds_ds21_lock_init+0x12a

Java frames: (J=compiled Java code, j=interpreted, Vv=VM code)
j  mpi.MPI.Init_jni([Ljava/lang/String;)[Ljava/lang/String;+0
j  mpi.MPI.Init([Ljava/lang/String;)[Ljava/lang/String;+17
j  Client.main([Ljava/lang/String;)V+1
v  ~StubRoutines::call_stub

---------------  P R O C E S S  ---------------

Java Threads: ( => current thread )
  0x00007f6bb40c1800 JavaThread "Service Thread" daemon [_thread_blocked, id=15582, stack(0x00007f6ba3621000,0x00007f6ba3722000)]
  0x00007f6bb40b4800 JavaThread "C1 CompilerThread1" daemon [_thread_blocked, id=15571, stack(0x00007f6ba3723000,0x00007f6ba3823000)]
  0x00007f6bb40b2000 JavaThread "C2 CompilerThread0" daemon [_thread_blocked, id=15565, stack(0x00007f6ba3824000,0x00007f6ba3924000)]
  0x00007f6bb40b0800 JavaThread "Signal Dispatcher" daemon [_thread_blocked, id=15551, stack(0x00007f6ba3924000,0x00007f6ba3a25000)]
  0x00007f6bb407e000 JavaThread "Finalizer" daemon [_thread_blocked, id=15508, stack(0x00007f6ba3d64000,0x00007f6ba3e65000)]
  0x00007f6bb4079800 JavaThread "Reference Handler" daemon [_thread_blocked, id=15499, stack(0x00007f6ba3e65000,0x00007f6ba3f66000)]
=>0x00007f6bb400b800 JavaThread "main" [_thread_in_native, id=15471, stack(0x00007f6bbb622000,0x00007f6bbb722000)]

Other Threads:
  0x00007f6bb406f800 VMThread [stack: 0x00007f6ba3f67000,0x00007f6ba4067000] [id=15483]
  0x00007f6bb40c4800 WatcherThread [stack: 0x00007f6ba3521000,0x00007f6ba3621000] [id=15596]

VM state:not at safepoint (normal execution)

VM Mutex/Monitor currently owned by a thread: None

heap address: 0x00000000f0800000, size: 248 MB, Compressed Oops mode: 32-bit
Narrow klass base: 0x0000000000000000, Narrow klass shift: 3
Compressed class space size: 1073741824 Address: 0x0000000100000000

Heap:
 def new generation   total 4928K, used 1441K [0x00000000f0800000, 0x00000000f0d50000, 0x00000000f5aa0000)
  eden space 4416K,  32% used [0x00000000f0800000, 0x00000000f0968610, 0x00000000f0c50000)
  from space 512K,   0% used [0x00000000f0c50000, 0x00000000f0c50000, 0x00000000f0cd0000)
  to   space 512K,   0% used [0x00000000f0cd0000, 0x00000000f0cd0000, 0x00000000f0d50000)
 tenured generation   total 10944K, used 0K [0x00000000f5aa0000, 0x00000000f6550000, 0x0000000100000000)
   the space 10944K,   0% used [0x00000000f5aa0000, 0x00000000f5aa0000, 0x00000000f5aa0200, 0x00000000f6550000)
 Metaspace       used 3129K, capacity 4792K, committed 5120K, reserved 1056768K
  class space    used 313K, capacity 424K, committed 512K, reserved 1048576K

Card table byte_map: [0x00007f6bbb5a4000,0x00007f6bbb621000] byte_map_base: 0x00007f6bbae20000

Polling page: 0x00007f6bbb72d000

CodeCache: size=245760Kb used=1279Kb max_used=1279Kb free=244480Kb
 bounds [0x00007f6ba4df7000, 0x00007f6ba5067000, 0x00007f6bb3df7000]
 total_blobs=386 nmethods=81 adapters=220
 compilation: enabled

Compilation events (10 events):
Event: 0.928 Thread 0x00007f6bb40b4800   74       3       java.util.BitSet::checkInvariants (111 bytes)
Event: 0.928 Thread 0x00007f6bb40b4800 nmethod 74 0x00007f6ba4f2d810 code [0x00007f6ba4f2d980, 0x00007f6ba4f2db10]
Event: 0.928 Thread 0x00007f6bb40b4800   76       1       java.net.URL::getQuery (5 bytes)
Event: 0.928 Thread 0x00007f6bb40b4800 nmethod 76 0x00007f6ba4f2db90 code [0x00007f6ba4f2dce0, 0x00007f6ba4f2ddf0]
Event: 0.928 Thread 0x00007f6bb40b4800   77  s    1       java.util.Vector::size (5 bytes)
Event: 0.928 Thread 0x00007f6bb40b4800 nmethod 77 0x00007f6ba4f2de50 code [0x00007f6ba4f2dfa0, 0x00007f6ba4f2e210]
Event: 1.124 Thread 0x00007f6bb40b4800   79       3       java.lang.AbstractStringBuilder::<init> (12 bytes)
Event: 1.124 Thread 0x00007f6bb40b4800 nmethod 79 0x00007f6ba4f2e610 code [0x00007f6ba4f2e780, 0x00007f6ba4f2e9d0]
Event: 1.128 Thread 0x00007f6bb40b4800   80       3       java.util.concurrent.ConcurrentHashMap::setTabAt (19 bytes)
Event: 1.128 Thread 0x00007f6bb40b4800 nmethod 80 0x00007f6ba4f36c90 code [0x00007f6ba4f36de0, 0x00007f6ba4f36f50]

GC Heap History (0 events):
No events

Deoptimization events (0 events):
No events

Classes redefined (0 events):
No events

Internal exceptions (5 events):
Event: 0.073 Thread 0x00007f6bb400b800 Exception <a 'java/lang/NoSuchMethodError': Method sun.misc.Unsafe.defineClass(Ljava/lang/String;[BII)Ljava/lang/Class; name or signature does not match> (0x00000000f0807cc8) thrown at [/build/openjdk-8-58sEEn/openjdk-8-8u242-b08/src/hotspot/src/share/vm/
Event: 0.073 Thread 0x00007f6bb400b800 Exception <a 'java/lang/NoSuchMethodError': Method sun.misc.Unsafe.prefetchRead(Ljava/lang/Object;J)V name or signature does not match> (0x00000000f0807fb0) thrown at [/build/openjdk-8-58sEEn/openjdk-8-8u242-b08/src/hotspot/src/share/vm/prims/jni.cpp, lin
Event: 0.327 Thread 0x00007f6bb400b800 Exception <a 'java/util/zip/ZipException'> (0x00000000f085dec8) thrown at [/build/openjdk-8-58sEEn/openjdk-8-8u242-b08/src/hotspot/src/share/vm/prims/jni.cpp, line 710]
Event: 0.327 Thread 0x00007f6bb400b800 Exception <a 'java/security/PrivilegedActionException'> (0x00000000f085e168) thrown at [/build/openjdk-8-58sEEn/openjdk-8-8u242-b08/src/hotspot/src/share/vm/prims/jvm.cpp, line 1502]
Event: 0.327 Thread 0x00007f6bb400b800 Exception <a 'java/security/PrivilegedActionException'> (0x00000000f085e378) thrown at [/build/openjdk-8-58sEEn/openjdk-8-8u242-b08/src/hotspot/src/share/vm/prims/jvm.cpp, line 1502]

Events (10 events):
Event: 0.927 loading class mpi/Constant
Event: 0.927 loading class mpi/Constant done
Event: 1.022 loading class mpi/Errhandler
Event: 1.022 loading class mpi/Errhandler done
Event: 1.123 loading class mpi/Intracomm
Event: 1.123 loading class mpi/Intracomm done
Event: 1.124 loading class mpi/Comm
Event: 1.124 loading class mpi/Comm done
Event: 1.127 loading class mpi/Version
Event: 1.127 loading class mpi/Version done


Dynamic libraries:
f0800000-f0d50000 rw-p 00000000 00:00 0 
f0d50000-f5aa0000 ---p 00000000 00:00 0 
f5aa0000-f6550000 rw-p 00000000 00:00 0 
f6550000-100000000 ---p 00000000 00:00 0 
100000000-100080000 rw-p 00000000 00:00 0 
100080000-140000000 ---p 00000000 00:00 0 
55aca9297000-55aca9298000 r-xp 00000000 fc:01 2079032                    /usr/lib/jvm/java-8-openjdk-amd64/jre/bin/java
55aca9497000-55aca9498000 r--p 00000000 fc:01 2079032                    /usr/lib/jvm/java-8-openjdk-amd64/jre/bin/java
55aca9498000-55aca9499000 rw-p 00001000 fc:01 2079032                    /usr/lib/jvm/java-8-openjdk-amd64/jre/bin/java
55acaa1ee000-55acaa20f000 rw-p 00000000 00:00 0                          [heap]
7f6b78000000-7f6b78021000 rw-p 00000000 00:00 0 
7f6b78021000-7f6b7c000000 ---p 00000000 00:00 0 
7f6b7c000000-7f6b7c021000 rw-p 00000000 00:00 0 
7f6b7c021000-7f6b80000000 ---p 00000000 00:00 0 
7f6b8005a000-7f6b800df000 rw-s 00000000 fc:01 526899                     /tmp/ompi.openmpi-slave1.1000/jf.8274/pmix_dstor_ds21_15448/smlockseg-542244865
7f6b800df000-7f6b800e1000 r-xp 00000000 fc:01 526222                     /usr/local/lib/pmix/mca_pshmem_mmap.so
7f6b800e1000-7f6b802e0000 ---p 00002000 fc:01 526222                     /usr/local/lib/pmix/mca_pshmem_mmap.so
7f6b802e0000-7f6b802e1000 r--p 00001000 fc:01 526222                     /usr/local/lib/pmix/mca_pshmem_mmap.so
7f6b802e1000-7f6b802e2000 rw-p 00002000 fc:01 526222                     /usr/local/lib/pmix/mca_pshmem_mmap.so
7f6b802e2000-7f6b802e6000 r-xp 00000000 fc:01 526198                     /usr/local/lib/pmix/mca_gds_ds21.so
7f6b802e6000-7f6b804e5000 ---p 00004000 fc:01 526198                     /usr/local/lib/pmix/mca_gds_ds21.so
7f6b804e5000-7f6b804e6000 r--p 00003000 fc:01 526198                     /usr/local/lib/pmix/mca_gds_ds21.so
7f6b804e6000-7f6b804e7000 rw-p 00004000 fc:01 526198                     /usr/local/lib/pmix/mca_gds_ds21.so
7f6b804e7000-7f6b804f6000 r-xp 00000000 fc:01 526200                     /usr/local/lib/pmix/mca_gds_hash.so
7f6b804f6000-7f6b806f5000 ---p 0000f000 fc:01 526200                     /usr/local/lib/pmix/mca_gds_hash.so
7f6b806f5000-7f6b806f6000 r--p 0000e000 fc:01 526200                     /usr/local/lib/pmix/mca_gds_hash.so
7f6b806f6000-7f6b806f7000 rw-p 0000f000 fc:01 526200                     /usr/local/lib/pmix/mca_gds_hash.so
7f6b806f7000-7f6b80706000 r-xp 00000000 fc:01 7028                       /usr/local/lib/libmca_common_dstore.so.1.0.0
7f6b80706000-7f6b80905000 ---p 0000f000 fc:01 7028                       /usr/local/lib/libmca_common_dstore.so.1.0.0
7f6b80905000-7f6b80906000 r--p 0000e000 fc:01 7028                       /usr/local/lib/libmca_common_dstore.so.1.0.0
7f6b80906000-7f6b80907000 rw-p 0000f000 fc:01 7028                       /usr/local/lib/libmca_common_dstore.so.1.0.0
7f6b80907000-7f6b8090b000 r-xp 00000000 fc:01 526196                     /usr/local/lib/pmix/mca_gds_ds12.so
7f6b8090b000-7f6b80b0a000 ---p 00004000 fc:01 526196                     /usr/local/lib/pmix/mca_gds_ds12.so
7f6b80b0a000-7f6b80b0b000 r--p 00003000 fc:01 526196                     /usr/local/lib/pmix/mca_gds_ds12.so
7f6b80b0b000-7f6b80b0c000 rw-p 00004000 fc:01 526196                     /usr/local/lib/pmix/mca_gds_ds12.so
7f6b80b0c000-7f6b80b14000 r-xp 00000000 fc:01 526226                     /usr/local/lib/pmix/mca_ptl_usock.so
7f6b80b14000-7f6b80d13000 ---p 00008000 fc:01 526226                     /usr/local/lib/pmix/mca_ptl_usock.so
7f6b80d13000-7f6b80d14000 r--p 00007000 fc:01 526226                     /usr/local/lib/pmix/mca_ptl_usock.so
7f6b80d14000-7f6b80d15000 rw-p 00008000 fc:01 526226                     /usr/local/lib/pmix/mca_ptl_usock.so
7f6b80d15000-7f6b80d26000 r-xp 00000000 fc:01 526224                     /usr/local/lib/pmix/mca_ptl_tcp.so
7f6b80d26000-7f6b80f25000 ---p 00011000 fc:01 526224                     /usr/local/lib/pmix/mca_ptl_tcp.so
7f6b80f25000-7f6b80f26000 r--p 00010000 fc:01 526224                     /usr/local/lib/pmix/mca_ptl_tcp.so
7f6b80f26000-7f6b80f27000 rw-p 00011000 fc:01 526224                     /usr/local/lib/pmix/mca_ptl_tcp.so
7f6b80f27000-7f6b80f38000 r-xp 00000000 fc:01 526188                     /usr/local/lib/pmix/mca_bfrops_v12.so
7f6b80f38000-7f6b81138000 ---p 00011000 fc:01 526188                     /usr/local/lib/pmix/mca_bfrops_v12.so
7f6b81138000-7f6b81139000 r--p 00011000 fc:01 526188                     /usr/local/lib/pmix/mca_bfrops_v12.so
7f6b81139000-7f6b8113a000 rw-p 00012000 fc:01 526188                     /usr/local/lib/pmix/mca_bfrops_v12.so
7f6b8113a000-7f6b81151000 r-xp 00000000 fc:01 526190                     /usr/local/lib/pmix/mca_bfrops_v20.so
7f6b81151000-7f6b81350000 ---p 00017000 fc:01 526190                     /usr/local/lib/pmix/mca_bfrops_v20.so
7f6b81350000-7f6b81351000 r--p 00016000 fc:01 526190                     /usr/local/lib/pmix/mca_bfrops_v20.so
7f6b81351000-7f6b81352000 rw-p 00017000 fc:01 526190                     /usr/local/lib/pmix/mca_bfrops_v20.so
7f6b81352000-7f6b8135a000 r-xp 00000000 fc:01 526194                     /usr/local/lib/pmix/mca_bfrops_v3.so
7f6b8135a000-7f6b81559000 ---p 00008000 fc:01 526194                     /usr/local/lib/pmix/mca_bfrops_v3.so
7f6b81559000-7f6b8155a000 r--p 00007000 fc:01 526194                     /usr/local/lib/pmix/mca_bfrops_v3.so
7f6b8155a000-7f6b8155b000 rw-p 00008000 fc:01 526194                     /usr/local/lib/pmix/mca_bfrops_v3.so
7f6b8155b000-7f6b81562000 r-xp 00000000 fc:01 526192                     /usr/local/lib/pmix/mca_bfrops_v21.so
7f6b81562000-7f6b81762000 ---p 00007000 fc:01 526192                     /usr/local/lib/pmix/mca_bfrops_v21.so
7f6b81762000-7f6b81763000 r--p 00007000 fc:01 526192                     /usr/local/lib/pmix/mca_bfrops_v21.so
7f6b81763000-7f6b81764000 rw-p 00008000 fc:01 526192                     /usr/local/lib/pmix/mca_bfrops_v21.so
7f6b81764000-7f6b818a3000 r-xp 00000000 fc:01 526228                     /usr/local/lib/openmpi/mca_pmix_pmix3x.so
7f6b818a3000-7f6b81aa3000 ---p 0013f000 fc:01 526228                     /usr/local/lib/openmpi/mca_pmix_pmix3x.so
7f6b81aa3000-7f6b81aa4000 r--p 0013f000 fc:01 526228                     /usr/local/lib/openmpi/mca_pmix_pmix3x.so
7f6b81aa4000-7f6b81aa9000 rw-p 00140000 fc:01 526228                     /usr/local/lib/openmpi/mca_pmix_pmix3x.so
7f6b81aa9000-7f6b81aac000 rw-p 00000000 00:00 0 
7f6b81aaf000-7f6b81ab1000 r-xp 00000000 fc:01 526214                     /usr/local/lib/pmix/mca_psec_native.so
7f6b81ab1000-7f6b81cb0000 ---p 00002000 fc:01 526214                     /usr/local/lib/pmix/mca_psec_native.so
7f6b81cb0000-7f6b81cb1000 r--p 00001000 fc:01 526214                     /usr/local/lib/pmix/mca_psec_native.so
7f6b81cb1000-7f6b81cb2000 rw-p 00002000 fc:01 526214                     /usr/local/lib/pmix/mca_psec_native.so
7f6b81cb2000-7f6b81cb3000 ---p 00000000 00:00 0 
7f6b81cb3000-7f6b824b3000 rw-p 00000000 00:00 0 
7f6b824b3000-7f6b824b7000 r-xp 00000000 fc:01 526266                     /usr/local/lib/openmpi/mca_ess_pmi.so
7f6b824b7000-7f6b826b6000 ---p 00004000 fc:01 526266                     /usr/local/lib/openmpi/mca_ess_pmi.so
7f6b826b6000-7f6b826b7000 r--p 00003000 fc:01 526266                     /usr/local/lib/openmpi/mca_ess_pmi.so
7f6b826b7000-7f6b826b8000 rw-p 00004000 fc:01 526266                     /usr/local/lib/openmpi/mca_ess_pmi.so
7f6b826b8000-7f6b826b9000 r-xp 00000000 fc:01 526334                     /usr/local/lib/openmpi/mca_schizo_orte.so
7f6b826b9000-7f6b828b8000 ---p 00001000 fc:01 526334                     /usr/local/lib/openmpi/mca_schizo_orte.so
7f6b828b8000-7f6b828b9000 r--p 00000000 fc:01 526334                     /usr/local/lib/openmpi/mca_schizo_orte.so
7f6b828b9000-7f6b828ba000 rw-p 00001000 fc:01 526334                     /usr/local/lib/openmpi/mca_schizo_orte.so
7f6b828ba000-7f6b828bc000 r-xp 00000000 fc:01 526336                     /usr/local/lib/openmpi/mca_schizo_slurm.so
7f6b828bc000-7f6b82abb000 ---p 00002000 fc:01 526336                     /usr/local/lib/openmpi/mca_schizo_slurm.so
7f6b82abb000-7f6b82abc000 r--p 00001000 fc:01 526336                     /usr/local/lib/openmpi/mca_schizo_slurm.so
7f6b82abc000-7f6b82abd000 rw-p 00002000 fc:01 526336                     /usr/local/lib/openmpi/mca_schizo_slurm.so
7f6b82abd000-7f6b82ac5000 r-xp 00000000 fc:01 526332                     /usr/local/lib/openmpi/mca_schizo_ompi.so
7f6b82ac5000-7f6b82cc4000 ---p 00008000 fc:01 526332                     /usr/local/lib/openmpi/mca_schizo_ompi.so
7f6b82cc4000-7f6b82cc5000 r--p 00007000 fc:01 526332                     /usr/local/lib/openmpi/mca_schizo_ompi.so
7f6b82cc5000-7f6b82cc7000 rw-p 00008000 fc:01 526332                     /usr/local/lib/openmpi/mca_schizo_ompi.so
7f6b82cc7000-7f6b82cc8000 r-xp 00000000 fc:01 526330                     /usr/local/lib/openmpi/mca_schizo_flux.so
7f6b82cc8000-7f6b82ec8000 ---p 00001000 fc:01 526330                     /usr/local/lib/openmpi/mca_schizo_flux.so
7f6b82ec8000-7f6b82ec9000 r--p 00001000 fc:01 526330                     /usr/local/lib/openmpi/mca_schizo_flux.so
7f6b82ec9000-7f6b82eca000 rw-p 00002000 fc:01 526330                     /usr/local/lib/openmpi/mca_schizo_flux.so
7f6b82eca000-7f6b82ecc000 r-xp 00000000 fc:01 526234                     /usr/local/lib/openmpi/mca_reachable_weighted.so
7f6b82ecc000-7f6b830cb000 ---p 00002000 fc:01 526234                     /usr/local/lib/openmpi/mca_reachable_weighted.so
7f6b830cb000-7f6b830cc000 r--p 00001000 fc:01 526234                     /usr/local/lib/openmpi/mca_reachable_weighted.so
7f6b830cc000-7f6b830cd000 rw-p 00002000 fc:01 526234                     /usr/local/lib/openmpi/mca_reachable_weighted.so
7f6b830cd000-7f6b830d0000 r-xp 00000000 fc:01 526236                     /usr/local/lib/openmpi/mca_shmem_mmap.so
7f6b830d0000-7f6b832cf000 ---p 00003000 fc:01 526236                     /usr/local/lib/openmpi/mca_shmem_mmap.so
7f6b832cf000-7f6b832d0000 r--p 00002000 fc:01 526236                     /usr/local/lib/openmpi/mca_shmem_mmap.so
7f6b832d0000-7f6b832d1000 rw-p 00003000 fc:01 526236                     /usr/local/lib/openmpi/mca_shmem_mmap.so
7f6b832d1000-7f6b832d3000 r-xp 00000000 fc:01 2182                       /lib/x86_64-linux-gnu/libutil-2.27.so
7f6b832d3000-7f6b834d2000 ---p 00002000 fc:01 2182                       /lib/x86_64-linux-gnu/libutil-2.27.so
7f6b834d2000-7f6b834d3000 r--p 00001000 fc:01 2182                       /lib/x86_64-linux-gnu/libutil-2.27.so
7f6b834d3000-7f6b834d4000 rw-p 00002000 fc:01 2182                       /lib/x86_64-linux-gnu/libutil-2.27.so
7f6b834d4000-7f6b83587000 r-xp 00000000 fc:01 7159                       /usr/local/lib/libopen-rte.so.40.20.1
7f6b83587000-7f6b83786000 ---p 000b3000 fc:01 7159                       /usr/local/lib/libopen-rte.so.40.20.1
7f6b83786000-7f6b83788000 r--p 000b2000 fc:01 7159                       /usr/local/lib/libopen-rte.so.40.20.1
7f6b83788000-7f6b8378c000 rw-p 000b4000 fc:01 7159                       /usr/local/lib/libopen-rte.so.40.20.1
7f6b8378c000-7f6b8378f000 rw-p 00000000 00:00 0 
7f6b8378f000-7f6b83896000 r-xp 00000000 fc:01 4656                       /usr/local/lib/libopen-pal.so.40.20.1
7f6b83896000-7f6b83a96000 ---p 00107000 fc:01 4656                       /usr/local/lib/libopen-pal.so.40.20.1
7f6b83a96000-7f6b83a99000 r--p 00107000 fc:01 4656                       /usr/local/lib/libopen-pal.so.40.20.1
7f6b83a99000-7f6b83a9f000 rw-p 0010a000 fc:01 4656                       /usr/local/lib/libopen-pal.so.40.20.1
7f6b83a9f000-7f6b83aa6000 rw-p 00000000 00:00 0 
7f6b83aa6000-7f6b83bb3000 r-xp 00000000 fc:01 7362                       /usr/local/lib/libmpi.so.40.20.1
7f6b83bb3000-7f6b83db2000 ---p 0010d000 fc:01 7362                       /usr/local/lib/libmpi.so.40.20.1
7f6b83db2000-7f6b83db4000 r--p 0010c000 fc:01 7362                       /usr/local/lib/libmpi.so.40.20.1
7f6b83db4000-7f6b83dc5000 rw-p 0010e000 fc:01 7362                       /usr/local/lib/libmpi.so.40.20.1
7f6b83dc5000-7f6b83dd7000 rw-p 00000000 00:00 0 
7f6b83dd7000-7f6b83dff000 r-xp 00000000 fc:01 29870                      /usr/local/lib/libmpi_java.so.40.20.0
7f6b83dff000-7f6b83ffe000 ---p 00028000 fc:01 29870                      /usr/local/lib/libmpi_java.so.40.20.0
7f6b83ffe000-7f6b83fff000 r--p 00027000 fc:01 29870                      /usr/local/lib/libmpi_java.so.40.20.0
7f6b83fff000-7f6b84000000 rw-p 00028000 fc:01 29870                      /usr/local/lib/libmpi_java.so.40.20.0
7f6b84000000-7f6b84175000 rw-p 00000000 00:00 0 
7f6b84175000-7f6b88000000 ---p 00000000 00:00 0 
7f6b88000000-7f6b88021000 rw-p 00000000 00:00 0 
7f6b88021000-7f6b8c000000 ---p 00000000 00:00 0 
7f6b8c000000-7f6b8c021000 rw-p 00000000 00:00 0 
7f6b8c021000-7f6b90000000 ---p 00000000 00:00 0 
7f6b90000000-7f6b9007e000 rw-p 00000000 00:00 0 
7f6b9007e000-7f6b94000000 ---p 00000000 00:00 0 
7f6b94000000-7f6b94021000 rw-p 00000000 00:00 0 
7f6b94021000-7f6b98000000 ---p 00000000 00:00 0 
7f6b98000000-7f6b98021000 rw-p 00000000 00:00 0 
7f6b98021000-7f6b9c000000 ---p 00000000 00:00 0 
7f6b9c000000-7f6b9c021000 rw-p 00000000 00:00 0 
7f6b9c021000-7f6ba0000000 ---p 00000000 00:00 0 
7f6ba0080000-7f6ba0081000 r--s 00000000 fc:01 526900                     /tmp/ompi.openmpi-slave1.1000/jf.8274/pmix_dstor_ds12_15448/initial-pmix_shared-segment-0
7f6ba0081000-7f6ba0082000 rw-s 00000000 fc:01 526901                     /tmp/ompi.openmpi-slave1.1000/jf.8274/pmix_dstor_ds12_15448/dstore_sm.lock
7f6ba0082000-7f6ba0085000 r--s 0000e000 00:34 527707                     /home/mpiuser/cloud/fyp/java_client/lib/jackson-annotations-2.10.3.jar
7f6ba0085000-7f6ba00a2000 r--s 00142000 00:34 527719                     /home/mpiuser/cloud/fyp/java_client/lib/spring-web-5.2.5.RELEASE.jar
7f6ba00a2000-7f6ba00af000 r--s 00090000 00:34 527704                     /home/mpiuser/cloud/fyp/java_client/lib/amqp-client-5.8.0.jar
7f6ba00af000-7f6ba00c4000 r--s 00142000 00:34 527710                     /home/mpiuser/cloud/fyp/java_client/lib/jackson-databind-2.10.2.jar
7f6ba00c4000-7f6ba00d9000 r--s 00142000 00:34 527711                     /home/mpiuser/cloud/fyp/java_client/lib/jackson-databind-2.10.3.jar
7f6ba00d9000-7f6ba30da000 rw-p 00000000 00:00 0 
7f6ba30da000-7f6ba30f1000 r-xp 00000000 fc:01 2079070                    /usr/lib/jvm/java-8-openjdk-amd64/jre/lib/amd64/libnet.so
7f6ba30f1000-7f6ba32f0000 ---p 00017000 fc:01 2079070                    /usr/lib/jvm/java-8-openjdk-amd64/jre/lib/amd64/libnet.so
7f6ba32f0000-7f6ba32f1000 r--p 00016000 fc:01 2079070                    /usr/lib/jvm/java-8-openjdk-amd64/jre/lib/amd64/libnet.so
7f6ba32f1000-7f6ba32f2000 rw-p 00017000 fc:01 2079070                    /usr/lib/jvm/java-8-openjdk-amd64/jre/lib/amd64/libnet.so
7f6ba32f2000-7f6ba3303000 r-xp 00000000 fc:01 2079071                    /usr/lib/jvm/java-8-openjdk-amd64/jre/lib/amd64/libnio.so
7f6ba3303000-7f6ba3503000 ---p 00011000 fc:01 2079071                    /usr/lib/jvm/java-8-openjdk-amd64/jre/lib/amd64/libnio.so
7f6ba3503000-7f6ba3504000 r--p 00011000 fc:01 2079071                    /usr/lib/jvm/java-8-openjdk-amd64/jre/lib/amd64/libnio.so
7f6ba3504000-7f6ba3505000 rw-p 00012000 fc:01 2079071                    /usr/lib/jvm/java-8-openjdk-amd64/jre/lib/amd64/libnio.so
7f6ba3505000-7f6ba3520000 r--s 001d6000 fc:01 2079097                    /usr/lib/jvm/java-8-openjdk-amd64/jre/lib/ext/nashorn.jar
7f6ba3520000-7f6ba3521000 ---p 00000000 00:00 0 
7f6ba3521000-7f6ba3621000 rw-p 00000000 00:00 0 
7f6ba3621000-7f6ba3624000 ---p 00000000 00:00 0 
7f6ba3624000-7f6ba3722000 rw-p 00000000 00:00 0 
7f6ba3722000-7f6ba3723000 ---p 00000000 00:00 0 
7f6ba3723000-7f6ba3726000 ---p 00000000 00:00 0 
7f6ba3726000-7f6ba3823000 rw-p 00000000 00:00 0 
7f6ba3823000-7f6ba3824000 ---p 00000000 00:00 0 
7f6ba3824000-7f6ba3827000 ---p 00000000 00:00 0 
7f6ba3827000-7f6ba3924000 rw-p 00000000 00:00 0 
7f6ba3924000-7f6ba3927000 ---p 00000000 00:00 0 
7f6ba3927000-7f6ba3a25000 rw-p 00000000 00:00 0 
7f6ba3a25000-7f6ba3a56000 r--p 00000000 fc:01 7802                       /usr/lib/locale/C.UTF-8/LC_CTYPE
7f6ba3a56000-7f6ba3bc9000 r--p 00000000 fc:01 7801                       /usr/lib/locale/C.UTF-8/LC_COLLATE
7f6ba3bc9000-7f6ba3d64000 r--p 00000000 fc:01 7796                       /usr/lib/locale/locale-archive
7f6ba3d64000-7f6ba3d67000 ---p 00000000 00:00 0 
7f6ba3d67000-7f6ba3e65000 rw-p 00000000 00:00 0 
7f6ba3e65000-7f6ba3e68000 ---p 00000000 00:00 0 
7f6ba3e68000-7f6ba3f66000 rw-p 00000000 00:00 0 
7f6ba3f66000-7f6ba3f67000 ---p 00000000 00:00 0 
7f6ba3f67000-7f6ba4067000 rw-p 00000000 00:00 0 
7f6ba4067000-7f6ba4237000 r--s 03c68000 fc:01 2079121                    /usr/lib/jvm/java-8-openjdk-amd64/jre/lib/rt.jar
7f6ba4237000-7f6ba46b7000 rw-p 00000000 00:00 0 
7f6ba46b7000-7f6ba4a37000 ---p 00000000 00:00 0 
7f6ba4a37000-7f6ba4a41000 rw-p 00000000 00:00 0 
7f6ba4a41000-7f6ba4df7000 ---p 00000000 00:00 0 
7f6ba4df7000-7f6ba5067000 rwxp 00000000 00:00 0 
7f6ba5067000-7f6bb3df7000 ---p 00000000 00:00 0 
7f6bb3df7000-7f6bb3dff000 r-xp 00000000 fc:01 2079078                    /usr/lib/jvm/java-8-openjdk-amd64/jre/lib/amd64/libzip.so
7f6bb3dff000-7f6bb3ffe000 ---p 00008000 fc:01 2079078                    /usr/lib/jvm/java-8-openjdk-amd64/jre/lib/amd64/libzip.so
7f6bb3ffe000-7f6bb3fff000 r--p 00007000 fc:01 2079078                    /usr/lib/jvm/java-8-openjdk-amd64/jre/lib/amd64/libzip.so
7f6bb3fff000-7f6bb4000000 rw-p 00008000 fc:01 2079078                    /usr/lib/jvm/java-8-openjdk-amd64/jre/lib/amd64/libzip.so
7f6bb4000000-7f6bb4267000 rw-p 00000000 00:00 0 
7f6bb4267000-7f6bb8000000 ---p 00000000 00:00 0 
7f6bb8000000-7f6bb8001000 r--s 0000f000 00:34 527712                     /home/mpiuser/cloud/fyp/java_client/lib/mpi.jar
7f6bb8001000-7f6bb8002000 r--s 00003000 00:34 527715                     /home/mpiuser/cloud/fyp/java_client/lib/slf4j-simple-1.7.30.jar
7f6bb8002000-7f6bb8003000 r--s 00005000 00:34 527718                     /home/mpiuser/cloud/fyp/java_client/lib/spring-jcl-5.2.5.RELEASE.jar
7f6bb8003000-7f6bb8007000 r--s 0003a000 fc:01 2079100                    /usr/lib/jvm/java-8-openjdk-amd64/jre/lib/ext/sunpkcs11.jar
7f6bb8007000-7f6bb800c000 r--s 0003d000 fc:01 2079099                    /usr/lib/jvm/java-8-openjdk-amd64/jre/lib/ext/sunjce_provider.jar
7f6bb800c000-7f6bb800d000 r--s 00010000 fc:01 2079101                    /usr/lib/jvm/java-8-openjdk-amd64/jre/lib/ext/zipfs.jar
7f6bb800d000-7f6bb800e000 r--s 0000a000 fc:01 2079095                    /usr/lib/jvm/java-8-openjdk-amd64/jre/lib/ext/jaccess.jar
7f6bb800e000-7f6bb8010000 r--s 00007000 fc:01 29704                      /usr/share/java/java-atk-wrapper.jar
7f6bb8010000-7f6bb802b000 r--s 00394000 fc:01 2079092                    /usr/lib/jvm/java-8-openjdk-amd64/jre/lib/ext/cldrdata.jar
7f6bb802b000-7f6bb8172000 rw-p 00000000 00:00 0 
7f6bb8172000-7f6bb817d000 r-xp 00000000 fc:01 2093                       /lib/x86_64-linux-gnu/libnss_files-2.27.so
7f6bb817d000-7f6bb837c000 ---p 0000b000 fc:01 2093                       /lib/x86_64-linux-gnu/libnss_files-2.27.so
7f6bb837c000-7f6bb837d000 r--p 0000a000 fc:01 2093                       /lib/x86_64-linux-gnu/libnss_files-2.27.so
7f6bb837d000-7f6bb837e000 rw-p 0000b000 fc:01 2093                       /lib/x86_64-linux-gnu/libnss_files-2.27.so
7f6bb837e000-7f6bb8384000 rw-p 00000000 00:00 0 
7f6bb8384000-7f6bb839b000 r-xp 00000000 fc:01 2090                       /lib/x86_64-linux-gnu/libnsl-2.27.so
7f6bb839b000-7f6bb859a000 ---p 00017000 fc:01 2090                       /lib/x86_64-linux-gnu/libnsl-2.27.so
7f6bb859a000-7f6bb859b000 r--p 00016000 fc:01 2090                       /lib/x86_64-linux-gnu/libnsl-2.27.so
7f6bb859b000-7f6bb859c000 rw-p 00017000 fc:01 2090                       /lib/x86_64-linux-gnu/libnsl-2.27.so
7f6bb859c000-7f6bb859e000 rw-p 00000000 00:00 0 
7f6bb859e000-7f6bb85a9000 r-xp 00000000 fc:01 2095                       /lib/x86_64-linux-gnu/libnss_nis-2.27.so
7f6bb85a9000-7f6bb87a8000 ---p 0000b000 fc:01 2095                       /lib/x86_64-linux-gnu/libnss_nis-2.27.so
7f6bb87a8000-7f6bb87a9000 r--p 0000a000 fc:01 2095                       /lib/x86_64-linux-gnu/libnss_nis-2.27.so
7f6bb87a9000-7f6bb87aa000 rw-p 0000b000 fc:01 2095                       /lib/x86_64-linux-gnu/libnss_nis-2.27.so
7f6bb87aa000-7f6bb87b2000 r-xp 00000000 fc:01 2091                       /lib/x86_64-linux-gnu/libnss_compat-2.27.so
7f6bb87b2000-7f6bb89b2000 ---p 00008000 fc:01 2091                       /lib/x86_64-linux-gnu/libnss_compat-2.27.so
7f6bb89b2000-7f6bb89b3000 r--p 00008000 fc:01 2091                       /lib/x86_64-linux-gnu/libnss_compat-2.27.so
7f6bb89b3000-7f6bb89b4000 rw-p 00009000 fc:01 2091                       /lib/x86_64-linux-gnu/libnss_compat-2.27.so
7f6bb89b4000-7f6bb89de000 r-xp 00000000 fc:01 2079059                    /usr/lib/jvm/java-8-openjdk-amd64/jre/lib/amd64/libjava.so
7f6bb89de000-7f6bb8bdd000 ---p 0002a000 fc:01 2079059                    /usr/lib/jvm/java-8-openjdk-amd64/jre/lib/amd64/libjava.so
7f6bb8bdd000-7f6bb8bde000 r--p 00029000 fc:01 2079059                    /usr/lib/jvm/java-8-openjdk-amd64/jre/lib/amd64/libjava.so
7f6bb8bde000-7f6bb8be0000 rw-p 0002a000 fc:01 2079059                    /usr/lib/jvm/java-8-openjdk-amd64/jre/lib/amd64/libjava.so
7f6bb8be0000-7f6bb8bf0000 r-xp 00000000 fc:01 2079077                    /usr/lib/jvm/java-8-openjdk-amd64/jre/lib/amd64/libverify.so
7f6bb8bf0000-7f6bb8def000 ---p 00010000 fc:01 2079077                    /usr/lib/jvm/java-8-openjdk-amd64/jre/lib/amd64/libverify.so
7f6bb8def000-7f6bb8df1000 r--p 0000f000 fc:01 2079077                    /usr/lib/jvm/java-8-openjdk-amd64/jre/lib/amd64/libverify.so
7f6bb8df1000-7f6bb8df2000 rw-p 00011000 fc:01 2079077                    /usr/lib/jvm/java-8-openjdk-amd64/jre/lib/amd64/libverify.so
7f6bb8df2000-7f6bb8df9000 r-xp 00000000 fc:01 2180                       /lib/x86_64-linux-gnu/librt-2.27.so
7f6bb8df9000-7f6bb8ff8000 ---p 00007000 fc:01 2180                       /lib/x86_64-linux-gnu/librt-2.27.so
7f6bb8ff8000-7f6bb8ff9000 r--p 00006000 fc:01 2180                       /lib/x86_64-linux-gnu/librt-2.27.so
7f6bb8ff9000-7f6bb8ffa000 rw-p 00007000 fc:01 2180                       /lib/x86_64-linux-gnu/librt-2.27.so
7f6bb8ffa000-7f6bb9011000 r-xp 00000000 fc:01 19131                      /lib/x86_64-linux-gnu/libgcc_s.so.1
7f6bb9011000-7f6bb9210000 ---p 00017000 fc:01 19131                      /lib/x86_64-linux-gnu/libgcc_s.so.1
7f6bb9210000-7f6bb9211000 r--p 00016000 fc:01 19131                      /lib/x86_64-linux-gnu/libgcc_s.so.1
7f6bb9211000-7f6bb9212000 rw-p 00017000 fc:01 19131                      /lib/x86_64-linux-gnu/libgcc_s.so.1
7f6bb9212000-7f6bb93af000 r-xp 00000000 fc:01 2087                       /lib/x86_64-linux-gnu/libm-2.27.so
7f6bb93af000-7f6bb95ae000 ---p 0019d000 fc:01 2087                       /lib/x86_64-linux-gnu/libm-2.27.so
7f6bb95ae000-7f6bb95af000 r--p 0019c000 fc:01 2087                       /lib/x86_64-linux-gnu/libm-2.27.so
7f6bb95af000-7f6bb95b0000 rw-p 0019d000 fc:01 2087                       /lib/x86_64-linux-gnu/libm-2.27.so
7f6bb95b0000-7f6bb9729000 r-xp 00000000 fc:01 7835                       /usr/lib/x86_64-linux-gnu/libstdc++.so.6.0.25
7f6bb9729000-7f6bb9929000 ---p 00179000 fc:01 7835                       /usr/lib/x86_64-linux-gnu/libstdc++.so.6.0.25
7f6bb9929000-7f6bb9933000 r--p 00179000 fc:01 7835                       /usr/lib/x86_64-linux-gnu/libstdc++.so.6.0.25
7f6bb9933000-7f6bb9935000 rw-p 00183000 fc:01 7835                       /usr/lib/x86_64-linux-gnu/libstdc++.so.6.0.25
7f6bb9935000-7f6bb9939000 rw-p 00000000 00:00 0 
7f6bb9939000-7f6bba5dc000 r-xp 00000000 fc:01 2079081                    /usr/lib/jvm/java-8-openjdk-amd64/jre/lib/amd64/server/libjvm.so
7f6bba5dc000-7f6bba7dc000 ---p 00ca3000 fc:01 2079081                    /usr/lib/jvm/java-8-openjdk-amd64/jre/lib/amd64/server/libjvm.so
7f6bba7dc000-7f6bba870000 r--p 00ca3000 fc:01 2079081                    /usr/lib/jvm/java-8-openjdk-amd64/jre/lib/amd64/server/libjvm.so
7f6bba870000-7f6bba899000 rw-p 00d37000 fc:01 2079081                    /usr/lib/jvm/java-8-openjdk-amd64/jre/lib/amd64/server/libjvm.so
7f6bba899000-7f6bba8c9000 rw-p 00000000 00:00 0 
7f6bba8c9000-7f6bba8e3000 r-xp 00000000 fc:01 2178                       /lib/x86_64-linux-gnu/libpthread-2.27.so
7f6bba8e3000-7f6bbaae2000 ---p 0001a000 fc:01 2178                       /lib/x86_64-linux-gnu/libpthread-2.27.so
7f6bbaae2000-7f6bbaae3000 r--p 00019000 fc:01 2178                       /lib/x86_64-linux-gnu/libpthread-2.27.so
7f6bbaae3000-7f6bbaae4000 rw-p 0001a000 fc:01 2178                       /lib/x86_64-linux-gnu/libpthread-2.27.so
7f6bbaae4000-7f6bbaae8000 rw-p 00000000 00:00 0 
7f6bbaae8000-7f6bbaaeb000 r-xp 00000000 fc:01 2086                       /lib/x86_64-linux-gnu/libdl-2.27.so
7f6bbaaeb000-7f6bbacea000 ---p 00003000 fc:01 2086                       /lib/x86_64-linux-gnu/libdl-2.27.so
7f6bbacea000-7f6bbaceb000 r--p 00002000 fc:01 2086                       /lib/x86_64-linux-gnu/libdl-2.27.so
7f6bbaceb000-7f6bbacec000 rw-p 00003000 fc:01 2086                       /lib/x86_64-linux-gnu/libdl-2.27.so
7f6bbacec000-7f6bbad08000 r-xp 00000000 fc:01 2183                       /lib/x86_64-linux-gnu/libz.so.1.2.11
7f6bbad08000-7f6bbaf07000 ---p 0001c000 fc:01 2183                       /lib/x86_64-linux-gnu/libz.so.1.2.11
7f6bbaf07000-7f6bbaf08000 r--p 0001b000 fc:01 2183                       /lib/x86_64-linux-gnu/libz.so.1.2.11
7f6bbaf08000-7f6bbaf09000 rw-p 0001c000 fc:01 2183                       /lib/x86_64-linux-gnu/libz.so.1.2.11
7f6bbaf09000-7f6bbb0f0000 r-xp 00000000 fc:01 2083                       /lib/x86_64-linux-gnu/libc-2.27.so
7f6bbb0f0000-7f6bbb2f0000 ---p 001e7000 fc:01 2083                       /lib/x86_64-linux-gnu/libc-2.27.so
7f6bbb2f0000-7f6bbb2f4000 r--p 001e7000 fc:01 2083                       /lib/x86_64-linux-gnu/libc-2.27.so
7f6bbb2f4000-7f6bbb2f6000 rw-p 001eb000 fc:01 2083                       /lib/x86_64-linux-gnu/libc-2.27.so
7f6bbb2f6000-7f6bbb2fa000 rw-p 00000000 00:00 0 
7f6bbb2fa000-7f6bbb308000 r-xp 00000000 fc:01 2079045                    /usr/lib/jvm/java-8-openjdk-amd64/jre/lib/amd64/jli/libjli.so
7f6bbb308000-7f6bbb507000 ---p 0000e000 fc:01 2079045                    /usr/lib/jvm/java-8-openjdk-amd64/jre/lib/amd64/jli/libjli.so
7f6bbb507000-7f6bbb508000 r--p 0000d000 fc:01 2079045                    /usr/lib/jvm/java-8-openjdk-amd64/jre/lib/amd64/jli/libjli.so
7f6bbb508000-7f6bbb509000 rw-p 0000e000 fc:01 2079045                    /usr/lib/jvm/java-8-openjdk-amd64/jre/lib/amd64/jli/libjli.so
7f6bbb509000-7f6bbb530000 r-xp 00000000 fc:01 2079                       /lib/x86_64-linux-gnu/ld-2.27.so
7f6bbb530000-7f6bbb531000 r--s 0000d000 fc:01 2079098                    /usr/lib/jvm/java-8-openjdk-amd64/jre/lib/ext/sunec.jar
7f6bbb531000-7f6bbb533000 r--s 00001000 fc:01 2079093                    /usr/lib/jvm/java-8-openjdk-amd64/jre/lib/ext/dnsns.jar
7f6bbb533000-7f6bbb536000 r--s 0000f000 fc:01 2079094                    /usr/lib/jvm/java-8-openjdk-amd64/jre/lib/ext/icedtea-sound.jar
7f6bbb536000-7f6bbb540000 r--s 00116000 fc:01 2079096                    /usr/lib/jvm/java-8-openjdk-amd64/jre/lib/ext/localedata.jar
7f6bbb540000-7f6bbb541000 r--p 00000000 fc:01 7807                       /usr/lib/locale/C.UTF-8/LC_NUMERIC
7f6bbb541000-7f6bbb542000 r--p 00000000 fc:01 7810                       /usr/lib/locale/C.UTF-8/LC_TIME
7f6bbb542000-7f6bbb543000 r--p 00000000 fc:01 7805                       /usr/lib/locale/C.UTF-8/LC_MONETARY
7f6bbb543000-7f6bbb544000 r--p 00000000 fc:01 7799                       /usr/lib/locale/C.UTF-8/LC_MESSAGES/SYS_LC_MESSAGES
7f6bbb544000-7f6bbb545000 r--p 00000000 fc:01 7808                       /usr/lib/locale/C.UTF-8/LC_PAPER
7f6bbb545000-7f6bbb546000 r--p 00000000 fc:01 7806                       /usr/lib/locale/C.UTF-8/LC_NAME
7f6bbb546000-7f6bbb547000 r--p 00000000 fc:01 7800                       /usr/lib/locale/C.UTF-8/LC_ADDRESS
7f6bbb547000-7f6bbb548000 r--p 00000000 fc:01 7809                       /usr/lib/locale/C.UTF-8/LC_TELEPHONE
7f6bbb548000-7f6bbb549000 r--p 00000000 fc:01 7804                       /usr/lib/locale/C.UTF-8/LC_MEASUREMENT
7f6bbb549000-7f6bbb550000 r--s 00000000 fc:01 5010                       /usr/lib/x86_64-linux-gnu/gconv/gconv-modules.cache
7f6bbb550000-7f6bbb551000 r--p 00000000 fc:01 7803                       /usr/lib/locale/C.UTF-8/LC_IDENTIFICATION
7f6bbb551000-7f6bbb557000 rw-p 00000000 00:00 0 
7f6bbb557000-7f6bbb5a4000 ---p 00000000 00:00 0 
7f6bbb5a4000-7f6bbb5a7000 rw-p 00000000 00:00 0 
7f6bbb5a7000-7f6bbb5cd000 ---p 00000000 00:00 0 
7f6bbb5cd000-7f6bbb5d3000 rw-p 00000000 00:00 0 
7f6bbb5d3000-7f6bbb620000 ---p 00000000 00:00 0 
7f6bbb620000-7f6bbb621000 rw-p 00000000 00:00 0 
7f6bbb621000-7f6bbb622000 ---p 00000000 00:00 0 
7f6bbb622000-7f6bbb625000 ---p 00000000 00:00 0 
7f6bbb625000-7f6bbb724000 rw-p 00000000 00:00 0 
7f6bbb724000-7f6bbb72c000 rw-s 00000000 fc:01 526909                     /tmp/hsperfdata_mpiuser/15464
7f6bbb72c000-7f6bbb72d000 rw-p 00000000 00:00 0 
7f6bbb72d000-7f6bbb72e000 r--p 00000000 00:00 0 
7f6bbb72e000-7f6bbb730000 rw-p 00000000 00:00 0 
7f6bbb730000-7f6bbb731000 r--p 00027000 fc:01 2079                       /lib/x86_64-linux-gnu/ld-2.27.so
7f6bbb731000-7f6bbb732000 rw-p 00028000 fc:01 2079                       /lib/x86_64-linux-gnu/ld-2.27.so
7f6bbb732000-7f6bbb733000 rw-p 00000000 00:00 0 
7fff8976d000-7fff8978e000 rw-p 00000000 00:00 0                          [stack]
7fff8979d000-7fff897a0000 r--p 00000000 00:00 0                          [vvar]
7fff897a0000-7fff897a2000 r-xp 00000000 00:00 0                          [vdso]
ffffffffff600000-ffffffffff601000 r-xp 00000000 00:00 0                  [vsyscall]

VM Arguments:
jvm_args: -Djava.library.path=/usr/local/lib 
java_command: Client 1000000 100 0
java_class_path (initial): /home/mpiuser/cloud/fyp/java_client:./lib/spring-jcl-5.2.5.RELEASE.jar:./lib/jackson-databind-2.10.3.jar:./lib/jackson-databind-2.10.2.jar:./lib/slf4j-simple-1.7.30.jar:./lib/amqp-client-5.8.0.jar:./lib/spring-web-5.2.5.RELEASE.jar:./lib/jackson-annotations-2.10.3.jar:./lib/mpi.jar:./lib/spring-beans-5.2.5.RELEASE.jar:./lib/jackson-annotations-2.10.2.jar:./lib/jackson-core-2.10.2.jar:./lib/jackson-core-2.10.3.jar:./lib/slf4j-api-1.7.29.jar:./lib/spring-core-5.2.5.RELEASE.jar:./lib/slf4j-api-1.7.30.jar:./lib/http-client-3.6.1.RELEASE.jar:/usr/local/lib/mpi.jar
Launcher Type: SUN_STANDARD

Environment Variables:
PATH=/usr/local/sbin:/usr/local/bin:/usr/sbin:/usr/bin:/sbin:/bin:/usr/games:/usr/local/games
SHELL=/bin/bash

Signal Handlers:
SIGSEGV: [libjvm.so+0xabc3b0], sa_mask[0]=11111111011111111101111111111110, sa_flags=SA_RESTART|SA_SIGINFO
SIGBUS: [libjvm.so+0xabc3b0], sa_mask[0]=11111111011111111101111111111110, sa_flags=SA_RESTART|SA_SIGINFO
SIGFPE: [libjvm.so+0x8f0bb0], sa_mask[0]=11111111011111111101111111111110, sa_flags=SA_RESTART|SA_SIGINFO
SIGPIPE: [libjvm.so+0x8f0bb0], sa_mask[0]=11111111011111111101111111111110, sa_flags=SA_RESTART|SA_SIGINFO
SIGXFSZ: [libjvm.so+0x8f0bb0], sa_mask[0]=11111111011111111101111111111110, sa_flags=SA_RESTART|SA_SIGINFO
SIGILL: [libjvm.so+0x8f0bb0], sa_mask[0]=11111111011111111101111111111110, sa_flags=SA_RESTART|SA_SIGINFO
SIGUSR1: SIG_DFL, sa_mask[0]=00000000000000000000000000000000, sa_flags=none
SIGUSR2: [libjvm.so+0x8f0a60], sa_mask[0]=00000000000000000000000000000000, sa_flags=SA_RESTART|SA_SIGINFO
SIGHUP: [libjvm.so+0x8f10d0], sa_mask[0]=11111111011111111101111111111110, sa_flags=SA_RESTART|SA_SIGINFO
SIGINT: [libjvm.so+0x8f10d0], sa_mask[0]=11111111011111111101111111111110, sa_flags=SA_RESTART|SA_SIGINFO
SIGTERM: [libjvm.so+0x8f10d0], sa_mask[0]=11111111011111111101111111111110, sa_flags=SA_RESTART|SA_SIGINFO
SIGQUIT: [libjvm.so+0x8f10d0], sa_mask[0]=11111111011111111101111111111110, sa_flags=SA_RESTART|SA_SIGINFO


---------------  S Y S T E M  ---------------

OS:DISTRIB_ID=Ubuntu
DISTRIB_RELEASE=18.04
DISTRIB_CODENAME=bionic
DISTRIB_DESCRIPTION="Ubuntu 18.04.3 LTS"

uname:Linux 4.15.0-66-generic #75-Ubuntu SMP Tue Oct 1 05:24:09 UTC 2019 x86_64
libc:glibc 2.27 NPTL 2.27 
rlimit: STACK 8192k, CORE 0k, NPROC 3841, NOFILE 1048576, AS infinity
load average:3.36 0.70 0.23

/proc/meminfo:
MemTotal:        1008808 kB
MemFree:           60004 kB
MemAvailable:      98560 kB
Buffers:           48372 kB
Cached:            94016 kB
SwapCached:            0 kB
Active:           696364 kB
Inactive:          83256 kB
Active(anon):     636328 kB
Inactive(anon):      200 kB
Active(file):      60036 kB
Inactive(file):    83056 kB
Unevictable:           0 kB
Mlocked:               0 kB
SwapTotal:             0 kB
SwapFree:              0 kB
Dirty:              1412 kB
Writeback:             0 kB
AnonPages:        637420 kB
Mapped:            75200 kB
Shmem:               660 kB
Slab:              99508 kB
SReclaimable:      46220 kB
SUnreclaim:        53288 kB
KernelStack:       11108 kB
PageTables:        23320 kB
NFS_Unstable:          0 kB
Bounce:                0 kB
WritebackTmp:          0 kB
CommitLimit:      504404 kB
Committed_AS:    4556844 kB
VmallocTotal:   34359738367 kB
VmallocUsed:           0 kB
VmallocChunk:          0 kB
HardwareCorrupted:     0 kB
AnonHugePages:         0 kB
ShmemHugePages:        0 kB
ShmemPmdMapped:        0 kB
CmaTotal:              0 kB
CmaFree:               0 kB
HugePages_Total:       0
HugePages_Free:        0
HugePages_Rsvd:        0
HugePages_Surp:        0
Hugepagesize:       2048 kB
DirectMap4k:      292844 kB
DirectMap2M:      755712 kB
DirectMap1G:           0 kB

container (cgroup) information:
container_type: cgroupv1
cpu_cpuset_cpus: 0-2
cpu_memory_nodes: 0
active_processor_count: 3
cpu_quota: -1
cpu_period: 100000
cpu_shares: -1
memory_limit_in_bytes: -1
memory_and_swap_limit_in_bytes: -2
memory_soft_limit_in_bytes: -1
memory_usage_in_bytes: 732446720
memory_max_usage_in_bytes: 863526912


CPU:total 3 (initial active 3) (1 cores per cpu, 1 threads per core) family 6 model 85 stepping 4, cmov, cx8, fxsr, mmx, sse, sse2, sse3, ssse3, sse4.1, sse4.2, popcnt, avx, avx2, aes, clmul, erms, 3dnowpref, lzcnt, tsc, bmi1, bmi2, adx

/proc/cpuinfo:
processor	: 0
vendor_id	: GenuineIntel
cpu family	: 6
model		: 85
model name	: Intel(R) Xeon(R) Gold 6140 CPU @ 2.30GHz
stepping	: 4
microcode	: 0x1
cpu MHz		: 2294.608
cache size	: 4096 KB
physical id	: 0
siblings	: 1
core id		: 0
cpu cores	: 1
apicid		: 0
initial apicid	: 0
fpu		: yes
fpu_exception	: yes
cpuid level	: 13
wp		: yes
flags		: fpu vme de pse tsc msr pae mce cx8 apic sep mtrr pge mca cmov pat pse36 clflush mmx fxsr sse sse2 ss syscall nx pdpe1gb rdtscp lm constant_tsc arch_perfmon rep_good nopl cpuid tsc_known_freq pni pclmulqdq vmx ssse3 fma cx16 pcid sse4_1 sse4_2 x2apic movbe popcnt tsc_deadline_timer aes xsave avx f16c rdrand hypervisor lahf_lm abm 3dnowprefetch cpuid_fault invpcid_single pti ssbd ibrs ibpb tpr_shadow vnmi flexpriority ept vpid fsgsbase tsc_adjust bmi1 avx2 smep bmi2 erms invpcid mpx avx512f avx512dq rdseed adx smap clflushopt clwb avx512cd avx512bw avx512vl xsaveopt xsavec xgetbv1 pku ospke md_clear
bugs		: cpu_meltdown spectre_v1 spectre_v2 spec_store_bypass l1tf mds swapgs
bogomips	: 4589.21
clflush size	: 64
cache_alignment	: 64
address sizes	: 40 bits physical, 48 bits virtual
power management:

processor	: 1
vendor_id	: GenuineIntel
cpu family	: 6
model		: 85
model name	: Intel(R) Xeon(R) Gold 6140 CPU @ 2.30GHz
stepping	: 4
microcode	: 0x1
cpu MHz		: 2294.608
cache size	: 4096 KB
physical id	: 1
siblings	: 1
core id		: 0
cpu cores	: 1
apicid		: 1
initial apicid	: 1
fpu		: yes
fpu_exception	: yes
cpuid level	: 13
wp		: yes
flags		: fpu vme de pse tsc msr pae mce cx8 apic sep mtrr pge mca cmov pat pse36 clflush mmx fxsr sse sse2 ss syscall nx pdpe1gb rdtscp lm constant_tsc arch_perfmon rep_good nopl cpuid tsc_known_freq pni pclmulqdq vmx ssse3 fma cx16 pcid sse4_1 sse4_2 x2apic movbe popcnt tsc_deadline_timer aes xsave avx f16c rdrand hypervisor lahf_lm abm 3dnowprefetch cpuid_fault invpcid_single pti ssbd ibrs ibpb tpr_shadow vnmi flexpriority ept vpid fsgsbase tsc_adjust bmi1 avx2 smep bmi2 erms invpcid mpx avx512f avx512dq rdseed adx smap clflushopt clwb avx512cd avx512bw avx512vl xsaveopt xsavec xgetbv1 pku ospke md_clear
bugs		: cpu_meltdown spectre_v1 spectre_v2 spec_store_bypass l1tf mds swapgs
bogomips	: 4589.21
clflush size	: 64
cache_alignment	: 64
address sizes	: 40 bits physical, 48 bits virtual
power management:

processor	: 2
vendor_id	: GenuineIntel
cpu family	: 6
model		: 85
model name	: Intel(R) Xeon(R) Gold 6140 CPU @ 2.30GHz
stepping	: 4
microcode	: 0x1
cpu MHz		: 2294.608
cache size	: 4096 KB
physical id	: 2
siblings	: 1
core id		: 0
cpu cores	: 1
apicid		: 2
initial apicid	: 2
fpu		: yes
fpu_exception	: yes
cpuid level	: 13
wp		: yes
flags		: fpu vme de pse tsc msr pae mce cx8 apic sep mtrr pge mca cmov pat pse36 clflush mmx fxsr sse sse2 ss syscall nx pdpe1gb rdtscp lm constant_tsc arch_perfmon rep_good nopl cpuid tsc_known_freq pni pclmulqdq vmx ssse3 fma cx16 pcid sse4_1 sse4_2 x2apic movbe popcnt tsc_deadline_timer aes xsave avx f16c rdrand hypervisor lahf_lm abm 3dnowprefetch cpuid_fault invpcid_single pti ssbd ibrs ibpb tpr_shadow vnmi flexpriority ept vpid fsgsbase tsc_adjust bmi1 avx2 smep bmi2 erms invpcid mpx avx512f avx512dq rdseed adx smap clflushopt clwb avx512cd avx512bw avx512vl xsaveopt xsavec xgetbv1 pku ospke md_clear
bugs		: cpu_meltdown spectre_v1 spectre_v2 spec_store_bypass l1tf mds swapgs
bogomips	: 4589.21
clflush size	: 64
cache_alignment	: 64
address sizes	: 40 bits physical, 48 bits virtual
power management:



Memory: 4k page, physical 1008808k(60004k free), swap 0k(0k free)

vm_info: OpenJDK 64-Bit Server VM (25.242-b08) for linux-amd64 JRE (1.8.0_242-8u242-b08-0ubuntu3~18.04-b08), built on Jan 17 2020 23:41:21 by "buildd" with gcc 7.4.0

time: Mon Apr  6 11:39:51 2020
timezone: UTC
elapsed time: 1 seconds (0d 0h 0m 1s)

