#
# A fatal error has been detected by the Java Runtime Environment:
#
#  SIGSEGV (0xb) at pc=0x00007ff4f6d8912a, pid=30903, tid=0x00007ff536504700
#
# JRE version: OpenJDK Runtime Environment (8.0_242-b08) (build 1.8.0_242-8u242-b08-0ubuntu3~18.04-b08)
# Java VM: OpenJDK 64-Bit Server VM (25.242-b08 mixed mode linux-amd64 compressed oops)
# Problematic frame:
# C  [mca_gds_ds21.so+0x212a]  pmix_gds_ds21_lock_init+0x12a
#
# Failed to write core dump. Core dumps have been disabled. To enable core dumping, try "ulimit -c unlimited" before starting Java again
#
# If you would like to submit a bug report, please visit:
#   http://bugreport.java.com/bugreport/crash.jsp
# The crash happened outside the Java Virtual Machine in native code.
# See problematic frame for where to report the bug.
#

---------------  T H R E A D  ---------------

Current thread (0x00007ff52c00b800):  JavaThread "main" [_thread_in_native, id=30913, stack(0x00007ff536405000,0x00007ff536505000)]

siginfo: si_signo: 11 (SIGSEGV), si_code: 1 (SEGV_MAPERR), si_addr: 0x00007ff530c3a008

Registers:
RAX=0x00007ff52c28d0c0, RBX=0x00007ff52c28cfe0, RCX=0x00007ff4f71a985e, RDX=0x00007ffe1d1f1ce8
RSP=0x00007ff536502700, RBP=0x00007ff52c28d038, RSI=0x0000000000085000, RDI=0x0000000000000000
R8 =0x000000000000001e, R9 =0x0000000000000000, R10=0x0000000000000001, R11=0x0000000000000000
R12=0x00007ff52c28cc38, R13=0x0000000000001000, R14=0x00007ff530c3a000, R15=0x00007ff52c28d030
RIP=0x00007ff4f6d8912a, EFLAGS=0x0000000000010206, CSGSFS=0x002b000000000033, ERR=0x0000000000000004
  TRAPNO=0x000000000000000e

Top of Stack: (sp=0x00007ff536502700)
0x00007ff536502700:   00007ff52c28cf90 00007ffe1d1f1ce8
0x00007ff536502710:   0000000000085000 000003e800000002
0x00007ff536502720:   0000000000000000 00007ff535d832ed
0x00007ff536502730:   00007ff52c28cc80 596f6069c90eb300
0x00007ff536502740:   0000000000000000 00007ff52c28c960
0x00007ff536502750:   0000000000000000 00007ffe1d1f1ce8
0x00007ff536502760:   0000000000000000 00007ff52c28cbd0
0x00007ff536502770:   0000000000000000 00007ff4f71a5bcb
0x00007ff536502780:   00007ff4f6d89cee 00007ff536502810
0x00007ff536502790:   00007ff4fc3cd513 0000001500000040
0x00007ff5365027a0:   00007ff52c2882b0 596f6069c90eb300
0x00007ff5365027b0:   00007ff4f719b280 00007ff52c287dc0
0x00007ff5365027c0:   00007ff4f6f8b2d4 00007ff4fc5f30a0
0x00007ff5365027d0:   00007ff4f6f8b180 00007ff4fc5f6fc0
0x00007ff5365027e0:   00007ff52c28c910 00007ff4f6d88db4
0x00007ff5365027f0:   00007ff4fc5f3060 00007ff4fc3b5ee8
0x00007ff536502800:   00007ff4fc5f3100 00007ff536502834
0x00007ff536502810:   00007ff536502838 0000000000000000
0x00007ff536502820:   0000000000000000 00007ff4fc5f6fd0
0x00007ff536502830:   0000001efc32adb0 00007ff4f6f8b180
0x00007ff536502840:   0000000000000000 596f6069c90eb300
0x00007ff536502850:   00007ff4fc5f30a0 0000000000000000
0x00007ff536502860:   0000000000000000 00007ff52c217150
0x00007ff536502870:   00007ff4fc32adb0 00007ff4fc5f2520
0x00007ff536502880:   0000000000000000 00007ff4fc370763
0x00007ff536502890:   000000000000000c 00007ff4fc5f27d8
0x00007ff5365028a0:   2d69706d6e65706f 0000346576616c73
0x00007ff5365028b0:   00007ff4fc2b5100 00007ff4fc2b0b00
0x00007ff5365028c0:   00007ff4fc2b864e 0000000100000000
0x00007ff5365028d0:   00007ff5365029d0 00007ff500000003
0x00007ff5365028e0:   00007ff5365029c0 596f6069c90eb300
0x00007ff5365028f0:   00007ff52c214b30 00007ff4fc5f1f60 

Instructions: (pc=0x00007ff4f6d8912a)
0x00007ff4f6d8910a:   f7 ff ff 48 85 c0 49 89 47 30 0f 84 16 03 00 00
0x00007ff4f6d8911a:   4c 8b 70 18 49 8b 36 4c 39 ee 0f 87 ce 02 00 00
0x00007ff4f6d8912a:   41 8b 46 08 41 89 47 40 49 8b 56 18 4c 01 f2 85
0x00007ff4f6d8913a:   c0 49 89 57 38 0f 84 eb 02 00 00 31 c0 ba 01 00 

Register to memory mapping:

RAX=0x00007ff52c28d0c0 is an unknown value
RBX=0x00007ff52c28cfe0 is an unknown value
RCX=0x00007ff4f71a985e: pmix_common_dstor_attach_new_lock_seg+0x1e in /usr/local/lib/libmca_common_dstore.so.1 at 0x00007ff4f719c000
RDX=0x00007ffe1d1f1ce8 is an unknown value
RSP=0x00007ff536502700 is pointing into the stack for thread: 0x00007ff52c00b800
RBP=0x00007ff52c28d038 is an unknown value
RSI=0x0000000000085000 is an unknown value
RDI=0x0000000000000000 is an unknown value
R8 =0x000000000000001e is an unknown value
R9 =0x0000000000000000 is an unknown value
R10=0x0000000000000001 is an unknown value
R11=0x0000000000000000 is an unknown value
R12=0x00007ff52c28cc38 is an unknown value
R13=0x0000000000001000 is an unknown value
R14=0x00007ff530c3a000 is an unknown value
R15=0x00007ff52c28d030 is an unknown value


Stack: [0x00007ff536405000,0x00007ff536505000],  sp=0x00007ff536502700,  free space=1013k
Native frames: (J=compiled Java code, j=interpreted, Vv=VM code, C=native code)
C  [mca_gds_ds21.so+0x212a]  pmix_gds_ds21_lock_init+0x12a

Java frames: (J=compiled Java code, j=interpreted, Vv=VM code)
j  mpi.MPI.Init_jni([Ljava/lang/String;)[Ljava/lang/String;+0
j  mpi.MPI.Init([Ljava/lang/String;)[Ljava/lang/String;+17
j  Client.main([Ljava/lang/String;)V+1
v  ~StubRoutines::call_stub

---------------  P R O C E S S  ---------------

Java Threads: ( => current thread )
  0x00007ff52c0b7000 JavaThread "Service Thread" daemon [_thread_blocked, id=31126, stack(0x00007ff53142f000,0x00007ff531530000)]
  0x00007ff52c0b4800 JavaThread "C1 CompilerThread1" daemon [_thread_blocked, id=31112, stack(0x00007ff531531000,0x00007ff531631000)]
  0x00007ff52c0b2000 JavaThread "C2 CompilerThread0" daemon [_thread_blocked, id=31102, stack(0x00007ff531632000,0x00007ff531732000)]
  0x00007ff52c0b0800 JavaThread "Signal Dispatcher" daemon [_thread_blocked, id=31087, stack(0x00007ff531732000,0x00007ff531833000)]
  0x00007ff52c07e000 JavaThread "Finalizer" daemon [_thread_blocked, id=30969, stack(0x00007ff531b72000,0x00007ff531c73000)]
  0x00007ff52c079800 JavaThread "Reference Handler" daemon [_thread_blocked, id=30959, stack(0x00007ff531c73000,0x00007ff531d74000)]
=>0x00007ff52c00b800 JavaThread "main" [_thread_in_native, id=30913, stack(0x00007ff536405000,0x00007ff536505000)]

Other Threads:
  0x00007ff52c06f800 VMThread [stack: 0x00007ff531d75000,0x00007ff531e75000] [id=30934]
  0x00007ff52c0ba000 WatcherThread [stack: 0x00007ff53132f000,0x00007ff53142f000] [id=31135]

VM state:not at safepoint (normal execution)

VM Mutex/Monitor currently owned by a thread: None

heap address: 0x00000000f0800000, size: 248 MB, Compressed Oops mode: 32-bit
Narrow klass base: 0x0000000000000000, Narrow klass shift: 3
Compressed class space size: 1073741824 Address: 0x0000000100000000

Heap:
 def new generation   total 4928K, used 1441K [0x00000000f0800000, 0x00000000f0d50000, 0x00000000f5aa0000)
  eden space 4416K,  32% used [0x00000000f0800000, 0x00000000f0968610, 0x00000000f0c50000)
  from space 512K,   0% used [0x00000000f0c50000, 0x00000000f0c50000, 0x00000000f0cd0000)
  to   space 512K,   0% used [0x00000000f0cd0000, 0x00000000f0cd0000, 0x00000000f0d50000)
 tenured generation   total 10944K, used 0K [0x00000000f5aa0000, 0x00000000f6550000, 0x0000000100000000)
   the space 10944K,   0% used [0x00000000f5aa0000, 0x00000000f5aa0000, 0x00000000f5aa0200, 0x00000000f6550000)
 Metaspace       used 3119K, capacity 4792K, committed 5120K, reserved 1056768K
  class space    used 313K, capacity 424K, committed 512K, reserved 1048576K

Card table byte_map: [0x00007ff536387000,0x00007ff536404000] byte_map_base: 0x00007ff535c03000

Polling page: 0x00007ff536510000

CodeCache: size=245760Kb used=1249Kb max_used=1249Kb free=244510Kb
 bounds [0x00007ff51d000000, 0x00007ff51d270000, 0x00007ff52c000000]
 total_blobs=372 nmethods=67 adapters=220
 compilation: enabled

Compilation events (10 events):
Event: 1.440 Thread 0x00007ff52c0b4800   63       1       java.util.zip.ZipFile::access$000 (5 bytes)
Event: 1.440 Thread 0x00007ff52c0b4800 nmethod 63 0x00007ff51d12ef50 code [0x00007ff51d12f0a0, 0x00007ff51d12f190]
Event: 1.440 Thread 0x00007ff52c0b4800   64       1       java.net.URL::getQuery (5 bytes)
Event: 1.440 Thread 0x00007ff52c0b4800 nmethod 64 0x00007ff51d12f210 code [0x00007ff51d12f360, 0x00007ff51d12f470]
Event: 1.440 Thread 0x00007ff52c0b4800   59       3       java.lang.ThreadLocal::get (38 bytes)
Event: 1.440 Thread 0x00007ff52c0b4800 nmethod 59 0x00007ff51d12f4d0 code [0x00007ff51d12f660, 0x00007ff51d12f998]
Event: 1.440 Thread 0x00007ff52c0b4800   65  s    1       java.util.Vector::size (5 bytes)
Event: 1.440 Thread 0x00007ff52c0b4800 nmethod 65 0x00007ff51d12fb90 code [0x00007ff51d12fce0, 0x00007ff51d12ff50]
Event: 1.528 Thread 0x00007ff52c0b4800   66       3       java.util.concurrent.ConcurrentHashMap::setTabAt (19 bytes)
Event: 1.529 Thread 0x00007ff52c0b4800 nmethod 66 0x00007ff51d1381d0 code [0x00007ff51d138320, 0x00007ff51d138490]

GC Heap History (0 events):
No events

Deoptimization events (0 events):
No events

Classes redefined (0 events):
No events

Internal exceptions (5 events):
Event: 0.111 Thread 0x00007ff52c00b800 Exception <a 'java/lang/NoSuchMethodError': Method sun.misc.Unsafe.defineClass(Ljava/lang/String;[BII)Ljava/lang/Class; name or signature does not match> (0x00000000f0807cc8) thrown at [/build/openjdk-8-58sEEn/openjdk-8-8u242-b08/src/hotspot/src/share/vm/
Event: 0.111 Thread 0x00007ff52c00b800 Exception <a 'java/lang/NoSuchMethodError': Method sun.misc.Unsafe.prefetchRead(Ljava/lang/Object;J)V name or signature does not match> (0x00000000f0807fb0) thrown at [/build/openjdk-8-58sEEn/openjdk-8-8u242-b08/src/hotspot/src/share/vm/prims/jni.cpp, lin
Event: 0.669 Thread 0x00007ff52c00b800 Exception <a 'java/util/zip/ZipException'> (0x00000000f085dec8) thrown at [/build/openjdk-8-58sEEn/openjdk-8-8u242-b08/src/hotspot/src/share/vm/prims/jni.cpp, line 710]
Event: 0.669 Thread 0x00007ff52c00b800 Exception <a 'java/security/PrivilegedActionException'> (0x00000000f085e168) thrown at [/build/openjdk-8-58sEEn/openjdk-8-8u242-b08/src/hotspot/src/share/vm/prims/jvm.cpp, line 1502]
Event: 0.669 Thread 0x00007ff52c00b800 Exception <a 'java/security/PrivilegedActionException'> (0x00000000f085e378) thrown at [/build/openjdk-8-58sEEn/openjdk-8-8u242-b08/src/hotspot/src/share/vm/prims/jvm.cpp, line 1502]

Events (10 events):
Event: 1.437 loading class mpi/Constant
Event: 1.437 loading class mpi/Constant done
Event: 1.438 loading class mpi/Errhandler
Event: 1.438 loading class mpi/Errhandler done
Event: 1.438 loading class mpi/Intracomm
Event: 1.438 loading class mpi/Intracomm done
Event: 1.438 loading class mpi/Comm
Event: 1.438 loading class mpi/Comm done
Event: 1.529 loading class mpi/Version
Event: 1.529 loading class mpi/Version done


Dynamic libraries:
f0800000-f0d50000 rw-p 00000000 00:00 0 
f0d50000-f5aa0000 ---p 00000000 00:00 0 
f5aa0000-f6550000 rw-p 00000000 00:00 0 
f6550000-100000000 ---p 00000000 00:00 0 
100000000-100080000 rw-p 00000000 00:00 0 
100080000-140000000 ---p 00000000 00:00 0 
55f23d5c2000-55f23d5c3000 r-xp 00000000 fc:01 2076260                    /usr/lib/jvm/java-8-openjdk-amd64/jre/bin/java
55f23d7c2000-55f23d7c3000 r--p 00000000 fc:01 2076260                    /usr/lib/jvm/java-8-openjdk-amd64/jre/bin/java
55f23d7c3000-55f23d7c4000 rw-p 00001000 fc:01 2076260                    /usr/lib/jvm/java-8-openjdk-amd64/jre/bin/java
55f23f1f0000-55f23f211000 rw-p 00000000 00:00 0                          [heap]
7ff4f0000000-7ff4f0021000 rw-p 00000000 00:00 0 
7ff4f0021000-7ff4f4000000 ---p 00000000 00:00 0 
7ff4f6b84000-7ff4f6b86000 r-xp 00000000 fc:01 528289                     /usr/local/lib/pmix/mca_pshmem_mmap.so
7ff4f6b86000-7ff4f6d85000 ---p 00002000 fc:01 528289                     /usr/local/lib/pmix/mca_pshmem_mmap.so
7ff4f6d85000-7ff4f6d86000 r--p 00001000 fc:01 528289                     /usr/local/lib/pmix/mca_pshmem_mmap.so
7ff4f6d86000-7ff4f6d87000 rw-p 00002000 fc:01 528289                     /usr/local/lib/pmix/mca_pshmem_mmap.so
7ff4f6d87000-7ff4f6d8b000 r-xp 00000000 fc:01 528265                     /usr/local/lib/pmix/mca_gds_ds21.so
7ff4f6d8b000-7ff4f6f8a000 ---p 00004000 fc:01 528265                     /usr/local/lib/pmix/mca_gds_ds21.so
7ff4f6f8a000-7ff4f6f8b000 r--p 00003000 fc:01 528265                     /usr/local/lib/pmix/mca_gds_ds21.so
7ff4f6f8b000-7ff4f6f8c000 rw-p 00004000 fc:01 528265                     /usr/local/lib/pmix/mca_gds_ds21.so
7ff4f6f8c000-7ff4f6f9b000 r-xp 00000000 fc:01 528267                     /usr/local/lib/pmix/mca_gds_hash.so
7ff4f6f9b000-7ff4f719a000 ---p 0000f000 fc:01 528267                     /usr/local/lib/pmix/mca_gds_hash.so
7ff4f719a000-7ff4f719b000 r--p 0000e000 fc:01 528267                     /usr/local/lib/pmix/mca_gds_hash.so
7ff4f719b000-7ff4f719c000 rw-p 0000f000 fc:01 528267                     /usr/local/lib/pmix/mca_gds_hash.so
7ff4f719c000-7ff4f71ab000 r-xp 00000000 fc:01 7027                       /usr/local/lib/libmca_common_dstore.so.1.0.0
7ff4f71ab000-7ff4f73aa000 ---p 0000f000 fc:01 7027                       /usr/local/lib/libmca_common_dstore.so.1.0.0
7ff4f73aa000-7ff4f73ab000 r--p 0000e000 fc:01 7027                       /usr/local/lib/libmca_common_dstore.so.1.0.0
7ff4f73ab000-7ff4f73ac000 rw-p 0000f000 fc:01 7027                       /usr/local/lib/libmca_common_dstore.so.1.0.0
7ff4f73ac000-7ff4f73b0000 r-xp 00000000 fc:01 528263                     /usr/local/lib/pmix/mca_gds_ds12.so
7ff4f73b0000-7ff4f75af000 ---p 00004000 fc:01 528263                     /usr/local/lib/pmix/mca_gds_ds12.so
7ff4f75af000-7ff4f75b0000 r--p 00003000 fc:01 528263                     /usr/local/lib/pmix/mca_gds_ds12.so
7ff4f75b0000-7ff4f75b1000 rw-p 00004000 fc:01 528263                     /usr/local/lib/pmix/mca_gds_ds12.so
7ff4f75b1000-7ff4f75b9000 r-xp 00000000 fc:01 528293                     /usr/local/lib/pmix/mca_ptl_usock.so
7ff4f75b9000-7ff4f77b8000 ---p 00008000 fc:01 528293                     /usr/local/lib/pmix/mca_ptl_usock.so
7ff4f77b8000-7ff4f77b9000 r--p 00007000 fc:01 528293                     /usr/local/lib/pmix/mca_ptl_usock.so
7ff4f77b9000-7ff4f77ba000 rw-p 00008000 fc:01 528293                     /usr/local/lib/pmix/mca_ptl_usock.so
7ff4f77ba000-7ff4f77cb000 r-xp 00000000 fc:01 528291                     /usr/local/lib/pmix/mca_ptl_tcp.so
7ff4f77cb000-7ff4f79ca000 ---p 00011000 fc:01 528291                     /usr/local/lib/pmix/mca_ptl_tcp.so
7ff4f79ca000-7ff4f79cb000 r--p 00010000 fc:01 528291                     /usr/local/lib/pmix/mca_ptl_tcp.so
7ff4f79cb000-7ff4f79cc000 rw-p 00011000 fc:01 528291                     /usr/local/lib/pmix/mca_ptl_tcp.so
7ff4f79cc000-7ff4f79dd000 r-xp 00000000 fc:01 528255                     /usr/local/lib/pmix/mca_bfrops_v12.so
7ff4f79dd000-7ff4f7bdd000 ---p 00011000 fc:01 528255                     /usr/local/lib/pmix/mca_bfrops_v12.so
7ff4f7bdd000-7ff4f7bde000 r--p 00011000 fc:01 528255                     /usr/local/lib/pmix/mca_bfrops_v12.so
7ff4f7bde000-7ff4f7bdf000 rw-p 00012000 fc:01 528255                     /usr/local/lib/pmix/mca_bfrops_v12.so
7ff4f7bdf000-7ff4f7bf6000 r-xp 00000000 fc:01 528257                     /usr/local/lib/pmix/mca_bfrops_v20.so
7ff4f7bf6000-7ff4f7df5000 ---p 00017000 fc:01 528257                     /usr/local/lib/pmix/mca_bfrops_v20.so
7ff4f7df5000-7ff4f7df6000 r--p 00016000 fc:01 528257                     /usr/local/lib/pmix/mca_bfrops_v20.so
7ff4f7df6000-7ff4f7df7000 rw-p 00017000 fc:01 528257                     /usr/local/lib/pmix/mca_bfrops_v20.so
7ff4f7df7000-7ff4f7dff000 r-xp 00000000 fc:01 528261                     /usr/local/lib/pmix/mca_bfrops_v3.so
7ff4f7dff000-7ff4f7ffe000 ---p 00008000 fc:01 528261                     /usr/local/lib/pmix/mca_bfrops_v3.so
7ff4f7ffe000-7ff4f7fff000 r--p 00007000 fc:01 528261                     /usr/local/lib/pmix/mca_bfrops_v3.so
7ff4f7fff000-7ff4f8000000 rw-p 00008000 fc:01 528261                     /usr/local/lib/pmix/mca_bfrops_v3.so
7ff4f8000000-7ff4f8021000 rw-p 00000000 00:00 0 
7ff4f8021000-7ff4fc000000 ---p 00000000 00:00 0 
7ff4fc0a7000-7ff4fc0ae000 r-xp 00000000 fc:01 528259                     /usr/local/lib/pmix/mca_bfrops_v21.so
7ff4fc0ae000-7ff4fc2ae000 ---p 00007000 fc:01 528259                     /usr/local/lib/pmix/mca_bfrops_v21.so
7ff4fc2ae000-7ff4fc2af000 r--p 00007000 fc:01 528259                     /usr/local/lib/pmix/mca_bfrops_v21.so
7ff4fc2af000-7ff4fc2b0000 rw-p 00008000 fc:01 528259                     /usr/local/lib/pmix/mca_bfrops_v21.so
7ff4fc2b0000-7ff4fc3ef000 r-xp 00000000 fc:01 528295                     /usr/local/lib/openmpi/mca_pmix_pmix3x.so
7ff4fc3ef000-7ff4fc5ef000 ---p 0013f000 fc:01 528295                     /usr/local/lib/openmpi/mca_pmix_pmix3x.so
7ff4fc5ef000-7ff4fc5f0000 r--p 0013f000 fc:01 528295                     /usr/local/lib/openmpi/mca_pmix_pmix3x.so
7ff4fc5f0000-7ff4fc5f5000 rw-p 00140000 fc:01 528295                     /usr/local/lib/openmpi/mca_pmix_pmix3x.so
7ff4fc5f5000-7ff4fc5f8000 rw-p 00000000 00:00 0 
7ff4fc5fb000-7ff4fc5fd000 r-xp 00000000 fc:01 528281                     /usr/local/lib/pmix/mca_psec_native.so
7ff4fc5fd000-7ff4fc7fc000 ---p 00002000 fc:01 528281                     /usr/local/lib/pmix/mca_psec_native.so
7ff4fc7fc000-7ff4fc7fd000 r--p 00001000 fc:01 528281                     /usr/local/lib/pmix/mca_psec_native.so
7ff4fc7fd000-7ff4fc7fe000 rw-p 00002000 fc:01 528281                     /usr/local/lib/pmix/mca_psec_native.so
7ff4fc7fe000-7ff4fc7ff000 ---p 00000000 00:00 0 
7ff4fc7ff000-7ff500000000 rw-p 00000000 00:00 0 
7ff500000000-7ff500173000 rw-p 00000000 00:00 0 
7ff500173000-7ff504000000 ---p 00000000 00:00 0 
7ff504000000-7ff504021000 rw-p 00000000 00:00 0 
7ff504021000-7ff508000000 ---p 00000000 00:00 0 
7ff508000000-7ff508021000 rw-p 00000000 00:00 0 
7ff508021000-7ff50c000000 ---p 00000000 00:00 0 
7ff50c000000-7ff50c04f000 rw-p 00000000 00:00 0 
7ff50c04f000-7ff510000000 ---p 00000000 00:00 0 
7ff510000000-7ff510021000 rw-p 00000000 00:00 0 
7ff510021000-7ff514000000 ---p 00000000 00:00 0 
7ff514000000-7ff514021000 rw-p 00000000 00:00 0 
7ff514021000-7ff518000000 ---p 00000000 00:00 0 
7ff518000000-7ff518021000 rw-p 00000000 00:00 0 
7ff518021000-7ff51c000000 ---p 00000000 00:00 0 
7ff51c1e2000-7ff51c1e6000 r-xp 00000000 fc:01 528333                     /usr/local/lib/openmpi/mca_ess_pmi.so
7ff51c1e6000-7ff51c3e5000 ---p 00004000 fc:01 528333                     /usr/local/lib/openmpi/mca_ess_pmi.so
7ff51c3e5000-7ff51c3e6000 r--p 00003000 fc:01 528333                     /usr/local/lib/openmpi/mca_ess_pmi.so
7ff51c3e6000-7ff51c3e7000 rw-p 00004000 fc:01 528333                     /usr/local/lib/openmpi/mca_ess_pmi.so
7ff51c3e7000-7ff51c3e8000 r-xp 00000000 fc:01 528401                     /usr/local/lib/openmpi/mca_schizo_orte.so
7ff51c3e8000-7ff51c5e7000 ---p 00001000 fc:01 528401                     /usr/local/lib/openmpi/mca_schizo_orte.so
7ff51c5e7000-7ff51c5e8000 r--p 00000000 fc:01 528401                     /usr/local/lib/openmpi/mca_schizo_orte.so
7ff51c5e8000-7ff51c5e9000 rw-p 00001000 fc:01 528401                     /usr/local/lib/openmpi/mca_schizo_orte.so
7ff51c5e9000-7ff51c5eb000 r-xp 00000000 fc:01 528403                     /usr/local/lib/openmpi/mca_schizo_slurm.so
7ff51c5eb000-7ff51c7ea000 ---p 00002000 fc:01 528403                     /usr/local/lib/openmpi/mca_schizo_slurm.so
7ff51c7ea000-7ff51c7eb000 r--p 00001000 fc:01 528403                     /usr/local/lib/openmpi/mca_schizo_slurm.so
7ff51c7eb000-7ff51c7ec000 rw-p 00002000 fc:01 528403                     /usr/local/lib/openmpi/mca_schizo_slurm.so
7ff51c7ec000-7ff51c7f4000 r-xp 00000000 fc:01 528399                     /usr/local/lib/openmpi/mca_schizo_ompi.so
7ff51c7f4000-7ff51c9f3000 ---p 00008000 fc:01 528399                     /usr/local/lib/openmpi/mca_schizo_ompi.so
7ff51c9f3000-7ff51c9f4000 r--p 00007000 fc:01 528399                     /usr/local/lib/openmpi/mca_schizo_ompi.so
7ff51c9f4000-7ff51c9f6000 rw-p 00008000 fc:01 528399                     /usr/local/lib/openmpi/mca_schizo_ompi.so
7ff51c9f6000-7ff51c9f7000 r-xp 00000000 fc:01 528397                     /usr/local/lib/openmpi/mca_schizo_flux.so
7ff51c9f7000-7ff51cbf7000 ---p 00001000 fc:01 528397                     /usr/local/lib/openmpi/mca_schizo_flux.so
7ff51cbf7000-7ff51cbf8000 r--p 00001000 fc:01 528397                     /usr/local/lib/openmpi/mca_schizo_flux.so
7ff51cbf8000-7ff51cbf9000 rw-p 00002000 fc:01 528397                     /usr/local/lib/openmpi/mca_schizo_flux.so
7ff51cbf9000-7ff51cbfb000 r-xp 00000000 fc:01 528301                     /usr/local/lib/openmpi/mca_reachable_weighted.so
7ff51cbfb000-7ff51cdfa000 ---p 00002000 fc:01 528301                     /usr/local/lib/openmpi/mca_reachable_weighted.so
7ff51cdfa000-7ff51cdfb000 r--p 00001000 fc:01 528301                     /usr/local/lib/openmpi/mca_reachable_weighted.so
7ff51cdfb000-7ff51cdfc000 rw-p 00002000 fc:01 528301                     /usr/local/lib/openmpi/mca_reachable_weighted.so
7ff51cdfc000-7ff51cdff000 r-xp 00000000 fc:01 528303                     /usr/local/lib/openmpi/mca_shmem_mmap.so
7ff51cdff000-7ff51cffe000 ---p 00003000 fc:01 528303                     /usr/local/lib/openmpi/mca_shmem_mmap.so
7ff51cffe000-7ff51cfff000 r--p 00002000 fc:01 528303                     /usr/local/lib/openmpi/mca_shmem_mmap.so
7ff51cfff000-7ff51d000000 rw-p 00003000 fc:01 528303                     /usr/local/lib/openmpi/mca_shmem_mmap.so
7ff51d000000-7ff51d270000 rwxp 00000000 00:00 0 
7ff51d270000-7ff52c000000 ---p 00000000 00:00 0 
7ff52c000000-7ff52c28f000 rw-p 00000000 00:00 0 
7ff52c28f000-7ff530000000 ---p 00000000 00:00 0 
7ff5300a8000-7ff53012d000 rw-s 00000000 fc:01 528966                     /tmp/ompi.openmpi-slave4.1000/jf.8274/pmix_dstor_ds21_30887/smlockseg-542244865
7ff53012d000-7ff53012f000 r-xp 00000000 fc:01 2182                       /lib/x86_64-linux-gnu/libutil-2.27.so
7ff53012f000-7ff53032e000 ---p 00002000 fc:01 2182                       /lib/x86_64-linux-gnu/libutil-2.27.so
7ff53032e000-7ff53032f000 r--p 00001000 fc:01 2182                       /lib/x86_64-linux-gnu/libutil-2.27.so
7ff53032f000-7ff530330000 rw-p 00002000 fc:01 2182                       /lib/x86_64-linux-gnu/libutil-2.27.so
7ff530330000-7ff5303e3000 r-xp 00000000 fc:01 7145                       /usr/local/lib/libopen-rte.so.40.20.1
7ff5303e3000-7ff5305e2000 ---p 000b3000 fc:01 7145                       /usr/local/lib/libopen-rte.so.40.20.1
7ff5305e2000-7ff5305e4000 r--p 000b2000 fc:01 7145                       /usr/local/lib/libopen-rte.so.40.20.1
7ff5305e4000-7ff5305e8000 rw-p 000b4000 fc:01 7145                       /usr/local/lib/libopen-rte.so.40.20.1
7ff5305e8000-7ff5305eb000 rw-p 00000000 00:00 0 
7ff5305eb000-7ff5306f2000 r-xp 00000000 fc:01 4301                       /usr/local/lib/libopen-pal.so.40.20.1
7ff5306f2000-7ff5308f2000 ---p 00107000 fc:01 4301                       /usr/local/lib/libopen-pal.so.40.20.1
7ff5308f2000-7ff5308f5000 r--p 00107000 fc:01 4301                       /usr/local/lib/libopen-pal.so.40.20.1
7ff5308f5000-7ff5308fb000 rw-p 0010a000 fc:01 4301                       /usr/local/lib/libopen-pal.so.40.20.1
7ff5308fb000-7ff530902000 rw-p 00000000 00:00 0 
7ff530902000-7ff530a0f000 r-xp 00000000 fc:01 7360                       /usr/local/lib/libmpi.so.40.20.1
7ff530a0f000-7ff530c0e000 ---p 0010d000 fc:01 7360                       /usr/local/lib/libmpi.so.40.20.1
7ff530c0e000-7ff530c10000 r--p 0010c000 fc:01 7360                       /usr/local/lib/libmpi.so.40.20.1
7ff530c10000-7ff530c21000 rw-p 0010e000 fc:01 7360                       /usr/local/lib/libmpi.so.40.20.1
7ff530c21000-7ff530c33000 rw-p 00000000 00:00 0 
7ff530c3b000-7ff530c3c000 r--s 00000000 fc:01 528967                     /tmp/ompi.openmpi-slave4.1000/jf.8274/pmix_dstor_ds12_30887/initial-pmix_shared-segment-0
7ff530c3c000-7ff530c3d000 rw-s 00000000 fc:01 528968                     /tmp/ompi.openmpi-slave4.1000/jf.8274/pmix_dstor_ds12_30887/dstore_sm.lock
7ff530c3d000-7ff530c65000 r-xp 00000000 fc:01 29879                      /usr/local/lib/libmpi_java.so.40.20.0
7ff530c65000-7ff530e64000 ---p 00028000 fc:01 29879                      /usr/local/lib/libmpi_java.so.40.20.0
7ff530e64000-7ff530e65000 r--p 00027000 fc:01 29879                      /usr/local/lib/libmpi_java.so.40.20.0
7ff530e65000-7ff530e66000 rw-p 00028000 fc:01 29879                      /usr/local/lib/libmpi_java.so.40.20.0
7ff530e66000-7ff530e67000 r--s 0000f000 00:34 527712                     /home/mpiuser/cloud/fyp/java_client/lib/mpi.jar
7ff530e67000-7ff530e6a000 r--s 0000e000 00:34 527707                     /home/mpiuser/cloud/fyp/java_client/lib/jackson-annotations-2.10.3.jar
7ff530e6a000-7ff530e87000 r--s 00142000 00:34 527719                     /home/mpiuser/cloud/fyp/java_client/lib/spring-web-5.2.5.RELEASE.jar
7ff530e87000-7ff530e94000 r--s 00090000 00:34 527704                     /home/mpiuser/cloud/fyp/java_client/lib/amqp-client-5.8.0.jar
7ff530e94000-7ff530e95000 r--s 00003000 00:34 527715                     /home/mpiuser/cloud/fyp/java_client/lib/slf4j-simple-1.7.30.jar
7ff530e95000-7ff530eaa000 r--s 00142000 00:34 527710                     /home/mpiuser/cloud/fyp/java_client/lib/jackson-databind-2.10.2.jar
7ff530eaa000-7ff530ebf000 r--s 00142000 00:34 527711                     /home/mpiuser/cloud/fyp/java_client/lib/jackson-databind-2.10.3.jar
7ff530ebf000-7ff530ec0000 r--s 00005000 00:34 527718                     /home/mpiuser/cloud/fyp/java_client/lib/spring-jcl-5.2.5.RELEASE.jar
7ff530ec0000-7ff530ed7000 r-xp 00000000 fc:01 2076298                    /usr/lib/jvm/java-8-openjdk-amd64/jre/lib/amd64/libnet.so
7ff530ed7000-7ff5310d6000 ---p 00017000 fc:01 2076298                    /usr/lib/jvm/java-8-openjdk-amd64/jre/lib/amd64/libnet.so
7ff5310d6000-7ff5310d7000 r--p 00016000 fc:01 2076298                    /usr/lib/jvm/java-8-openjdk-amd64/jre/lib/amd64/libnet.so
7ff5310d7000-7ff5310d8000 rw-p 00017000 fc:01 2076298                    /usr/lib/jvm/java-8-openjdk-amd64/jre/lib/amd64/libnet.so
7ff5310d8000-7ff5310e9000 r-xp 00000000 fc:01 2076299                    /usr/lib/jvm/java-8-openjdk-amd64/jre/lib/amd64/libnio.so
7ff5310e9000-7ff5312e9000 ---p 00011000 fc:01 2076299                    /usr/lib/jvm/java-8-openjdk-amd64/jre/lib/amd64/libnio.so
7ff5312e9000-7ff5312ea000 r--p 00011000 fc:01 2076299                    /usr/lib/jvm/java-8-openjdk-amd64/jre/lib/amd64/libnio.so
7ff5312ea000-7ff5312eb000 rw-p 00012000 fc:01 2076299                    /usr/lib/jvm/java-8-openjdk-amd64/jre/lib/amd64/libnio.so
7ff5312eb000-7ff531306000 r--s 001d6000 fc:01 2076325                    /usr/lib/jvm/java-8-openjdk-amd64/jre/lib/ext/nashorn.jar
7ff531306000-7ff53130a000 r--s 0003a000 fc:01 2076328                    /usr/lib/jvm/java-8-openjdk-amd64/jre/lib/ext/sunpkcs11.jar
7ff53130a000-7ff53130f000 r--s 0003d000 fc:01 2076327                    /usr/lib/jvm/java-8-openjdk-amd64/jre/lib/ext/sunjce_provider.jar
7ff53130f000-7ff531310000 r--s 00010000 fc:01 2076329                    /usr/lib/jvm/java-8-openjdk-amd64/jre/lib/ext/zipfs.jar
7ff531310000-7ff531311000 r--s 0000a000 fc:01 2076323                    /usr/lib/jvm/java-8-openjdk-amd64/jre/lib/ext/jaccess.jar
7ff531311000-7ff531313000 r--s 00007000 fc:01 29713                      /usr/share/java/java-atk-wrapper.jar
7ff531313000-7ff53132e000 r--s 00394000 fc:01 2076320                    /usr/lib/jvm/java-8-openjdk-amd64/jre/lib/ext/cldrdata.jar
7ff53132e000-7ff53132f000 ---p 00000000 00:00 0 
7ff53132f000-7ff53142f000 rw-p 00000000 00:00 0 
7ff53142f000-7ff531432000 ---p 00000000 00:00 0 
7ff531432000-7ff531530000 rw-p 00000000 00:00 0 
7ff531530000-7ff531531000 ---p 00000000 00:00 0 
7ff531531000-7ff531534000 ---p 00000000 00:00 0 
7ff531534000-7ff531631000 rw-p 00000000 00:00 0 
7ff531631000-7ff531632000 ---p 00000000 00:00 0 
7ff531632000-7ff531635000 ---p 00000000 00:00 0 
7ff531635000-7ff531732000 rw-p 00000000 00:00 0 
7ff531732000-7ff531735000 ---p 00000000 00:00 0 
7ff531735000-7ff531833000 rw-p 00000000 00:00 0 
7ff531833000-7ff531864000 r--p 00000000 fc:01 7802                       /usr/lib/locale/C.UTF-8/LC_CTYPE
7ff531864000-7ff5319d7000 r--p 00000000 fc:01 7801                       /usr/lib/locale/C.UTF-8/LC_COLLATE
7ff5319d7000-7ff531b72000 r--p 00000000 fc:01 7796                       /usr/lib/locale/locale-archive
7ff531b72000-7ff531b75000 ---p 00000000 00:00 0 
7ff531b75000-7ff531c73000 rw-p 00000000 00:00 0 
7ff531c73000-7ff531c76000 ---p 00000000 00:00 0 
7ff531c76000-7ff531d74000 rw-p 00000000 00:00 0 
7ff531d74000-7ff531d75000 ---p 00000000 00:00 0 
7ff531d75000-7ff531ec3000 rw-p 00000000 00:00 0 
7ff531ec3000-7ff532093000 r--s 03c68000 fc:01 2076349                    /usr/lib/jvm/java-8-openjdk-amd64/jre/lib/rt.jar
7ff532093000-7ff53260c000 rw-p 00000000 00:00 0 
7ff53260c000-7ff53298c000 ---p 00000000 00:00 0 
7ff53298c000-7ff532996000 rw-p 00000000 00:00 0 
7ff532996000-7ff532d4c000 ---p 00000000 00:00 0 
7ff532d4c000-7ff532d54000 r-xp 00000000 fc:01 2076306                    /usr/lib/jvm/java-8-openjdk-amd64/jre/lib/amd64/libzip.so
7ff532d54000-7ff532f53000 ---p 00008000 fc:01 2076306                    /usr/lib/jvm/java-8-openjdk-amd64/jre/lib/amd64/libzip.so
7ff532f53000-7ff532f54000 r--p 00007000 fc:01 2076306                    /usr/lib/jvm/java-8-openjdk-amd64/jre/lib/amd64/libzip.so
7ff532f54000-7ff532f55000 rw-p 00008000 fc:01 2076306                    /usr/lib/jvm/java-8-openjdk-amd64/jre/lib/amd64/libzip.so
7ff532f55000-7ff532f60000 r-xp 00000000 fc:01 2093                       /lib/x86_64-linux-gnu/libnss_files-2.27.so
7ff532f60000-7ff53315f000 ---p 0000b000 fc:01 2093                       /lib/x86_64-linux-gnu/libnss_files-2.27.so
7ff53315f000-7ff533160000 r--p 0000a000 fc:01 2093                       /lib/x86_64-linux-gnu/libnss_files-2.27.so
7ff533160000-7ff533161000 rw-p 0000b000 fc:01 2093                       /lib/x86_64-linux-gnu/libnss_files-2.27.so
7ff533161000-7ff533167000 rw-p 00000000 00:00 0 
7ff533167000-7ff53317e000 r-xp 00000000 fc:01 2090                       /lib/x86_64-linux-gnu/libnsl-2.27.so
7ff53317e000-7ff53337d000 ---p 00017000 fc:01 2090                       /lib/x86_64-linux-gnu/libnsl-2.27.so
7ff53337d000-7ff53337e000 r--p 00016000 fc:01 2090                       /lib/x86_64-linux-gnu/libnsl-2.27.so
7ff53337e000-7ff53337f000 rw-p 00017000 fc:01 2090                       /lib/x86_64-linux-gnu/libnsl-2.27.so
7ff53337f000-7ff533381000 rw-p 00000000 00:00 0 
7ff533381000-7ff53338c000 r-xp 00000000 fc:01 2095                       /lib/x86_64-linux-gnu/libnss_nis-2.27.so
7ff53338c000-7ff53358b000 ---p 0000b000 fc:01 2095                       /lib/x86_64-linux-gnu/libnss_nis-2.27.so
7ff53358b000-7ff53358c000 r--p 0000a000 fc:01 2095                       /lib/x86_64-linux-gnu/libnss_nis-2.27.so
7ff53358c000-7ff53358d000 rw-p 0000b000 fc:01 2095                       /lib/x86_64-linux-gnu/libnss_nis-2.27.so
7ff53358d000-7ff533595000 r-xp 00000000 fc:01 2091                       /lib/x86_64-linux-gnu/libnss_compat-2.27.so
7ff533595000-7ff533795000 ---p 00008000 fc:01 2091                       /lib/x86_64-linux-gnu/libnss_compat-2.27.so
7ff533795000-7ff533796000 r--p 00008000 fc:01 2091                       /lib/x86_64-linux-gnu/libnss_compat-2.27.so
7ff533796000-7ff533797000 rw-p 00009000 fc:01 2091                       /lib/x86_64-linux-gnu/libnss_compat-2.27.so
7ff533797000-7ff5337c1000 r-xp 00000000 fc:01 2076287                    /usr/lib/jvm/java-8-openjdk-amd64/jre/lib/amd64/libjava.so
7ff5337c1000-7ff5339c0000 ---p 0002a000 fc:01 2076287                    /usr/lib/jvm/java-8-openjdk-amd64/jre/lib/amd64/libjava.so
7ff5339c0000-7ff5339c1000 r--p 00029000 fc:01 2076287                    /usr/lib/jvm/java-8-openjdk-amd64/jre/lib/amd64/libjava.so
7ff5339c1000-7ff5339c3000 rw-p 0002a000 fc:01 2076287                    /usr/lib/jvm/java-8-openjdk-amd64/jre/lib/amd64/libjava.so
7ff5339c3000-7ff5339d3000 r-xp 00000000 fc:01 2076305                    /usr/lib/jvm/java-8-openjdk-amd64/jre/lib/amd64/libverify.so
7ff5339d3000-7ff533bd2000 ---p 00010000 fc:01 2076305                    /usr/lib/jvm/java-8-openjdk-amd64/jre/lib/amd64/libverify.so
7ff533bd2000-7ff533bd4000 r--p 0000f000 fc:01 2076305                    /usr/lib/jvm/java-8-openjdk-amd64/jre/lib/amd64/libverify.so
7ff533bd4000-7ff533bd5000 rw-p 00011000 fc:01 2076305                    /usr/lib/jvm/java-8-openjdk-amd64/jre/lib/amd64/libverify.so
7ff533bd5000-7ff533bdc000 r-xp 00000000 fc:01 2180                       /lib/x86_64-linux-gnu/librt-2.27.so
7ff533bdc000-7ff533ddb000 ---p 00007000 fc:01 2180                       /lib/x86_64-linux-gnu/librt-2.27.so
7ff533ddb000-7ff533ddc000 r--p 00006000 fc:01 2180                       /lib/x86_64-linux-gnu/librt-2.27.so
7ff533ddc000-7ff533ddd000 rw-p 00007000 fc:01 2180                       /lib/x86_64-linux-gnu/librt-2.27.so
7ff533ddd000-7ff533df4000 r-xp 00000000 fc:01 29118                      /lib/x86_64-linux-gnu/libgcc_s.so.1
7ff533df4000-7ff533ff3000 ---p 00017000 fc:01 29118                      /lib/x86_64-linux-gnu/libgcc_s.so.1
7ff533ff3000-7ff533ff4000 r--p 00016000 fc:01 29118                      /lib/x86_64-linux-gnu/libgcc_s.so.1
7ff533ff4000-7ff533ff5000 rw-p 00017000 fc:01 29118                      /lib/x86_64-linux-gnu/libgcc_s.so.1
7ff533ff5000-7ff534192000 r-xp 00000000 fc:01 2087                       /lib/x86_64-linux-gnu/libm-2.27.so
7ff534192000-7ff534391000 ---p 0019d000 fc:01 2087                       /lib/x86_64-linux-gnu/libm-2.27.so
7ff534391000-7ff534392000 r--p 0019c000 fc:01 2087                       /lib/x86_64-linux-gnu/libm-2.27.so
7ff534392000-7ff534393000 rw-p 0019d000 fc:01 2087                       /lib/x86_64-linux-gnu/libm-2.27.so
7ff534393000-7ff53450c000 r-xp 00000000 fc:01 2380                       /usr/lib/x86_64-linux-gnu/libstdc++.so.6.0.25
7ff53450c000-7ff53470c000 ---p 00179000 fc:01 2380                       /usr/lib/x86_64-linux-gnu/libstdc++.so.6.0.25
7ff53470c000-7ff534716000 r--p 00179000 fc:01 2380                       /usr/lib/x86_64-linux-gnu/libstdc++.so.6.0.25
7ff534716000-7ff534718000 rw-p 00183000 fc:01 2380                       /usr/lib/x86_64-linux-gnu/libstdc++.so.6.0.25
7ff534718000-7ff53471c000 rw-p 00000000 00:00 0 
7ff53471c000-7ff5353bf000 r-xp 00000000 fc:01 2076309                    /usr/lib/jvm/java-8-openjdk-amd64/jre/lib/amd64/server/libjvm.so
7ff5353bf000-7ff5355bf000 ---p 00ca3000 fc:01 2076309                    /usr/lib/jvm/java-8-openjdk-amd64/jre/lib/amd64/server/libjvm.so
7ff5355bf000-7ff535653000 r--p 00ca3000 fc:01 2076309                    /usr/lib/jvm/java-8-openjdk-amd64/jre/lib/amd64/server/libjvm.so
7ff535653000-7ff53567c000 rw-p 00d37000 fc:01 2076309                    /usr/lib/jvm/java-8-openjdk-amd64/jre/lib/amd64/server/libjvm.so
7ff53567c000-7ff5356ac000 rw-p 00000000 00:00 0 
7ff5356ac000-7ff5356c6000 r-xp 00000000 fc:01 2178                       /lib/x86_64-linux-gnu/libpthread-2.27.so
7ff5356c6000-7ff5358c5000 ---p 0001a000 fc:01 2178                       /lib/x86_64-linux-gnu/libpthread-2.27.so
7ff5358c5000-7ff5358c6000 r--p 00019000 fc:01 2178                       /lib/x86_64-linux-gnu/libpthread-2.27.so
7ff5358c6000-7ff5358c7000 rw-p 0001a000 fc:01 2178                       /lib/x86_64-linux-gnu/libpthread-2.27.so
7ff5358c7000-7ff5358cb000 rw-p 00000000 00:00 0 
7ff5358cb000-7ff5358ce000 r-xp 00000000 fc:01 2086                       /lib/x86_64-linux-gnu/libdl-2.27.so
7ff5358ce000-7ff535acd000 ---p 00003000 fc:01 2086                       /lib/x86_64-linux-gnu/libdl-2.27.so
7ff535acd000-7ff535ace000 r--p 00002000 fc:01 2086                       /lib/x86_64-linux-gnu/libdl-2.27.so
7ff535ace000-7ff535acf000 rw-p 00003000 fc:01 2086                       /lib/x86_64-linux-gnu/libdl-2.27.so
7ff535acf000-7ff535aeb000 r-xp 00000000 fc:01 2183                       /lib/x86_64-linux-gnu/libz.so.1.2.11
7ff535aeb000-7ff535cea000 ---p 0001c000 fc:01 2183                       /lib/x86_64-linux-gnu/libz.so.1.2.11
7ff535cea000-7ff535ceb000 r--p 0001b000 fc:01 2183                       /lib/x86_64-linux-gnu/libz.so.1.2.11
7ff535ceb000-7ff535cec000 rw-p 0001c000 fc:01 2183                       /lib/x86_64-linux-gnu/libz.so.1.2.11
7ff535cec000-7ff535ed3000 r-xp 00000000 fc:01 2083                       /lib/x86_64-linux-gnu/libc-2.27.so
7ff535ed3000-7ff5360d3000 ---p 001e7000 fc:01 2083                       /lib/x86_64-linux-gnu/libc-2.27.so
7ff5360d3000-7ff5360d7000 r--p 001e7000 fc:01 2083                       /lib/x86_64-linux-gnu/libc-2.27.so
7ff5360d7000-7ff5360d9000 rw-p 001eb000 fc:01 2083                       /lib/x86_64-linux-gnu/libc-2.27.so
7ff5360d9000-7ff5360dd000 rw-p 00000000 00:00 0 
7ff5360dd000-7ff5360eb000 r-xp 00000000 fc:01 2076273                    /usr/lib/jvm/java-8-openjdk-amd64/jre/lib/amd64/jli/libjli.so
7ff5360eb000-7ff5362ea000 ---p 0000e000 fc:01 2076273                    /usr/lib/jvm/java-8-openjdk-amd64/jre/lib/amd64/jli/libjli.so
7ff5362ea000-7ff5362eb000 r--p 0000d000 fc:01 2076273                    /usr/lib/jvm/java-8-openjdk-amd64/jre/lib/amd64/jli/libjli.so
7ff5362eb000-7ff5362ec000 rw-p 0000e000 fc:01 2076273                    /usr/lib/jvm/java-8-openjdk-amd64/jre/lib/amd64/jli/libjli.so
7ff5362ec000-7ff536313000 r-xp 00000000 fc:01 2079                       /lib/x86_64-linux-gnu/ld-2.27.so
7ff536313000-7ff536314000 r--s 0000d000 fc:01 2076326                    /usr/lib/jvm/java-8-openjdk-amd64/jre/lib/ext/sunec.jar
7ff536314000-7ff536316000 r--s 00001000 fc:01 2076321                    /usr/lib/jvm/java-8-openjdk-amd64/jre/lib/ext/dnsns.jar
7ff536316000-7ff536319000 r--s 0000f000 fc:01 2076322                    /usr/lib/jvm/java-8-openjdk-amd64/jre/lib/ext/icedtea-sound.jar
7ff536319000-7ff536323000 r--s 00116000 fc:01 2076324                    /usr/lib/jvm/java-8-openjdk-amd64/jre/lib/ext/localedata.jar
7ff536323000-7ff536324000 r--p 00000000 fc:01 7807                       /usr/lib/locale/C.UTF-8/LC_NUMERIC
7ff536324000-7ff536325000 r--p 00000000 fc:01 7810                       /usr/lib/locale/C.UTF-8/LC_TIME
7ff536325000-7ff536326000 r--p 00000000 fc:01 7805                       /usr/lib/locale/C.UTF-8/LC_MONETARY
7ff536326000-7ff536327000 r--p 00000000 fc:01 7799                       /usr/lib/locale/C.UTF-8/LC_MESSAGES/SYS_LC_MESSAGES
7ff536327000-7ff536328000 r--p 00000000 fc:01 7808                       /usr/lib/locale/C.UTF-8/LC_PAPER
7ff536328000-7ff536329000 r--p 00000000 fc:01 7806                       /usr/lib/locale/C.UTF-8/LC_NAME
7ff536329000-7ff53632a000 r--p 00000000 fc:01 7800                       /usr/lib/locale/C.UTF-8/LC_ADDRESS
7ff53632a000-7ff53632b000 r--p 00000000 fc:01 7809                       /usr/lib/locale/C.UTF-8/LC_TELEPHONE
7ff53632b000-7ff53632c000 r--p 00000000 fc:01 7804                       /usr/lib/locale/C.UTF-8/LC_MEASUREMENT
7ff53632c000-7ff536333000 r--s 00000000 fc:01 5010                       /usr/lib/x86_64-linux-gnu/gconv/gconv-modules.cache
7ff536333000-7ff536334000 r--p 00000000 fc:01 7803                       /usr/lib/locale/C.UTF-8/LC_IDENTIFICATION
7ff536334000-7ff53633a000 rw-p 00000000 00:00 0 
7ff53633a000-7ff536387000 ---p 00000000 00:00 0 
7ff536387000-7ff53638a000 rw-p 00000000 00:00 0 
7ff53638a000-7ff5363b0000 ---p 00000000 00:00 0 
7ff5363b0000-7ff5363b6000 rw-p 00000000 00:00 0 
7ff5363b6000-7ff536403000 ---p 00000000 00:00 0 
7ff536403000-7ff536404000 rw-p 00000000 00:00 0 
7ff536404000-7ff536405000 ---p 00000000 00:00 0 
7ff536405000-7ff536408000 ---p 00000000 00:00 0 
7ff536408000-7ff536507000 rw-p 00000000 00:00 0 
7ff536507000-7ff53650f000 rw-s 00000000 fc:01 528975                     /tmp/hsperfdata_mpiuser/30903
7ff53650f000-7ff536510000 rw-p 00000000 00:00 0 
7ff536510000-7ff536511000 r--p 00000000 00:00 0 
7ff536511000-7ff536513000 rw-p 00000000 00:00 0 
7ff536513000-7ff536514000 r--p 00027000 fc:01 2079                       /lib/x86_64-linux-gnu/ld-2.27.so
7ff536514000-7ff536515000 rw-p 00028000 fc:01 2079                       /lib/x86_64-linux-gnu/ld-2.27.so
7ff536515000-7ff536516000 rw-p 00000000 00:00 0 
7ffe1d1d1000-7ffe1d1f2000 rw-p 00000000 00:00 0                          [stack]
7ffe1d1f8000-7ffe1d1fb000 r--p 00000000 00:00 0                          [vvar]
7ffe1d1fb000-7ffe1d1fd000 r-xp 00000000 00:00 0                          [vdso]
ffffffffff600000-ffffffffff601000 r-xp 00000000 00:00 0                  [vsyscall]

VM Arguments:
jvm_args: -Djava.library.path=/usr/local/lib 
java_command: Client 1000000 100 0
java_class_path (initial): /home/mpiuser/cloud/fyp/java_client:./lib/spring-jcl-5.2.5.RELEASE.jar:./lib/jackson-databind-2.10.3.jar:./lib/jackson-databind-2.10.2.jar:./lib/slf4j-simple-1.7.30.jar:./lib/amqp-client-5.8.0.jar:./lib/spring-web-5.2.5.RELEASE.jar:./lib/jackson-annotations-2.10.3.jar:./lib/mpi.jar:./lib/spring-beans-5.2.5.RELEASE.jar:./lib/jackson-annotations-2.10.2.jar:./lib/jackson-core-2.10.2.jar:./lib/jackson-core-2.10.3.jar:./lib/slf4j-api-1.7.29.jar:./lib/spring-core-5.2.5.RELEASE.jar:./lib/slf4j-api-1.7.30.jar:./lib/http-client-3.6.1.RELEASE.jar:/usr/local/lib/mpi.jar
Launcher Type: SUN_STANDARD

Environment Variables:
PATH=/usr/local/sbin:/usr/local/bin:/usr/sbin:/usr/bin:/sbin:/bin:/usr/games:/usr/local/games
SHELL=/bin/bash

Signal Handlers:
SIGSEGV: [libjvm.so+0xabc3b0], sa_mask[0]=11111111011111111101111111111110, sa_flags=SA_RESTART|SA_SIGINFO
SIGBUS: [libjvm.so+0xabc3b0], sa_mask[0]=11111111011111111101111111111110, sa_flags=SA_RESTART|SA_SIGINFO
SIGFPE: [libjvm.so+0x8f0bb0], sa_mask[0]=11111111011111111101111111111110, sa_flags=SA_RESTART|SA_SIGINFO
SIGPIPE: [libjvm.so+0x8f0bb0], sa_mask[0]=11111111011111111101111111111110, sa_flags=SA_RESTART|SA_SIGINFO
SIGXFSZ: [libjvm.so+0x8f0bb0], sa_mask[0]=11111111011111111101111111111110, sa_flags=SA_RESTART|SA_SIGINFO
SIGILL: [libjvm.so+0x8f0bb0], sa_mask[0]=11111111011111111101111111111110, sa_flags=SA_RESTART|SA_SIGINFO
SIGUSR1: SIG_DFL, sa_mask[0]=00000000000000000000000000000000, sa_flags=none
SIGUSR2: [libjvm.so+0x8f0a60], sa_mask[0]=00000000000000000000000000000000, sa_flags=SA_RESTART|SA_SIGINFO
SIGHUP: [libjvm.so+0x8f10d0], sa_mask[0]=11111111011111111101111111111110, sa_flags=SA_RESTART|SA_SIGINFO
SIGINT: [libjvm.so+0x8f10d0], sa_mask[0]=11111111011111111101111111111110, sa_flags=SA_RESTART|SA_SIGINFO
SIGTERM: [libjvm.so+0x8f10d0], sa_mask[0]=11111111011111111101111111111110, sa_flags=SA_RESTART|SA_SIGINFO
SIGQUIT: [libjvm.so+0x8f10d0], sa_mask[0]=11111111011111111101111111111110, sa_flags=SA_RESTART|SA_SIGINFO


---------------  S Y S T E M  ---------------

OS:DISTRIB_ID=Ubuntu
DISTRIB_RELEASE=18.04
DISTRIB_CODENAME=bionic
DISTRIB_DESCRIPTION="Ubuntu 18.04.3 LTS"

uname:Linux 4.15.0-66-generic #75-Ubuntu SMP Tue Oct 1 05:24:09 UTC 2019 x86_64
libc:glibc 2.27 NPTL 2.27 
rlimit: STACK 8192k, CORE 0k, NPROC 3841, NOFILE 1048576, AS infinity
load average:3.65 0.76 0.24

/proc/meminfo:
MemTotal:        1008808 kB
MemFree:           62000 kB
MemAvailable:      61276 kB
Buffers:           11260 kB
Cached:            84992 kB
SwapCached:            0 kB
Active:           736700 kB
Inactive:          42228 kB
Active(anon):     682340 kB
Inactive(anon):      184 kB
Active(file):      54360 kB
Inactive(file):    42044 kB
Unevictable:           0 kB
Mlocked:               0 kB
SwapTotal:             0 kB
SwapFree:              0 kB
Dirty:              9964 kB
Writeback:             0 kB
AnonPages:        682672 kB
Mapped:            67308 kB
Shmem:               640 kB
Slab:              96568 kB
SReclaimable:      44824 kB
SUnreclaim:        51744 kB
KernelStack:       12008 kB
PageTables:        24300 kB
NFS_Unstable:          0 kB
Bounce:                0 kB
WritebackTmp:          0 kB
CommitLimit:      504404 kB
Committed_AS:    5072916 kB
VmallocTotal:   34359738367 kB
VmallocUsed:           0 kB
VmallocChunk:          0 kB
HardwareCorrupted:     0 kB
AnonHugePages:         0 kB
ShmemHugePages:        0 kB
ShmemPmdMapped:        0 kB
CmaTotal:              0 kB
CmaFree:               0 kB
HugePages_Total:       0
HugePages_Free:        0
HugePages_Rsvd:        0
HugePages_Surp:        0
Hugepagesize:       2048 kB
DirectMap4k:      274412 kB
DirectMap2M:      774144 kB
DirectMap1G:           0 kB

container (cgroup) information:
container_type: cgroupv1
cpu_cpuset_cpus: 0-2
cpu_memory_nodes: 0
active_processor_count: 3
cpu_quota: -1
cpu_period: 100000
cpu_shares: -1
memory_limit_in_bytes: -1
memory_and_swap_limit_in_bytes: -2
memory_soft_limit_in_bytes: -1
memory_usage_in_bytes: 761856000
memory_max_usage_in_bytes: 869789696


CPU:total 3 (initial active 3) (1 cores per cpu, 1 threads per core) family 6 model 85 stepping 4, cmov, cx8, fxsr, mmx, sse, sse2, sse3, ssse3, sse4.1, sse4.2, popcnt, avx, avx2, aes, clmul, erms, 3dnowpref, lzcnt, tsc, bmi1, bmi2, adx

/proc/cpuinfo:
processor	: 0
vendor_id	: GenuineIntel
cpu family	: 6
model		: 85
model name	: Intel(R) Xeon(R) Gold 6140 CPU @ 2.30GHz
stepping	: 4
microcode	: 0x1
cpu MHz		: 2294.608
cache size	: 4096 KB
physical id	: 0
siblings	: 1
core id		: 0
cpu cores	: 1
apicid		: 0
initial apicid	: 0
fpu		: yes
fpu_exception	: yes
cpuid level	: 13
wp		: yes
flags		: fpu vme de pse tsc msr pae mce cx8 apic sep mtrr pge mca cmov pat pse36 clflush mmx fxsr sse sse2 ss syscall nx pdpe1gb rdtscp lm constant_tsc arch_perfmon rep_good nopl cpuid tsc_known_freq pni pclmulqdq vmx ssse3 fma cx16 pcid sse4_1 sse4_2 x2apic movbe popcnt tsc_deadline_timer aes xsave avx f16c rdrand hypervisor lahf_lm abm 3dnowprefetch cpuid_fault invpcid_single pti ssbd ibrs ibpb tpr_shadow vnmi flexpriority ept vpid fsgsbase tsc_adjust bmi1 avx2 smep bmi2 erms invpcid mpx avx512f avx512dq rdseed adx smap clflushopt clwb avx512cd avx512bw avx512vl xsaveopt xsavec xgetbv1 pku ospke md_clear
bugs		: cpu_meltdown spectre_v1 spectre_v2 spec_store_bypass l1tf mds swapgs
bogomips	: 4589.21
clflush size	: 64
cache_alignment	: 64
address sizes	: 40 bits physical, 48 bits virtual
power management:

processor	: 1
vendor_id	: GenuineIntel
cpu family	: 6
model		: 85
model name	: Intel(R) Xeon(R) Gold 6140 CPU @ 2.30GHz
stepping	: 4
microcode	: 0x1
cpu MHz		: 2294.608
cache size	: 4096 KB
physical id	: 1
siblings	: 1
core id		: 0
cpu cores	: 1
apicid		: 1
initial apicid	: 1
fpu		: yes
fpu_exception	: yes
cpuid level	: 13
wp		: yes
flags		: fpu vme de pse tsc msr pae mce cx8 apic sep mtrr pge mca cmov pat pse36 clflush mmx fxsr sse sse2 ss syscall nx pdpe1gb rdtscp lm constant_tsc arch_perfmon rep_good nopl cpuid tsc_known_freq pni pclmulqdq vmx ssse3 fma cx16 pcid sse4_1 sse4_2 x2apic movbe popcnt tsc_deadline_timer aes xsave avx f16c rdrand hypervisor lahf_lm abm 3dnowprefetch cpuid_fault invpcid_single pti ssbd ibrs ibpb tpr_shadow vnmi flexpriority ept vpid fsgsbase tsc_adjust bmi1 avx2 smep bmi2 erms invpcid mpx avx512f avx512dq rdseed adx smap clflushopt clwb avx512cd avx512bw avx512vl xsaveopt xsavec xgetbv1 pku ospke md_clear
bugs		: cpu_meltdown spectre_v1 spectre_v2 spec_store_bypass l1tf mds swapgs
bogomips	: 4589.21
clflush size	: 64
cache_alignment	: 64
address sizes	: 40 bits physical, 48 bits virtual
power management:

processor	: 2
vendor_id	: GenuineIntel
cpu family	: 6
model		: 85
model name	: Intel(R) Xeon(R) Gold 6140 CPU @ 2.30GHz
stepping	: 4
microcode	: 0x1
cpu MHz		: 2294.608
cache size	: 4096 KB
physical id	: 2
siblings	: 1
core id		: 0
cpu cores	: 1
apicid		: 2
initial apicid	: 2
fpu		: yes
fpu_exception	: yes
cpuid level	: 13
wp		: yes
flags		: fpu vme de pse tsc msr pae mce cx8 apic sep mtrr pge mca cmov pat pse36 clflush mmx fxsr sse sse2 ss syscall nx pdpe1gb rdtscp lm constant_tsc arch_perfmon rep_good nopl cpuid tsc_known_freq pni pclmulqdq vmx ssse3 fma cx16 pcid sse4_1 sse4_2 x2apic movbe popcnt tsc_deadline_timer aes xsave avx f16c rdrand hypervisor lahf_lm abm 3dnowprefetch cpuid_fault invpcid_single pti ssbd ibrs ibpb tpr_shadow vnmi flexpriority ept vpid fsgsbase tsc_adjust bmi1 avx2 smep bmi2 erms invpcid mpx avx512f avx512dq rdseed adx smap clflushopt clwb avx512cd avx512bw avx512vl xsaveopt xsavec xgetbv1 pku ospke md_clear
bugs		: cpu_meltdown spectre_v1 spectre_v2 spec_store_bypass l1tf mds swapgs
bogomips	: 4589.21
clflush size	: 64
cache_alignment	: 64
address sizes	: 40 bits physical, 48 bits virtual
power management:



Memory: 4k page, physical 1008808k(61876k free), swap 0k(0k free)

vm_info: OpenJDK 64-Bit Server VM (25.242-b08) for linux-amd64 JRE (1.8.0_242-8u242-b08-0ubuntu3~18.04-b08), built on Jan 17 2020 23:41:21 by "buildd" with gcc 7.4.0

time: Mon Apr  6 11:39:51 2020
timezone: UTC
elapsed time: 2 seconds (0d 0h 0m 2s)

