#
# A fatal error has been detected by the Java Runtime Environment:
#
#  SIGSEGV (0xb) at pc=0x00007ff17e24612a, pid=31062, tid=0x00007ff1be801700
#
# JRE version: OpenJDK Runtime Environment (8.0_242-b08) (build 1.8.0_242-8u242-b08-0ubuntu3~18.04-b08)
# Java VM: OpenJDK 64-Bit Server VM (25.242-b08 mixed mode linux-amd64 compressed oops)
# Problematic frame:
# C  [mca_gds_ds21.so+0x212a]  pmix_gds_ds21_lock_init+0x12a
#
# Failed to write core dump. Core dumps have been disabled. To enable core dumping, try "ulimit -c unlimited" before starting Java again
#
# If you would like to submit a bug report, please visit:
#   http://bugreport.java.com/bugreport/crash.jsp
# The crash happened outside the Java Virtual Machine in native code.
# See problematic frame for where to report the bug.
#

---------------  T H R E A D  ---------------

Current thread (0x00007ff1b800b800):  JavaThread "main" [_thread_in_native, id=31124, stack(0x00007ff1be702000,0x00007ff1be802000)]

siginfo: si_signo: 11 (SIGSEGV), si_code: 1 (SEGV_MAPERR), si_addr: 0x00007ff1a5f37008

Registers:
RAX=0x00007ff1bb28bc50, RBX=0x00007ff1bb28bb70, RCX=0x00007ff17e66685e, RDX=0x00007ffc2034fce8
RSP=0x00007ff1be7ff700, RBP=0x00007ff1bb28bbc8, RSI=0x0000000000085000, RDI=0x0000000000000000
R8 =0x000000000000001e, R9 =0x0000000000000000, R10=0x0000000000000001, R11=0x0000000000000000
R12=0x00007ff1bb28b7c8, R13=0x0000000000001000, R14=0x00007ff1a5f37000, R15=0x00007ff1bb28bbc0
RIP=0x00007ff17e24612a, EFLAGS=0x0000000000010206, CSGSFS=0x002b000000000033, ERR=0x0000000000000004
  TRAPNO=0x000000000000000e

Top of Stack: (sp=0x00007ff1be7ff700)
0x00007ff1be7ff700:   00007ff1bb28bb20 00007ffc2034fce8
0x00007ff1be7ff710:   0000000000085000 000003e800000002
0x00007ff1be7ff720:   0000000000000000 00007ff1be0802ed
0x00007ff1be7ff730:   00007ff1bb28b810 160897d523c40f00
0x00007ff1be7ff740:   0000000000000000 00007ff1bb28b4f0
0x00007ff1be7ff750:   0000000000000000 00007ffc2034fce8
0x00007ff1be7ff760:   0000000000000000 00007ff1bb28b760
0x00007ff1be7ff770:   0000000000000000 00007ff17e662bcb
0x00007ff1be7ff780:   00007ff17e246cee 00007ff1be7ff810
0x00007ff1be7ff790:   00007ff17f5d4513 0000001500000040
0x00007ff1be7ff7a0:   00007ff1bb286e40 160897d523c40f00
0x00007ff1be7ff7b0:   00007ff17e658280 00007ff1bb286950
0x00007ff1be7ff7c0:   00007ff17e4482d4 00007ff17f7fa0a0
0x00007ff1be7ff7d0:   00007ff17e448180 00007ff17f7fdfc0
0x00007ff1be7ff7e0:   00007ff1bb28b4a0 00007ff17e245db4
0x00007ff1be7ff7f0:   00007ff17f7fa060 00007ff17f5bcee8
0x00007ff1be7ff800:   00007ff17f7fa100 00007ff1be7ff834
0x00007ff1be7ff810:   00007ff1be7ff838 0000000000000000
0x00007ff1be7ff820:   0000000000000000 00007ff17f7fdfd0
0x00007ff1be7ff830:   0000001e7f531db0 00007ff17e448180
0x00007ff1be7ff840:   0000000000000000 160897d523c40f00
0x00007ff1be7ff850:   00007ff17f7fa0a0 0000000000000000
0x00007ff1be7ff860:   0000000000000000 00007ff1bb216040
0x00007ff1be7ff870:   00007ff17f531db0 00007ff17f7f9520
0x00007ff1be7ff880:   0000000000000000 00007ff17f577763
0x00007ff1be7ff890:   000000000000000c 00007ff17f7f97d8
0x00007ff1be7ff8a0:   2d69706d6e65706f 0000346576616c73
0x00007ff1be7ff8b0:   00007ff17f4bc100 00007ff17f4b7b00
0x00007ff1be7ff8c0:   00007ff17f4bf64e 0000000100000000
0x00007ff1be7ff8d0:   00007ff1be7ff9d0 00007ff100000003
0x00007ff1be7ff8e0:   00007ff1be7ff9c0 160897d523c40f00
0x00007ff1be7ff8f0:   0000562f3a2fd530 00007ff17f7f8f60 

Instructions: (pc=0x00007ff17e24612a)
0x00007ff17e24610a:   f7 ff ff 48 85 c0 49 89 47 30 0f 84 16 03 00 00
0x00007ff17e24611a:   4c 8b 70 18 49 8b 36 4c 39 ee 0f 87 ce 02 00 00
0x00007ff17e24612a:   41 8b 46 08 41 89 47 40 49 8b 56 18 4c 01 f2 85
0x00007ff17e24613a:   c0 49 89 57 38 0f 84 eb 02 00 00 31 c0 ba 01 00 

Register to memory mapping:

RAX=0x00007ff1bb28bc50 is an unknown value
RBX=0x00007ff1bb28bb70 is an unknown value
RCX=0x00007ff17e66685e: pmix_common_dstor_attach_new_lock_seg+0x1e in /usr/local/lib/libmca_common_dstore.so.1 at 0x00007ff17e659000
RDX=0x00007ffc2034fce8 is an unknown value
RSP=0x00007ff1be7ff700 is pointing into the stack for thread: 0x00007ff1b800b800
RBP=0x00007ff1bb28bbc8 is an unknown value
RSI=0x0000000000085000 is an unknown value
RDI=0x0000000000000000 is an unknown value
R8 =0x000000000000001e is an unknown value
R9 =0x0000000000000000 is an unknown value
R10=0x0000000000000001 is an unknown value
R11=0x0000000000000000 is an unknown value
R12=0x00007ff1bb28b7c8 is an unknown value
R13=0x0000000000001000 is an unknown value
R14=0x00007ff1a5f37000 is an unknown value
R15=0x00007ff1bb28bbc0 is an unknown value


Stack: [0x00007ff1be702000,0x00007ff1be802000],  sp=0x00007ff1be7ff700,  free space=1013k
Native frames: (J=compiled Java code, j=interpreted, Vv=VM code, C=native code)
C  [mca_gds_ds21.so+0x212a]  pmix_gds_ds21_lock_init+0x12a

Java frames: (J=compiled Java code, j=interpreted, Vv=VM code)
j  mpi.MPI.Init_jni([Ljava/lang/String;)[Ljava/lang/String;+0
j  mpi.MPI.Init([Ljava/lang/String;)[Ljava/lang/String;+17
j  Client.main([Ljava/lang/String;)V+1
v  ~StubRoutines::call_stub

---------------  P R O C E S S  ---------------

Java Threads: ( => current thread )
  0x00007ff190001000 JavaThread "SIGTERM handler" daemon [_thread_blocked, id=32080, stack(0x00007ff1a5329000,0x00007ff1a542a000)]
  0x00007ff1b80b7000 JavaThread "Service Thread" daemon [_thread_blocked, id=31550, stack(0x00007ff1a6723000,0x00007ff1a6824000)]
  0x00007ff1b80b4800 JavaThread "C1 CompilerThread1" daemon [_thread_blocked, id=31547, stack(0x00007ff1a6825000,0x00007ff1a6925000)]
  0x00007ff1b80b2000 JavaThread "C2 CompilerThread0" daemon [_thread_blocked, id=31473, stack(0x00007ff1a6926000,0x00007ff1a6a26000)]
  0x00007ff1b807e000 JavaThread "Finalizer" daemon [_thread_blocked, id=31294, stack(0x00007ff1a6e66000,0x00007ff1a6f67000)]
  0x00007ff1b8079800 JavaThread "Reference Handler" daemon [_thread_blocked, id=31275, stack(0x00007ff1a6f67000,0x00007ff1a7068000)]
=>0x00007ff1b800b800 JavaThread "main" [_thread_in_native, id=31124, stack(0x00007ff1be702000,0x00007ff1be802000)]

Other Threads:
  0x00007ff1b806f800 VMThread [stack: 0x00007ff1a7069000,0x00007ff1a7169000] [id=31226]

VM state:at safepoint (normal execution)

VM Mutex/Monitor currently owned by a thread:  ([mutex/lock_event])
[0x00007ff1b8007f60] Threads_lock - owner thread: 0x00007ff1b806f800

heap address: 0x00000000f0800000, size: 248 MB, Compressed Oops mode: 32-bit
Narrow klass base: 0x0000000000000000, Narrow klass shift: 3
Compressed class space size: 1073741824 Address: 0x0000000100000000

Heap:
 def new generation   total 4928K, used 1618K [0x00000000f0800000, 0x00000000f0d50000, 0x00000000f5aa0000)
  eden space 4416K,  36% used [0x00000000f0800000, 0x00000000f0994988, 0x00000000f0c50000)
  from space 512K,   0% used [0x00000000f0c50000, 0x00000000f0c50000, 0x00000000f0cd0000)
  to   space 512K,   0% used [0x00000000f0cd0000, 0x00000000f0cd0000, 0x00000000f0d50000)
 tenured generation   total 10944K, used 0K [0x00000000f5aa0000, 0x00000000f6550000, 0x0000000100000000)
   the space 10944K,   0% used [0x00000000f5aa0000, 0x00000000f5aa0000, 0x00000000f5aa0200, 0x00000000f6550000)
 Metaspace       used 3132K, capacity 4792K, committed 5120K, reserved 1056768K
  class space    used 315K, capacity 424K, committed 512K, reserved 1048576K

Card table byte_map: [0x00007ff1be684000,0x00007ff1be701000] byte_map_base: 0x00007ff1bdf00000

Polling page: 0x00007ff1be80d000

CodeCache: size=245760Kb used=1269Kb max_used=1269Kb free=244490Kb
 bounds [0x00007ff1a7f6f000, 0x00007ff1a81df000, 0x00007ff1b6f6f000]
 total_blobs=373 nmethods=68 adapters=220
 compilation: enabled

Compilation events (10 events):
Event: 64.149 Thread 0x00007ff1b80b4800   67       3       java.util.ArrayList::rangeCheck (22 bytes)
Event: 64.150 Thread 0x00007ff1b80b4800 nmethod 67 0x00007ff1a80a22d0 code [0x00007ff1a80a24e0, 0x00007ff1a80a2f78]
Event: 64.150 Thread 0x00007ff1b80b4800   68       3       java.util.ArrayList::elementData (7 bytes)
Event: 64.150 Thread 0x00007ff1b80b4800 nmethod 68 0x00007ff1a80a3510 code [0x00007ff1a80a3680, 0x00007ff1a80a37f0]
Event: 64.164 Thread 0x00007ff1b80b4800   71       1       java.lang.String::length (6 bytes)
Event: 64.164 Thread 0x00007ff1b80b4800 nmethod 71 0x00007ff1a80abad0 code [0x00007ff1a80abc20, 0x00007ff1a80abd30]
Event: 64.164 Thread 0x00007ff1b80b4800   69       3       java.util.concurrent.ConcurrentHashMap::setTabAt (19 bytes)
Event: 64.164 Thread 0x00007ff1b80b4800 nmethod 69 0x00007ff1a80abdd0 code [0x00007ff1a80abf20, 0x00007ff1a80ac090]
Event: 64.164 Thread 0x00007ff1b80b4800   72       3       java.lang.CharacterDataLatin1::toLowerCase (39 bytes)
Event: 64.165 Thread 0x00007ff1b80b4800 nmethod 72 0x00007ff1a80ac110 code [0x00007ff1a80ac280, 0x00007ff1a80ac4f0]

GC Heap History (0 events):
No events

Deoptimization events (0 events):
No events

Classes redefined (0 events):
No events

Internal exceptions (5 events):
Event: 0.584 Thread 0x00007ff1b800b800 Exception <a 'java/lang/NoSuchMethodError': Method sun.misc.Unsafe.defineClass(Ljava/lang/String;[BII)Ljava/lang/Class; name or signature does not match> (0x00000000f0807cc8) thrown at [/build/openjdk-8-58sEEn/openjdk-8-8u242-b08/src/hotspot/src/share/vm/
Event: 0.584 Thread 0x00007ff1b800b800 Exception <a 'java/lang/NoSuchMethodError': Method sun.misc.Unsafe.prefetchRead(Ljava/lang/Object;J)V name or signature does not match> (0x00000000f0807fb0) thrown at [/build/openjdk-8-58sEEn/openjdk-8-8u242-b08/src/hotspot/src/share/vm/prims/jni.cpp, lin
Event: 1.893 Thread 0x00007ff1b800b800 Exception <a 'java/util/zip/ZipException'> (0x00000000f085dec8) thrown at [/build/openjdk-8-58sEEn/openjdk-8-8u242-b08/src/hotspot/src/share/vm/prims/jni.cpp, line 710]
Event: 1.893 Thread 0x00007ff1b800b800 Exception <a 'java/security/PrivilegedActionException'> (0x00000000f085e168) thrown at [/build/openjdk-8-58sEEn/openjdk-8-8u242-b08/src/hotspot/src/share/vm/prims/jvm.cpp, line 1502]
Event: 1.893 Thread 0x00007ff1b800b800 Exception <a 'java/security/PrivilegedActionException'> (0x00000000f085e378) thrown at [/build/openjdk-8-58sEEn/openjdk-8-8u242-b08/src/hotspot/src/share/vm/prims/jvm.cpp, line 1502]

Events (10 events):
Event: 64.145 loading class mpi/Comm done
Event: 64.155 loading class mpi/Version
Event: 64.155 loading class mpi/Version done
Event: 64.178 Thread 0x00007ff190001000 Thread added: 0x00007ff190001000
Event: 64.194 loading class java/lang/Shutdown
Event: 64.194 loading class java/lang/Shutdown done
Event: 64.194 loading class java/lang/Shutdown$Lock
Event: 64.194 loading class java/lang/Shutdown$Lock done
Event: 64.198 Thread 0x00007ff1b80b0800 Thread exited: 0x00007ff1b80b0800
Event: 64.198 Executing VM operation: Exit


Dynamic libraries:
f0800000-f0d50000 rw-p 00000000 00:00 0 
f0d50000-f5aa0000 ---p 00000000 00:00 0 
f5aa0000-f6550000 rw-p 00000000 00:00 0 
f6550000-100000000 ---p 00000000 00:00 0 
100000000-100080000 rw-p 00000000 00:00 0 
100080000-140000000 ---p 00000000 00:00 0 
562f399c1000-562f399c2000 r-xp 00000000 fc:01 2076260                    /usr/lib/jvm/java-8-openjdk-amd64/jre/bin/java
562f39bc1000-562f39bc2000 r--p 00000000 fc:01 2076260                    /usr/lib/jvm/java-8-openjdk-amd64/jre/bin/java
562f39bc2000-562f39bc3000 rw-p 00001000 fc:01 2076260                    /usr/lib/jvm/java-8-openjdk-amd64/jre/bin/java
562f3a2fc000-562f3a31d000 rw-p 00000000 00:00 0                          [heap]
7ff17e041000-7ff17e043000 r-xp 00000000 fc:01 528289                     /usr/local/lib/pmix/mca_pshmem_mmap.so
7ff17e043000-7ff17e242000 ---p 00002000 fc:01 528289                     /usr/local/lib/pmix/mca_pshmem_mmap.so
7ff17e242000-7ff17e243000 r--p 00001000 fc:01 528289                     /usr/local/lib/pmix/mca_pshmem_mmap.so
7ff17e243000-7ff17e244000 rw-p 00002000 fc:01 528289                     /usr/local/lib/pmix/mca_pshmem_mmap.so
7ff17e244000-7ff17e248000 r-xp 00000000 fc:01 528265                     /usr/local/lib/pmix/mca_gds_ds21.so
7ff17e248000-7ff17e447000 ---p 00004000 fc:01 528265                     /usr/local/lib/pmix/mca_gds_ds21.so
7ff17e447000-7ff17e448000 r--p 00003000 fc:01 528265                     /usr/local/lib/pmix/mca_gds_ds21.so
7ff17e448000-7ff17e449000 rw-p 00004000 fc:01 528265                     /usr/local/lib/pmix/mca_gds_ds21.so
7ff17e449000-7ff17e458000 r-xp 00000000 fc:01 528267                     /usr/local/lib/pmix/mca_gds_hash.so
7ff17e458000-7ff17e657000 ---p 0000f000 fc:01 528267                     /usr/local/lib/pmix/mca_gds_hash.so
7ff17e657000-7ff17e658000 r--p 0000e000 fc:01 528267                     /usr/local/lib/pmix/mca_gds_hash.so
7ff17e658000-7ff17e659000 rw-p 0000f000 fc:01 528267                     /usr/local/lib/pmix/mca_gds_hash.so
7ff17e659000-7ff17e668000 r-xp 00000000 fc:01 7027                       /usr/local/lib/libmca_common_dstore.so.1.0.0
7ff17e668000-7ff17e867000 ---p 0000f000 fc:01 7027                       /usr/local/lib/libmca_common_dstore.so.1.0.0
7ff17e867000-7ff17e868000 r--p 0000e000 fc:01 7027                       /usr/local/lib/libmca_common_dstore.so.1.0.0
7ff17e868000-7ff17e869000 rw-p 0000f000 fc:01 7027                       /usr/local/lib/libmca_common_dstore.so.1.0.0
7ff17e869000-7ff17e86d000 r-xp 00000000 fc:01 528263                     /usr/local/lib/pmix/mca_gds_ds12.so
7ff17e86d000-7ff17ea6c000 ---p 00004000 fc:01 528263                     /usr/local/lib/pmix/mca_gds_ds12.so
7ff17ea6c000-7ff17ea6d000 r--p 00003000 fc:01 528263                     /usr/local/lib/pmix/mca_gds_ds12.so
7ff17ea6d000-7ff17ea6e000 rw-p 00004000 fc:01 528263                     /usr/local/lib/pmix/mca_gds_ds12.so
7ff17ea6e000-7ff17ea70000 r-xp 00000000 fc:01 528281                     /usr/local/lib/pmix/mca_psec_native.so
7ff17ea70000-7ff17ec6f000 ---p 00002000 fc:01 528281                     /usr/local/lib/pmix/mca_psec_native.so
7ff17ec6f000-7ff17ec70000 r--p 00001000 fc:01 528281                     /usr/local/lib/pmix/mca_psec_native.so
7ff17ec70000-7ff17ec71000 rw-p 00002000 fc:01 528281                     /usr/local/lib/pmix/mca_psec_native.so
7ff17ec71000-7ff17ec79000 r-xp 00000000 fc:01 528293                     /usr/local/lib/pmix/mca_ptl_usock.so
7ff17ec79000-7ff17ee78000 ---p 00008000 fc:01 528293                     /usr/local/lib/pmix/mca_ptl_usock.so
7ff17ee78000-7ff17ee79000 r--p 00007000 fc:01 528293                     /usr/local/lib/pmix/mca_ptl_usock.so
7ff17ee79000-7ff17ee7a000 rw-p 00008000 fc:01 528293                     /usr/local/lib/pmix/mca_ptl_usock.so
7ff17ee7a000-7ff17ee8b000 r-xp 00000000 fc:01 528291                     /usr/local/lib/pmix/mca_ptl_tcp.so
7ff17ee8b000-7ff17f08a000 ---p 00011000 fc:01 528291                     /usr/local/lib/pmix/mca_ptl_tcp.so
7ff17f08a000-7ff17f08b000 r--p 00010000 fc:01 528291                     /usr/local/lib/pmix/mca_ptl_tcp.so
7ff17f08b000-7ff17f08c000 rw-p 00011000 fc:01 528291                     /usr/local/lib/pmix/mca_ptl_tcp.so
7ff17f08c000-7ff17f09d000 r-xp 00000000 fc:01 528255                     /usr/local/lib/pmix/mca_bfrops_v12.so
7ff17f09d000-7ff17f29d000 ---p 00011000 fc:01 528255                     /usr/local/lib/pmix/mca_bfrops_v12.so
7ff17f29d000-7ff17f29e000 r--p 00011000 fc:01 528255                     /usr/local/lib/pmix/mca_bfrops_v12.so
7ff17f29e000-7ff17f29f000 rw-p 00012000 fc:01 528255                     /usr/local/lib/pmix/mca_bfrops_v12.so
7ff17f29f000-7ff17f2b6000 r-xp 00000000 fc:01 528257                     /usr/local/lib/pmix/mca_bfrops_v20.so
7ff17f2b6000-7ff17f4b5000 ---p 00017000 fc:01 528257                     /usr/local/lib/pmix/mca_bfrops_v20.so
7ff17f4b5000-7ff17f4b6000 r--p 00016000 fc:01 528257                     /usr/local/lib/pmix/mca_bfrops_v20.so
7ff17f4b6000-7ff17f4b7000 rw-p 00017000 fc:01 528257                     /usr/local/lib/pmix/mca_bfrops_v20.so
7ff17f4b7000-7ff17f5f6000 r-xp 00000000 fc:01 528295                     /usr/local/lib/openmpi/mca_pmix_pmix3x.so
7ff17f5f6000-7ff17f7f6000 ---p 0013f000 fc:01 528295                     /usr/local/lib/openmpi/mca_pmix_pmix3x.so
7ff17f7f6000-7ff17f7f7000 r--p 0013f000 fc:01 528295                     /usr/local/lib/openmpi/mca_pmix_pmix3x.so
7ff17f7f7000-7ff17f7fc000 rw-p 00140000 fc:01 528295                     /usr/local/lib/openmpi/mca_pmix_pmix3x.so
7ff17f7fc000-7ff17f7ff000 rw-p 00000000 00:00 0 
7ff17f7ff000-7ff17f800000 ---p 00000000 00:00 0 
7ff17f800000-7ff180000000 rw-p 00000000 00:00 0 
7ff180000000-7ff180021000 rw-p 00000000 00:00 0 
7ff180021000-7ff184000000 ---p 00000000 00:00 0 
7ff184000000-7ff184021000 rw-p 00000000 00:00 0 
7ff184021000-7ff188000000 ---p 00000000 00:00 0 
7ff188000000-7ff18817c000 rw-p 00000000 00:00 0 
7ff18817c000-7ff18c000000 ---p 00000000 00:00 0 
7ff18c000000-7ff18c021000 rw-p 00000000 00:00 0 
7ff18c021000-7ff190000000 ---p 00000000 00:00 0 
7ff190000000-7ff190021000 rw-p 00000000 00:00 0 
7ff190021000-7ff194000000 ---p 00000000 00:00 0 
7ff194000000-7ff19404f000 rw-p 00000000 00:00 0 
7ff19404f000-7ff198000000 ---p 00000000 00:00 0 
7ff198000000-7ff198021000 rw-p 00000000 00:00 0 
7ff198021000-7ff19c000000 ---p 00000000 00:00 0 
7ff19c000000-7ff19c021000 rw-p 00000000 00:00 0 
7ff19c021000-7ff1a0000000 ---p 00000000 00:00 0 
7ff1a0000000-7ff1a0021000 rw-p 00000000 00:00 0 
7ff1a0021000-7ff1a4000000 ---p 00000000 00:00 0 
7ff1a4074000-7ff1a40f9000 rw-s 00000000 fc:01 528966                     /tmp/ompi.openmpi-slave4.1000/jf.8274/pmix_dstor_ds21_30887/smlockseg-542244865
7ff1a40f9000-7ff1a4101000 r-xp 00000000 fc:01 528261                     /usr/local/lib/pmix/mca_bfrops_v3.so
7ff1a4101000-7ff1a4300000 ---p 00008000 fc:01 528261                     /usr/local/lib/pmix/mca_bfrops_v3.so
7ff1a4300000-7ff1a4301000 r--p 00007000 fc:01 528261                     /usr/local/lib/pmix/mca_bfrops_v3.so
7ff1a4301000-7ff1a4302000 rw-p 00008000 fc:01 528261                     /usr/local/lib/pmix/mca_bfrops_v3.so
7ff1a4302000-7ff1a4309000 r-xp 00000000 fc:01 528259                     /usr/local/lib/pmix/mca_bfrops_v21.so
7ff1a4309000-7ff1a4509000 ---p 00007000 fc:01 528259                     /usr/local/lib/pmix/mca_bfrops_v21.so
7ff1a4509000-7ff1a450a000 r--p 00007000 fc:01 528259                     /usr/local/lib/pmix/mca_bfrops_v21.so
7ff1a450a000-7ff1a450b000 rw-p 00008000 fc:01 528259                     /usr/local/lib/pmix/mca_bfrops_v21.so
7ff1a450b000-7ff1a450f000 r-xp 00000000 fc:01 528333                     /usr/local/lib/openmpi/mca_ess_pmi.so
7ff1a450f000-7ff1a470e000 ---p 00004000 fc:01 528333                     /usr/local/lib/openmpi/mca_ess_pmi.so
7ff1a470e000-7ff1a470f000 r--p 00003000 fc:01 528333                     /usr/local/lib/openmpi/mca_ess_pmi.so
7ff1a470f000-7ff1a4710000 rw-p 00004000 fc:01 528333                     /usr/local/lib/openmpi/mca_ess_pmi.so
7ff1a4710000-7ff1a4711000 r-xp 00000000 fc:01 528401                     /usr/local/lib/openmpi/mca_schizo_orte.so
7ff1a4711000-7ff1a4910000 ---p 00001000 fc:01 528401                     /usr/local/lib/openmpi/mca_schizo_orte.so
7ff1a4910000-7ff1a4911000 r--p 00000000 fc:01 528401                     /usr/local/lib/openmpi/mca_schizo_orte.so
7ff1a4911000-7ff1a4912000 rw-p 00001000 fc:01 528401                     /usr/local/lib/openmpi/mca_schizo_orte.so
7ff1a4912000-7ff1a4914000 r-xp 00000000 fc:01 528403                     /usr/local/lib/openmpi/mca_schizo_slurm.so
7ff1a4914000-7ff1a4b13000 ---p 00002000 fc:01 528403                     /usr/local/lib/openmpi/mca_schizo_slurm.so
7ff1a4b13000-7ff1a4b14000 r--p 00001000 fc:01 528403                     /usr/local/lib/openmpi/mca_schizo_slurm.so
7ff1a4b14000-7ff1a4b15000 rw-p 00002000 fc:01 528403                     /usr/local/lib/openmpi/mca_schizo_slurm.so
7ff1a4b15000-7ff1a4b1d000 r-xp 00000000 fc:01 528399                     /usr/local/lib/openmpi/mca_schizo_ompi.so
7ff1a4b1d000-7ff1a4d1c000 ---p 00008000 fc:01 528399                     /usr/local/lib/openmpi/mca_schizo_ompi.so
7ff1a4d1c000-7ff1a4d1d000 r--p 00007000 fc:01 528399                     /usr/local/lib/openmpi/mca_schizo_ompi.so
7ff1a4d1d000-7ff1a4d1f000 rw-p 00008000 fc:01 528399                     /usr/local/lib/openmpi/mca_schizo_ompi.so
7ff1a4d1f000-7ff1a4d20000 r-xp 00000000 fc:01 528397                     /usr/local/lib/openmpi/mca_schizo_flux.so
7ff1a4d20000-7ff1a4f20000 ---p 00001000 fc:01 528397                     /usr/local/lib/openmpi/mca_schizo_flux.so
7ff1a4f20000-7ff1a4f21000 r--p 00001000 fc:01 528397                     /usr/local/lib/openmpi/mca_schizo_flux.so
7ff1a4f21000-7ff1a4f22000 rw-p 00002000 fc:01 528397                     /usr/local/lib/openmpi/mca_schizo_flux.so
7ff1a4f22000-7ff1a4f24000 r-xp 00000000 fc:01 528301                     /usr/local/lib/openmpi/mca_reachable_weighted.so
7ff1a4f24000-7ff1a5123000 ---p 00002000 fc:01 528301                     /usr/local/lib/openmpi/mca_reachable_weighted.so
7ff1a5123000-7ff1a5124000 r--p 00001000 fc:01 528301                     /usr/local/lib/openmpi/mca_reachable_weighted.so
7ff1a5124000-7ff1a5125000 rw-p 00002000 fc:01 528301                     /usr/local/lib/openmpi/mca_reachable_weighted.so
7ff1a5125000-7ff1a5128000 r-xp 00000000 fc:01 528303                     /usr/local/lib/openmpi/mca_shmem_mmap.so
7ff1a5128000-7ff1a5327000 ---p 00003000 fc:01 528303                     /usr/local/lib/openmpi/mca_shmem_mmap.so
7ff1a5327000-7ff1a5328000 r--p 00002000 fc:01 528303                     /usr/local/lib/openmpi/mca_shmem_mmap.so
7ff1a5328000-7ff1a5329000 rw-p 00003000 fc:01 528303                     /usr/local/lib/openmpi/mca_shmem_mmap.so
7ff1a5329000-7ff1a532c000 ---p 00000000 00:00 0 
7ff1a532c000-7ff1a542a000 rw-p 00000000 00:00 0 
7ff1a542a000-7ff1a542c000 r-xp 00000000 fc:01 2182                       /lib/x86_64-linux-gnu/libutil-2.27.so
7ff1a542c000-7ff1a562b000 ---p 00002000 fc:01 2182                       /lib/x86_64-linux-gnu/libutil-2.27.so
7ff1a562b000-7ff1a562c000 r--p 00001000 fc:01 2182                       /lib/x86_64-linux-gnu/libutil-2.27.so
7ff1a562c000-7ff1a562d000 rw-p 00002000 fc:01 2182                       /lib/x86_64-linux-gnu/libutil-2.27.so
7ff1a562d000-7ff1a56e0000 r-xp 00000000 fc:01 7145                       /usr/local/lib/libopen-rte.so.40.20.1
7ff1a56e0000-7ff1a58df000 ---p 000b3000 fc:01 7145                       /usr/local/lib/libopen-rte.so.40.20.1
7ff1a58df000-7ff1a58e1000 r--p 000b2000 fc:01 7145                       /usr/local/lib/libopen-rte.so.40.20.1
7ff1a58e1000-7ff1a58e5000 rw-p 000b4000 fc:01 7145                       /usr/local/lib/libopen-rte.so.40.20.1
7ff1a58e5000-7ff1a58e8000 rw-p 00000000 00:00 0 
7ff1a58e8000-7ff1a59ef000 r-xp 00000000 fc:01 4301                       /usr/local/lib/libopen-pal.so.40.20.1
7ff1a59ef000-7ff1a5bef000 ---p 00107000 fc:01 4301                       /usr/local/lib/libopen-pal.so.40.20.1
7ff1a5bef000-7ff1a5bf2000 r--p 00107000 fc:01 4301                       /usr/local/lib/libopen-pal.so.40.20.1
7ff1a5bf2000-7ff1a5bf8000 rw-p 0010a000 fc:01 4301                       /usr/local/lib/libopen-pal.so.40.20.1
7ff1a5bf8000-7ff1a5bff000 rw-p 00000000 00:00 0 
7ff1a5bff000-7ff1a5d0c000 r-xp 00000000 fc:01 7360                       /usr/local/lib/libmpi.so.40.20.1
7ff1a5d0c000-7ff1a5f0b000 ---p 0010d000 fc:01 7360                       /usr/local/lib/libmpi.so.40.20.1
7ff1a5f0b000-7ff1a5f0d000 r--p 0010c000 fc:01 7360                       /usr/local/lib/libmpi.so.40.20.1
7ff1a5f0d000-7ff1a5f1e000 rw-p 0010e000 fc:01 7360                       /usr/local/lib/libmpi.so.40.20.1
7ff1a5f1e000-7ff1a5f30000 rw-p 00000000 00:00 0 
7ff1a5f38000-7ff1a5f39000 r--s 00000000 fc:01 528967                     /tmp/ompi.openmpi-slave4.1000/jf.8274/pmix_dstor_ds12_30887/initial-pmix_shared-segment-0
7ff1a5f39000-7ff1a5f3a000 rw-s 00000000 fc:01 528968                     /tmp/ompi.openmpi-slave4.1000/jf.8274/pmix_dstor_ds12_30887/dstore_sm.lock
7ff1a5f3a000-7ff1a5f62000 r-xp 00000000 fc:01 29879                      /usr/local/lib/libmpi_java.so.40.20.0
7ff1a5f62000-7ff1a6161000 ---p 00028000 fc:01 29879                      /usr/local/lib/libmpi_java.so.40.20.0
7ff1a6161000-7ff1a6162000 r--p 00027000 fc:01 29879                      /usr/local/lib/libmpi_java.so.40.20.0
7ff1a6162000-7ff1a6163000 rw-p 00028000 fc:01 29879                      /usr/local/lib/libmpi_java.so.40.20.0
7ff1a6163000-7ff1a6164000 r--s 0000f000 00:34 527712                     /home/mpiuser/cloud/fyp/java_client/lib/mpi.jar
7ff1a6164000-7ff1a6167000 r--s 0000e000 00:34 527707                     /home/mpiuser/cloud/fyp/java_client/lib/jackson-annotations-2.10.3.jar
7ff1a6167000-7ff1a6184000 r--s 00142000 00:34 527719                     /home/mpiuser/cloud/fyp/java_client/lib/spring-web-5.2.5.RELEASE.jar
7ff1a6184000-7ff1a6191000 r--s 00090000 00:34 527704                     /home/mpiuser/cloud/fyp/java_client/lib/amqp-client-5.8.0.jar
7ff1a6191000-7ff1a6192000 r--s 00003000 00:34 527715                     /home/mpiuser/cloud/fyp/java_client/lib/slf4j-simple-1.7.30.jar
7ff1a6192000-7ff1a61a7000 r--s 00142000 00:34 527710                     /home/mpiuser/cloud/fyp/java_client/lib/jackson-databind-2.10.2.jar
7ff1a61a7000-7ff1a61bc000 r--s 00142000 00:34 527711                     /home/mpiuser/cloud/fyp/java_client/lib/jackson-databind-2.10.3.jar
7ff1a61bc000-7ff1a61bd000 r--s 00005000 00:34 527718                     /home/mpiuser/cloud/fyp/java_client/lib/spring-jcl-5.2.5.RELEASE.jar
7ff1a61bd000-7ff1a61d4000 r-xp 00000000 fc:01 2076298                    /usr/lib/jvm/java-8-openjdk-amd64/jre/lib/amd64/libnet.so
7ff1a61d4000-7ff1a63d3000 ---p 00017000 fc:01 2076298                    /usr/lib/jvm/java-8-openjdk-amd64/jre/lib/amd64/libnet.so
7ff1a63d3000-7ff1a63d4000 r--p 00016000 fc:01 2076298                    /usr/lib/jvm/java-8-openjdk-amd64/jre/lib/amd64/libnet.so
7ff1a63d4000-7ff1a63d5000 rw-p 00017000 fc:01 2076298                    /usr/lib/jvm/java-8-openjdk-amd64/jre/lib/amd64/libnet.so
7ff1a63d5000-7ff1a63e6000 r-xp 00000000 fc:01 2076299                    /usr/lib/jvm/java-8-openjdk-amd64/jre/lib/amd64/libnio.so
7ff1a63e6000-7ff1a65e6000 ---p 00011000 fc:01 2076299                    /usr/lib/jvm/java-8-openjdk-amd64/jre/lib/amd64/libnio.so
7ff1a65e6000-7ff1a65e7000 r--p 00011000 fc:01 2076299                    /usr/lib/jvm/java-8-openjdk-amd64/jre/lib/amd64/libnio.so
7ff1a65e7000-7ff1a65e8000 rw-p 00012000 fc:01 2076299                    /usr/lib/jvm/java-8-openjdk-amd64/jre/lib/amd64/libnio.so
7ff1a65e8000-7ff1a6603000 r--s 001d6000 fc:01 2076325                    /usr/lib/jvm/java-8-openjdk-amd64/jre/lib/ext/nashorn.jar
7ff1a6603000-7ff1a6607000 r--s 0003a000 fc:01 2076328                    /usr/lib/jvm/java-8-openjdk-amd64/jre/lib/ext/sunpkcs11.jar
7ff1a6607000-7ff1a6622000 r--s 00394000 fc:01 2076320                    /usr/lib/jvm/java-8-openjdk-amd64/jre/lib/ext/cldrdata.jar
7ff1a6622000-7ff1a6623000 ---p 00000000 00:00 0 
7ff1a6623000-7ff1a6723000 rw-p 00000000 00:00 0 
7ff1a6723000-7ff1a6726000 ---p 00000000 00:00 0 
7ff1a6726000-7ff1a6824000 rw-p 00000000 00:00 0 
7ff1a6824000-7ff1a6825000 ---p 00000000 00:00 0 
7ff1a6825000-7ff1a6828000 ---p 00000000 00:00 0 
7ff1a6828000-7ff1a6925000 rw-p 00000000 00:00 0 
7ff1a6925000-7ff1a6926000 ---p 00000000 00:00 0 
7ff1a6926000-7ff1a6929000 ---p 00000000 00:00 0 
7ff1a6929000-7ff1a6a26000 rw-p 00000000 00:00 0 
7ff1a6a26000-7ff1a6a29000 ---p 00000000 00:00 0 
7ff1a6a29000-7ff1a6b27000 rw-p 00000000 00:00 0 
7ff1a6b27000-7ff1a6b58000 r--p 00000000 fc:01 7802                       /usr/lib/locale/C.UTF-8/LC_CTYPE
7ff1a6b58000-7ff1a6ccb000 r--p 00000000 fc:01 7801                       /usr/lib/locale/C.UTF-8/LC_COLLATE
7ff1a6ccb000-7ff1a6e66000 r--p 00000000 fc:01 7796                       /usr/lib/locale/locale-archive
7ff1a6e66000-7ff1a6e69000 ---p 00000000 00:00 0 
7ff1a6e69000-7ff1a6f67000 rw-p 00000000 00:00 0 
7ff1a6f67000-7ff1a6f6a000 ---p 00000000 00:00 0 
7ff1a6f6a000-7ff1a7068000 rw-p 00000000 00:00 0 
7ff1a7068000-7ff1a7069000 ---p 00000000 00:00 0 
7ff1a7069000-7ff1a7169000 rw-p 00000000 00:00 0 
7ff1a7169000-7ff1a7339000 r--s 03c68000 fc:01 2076349                    /usr/lib/jvm/java-8-openjdk-amd64/jre/lib/rt.jar
7ff1a7339000-7ff1a782f000 rw-p 00000000 00:00 0 
7ff1a782f000-7ff1a7baf000 ---p 00000000 00:00 0 
7ff1a7baf000-7ff1a7bb9000 rw-p 00000000 00:00 0 
7ff1a7bb9000-7ff1a7f6f000 ---p 00000000 00:00 0 
7ff1a7f6f000-7ff1a81df000 rwxp 00000000 00:00 0 
7ff1a81df000-7ff1b6f6f000 ---p 00000000 00:00 0 
7ff1b6f6f000-7ff1b6f77000 r-xp 00000000 fc:01 2076306                    /usr/lib/jvm/java-8-openjdk-amd64/jre/lib/amd64/libzip.so
7ff1b6f77000-7ff1b7176000 ---p 00008000 fc:01 2076306                    /usr/lib/jvm/java-8-openjdk-amd64/jre/lib/amd64/libzip.so
7ff1b7176000-7ff1b7177000 r--p 00007000 fc:01 2076306                    /usr/lib/jvm/java-8-openjdk-amd64/jre/lib/amd64/libzip.so
7ff1b7177000-7ff1b7178000 rw-p 00008000 fc:01 2076306                    /usr/lib/jvm/java-8-openjdk-amd64/jre/lib/amd64/libzip.so
7ff1b7178000-7ff1b7183000 r-xp 00000000 fc:01 2093                       /lib/x86_64-linux-gnu/libnss_files-2.27.so
7ff1b7183000-7ff1b7382000 ---p 0000b000 fc:01 2093                       /lib/x86_64-linux-gnu/libnss_files-2.27.so
7ff1b7382000-7ff1b7383000 r--p 0000a000 fc:01 2093                       /lib/x86_64-linux-gnu/libnss_files-2.27.so
7ff1b7383000-7ff1b7384000 rw-p 0000b000 fc:01 2093                       /lib/x86_64-linux-gnu/libnss_files-2.27.so
7ff1b7384000-7ff1b738a000 rw-p 00000000 00:00 0 
7ff1b738a000-7ff1b73a1000 r-xp 00000000 fc:01 2090                       /lib/x86_64-linux-gnu/libnsl-2.27.so
7ff1b73a1000-7ff1b75a0000 ---p 00017000 fc:01 2090                       /lib/x86_64-linux-gnu/libnsl-2.27.so
7ff1b75a0000-7ff1b75a1000 r--p 00016000 fc:01 2090                       /lib/x86_64-linux-gnu/libnsl-2.27.so
7ff1b75a1000-7ff1b75a2000 rw-p 00017000 fc:01 2090                       /lib/x86_64-linux-gnu/libnsl-2.27.so
7ff1b75a2000-7ff1b75a4000 rw-p 00000000 00:00 0 
7ff1b75a4000-7ff1b75af000 r-xp 00000000 fc:01 2095                       /lib/x86_64-linux-gnu/libnss_nis-2.27.so
7ff1b75af000-7ff1b77ae000 ---p 0000b000 fc:01 2095                       /lib/x86_64-linux-gnu/libnss_nis-2.27.so
7ff1b77ae000-7ff1b77af000 r--p 0000a000 fc:01 2095                       /lib/x86_64-linux-gnu/libnss_nis-2.27.so
7ff1b77af000-7ff1b77b0000 rw-p 0000b000 fc:01 2095                       /lib/x86_64-linux-gnu/libnss_nis-2.27.so
7ff1b77b0000-7ff1b77b8000 r-xp 00000000 fc:01 2091                       /lib/x86_64-linux-gnu/libnss_compat-2.27.so
7ff1b77b8000-7ff1b79b8000 ---p 00008000 fc:01 2091                       /lib/x86_64-linux-gnu/libnss_compat-2.27.so
7ff1b79b8000-7ff1b79b9000 r--p 00008000 fc:01 2091                       /lib/x86_64-linux-gnu/libnss_compat-2.27.so
7ff1b79b9000-7ff1b79ba000 rw-p 00009000 fc:01 2091                       /lib/x86_64-linux-gnu/libnss_compat-2.27.so
7ff1b79ba000-7ff1b79e4000 r-xp 00000000 fc:01 2076287                    /usr/lib/jvm/java-8-openjdk-amd64/jre/lib/amd64/libjava.so
7ff1b79e4000-7ff1b7be3000 ---p 0002a000 fc:01 2076287                    /usr/lib/jvm/java-8-openjdk-amd64/jre/lib/amd64/libjava.so
7ff1b7be3000-7ff1b7be4000 r--p 00029000 fc:01 2076287                    /usr/lib/jvm/java-8-openjdk-amd64/jre/lib/amd64/libjava.so
7ff1b7be4000-7ff1b7be6000 rw-p 0002a000 fc:01 2076287                    /usr/lib/jvm/java-8-openjdk-amd64/jre/lib/amd64/libjava.so
7ff1b7be6000-7ff1b7bf6000 r-xp 00000000 fc:01 2076305                    /usr/lib/jvm/java-8-openjdk-amd64/jre/lib/amd64/libverify.so
7ff1b7bf6000-7ff1b7df5000 ---p 00010000 fc:01 2076305                    /usr/lib/jvm/java-8-openjdk-amd64/jre/lib/amd64/libverify.so
7ff1b7df5000-7ff1b7df7000 r--p 0000f000 fc:01 2076305                    /usr/lib/jvm/java-8-openjdk-amd64/jre/lib/amd64/libverify.so
7ff1b7df7000-7ff1b7df8000 rw-p 00011000 fc:01 2076305                    /usr/lib/jvm/java-8-openjdk-amd64/jre/lib/amd64/libverify.so
7ff1b7df8000-7ff1b7dff000 r-xp 00000000 fc:01 2180                       /lib/x86_64-linux-gnu/librt-2.27.so
7ff1b7dff000-7ff1b7ffe000 ---p 00007000 fc:01 2180                       /lib/x86_64-linux-gnu/librt-2.27.so
7ff1b7ffe000-7ff1b7fff000 r--p 00006000 fc:01 2180                       /lib/x86_64-linux-gnu/librt-2.27.so
7ff1b7fff000-7ff1b8000000 rw-p 00007000 fc:01 2180                       /lib/x86_64-linux-gnu/librt-2.27.so
7ff1b8000000-7ff1bb28d000 rw-p 00000000 00:00 0 
7ff1bb28d000-7ff1bc000000 ---p 00000000 00:00 0 
7ff1bc000000-7ff1bc005000 r--s 0003d000 fc:01 2076327                    /usr/lib/jvm/java-8-openjdk-amd64/jre/lib/ext/sunjce_provider.jar
7ff1bc005000-7ff1bc006000 r--s 00010000 fc:01 2076329                    /usr/lib/jvm/java-8-openjdk-amd64/jre/lib/ext/zipfs.jar
7ff1bc006000-7ff1bc007000 r--s 0000a000 fc:01 2076323                    /usr/lib/jvm/java-8-openjdk-amd64/jre/lib/ext/jaccess.jar
7ff1bc007000-7ff1bc009000 r--s 00007000 fc:01 29713                      /usr/share/java/java-atk-wrapper.jar
7ff1bc009000-7ff1bc0da000 rw-p 00000000 00:00 0 
7ff1bc0da000-7ff1bc0f1000 r-xp 00000000 fc:01 29118                      /lib/x86_64-linux-gnu/libgcc_s.so.1
7ff1bc0f1000-7ff1bc2f0000 ---p 00017000 fc:01 29118                      /lib/x86_64-linux-gnu/libgcc_s.so.1
7ff1bc2f0000-7ff1bc2f1000 r--p 00016000 fc:01 29118                      /lib/x86_64-linux-gnu/libgcc_s.so.1
7ff1bc2f1000-7ff1bc2f2000 rw-p 00017000 fc:01 29118                      /lib/x86_64-linux-gnu/libgcc_s.so.1
7ff1bc2f2000-7ff1bc48f000 r-xp 00000000 fc:01 2087                       /lib/x86_64-linux-gnu/libm-2.27.so
7ff1bc48f000-7ff1bc68e000 ---p 0019d000 fc:01 2087                       /lib/x86_64-linux-gnu/libm-2.27.so
7ff1bc68e000-7ff1bc68f000 r--p 0019c000 fc:01 2087                       /lib/x86_64-linux-gnu/libm-2.27.so
7ff1bc68f000-7ff1bc690000 rw-p 0019d000 fc:01 2087                       /lib/x86_64-linux-gnu/libm-2.27.so
7ff1bc690000-7ff1bc809000 r-xp 00000000 fc:01 2380                       /usr/lib/x86_64-linux-gnu/libstdc++.so.6.0.25
7ff1bc809000-7ff1bca09000 ---p 00179000 fc:01 2380                       /usr/lib/x86_64-linux-gnu/libstdc++.so.6.0.25
7ff1bca09000-7ff1bca13000 r--p 00179000 fc:01 2380                       /usr/lib/x86_64-linux-gnu/libstdc++.so.6.0.25
7ff1bca13000-7ff1bca15000 rw-p 00183000 fc:01 2380                       /usr/lib/x86_64-linux-gnu/libstdc++.so.6.0.25
7ff1bca15000-7ff1bca19000 rw-p 00000000 00:00 0 
7ff1bca19000-7ff1bd6bc000 r-xp 00000000 fc:01 2076309                    /usr/lib/jvm/java-8-openjdk-amd64/jre/lib/amd64/server/libjvm.so
7ff1bd6bc000-7ff1bd8bc000 ---p 00ca3000 fc:01 2076309                    /usr/lib/jvm/java-8-openjdk-amd64/jre/lib/amd64/server/libjvm.so
7ff1bd8bc000-7ff1bd950000 r--p 00ca3000 fc:01 2076309                    /usr/lib/jvm/java-8-openjdk-amd64/jre/lib/amd64/server/libjvm.so
7ff1bd950000-7ff1bd979000 rw-p 00d37000 fc:01 2076309                    /usr/lib/jvm/java-8-openjdk-amd64/jre/lib/amd64/server/libjvm.so
7ff1bd979000-7ff1bd9a9000 rw-p 00000000 00:00 0 
7ff1bd9a9000-7ff1bd9c3000 r-xp 00000000 fc:01 2178                       /lib/x86_64-linux-gnu/libpthread-2.27.so
7ff1bd9c3000-7ff1bdbc2000 ---p 0001a000 fc:01 2178                       /lib/x86_64-linux-gnu/libpthread-2.27.so
7ff1bdbc2000-7ff1bdbc3000 r--p 00019000 fc:01 2178                       /lib/x86_64-linux-gnu/libpthread-2.27.so
7ff1bdbc3000-7ff1bdbc4000 rw-p 0001a000 fc:01 2178                       /lib/x86_64-linux-gnu/libpthread-2.27.so
7ff1bdbc4000-7ff1bdbc8000 rw-p 00000000 00:00 0 
7ff1bdbc8000-7ff1bdbcb000 r-xp 00000000 fc:01 2086                       /lib/x86_64-linux-gnu/libdl-2.27.so
7ff1bdbcb000-7ff1bddca000 ---p 00003000 fc:01 2086                       /lib/x86_64-linux-gnu/libdl-2.27.so
7ff1bddca000-7ff1bddcb000 r--p 00002000 fc:01 2086                       /lib/x86_64-linux-gnu/libdl-2.27.so
7ff1bddcb000-7ff1bddcc000 rw-p 00003000 fc:01 2086                       /lib/x86_64-linux-gnu/libdl-2.27.so
7ff1bddcc000-7ff1bdde8000 r-xp 00000000 fc:01 2183                       /lib/x86_64-linux-gnu/libz.so.1.2.11
7ff1bdde8000-7ff1bdfe7000 ---p 0001c000 fc:01 2183                       /lib/x86_64-linux-gnu/libz.so.1.2.11
7ff1bdfe7000-7ff1bdfe8000 r--p 0001b000 fc:01 2183                       /lib/x86_64-linux-gnu/libz.so.1.2.11
7ff1bdfe8000-7ff1bdfe9000 rw-p 0001c000 fc:01 2183                       /lib/x86_64-linux-gnu/libz.so.1.2.11
7ff1bdfe9000-7ff1be1d0000 r-xp 00000000 fc:01 2083                       /lib/x86_64-linux-gnu/libc-2.27.so
7ff1be1d0000-7ff1be3d0000 ---p 001e7000 fc:01 2083                       /lib/x86_64-linux-gnu/libc-2.27.so
7ff1be3d0000-7ff1be3d4000 r--p 001e7000 fc:01 2083                       /lib/x86_64-linux-gnu/libc-2.27.so
7ff1be3d4000-7ff1be3d6000 rw-p 001eb000 fc:01 2083                       /lib/x86_64-linux-gnu/libc-2.27.so
7ff1be3d6000-7ff1be3da000 rw-p 00000000 00:00 0 
7ff1be3da000-7ff1be3e8000 r-xp 00000000 fc:01 2076273                    /usr/lib/jvm/java-8-openjdk-amd64/jre/lib/amd64/jli/libjli.so
7ff1be3e8000-7ff1be5e7000 ---p 0000e000 fc:01 2076273                    /usr/lib/jvm/java-8-openjdk-amd64/jre/lib/amd64/jli/libjli.so
7ff1be5e7000-7ff1be5e8000 r--p 0000d000 fc:01 2076273                    /usr/lib/jvm/java-8-openjdk-amd64/jre/lib/amd64/jli/libjli.so
7ff1be5e8000-7ff1be5e9000 rw-p 0000e000 fc:01 2076273                    /usr/lib/jvm/java-8-openjdk-amd64/jre/lib/amd64/jli/libjli.so
7ff1be5e9000-7ff1be610000 r-xp 00000000 fc:01 2079                       /lib/x86_64-linux-gnu/ld-2.27.so
7ff1be610000-7ff1be611000 r--s 0000d000 fc:01 2076326                    /usr/lib/jvm/java-8-openjdk-amd64/jre/lib/ext/sunec.jar
7ff1be611000-7ff1be613000 r--s 00001000 fc:01 2076321                    /usr/lib/jvm/java-8-openjdk-amd64/jre/lib/ext/dnsns.jar
7ff1be613000-7ff1be616000 r--s 0000f000 fc:01 2076322                    /usr/lib/jvm/java-8-openjdk-amd64/jre/lib/ext/icedtea-sound.jar
7ff1be616000-7ff1be620000 r--s 00116000 fc:01 2076324                    /usr/lib/jvm/java-8-openjdk-amd64/jre/lib/ext/localedata.jar
7ff1be620000-7ff1be621000 r--p 00000000 fc:01 7807                       /usr/lib/locale/C.UTF-8/LC_NUMERIC
7ff1be621000-7ff1be622000 r--p 00000000 fc:01 7810                       /usr/lib/locale/C.UTF-8/LC_TIME
7ff1be622000-7ff1be623000 r--p 00000000 fc:01 7805                       /usr/lib/locale/C.UTF-8/LC_MONETARY
7ff1be623000-7ff1be624000 r--p 00000000 fc:01 7799                       /usr/lib/locale/C.UTF-8/LC_MESSAGES/SYS_LC_MESSAGES
7ff1be624000-7ff1be625000 r--p 00000000 fc:01 7808                       /usr/lib/locale/C.UTF-8/LC_PAPER
7ff1be625000-7ff1be626000 r--p 00000000 fc:01 7806                       /usr/lib/locale/C.UTF-8/LC_NAME
7ff1be626000-7ff1be627000 r--p 00000000 fc:01 7800                       /usr/lib/locale/C.UTF-8/LC_ADDRESS
7ff1be627000-7ff1be628000 r--p 00000000 fc:01 7809                       /usr/lib/locale/C.UTF-8/LC_TELEPHONE
7ff1be628000-7ff1be629000 r--p 00000000 fc:01 7804                       /usr/lib/locale/C.UTF-8/LC_MEASUREMENT
7ff1be629000-7ff1be630000 r--s 00000000 fc:01 5010                       /usr/lib/x86_64-linux-gnu/gconv/gconv-modules.cache
7ff1be630000-7ff1be631000 r--p 00000000 fc:01 7803                       /usr/lib/locale/C.UTF-8/LC_IDENTIFICATION
7ff1be631000-7ff1be637000 rw-p 00000000 00:00 0 
7ff1be637000-7ff1be684000 ---p 00000000 00:00 0 
7ff1be684000-7ff1be687000 rw-p 00000000 00:00 0 
7ff1be687000-7ff1be6ad000 ---p 00000000 00:00 0 
7ff1be6ad000-7ff1be6b3000 rw-p 00000000 00:00 0 
7ff1be6b3000-7ff1be700000 ---p 00000000 00:00 0 
7ff1be700000-7ff1be701000 rw-p 00000000 00:00 0 
7ff1be701000-7ff1be702000 ---p 00000000 00:00 0 
7ff1be702000-7ff1be705000 ---p 00000000 00:00 0 
7ff1be705000-7ff1be804000 rw-p 00000000 00:00 0 
7ff1be804000-7ff1be80c000 rw-s 00000000 fc:01 529013                     /tmp/hsperfdata_mpiuser/31062
7ff1be80c000-7ff1be80d000 rw-p 00000000 00:00 0 
7ff1be80d000-7ff1be80e000 ---p 00000000 00:00 0 
7ff1be80e000-7ff1be810000 rw-p 00000000 00:00 0 
7ff1be810000-7ff1be811000 r--p 00027000 fc:01 2079                       /lib/x86_64-linux-gnu/ld-2.27.so
7ff1be811000-7ff1be812000 rw-p 00028000 fc:01 2079                       /lib/x86_64-linux-gnu/ld-2.27.so
7ff1be812000-7ff1be813000 rw-p 00000000 00:00 0 
7ffc2032f000-7ffc20350000 rw-p 00000000 00:00 0                          [stack]
7ffc20360000-7ffc20363000 r--p 00000000 00:00 0                          [vvar]
7ffc20363000-7ffc20365000 r-xp 00000000 00:00 0                          [vdso]
ffffffffff600000-ffffffffff601000 r-xp 00000000 00:00 0                  [vsyscall]

VM Arguments:
jvm_args: -Djava.library.path=/usr/local/lib 
java_command: Client 1000000 100 0
java_class_path (initial): /home/mpiuser/cloud/fyp/java_client:./lib/spring-jcl-5.2.5.RELEASE.jar:./lib/jackson-databind-2.10.3.jar:./lib/jackson-databind-2.10.2.jar:./lib/slf4j-simple-1.7.30.jar:./lib/amqp-client-5.8.0.jar:./lib/spring-web-5.2.5.RELEASE.jar:./lib/jackson-annotations-2.10.3.jar:./lib/mpi.jar:./lib/spring-beans-5.2.5.RELEASE.jar:./lib/jackson-annotations-2.10.2.jar:./lib/jackson-core-2.10.2.jar:./lib/jackson-core-2.10.3.jar:./lib/slf4j-api-1.7.29.jar:./lib/spring-core-5.2.5.RELEASE.jar:./lib/slf4j-api-1.7.30.jar:./lib/http-client-3.6.1.RELEASE.jar:/usr/local/lib/mpi.jar
Launcher Type: SUN_STANDARD

Environment Variables:
PATH=/usr/local/sbin:/usr/local/bin:/usr/sbin:/usr/bin:/sbin:/bin:/usr/games:/usr/local/games
SHELL=/bin/bash

Signal Handlers:
SIGSEGV: [libjvm.so+0xabc3b0], sa_mask[0]=11111111011111111101111111111110, sa_flags=SA_RESTART|SA_SIGINFO
SIGBUS: [libjvm.so+0xabc3b0], sa_mask[0]=11111111011111111101111111111110, sa_flags=SA_RESTART|SA_SIGINFO
SIGFPE: [libjvm.so+0x8f0bb0], sa_mask[0]=11111111011111111101111111111110, sa_flags=SA_RESTART|SA_SIGINFO
SIGPIPE: [libjvm.so+0x8f0bb0], sa_mask[0]=11111111011111111101111111111110, sa_flags=SA_RESTART|SA_SIGINFO
SIGXFSZ: [libjvm.so+0x8f0bb0], sa_mask[0]=11111111011111111101111111111110, sa_flags=SA_RESTART|SA_SIGINFO
SIGILL: [libjvm.so+0x8f0bb0], sa_mask[0]=11111111011111111101111111111110, sa_flags=SA_RESTART|SA_SIGINFO
SIGUSR1: SIG_DFL, sa_mask[0]=00000000000000000000000000000000, sa_flags=none
SIGUSR2: [libjvm.so+0x8f0a60], sa_mask[0]=00000000000000000000000000000000, sa_flags=SA_RESTART|SA_SIGINFO
SIGHUP: [libjvm.so+0x8f10d0], sa_mask[0]=11111111011111111101111111111110, sa_flags=SA_RESTART|SA_SIGINFO
SIGINT: [libjvm.so+0x8f10d0], sa_mask[0]=11111111011111111101111111111110, sa_flags=SA_RESTART|SA_SIGINFO
SIGTERM: [libjvm.so+0x8f10d0], sa_mask[0]=11111111011111111101111111111110, sa_flags=SA_RESTART|SA_SIGINFO
SIGQUIT: [libjvm.so+0x8f10d0], sa_mask[0]=11111111011111111101111111111110, sa_flags=SA_RESTART|SA_SIGINFO


---------------  S Y S T E M  ---------------

OS:DISTRIB_ID=Ubuntu
DISTRIB_RELEASE=18.04
DISTRIB_CODENAME=bionic
DISTRIB_DESCRIPTION="Ubuntu 18.04.3 LTS"

uname:Linux 4.15.0-66-generic #75-Ubuntu SMP Tue Oct 1 05:24:09 UTC 2019 x86_64
libc:glibc 2.27 NPTL 2.27 
rlimit: STACK 8192k, CORE 0k, NPROC 3841, NOFILE 1048576, AS infinity
load average:135.37 38.72 13.30

/proc/meminfo:
MemTotal:        1008808 kB
MemFree:          714384 kB
MemAvailable:     680672 kB
Buffers:            4268 kB
Cached:            42256 kB
SwapCached:            0 kB
Active:           160236 kB
Inactive:          19556 kB
Active(anon):     133868 kB
Inactive(anon):      184 kB
Active(file):      26368 kB
Inactive(file):    19372 kB
Unevictable:           0 kB
Mlocked:               0 kB
SwapTotal:             0 kB
SwapFree:              0 kB
Dirty:               188 kB
Writeback:             0 kB
AnonPages:        133452 kB
Mapped:            30040 kB
Shmem:               640 kB
Slab:              75952 kB
SReclaimable:      29516 kB
SUnreclaim:        46436 kB
KernelStack:        3072 kB
PageTables:         5656 kB
NFS_Unstable:          0 kB
Bounce:                0 kB
WritebackTmp:          0 kB
CommitLimit:      504404 kB
Committed_AS:     841096 kB
VmallocTotal:   34359738367 kB
VmallocUsed:           0 kB
VmallocChunk:          0 kB
HardwareCorrupted:     0 kB
AnonHugePages:         0 kB
ShmemHugePages:        0 kB
ShmemPmdMapped:        0 kB
CmaTotal:              0 kB
CmaFree:               0 kB
HugePages_Total:       0
HugePages_Free:        0
HugePages_Rsvd:        0
HugePages_Surp:        0
Hugepagesize:       2048 kB
DirectMap4k:      274412 kB
DirectMap2M:      774144 kB
DirectMap1G:           0 kB

container (cgroup) information:
container_type: cgroupv1
cpu_cpuset_cpus: 0-2
cpu_memory_nodes: 0
active_processor_count: 3
cpu_quota: -1
cpu_period: 100000
cpu_shares: -1
memory_limit_in_bytes: -1
memory_and_swap_limit_in_bytes: -2
memory_soft_limit_in_bytes: -1
memory_usage_in_bytes: 156090368
memory_max_usage_in_bytes: 869789696


CPU:total 3 (initial active 3) (1 cores per cpu, 1 threads per core) family 6 model 85 stepping 4, cmov, cx8, fxsr, mmx, sse, sse2, sse3, ssse3, sse4.1, sse4.2, popcnt, avx, avx2, aes, clmul, erms, 3dnowpref, lzcnt, tsc, bmi1, bmi2, adx

/proc/cpuinfo:
processor	: 0
vendor_id	: GenuineIntel
cpu family	: 6
model		: 85
model name	: Intel(R) Xeon(R) Gold 6140 CPU @ 2.30GHz
stepping	: 4
microcode	: 0x1
cpu MHz		: 2294.608
cache size	: 4096 KB
physical id	: 0
siblings	: 1
core id		: 0
cpu cores	: 1
apicid		: 0
initial apicid	: 0
fpu		: yes
fpu_exception	: yes
cpuid level	: 13
wp		: yes
flags		: fpu vme de pse tsc msr pae mce cx8 apic sep mtrr pge mca cmov pat pse36 clflush mmx fxsr sse sse2 ss syscall nx pdpe1gb rdtscp lm constant_tsc arch_perfmon rep_good nopl cpuid tsc_known_freq pni pclmulqdq vmx ssse3 fma cx16 pcid sse4_1 sse4_2 x2apic movbe popcnt tsc_deadline_timer aes xsave avx f16c rdrand hypervisor lahf_lm abm 3dnowprefetch cpuid_fault invpcid_single pti ssbd ibrs ibpb tpr_shadow vnmi flexpriority ept vpid fsgsbase tsc_adjust bmi1 avx2 smep bmi2 erms invpcid mpx avx512f avx512dq rdseed adx smap clflushopt clwb avx512cd avx512bw avx512vl xsaveopt xsavec xgetbv1 pku ospke md_clear
bugs		: cpu_meltdown spectre_v1 spectre_v2 spec_store_bypass l1tf mds swapgs
bogomips	: 4589.21
clflush size	: 64
cache_alignment	: 64
address sizes	: 40 bits physical, 48 bits virtual
power management:

processor	: 1
vendor_id	: GenuineIntel
cpu family	: 6
model		: 85
model name	: Intel(R) Xeon(R) Gold 6140 CPU @ 2.30GHz
stepping	: 4
microcode	: 0x1
cpu MHz		: 2294.608
cache size	: 4096 KB
physical id	: 1
siblings	: 1
core id		: 0
cpu cores	: 1
apicid		: 1
initial apicid	: 1
fpu		: yes
fpu_exception	: yes
cpuid level	: 13
wp		: yes
flags		: fpu vme de pse tsc msr pae mce cx8 apic sep mtrr pge mca cmov pat pse36 clflush mmx fxsr sse sse2 ss syscall nx pdpe1gb rdtscp lm constant_tsc arch_perfmon rep_good nopl cpuid tsc_known_freq pni pclmulqdq vmx ssse3 fma cx16 pcid sse4_1 sse4_2 x2apic movbe popcnt tsc_deadline_timer aes xsave avx f16c rdrand hypervisor lahf_lm abm 3dnowprefetch cpuid_fault invpcid_single pti ssbd ibrs ibpb tpr_shadow vnmi flexpriority ept vpid fsgsbase tsc_adjust bmi1 avx2 smep bmi2 erms invpcid mpx avx512f avx512dq rdseed adx smap clflushopt clwb avx512cd avx512bw avx512vl xsaveopt xsavec xgetbv1 pku ospke md_clear
bugs		: cpu_meltdown spectre_v1 spectre_v2 spec_store_bypass l1tf mds swapgs
bogomips	: 4589.21
clflush size	: 64
cache_alignment	: 64
address sizes	: 40 bits physical, 48 bits virtual
power management:

processor	: 2
vendor_id	: GenuineIntel
cpu family	: 6
model		: 85
model name	: Intel(R) Xeon(R) Gold 6140 CPU @ 2.30GHz
stepping	: 4
microcode	: 0x1
cpu MHz		: 2294.608
cache size	: 4096 KB
physical id	: 2
siblings	: 1
core id		: 0
cpu cores	: 1
apicid		: 2
initial apicid	: 2
fpu		: yes
fpu_exception	: yes
cpuid level	: 13
wp		: yes
flags		: fpu vme de pse tsc msr pae mce cx8 apic sep mtrr pge mca cmov pat pse36 clflush mmx fxsr sse sse2 ss syscall nx pdpe1gb rdtscp lm constant_tsc arch_perfmon rep_good nopl cpuid tsc_known_freq pni pclmulqdq vmx ssse3 fma cx16 pcid sse4_1 sse4_2 x2apic movbe popcnt tsc_deadline_timer aes xsave avx f16c rdrand hypervisor lahf_lm abm 3dnowprefetch cpuid_fault invpcid_single pti ssbd ibrs ibpb tpr_shadow vnmi flexpriority ept vpid fsgsbase tsc_adjust bmi1 avx2 smep bmi2 erms invpcid mpx avx512f avx512dq rdseed adx smap clflushopt clwb avx512cd avx512bw avx512vl xsaveopt xsavec xgetbv1 pku ospke md_clear
bugs		: cpu_meltdown spectre_v1 spectre_v2 spec_store_bypass l1tf mds swapgs
bogomips	: 4589.21
clflush size	: 64
cache_alignment	: 64
address sizes	: 40 bits physical, 48 bits virtual
power management:



Memory: 4k page, physical 1008808k(714384k free), swap 0k(0k free)

vm_info: OpenJDK 64-Bit Server VM (25.242-b08) for linux-amd64 JRE (1.8.0_242-8u242-b08-0ubuntu3~18.04-b08), built on Jan 17 2020 23:41:21 by "buildd" with gcc 7.4.0

time: Mon Apr  6 11:40:54 2020
timezone: UTC
elapsed time: 64 seconds (0d 0h 1m 4s)

