#
# There is insufficient memory for the Java Runtime Environment to continue.
# Native memory allocation (mmap) failed to map 12288 bytes for committing reserved memory.
# Possible reasons:
#   The system is out of physical RAM or swap space
#   The process is running with CompressedOops enabled, and the Java Heap may be blocking the growth of the native heap
# Possible solutions:
#   Reduce memory load on the system
#   Increase physical memory or swap space
#   Check if swap backing store is full
#   Decrease Java heap size (-Xmx/-Xms)
#   Decrease number of Java threads
#   Decrease Java thread stack sizes (-Xss)
#   Set larger code cache with -XX:ReservedCodeCacheSize=
#   JVM is running with Unscaled Compressed Oops mode in which the Java heap is
#     placed in the first 4GB address space. The Java Heap base address is the
#     maximum limit for the native heap growth. Please use -XX:HeapBaseMinAddress
#     to set the Java Heap base and to place the Java Heap above 4GB virtual address.
# This output file may be truncated or incomplete.
#
#  Out of Memory Error (os_linux.cpp:2757), pid=5418, tid=0x00007f9b087b8700
#
# JRE version: OpenJDK Runtime Environment (8.0_242-b08) (build 1.8.0_242-8u242-b08-0ubuntu3~18.04-b08)
# Java VM: OpenJDK 64-Bit Server VM (25.242-b08 mixed mode linux-amd64 compressed oops)
# Failed to write core dump. Core dumps have been disabled. To enable core dumping, try "ulimit -c unlimited" before starting Java again
#

---------------  T H R E A D  ---------------

Current thread (0x00007f9b040b7000):  JavaThread "Service Thread" daemon [_thread_new, id=5883, stack(0x00007f9b086b8000,0x00007f9b087b9000)]

Stack: [0x00007f9b086b8000,0x00007f9b087b9000],  sp=0x00007f9b087b7b00,  free space=1022k
Native frames: (J=compiled Java code, j=interpreted, Vv=VM code, C=native code)
V  [libjvm.so+0xabba52]
V  [libjvm.so+0x4de2e7]
V  [libjvm.so+0x8f55e6]
V  [libjvm.so+0x8ec91e]
V  [libjvm.so+0x8f6b57]
V  [libjvm.so+0xa59eb6]
V  [libjvm.so+0xa5a0f0]
V  [libjvm.so+0x8f2d82]
C  [libpthread.so.0+0x76db]  start_thread+0xdb


---------------  P R O C E S S  ---------------

Java Threads: ( => current thread )
=>0x00007f9b040b7000 JavaThread "Service Thread" daemon [_thread_new, id=5883, stack(0x00007f9b086b8000,0x00007f9b087b9000)]
  0x00007f9b040b4800 JavaThread "C1 CompilerThread1" daemon [_thread_in_vm, id=5879, stack(0x00007f9b087ba000,0x00007f9b088ba000)]
  0x00007f9b040b2000 JavaThread "C2 CompilerThread0" daemon [_thread_blocked, id=5841, stack(0x00007f9b088bb000,0x00007f9b089bb000)]
  0x00007f9b040b0800 JavaThread "Signal Dispatcher" daemon [_thread_blocked, id=5835, stack(0x00007f9b089bb000,0x00007f9b08abc000)]
  0x00007f9b0407e000 JavaThread "Finalizer" daemon [_thread_blocked, id=5749, stack(0x00007f9b08dfb000,0x00007f9b08efc000)]
  0x00007f9b04079800 JavaThread "Reference Handler" daemon [_thread_blocked, id=5716, stack(0x00007f9b08efc000,0x00007f9b08ffd000)]
  0x00007f9b0400b800 JavaThread "main" [_thread_in_vm, id=5475, stack(0x00007f9b0d68e000,0x00007f9b0d78e000)]

Other Threads:
  0x00007f9b0406f800 VMThread [stack: 0x00007f9b08ffe000,0x00007f9b090fe000] [id=5673]

VM state:not at safepoint (normal execution)

VM Mutex/Monitor currently owned by a thread:  ([mutex/lock_event])
[0x00007f9b040072e0] CodeCache_lock - owner thread: 0x00007f9b040b4800
[0x00007f9b04008960] Compile_lock - owner thread: 0x00007f9b040b4800
[0x00007f9b04008a60] MethodCompileQueue_lock - owner thread: 0x00007f9b040b4800

heap address: 0x00000000f0800000, size: 248 MB, Compressed Oops mode: 32-bit
Narrow klass base: 0x0000000000000000, Narrow klass shift: 3
Compressed class space size: 1073741824 Address: 0x0000000100000000

Heap:
 def new generation   total 4928K, used 441K [0x00000000f0800000, 0x00000000f0d50000, 0x00000000f5aa0000)
  eden space 4416K,  10% used [0x00000000f0800000, 0x00000000f086e7f8, 0x00000000f0c50000)
  from space 512K,   0% used [0x00000000f0c50000, 0x00000000f0c50000, 0x00000000f0cd0000)
  to   space 512K,   0% used [0x00000000f0cd0000, 0x00000000f0cd0000, 0x00000000f0d50000)
 tenured generation   total 10944K, used 0K [0x00000000f5aa0000, 0x00000000f6550000, 0x0000000100000000)
   the space 10944K,   0% used [0x00000000f5aa0000, 0x00000000f5aa0000, 0x00000000f5aa0200, 0x00000000f6550000)
 Metaspace       used 2393K, capacity 4480K, committed 4480K, reserved 1056768K
  class space    used 250K, capacity 384K, committed 384K, reserved 1048576K

Card table byte_map: [0x00007f9b0d610000,0x00007f9b0d68d000] byte_map_base: 0x00007f9b0ce8c000

Polling page: 0x00007f9b0d799000

CodeCache: size=245760Kb used=1073Kb max_used=1073Kb free=244687Kb
 bounds [0x00007f9af5000000, 0x00007f9af5270000, 0x00007f9b04000000]
 total_blobs=238 nmethods=6 adapters=147
 compilation: enabled

Compilation events (4 events):
Event: 6.850 Thread 0x00007f9b040b4800    1       3       java.lang.String::hashCode (55 bytes)
Event: 6.850 Thread 0x00007f9b040b4800 nmethod 1 0x00007f9af5108b90 code [0x00007f9af5108d00, 0x00007f9af5108f90]
Event: 6.850 Thread 0x00007f9b040b4800    2       3       java.lang.Object::<init> (1 bytes)
Event: 6.850 Thread 0x00007f9b040b4800 nmethod 2 0x00007f9af5109090 code [0x00007f9af5109200, 0x00007f9af5109350]

GC Heap History (0 events):
No events

Deoptimization events (0 events):
No events

Classes redefined (0 events):
No events

Internal exceptions (2 events):
Event: 0.842 Thread 0x00007f9b0400b800 Exception <a 'java/lang/NoSuchMethodError': Method sun.misc.Unsafe.defineClass(Ljava/lang/String;[BII)Ljava/lang/Class; name or signature does not match> (0x00000000f0807cc8) thrown at [/build/openjdk-8-58sEEn/openjdk-8-8u242-b08/src/hotspot/src/share/vm/
Event: 0.842 Thread 0x00007f9b0400b800 Exception <a 'java/lang/NoSuchMethodError': Method sun.misc.Unsafe.prefetchRead(Ljava/lang/Object;J)V name or signature does not match> (0x00000000f0807fb0) thrown at [/build/openjdk-8-58sEEn/openjdk-8-8u242-b08/src/hotspot/src/share/vm/prims/jni.cpp, lin

Events (10 events):
Event: 7.534 loading class java/util/zip/ZipConstants
Event: 7.534 loading class java/util/zip/ZipConstants done
Event: 7.534 loading class java/util/zip/ZipFile done
Event: 7.535 loading class java/util/zip/ZipFile$1
Event: 7.535 loading class sun/misc/JavaUtilZipFileAccess
Event: 7.535 loading class sun/misc/JavaUtilZipFileAccess done
Event: 7.535 loading class java/util/zip/ZipFile$1 done
Event: 7.538 loading class sun/misc/URLClassPath$JarLoader$1
Event: 7.543 loading class sun/misc/URLClassPath$JarLoader$1 done
Event: 7.543 loading class sun/misc/FileURLMapper


Dynamic libraries:
f0800000-f0d50000 rw-p 00000000 00:00 0 
f0d50000-f5aa0000 ---p 00000000 00:00 0 
f5aa0000-f6550000 rw-p 00000000 00:00 0 
f6550000-100000000 ---p 00000000 00:00 0 
100000000-100060000 rw-p 00000000 00:00 0 
100060000-140000000 ---p 00000000 00:00 0 
55f6c0927000-55f6c0928000 r-xp 00000000 fc:01 1302575                    /usr/lib/jvm/java-8-openjdk-amd64/jre/bin/java
55f6c0b27000-55f6c0b28000 r--p 00000000 fc:01 1302575                    /usr/lib/jvm/java-8-openjdk-amd64/jre/bin/java
55f6c0b28000-55f6c0b29000 rw-p 00001000 fc:01 1302575                    /usr/lib/jvm/java-8-openjdk-amd64/jre/bin/java
55f6c19f1000-55f6c1a12000 rw-p 00000000 00:00 0                          [heap]
7f9ad8000000-7f9ad8021000 rw-p 00000000 00:00 0 
7f9ad8021000-7f9adc000000 ---p 00000000 00:00 0 
7f9adc000000-7f9adc021000 rw-p 00000000 00:00 0 
7f9adc021000-7f9ae0000000 ---p 00000000 00:00 0 
7f9ae0000000-7f9ae0021000 rw-p 00000000 00:00 0 
7f9ae0021000-7f9ae4000000 ---p 00000000 00:00 0 
7f9ae4000000-7f9ae404e000 rw-p 00000000 00:00 0 
7f9ae404e000-7f9ae8000000 ---p 00000000 00:00 0 
7f9ae8000000-7f9ae8021000 rw-p 00000000 00:00 0 
7f9ae8021000-7f9aec000000 ---p 00000000 00:00 0 
7f9aec000000-7f9aec021000 rw-p 00000000 00:00 0 
7f9aec021000-7f9af0000000 ---p 00000000 00:00 0 
7f9af0000000-7f9af0021000 rw-p 00000000 00:00 0 
7f9af0021000-7f9af4000000 ---p 00000000 00:00 0 
7f9af5000000-7f9af5270000 rwxp 00000000 00:00 0 
7f9af5270000-7f9b04000000 ---p 00000000 00:00 0 
7f9b04000000-7f9b040ca000 rw-p 00000000 00:00 0 
7f9b040ca000-7f9b08000000 ---p 00000000 00:00 0 
7f9b086bb000-7f9b087b9000 rw-p 00000000 00:00 0 
7f9b087b9000-7f9b087ba000 ---p 00000000 00:00 0 
7f9b087ba000-7f9b087bd000 ---p 00000000 00:00 0 
7f9b087bd000-7f9b088ba000 rw-p 00000000 00:00 0 
7f9b088ba000-7f9b088bb000 ---p 00000000 00:00 0 
7f9b088bb000-7f9b088be000 ---p 00000000 00:00 0 
7f9b088be000-7f9b089bb000 rw-p 00000000 00:00 0 
7f9b089bb000-7f9b089be000 ---p 00000000 00:00 0 
7f9b089be000-7f9b08abc000 rw-p 00000000 00:00 0 
7f9b08abc000-7f9b08aed000 r--p 00000000 fc:01 7802                       /usr/lib/locale/C.UTF-8/LC_CTYPE
7f9b08aed000-7f9b08c60000 r--p 00000000 fc:01 7801                       /usr/lib/locale/C.UTF-8/LC_COLLATE
7f9b08c60000-7f9b08dfb000 r--p 00000000 fc:01 7796                       /usr/lib/locale/locale-archive
7f9b08dfb000-7f9b08dfe000 ---p 00000000 00:00 0 
7f9b08dfe000-7f9b08efc000 rw-p 00000000 00:00 0 
7f9b08efc000-7f9b08eff000 ---p 00000000 00:00 0 
7f9b08eff000-7f9b08ffd000 rw-p 00000000 00:00 0 
7f9b08ffd000-7f9b08ffe000 ---p 00000000 00:00 0 
7f9b08ffe000-7f9b0914c000 rw-p 00000000 00:00 0 
7f9b0914c000-7f9b0931c000 r--s 03c68000 fc:01 1302635                    /usr/lib/jvm/java-8-openjdk-amd64/jre/lib/rt.jar
7f9b0931c000-7f9b09815000 rw-p 00000000 00:00 0 
7f9b09815000-7f9b09c15000 ---p 00000000 00:00 0 
7f9b09c15000-7f9b09c1f000 rw-p 00000000 00:00 0 
7f9b09c1f000-7f9b09fd5000 ---p 00000000 00:00 0 
7f9b09fd5000-7f9b09fdd000 r-xp 00000000 fc:01 1302619                    /usr/lib/jvm/java-8-openjdk-amd64/jre/lib/amd64/libzip.so
7f9b09fdd000-7f9b0a1dc000 ---p 00008000 fc:01 1302619                    /usr/lib/jvm/java-8-openjdk-amd64/jre/lib/amd64/libzip.so
7f9b0a1dc000-7f9b0a1dd000 r--p 00007000 fc:01 1302619                    /usr/lib/jvm/java-8-openjdk-amd64/jre/lib/amd64/libzip.so
7f9b0a1dd000-7f9b0a1de000 rw-p 00008000 fc:01 1302619                    /usr/lib/jvm/java-8-openjdk-amd64/jre/lib/amd64/libzip.so
7f9b0a1de000-7f9b0a1e9000 r-xp 00000000 fc:01 2093                       /lib/x86_64-linux-gnu/libnss_files-2.27.so
7f9b0a1e9000-7f9b0a3e8000 ---p 0000b000 fc:01 2093                       /lib/x86_64-linux-gnu/libnss_files-2.27.so
7f9b0a3e8000-7f9b0a3e9000 r--p 0000a000 fc:01 2093                       /lib/x86_64-linux-gnu/libnss_files-2.27.so
7f9b0a3e9000-7f9b0a3ea000 rw-p 0000b000 fc:01 2093                       /lib/x86_64-linux-gnu/libnss_files-2.27.so
7f9b0a3ea000-7f9b0a3f0000 rw-p 00000000 00:00 0 
7f9b0a3f0000-7f9b0a407000 r-xp 00000000 fc:01 2090                       /lib/x86_64-linux-gnu/libnsl-2.27.so
7f9b0a407000-7f9b0a606000 ---p 00017000 fc:01 2090                       /lib/x86_64-linux-gnu/libnsl-2.27.so
7f9b0a606000-7f9b0a607000 r--p 00016000 fc:01 2090                       /lib/x86_64-linux-gnu/libnsl-2.27.so
7f9b0a607000-7f9b0a608000 rw-p 00017000 fc:01 2090                       /lib/x86_64-linux-gnu/libnsl-2.27.so
7f9b0a608000-7f9b0a60a000 rw-p 00000000 00:00 0 
7f9b0a60a000-7f9b0a615000 r-xp 00000000 fc:01 2095                       /lib/x86_64-linux-gnu/libnss_nis-2.27.so
7f9b0a615000-7f9b0a814000 ---p 0000b000 fc:01 2095                       /lib/x86_64-linux-gnu/libnss_nis-2.27.so
7f9b0a814000-7f9b0a815000 r--p 0000a000 fc:01 2095                       /lib/x86_64-linux-gnu/libnss_nis-2.27.so
7f9b0a815000-7f9b0a816000 rw-p 0000b000 fc:01 2095                       /lib/x86_64-linux-gnu/libnss_nis-2.27.so
7f9b0a816000-7f9b0a81e000 r-xp 00000000 fc:01 2091                       /lib/x86_64-linux-gnu/libnss_compat-2.27.so
7f9b0a81e000-7f9b0aa1e000 ---p 00008000 fc:01 2091                       /lib/x86_64-linux-gnu/libnss_compat-2.27.so
7f9b0aa1e000-7f9b0aa1f000 r--p 00008000 fc:01 2091                       /lib/x86_64-linux-gnu/libnss_compat-2.27.so
7f9b0aa1f000-7f9b0aa20000 rw-p 00009000 fc:01 2091                       /lib/x86_64-linux-gnu/libnss_compat-2.27.so
7f9b0aa20000-7f9b0aa4a000 r-xp 00000000 fc:01 1302600                    /usr/lib/jvm/java-8-openjdk-amd64/jre/lib/amd64/libjava.so
7f9b0aa4a000-7f9b0ac49000 ---p 0002a000 fc:01 1302600                    /usr/lib/jvm/java-8-openjdk-amd64/jre/lib/amd64/libjava.so
7f9b0ac49000-7f9b0ac4a000 r--p 00029000 fc:01 1302600                    /usr/lib/jvm/java-8-openjdk-amd64/jre/lib/amd64/libjava.so
7f9b0ac4a000-7f9b0ac4c000 rw-p 0002a000 fc:01 1302600                    /usr/lib/jvm/java-8-openjdk-amd64/jre/lib/amd64/libjava.so
7f9b0ac4c000-7f9b0ac5c000 r-xp 00000000 fc:01 1302618                    /usr/lib/jvm/java-8-openjdk-amd64/jre/lib/amd64/libverify.so
7f9b0ac5c000-7f9b0ae5b000 ---p 00010000 fc:01 1302618                    /usr/lib/jvm/java-8-openjdk-amd64/jre/lib/amd64/libverify.so
7f9b0ae5b000-7f9b0ae5d000 r--p 0000f000 fc:01 1302618                    /usr/lib/jvm/java-8-openjdk-amd64/jre/lib/amd64/libverify.so
7f9b0ae5d000-7f9b0ae5e000 rw-p 00011000 fc:01 1302618                    /usr/lib/jvm/java-8-openjdk-amd64/jre/lib/amd64/libverify.so
7f9b0ae5e000-7f9b0ae65000 r-xp 00000000 fc:01 2180                       /lib/x86_64-linux-gnu/librt-2.27.so
7f9b0ae65000-7f9b0b064000 ---p 00007000 fc:01 2180                       /lib/x86_64-linux-gnu/librt-2.27.so
7f9b0b064000-7f9b0b065000 r--p 00006000 fc:01 2180                       /lib/x86_64-linux-gnu/librt-2.27.so
7f9b0b065000-7f9b0b066000 rw-p 00007000 fc:01 2180                       /lib/x86_64-linux-gnu/librt-2.27.so
7f9b0b066000-7f9b0b07d000 r-xp 00000000 fc:01 29154                      /lib/x86_64-linux-gnu/libgcc_s.so.1
7f9b0b07d000-7f9b0b27c000 ---p 00017000 fc:01 29154                      /lib/x86_64-linux-gnu/libgcc_s.so.1
7f9b0b27c000-7f9b0b27d000 r--p 00016000 fc:01 29154                      /lib/x86_64-linux-gnu/libgcc_s.so.1
7f9b0b27d000-7f9b0b27e000 rw-p 00017000 fc:01 29154                      /lib/x86_64-linux-gnu/libgcc_s.so.1
7f9b0b27e000-7f9b0b41b000 r-xp 00000000 fc:01 2087                       /lib/x86_64-linux-gnu/libm-2.27.so
7f9b0b41b000-7f9b0b61a000 ---p 0019d000 fc:01 2087                       /lib/x86_64-linux-gnu/libm-2.27.so
7f9b0b61a000-7f9b0b61b000 r--p 0019c000 fc:01 2087                       /lib/x86_64-linux-gnu/libm-2.27.so
7f9b0b61b000-7f9b0b61c000 rw-p 0019d000 fc:01 2087                       /lib/x86_64-linux-gnu/libm-2.27.so
7f9b0b61c000-7f9b0b795000 r-xp 00000000 fc:01 4344                       /usr/lib/x86_64-linux-gnu/libstdc++.so.6.0.25
7f9b0b795000-7f9b0b995000 ---p 00179000 fc:01 4344                       /usr/lib/x86_64-linux-gnu/libstdc++.so.6.0.25
7f9b0b995000-7f9b0b99f000 r--p 00179000 fc:01 4344                       /usr/lib/x86_64-linux-gnu/libstdc++.so.6.0.25
7f9b0b99f000-7f9b0b9a1000 rw-p 00183000 fc:01 4344                       /usr/lib/x86_64-linux-gnu/libstdc++.so.6.0.25
7f9b0b9a1000-7f9b0b9a5000 rw-p 00000000 00:00 0 
7f9b0b9a5000-7f9b0c648000 r-xp 00000000 fc:01 1302622                    /usr/lib/jvm/java-8-openjdk-amd64/jre/lib/amd64/server/libjvm.so
7f9b0c648000-7f9b0c848000 ---p 00ca3000 fc:01 1302622                    /usr/lib/jvm/java-8-openjdk-amd64/jre/lib/amd64/server/libjvm.so
7f9b0c848000-7f9b0c8dc000 r--p 00ca3000 fc:01 1302622                    /usr/lib/jvm/java-8-openjdk-amd64/jre/lib/amd64/server/libjvm.so
7f9b0c8dc000-7f9b0c905000 rw-p 00d37000 fc:01 1302622                    /usr/lib/jvm/java-8-openjdk-amd64/jre/lib/amd64/server/libjvm.so
7f9b0c905000-7f9b0c935000 rw-p 00000000 00:00 0 
7f9b0c935000-7f9b0c94f000 r-xp 00000000 fc:01 2178                       /lib/x86_64-linux-gnu/libpthread-2.27.so
7f9b0c94f000-7f9b0cb4e000 ---p 0001a000 fc:01 2178                       /lib/x86_64-linux-gnu/libpthread-2.27.so
7f9b0cb4e000-7f9b0cb4f000 r--p 00019000 fc:01 2178                       /lib/x86_64-linux-gnu/libpthread-2.27.so
7f9b0cb4f000-7f9b0cb50000 rw-p 0001a000 fc:01 2178                       /lib/x86_64-linux-gnu/libpthread-2.27.so
7f9b0cb50000-7f9b0cb54000 rw-p 00000000 00:00 0 
7f9b0cb54000-7f9b0cb57000 r-xp 00000000 fc:01 2086                       /lib/x86_64-linux-gnu/libdl-2.27.so
7f9b0cb57000-7f9b0cd56000 ---p 00003000 fc:01 2086                       /lib/x86_64-linux-gnu/libdl-2.27.so
7f9b0cd56000-7f9b0cd57000 r--p 00002000 fc:01 2086                       /lib/x86_64-linux-gnu/libdl-2.27.so
7f9b0cd57000-7f9b0cd58000 rw-p 00003000 fc:01 2086                       /lib/x86_64-linux-gnu/libdl-2.27.so
7f9b0cd58000-7f9b0cd74000 r-xp 00000000 fc:01 2183                       /lib/x86_64-linux-gnu/libz.so.1.2.11
7f9b0cd74000-7f9b0cf73000 ---p 0001c000 fc:01 2183                       /lib/x86_64-linux-gnu/libz.so.1.2.11
7f9b0cf73000-7f9b0cf74000 r--p 0001b000 fc:01 2183                       /lib/x86_64-linux-gnu/libz.so.1.2.11
7f9b0cf74000-7f9b0cf75000 rw-p 0001c000 fc:01 2183                       /lib/x86_64-linux-gnu/libz.so.1.2.11
7f9b0cf75000-7f9b0d15c000 r-xp 00000000 fc:01 2083                       /lib/x86_64-linux-gnu/libc-2.27.so
7f9b0d15c000-7f9b0d35c000 ---p 001e7000 fc:01 2083                       /lib/x86_64-linux-gnu/libc-2.27.so
7f9b0d35c000-7f9b0d360000 r--p 001e7000 fc:01 2083                       /lib/x86_64-linux-gnu/libc-2.27.so
7f9b0d360000-7f9b0d362000 rw-p 001eb000 fc:01 2083                       /lib/x86_64-linux-gnu/libc-2.27.so
7f9b0d362000-7f9b0d366000 rw-p 00000000 00:00 0 
7f9b0d366000-7f9b0d374000 r-xp 00000000 fc:01 1555499                    /usr/lib/jvm/java-8-openjdk-amd64/jre/lib/amd64/jli/libjli.so
7f9b0d374000-7f9b0d573000 ---p 0000e000 fc:01 1555499                    /usr/lib/jvm/java-8-openjdk-amd64/jre/lib/amd64/jli/libjli.so
7f9b0d573000-7f9b0d574000 r--p 0000d000 fc:01 1555499                    /usr/lib/jvm/java-8-openjdk-amd64/jre/lib/amd64/jli/libjli.so
7f9b0d574000-7f9b0d575000 rw-p 0000e000 fc:01 1555499                    /usr/lib/jvm/java-8-openjdk-amd64/jre/lib/amd64/jli/libjli.so
7f9b0d575000-7f9b0d59c000 r-xp 00000000 fc:01 2079                       /lib/x86_64-linux-gnu/ld-2.27.so
7f9b0d59f000-7f9b0d5a2000 r--s 0000f000 fc:01 1555509                    /usr/lib/jvm/java-8-openjdk-amd64/jre/lib/ext/icedtea-sound.jar
7f9b0d5a2000-7f9b0d5ac000 r--s 00116000 fc:01 1555511                    /usr/lib/jvm/java-8-openjdk-amd64/jre/lib/ext/localedata.jar
7f9b0d5ac000-7f9b0d5ad000 r--p 00000000 fc:01 7807                       /usr/lib/locale/C.UTF-8/LC_NUMERIC
7f9b0d5ad000-7f9b0d5ae000 r--p 00000000 fc:01 7810                       /usr/lib/locale/C.UTF-8/LC_TIME
7f9b0d5ae000-7f9b0d5af000 r--p 00000000 fc:01 7805                       /usr/lib/locale/C.UTF-8/LC_MONETARY
7f9b0d5af000-7f9b0d5b0000 r--p 00000000 fc:01 7799                       /usr/lib/locale/C.UTF-8/LC_MESSAGES/SYS_LC_MESSAGES
7f9b0d5b0000-7f9b0d5b1000 r--p 00000000 fc:01 7808                       /usr/lib/locale/C.UTF-8/LC_PAPER
7f9b0d5b1000-7f9b0d5b2000 r--p 00000000 fc:01 7806                       /usr/lib/locale/C.UTF-8/LC_NAME
7f9b0d5b2000-7f9b0d5b3000 r--p 00000000 fc:01 7800                       /usr/lib/locale/C.UTF-8/LC_ADDRESS
7f9b0d5b3000-7f9b0d5b4000 r--p 00000000 fc:01 7809                       /usr/lib/locale/C.UTF-8/LC_TELEPHONE
7f9b0d5b4000-7f9b0d5b5000 r--p 00000000 fc:01 7804                       /usr/lib/locale/C.UTF-8/LC_MEASUREMENT
7f9b0d5b5000-7f9b0d5bc000 r--s 00000000 fc:01 5010                       /usr/lib/x86_64-linux-gnu/gconv/gconv-modules.cache
7f9b0d5bc000-7f9b0d5bd000 r--p 00000000 fc:01 7803                       /usr/lib/locale/C.UTF-8/LC_IDENTIFICATION
7f9b0d5bd000-7f9b0d5c3000 rw-p 00000000 00:00 0 
7f9b0d5c3000-7f9b0d610000 ---p 00000000 00:00 0 
7f9b0d610000-7f9b0d613000 rw-p 00000000 00:00 0 
7f9b0d613000-7f9b0d639000 ---p 00000000 00:00 0 
7f9b0d639000-7f9b0d63f000 rw-p 00000000 00:00 0 
7f9b0d63f000-7f9b0d68c000 ---p 00000000 00:00 0 
7f9b0d68c000-7f9b0d68d000 rw-p 00000000 00:00 0 
7f9b0d68d000-7f9b0d68e000 ---p 00000000 00:00 0 
7f9b0d68e000-7f9b0d691000 ---p 00000000 00:00 0 
7f9b0d691000-7f9b0d790000 rw-p 00000000 00:00 0 
7f9b0d790000-7f9b0d798000 rw-s 00000000 fc:01 1039893                    /tmp/hsperfdata_mpiuser/5418
7f9b0d798000-7f9b0d799000 rw-p 00000000 00:00 0 
7f9b0d799000-7f9b0d79a000 r--p 00000000 00:00 0 
7f9b0d79a000-7f9b0d79c000 rw-p 00000000 00:00 0 
7f9b0d79c000-7f9b0d79d000 r--p 00027000 fc:01 2079                       /lib/x86_64-linux-gnu/ld-2.27.so
7f9b0d79d000-7f9b0d79e000 rw-p 00028000 fc:01 2079                       /lib/x86_64-linux-gnu/ld-2.27.so
7f9b0d79e000-7f9b0d79f000 rw-p 00000000 00:00 0 
7ffdfeda9000-7ffdfedca000 rw-p 00000000 00:00 0                          [stack]
7ffdfede2000-7ffdfede5000 r--p 00000000 00:00 0                          [vvar]
7ffdfede5000-7ffdfede7000 r-xp 00000000 00:00 0                          [vdso]
ffffffffff600000-ffffffffff601000 r-xp 00000000 00:00 0                  [vsyscall]

VM Arguments:
jvm_args: -Djava.library.path=/usr/local/lib 
java_command: Client 1000000 100 0
java_class_path (initial): /home/mpiuser/cloud/fyp/java_client:./lib/spring-jcl-5.2.5.RELEASE.jar:./lib/jackson-databind-2.10.3.jar:./lib/jackson-databind-2.10.2.jar:./lib/slf4j-simple-1.7.30.jar:./lib/amqp-client-5.8.0.jar:./lib/spring-web-5.2.5.RELEASE.jar:./lib/jackson-annotations-2.10.3.jar:./lib/mpi.jar:./lib/spring-beans-5.2.5.RELEASE.jar:./lib/jackson-annotations-2.10.2.jar:./lib/jackson-core-2.10.2.jar:./lib/jackson-core-2.10.3.jar:./lib/slf4j-api-1.7.29.jar:./lib/spring-core-5.2.5.RELEASE.jar:./lib/slf4j-api-1.7.30.jar:./lib/http-client-3.6.1.RELEASE.jar:/usr/local/lib/mpi.jar
Launcher Type: SUN_STANDARD

Environment Variables:
PATH=/usr/local/sbin:/usr/local/bin:/usr/sbin:/usr/bin:/sbin:/bin:/usr/games:/usr/local/games:/snap/bin
SHELL=/bin/bash

Signal Handlers:
SIGSEGV: [libjvm.so+0xabc3b0], sa_mask[0]=11111111011111111101111111111110, sa_flags=SA_RESTART|SA_SIGINFO
SIGBUS: [libjvm.so+0xabc3b0], sa_mask[0]=11111111011111111101111111111110, sa_flags=SA_RESTART|SA_SIGINFO
SIGFPE: [libjvm.so+0x8f0bb0], sa_mask[0]=11111111011111111101111111111110, sa_flags=SA_RESTART|SA_SIGINFO
SIGPIPE: [libjvm.so+0x8f0bb0], sa_mask[0]=11111111011111111101111111111110, sa_flags=SA_RESTART|SA_SIGINFO
SIGXFSZ: [libjvm.so+0x8f0bb0], sa_mask[0]=11111111011111111101111111111110, sa_flags=SA_RESTART|SA_SIGINFO
SIGILL: [libjvm.so+0x8f0bb0], sa_mask[0]=11111111011111111101111111111110, sa_flags=SA_RESTART|SA_SIGINFO
SIGUSR1: SIG_DFL, sa_mask[0]=00000000000000000000000000000000, sa_flags=none
SIGUSR2: [libjvm.so+0x8f0a60], sa_mask[0]=00000000000000000000000000000000, sa_flags=SA_RESTART|SA_SIGINFO
SIGHUP: [libjvm.so+0x8f10d0], sa_mask[0]=11111111011111111101111111111110, sa_flags=SA_RESTART|SA_SIGINFO
SIGINT: [libjvm.so+0x8f10d0], sa_mask[0]=11111111011111111101111111111110, sa_flags=SA_RESTART|SA_SIGINFO
SIGTERM: [libjvm.so+0x8f10d0], sa_mask[0]=11111111011111111101111111111110, sa_flags=SA_RESTART|SA_SIGINFO
SIGQUIT: [libjvm.so+0x8f10d0], sa_mask[0]=11111111011111111101111111111110, sa_flags=SA_RESTART|SA_SIGINFO


---------------  S Y S T E M  ---------------

OS:DISTRIB_ID=Ubuntu
DISTRIB_RELEASE=18.04
DISTRIB_CODENAME=bionic
DISTRIB_DESCRIPTION="Ubuntu 18.04.3 LTS"

uname:Linux 4.15.0-91-generic #92-Ubuntu SMP Fri Feb 28 11:09:48 UTC 2020 x86_64
libc:glibc 2.27 NPTL 2.27 
rlimit: STACK 8192k, CORE 0k, NPROC 3837, NOFILE 1048576, AS infinity
load average:22.55 4.80 1.56

/proc/meminfo:
MemTotal:        1008492 kB
MemFree:          153788 kB
MemAvailable:     114816 kB
Buffers:            4548 kB
Cached:            38632 kB
SwapCached:            0 kB
Active:           708732 kB
Inactive:          10632 kB
Active(anon):     676748 kB
Inactive(anon):      252 kB
Active(file):      31984 kB
Inactive(file):    10380 kB
Unevictable:           0 kB
Mlocked:               0 kB
SwapTotal:             0 kB
SwapFree:              0 kB
Dirty:              3100 kB
Writeback:             0 kB
AnonPages:        676448 kB
Mapped:            28068 kB
Shmem:               648 kB
Slab:              70128 kB
SReclaimable:      22360 kB
SUnreclaim:        47768 kB
KernelStack:       11512 kB
PageTables:        23208 kB
NFS_Unstable:          0 kB
Bounce:                0 kB
WritebackTmp:          0 kB
CommitLimit:      504244 kB
Committed_AS:    4488932 kB
VmallocTotal:   34359738367 kB
VmallocUsed:           0 kB
VmallocChunk:          0 kB
HardwareCorrupted:     0 kB
AnonHugePages:         0 kB
ShmemHugePages:        0 kB
ShmemPmdMapped:        0 kB
CmaTotal:              0 kB
CmaFree:               0 kB
HugePages_Total:       0
HugePages_Free:        0
HugePages_Rsvd:        0
HugePages_Surp:        0
Hugepagesize:       2048 kB
DirectMap4k:       83948 kB
DirectMap2M:      964608 kB
DirectMap1G:           0 kB

container (cgroup) information:
container_type: cgroupv1
cpu_cpuset_cpus: 0-2
cpu_memory_nodes: 0
active_processor_count: 3
cpu_quota: -1
cpu_period: 100000
cpu_shares: -1
memory_limit_in_bytes: -1
memory_and_swap_limit_in_bytes: -2
memory_soft_limit_in_bytes: -1
memory_usage_in_bytes: 692731904
memory_max_usage_in_bytes: 817807360


CPU:total 3 (initial active 3) (1 cores per cpu, 1 threads per core) family 6 model 85 stepping 4, cmov, cx8, fxsr, mmx, sse, sse2, sse3, ssse3, sse4.1, sse4.2, popcnt, avx, avx2, aes, clmul, erms, 3dnowpref, lzcnt, tsc, bmi1, bmi2, adx

/proc/cpuinfo:
processor	: 0
vendor_id	: GenuineIntel
cpu family	: 6
model		: 85
model name	: Intel(R) Xeon(R) Gold 6140 CPU @ 2.30GHz
stepping	: 4
microcode	: 0x1
cpu MHz		: 2294.608
cache size	: 4096 KB
physical id	: 0
siblings	: 1
core id		: 0
cpu cores	: 1
apicid		: 0
initial apicid	: 0
fpu		: yes
fpu_exception	: yes
cpuid level	: 13
wp		: yes
flags		: fpu vme de pse tsc msr pae mce cx8 apic sep mtrr pge mca cmov pat pse36 clflush mmx fxsr sse sse2 ss syscall nx pdpe1gb rdtscp lm constant_tsc arch_perfmon rep_good nopl cpuid tsc_known_freq pni pclmulqdq vmx ssse3 fma cx16 pcid sse4_1 sse4_2 x2apic movbe popcnt tsc_deadline_timer aes xsave avx f16c rdrand hypervisor lahf_lm abm 3dnowprefetch cpuid_fault invpcid_single pti ssbd ibrs ibpb tpr_shadow vnmi flexpriority ept vpid fsgsbase tsc_adjust bmi1 avx2 smep bmi2 erms invpcid mpx avx512f avx512dq rdseed adx smap clflushopt clwb avx512cd avx512bw avx512vl xsaveopt xsavec xgetbv1 pku ospke md_clear
bugs		: cpu_meltdown spectre_v1 spectre_v2 spec_store_bypass l1tf mds swapgs itlb_multihit
bogomips	: 4589.21
clflush size	: 64
cache_alignment	: 64
address sizes	: 40 bits physical, 48 bits virtual
power management:

processor	: 1
vendor_id	: GenuineIntel
cpu family	: 6
model		: 85
model name	: Intel(R) Xeon(R) Gold 6140 CPU @ 2.30GHz
stepping	: 4
microcode	: 0x1
cpu MHz		: 2294.608
cache size	: 4096 KB
physical id	: 1
siblings	: 1
core id		: 0
cpu cores	: 1
apicid		: 1
initial apicid	: 1
fpu		: yes
fpu_exception	: yes
cpuid level	: 13
wp		: yes
flags		: fpu vme de pse tsc msr pae mce cx8 apic sep mtrr pge mca cmov pat pse36 clflush mmx fxsr sse sse2 ss syscall nx pdpe1gb rdtscp lm constant_tsc arch_perfmon rep_good nopl cpuid tsc_known_freq pni pclmulqdq vmx ssse3 fma cx16 pcid sse4_1 sse4_2 x2apic movbe popcnt tsc_deadline_timer aes xsave avx f16c rdrand hypervisor lahf_lm abm 3dnowprefetch cpuid_fault invpcid_single pti ssbd ibrs ibpb tpr_shadow vnmi flexpriority ept vpid fsgsbase tsc_adjust bmi1 avx2 smep bmi2 erms invpcid mpx avx512f avx512dq rdseed adx smap clflushopt clwb avx512cd avx512bw avx512vl xsaveopt xsavec xgetbv1 pku ospke md_clear
bugs		: cpu_meltdown spectre_v1 spectre_v2 spec_store_bypass l1tf mds swapgs itlb_multihit
bogomips	: 4589.21
clflush size	: 64
cache_alignment	: 64
address sizes	: 40 bits physical, 48 bits virtual
power management:

processor	: 2
vendor_id	: GenuineIntel
cpu family	: 6
model		: 85
model name	: Intel(R) Xeon(R) Gold 6140 CPU @ 2.30GHz
stepping	: 4
microcode	: 0x1
cpu MHz		: 2294.608
cache size	: 4096 KB
physical id	: 2
siblings	: 1
core id		: 0
cpu cores	: 1
apicid		: 2
initial apicid	: 2
fpu		: yes
fpu_exception	: yes
cpuid level	: 13
wp		: yes
flags		: fpu vme de pse tsc msr pae mce cx8 apic sep mtrr pge mca cmov pat pse36 clflush mmx fxsr sse sse2 ss syscall nx pdpe1gb rdtscp lm constant_tsc arch_perfmon rep_good nopl cpuid tsc_known_freq pni pclmulqdq vmx ssse3 fma cx16 pcid sse4_1 sse4_2 x2apic movbe popcnt tsc_deadline_timer aes xsave avx f16c rdrand hypervisor lahf_lm abm 3dnowprefetch cpuid_fault invpcid_single pti ssbd ibrs ibpb tpr_shadow vnmi flexpriority ept vpid fsgsbase tsc_adjust bmi1 avx2 smep bmi2 erms invpcid mpx avx512f avx512dq rdseed adx smap clflushopt clwb avx512cd avx512bw avx512vl xsaveopt xsavec xgetbv1 pku ospke md_clear
bugs		: cpu_meltdown spectre_v1 spectre_v2 spec_store_bypass l1tf mds swapgs itlb_multihit
bogomips	: 4589.21
clflush size	: 64
cache_alignment	: 64
address sizes	: 40 bits physical, 48 bits virtual
power management:



Memory: 4k page, physical 1008492k(147712k free), swap 0k(0k free)

vm_info: OpenJDK 64-Bit Server VM (25.242-b08) for linux-amd64 JRE (1.8.0_242-8u242-b08-0ubuntu3~18.04-b08), built on Jan 17 2020 23:41:21 by "buildd" with gcc 7.4.0

time: Mon Apr  6 11:39:59 2020
timezone: UTC
elapsed time: 8 seconds (0d 0h 0m 8s)

