#
# A fatal error has been detected by the Java Runtime Environment:
#
#  SIGSEGV (0xb) at pc=0x00007f56835cf12a, pid=15545, tid=0x00007f56c6b2c700
#
# JRE version: OpenJDK Runtime Environment (8.0_242-b08) (build 1.8.0_242-8u242-b08-0ubuntu3~18.04-b08)
# Java VM: OpenJDK 64-Bit Server VM (25.242-b08 mixed mode linux-amd64 compressed oops)
# Problematic frame:
# C  [mca_gds_ds21.so+0x212a]  pmix_gds_ds21_lock_init+0x12a
#
# Failed to write core dump. Core dumps have been disabled. To enable core dumping, try "ulimit -c unlimited" before starting Java again
#
# If you would like to submit a bug report, please visit:
#   http://bugreport.java.com/bugreport/crash.jsp
# The crash happened outside the Java Virtual Machine in native code.
# See problematic frame for where to report the bug.
#

---------------  T H R E A D  ---------------

Current thread (0x00007f56c000b800):  JavaThread "main" [_thread_in_native, id=15583, stack(0x00007f56c6a2d000,0x00007f56c6b2d000)]

siginfo: si_signo: 11 (SIGSEGV), si_code: 1 (SEGV_MAPERR), si_addr: 0x00007f56c4002008

Registers:
RAX=0x00007f56c025d3c0, RBX=0x00007f56c025d2e0, RCX=0x00007f56839ef85e, RDX=0x00007ffe0b9ecceb
RSP=0x00007f56c6b2a700, RBP=0x00007f56c025d338, RSI=0x0000000000085000, RDI=0x0000000000000000
R8 =0x000000000000001e, R9 =0x0000000000000000, R10=0x0000000000000001, R11=0x0000000000000000
R12=0x00007f56c025cf38, R13=0x0000000000001000, R14=0x00007f56c4002000, R15=0x00007f56c025d330
RIP=0x00007f56835cf12a, EFLAGS=0x0000000000010206, CSGSFS=0x002b000000000033, ERR=0x0000000000000004
  TRAPNO=0x000000000000000e

Top of Stack: (sp=0x00007f56c6b2a700)
0x00007f56c6b2a700:   00007f56c025d290 00007ffe0b9ecceb
0x00007f56c6b2a710:   0000000000085000 000003e800000002
0x00007f56c6b2a720:   0000000000000000 00007f56c63ab2ed
0x00007f56c6b2a730:   00007f56c025cf80 7bb43a50d9533100
0x00007f56c6b2a740:   0000000000000000 00007f56c025cc60
0x00007f56c6b2a750:   0000000000000000 00007ffe0b9ecceb
0x00007f56c6b2a760:   0000000000000000 00007f56c025ced0
0x00007f56c6b2a770:   0000000000000000 00007f56839ebbcb
0x00007f56c6b2a780:   00007f56835cfcee 00007f56c6b2a810
0x00007f56c6b2a790:   00007f568cbce513 0000001500000040
0x00007f56c6b2a7a0:   00007f56c02585b0 7bb43a50d9533100
0x00007f56c6b2a7b0:   00007f56839e1280 00007f56c02580c0
0x00007f56c6b2a7c0:   00007f56837d12d4 00007f568cdf40a0
0x00007f56c6b2a7d0:   00007f56837d1180 00007f568cdf7fc0
0x00007f56c6b2a7e0:   00007f56c025cc10 00007f56835cedb4
0x00007f56c6b2a7f0:   00007f568cdf4060 00007f568cbb6ee8
0x00007f56c6b2a800:   00007f568cdf4100 00007f56c6b2a834
0x00007f56c6b2a810:   00007f56c6b2a838 0000000000000000
0x00007f56c6b2a820:   0000000000000000 00007f568cdf7fd0
0x00007f56c6b2a830:   0000001e8cb2bdb0 00007f56837d1180
0x00007f56c6b2a840:   0000000000000000 7bb43a50d9533100
0x00007f56c6b2a850:   00007f568cdf40a0 0000000000000000
0x00007f56c6b2a860:   0000000000000000 00007f56c01e74c0
0x00007f56c6b2a870:   00007f568cb2bdb0 00007f568cdf3520
0x00007f56c6b2a880:   0000000000000000 00007f568cb71763
0x00007f56c6b2a890:   000000000000000c 00007f568cdf37d8
0x00007f56c6b2a8a0:   2d69706d6e65706f 0000316576616c73
0x00007f56c6b2a8b0:   00007f568cab6100 00007f568cab1b00
0x00007f56c6b2a8c0:   00007f568cab964e 0000000100000000
0x00007f56c6b2a8d0:   00007f56c6b2a9d0 00007f5600000003
0x00007f56c6b2a8e0:   00007f56c6b2a9c0 7bb43a50d9533100
0x00007f56c6b2a8f0:   00007f56c01e4ea0 00007f568cdf2f60 

Instructions: (pc=0x00007f56835cf12a)
0x00007f56835cf10a:   f7 ff ff 48 85 c0 49 89 47 30 0f 84 16 03 00 00
0x00007f56835cf11a:   4c 8b 70 18 49 8b 36 4c 39 ee 0f 87 ce 02 00 00
0x00007f56835cf12a:   41 8b 46 08 41 89 47 40 49 8b 56 18 4c 01 f2 85
0x00007f56835cf13a:   c0 49 89 57 38 0f 84 eb 02 00 00 31 c0 ba 01 00 

Register to memory mapping:

RAX=0x00007f56c025d3c0 is an unknown value
RBX=0x00007f56c025d2e0 is an unknown value
RCX=0x00007f56839ef85e: pmix_common_dstor_attach_new_lock_seg+0x1e in /usr/local/lib/libmca_common_dstore.so.1 at 0x00007f56839e2000
RDX=0x00007ffe0b9ecceb is an unknown value
RSP=0x00007f56c6b2a700 is pointing into the stack for thread: 0x00007f56c000b800
RBP=0x00007f56c025d338 is an unknown value
RSI=0x0000000000085000 is an unknown value
RDI=0x0000000000000000 is an unknown value
R8 =0x000000000000001e is an unknown value
R9 =0x0000000000000000 is an unknown value
R10=0x0000000000000001 is an unknown value
R11=0x0000000000000000 is an unknown value
R12=0x00007f56c025cf38 is an unknown value
R13=0x0000000000001000 is an unknown value
R14=0x00007f56c4002000 is an unknown value
R15=0x00007f56c025d330 is an unknown value


Stack: [0x00007f56c6a2d000,0x00007f56c6b2d000],  sp=0x00007f56c6b2a700,  free space=1013k
Native frames: (J=compiled Java code, j=interpreted, Vv=VM code, C=native code)
C  [mca_gds_ds21.so+0x212a]  pmix_gds_ds21_lock_init+0x12a

Java frames: (J=compiled Java code, j=interpreted, Vv=VM code)
j  mpi.MPI.Init_jni([Ljava/lang/String;)[Ljava/lang/String;+0
j  mpi.MPI.Init([Ljava/lang/String;)[Ljava/lang/String;+17
j  Client.main([Ljava/lang/String;)V+1
v  ~StubRoutines::call_stub

---------------  P R O C E S S  ---------------

Java Threads: ( => current thread )
  0x00007f5698001000 JavaThread "SIGTERM handler" daemon [_thread_new, id=16502, stack(0x0000000000000000,0x0000000000000000)]
  0x00007f56c00b7800 JavaThread "Service Thread" daemon [_thread_blocked, id=15919, stack(0x00007f56ae9d2000,0x00007f56aead3000)]
  0x00007f56c00b4800 JavaThread "C1 CompilerThread1" daemon [_thread_blocked, id=15886, stack(0x00007f56aead4000,0x00007f56aebd4000)]
  0x00007f56c00b2000 JavaThread "C2 CompilerThread0" daemon [_thread_blocked, id=15880, stack(0x00007f56aebd5000,0x00007f56aecd5000)]
  0x00007f56c00b0800 JavaThread "Signal Dispatcher" daemon [_thread_blocked, id=15859, stack(0x00007f56aecd5000,0x00007f56aedd6000)]
  0x00007f56c007e000 JavaThread "Finalizer" daemon [_thread_blocked, id=15725, stack(0x00007f56af0e4000,0x00007f56af1e5000)]
  0x00007f56c0079800 JavaThread "Reference Handler" daemon [_thread_blocked, id=15712, stack(0x00007f56af1e5000,0x00007f56af2e6000)]
=>0x00007f56c000b800 JavaThread "main" [_thread_in_native, id=15583, stack(0x00007f56c6a2d000,0x00007f56c6b2d000)]

Other Threads:
  0x00007f56c006f800 VMThread [stack: 0x00007f56af2e7000,0x00007f56af3e7000] [id=15684]
  0x00007f56c00ba800 WatcherThread [stack: 0x00007f56ae8d2000,0x00007f56ae9d2000] [id=15956]

VM state:not at safepoint (normal execution)

VM Mutex/Monitor currently owned by a thread: None

heap address: 0x00000000f0800000, size: 248 MB, Compressed Oops mode: 32-bit
Narrow klass base: 0x0000000000000000, Narrow klass shift: 3
Compressed class space size: 1073741824 Address: 0x0000000100000000

Heap:
 def new generation   total 4928K, used 1529K [0x00000000f0800000, 0x00000000f0d50000, 0x00000000f5aa0000)
  eden space 4416K,  34% used [0x00000000f0800000, 0x00000000f097e7b8, 0x00000000f0c50000)
  from space 512K,   0% used [0x00000000f0c50000, 0x00000000f0c50000, 0x00000000f0cd0000)
  to   space 512K,   0% used [0x00000000f0cd0000, 0x00000000f0cd0000, 0x00000000f0d50000)
 tenured generation   total 10944K, used 0K [0x00000000f5aa0000, 0x00000000f6550000, 0x0000000100000000)
   the space 10944K,   0% used [0x00000000f5aa0000, 0x00000000f5aa0000, 0x00000000f5aa0200, 0x00000000f6550000)
 Metaspace       used 3120K, capacity 4792K, committed 5120K, reserved 1056768K
  class space    used 314K, capacity 424K, committed 512K, reserved 1048576K

Card table byte_map: [0x00007f56c69af000,0x00007f56c6a2c000] byte_map_base: 0x00007f56c622b000

Polling page: 0x00007f56c6b38000

CodeCache: size=245760Kb used=1240Kb max_used=1240Kb free=244519Kb
 bounds [0x00007f56b0177000, 0x00007f56b03e7000, 0x00007f56bf177000]
 total_blobs=379 nmethods=74 adapters=220
 compilation: enabled

Compilation events (10 events):
Event: 36.470 Thread 0x00007f56c00b4800   67       3       java.nio.DirectLongBufferU::ix (10 bytes)
Event: 36.471 Thread 0x00007f56c00b4800 nmethod 67 0x00007f56b029fcd0 code [0x00007f56b029fe20, 0x00007f56b029ff90]
Event: 36.471 Thread 0x00007f56c00b4800   68       3       java.util.zip.ZipCoder::encoder (35 bytes)
Event: 36.471 Thread 0x00007f56c00b4800 nmethod 68 0x00007f56b02a0010 code [0x00007f56b02a01c0, 0x00007f56b02a0828]
Event: 36.474 Thread 0x00007f56c00b4800   71       3       java.util.concurrent.ConcurrentHashMap::setTabAt (19 bytes)
Event: 36.475 Thread 0x00007f56c00b4800 nmethod 71 0x00007f56b02a92d0 code [0x00007f56b02a9420, 0x00007f56b02a9590]
Event: 36.475 Thread 0x00007f56c00b4800   73       3       java.util.zip.ZipFile::ensureOpen (37 bytes)
Event: 36.475 Thread 0x00007f56c00b4800 nmethod 73 0x00007f56b02a9610 code [0x00007f56b02a97a0, 0x00007f56b02a9a78]
Event: 36.475 Thread 0x00007f56c00b4800   74       3       java.util.zip.ZipCoder::getBytes (192 bytes)
Event: 36.476 Thread 0x00007f56c00b4800 nmethod 74 0x00007f56b02a9b90 code [0x00007f56b02a9f40, 0x00007f56b02ac158]

GC Heap History (0 events):
No events

Deoptimization events (0 events):
No events

Classes redefined (0 events):
No events

Internal exceptions (5 events):
Event: 0.363 Thread 0x00007f56c000b800 Exception <a 'java/lang/NoSuchMethodError': Method sun.misc.Unsafe.defineClass(Ljava/lang/String;[BII)Ljava/lang/Class; name or signature does not match> (0x00000000f0807cc8) thrown at [/build/openjdk-8-58sEEn/openjdk-8-8u242-b08/src/hotspot/src/share/vm/
Event: 0.363 Thread 0x00007f56c000b800 Exception <a 'java/lang/NoSuchMethodError': Method sun.misc.Unsafe.prefetchRead(Ljava/lang/Object;J)V name or signature does not match> (0x00000000f0807fb0) thrown at [/build/openjdk-8-58sEEn/openjdk-8-8u242-b08/src/hotspot/src/share/vm/prims/jni.cpp, lin
Event: 1.256 Thread 0x00007f56c000b800 Exception <a 'java/util/zip/ZipException'> (0x00000000f085dec8) thrown at [/build/openjdk-8-58sEEn/openjdk-8-8u242-b08/src/hotspot/src/share/vm/prims/jni.cpp, line 710]
Event: 1.256 Thread 0x00007f56c000b800 Exception <a 'java/security/PrivilegedActionException'> (0x00000000f085e168) thrown at [/build/openjdk-8-58sEEn/openjdk-8-8u242-b08/src/hotspot/src/share/vm/prims/jvm.cpp, line 1502]
Event: 1.256 Thread 0x00007f56c000b800 Exception <a 'java/security/PrivilegedActionException'> (0x00000000f085e378) thrown at [/build/openjdk-8-58sEEn/openjdk-8-8u242-b08/src/hotspot/src/share/vm/prims/jvm.cpp, line 1502]

Events (10 events):
Event: 36.470 loading class mpi/Constant
Event: 36.470 loading class mpi/Constant done
Event: 36.471 loading class mpi/Errhandler
Event: 36.471 loading class mpi/Errhandler done
Event: 36.471 loading class mpi/Intracomm
Event: 36.471 loading class mpi/Intracomm done
Event: 36.472 loading class mpi/Comm
Event: 36.472 loading class mpi/Comm done
Event: 36.474 loading class mpi/Version
Event: 36.474 loading class mpi/Version done


Dynamic libraries:
f0800000-f0d50000 rw-p 00000000 00:00 0 
f0d50000-f5aa0000 ---p 00000000 00:00 0 
f5aa0000-f6550000 rw-p 00000000 00:00 0 
f6550000-100000000 ---p 00000000 00:00 0 
100000000-100080000 rw-p 00000000 00:00 0 
100080000-140000000 ---p 00000000 00:00 0 
55aa6e339000-55aa6e33a000 r-xp 00000000 fc:01 2079032                    /usr/lib/jvm/java-8-openjdk-amd64/jre/bin/java
55aa6e539000-55aa6e53a000 r--p 00000000 fc:01 2079032                    /usr/lib/jvm/java-8-openjdk-amd64/jre/bin/java
55aa6e53a000-55aa6e53b000 rw-p 00001000 fc:01 2079032                    /usr/lib/jvm/java-8-openjdk-amd64/jre/bin/java
55aa704fc000-55aa7051d000 rw-p 00000000 00:00 0                          [heap]
7f567c000000-7f567c021000 rw-p 00000000 00:00 0 
7f567c021000-7f5680000000 ---p 00000000 00:00 0 
7f56832c9000-7f56833ca000 rw-p 00000000 00:00 0 
7f56833ca000-7f56833cc000 r-xp 00000000 fc:01 526222                     /usr/local/lib/pmix/mca_pshmem_mmap.so
7f56833cc000-7f56835cb000 ---p 00002000 fc:01 526222                     /usr/local/lib/pmix/mca_pshmem_mmap.so
7f56835cb000-7f56835cc000 r--p 00001000 fc:01 526222                     /usr/local/lib/pmix/mca_pshmem_mmap.so
7f56835cc000-7f56835cd000 rw-p 00002000 fc:01 526222                     /usr/local/lib/pmix/mca_pshmem_mmap.so
7f56835cd000-7f56835d1000 r-xp 00000000 fc:01 526198                     /usr/local/lib/pmix/mca_gds_ds21.so
7f56835d1000-7f56837d0000 ---p 00004000 fc:01 526198                     /usr/local/lib/pmix/mca_gds_ds21.so
7f56837d0000-7f56837d1000 r--p 00003000 fc:01 526198                     /usr/local/lib/pmix/mca_gds_ds21.so
7f56837d1000-7f56837d2000 rw-p 00004000 fc:01 526198                     /usr/local/lib/pmix/mca_gds_ds21.so
7f56837d2000-7f56837e1000 r-xp 00000000 fc:01 526200                     /usr/local/lib/pmix/mca_gds_hash.so
7f56837e1000-7f56839e0000 ---p 0000f000 fc:01 526200                     /usr/local/lib/pmix/mca_gds_hash.so
7f56839e0000-7f56839e1000 r--p 0000e000 fc:01 526200                     /usr/local/lib/pmix/mca_gds_hash.so
7f56839e1000-7f56839e2000 rw-p 0000f000 fc:01 526200                     /usr/local/lib/pmix/mca_gds_hash.so
7f56839e2000-7f56839f1000 r-xp 00000000 fc:01 7028                       /usr/local/lib/libmca_common_dstore.so.1.0.0
7f56839f1000-7f5683bf0000 ---p 0000f000 fc:01 7028                       /usr/local/lib/libmca_common_dstore.so.1.0.0
7f5683bf0000-7f5683bf1000 r--p 0000e000 fc:01 7028                       /usr/local/lib/libmca_common_dstore.so.1.0.0
7f5683bf1000-7f5683bf2000 rw-p 0000f000 fc:01 7028                       /usr/local/lib/libmca_common_dstore.so.1.0.0
7f5683bf2000-7f5683bf6000 r-xp 00000000 fc:01 526196                     /usr/local/lib/pmix/mca_gds_ds12.so
7f5683bf6000-7f5683df5000 ---p 00004000 fc:01 526196                     /usr/local/lib/pmix/mca_gds_ds12.so
7f5683df5000-7f5683df6000 r--p 00003000 fc:01 526196                     /usr/local/lib/pmix/mca_gds_ds12.so
7f5683df6000-7f5683df7000 rw-p 00004000 fc:01 526196                     /usr/local/lib/pmix/mca_gds_ds12.so
7f5683df7000-7f5683dff000 r-xp 00000000 fc:01 526226                     /usr/local/lib/pmix/mca_ptl_usock.so
7f5683dff000-7f5683ffe000 ---p 00008000 fc:01 526226                     /usr/local/lib/pmix/mca_ptl_usock.so
7f5683ffe000-7f5683fff000 r--p 00007000 fc:01 526226                     /usr/local/lib/pmix/mca_ptl_usock.so
7f5683fff000-7f5684000000 rw-p 00008000 fc:01 526226                     /usr/local/lib/pmix/mca_ptl_usock.so
7f5684000000-7f5684021000 rw-p 00000000 00:00 0 
7f5684021000-7f5688000000 ---p 00000000 00:00 0 
7f5688000000-7f5688021000 rw-p 00000000 00:00 0 
7f5688021000-7f568c000000 ---p 00000000 00:00 0 
7f568c062000-7f568c073000 r-xp 00000000 fc:01 526224                     /usr/local/lib/pmix/mca_ptl_tcp.so
7f568c073000-7f568c272000 ---p 00011000 fc:01 526224                     /usr/local/lib/pmix/mca_ptl_tcp.so
7f568c272000-7f568c273000 r--p 00010000 fc:01 526224                     /usr/local/lib/pmix/mca_ptl_tcp.so
7f568c273000-7f568c274000 rw-p 00011000 fc:01 526224                     /usr/local/lib/pmix/mca_ptl_tcp.so
7f568c274000-7f568c285000 r-xp 00000000 fc:01 526188                     /usr/local/lib/pmix/mca_bfrops_v12.so
7f568c285000-7f568c485000 ---p 00011000 fc:01 526188                     /usr/local/lib/pmix/mca_bfrops_v12.so
7f568c485000-7f568c486000 r--p 00011000 fc:01 526188                     /usr/local/lib/pmix/mca_bfrops_v12.so
7f568c486000-7f568c487000 rw-p 00012000 fc:01 526188                     /usr/local/lib/pmix/mca_bfrops_v12.so
7f568c487000-7f568c49e000 r-xp 00000000 fc:01 526190                     /usr/local/lib/pmix/mca_bfrops_v20.so
7f568c49e000-7f568c69d000 ---p 00017000 fc:01 526190                     /usr/local/lib/pmix/mca_bfrops_v20.so
7f568c69d000-7f568c69e000 r--p 00016000 fc:01 526190                     /usr/local/lib/pmix/mca_bfrops_v20.so
7f568c69e000-7f568c69f000 rw-p 00017000 fc:01 526190                     /usr/local/lib/pmix/mca_bfrops_v20.so
7f568c69f000-7f568c6a7000 r-xp 00000000 fc:01 526194                     /usr/local/lib/pmix/mca_bfrops_v3.so
7f568c6a7000-7f568c8a6000 ---p 00008000 fc:01 526194                     /usr/local/lib/pmix/mca_bfrops_v3.so
7f568c8a6000-7f568c8a7000 r--p 00007000 fc:01 526194                     /usr/local/lib/pmix/mca_bfrops_v3.so
7f568c8a7000-7f568c8a8000 rw-p 00008000 fc:01 526194                     /usr/local/lib/pmix/mca_bfrops_v3.so
7f568c8a8000-7f568c8af000 r-xp 00000000 fc:01 526192                     /usr/local/lib/pmix/mca_bfrops_v21.so
7f568c8af000-7f568caaf000 ---p 00007000 fc:01 526192                     /usr/local/lib/pmix/mca_bfrops_v21.so
7f568caaf000-7f568cab0000 r--p 00007000 fc:01 526192                     /usr/local/lib/pmix/mca_bfrops_v21.so
7f568cab0000-7f568cab1000 rw-p 00008000 fc:01 526192                     /usr/local/lib/pmix/mca_bfrops_v21.so
7f568cab1000-7f568cbf0000 r-xp 00000000 fc:01 526228                     /usr/local/lib/openmpi/mca_pmix_pmix3x.so
7f568cbf0000-7f568cdf0000 ---p 0013f000 fc:01 526228                     /usr/local/lib/openmpi/mca_pmix_pmix3x.so
7f568cdf0000-7f568cdf1000 r--p 0013f000 fc:01 526228                     /usr/local/lib/openmpi/mca_pmix_pmix3x.so
7f568cdf1000-7f568cdf6000 rw-p 00140000 fc:01 526228                     /usr/local/lib/openmpi/mca_pmix_pmix3x.so
7f568cdf6000-7f568cdf9000 rw-p 00000000 00:00 0 
7f568cdfc000-7f568cdfe000 r-xp 00000000 fc:01 526214                     /usr/local/lib/pmix/mca_psec_native.so
7f568cdfe000-7f568cffd000 ---p 00002000 fc:01 526214                     /usr/local/lib/pmix/mca_psec_native.so
7f568cffd000-7f568cffe000 r--p 00001000 fc:01 526214                     /usr/local/lib/pmix/mca_psec_native.so
7f568cffe000-7f568cfff000 rw-p 00002000 fc:01 526214                     /usr/local/lib/pmix/mca_psec_native.so
7f568cfff000-7f5690000000 rw-p 00000000 00:00 0 
7f5690000000-7f56900d5000 rw-p 00000000 00:00 0 
7f56900d5000-7f5694000000 ---p 00000000 00:00 0 
7f5694000000-7f5694021000 rw-p 00000000 00:00 0 
7f5694021000-7f5698000000 ---p 00000000 00:00 0 
7f5698000000-7f5698021000 rw-p 00000000 00:00 0 
7f5698021000-7f569c000000 ---p 00000000 00:00 0 
7f569c000000-7f569c05f000 rw-p 00000000 00:00 0 
7f569c05f000-7f56a0000000 ---p 00000000 00:00 0 
7f56a0000000-7f56a0021000 rw-p 00000000 00:00 0 
7f56a0021000-7f56a4000000 ---p 00000000 00:00 0 
7f56a4000000-7f56a4021000 rw-p 00000000 00:00 0 
7f56a4021000-7f56a8000000 ---p 00000000 00:00 0 
7f56a8000000-7f56a8021000 rw-p 00000000 00:00 0 
7f56a8021000-7f56ac000000 ---p 00000000 00:00 0 
7f56ac0ac000-7f56ac131000 rw-s 00000000 fc:01 526899                     /tmp/ompi.openmpi-slave1.1000/jf.8274/pmix_dstor_ds21_15448/smlockseg-542244865
7f56ac131000-7f56ac132000 ---p 00000000 00:00 0 
7f56ac132000-7f56ac932000 rw-p 00000000 00:00 0 
7f56ac932000-7f56ac936000 r-xp 00000000 fc:01 526266                     /usr/local/lib/openmpi/mca_ess_pmi.so
7f56ac936000-7f56acb35000 ---p 00004000 fc:01 526266                     /usr/local/lib/openmpi/mca_ess_pmi.so
7f56acb35000-7f56acb36000 r--p 00003000 fc:01 526266                     /usr/local/lib/openmpi/mca_ess_pmi.so
7f56acb36000-7f56acb37000 rw-p 00004000 fc:01 526266                     /usr/local/lib/openmpi/mca_ess_pmi.so
7f56acb37000-7f56acb38000 r-xp 00000000 fc:01 526334                     /usr/local/lib/openmpi/mca_schizo_orte.so
7f56acb38000-7f56acd37000 ---p 00001000 fc:01 526334                     /usr/local/lib/openmpi/mca_schizo_orte.so
7f56acd37000-7f56acd38000 r--p 00000000 fc:01 526334                     /usr/local/lib/openmpi/mca_schizo_orte.so
7f56acd38000-7f56acd39000 rw-p 00001000 fc:01 526334                     /usr/local/lib/openmpi/mca_schizo_orte.so
7f56acd39000-7f56acd3b000 r-xp 00000000 fc:01 526336                     /usr/local/lib/openmpi/mca_schizo_slurm.so
7f56acd3b000-7f56acf3a000 ---p 00002000 fc:01 526336                     /usr/local/lib/openmpi/mca_schizo_slurm.so
7f56acf3a000-7f56acf3b000 r--p 00001000 fc:01 526336                     /usr/local/lib/openmpi/mca_schizo_slurm.so
7f56acf3b000-7f56acf3c000 rw-p 00002000 fc:01 526336                     /usr/local/lib/openmpi/mca_schizo_slurm.so
7f56acf3c000-7f56acf44000 r-xp 00000000 fc:01 526332                     /usr/local/lib/openmpi/mca_schizo_ompi.so
7f56acf44000-7f56ad143000 ---p 00008000 fc:01 526332                     /usr/local/lib/openmpi/mca_schizo_ompi.so
7f56ad143000-7f56ad144000 r--p 00007000 fc:01 526332                     /usr/local/lib/openmpi/mca_schizo_ompi.so
7f56ad144000-7f56ad146000 rw-p 00008000 fc:01 526332                     /usr/local/lib/openmpi/mca_schizo_ompi.so
7f56ad146000-7f56ad147000 r-xp 00000000 fc:01 526330                     /usr/local/lib/openmpi/mca_schizo_flux.so
7f56ad147000-7f56ad347000 ---p 00001000 fc:01 526330                     /usr/local/lib/openmpi/mca_schizo_flux.so
7f56ad347000-7f56ad348000 r--p 00001000 fc:01 526330                     /usr/local/lib/openmpi/mca_schizo_flux.so
7f56ad348000-7f56ad349000 rw-p 00002000 fc:01 526330                     /usr/local/lib/openmpi/mca_schizo_flux.so
7f56ad349000-7f56ad34b000 r-xp 00000000 fc:01 526234                     /usr/local/lib/openmpi/mca_reachable_weighted.so
7f56ad34b000-7f56ad54a000 ---p 00002000 fc:01 526234                     /usr/local/lib/openmpi/mca_reachable_weighted.so
7f56ad54a000-7f56ad54b000 r--p 00001000 fc:01 526234                     /usr/local/lib/openmpi/mca_reachable_weighted.so
7f56ad54b000-7f56ad54c000 rw-p 00002000 fc:01 526234                     /usr/local/lib/openmpi/mca_reachable_weighted.so
7f56ad54c000-7f56ad54f000 r-xp 00000000 fc:01 526236                     /usr/local/lib/openmpi/mca_shmem_mmap.so
7f56ad54f000-7f56ad74e000 ---p 00003000 fc:01 526236                     /usr/local/lib/openmpi/mca_shmem_mmap.so
7f56ad74e000-7f56ad74f000 r--p 00002000 fc:01 526236                     /usr/local/lib/openmpi/mca_shmem_mmap.so
7f56ad74f000-7f56ad750000 rw-p 00003000 fc:01 526236                     /usr/local/lib/openmpi/mca_shmem_mmap.so
7f56ad750000-7f56ad752000 r-xp 00000000 fc:01 2182                       /lib/x86_64-linux-gnu/libutil-2.27.so
7f56ad752000-7f56ad951000 ---p 00002000 fc:01 2182                       /lib/x86_64-linux-gnu/libutil-2.27.so
7f56ad951000-7f56ad952000 r--p 00001000 fc:01 2182                       /lib/x86_64-linux-gnu/libutil-2.27.so
7f56ad952000-7f56ad953000 rw-p 00002000 fc:01 2182                       /lib/x86_64-linux-gnu/libutil-2.27.so
7f56ad953000-7f56ada06000 r-xp 00000000 fc:01 7159                       /usr/local/lib/libopen-rte.so.40.20.1
7f56ada06000-7f56adc05000 ---p 000b3000 fc:01 7159                       /usr/local/lib/libopen-rte.so.40.20.1
7f56adc05000-7f56adc07000 r--p 000b2000 fc:01 7159                       /usr/local/lib/libopen-rte.so.40.20.1
7f56adc07000-7f56adc0b000 rw-p 000b4000 fc:01 7159                       /usr/local/lib/libopen-rte.so.40.20.1
7f56adc0b000-7f56adc0e000 rw-p 00000000 00:00 0 
7f56adc0e000-7f56add15000 r-xp 00000000 fc:01 4656                       /usr/local/lib/libopen-pal.so.40.20.1
7f56add15000-7f56adf15000 ---p 00107000 fc:01 4656                       /usr/local/lib/libopen-pal.so.40.20.1
7f56adf15000-7f56adf18000 r--p 00107000 fc:01 4656                       /usr/local/lib/libopen-pal.so.40.20.1
7f56adf18000-7f56adf1e000 rw-p 0010a000 fc:01 4656                       /usr/local/lib/libopen-pal.so.40.20.1
7f56adf1e000-7f56adf25000 rw-p 00000000 00:00 0 
7f56adf25000-7f56ae032000 r-xp 00000000 fc:01 7362                       /usr/local/lib/libmpi.so.40.20.1
7f56ae032000-7f56ae231000 ---p 0010d000 fc:01 7362                       /usr/local/lib/libmpi.so.40.20.1
7f56ae231000-7f56ae233000 r--p 0010c000 fc:01 7362                       /usr/local/lib/libmpi.so.40.20.1
7f56ae233000-7f56ae244000 rw-p 0010e000 fc:01 7362                       /usr/local/lib/libmpi.so.40.20.1
7f56ae244000-7f56ae256000 rw-p 00000000 00:00 0 
7f56ae260000-7f56ae288000 r-xp 00000000 fc:01 29870                      /usr/local/lib/libmpi_java.so.40.20.0
7f56ae288000-7f56ae487000 ---p 00028000 fc:01 29870                      /usr/local/lib/libmpi_java.so.40.20.0
7f56ae487000-7f56ae488000 r--p 00027000 fc:01 29870                      /usr/local/lib/libmpi_java.so.40.20.0
7f56ae488000-7f56ae489000 rw-p 00028000 fc:01 29870                      /usr/local/lib/libmpi_java.so.40.20.0
7f56ae489000-7f56ae4a6000 r--s 00142000 00:34 527719                     /home/mpiuser/cloud/fyp/java_client/lib/spring-web-5.2.5.RELEASE.jar
7f56ae4a6000-7f56ae4bd000 r-xp 00000000 fc:01 2079070                    /usr/lib/jvm/java-8-openjdk-amd64/jre/lib/amd64/libnet.so
7f56ae4bd000-7f56ae6bc000 ---p 00017000 fc:01 2079070                    /usr/lib/jvm/java-8-openjdk-amd64/jre/lib/amd64/libnet.so
7f56ae6bc000-7f56ae6bd000 r--p 00016000 fc:01 2079070                    /usr/lib/jvm/java-8-openjdk-amd64/jre/lib/amd64/libnet.so
7f56ae6bd000-7f56ae6be000 rw-p 00017000 fc:01 2079070                    /usr/lib/jvm/java-8-openjdk-amd64/jre/lib/amd64/libnet.so
7f56ae6be000-7f56ae6cf000 r-xp 00000000 fc:01 2079071                    /usr/lib/jvm/java-8-openjdk-amd64/jre/lib/amd64/libnio.so
7f56ae6cf000-7f56ae8cf000 ---p 00011000 fc:01 2079071                    /usr/lib/jvm/java-8-openjdk-amd64/jre/lib/amd64/libnio.so
7f56ae8cf000-7f56ae8d0000 r--p 00011000 fc:01 2079071                    /usr/lib/jvm/java-8-openjdk-amd64/jre/lib/amd64/libnio.so
7f56ae8d0000-7f56ae8d1000 rw-p 00012000 fc:01 2079071                    /usr/lib/jvm/java-8-openjdk-amd64/jre/lib/amd64/libnio.so
7f56ae8d1000-7f56ae8d2000 ---p 00000000 00:00 0 
7f56ae8d2000-7f56ae9d2000 rw-p 00000000 00:00 0 
7f56ae9d2000-7f56ae9d5000 ---p 00000000 00:00 0 
7f56ae9d5000-7f56aead3000 rw-p 00000000 00:00 0 
7f56aead3000-7f56aead4000 ---p 00000000 00:00 0 
7f56aead4000-7f56aead7000 ---p 00000000 00:00 0 
7f56aead7000-7f56aebd4000 rw-p 00000000 00:00 0 
7f56aebd4000-7f56aebd5000 ---p 00000000 00:00 0 
7f56aebd5000-7f56aebd8000 ---p 00000000 00:00 0 
7f56aebd8000-7f56aecd5000 rw-p 00000000 00:00 0 
7f56aecd5000-7f56aecd8000 ---p 00000000 00:00 0 
7f56aecd8000-7f56aedd6000 rw-p 00000000 00:00 0 
7f56aedd6000-7f56aef49000 r--p 00000000 fc:01 7801                       /usr/lib/locale/C.UTF-8/LC_COLLATE
7f56aef49000-7f56af0e4000 r--p 00000000 fc:01 7796                       /usr/lib/locale/locale-archive
7f56af0e4000-7f56af0e7000 ---p 00000000 00:00 0 
7f56af0e7000-7f56af1e5000 rw-p 00000000 00:00 0 
7f56af1e5000-7f56af1e8000 ---p 00000000 00:00 0 
7f56af1e8000-7f56af2e6000 rw-p 00000000 00:00 0 
7f56af2e6000-7f56af2e7000 ---p 00000000 00:00 0 
7f56af2e7000-7f56af3e7000 rw-p 00000000 00:00 0 
7f56af3e7000-7f56af5b7000 r--s 03c68000 fc:01 2079121                    /usr/lib/jvm/java-8-openjdk-amd64/jre/lib/rt.jar
7f56af5b7000-7f56afa37000 rw-p 00000000 00:00 0 
7f56afa37000-7f56afdb7000 ---p 00000000 00:00 0 
7f56afdb7000-7f56afdc1000 rw-p 00000000 00:00 0 
7f56afdc1000-7f56b0177000 ---p 00000000 00:00 0 
7f56b0177000-7f56b03e7000 rwxp 00000000 00:00 0 
7f56b03e7000-7f56bf177000 ---p 00000000 00:00 0 
7f56bf177000-7f56bf17f000 r-xp 00000000 fc:01 2079078                    /usr/lib/jvm/java-8-openjdk-amd64/jre/lib/amd64/libzip.so
7f56bf17f000-7f56bf37e000 ---p 00008000 fc:01 2079078                    /usr/lib/jvm/java-8-openjdk-amd64/jre/lib/amd64/libzip.so
7f56bf37e000-7f56bf37f000 r--p 00007000 fc:01 2079078                    /usr/lib/jvm/java-8-openjdk-amd64/jre/lib/amd64/libzip.so
7f56bf37f000-7f56bf380000 rw-p 00008000 fc:01 2079078                    /usr/lib/jvm/java-8-openjdk-amd64/jre/lib/amd64/libzip.so
7f56bf380000-7f56bf38b000 r-xp 00000000 fc:01 2093                       /lib/x86_64-linux-gnu/libnss_files-2.27.so
7f56bf38b000-7f56bf58a000 ---p 0000b000 fc:01 2093                       /lib/x86_64-linux-gnu/libnss_files-2.27.so
7f56bf58a000-7f56bf58b000 r--p 0000a000 fc:01 2093                       /lib/x86_64-linux-gnu/libnss_files-2.27.so
7f56bf58b000-7f56bf58c000 rw-p 0000b000 fc:01 2093                       /lib/x86_64-linux-gnu/libnss_files-2.27.so
7f56bf58c000-7f56bf592000 rw-p 00000000 00:00 0 
7f56bf592000-7f56bf5a9000 r-xp 00000000 fc:01 2090                       /lib/x86_64-linux-gnu/libnsl-2.27.so
7f56bf5a9000-7f56bf7a8000 ---p 00017000 fc:01 2090                       /lib/x86_64-linux-gnu/libnsl-2.27.so
7f56bf7a8000-7f56bf7a9000 r--p 00016000 fc:01 2090                       /lib/x86_64-linux-gnu/libnsl-2.27.so
7f56bf7a9000-7f56bf7aa000 rw-p 00017000 fc:01 2090                       /lib/x86_64-linux-gnu/libnsl-2.27.so
7f56bf7aa000-7f56bf7ac000 rw-p 00000000 00:00 0 
7f56bf7ac000-7f56bf7b7000 r-xp 00000000 fc:01 2095                       /lib/x86_64-linux-gnu/libnss_nis-2.27.so
7f56bf7b7000-7f56bf9b6000 ---p 0000b000 fc:01 2095                       /lib/x86_64-linux-gnu/libnss_nis-2.27.so
7f56bf9b6000-7f56bf9b7000 r--p 0000a000 fc:01 2095                       /lib/x86_64-linux-gnu/libnss_nis-2.27.so
7f56bf9b7000-7f56bf9b8000 rw-p 0000b000 fc:01 2095                       /lib/x86_64-linux-gnu/libnss_nis-2.27.so
7f56bf9b8000-7f56bf9c0000 r-xp 00000000 fc:01 2091                       /lib/x86_64-linux-gnu/libnss_compat-2.27.so
7f56bf9c0000-7f56bfbc0000 ---p 00008000 fc:01 2091                       /lib/x86_64-linux-gnu/libnss_compat-2.27.so
7f56bfbc0000-7f56bfbc1000 r--p 00008000 fc:01 2091                       /lib/x86_64-linux-gnu/libnss_compat-2.27.so
7f56bfbc1000-7f56bfbc2000 rw-p 00009000 fc:01 2091                       /lib/x86_64-linux-gnu/libnss_compat-2.27.so
7f56bfbc2000-7f56bfbec000 r-xp 00000000 fc:01 2079059                    /usr/lib/jvm/java-8-openjdk-amd64/jre/lib/amd64/libjava.so
7f56bfbec000-7f56bfdeb000 ---p 0002a000 fc:01 2079059                    /usr/lib/jvm/java-8-openjdk-amd64/jre/lib/amd64/libjava.so
7f56bfdeb000-7f56bfdec000 r--p 00029000 fc:01 2079059                    /usr/lib/jvm/java-8-openjdk-amd64/jre/lib/amd64/libjava.so
7f56bfdec000-7f56bfdee000 rw-p 0002a000 fc:01 2079059                    /usr/lib/jvm/java-8-openjdk-amd64/jre/lib/amd64/libjava.so
7f56bfdee000-7f56bfdfe000 r-xp 00000000 fc:01 2079077                    /usr/lib/jvm/java-8-openjdk-amd64/jre/lib/amd64/libverify.so
7f56bfdfe000-7f56bfffd000 ---p 00010000 fc:01 2079077                    /usr/lib/jvm/java-8-openjdk-amd64/jre/lib/amd64/libverify.so
7f56bfffd000-7f56bffff000 r--p 0000f000 fc:01 2079077                    /usr/lib/jvm/java-8-openjdk-amd64/jre/lib/amd64/libverify.so
7f56bffff000-7f56c0000000 rw-p 00011000 fc:01 2079077                    /usr/lib/jvm/java-8-openjdk-amd64/jre/lib/amd64/libverify.so
7f56c0000000-7f56c025f000 rw-p 00000000 00:00 0 
7f56c025f000-7f56c4000000 ---p 00000000 00:00 0 
7f56c4003000-7f56c4004000 r--s 00000000 fc:01 526900                     /tmp/ompi.openmpi-slave1.1000/jf.8274/pmix_dstor_ds12_15448/initial-pmix_shared-segment-0
7f56c4004000-7f56c4005000 rw-s 00000000 fc:01 526901                     /tmp/ompi.openmpi-slave1.1000/jf.8274/pmix_dstor_ds12_15448/dstore_sm.lock
7f56c4005000-7f56c4006000 r--s 0000f000 00:34 527712                     /home/mpiuser/cloud/fyp/java_client/lib/mpi.jar
7f56c4006000-7f56c4009000 r--s 0000e000 00:34 527707                     /home/mpiuser/cloud/fyp/java_client/lib/jackson-annotations-2.10.3.jar
7f56c4009000-7f56c4016000 r--s 00090000 00:34 527704                     /home/mpiuser/cloud/fyp/java_client/lib/amqp-client-5.8.0.jar
7f56c4016000-7f56c4017000 r--s 00003000 00:34 527715                     /home/mpiuser/cloud/fyp/java_client/lib/slf4j-simple-1.7.30.jar
7f56c4017000-7f56c402c000 r--s 00142000 00:34 527710                     /home/mpiuser/cloud/fyp/java_client/lib/jackson-databind-2.10.2.jar
7f56c402c000-7f56c4041000 r--s 00142000 00:34 527711                     /home/mpiuser/cloud/fyp/java_client/lib/jackson-databind-2.10.3.jar
7f56c4041000-7f56c4042000 r--s 00005000 00:34 527718                     /home/mpiuser/cloud/fyp/java_client/lib/spring-jcl-5.2.5.RELEASE.jar
7f56c4042000-7f56c405d000 r--s 001d6000 fc:01 2079097                    /usr/lib/jvm/java-8-openjdk-amd64/jre/lib/ext/nashorn.jar
7f56c405d000-7f56c4061000 r--s 0003a000 fc:01 2079100                    /usr/lib/jvm/java-8-openjdk-amd64/jre/lib/ext/sunpkcs11.jar
7f56c4061000-7f56c4066000 r--s 0003d000 fc:01 2079099                    /usr/lib/jvm/java-8-openjdk-amd64/jre/lib/ext/sunjce_provider.jar
7f56c4066000-7f56c4067000 r--s 00010000 fc:01 2079101                    /usr/lib/jvm/java-8-openjdk-amd64/jre/lib/ext/zipfs.jar
7f56c4067000-7f56c4068000 r--s 0000a000 fc:01 2079095                    /usr/lib/jvm/java-8-openjdk-amd64/jre/lib/ext/jaccess.jar
7f56c4068000-7f56c406a000 r--s 00007000 fc:01 29704                      /usr/share/java/java-atk-wrapper.jar
7f56c406a000-7f56c4085000 r--s 00394000 fc:01 2079092                    /usr/lib/jvm/java-8-openjdk-amd64/jre/lib/ext/cldrdata.jar
7f56c4085000-7f56c40b6000 r--p 00000000 fc:01 7802                       /usr/lib/locale/C.UTF-8/LC_CTYPE
7f56c40b6000-7f56c41fd000 rw-p 00000000 00:00 0 
7f56c41fd000-7f56c4204000 r-xp 00000000 fc:01 2180                       /lib/x86_64-linux-gnu/librt-2.27.so
7f56c4204000-7f56c4403000 ---p 00007000 fc:01 2180                       /lib/x86_64-linux-gnu/librt-2.27.so
7f56c4403000-7f56c4404000 r--p 00006000 fc:01 2180                       /lib/x86_64-linux-gnu/librt-2.27.so
7f56c4404000-7f56c4405000 rw-p 00007000 fc:01 2180                       /lib/x86_64-linux-gnu/librt-2.27.so
7f56c4405000-7f56c441c000 r-xp 00000000 fc:01 19131                      /lib/x86_64-linux-gnu/libgcc_s.so.1
7f56c441c000-7f56c461b000 ---p 00017000 fc:01 19131                      /lib/x86_64-linux-gnu/libgcc_s.so.1
7f56c461b000-7f56c461c000 r--p 00016000 fc:01 19131                      /lib/x86_64-linux-gnu/libgcc_s.so.1
7f56c461c000-7f56c461d000 rw-p 00017000 fc:01 19131                      /lib/x86_64-linux-gnu/libgcc_s.so.1
7f56c461d000-7f56c47ba000 r-xp 00000000 fc:01 2087                       /lib/x86_64-linux-gnu/libm-2.27.so
7f56c47ba000-7f56c49b9000 ---p 0019d000 fc:01 2087                       /lib/x86_64-linux-gnu/libm-2.27.so
7f56c49b9000-7f56c49ba000 r--p 0019c000 fc:01 2087                       /lib/x86_64-linux-gnu/libm-2.27.so
7f56c49ba000-7f56c49bb000 rw-p 0019d000 fc:01 2087                       /lib/x86_64-linux-gnu/libm-2.27.so
7f56c49bb000-7f56c4b34000 r-xp 00000000 fc:01 7835                       /usr/lib/x86_64-linux-gnu/libstdc++.so.6.0.25
7f56c4b34000-7f56c4d34000 ---p 00179000 fc:01 7835                       /usr/lib/x86_64-linux-gnu/libstdc++.so.6.0.25
7f56c4d34000-7f56c4d3e000 r--p 00179000 fc:01 7835                       /usr/lib/x86_64-linux-gnu/libstdc++.so.6.0.25
7f56c4d3e000-7f56c4d40000 rw-p 00183000 fc:01 7835                       /usr/lib/x86_64-linux-gnu/libstdc++.so.6.0.25
7f56c4d40000-7f56c4d44000 rw-p 00000000 00:00 0 
7f56c4d44000-7f56c59e7000 r-xp 00000000 fc:01 2079081                    /usr/lib/jvm/java-8-openjdk-amd64/jre/lib/amd64/server/libjvm.so
7f56c59e7000-7f56c5be7000 ---p 00ca3000 fc:01 2079081                    /usr/lib/jvm/java-8-openjdk-amd64/jre/lib/amd64/server/libjvm.so
7f56c5be7000-7f56c5c7b000 r--p 00ca3000 fc:01 2079081                    /usr/lib/jvm/java-8-openjdk-amd64/jre/lib/amd64/server/libjvm.so
7f56c5c7b000-7f56c5ca4000 rw-p 00d37000 fc:01 2079081                    /usr/lib/jvm/java-8-openjdk-amd64/jre/lib/amd64/server/libjvm.so
7f56c5ca4000-7f56c5cd4000 rw-p 00000000 00:00 0 
7f56c5cd4000-7f56c5cee000 r-xp 00000000 fc:01 2178                       /lib/x86_64-linux-gnu/libpthread-2.27.so
7f56c5cee000-7f56c5eed000 ---p 0001a000 fc:01 2178                       /lib/x86_64-linux-gnu/libpthread-2.27.so
7f56c5eed000-7f56c5eee000 r--p 00019000 fc:01 2178                       /lib/x86_64-linux-gnu/libpthread-2.27.so
7f56c5eee000-7f56c5eef000 rw-p 0001a000 fc:01 2178                       /lib/x86_64-linux-gnu/libpthread-2.27.so
7f56c5eef000-7f56c5ef3000 rw-p 00000000 00:00 0 
7f56c5ef3000-7f56c5ef6000 r-xp 00000000 fc:01 2086                       /lib/x86_64-linux-gnu/libdl-2.27.so
7f56c5ef6000-7f56c60f5000 ---p 00003000 fc:01 2086                       /lib/x86_64-linux-gnu/libdl-2.27.so
7f56c60f5000-7f56c60f6000 r--p 00002000 fc:01 2086                       /lib/x86_64-linux-gnu/libdl-2.27.so
7f56c60f6000-7f56c60f7000 rw-p 00003000 fc:01 2086                       /lib/x86_64-linux-gnu/libdl-2.27.so
7f56c60f7000-7f56c6113000 r-xp 00000000 fc:01 2183                       /lib/x86_64-linux-gnu/libz.so.1.2.11
7f56c6113000-7f56c6312000 ---p 0001c000 fc:01 2183                       /lib/x86_64-linux-gnu/libz.so.1.2.11
7f56c6312000-7f56c6313000 r--p 0001b000 fc:01 2183                       /lib/x86_64-linux-gnu/libz.so.1.2.11
7f56c6313000-7f56c6314000 rw-p 0001c000 fc:01 2183                       /lib/x86_64-linux-gnu/libz.so.1.2.11
7f56c6314000-7f56c64fb000 r-xp 00000000 fc:01 2083                       /lib/x86_64-linux-gnu/libc-2.27.so
7f56c64fb000-7f56c66fb000 ---p 001e7000 fc:01 2083                       /lib/x86_64-linux-gnu/libc-2.27.so
7f56c66fb000-7f56c66ff000 r--p 001e7000 fc:01 2083                       /lib/x86_64-linux-gnu/libc-2.27.so
7f56c66ff000-7f56c6701000 rw-p 001eb000 fc:01 2083                       /lib/x86_64-linux-gnu/libc-2.27.so
7f56c6701000-7f56c6705000 rw-p 00000000 00:00 0 
7f56c6705000-7f56c6713000 r-xp 00000000 fc:01 2079045                    /usr/lib/jvm/java-8-openjdk-amd64/jre/lib/amd64/jli/libjli.so
7f56c6713000-7f56c6912000 ---p 0000e000 fc:01 2079045                    /usr/lib/jvm/java-8-openjdk-amd64/jre/lib/amd64/jli/libjli.so
7f56c6912000-7f56c6913000 r--p 0000d000 fc:01 2079045                    /usr/lib/jvm/java-8-openjdk-amd64/jre/lib/amd64/jli/libjli.so
7f56c6913000-7f56c6914000 rw-p 0000e000 fc:01 2079045                    /usr/lib/jvm/java-8-openjdk-amd64/jre/lib/amd64/jli/libjli.so
7f56c6914000-7f56c693b000 r-xp 00000000 fc:01 2079                       /lib/x86_64-linux-gnu/ld-2.27.so
7f56c693b000-7f56c693c000 r--s 0000d000 fc:01 2079098                    /usr/lib/jvm/java-8-openjdk-amd64/jre/lib/ext/sunec.jar
7f56c693c000-7f56c693e000 r--s 00001000 fc:01 2079093                    /usr/lib/jvm/java-8-openjdk-amd64/jre/lib/ext/dnsns.jar
7f56c693e000-7f56c6941000 r--s 0000f000 fc:01 2079094                    /usr/lib/jvm/java-8-openjdk-amd64/jre/lib/ext/icedtea-sound.jar
7f56c6941000-7f56c694b000 r--s 00116000 fc:01 2079096                    /usr/lib/jvm/java-8-openjdk-amd64/jre/lib/ext/localedata.jar
7f56c694b000-7f56c694c000 r--p 00000000 fc:01 7807                       /usr/lib/locale/C.UTF-8/LC_NUMERIC
7f56c694c000-7f56c694d000 r--p 00000000 fc:01 7810                       /usr/lib/locale/C.UTF-8/LC_TIME
7f56c694d000-7f56c694e000 r--p 00000000 fc:01 7805                       /usr/lib/locale/C.UTF-8/LC_MONETARY
7f56c694e000-7f56c694f000 r--p 00000000 fc:01 7799                       /usr/lib/locale/C.UTF-8/LC_MESSAGES/SYS_LC_MESSAGES
7f56c694f000-7f56c6950000 r--p 00000000 fc:01 7808                       /usr/lib/locale/C.UTF-8/LC_PAPER
7f56c6950000-7f56c6951000 r--p 00000000 fc:01 7806                       /usr/lib/locale/C.UTF-8/LC_NAME
7f56c6951000-7f56c6952000 r--p 00000000 fc:01 7800                       /usr/lib/locale/C.UTF-8/LC_ADDRESS
7f56c6952000-7f56c6953000 r--p 00000000 fc:01 7809                       /usr/lib/locale/C.UTF-8/LC_TELEPHONE
7f56c6953000-7f56c6954000 r--p 00000000 fc:01 7804                       /usr/lib/locale/C.UTF-8/LC_MEASUREMENT
7f56c6954000-7f56c695b000 r--s 00000000 fc:01 5010                       /usr/lib/x86_64-linux-gnu/gconv/gconv-modules.cache
7f56c695b000-7f56c695c000 r--p 00000000 fc:01 7803                       /usr/lib/locale/C.UTF-8/LC_IDENTIFICATION
7f56c695c000-7f56c6962000 rw-p 00000000 00:00 0 
7f56c6962000-7f56c69af000 ---p 00000000 00:00 0 
7f56c69af000-7f56c69b2000 rw-p 00000000 00:00 0 
7f56c69b2000-7f56c69d8000 ---p 00000000 00:00 0 
7f56c69d8000-7f56c69de000 rw-p 00000000 00:00 0 
7f56c69de000-7f56c6a2b000 ---p 00000000 00:00 0 
7f56c6a2b000-7f56c6a2c000 rw-p 00000000 00:00 0 
7f56c6a2c000-7f56c6a2d000 ---p 00000000 00:00 0 
7f56c6a2d000-7f56c6a30000 ---p 00000000 00:00 0 
7f56c6a30000-7f56c6b2f000 rw-p 00000000 00:00 0 
7f56c6b2f000-7f56c6b37000 rw-s 00000000 fc:01 526930                     /tmp/hsperfdata_mpiuser/15545
7f56c6b37000-7f56c6b38000 rw-p 00000000 00:00 0 
7f56c6b38000-7f56c6b39000 r--p 00000000 00:00 0 
7f56c6b39000-7f56c6b3b000 rw-p 00000000 00:00 0 
7f56c6b3b000-7f56c6b3c000 r--p 00027000 fc:01 2079                       /lib/x86_64-linux-gnu/ld-2.27.so
7f56c6b3c000-7f56c6b3d000 rw-p 00028000 fc:01 2079                       /lib/x86_64-linux-gnu/ld-2.27.so
7f56c6b3d000-7f56c6b3e000 rw-p 00000000 00:00 0 
7ffe0b9cc000-7ffe0b9ed000 rw-p 00000000 00:00 0                          [stack]
7ffe0b9f7000-7ffe0b9fa000 r--p 00000000 00:00 0                          [vvar]
7ffe0b9fa000-7ffe0b9fc000 r-xp 00000000 00:00 0                          [vdso]
ffffffffff600000-ffffffffff601000 r-xp 00000000 00:00 0                  [vsyscall]

VM Arguments:
jvm_args: -Djava.library.path=/usr/local/lib 
java_command: Client 1000000 100 0
java_class_path (initial): /home/mpiuser/cloud/fyp/java_client:./lib/spring-jcl-5.2.5.RELEASE.jar:./lib/jackson-databind-2.10.3.jar:./lib/jackson-databind-2.10.2.jar:./lib/slf4j-simple-1.7.30.jar:./lib/amqp-client-5.8.0.jar:./lib/spring-web-5.2.5.RELEASE.jar:./lib/jackson-annotations-2.10.3.jar:./lib/mpi.jar:./lib/spring-beans-5.2.5.RELEASE.jar:./lib/jackson-annotations-2.10.2.jar:./lib/jackson-core-2.10.2.jar:./lib/jackson-core-2.10.3.jar:./lib/slf4j-api-1.7.29.jar:./lib/spring-core-5.2.5.RELEASE.jar:./lib/slf4j-api-1.7.30.jar:./lib/http-client-3.6.1.RELEASE.jar:/usr/local/lib/mpi.jar
Launcher Type: SUN_STANDARD

Environment Variables:
PATH=/usr/local/sbin:/usr/local/bin:/usr/sbin:/usr/bin:/sbin:/bin:/usr/games:/usr/local/games
SHELL=/bin/bash

Signal Handlers:
SIGSEGV: [libjvm.so+0xabc3b0], sa_mask[0]=11111111011111111101111111111110, sa_flags=SA_RESTART|SA_SIGINFO
SIGBUS: [libjvm.so+0xabc3b0], sa_mask[0]=11111111011111111101111111111110, sa_flags=SA_RESTART|SA_SIGINFO
SIGFPE: [libjvm.so+0x8f0bb0], sa_mask[0]=11111111011111111101111111111110, sa_flags=SA_RESTART|SA_SIGINFO
SIGPIPE: [libjvm.so+0x8f0bb0], sa_mask[0]=11111111011111111101111111111110, sa_flags=SA_RESTART|SA_SIGINFO
SIGXFSZ: [libjvm.so+0x8f0bb0], sa_mask[0]=11111111011111111101111111111110, sa_flags=SA_RESTART|SA_SIGINFO
SIGILL: [libjvm.so+0x8f0bb0], sa_mask[0]=11111111011111111101111111111110, sa_flags=SA_RESTART|SA_SIGINFO
SIGUSR1: SIG_DFL, sa_mask[0]=00000000000000000000000000000000, sa_flags=none
SIGUSR2: [libjvm.so+0x8f0a60], sa_mask[0]=00000000000000000000000000000000, sa_flags=SA_RESTART|SA_SIGINFO
SIGHUP: [libjvm.so+0x8f10d0], sa_mask[0]=11111111011111111101111111111110, sa_flags=SA_RESTART|SA_SIGINFO
SIGINT: [libjvm.so+0x8f10d0], sa_mask[0]=11111111011111111101111111111110, sa_flags=SA_RESTART|SA_SIGINFO
SIGTERM: [libjvm.so+0x8f10d0], sa_mask[0]=11111111011111111101111111111110, sa_flags=SA_RESTART|SA_SIGINFO
SIGQUIT: [libjvm.so+0x8f10d0], sa_mask[0]=11111111011111111101111111111110, sa_flags=SA_RESTART|SA_SIGINFO


---------------  S Y S T E M  ---------------

OS:DISTRIB_ID=Ubuntu
DISTRIB_RELEASE=18.04
DISTRIB_CODENAME=bionic
DISTRIB_DESCRIPTION="Ubuntu 18.04.3 LTS"

uname:Linux 4.15.0-66-generic #75-Ubuntu SMP Tue Oct 1 05:24:09 UTC 2019 x86_64
libc:glibc 2.27 NPTL 2.27 
rlimit: STACK 8192k, CORE 0k, NPROC 3841, NOFILE 1048576, AS infinity
load average:96.10 24.16 8.09

/proc/meminfo:
MemTotal:        1008808 kB
MemFree:           53812 kB
MemAvailable:      16468 kB
Buffers:            2460 kB
Cached:            36392 kB
SwapCached:            0 kB
Active:           778548 kB
Inactive:          12816 kB
Active(anon):     754684 kB
Inactive(anon):      184 kB
Active(file):      23864 kB
Inactive(file):    12632 kB
Unevictable:           0 kB
Mlocked:               0 kB
SwapTotal:             0 kB
SwapFree:              0 kB
Dirty:              1140 kB
Writeback:          1836 kB
AnonPages:        746560 kB
Mapped:            29460 kB
Shmem:               660 kB
Slab:              87152 kB
SReclaimable:      31500 kB
SUnreclaim:        55652 kB
KernelStack:       13568 kB
PageTables:        24716 kB
NFS_Unstable:          0 kB
Bounce:                0 kB
WritebackTmp:          0 kB
CommitLimit:      504404 kB
Committed_AS:    6229588 kB
VmallocTotal:   34359738367 kB
VmallocUsed:           0 kB
VmallocChunk:          0 kB
HardwareCorrupted:     0 kB
AnonHugePages:         0 kB
ShmemHugePages:        0 kB
ShmemPmdMapped:        0 kB
CmaTotal:              0 kB
CmaFree:               0 kB
HugePages_Total:       0
HugePages_Free:        0
HugePages_Rsvd:        0
HugePages_Surp:        0
Hugepagesize:       2048 kB
DirectMap4k:      292844 kB
DirectMap2M:      755712 kB
DirectMap1G:           0 kB

container (cgroup) information:
container_type: cgroupv1
cpu_cpuset_cpus: 0-2
cpu_memory_nodes: 0
active_processor_count: 3
cpu_quota: -1
cpu_period: 100000
cpu_shares: -1
memory_limit_in_bytes: -1
memory_and_swap_limit_in_bytes: -2
memory_soft_limit_in_bytes: -1
memory_usage_in_bytes: 604172288
memory_max_usage_in_bytes: 863526912


CPU:total 3 (initial active 3) (1 cores per cpu, 1 threads per core) family 6 model 85 stepping 4, cmov, cx8, fxsr, mmx, sse, sse2, sse3, ssse3, sse4.1, sse4.2, popcnt, avx, avx2, aes, clmul, erms, 3dnowpref, lzcnt, tsc, bmi1, bmi2, adx

/proc/cpuinfo:
processor	: 0
vendor_id	: GenuineIntel
cpu family	: 6
model		: 85
model name	: Intel(R) Xeon(R) Gold 6140 CPU @ 2.30GHz
stepping	: 4
microcode	: 0x1
cpu MHz		: 2294.608
cache size	: 4096 KB
physical id	: 0
siblings	: 1
core id		: 0
cpu cores	: 1
apicid		: 0
initial apicid	: 0
fpu		: yes
fpu_exception	: yes
cpuid level	: 13
wp		: yes
flags		: fpu vme de pse tsc msr pae mce cx8 apic sep mtrr pge mca cmov pat pse36 clflush mmx fxsr sse sse2 ss syscall nx pdpe1gb rdtscp lm constant_tsc arch_perfmon rep_good nopl cpuid tsc_known_freq pni pclmulqdq vmx ssse3 fma cx16 pcid sse4_1 sse4_2 x2apic movbe popcnt tsc_deadline_timer aes xsave avx f16c rdrand hypervisor lahf_lm abm 3dnowprefetch cpuid_fault invpcid_single pti ssbd ibrs ibpb tpr_shadow vnmi flexpriority ept vpid fsgsbase tsc_adjust bmi1 avx2 smep bmi2 erms invpcid mpx avx512f avx512dq rdseed adx smap clflushopt clwb avx512cd avx512bw avx512vl xsaveopt xsavec xgetbv1 pku ospke md_clear
bugs		: cpu_meltdown spectre_v1 spectre_v2 spec_store_bypass l1tf mds swapgs
bogomips	: 4589.21
clflush size	: 64
cache_alignment	: 64
address sizes	: 40 bits physical, 48 bits virtual
power management:

processor	: 1
vendor_id	: GenuineIntel
cpu family	: 6
model		: 85
model name	: Intel(R) Xeon(R) Gold 6140 CPU @ 2.30GHz
stepping	: 4
microcode	: 0x1
cpu MHz		: 2294.608
cache size	: 4096 KB
physical id	: 1
siblings	: 1
core id		: 0
cpu cores	: 1
apicid		: 1
initial apicid	: 1
fpu		: yes
fpu_exception	: yes
cpuid level	: 13
wp		: yes
flags		: fpu vme de pse tsc msr pae mce cx8 apic sep mtrr pge mca cmov pat pse36 clflush mmx fxsr sse sse2 ss syscall nx pdpe1gb rdtscp lm constant_tsc arch_perfmon rep_good nopl cpuid tsc_known_freq pni pclmulqdq vmx ssse3 fma cx16 pcid sse4_1 sse4_2 x2apic movbe popcnt tsc_deadline_timer aes xsave avx f16c rdrand hypervisor lahf_lm abm 3dnowprefetch cpuid_fault invpcid_single pti ssbd ibrs ibpb tpr_shadow vnmi flexpriority ept vpid fsgsbase tsc_adjust bmi1 avx2 smep bmi2 erms invpcid mpx avx512f avx512dq rdseed adx smap clflushopt clwb avx512cd avx512bw avx512vl xsaveopt xsavec xgetbv1 pku ospke md_clear
bugs		: cpu_meltdown spectre_v1 spectre_v2 spec_store_bypass l1tf mds swapgs
bogomips	: 4589.21
clflush size	: 64
cache_alignment	: 64
address sizes	: 40 bits physical, 48 bits virtual
power management:

processor	: 2
vendor_id	: GenuineIntel
cpu family	: 6
model		: 85
model name	: Intel(R) Xeon(R) Gold 6140 CPU @ 2.30GHz
stepping	: 4
microcode	: 0x1
cpu MHz		: 2294.608
cache size	: 4096 KB
physical id	: 2
siblings	: 1
core id		: 0
cpu cores	: 1
apicid		: 2
initial apicid	: 2
fpu		: yes
fpu_exception	: yes
cpuid level	: 13
wp		: yes
flags		: fpu vme de pse tsc msr pae mce cx8 apic sep mtrr pge mca cmov pat pse36 clflush mmx fxsr sse sse2 ss syscall nx pdpe1gb rdtscp lm constant_tsc arch_perfmon rep_good nopl cpuid tsc_known_freq pni pclmulqdq vmx ssse3 fma cx16 pcid sse4_1 sse4_2 x2apic movbe popcnt tsc_deadline_timer aes xsave avx f16c rdrand hypervisor lahf_lm abm 3dnowprefetch cpuid_fault invpcid_single pti ssbd ibrs ibpb tpr_shadow vnmi flexpriority ept vpid fsgsbase tsc_adjust bmi1 avx2 smep bmi2 erms invpcid mpx avx512f avx512dq rdseed adx smap clflushopt clwb avx512cd avx512bw avx512vl xsaveopt xsavec xgetbv1 pku ospke md_clear
bugs		: cpu_meltdown spectre_v1 spectre_v2 spec_store_bypass l1tf mds swapgs
bogomips	: 4589.21
clflush size	: 64
cache_alignment	: 64
address sizes	: 40 bits physical, 48 bits virtual
power management:



Memory: 4k page, physical 1008808k(244812k free), swap 0k(0k free)

vm_info: OpenJDK 64-Bit Server VM (25.242-b08) for linux-amd64 JRE (1.8.0_242-8u242-b08-0ubuntu3~18.04-b08), built on Jan 17 2020 23:41:21 by "buildd" with gcc 7.4.0

time: Mon Apr  6 11:40:27 2020
timezone: UTC
elapsed time: 37 seconds (0d 0h 0m 37s)

