#
# A fatal error has been detected by the Java Runtime Environment:
#
#  SIGSEGV (0xb) at pc=0x00007f670541a12a, pid=11155, tid=0x00007f6744938700
#
# JRE version: OpenJDK Runtime Environment (8.0_242-b08) (build 1.8.0_242-8u242-b08-0ubuntu3~18.04-b08)
# Java VM: OpenJDK 64-Bit Server VM (25.242-b08 mixed mode linux-amd64 compressed oops)
# Problematic frame:
# C  [mca_gds_ds21.so+0x212a]  pmix_gds_ds21_lock_init+0x12a
#
# Failed to write core dump. Core dumps have been disabled. To enable core dumping, try "ulimit -c unlimited" before starting Java again
#
# If you would like to submit a bug report, please visit:
#   http://bugreport.java.com/bugreport/crash.jsp
# The crash happened outside the Java Virtual Machine in native code.
# See problematic frame for where to report the bug.
#

---------------  T H R E A D  ---------------

Current thread (0x00007f673c00b800):  JavaThread "main" [_thread_in_native, id=11183, stack(0x00007f6744839000,0x00007f6744939000)]

siginfo: si_signo: 11 (SIGSEGV), si_code: 1 (SEGV_MAPERR), si_addr: 0x00007f6740000008

Registers:
RAX=0x00007f673c294f80, RBX=0x00007f673c294ea0, RCX=0x00007f670583a85e, RDX=0x00007ffd44373ced
RSP=0x00007f6744936700, RBP=0x00007f673c294ef8, RSI=0x0000000000002000, RDI=0x0000000000000000
R8 =0x000000000000001e, R9 =0x0000000000000000, R10=0x0000000000000001, R11=0x0000000000000000
R12=0x00007f673c294af8, R13=0x0000000000001000, R14=0x00007f6740000000, R15=0x00007f673c294ef0
RIP=0x00007f670541a12a, EFLAGS=0x0000000000010202, CSGSFS=0x002b000000000033, ERR=0x0000000000000004
  TRAPNO=0x000000000000000e

Top of Stack: (sp=0x00007f6744936700)
0x00007f6744936700:   00007f673c294e50 00007ffd44373ced
0x00007f6744936710:   0000000000002000 000003e800000002
0x00007f6744936720:   0000000000000000 00007f67441b72ed
0x00007f6744936730:   00007f673c294b40 949cc05579518500
0x00007f6744936740:   0000000000000000 00007f673c294820
0x00007f6744936750:   0000000000000000 00007ffd44373ced
0x00007f6744936760:   0000000000000000 00007f673c294a90
0x00007f6744936770:   0000000000000000 00007f6705836bcb
0x00007f6744936780:   00007f670541acee 0000000000000000
0x00007f6744936790:   0000000000000000 0000001500000000
0x00007f67449367a0:   00007f673c290170 949cc05579518500
0x00007f67449367b0:   0000000000000000 00007f673c28fc80
0x00007f67449367c0:   00007f670561c2d4 00007f6706bdd0a0
0x00007f67449367d0:   00007f670561c180 00007f6706be0fc0
0x00007f67449367e0:   00007f673c2947d0 00007f6705419db4
0x00007f67449367f0:   00007f6706bdd060 00007f670699fee8
0x00007f6744936800:   00007f6706bdd100 00007f6744936834
0x00007f6744936810:   00007f6744936838 0000000000000000
0x00007f6744936820:   0000000000000000 00007f6706be0fd0
0x00007f6744936830:   0000001e00000000 00007f670561c180
0x00007f6744936840:   0000000000000000 949cc05579518500
0x00007f6744936850:   00007f6706bdd0a0 0000000000000000
0x00007f6744936860:   0000000000000000 00007f673c21f160
0x00007f6744936870:   00007f6706914db0 00007f6706bdc520
0x00007f6744936880:   0000000000000000 00007f670695a763
0x00007f6744936890:   0000000000000000 00007f6706bdc7d8
0x00007f67449368a0:   2d69706d6e65706f 0000326576616c73
0x00007f67449368b0:   0000000000000000 0000000000000000
0x00007f67449368c0:   0000000000000000 0000000000000000
0x00007f67449368d0:   0000000000000000 0000000000000000
0x00007f67449368e0:   0000000000000000 949cc05579518500
0x00007f67449368f0:   0000000000000000 00007f6706bdbf60 

Instructions: (pc=0x00007f670541a12a)
0x00007f670541a10a:   f7 ff ff 48 85 c0 49 89 47 30 0f 84 16 03 00 00
0x00007f670541a11a:   4c 8b 70 18 49 8b 36 4c 39 ee 0f 87 ce 02 00 00
0x00007f670541a12a:   41 8b 46 08 41 89 47 40 49 8b 56 18 4c 01 f2 85
0x00007f670541a13a:   c0 49 89 57 38 0f 84 eb 02 00 00 31 c0 ba 01 00 

Register to memory mapping:

RAX=0x00007f673c294f80 is an unknown value
RBX=0x00007f673c294ea0 is an unknown value
RCX=0x00007f670583a85e: pmix_common_dstor_attach_new_lock_seg+0x1e in /usr/local/lib/libmca_common_dstore.so.1 at 0x00007f670582d000
RDX=0x00007ffd44373ced is an unknown value
RSP=0x00007f6744936700 is pointing into the stack for thread: 0x00007f673c00b800
RBP=0x00007f673c294ef8 is an unknown value
RSI=0x0000000000002000 is an unknown value
RDI=0x0000000000000000 is an unknown value
R8 =0x000000000000001e is an unknown value
R9 =0x0000000000000000 is an unknown value
R10=0x0000000000000001 is an unknown value
R11=0x0000000000000000 is an unknown value
R12=0x00007f673c294af8 is an unknown value
R13=0x0000000000001000 is an unknown value
R14=0x00007f6740000000 is an unknown value
R15=0x00007f673c294ef0 is an unknown value


Stack: [0x00007f6744839000,0x00007f6744939000],  sp=0x00007f6744936700,  free space=1013k
Native frames: (J=compiled Java code, j=interpreted, Vv=VM code, C=native code)
C  [mca_gds_ds21.so+0x212a]  pmix_gds_ds21_lock_init+0x12a

Java frames: (J=compiled Java code, j=interpreted, Vv=VM code)
j  mpi.MPI.Init_jni([Ljava/lang/String;)[Ljava/lang/String;+0
j  mpi.MPI.Init([Ljava/lang/String;)[Ljava/lang/String;+17
j  Client.main([Ljava/lang/String;)V+1
v  ~StubRoutines::call_stub

---------------  P R O C E S S  ---------------

Java Threads: ( => current thread )
  0x00007f673c0b7000 JavaThread "Service Thread" daemon [_thread_blocked, id=11435, stack(0x00007f672c7ed000,0x00007f672c8ee000)]
  0x00007f673c0b4800 JavaThread "C1 CompilerThread1" daemon [_thread_blocked, id=11422, stack(0x00007f672c8ef000,0x00007f672c9ef000)]
  0x00007f673c0b2000 JavaThread "C2 CompilerThread0" daemon [_thread_blocked, id=11411, stack(0x00007f672c9f0000,0x00007f672caf0000)]
  0x00007f673c0b0800 JavaThread "Signal Dispatcher" daemon [_thread_blocked, id=11396, stack(0x00007f672caf0000,0x00007f672cbf1000)]
  0x00007f673c07e000 JavaThread "Finalizer" daemon [_thread_blocked, id=11300, stack(0x00007f672ceff000,0x00007f672d000000)]
  0x00007f673c079800 JavaThread "Reference Handler" daemon [_thread_blocked, id=11282, stack(0x00007f67400a7000,0x00007f67401a8000)]
=>0x00007f673c00b800 JavaThread "main" [_thread_in_native, id=11183, stack(0x00007f6744839000,0x00007f6744939000)]

Other Threads:
  0x00007f673c06f800 VMThread [stack: 0x00007f67401a9000,0x00007f67402a9000] [id=11255]
  0x00007f673c0ba000 WatcherThread [stack: 0x00007f672c6ed000,0x00007f672c7ed000] [id=11444]

VM state:not at safepoint (normal execution)

VM Mutex/Monitor currently owned by a thread: None

heap address: 0x00000000f0800000, size: 248 MB, Compressed Oops mode: 32-bit
Narrow klass base: 0x0000000000000000, Narrow klass shift: 3
Compressed class space size: 1073741824 Address: 0x0000000100000000

Heap:
 def new generation   total 4928K, used 1441K [0x00000000f0800000, 0x00000000f0d50000, 0x00000000f5aa0000)
  eden space 4416K,  32% used [0x00000000f0800000, 0x00000000f0968610, 0x00000000f0c50000)
  from space 512K,   0% used [0x00000000f0c50000, 0x00000000f0c50000, 0x00000000f0cd0000)
  to   space 512K,   0% used [0x00000000f0cd0000, 0x00000000f0cd0000, 0x00000000f0d50000)
 tenured generation   total 10944K, used 0K [0x00000000f5aa0000, 0x00000000f6550000, 0x0000000100000000)
   the space 10944K,   0% used [0x00000000f5aa0000, 0x00000000f5aa0000, 0x00000000f5aa0200, 0x00000000f6550000)
 Metaspace       used 3124K, capacity 4792K, committed 5120K, reserved 1056768K
  class space    used 313K, capacity 424K, committed 512K, reserved 1048576K

Card table byte_map: [0x00007f67447bb000,0x00007f6744838000] byte_map_base: 0x00007f6744037000

Polling page: 0x00007f6744944000

CodeCache: size=245760Kb used=1272Kb max_used=1272Kb free=244487Kb
 bounds [0x00007f672d000000, 0x00007f672d270000, 0x00007f673c000000]
 total_blobs=383 nmethods=79 adapters=220
 compilation: enabled

Compilation events (10 events):
Event: 1.697 Thread 0x00007f673c0b4800   73       3       java.util.zip.ZStreamRef::address (5 bytes)
Event: 1.697 Thread 0x00007f673c0b4800 nmethod 73 0x00007f672d133dd0 code [0x00007f672d133f20, 0x00007f672d134070]
Event: 1.698 Thread 0x00007f673c0b4800   75       3       java.util.jar.JarFile::getJarEntry (9 bytes)
Event: 1.698 Thread 0x00007f673c0b4800 nmethod 75 0x00007f672d134450 code [0x00007f672d134600, 0x00007f672d134ab8]
Event: 1.698 Thread 0x00007f673c0b4800   76       3       java.util.jar.JarFile::getEntry (22 bytes)
Event: 1.698 Thread 0x00007f673c0b4800 nmethod 76 0x00007f672d134cd0 code [0x00007f672d134e60, 0x00007f672d1351b8]
Event: 1.698 Thread 0x00007f673c0b4800   77   !   3       java.util.zip.ZipFile::getEntry (101 bytes)
Event: 1.698 Thread 0x00007f673c0b4800 nmethod 77 0x00007f672d135310 code [0x00007f672d1354e0, 0x00007f672d135b58]
Event: 1.764 Thread 0x00007f673c0b4800   78       3       java.util.concurrent.ConcurrentHashMap::setTabAt (19 bytes)
Event: 1.764 Thread 0x00007f673c0b4800 nmethod 78 0x00007f672d13e050 code [0x00007f672d13e1a0, 0x00007f672d13e310]

GC Heap History (0 events):
No events

Deoptimization events (0 events):
No events

Classes redefined (0 events):
No events

Internal exceptions (5 events):
Event: 0.347 Thread 0x00007f673c00b800 Exception <a 'java/lang/NoSuchMethodError': Method sun.misc.Unsafe.defineClass(Ljava/lang/String;[BII)Ljava/lang/Class; name or signature does not match> (0x00000000f0807cc8) thrown at [/build/openjdk-8-58sEEn/openjdk-8-8u242-b08/src/hotspot/src/share/vm/
Event: 0.347 Thread 0x00007f673c00b800 Exception <a 'java/lang/NoSuchMethodError': Method sun.misc.Unsafe.prefetchRead(Ljava/lang/Object;J)V name or signature does not match> (0x00000000f0807fb0) thrown at [/build/openjdk-8-58sEEn/openjdk-8-8u242-b08/src/hotspot/src/share/vm/prims/jni.cpp, lin
Event: 0.907 Thread 0x00007f673c00b800 Exception <a 'java/util/zip/ZipException'> (0x00000000f085dec8) thrown at [/build/openjdk-8-58sEEn/openjdk-8-8u242-b08/src/hotspot/src/share/vm/prims/jni.cpp, line 710]
Event: 0.907 Thread 0x00007f673c00b800 Exception <a 'java/security/PrivilegedActionException'> (0x00000000f085e168) thrown at [/build/openjdk-8-58sEEn/openjdk-8-8u242-b08/src/hotspot/src/share/vm/prims/jvm.cpp, line 1502]
Event: 0.907 Thread 0x00007f673c00b800 Exception <a 'java/security/PrivilegedActionException'> (0x00000000f085e378) thrown at [/build/openjdk-8-58sEEn/openjdk-8-8u242-b08/src/hotspot/src/share/vm/prims/jvm.cpp, line 1502]

Events (10 events):
Event: 1.662 loading class mpi/Constant
Event: 1.662 loading class mpi/Constant done
Event: 1.663 loading class mpi/Errhandler
Event: 1.663 loading class mpi/Errhandler done
Event: 1.696 loading class mpi/Intracomm
Event: 1.696 loading class mpi/Intracomm done
Event: 1.697 loading class mpi/Comm
Event: 1.697 loading class mpi/Comm done
Event: 1.762 loading class mpi/Version
Event: 1.762 loading class mpi/Version done


Dynamic libraries:
f0800000-f0d50000 rw-p 00000000 00:00 0 
f0d50000-f5aa0000 ---p 00000000 00:00 0 
f5aa0000-f6550000 rw-p 00000000 00:00 0 
f6550000-100000000 ---p 00000000 00:00 0 
100000000-100080000 rw-p 00000000 00:00 0 
100080000-140000000 ---p 00000000 00:00 0 
558767d83000-558767d84000 r-xp 00000000 fc:01 2079959                    /usr/lib/jvm/java-8-openjdk-amd64/jre/bin/java
558767f83000-558767f84000 r--p 00000000 fc:01 2079959                    /usr/lib/jvm/java-8-openjdk-amd64/jre/bin/java
558767f84000-558767f85000 rw-p 00001000 fc:01 2079959                    /usr/lib/jvm/java-8-openjdk-amd64/jre/bin/java
558769779000-55876979a000 rw-p 00000000 00:00 0                          [heap]
7f6700000000-7f6700021000 rw-p 00000000 00:00 0 
7f6700021000-7f6704000000 ---p 00000000 00:00 0 
7f6705215000-7f6705217000 r-xp 00000000 fc:01 527057                     /usr/local/lib/pmix/mca_pshmem_mmap.so
7f6705217000-7f6705416000 ---p 00002000 fc:01 527057                     /usr/local/lib/pmix/mca_pshmem_mmap.so
7f6705416000-7f6705417000 r--p 00001000 fc:01 527057                     /usr/local/lib/pmix/mca_pshmem_mmap.so
7f6705417000-7f6705418000 rw-p 00002000 fc:01 527057                     /usr/local/lib/pmix/mca_pshmem_mmap.so
7f6705418000-7f670541c000 r-xp 00000000 fc:01 527033                     /usr/local/lib/pmix/mca_gds_ds21.so
7f670541c000-7f670561b000 ---p 00004000 fc:01 527033                     /usr/local/lib/pmix/mca_gds_ds21.so
7f670561b000-7f670561c000 r--p 00003000 fc:01 527033                     /usr/local/lib/pmix/mca_gds_ds21.so
7f670561c000-7f670561d000 rw-p 00004000 fc:01 527033                     /usr/local/lib/pmix/mca_gds_ds21.so
7f670561d000-7f670562c000 r-xp 00000000 fc:01 527035                     /usr/local/lib/pmix/mca_gds_hash.so
7f670562c000-7f670582b000 ---p 0000f000 fc:01 527035                     /usr/local/lib/pmix/mca_gds_hash.so
7f670582b000-7f670582c000 r--p 0000e000 fc:01 527035                     /usr/local/lib/pmix/mca_gds_hash.so
7f670582c000-7f670582d000 rw-p 0000f000 fc:01 527035                     /usr/local/lib/pmix/mca_gds_hash.so
7f670582d000-7f670583c000 r-xp 00000000 fc:01 7027                       /usr/local/lib/libmca_common_dstore.so.1.0.0
7f670583c000-7f6705a3b000 ---p 0000f000 fc:01 7027                       /usr/local/lib/libmca_common_dstore.so.1.0.0
7f6705a3b000-7f6705a3c000 r--p 0000e000 fc:01 7027                       /usr/local/lib/libmca_common_dstore.so.1.0.0
7f6705a3c000-7f6705a3d000 rw-p 0000f000 fc:01 7027                       /usr/local/lib/libmca_common_dstore.so.1.0.0
7f6705a3d000-7f6705a41000 r-xp 00000000 fc:01 527031                     /usr/local/lib/pmix/mca_gds_ds12.so
7f6705a41000-7f6705c40000 ---p 00004000 fc:01 527031                     /usr/local/lib/pmix/mca_gds_ds12.so
7f6705c40000-7f6705c41000 r--p 00003000 fc:01 527031                     /usr/local/lib/pmix/mca_gds_ds12.so
7f6705c41000-7f6705c42000 rw-p 00004000 fc:01 527031                     /usr/local/lib/pmix/mca_gds_ds12.so
7f6705c42000-7f6705c4a000 r-xp 00000000 fc:01 527061                     /usr/local/lib/pmix/mca_ptl_usock.so
7f6705c4a000-7f6705e49000 ---p 00008000 fc:01 527061                     /usr/local/lib/pmix/mca_ptl_usock.so
7f6705e49000-7f6705e4a000 r--p 00007000 fc:01 527061                     /usr/local/lib/pmix/mca_ptl_usock.so
7f6705e4a000-7f6705e4b000 rw-p 00008000 fc:01 527061                     /usr/local/lib/pmix/mca_ptl_usock.so
7f6705e4b000-7f6705e5c000 r-xp 00000000 fc:01 527059                     /usr/local/lib/pmix/mca_ptl_tcp.so
7f6705e5c000-7f670605b000 ---p 00011000 fc:01 527059                     /usr/local/lib/pmix/mca_ptl_tcp.so
7f670605b000-7f670605c000 r--p 00010000 fc:01 527059                     /usr/local/lib/pmix/mca_ptl_tcp.so
7f670605c000-7f670605d000 rw-p 00011000 fc:01 527059                     /usr/local/lib/pmix/mca_ptl_tcp.so
7f670605d000-7f670606e000 r-xp 00000000 fc:01 527023                     /usr/local/lib/pmix/mca_bfrops_v12.so
7f670606e000-7f670626e000 ---p 00011000 fc:01 527023                     /usr/local/lib/pmix/mca_bfrops_v12.so
7f670626e000-7f670626f000 r--p 00011000 fc:01 527023                     /usr/local/lib/pmix/mca_bfrops_v12.so
7f670626f000-7f6706270000 rw-p 00012000 fc:01 527023                     /usr/local/lib/pmix/mca_bfrops_v12.so
7f6706270000-7f6706287000 r-xp 00000000 fc:01 527025                     /usr/local/lib/pmix/mca_bfrops_v20.so
7f6706287000-7f6706486000 ---p 00017000 fc:01 527025                     /usr/local/lib/pmix/mca_bfrops_v20.so
7f6706486000-7f6706487000 r--p 00016000 fc:01 527025                     /usr/local/lib/pmix/mca_bfrops_v20.so
7f6706487000-7f6706488000 rw-p 00017000 fc:01 527025                     /usr/local/lib/pmix/mca_bfrops_v20.so
7f6706488000-7f6706490000 r-xp 00000000 fc:01 527029                     /usr/local/lib/pmix/mca_bfrops_v3.so
7f6706490000-7f670668f000 ---p 00008000 fc:01 527029                     /usr/local/lib/pmix/mca_bfrops_v3.so
7f670668f000-7f6706690000 r--p 00007000 fc:01 527029                     /usr/local/lib/pmix/mca_bfrops_v3.so
7f6706690000-7f6706691000 rw-p 00008000 fc:01 527029                     /usr/local/lib/pmix/mca_bfrops_v3.so
7f6706691000-7f6706698000 r-xp 00000000 fc:01 527027                     /usr/local/lib/pmix/mca_bfrops_v21.so
7f6706698000-7f6706898000 ---p 00007000 fc:01 527027                     /usr/local/lib/pmix/mca_bfrops_v21.so
7f6706898000-7f6706899000 r--p 00007000 fc:01 527027                     /usr/local/lib/pmix/mca_bfrops_v21.so
7f6706899000-7f670689a000 rw-p 00008000 fc:01 527027                     /usr/local/lib/pmix/mca_bfrops_v21.so
7f670689a000-7f67069d9000 r-xp 00000000 fc:01 527063                     /usr/local/lib/openmpi/mca_pmix_pmix3x.so
7f67069d9000-7f6706bd9000 ---p 0013f000 fc:01 527063                     /usr/local/lib/openmpi/mca_pmix_pmix3x.so
7f6706bd9000-7f6706bda000 r--p 0013f000 fc:01 527063                     /usr/local/lib/openmpi/mca_pmix_pmix3x.so
7f6706bda000-7f6706bdf000 rw-p 00140000 fc:01 527063                     /usr/local/lib/openmpi/mca_pmix_pmix3x.so
7f6706bdf000-7f6706be2000 rw-p 00000000 00:00 0 
7f6706be5000-7f6706be7000 r-xp 00000000 fc:01 527049                     /usr/local/lib/pmix/mca_psec_native.so
7f6706be7000-7f6706de6000 ---p 00002000 fc:01 527049                     /usr/local/lib/pmix/mca_psec_native.so
7f6706de6000-7f6706de7000 r--p 00001000 fc:01 527049                     /usr/local/lib/pmix/mca_psec_native.so
7f6706de7000-7f6706de8000 rw-p 00002000 fc:01 527049                     /usr/local/lib/pmix/mca_psec_native.so
7f6706de8000-7f6706de9000 ---p 00000000 00:00 0 
7f6706de9000-7f67075e9000 rw-p 00000000 00:00 0 
7f67075e9000-7f67075ed000 r-xp 00000000 fc:01 527101                     /usr/local/lib/openmpi/mca_ess_pmi.so
7f67075ed000-7f67077ec000 ---p 00004000 fc:01 527101                     /usr/local/lib/openmpi/mca_ess_pmi.so
7f67077ec000-7f67077ed000 r--p 00003000 fc:01 527101                     /usr/local/lib/openmpi/mca_ess_pmi.so
7f67077ed000-7f67077ee000 rw-p 00004000 fc:01 527101                     /usr/local/lib/openmpi/mca_ess_pmi.so
7f67077ee000-7f67077ef000 r-xp 00000000 fc:01 527169                     /usr/local/lib/openmpi/mca_schizo_orte.so
7f67077ef000-7f67079ee000 ---p 00001000 fc:01 527169                     /usr/local/lib/openmpi/mca_schizo_orte.so
7f67079ee000-7f67079ef000 r--p 00000000 fc:01 527169                     /usr/local/lib/openmpi/mca_schizo_orte.so
7f67079ef000-7f67079f0000 rw-p 00001000 fc:01 527169                     /usr/local/lib/openmpi/mca_schizo_orte.so
7f67079f0000-7f67079f2000 r-xp 00000000 fc:01 527171                     /usr/local/lib/openmpi/mca_schizo_slurm.so
7f67079f2000-7f6707bf1000 ---p 00002000 fc:01 527171                     /usr/local/lib/openmpi/mca_schizo_slurm.so
7f6707bf1000-7f6707bf2000 r--p 00001000 fc:01 527171                     /usr/local/lib/openmpi/mca_schizo_slurm.so
7f6707bf2000-7f6707bf3000 rw-p 00002000 fc:01 527171                     /usr/local/lib/openmpi/mca_schizo_slurm.so
7f6707bf3000-7f6707bfb000 r-xp 00000000 fc:01 527167                     /usr/local/lib/openmpi/mca_schizo_ompi.so
7f6707bfb000-7f6707dfa000 ---p 00008000 fc:01 527167                     /usr/local/lib/openmpi/mca_schizo_ompi.so
7f6707dfa000-7f6707dfb000 r--p 00007000 fc:01 527167                     /usr/local/lib/openmpi/mca_schizo_ompi.so
7f6707dfb000-7f6707dfd000 rw-p 00008000 fc:01 527167                     /usr/local/lib/openmpi/mca_schizo_ompi.so
7f6707dfd000-7f6707dfe000 r-xp 00000000 fc:01 527165                     /usr/local/lib/openmpi/mca_schizo_flux.so
7f6707dfe000-7f6707ffe000 ---p 00001000 fc:01 527165                     /usr/local/lib/openmpi/mca_schizo_flux.so
7f6707ffe000-7f6707fff000 r--p 00001000 fc:01 527165                     /usr/local/lib/openmpi/mca_schizo_flux.so
7f6707fff000-7f6708000000 rw-p 00002000 fc:01 527165                     /usr/local/lib/openmpi/mca_schizo_flux.so
7f6708000000-7f6708021000 rw-p 00000000 00:00 0 
7f6708021000-7f670c000000 ---p 00000000 00:00 0 
7f670c0f2000-7f670c0f4000 r-xp 00000000 fc:01 527069                     /usr/local/lib/openmpi/mca_reachable_weighted.so
7f670c0f4000-7f670c2f3000 ---p 00002000 fc:01 527069                     /usr/local/lib/openmpi/mca_reachable_weighted.so
7f670c2f3000-7f670c2f4000 r--p 00001000 fc:01 527069                     /usr/local/lib/openmpi/mca_reachable_weighted.so
7f670c2f4000-7f670c2f5000 rw-p 00002000 fc:01 527069                     /usr/local/lib/openmpi/mca_reachable_weighted.so
7f670c2f5000-7f670c2f8000 r-xp 00000000 fc:01 527071                     /usr/local/lib/openmpi/mca_shmem_mmap.so
7f670c2f8000-7f670c4f7000 ---p 00003000 fc:01 527071                     /usr/local/lib/openmpi/mca_shmem_mmap.so
7f670c4f7000-7f670c4f8000 r--p 00002000 fc:01 527071                     /usr/local/lib/openmpi/mca_shmem_mmap.so
7f670c4f8000-7f670c4f9000 rw-p 00003000 fc:01 527071                     /usr/local/lib/openmpi/mca_shmem_mmap.so
7f670c4f9000-7f670c4fb000 r-xp 00000000 fc:01 2182                       /lib/x86_64-linux-gnu/libutil-2.27.so
7f670c4fb000-7f670c6fa000 ---p 00002000 fc:01 2182                       /lib/x86_64-linux-gnu/libutil-2.27.so
7f670c6fa000-7f670c6fb000 r--p 00001000 fc:01 2182                       /lib/x86_64-linux-gnu/libutil-2.27.so
7f670c6fb000-7f670c6fc000 rw-p 00002000 fc:01 2182                       /lib/x86_64-linux-gnu/libutil-2.27.so
7f670c6fc000-7f670c7af000 r-xp 00000000 fc:01 7145                       /usr/local/lib/libopen-rte.so.40.20.1
7f670c7af000-7f670c9ae000 ---p 000b3000 fc:01 7145                       /usr/local/lib/libopen-rte.so.40.20.1
7f670c9ae000-7f670c9b0000 r--p 000b2000 fc:01 7145                       /usr/local/lib/libopen-rte.so.40.20.1
7f670c9b0000-7f670c9b4000 rw-p 000b4000 fc:01 7145                       /usr/local/lib/libopen-rte.so.40.20.1
7f670c9b4000-7f670c9b7000 rw-p 00000000 00:00 0 
7f670c9b7000-7f670cabe000 r-xp 00000000 fc:01 4301                       /usr/local/lib/libopen-pal.so.40.20.1
7f670cabe000-7f670ccbe000 ---p 00107000 fc:01 4301                       /usr/local/lib/libopen-pal.so.40.20.1
7f670ccbe000-7f670ccc1000 r--p 00107000 fc:01 4301                       /usr/local/lib/libopen-pal.so.40.20.1
7f670ccc1000-7f670ccc7000 rw-p 0010a000 fc:01 4301                       /usr/local/lib/libopen-pal.so.40.20.1
7f670ccc7000-7f670ccce000 rw-p 00000000 00:00 0 
7f670ccce000-7f670cddb000 r-xp 00000000 fc:01 7360                       /usr/local/lib/libmpi.so.40.20.1
7f670cddb000-7f670cfda000 ---p 0010d000 fc:01 7360                       /usr/local/lib/libmpi.so.40.20.1
7f670cfda000-7f670cfdc000 r--p 0010c000 fc:01 7360                       /usr/local/lib/libmpi.so.40.20.1
7f670cfdc000-7f670cfed000 rw-p 0010e000 fc:01 7360                       /usr/local/lib/libmpi.so.40.20.1
7f670cfed000-7f6710000000 rw-p 00000000 00:00 0 
7f6710000000-7f671016c000 rw-p 00000000 00:00 0 
7f671016c000-7f6714000000 ---p 00000000 00:00 0 
7f6714000000-7f6714021000 rw-p 00000000 00:00 0 
7f6714021000-7f6718000000 ---p 00000000 00:00 0 
7f6718000000-7f6718021000 rw-p 00000000 00:00 0 
7f6718021000-7f671c000000 ---p 00000000 00:00 0 
7f671c000000-7f671c04f000 rw-p 00000000 00:00 0 
7f671c04f000-7f6720000000 ---p 00000000 00:00 0 
7f6720000000-7f6720021000 rw-p 00000000 00:00 0 
7f6720021000-7f6724000000 ---p 00000000 00:00 0 
7f6724000000-7f6724021000 rw-p 00000000 00:00 0 
7f6724021000-7f6728000000 ---p 00000000 00:00 0 
7f6728000000-7f6728021000 rw-p 00000000 00:00 0 
7f6728021000-7f672c000000 ---p 00000000 00:00 0 
7f672c06c000-7f672c06e000 rw-s 00000000 fc:01 527736                     /tmp/ompi.openmpi-slave2.1000/jf.12046/pmix_dstor_ds21_11124/smlockseg-789446657
7f672c06e000-7f672c096000 r-xp 00000000 fc:01 29878                      /usr/local/lib/libmpi_java.so.40.20.0
7f672c096000-7f672c295000 ---p 00028000 fc:01 29878                      /usr/local/lib/libmpi_java.so.40.20.0
7f672c295000-7f672c296000 r--p 00027000 fc:01 29878                      /usr/local/lib/libmpi_java.so.40.20.0
7f672c296000-7f672c297000 rw-p 00028000 fc:01 29878                      /usr/local/lib/libmpi_java.so.40.20.0
7f672c297000-7f672c2b4000 r--s 00142000 00:33 527719                     /home/mpiuser/cloud/fyp/java_client/lib/spring-web-5.2.5.RELEASE.jar
7f672c2b4000-7f672c2c1000 r--s 00090000 00:33 527704                     /home/mpiuser/cloud/fyp/java_client/lib/amqp-client-5.8.0.jar
7f672c2c1000-7f672c2d8000 r-xp 00000000 fc:01 2079997                    /usr/lib/jvm/java-8-openjdk-amd64/jre/lib/amd64/libnet.so
7f672c2d8000-7f672c4d7000 ---p 00017000 fc:01 2079997                    /usr/lib/jvm/java-8-openjdk-amd64/jre/lib/amd64/libnet.so
7f672c4d7000-7f672c4d8000 r--p 00016000 fc:01 2079997                    /usr/lib/jvm/java-8-openjdk-amd64/jre/lib/amd64/libnet.so
7f672c4d8000-7f672c4d9000 rw-p 00017000 fc:01 2079997                    /usr/lib/jvm/java-8-openjdk-amd64/jre/lib/amd64/libnet.so
7f672c4d9000-7f672c4ea000 r-xp 00000000 fc:01 2079998                    /usr/lib/jvm/java-8-openjdk-amd64/jre/lib/amd64/libnio.so
7f672c4ea000-7f672c6ea000 ---p 00011000 fc:01 2079998                    /usr/lib/jvm/java-8-openjdk-amd64/jre/lib/amd64/libnio.so
7f672c6ea000-7f672c6eb000 r--p 00011000 fc:01 2079998                    /usr/lib/jvm/java-8-openjdk-amd64/jre/lib/amd64/libnio.so
7f672c6eb000-7f672c6ec000 rw-p 00012000 fc:01 2079998                    /usr/lib/jvm/java-8-openjdk-amd64/jre/lib/amd64/libnio.so
7f672c6ec000-7f672c6ed000 ---p 00000000 00:00 0 
7f672c6ed000-7f672c7ed000 rw-p 00000000 00:00 0 
7f672c7ed000-7f672c7f0000 ---p 00000000 00:00 0 
7f672c7f0000-7f672c8ee000 rw-p 00000000 00:00 0 
7f672c8ee000-7f672c8ef000 ---p 00000000 00:00 0 
7f672c8ef000-7f672c8f2000 ---p 00000000 00:00 0 
7f672c8f2000-7f672c9ef000 rw-p 00000000 00:00 0 
7f672c9ef000-7f672c9f0000 ---p 00000000 00:00 0 
7f672c9f0000-7f672c9f3000 ---p 00000000 00:00 0 
7f672c9f3000-7f672caf0000 rw-p 00000000 00:00 0 
7f672caf0000-7f672caf3000 ---p 00000000 00:00 0 
7f672caf3000-7f672cbf1000 rw-p 00000000 00:00 0 
7f672cbf1000-7f672cd64000 r--p 00000000 fc:01 7801                       /usr/lib/locale/C.UTF-8/LC_COLLATE
7f672cd64000-7f672ceff000 r--p 00000000 fc:01 7796                       /usr/lib/locale/locale-archive
7f672ceff000-7f672cf02000 ---p 00000000 00:00 0 
7f672cf02000-7f672d000000 rw-p 00000000 00:00 0 
7f672d000000-7f672d270000 rwxp 00000000 00:00 0 
7f672d270000-7f673c000000 ---p 00000000 00:00 0 
7f673c000000-7f673c296000 rw-p 00000000 00:00 0 
7f673c296000-7f6740000000 ---p 00000000 00:00 0 
7f6740001000-7f6740002000 r--s 00000000 fc:01 527738                     /tmp/ompi.openmpi-slave2.1000/jf.12046/pmix_dstor_ds12_11124/initial-pmix_shared-segment-0
7f6740002000-7f6740003000 rw-s 00000000 fc:01 527739                     /tmp/ompi.openmpi-slave2.1000/jf.12046/pmix_dstor_ds12_11124/dstore_sm.lock
7f6740003000-7f6740004000 r--s 0000f000 00:33 527712                     /home/mpiuser/cloud/fyp/java_client/lib/mpi.jar
7f6740004000-7f6740007000 r--s 0000e000 00:33 527707                     /home/mpiuser/cloud/fyp/java_client/lib/jackson-annotations-2.10.3.jar
7f6740007000-7f6740008000 r--s 00003000 00:33 527715                     /home/mpiuser/cloud/fyp/java_client/lib/slf4j-simple-1.7.30.jar
7f6740008000-7f674001d000 r--s 00142000 00:33 527710                     /home/mpiuser/cloud/fyp/java_client/lib/jackson-databind-2.10.2.jar
7f674001d000-7f6740032000 r--s 00142000 00:33 527711                     /home/mpiuser/cloud/fyp/java_client/lib/jackson-databind-2.10.3.jar
7f6740032000-7f6740033000 r--s 00005000 00:33 527718                     /home/mpiuser/cloud/fyp/java_client/lib/spring-jcl-5.2.5.RELEASE.jar
7f6740033000-7f674004e000 r--s 001d6000 fc:01 2080024                    /usr/lib/jvm/java-8-openjdk-amd64/jre/lib/ext/nashorn.jar
7f674004e000-7f6740052000 r--s 0003a000 fc:01 2080027                    /usr/lib/jvm/java-8-openjdk-amd64/jre/lib/ext/sunpkcs11.jar
7f6740052000-7f6740057000 r--s 0003d000 fc:01 2080026                    /usr/lib/jvm/java-8-openjdk-amd64/jre/lib/ext/sunjce_provider.jar
7f6740057000-7f6740058000 r--s 00010000 fc:01 2080028                    /usr/lib/jvm/java-8-openjdk-amd64/jre/lib/ext/zipfs.jar
7f6740058000-7f6740059000 r--s 0000a000 fc:01 2080022                    /usr/lib/jvm/java-8-openjdk-amd64/jre/lib/ext/jaccess.jar
7f6740059000-7f674005b000 r--s 00007000 fc:01 29712                      /usr/share/java/java-atk-wrapper.jar
7f674005b000-7f6740076000 r--s 00394000 fc:01 2080019                    /usr/lib/jvm/java-8-openjdk-amd64/jre/lib/ext/cldrdata.jar
7f6740076000-7f67400a7000 r--p 00000000 fc:01 7802                       /usr/lib/locale/C.UTF-8/LC_CTYPE
7f67400a7000-7f67400aa000 ---p 00000000 00:00 0 
7f67400aa000-7f67401a8000 rw-p 00000000 00:00 0 
7f67401a8000-7f67401a9000 ---p 00000000 00:00 0 
7f67401a9000-7f67402f7000 rw-p 00000000 00:00 0 
7f67402f7000-7f67404c7000 r--s 03c68000 fc:01 2080048                    /usr/lib/jvm/java-8-openjdk-amd64/jre/lib/rt.jar
7f67404c7000-7f6740a40000 rw-p 00000000 00:00 0 
7f6740a40000-7f6740dc0000 ---p 00000000 00:00 0 
7f6740dc0000-7f6740dca000 rw-p 00000000 00:00 0 
7f6740dca000-7f6741180000 ---p 00000000 00:00 0 
7f6741180000-7f6741188000 r-xp 00000000 fc:01 2080005                    /usr/lib/jvm/java-8-openjdk-amd64/jre/lib/amd64/libzip.so
7f6741188000-7f6741387000 ---p 00008000 fc:01 2080005                    /usr/lib/jvm/java-8-openjdk-amd64/jre/lib/amd64/libzip.so
7f6741387000-7f6741388000 r--p 00007000 fc:01 2080005                    /usr/lib/jvm/java-8-openjdk-amd64/jre/lib/amd64/libzip.so
7f6741388000-7f6741389000 rw-p 00008000 fc:01 2080005                    /usr/lib/jvm/java-8-openjdk-amd64/jre/lib/amd64/libzip.so
7f6741389000-7f6741394000 r-xp 00000000 fc:01 2093                       /lib/x86_64-linux-gnu/libnss_files-2.27.so
7f6741394000-7f6741593000 ---p 0000b000 fc:01 2093                       /lib/x86_64-linux-gnu/libnss_files-2.27.so
7f6741593000-7f6741594000 r--p 0000a000 fc:01 2093                       /lib/x86_64-linux-gnu/libnss_files-2.27.so
7f6741594000-7f6741595000 rw-p 0000b000 fc:01 2093                       /lib/x86_64-linux-gnu/libnss_files-2.27.so
7f6741595000-7f674159b000 rw-p 00000000 00:00 0 
7f674159b000-7f67415b2000 r-xp 00000000 fc:01 2090                       /lib/x86_64-linux-gnu/libnsl-2.27.so
7f67415b2000-7f67417b1000 ---p 00017000 fc:01 2090                       /lib/x86_64-linux-gnu/libnsl-2.27.so
7f67417b1000-7f67417b2000 r--p 00016000 fc:01 2090                       /lib/x86_64-linux-gnu/libnsl-2.27.so
7f67417b2000-7f67417b3000 rw-p 00017000 fc:01 2090                       /lib/x86_64-linux-gnu/libnsl-2.27.so
7f67417b3000-7f67417b5000 rw-p 00000000 00:00 0 
7f67417b5000-7f67417c0000 r-xp 00000000 fc:01 2095                       /lib/x86_64-linux-gnu/libnss_nis-2.27.so
7f67417c0000-7f67419bf000 ---p 0000b000 fc:01 2095                       /lib/x86_64-linux-gnu/libnss_nis-2.27.so
7f67419bf000-7f67419c0000 r--p 0000a000 fc:01 2095                       /lib/x86_64-linux-gnu/libnss_nis-2.27.so
7f67419c0000-7f67419c1000 rw-p 0000b000 fc:01 2095                       /lib/x86_64-linux-gnu/libnss_nis-2.27.so
7f67419c1000-7f67419c9000 r-xp 00000000 fc:01 2091                       /lib/x86_64-linux-gnu/libnss_compat-2.27.so
7f67419c9000-7f6741bc9000 ---p 00008000 fc:01 2091                       /lib/x86_64-linux-gnu/libnss_compat-2.27.so
7f6741bc9000-7f6741bca000 r--p 00008000 fc:01 2091                       /lib/x86_64-linux-gnu/libnss_compat-2.27.so
7f6741bca000-7f6741bcb000 rw-p 00009000 fc:01 2091                       /lib/x86_64-linux-gnu/libnss_compat-2.27.so
7f6741bcb000-7f6741bf5000 r-xp 00000000 fc:01 2079986                    /usr/lib/jvm/java-8-openjdk-amd64/jre/lib/amd64/libjava.so
7f6741bf5000-7f6741df4000 ---p 0002a000 fc:01 2079986                    /usr/lib/jvm/java-8-openjdk-amd64/jre/lib/amd64/libjava.so
7f6741df4000-7f6741df5000 r--p 00029000 fc:01 2079986                    /usr/lib/jvm/java-8-openjdk-amd64/jre/lib/amd64/libjava.so
7f6741df5000-7f6741df7000 rw-p 0002a000 fc:01 2079986                    /usr/lib/jvm/java-8-openjdk-amd64/jre/lib/amd64/libjava.so
7f6741df7000-7f6741e07000 r-xp 00000000 fc:01 2080004                    /usr/lib/jvm/java-8-openjdk-amd64/jre/lib/amd64/libverify.so
7f6741e07000-7f6742006000 ---p 00010000 fc:01 2080004                    /usr/lib/jvm/java-8-openjdk-amd64/jre/lib/amd64/libverify.so
7f6742006000-7f6742008000 r--p 0000f000 fc:01 2080004                    /usr/lib/jvm/java-8-openjdk-amd64/jre/lib/amd64/libverify.so
7f6742008000-7f6742009000 rw-p 00011000 fc:01 2080004                    /usr/lib/jvm/java-8-openjdk-amd64/jre/lib/amd64/libverify.so
7f6742009000-7f6742010000 r-xp 00000000 fc:01 2180                       /lib/x86_64-linux-gnu/librt-2.27.so
7f6742010000-7f674220f000 ---p 00007000 fc:01 2180                       /lib/x86_64-linux-gnu/librt-2.27.so
7f674220f000-7f6742210000 r--p 00006000 fc:01 2180                       /lib/x86_64-linux-gnu/librt-2.27.so
7f6742210000-7f6742211000 rw-p 00007000 fc:01 2180                       /lib/x86_64-linux-gnu/librt-2.27.so
7f6742211000-7f6742228000 r-xp 00000000 fc:01 29118                      /lib/x86_64-linux-gnu/libgcc_s.so.1
7f6742228000-7f6742427000 ---p 00017000 fc:01 29118                      /lib/x86_64-linux-gnu/libgcc_s.so.1
7f6742427000-7f6742428000 r--p 00016000 fc:01 29118                      /lib/x86_64-linux-gnu/libgcc_s.so.1
7f6742428000-7f6742429000 rw-p 00017000 fc:01 29118                      /lib/x86_64-linux-gnu/libgcc_s.so.1
7f6742429000-7f67425c6000 r-xp 00000000 fc:01 2087                       /lib/x86_64-linux-gnu/libm-2.27.so
7f67425c6000-7f67427c5000 ---p 0019d000 fc:01 2087                       /lib/x86_64-linux-gnu/libm-2.27.so
7f67427c5000-7f67427c6000 r--p 0019c000 fc:01 2087                       /lib/x86_64-linux-gnu/libm-2.27.so
7f67427c6000-7f67427c7000 rw-p 0019d000 fc:01 2087                       /lib/x86_64-linux-gnu/libm-2.27.so
7f67427c7000-7f6742940000 r-xp 00000000 fc:01 4344                       /usr/lib/x86_64-linux-gnu/libstdc++.so.6.0.25
7f6742940000-7f6742b40000 ---p 00179000 fc:01 4344                       /usr/lib/x86_64-linux-gnu/libstdc++.so.6.0.25
7f6742b40000-7f6742b4a000 r--p 00179000 fc:01 4344                       /usr/lib/x86_64-linux-gnu/libstdc++.so.6.0.25
7f6742b4a000-7f6742b4c000 rw-p 00183000 fc:01 4344                       /usr/lib/x86_64-linux-gnu/libstdc++.so.6.0.25
7f6742b4c000-7f6742b50000 rw-p 00000000 00:00 0 
7f6742b50000-7f67437f3000 r-xp 00000000 fc:01 2080008                    /usr/lib/jvm/java-8-openjdk-amd64/jre/lib/amd64/server/libjvm.so
7f67437f3000-7f67439f3000 ---p 00ca3000 fc:01 2080008                    /usr/lib/jvm/java-8-openjdk-amd64/jre/lib/amd64/server/libjvm.so
7f67439f3000-7f6743a87000 r--p 00ca3000 fc:01 2080008                    /usr/lib/jvm/java-8-openjdk-amd64/jre/lib/amd64/server/libjvm.so
7f6743a87000-7f6743ab0000 rw-p 00d37000 fc:01 2080008                    /usr/lib/jvm/java-8-openjdk-amd64/jre/lib/amd64/server/libjvm.so
7f6743ab0000-7f6743ae0000 rw-p 00000000 00:00 0 
7f6743ae0000-7f6743afa000 r-xp 00000000 fc:01 2178                       /lib/x86_64-linux-gnu/libpthread-2.27.so
7f6743afa000-7f6743cf9000 ---p 0001a000 fc:01 2178                       /lib/x86_64-linux-gnu/libpthread-2.27.so
7f6743cf9000-7f6743cfa000 r--p 00019000 fc:01 2178                       /lib/x86_64-linux-gnu/libpthread-2.27.so
7f6743cfa000-7f6743cfb000 rw-p 0001a000 fc:01 2178                       /lib/x86_64-linux-gnu/libpthread-2.27.so
7f6743cfb000-7f6743cff000 rw-p 00000000 00:00 0 
7f6743cff000-7f6743d02000 r-xp 00000000 fc:01 2086                       /lib/x86_64-linux-gnu/libdl-2.27.so
7f6743d02000-7f6743f01000 ---p 00003000 fc:01 2086                       /lib/x86_64-linux-gnu/libdl-2.27.so
7f6743f01000-7f6743f02000 r--p 00002000 fc:01 2086                       /lib/x86_64-linux-gnu/libdl-2.27.so
7f6743f02000-7f6743f03000 rw-p 00003000 fc:01 2086                       /lib/x86_64-linux-gnu/libdl-2.27.so
7f6743f03000-7f6743f1f000 r-xp 00000000 fc:01 2183                       /lib/x86_64-linux-gnu/libz.so.1.2.11
7f6743f1f000-7f674411e000 ---p 0001c000 fc:01 2183                       /lib/x86_64-linux-gnu/libz.so.1.2.11
7f674411e000-7f674411f000 r--p 0001b000 fc:01 2183                       /lib/x86_64-linux-gnu/libz.so.1.2.11
7f674411f000-7f6744120000 rw-p 0001c000 fc:01 2183                       /lib/x86_64-linux-gnu/libz.so.1.2.11
7f6744120000-7f6744307000 r-xp 00000000 fc:01 2083                       /lib/x86_64-linux-gnu/libc-2.27.so
7f6744307000-7f6744507000 ---p 001e7000 fc:01 2083                       /lib/x86_64-linux-gnu/libc-2.27.so
7f6744507000-7f674450b000 r--p 001e7000 fc:01 2083                       /lib/x86_64-linux-gnu/libc-2.27.so
7f674450b000-7f674450d000 rw-p 001eb000 fc:01 2083                       /lib/x86_64-linux-gnu/libc-2.27.so
7f674450d000-7f6744511000 rw-p 00000000 00:00 0 
7f6744511000-7f674451f000 r-xp 00000000 fc:01 2079972                    /usr/lib/jvm/java-8-openjdk-amd64/jre/lib/amd64/jli/libjli.so
7f674451f000-7f674471e000 ---p 0000e000 fc:01 2079972                    /usr/lib/jvm/java-8-openjdk-amd64/jre/lib/amd64/jli/libjli.so
7f674471e000-7f674471f000 r--p 0000d000 fc:01 2079972                    /usr/lib/jvm/java-8-openjdk-amd64/jre/lib/amd64/jli/libjli.so
7f674471f000-7f6744720000 rw-p 0000e000 fc:01 2079972                    /usr/lib/jvm/java-8-openjdk-amd64/jre/lib/amd64/jli/libjli.so
7f6744720000-7f6744747000 r-xp 00000000 fc:01 2079                       /lib/x86_64-linux-gnu/ld-2.27.so
7f6744747000-7f6744748000 r--s 0000d000 fc:01 2080025                    /usr/lib/jvm/java-8-openjdk-amd64/jre/lib/ext/sunec.jar
7f6744748000-7f674474a000 r--s 00001000 fc:01 2080020                    /usr/lib/jvm/java-8-openjdk-amd64/jre/lib/ext/dnsns.jar
7f674474a000-7f674474d000 r--s 0000f000 fc:01 2080021                    /usr/lib/jvm/java-8-openjdk-amd64/jre/lib/ext/icedtea-sound.jar
7f674474d000-7f6744757000 r--s 00116000 fc:01 2080023                    /usr/lib/jvm/java-8-openjdk-amd64/jre/lib/ext/localedata.jar
7f6744757000-7f6744758000 r--p 00000000 fc:01 7807                       /usr/lib/locale/C.UTF-8/LC_NUMERIC
7f6744758000-7f6744759000 r--p 00000000 fc:01 7810                       /usr/lib/locale/C.UTF-8/LC_TIME
7f6744759000-7f674475a000 r--p 00000000 fc:01 7805                       /usr/lib/locale/C.UTF-8/LC_MONETARY
7f674475a000-7f674475b000 r--p 00000000 fc:01 7799                       /usr/lib/locale/C.UTF-8/LC_MESSAGES/SYS_LC_MESSAGES
7f674475b000-7f674475c000 r--p 00000000 fc:01 7808                       /usr/lib/locale/C.UTF-8/LC_PAPER
7f674475c000-7f674475d000 r--p 00000000 fc:01 7806                       /usr/lib/locale/C.UTF-8/LC_NAME
7f674475d000-7f674475e000 r--p 00000000 fc:01 7800                       /usr/lib/locale/C.UTF-8/LC_ADDRESS
7f674475e000-7f674475f000 r--p 00000000 fc:01 7809                       /usr/lib/locale/C.UTF-8/LC_TELEPHONE
7f674475f000-7f6744760000 r--p 00000000 fc:01 7804                       /usr/lib/locale/C.UTF-8/LC_MEASUREMENT
7f6744760000-7f6744767000 r--s 00000000 fc:01 5010                       /usr/lib/x86_64-linux-gnu/gconv/gconv-modules.cache
7f6744767000-7f6744768000 r--p 00000000 fc:01 7803                       /usr/lib/locale/C.UTF-8/LC_IDENTIFICATION
7f6744768000-7f674476e000 rw-p 00000000 00:00 0 
7f674476e000-7f67447bb000 ---p 00000000 00:00 0 
7f67447bb000-7f67447be000 rw-p 00000000 00:00 0 
7f67447be000-7f67447e4000 ---p 00000000 00:00 0 
7f67447e4000-7f67447ea000 rw-p 00000000 00:00 0 
7f67447ea000-7f6744837000 ---p 00000000 00:00 0 
7f6744837000-7f6744838000 rw-p 00000000 00:00 0 
7f6744838000-7f6744839000 ---p 00000000 00:00 0 
7f6744839000-7f674483c000 ---p 00000000 00:00 0 
7f674483c000-7f674493b000 rw-p 00000000 00:00 0 
7f674493b000-7f6744943000 rw-s 00000000 fc:01 527755                     /tmp/hsperfdata_mpiuser/11155
7f6744943000-7f6744944000 rw-p 00000000 00:00 0 
7f6744944000-7f6744945000 r--p 00000000 00:00 0 
7f6744945000-7f6744947000 rw-p 00000000 00:00 0 
7f6744947000-7f6744948000 r--p 00027000 fc:01 2079                       /lib/x86_64-linux-gnu/ld-2.27.so
7f6744948000-7f6744949000 rw-p 00028000 fc:01 2079                       /lib/x86_64-linux-gnu/ld-2.27.so
7f6744949000-7f674494a000 rw-p 00000000 00:00 0 
7ffd44353000-7ffd44374000 rw-p 00000000 00:00 0                          [stack]
7ffd443e4000-7ffd443e7000 r--p 00000000 00:00 0                          [vvar]
7ffd443e7000-7ffd443e9000 r-xp 00000000 00:00 0                          [vdso]
ffffffffff600000-ffffffffff601000 r-xp 00000000 00:00 0                  [vsyscall]

VM Arguments:
jvm_args: -Djava.library.path=/usr/local/lib 
java_command: Client 1000000 10 0
java_class_path (initial): /home/mpiuser/cloud/fyp/java_client:./lib/spring-jcl-5.2.5.RELEASE.jar:./lib/jackson-databind-2.10.3.jar:./lib/jackson-databind-2.10.2.jar:./lib/slf4j-simple-1.7.30.jar:./lib/amqp-client-5.8.0.jar:./lib/spring-web-5.2.5.RELEASE.jar:./lib/jackson-annotations-2.10.3.jar:./lib/mpi.jar:./lib/spring-beans-5.2.5.RELEASE.jar:./lib/jackson-annotations-2.10.2.jar:./lib/jackson-core-2.10.2.jar:./lib/jackson-core-2.10.3.jar:./lib/slf4j-api-1.7.29.jar:./lib/spring-core-5.2.5.RELEASE.jar:./lib/slf4j-api-1.7.30.jar:./lib/http-client-3.6.1.RELEASE.jar:/usr/local/lib/mpi.jar
Launcher Type: SUN_STANDARD

Environment Variables:
PATH=/usr/local/sbin:/usr/local/bin:/usr/sbin:/usr/bin:/sbin:/bin:/usr/games:/usr/local/games
SHELL=/bin/bash

Signal Handlers:
SIGSEGV: [libjvm.so+0xabc3b0], sa_mask[0]=11111111011111111101111111111110, sa_flags=SA_RESTART|SA_SIGINFO
SIGBUS: [libjvm.so+0xabc3b0], sa_mask[0]=11111111011111111101111111111110, sa_flags=SA_RESTART|SA_SIGINFO
SIGFPE: [libjvm.so+0x8f0bb0], sa_mask[0]=11111111011111111101111111111110, sa_flags=SA_RESTART|SA_SIGINFO
SIGPIPE: [libjvm.so+0x8f0bb0], sa_mask[0]=11111111011111111101111111111110, sa_flags=SA_RESTART|SA_SIGINFO
SIGXFSZ: [libjvm.so+0x8f0bb0], sa_mask[0]=11111111011111111101111111111110, sa_flags=SA_RESTART|SA_SIGINFO
SIGILL: [libjvm.so+0x8f0bb0], sa_mask[0]=11111111011111111101111111111110, sa_flags=SA_RESTART|SA_SIGINFO
SIGUSR1: SIG_DFL, sa_mask[0]=00000000000000000000000000000000, sa_flags=none
SIGUSR2: [libjvm.so+0x8f0a60], sa_mask[0]=00000000000000000000000000000000, sa_flags=SA_RESTART|SA_SIGINFO
SIGHUP: [libjvm.so+0x8f10d0], sa_mask[0]=11111111011111111101111111111110, sa_flags=SA_RESTART|SA_SIGINFO
SIGINT: [libjvm.so+0x8f10d0], sa_mask[0]=11111111011111111101111111111110, sa_flags=SA_RESTART|SA_SIGINFO
SIGTERM: [libjvm.so+0x8f10d0], sa_mask[0]=11111111011111111101111111111110, sa_flags=SA_RESTART|SA_SIGINFO
SIGQUIT: [libjvm.so+0x8f10d0], sa_mask[0]=11111111011111111101111111111110, sa_flags=SA_RESTART|SA_SIGINFO


---------------  S Y S T E M  ---------------

OS:DISTRIB_ID=Ubuntu
DISTRIB_RELEASE=18.04
DISTRIB_CODENAME=bionic
DISTRIB_DESCRIPTION="Ubuntu 18.04.3 LTS"

uname:Linux 4.15.0-66-generic #75-Ubuntu SMP Tue Oct 1 05:24:09 UTC 2019 x86_64
libc:glibc 2.27 NPTL 2.27 
rlimit: STACK 8192k, CORE 0k, NPROC 3841, NOFILE 1048576, AS infinity
load average:0.89 0.20 0.06

/proc/meminfo:
MemTotal:        1008808 kB
MemFree:           91656 kB
MemAvailable:     233408 kB
Buffers:           77948 kB
Cached:           163924 kB
SwapCached:            0 kB
Active:           647600 kB
Inactive:         116756 kB
Active(anon):     520896 kB
Inactive(anon):      196 kB
Active(file):     126704 kB
Inactive(file):   116560 kB
Unevictable:           0 kB
Mlocked:               0 kB
SwapTotal:             0 kB
SwapFree:              0 kB
Dirty:             12028 kB
Writeback:             0 kB
AnonPages:        522584 kB
Mapped:            75196 kB
Shmem:               656 kB
Slab:              99636 kB
SReclaimable:      52256 kB
SUnreclaim:        47380 kB
KernelStack:        9264 kB
PageTables:        18420 kB
NFS_Unstable:          0 kB
Bounce:                0 kB
WritebackTmp:          0 kB
CommitLimit:      504404 kB
Committed_AS:    4247852 kB
VmallocTotal:   34359738367 kB
VmallocUsed:           0 kB
VmallocChunk:          0 kB
HardwareCorrupted:     0 kB
AnonHugePages:         0 kB
ShmemHugePages:        0 kB
ShmemPmdMapped:        0 kB
CmaTotal:              0 kB
CmaFree:               0 kB
HugePages_Total:       0
HugePages_Free:        0
HugePages_Rsvd:        0
HugePages_Surp:        0
Hugepagesize:       2048 kB
DirectMap4k:      288748 kB
DirectMap2M:      759808 kB

container (cgroup) information:
container_type: cgroupv1
cpu_cpuset_cpus: 0-2
cpu_memory_nodes: 0
active_processor_count: 3
cpu_quota: -1
cpu_period: 100000
cpu_shares: -1
memory_limit_in_bytes: -1
memory_and_swap_limit_in_bytes: -2
memory_soft_limit_in_bytes: -1
memory_usage_in_bytes: 660975616
memory_max_usage_in_bytes: 868425728


CPU:total 3 (initial active 3) (1 cores per cpu, 1 threads per core) family 6 model 79 stepping 1, cmov, cx8, fxsr, mmx, sse, sse2, sse3, ssse3, sse4.1, sse4.2, popcnt, avx, avx2, aes, clmul, erms, 3dnowpref, lzcnt, tsc, bmi1, bmi2, adx

/proc/cpuinfo:
processor	: 0
vendor_id	: GenuineIntel
cpu family	: 6
model		: 79
model name	: Intel(R) Xeon(R) CPU E5-2650 v4 @ 2.20GHz
stepping	: 1
microcode	: 0x1
cpu MHz		: 2199.998
cache size	: 4096 KB
physical id	: 0
siblings	: 1
core id		: 0
cpu cores	: 1
apicid		: 0
initial apicid	: 0
fpu		: yes
fpu_exception	: yes
cpuid level	: 13
wp		: yes
flags		: fpu vme de pse tsc msr pae mce cx8 apic sep mtrr pge mca cmov pat pse36 clflush mmx fxsr sse sse2 ss syscall nx rdtscp lm constant_tsc arch_perfmon rep_good nopl cpuid tsc_known_freq pni pclmulqdq vmx ssse3 fma cx16 pcid sse4_1 sse4_2 x2apic movbe popcnt tsc_deadline_timer aes xsave avx f16c rdrand hypervisor lahf_lm abm 3dnowprefetch cpuid_fault invpcid_single pti ssbd ibrs ibpb tpr_shadow vnmi flexpriority ept vpid fsgsbase tsc_adjust bmi1 avx2 smep bmi2 erms invpcid rdseed adx smap xsaveopt md_clear
bugs		: cpu_meltdown spectre_v1 spectre_v2 spec_store_bypass l1tf mds swapgs
bogomips	: 4399.99
clflush size	: 64
cache_alignment	: 64
address sizes	: 40 bits physical, 48 bits virtual
power management:

processor	: 1
vendor_id	: GenuineIntel
cpu family	: 6
model		: 79
model name	: Intel(R) Xeon(R) CPU E5-2650 v4 @ 2.20GHz
stepping	: 1
microcode	: 0x1
cpu MHz		: 2199.998
cache size	: 4096 KB
physical id	: 1
siblings	: 1
core id		: 0
cpu cores	: 1
apicid		: 1
initial apicid	: 1
fpu		: yes
fpu_exception	: yes
cpuid level	: 13
wp		: yes
flags		: fpu vme de pse tsc msr pae mce cx8 apic sep mtrr pge mca cmov pat pse36 clflush mmx fxsr sse sse2 ss syscall nx rdtscp lm constant_tsc arch_perfmon rep_good nopl cpuid tsc_known_freq pni pclmulqdq vmx ssse3 fma cx16 pcid sse4_1 sse4_2 x2apic movbe popcnt tsc_deadline_timer aes xsave avx f16c rdrand hypervisor lahf_lm abm 3dnowprefetch cpuid_fault invpcid_single pti ssbd ibrs ibpb tpr_shadow vnmi flexpriority ept vpid fsgsbase tsc_adjust bmi1 avx2 smep bmi2 erms invpcid rdseed adx smap xsaveopt md_clear
bugs		: cpu_meltdown spectre_v1 spectre_v2 spec_store_bypass l1tf mds swapgs
bogomips	: 4399.99
clflush size	: 64
cache_alignment	: 64
address sizes	: 40 bits physical, 48 bits virtual
power management:

processor	: 2
vendor_id	: GenuineIntel
cpu family	: 6
model		: 79
model name	: Intel(R) Xeon(R) CPU E5-2650 v4 @ 2.20GHz
stepping	: 1
microcode	: 0x1
cpu MHz		: 2199.998
cache size	: 4096 KB
physical id	: 2
siblings	: 1
core id		: 0
cpu cores	: 1
apicid		: 2
initial apicid	: 2
fpu		: yes
fpu_exception	: yes
cpuid level	: 13
wp		: yes
flags		: fpu vme de pse tsc msr pae mce cx8 apic sep mtrr pge mca cmov pat pse36 clflush mmx fxsr sse sse2 ss syscall nx rdtscp lm constant_tsc arch_perfmon rep_good nopl cpuid tsc_known_freq pni pclmulqdq vmx ssse3 fma cx16 pcid sse4_1 sse4_2 x2apic movbe popcnt tsc_deadline_timer aes xsave avx f16c rdrand hypervisor lahf_lm abm 3dnowprefetch cpuid_fault invpcid_single pti ssbd ibrs ibpb tpr_shadow vnmi flexpriority ept vpid fsgsbase tsc_adjust bmi1 avx2 smep bmi2 erms invpcid rdseed adx smap xsaveopt md_clear
bugs		: cpu_meltdown spectre_v1 spectre_v2 spec_store_bypass l1tf mds swapgs
bogomips	: 4399.99
clflush size	: 64
cache_alignment	: 64
address sizes	: 40 bits physical, 48 bits virtual
power management:



Memory: 4k page, physical 1008808k(88292k free), swap 0k(0k free)

vm_info: OpenJDK 64-Bit Server VM (25.242-b08) for linux-amd64 JRE (1.8.0_242-8u242-b08-0ubuntu3~18.04-b08), built on Jan 17 2020 23:41:21 by "buildd" with gcc 7.4.0

time: Mon Apr  6 11:41:43 2020
timezone: UTC
elapsed time: 2 seconds (0d 0h 0m 2s)

