#
# A fatal error has been detected by the Java Runtime Environment:
#
#  SIGSEGV (0xb) at pc=0x00007f5f739dd12a, pid=32125, tid=0x00007f5fb30f1700
#
# JRE version: OpenJDK Runtime Environment (8.0_242-b08) (build 1.8.0_242-8u242-b08-0ubuntu3~18.04-b08)
# Java VM: OpenJDK 64-Bit Server VM (25.242-b08 mixed mode linux-amd64 compressed oops)
# Problematic frame:
# C  [mca_gds_ds21.so+0x212a]  pmix_gds_ds21_lock_init+0x12a
#
# Failed to write core dump. Core dumps have been disabled. To enable core dumping, try "ulimit -c unlimited" before starting Java again
#
# If you would like to submit a bug report, please visit:
#   http://bugreport.java.com/bugreport/crash.jsp
# The crash happened outside the Java Virtual Machine in native code.
# See problematic frame for where to report the bug.
#

---------------  T H R E A D  ---------------

Current thread (0x00007f5fac00b800):  JavaThread "main" [_thread_in_native, id=32140, stack(0x00007f5fb2ff2000,0x00007f5fb30f2000)]

siginfo: si_signo: 11 (SIGSEGV), si_code: 1 (SEGV_MAPERR), si_addr: 0x00007f5f9a827008

Registers:
RAX=0x00007f5fac25d470, RBX=0x00007f5fac25d390, RCX=0x00007f5f73dfd85e, RDX=0x00007ffdf560cce5
RSP=0x00007f5fb30ef700, RBP=0x00007f5fac25d3e8, RSI=0x0000000000085000, RDI=0x0000000000000000
R8 =0x000000000000001e, R9 =0x0000000000000000, R10=0x0000000000000001, R11=0x0000000000000000
R12=0x00007f5fac25cfe8, R13=0x0000000000001000, R14=0x00007f5f9a827000, R15=0x00007f5fac25d3e0
RIP=0x00007f5f739dd12a, EFLAGS=0x0000000000010202, CSGSFS=0x002b000000000033, ERR=0x0000000000000004
  TRAPNO=0x000000000000000e

Top of Stack: (sp=0x00007f5fb30ef700)
0x00007f5fb30ef700:   00007f5fac25d340 00007ffdf560cce5
0x00007f5fb30ef710:   0000000000085000 000003e800000002
0x00007f5fb30ef720:   0000000000000000 00007f5fb29702ed
0x00007f5fb30ef730:   00007f5fac25d030 c9bf4f58eba06d00
0x00007f5fb30ef740:   0000000000000000 00007f5fac25cd10
0x00007f5fb30ef750:   0000000000000000 00007ffdf560cce5
0x00007f5fb30ef760:   0000000000000000 00007f5fac25cf80
0x00007f5fb30ef770:   0000000000000000 00007f5f73df9bcb
0x00007f5fb30ef780:   00007f5f739ddcee 00007f5fb30ef810
0x00007f5fb30ef790:   00007f5f982ca513 0000001500000040
0x00007f5fb30ef7a0:   00007f5fac258660 c9bf4f58eba06d00
0x00007f5fb30ef7b0:   00007f5f73def280 00007f5fac258170
0x00007f5fb30ef7c0:   00007f5f73bdf2d4 00007f5f984f00a0
0x00007f5fb30ef7d0:   00007f5f73bdf180 00007f5f984f3fc0
0x00007f5fb30ef7e0:   00007f5fac25ccc0 00007f5f739dcdb4
0x00007f5fb30ef7f0:   00007f5f984f0060 00007f5f982b2ee8
0x00007f5fb30ef800:   00007f5f984f0100 00007f5fb30ef834
0x00007f5fb30ef810:   00007f5fb30ef838 0000000000000000
0x00007f5fb30ef820:   0000000000000000 00007f5f984f3fd0
0x00007f5fb30ef830:   0000001e98227db0 00007f5f73bdf180
0x00007f5fb30ef840:   0000000000000000 c9bf4f58eba06d00
0x00007f5fb30ef850:   00007f5f984f00a0 0000000000000000
0x00007f5fb30ef860:   0000000000000000 00007f5fac1e74d0
0x00007f5fb30ef870:   00007f5f98227db0 00007f5f984ef520
0x00007f5fb30ef880:   0000000000000000 00007f5f9826d763
0x00007f5fb30ef890:   000000000000000c 00007f5f984ef7d8
0x00007f5fb30ef8a0:   2d69706d6e65706f 0000346576616c73
0x00007f5fb30ef8b0:   00007f5f981b2100 00007f5f981adb00
0x00007f5fb30ef8c0:   00007f5f981b564e 0000000100000000
0x00007f5fb30ef8d0:   00007f5fb30ef9d0 00007f5f00000003
0x00007f5fb30ef8e0:   00007f5fb30ef9c0 c9bf4f58eba06d00
0x00007f5fb30ef8f0:   00007f5fac1e4eb0 00007f5f984eef60 

Instructions: (pc=0x00007f5f739dd12a)
0x00007f5f739dd10a:   f7 ff ff 48 85 c0 49 89 47 30 0f 84 16 03 00 00
0x00007f5f739dd11a:   4c 8b 70 18 49 8b 36 4c 39 ee 0f 87 ce 02 00 00
0x00007f5f739dd12a:   41 8b 46 08 41 89 47 40 49 8b 56 18 4c 01 f2 85
0x00007f5f739dd13a:   c0 49 89 57 38 0f 84 eb 02 00 00 31 c0 ba 01 00 

Register to memory mapping:

RAX=0x00007f5fac25d470 is an unknown value
RBX=0x00007f5fac25d390 is an unknown value
RCX=0x00007f5f73dfd85e: pmix_common_dstor_attach_new_lock_seg+0x1e in /usr/local/lib/libmca_common_dstore.so.1 at 0x00007f5f73df0000
RDX=0x00007ffdf560cce5 is an unknown value
RSP=0x00007f5fb30ef700 is pointing into the stack for thread: 0x00007f5fac00b800
RBP=0x00007f5fac25d3e8 is an unknown value
RSI=0x0000000000085000 is an unknown value
RDI=0x0000000000000000 is an unknown value
R8 =0x000000000000001e is an unknown value
R9 =0x0000000000000000 is an unknown value
R10=0x0000000000000001 is an unknown value
R11=0x0000000000000000 is an unknown value
R12=0x00007f5fac25cfe8 is an unknown value
R13=0x0000000000001000 is an unknown value
R14=0x00007f5f9a827000 is an unknown value
R15=0x00007f5fac25d3e0 is an unknown value


Stack: [0x00007f5fb2ff2000,0x00007f5fb30f2000],  sp=0x00007f5fb30ef700,  free space=1013k
Native frames: (J=compiled Java code, j=interpreted, Vv=VM code, C=native code)
C  [mca_gds_ds21.so+0x212a]  pmix_gds_ds21_lock_init+0x12a

Java frames: (J=compiled Java code, j=interpreted, Vv=VM code)
j  mpi.MPI.Init_jni([Ljava/lang/String;)[Ljava/lang/String;+0
j  mpi.MPI.Init([Ljava/lang/String;)[Ljava/lang/String;+17
j  Client.main([Ljava/lang/String;)V+1
v  ~StubRoutines::call_stub

---------------  P R O C E S S  ---------------

Java Threads: ( => current thread )
  0x00007f5fac0b7800 JavaThread "Service Thread" daemon [_thread_blocked, id=32327, stack(0x00007f5f9b01a000,0x00007f5f9b11b000)]
  0x00007f5fac0b4800 JavaThread "C1 CompilerThread1" daemon [_thread_blocked, id=32324, stack(0x00007f5f9b11c000,0x00007f5f9b21c000)]
  0x00007f5fac0b2000 JavaThread "C2 CompilerThread0" daemon [_thread_blocked, id=32315, stack(0x00007f5f9b21d000,0x00007f5f9b31d000)]
  0x00007f5fac0b0800 JavaThread "Signal Dispatcher" daemon [_thread_blocked, id=32305, stack(0x00007f5f9b31d000,0x00007f5f9b41e000)]
  0x00007f5fac07e000 JavaThread "Finalizer" daemon [_thread_blocked, id=32223, stack(0x00007f5f9b72c000,0x00007f5f9b82d000)]
  0x00007f5fac079800 JavaThread "Reference Handler" daemon [_thread_blocked, id=32207, stack(0x00007f5f9b82d000,0x00007f5f9b92e000)]
=>0x00007f5fac00b800 JavaThread "main" [_thread_in_native, id=32140, stack(0x00007f5fb2ff2000,0x00007f5fb30f2000)]

Other Threads:
  0x00007f5fac06f800 VMThread [stack: 0x00007f5f9b92f000,0x00007f5f9ba2f000] [id=32180]
  0x00007f5fac0ba800 WatcherThread [stack: 0x00007f5f9af1a000,0x00007f5f9b01a000] [id=32334]

VM state:not at safepoint (normal execution)

VM Mutex/Monitor currently owned by a thread: None

heap address: 0x00000000f0800000, size: 248 MB, Compressed Oops mode: 32-bit
Narrow klass base: 0x0000000000000000, Narrow klass shift: 3
Compressed class space size: 1073741824 Address: 0x0000000100000000

Heap:
 def new generation   total 4928K, used 1441K [0x00000000f0800000, 0x00000000f0d50000, 0x00000000f5aa0000)
  eden space 4416K,  32% used [0x00000000f0800000, 0x00000000f0968610, 0x00000000f0c50000)
  from space 512K,   0% used [0x00000000f0c50000, 0x00000000f0c50000, 0x00000000f0cd0000)
  to   space 512K,   0% used [0x00000000f0cd0000, 0x00000000f0cd0000, 0x00000000f0d50000)
 tenured generation   total 10944K, used 0K [0x00000000f5aa0000, 0x00000000f6550000, 0x0000000100000000)
   the space 10944K,   0% used [0x00000000f5aa0000, 0x00000000f5aa0000, 0x00000000f5aa0200, 0x00000000f6550000)
 Metaspace       used 3126K, capacity 4792K, committed 5120K, reserved 1056768K
  class space    used 313K, capacity 424K, committed 512K, reserved 1048576K

Card table byte_map: [0x00007f5fb2f74000,0x00007f5fb2ff1000] byte_map_base: 0x00007f5fb27f0000

Polling page: 0x00007f5fb30fd000

CodeCache: size=245760Kb used=1265Kb max_used=1265Kb free=244494Kb
 bounds [0x00007f5f9c7bf000, 0x00007f5f9ca2f000, 0x00007f5fab7bf000]
 total_blobs=375 nmethods=70 adapters=220
 compilation: enabled

Compilation events (10 events):
Event: 1.466 Thread 0x00007f5fac0b4800   63       1       java.util.zip.ZipFile::access$000 (5 bytes)
Event: 1.466 Thread 0x00007f5fac0b4800 nmethod 63 0x00007f5f9c8f22d0 code [0x00007f5f9c8f2420, 0x00007f5f9c8f2510]
Event: 1.466 Thread 0x00007f5fac0b4800   68       1       java.net.URL::getQuery (5 bytes)
Event: 1.466 Thread 0x00007f5fac0b4800 nmethod 68 0x00007f5f9c8f2590 code [0x00007f5f9c8f26e0, 0x00007f5f9c8f27f0]
Event: 1.466 Thread 0x00007f5fac0b4800   66  s    1       java.util.Vector::size (5 bytes)
Event: 1.466 Thread 0x00007f5fac0b4800 nmethod 66 0x00007f5f9c8f2850 code [0x00007f5f9c8f29a0, 0x00007f5f9c8f2c10]
Event: 1.466 Thread 0x00007f5fac0b4800   62       3       java.lang.StringCoding::scale (7 bytes)
Event: 1.467 Thread 0x00007f5fac0b4800 nmethod 62 0x00007f5f9c8f2c90 code [0x00007f5f9c8f2e00, 0x00007f5f9c8f2f70]
Event: 1.667 Thread 0x00007f5fac0b4800   69       3       java.util.concurrent.ConcurrentHashMap::setTabAt (19 bytes)
Event: 1.667 Thread 0x00007f5fac0b4800 nmethod 69 0x00007f5f9c8fae50 code [0x00007f5f9c8fafa0, 0x00007f5f9c8fb110]

GC Heap History (0 events):
No events

Deoptimization events (0 events):
No events

Classes redefined (0 events):
No events

Internal exceptions (5 events):
Event: 0.182 Thread 0x00007f5fac00b800 Exception <a 'java/lang/NoSuchMethodError': Method sun.misc.Unsafe.defineClass(Ljava/lang/String;[BII)Ljava/lang/Class; name or signature does not match> (0x00000000f0807cc8) thrown at [/build/openjdk-8-58sEEn/openjdk-8-8u242-b08/src/hotspot/src/share/vm/
Event: 0.182 Thread 0x00007f5fac00b800 Exception <a 'java/lang/NoSuchMethodError': Method sun.misc.Unsafe.prefetchRead(Ljava/lang/Object;J)V name or signature does not match> (0x00000000f0807fb0) thrown at [/build/openjdk-8-58sEEn/openjdk-8-8u242-b08/src/hotspot/src/share/vm/prims/jni.cpp, lin
Event: 0.530 Thread 0x00007f5fac00b800 Exception <a 'java/util/zip/ZipException'> (0x00000000f085dec8) thrown at [/build/openjdk-8-58sEEn/openjdk-8-8u242-b08/src/hotspot/src/share/vm/prims/jni.cpp, line 710]
Event: 0.530 Thread 0x00007f5fac00b800 Exception <a 'java/security/PrivilegedActionException'> (0x00000000f085e168) thrown at [/build/openjdk-8-58sEEn/openjdk-8-8u242-b08/src/hotspot/src/share/vm/prims/jvm.cpp, line 1502]
Event: 0.530 Thread 0x00007f5fac00b800 Exception <a 'java/security/PrivilegedActionException'> (0x00000000f085e378) thrown at [/build/openjdk-8-58sEEn/openjdk-8-8u242-b08/src/hotspot/src/share/vm/prims/jvm.cpp, line 1502]

Events (10 events):
Event: 1.462 loading class mpi/Constant
Event: 1.462 loading class mpi/Constant done
Event: 1.463 loading class mpi/Errhandler
Event: 1.463 loading class mpi/Errhandler done
Event: 1.463 loading class mpi/Intracomm
Event: 1.463 loading class mpi/Intracomm done
Event: 1.463 loading class mpi/Comm
Event: 1.463 loading class mpi/Comm done
Event: 1.667 loading class mpi/Version
Event: 1.667 loading class mpi/Version done


Dynamic libraries:
f0800000-f0d50000 rw-p 00000000 00:00 0 
f0d50000-f5aa0000 ---p 00000000 00:00 0 
f5aa0000-f6550000 rw-p 00000000 00:00 0 
f6550000-100000000 ---p 00000000 00:00 0 
100000000-100080000 rw-p 00000000 00:00 0 
100080000-140000000 ---p 00000000 00:00 0 
5612b59a7000-5612b59a8000 r-xp 00000000 fc:01 2076260                    /usr/lib/jvm/java-8-openjdk-amd64/jre/bin/java
5612b5ba7000-5612b5ba8000 r--p 00000000 fc:01 2076260                    /usr/lib/jvm/java-8-openjdk-amd64/jre/bin/java
5612b5ba8000-5612b5ba9000 rw-p 00001000 fc:01 2076260                    /usr/lib/jvm/java-8-openjdk-amd64/jre/bin/java
5612b749f000-5612b74c0000 rw-p 00000000 00:00 0                          [heap]
7f5f6c000000-7f5f6c021000 rw-p 00000000 00:00 0 
7f5f6c021000-7f5f70000000 ---p 00000000 00:00 0 
7f5f737d8000-7f5f737da000 r-xp 00000000 fc:01 528289                     /usr/local/lib/pmix/mca_pshmem_mmap.so
7f5f737da000-7f5f739d9000 ---p 00002000 fc:01 528289                     /usr/local/lib/pmix/mca_pshmem_mmap.so
7f5f739d9000-7f5f739da000 r--p 00001000 fc:01 528289                     /usr/local/lib/pmix/mca_pshmem_mmap.so
7f5f739da000-7f5f739db000 rw-p 00002000 fc:01 528289                     /usr/local/lib/pmix/mca_pshmem_mmap.so
7f5f739db000-7f5f739df000 r-xp 00000000 fc:01 528265                     /usr/local/lib/pmix/mca_gds_ds21.so
7f5f739df000-7f5f73bde000 ---p 00004000 fc:01 528265                     /usr/local/lib/pmix/mca_gds_ds21.so
7f5f73bde000-7f5f73bdf000 r--p 00003000 fc:01 528265                     /usr/local/lib/pmix/mca_gds_ds21.so
7f5f73bdf000-7f5f73be0000 rw-p 00004000 fc:01 528265                     /usr/local/lib/pmix/mca_gds_ds21.so
7f5f73be0000-7f5f73bef000 r-xp 00000000 fc:01 528267                     /usr/local/lib/pmix/mca_gds_hash.so
7f5f73bef000-7f5f73dee000 ---p 0000f000 fc:01 528267                     /usr/local/lib/pmix/mca_gds_hash.so
7f5f73dee000-7f5f73def000 r--p 0000e000 fc:01 528267                     /usr/local/lib/pmix/mca_gds_hash.so
7f5f73def000-7f5f73df0000 rw-p 0000f000 fc:01 528267                     /usr/local/lib/pmix/mca_gds_hash.so
7f5f73df0000-7f5f73dff000 r-xp 00000000 fc:01 7027                       /usr/local/lib/libmca_common_dstore.so.1.0.0
7f5f73dff000-7f5f73ffe000 ---p 0000f000 fc:01 7027                       /usr/local/lib/libmca_common_dstore.so.1.0.0
7f5f73ffe000-7f5f73fff000 r--p 0000e000 fc:01 7027                       /usr/local/lib/libmca_common_dstore.so.1.0.0
7f5f73fff000-7f5f74000000 rw-p 0000f000 fc:01 7027                       /usr/local/lib/libmca_common_dstore.so.1.0.0
7f5f74000000-7f5f74021000 rw-p 00000000 00:00 0 
7f5f74021000-7f5f78000000 ---p 00000000 00:00 0 
7f5f781a2000-7f5f781a6000 r-xp 00000000 fc:01 528263                     /usr/local/lib/pmix/mca_gds_ds12.so
7f5f781a6000-7f5f783a5000 ---p 00004000 fc:01 528263                     /usr/local/lib/pmix/mca_gds_ds12.so
7f5f783a5000-7f5f783a6000 r--p 00003000 fc:01 528263                     /usr/local/lib/pmix/mca_gds_ds12.so
7f5f783a6000-7f5f783a7000 rw-p 00004000 fc:01 528263                     /usr/local/lib/pmix/mca_gds_ds12.so
7f5f783a7000-7f5f783af000 r-xp 00000000 fc:01 528293                     /usr/local/lib/pmix/mca_ptl_usock.so
7f5f783af000-7f5f785ae000 ---p 00008000 fc:01 528293                     /usr/local/lib/pmix/mca_ptl_usock.so
7f5f785ae000-7f5f785af000 r--p 00007000 fc:01 528293                     /usr/local/lib/pmix/mca_ptl_usock.so
7f5f785af000-7f5f785b0000 rw-p 00008000 fc:01 528293                     /usr/local/lib/pmix/mca_ptl_usock.so
7f5f785b0000-7f5f785c1000 r-xp 00000000 fc:01 528291                     /usr/local/lib/pmix/mca_ptl_tcp.so
7f5f785c1000-7f5f787c0000 ---p 00011000 fc:01 528291                     /usr/local/lib/pmix/mca_ptl_tcp.so
7f5f787c0000-7f5f787c1000 r--p 00010000 fc:01 528291                     /usr/local/lib/pmix/mca_ptl_tcp.so
7f5f787c1000-7f5f787c2000 rw-p 00011000 fc:01 528291                     /usr/local/lib/pmix/mca_ptl_tcp.so
7f5f787c2000-7f5f787d3000 r-xp 00000000 fc:01 528255                     /usr/local/lib/pmix/mca_bfrops_v12.so
7f5f787d3000-7f5f789d3000 ---p 00011000 fc:01 528255                     /usr/local/lib/pmix/mca_bfrops_v12.so
7f5f789d3000-7f5f789d4000 r--p 00011000 fc:01 528255                     /usr/local/lib/pmix/mca_bfrops_v12.so
7f5f789d4000-7f5f789d5000 rw-p 00012000 fc:01 528255                     /usr/local/lib/pmix/mca_bfrops_v12.so
7f5f789d5000-7f5f789ec000 r-xp 00000000 fc:01 528257                     /usr/local/lib/pmix/mca_bfrops_v20.so
7f5f789ec000-7f5f78beb000 ---p 00017000 fc:01 528257                     /usr/local/lib/pmix/mca_bfrops_v20.so
7f5f78beb000-7f5f78bec000 r--p 00016000 fc:01 528257                     /usr/local/lib/pmix/mca_bfrops_v20.so
7f5f78bec000-7f5f78bed000 rw-p 00017000 fc:01 528257                     /usr/local/lib/pmix/mca_bfrops_v20.so
7f5f78bed000-7f5f78bf5000 r-xp 00000000 fc:01 528261                     /usr/local/lib/pmix/mca_bfrops_v3.so
7f5f78bf5000-7f5f78df4000 ---p 00008000 fc:01 528261                     /usr/local/lib/pmix/mca_bfrops_v3.so
7f5f78df4000-7f5f78df5000 r--p 00007000 fc:01 528261                     /usr/local/lib/pmix/mca_bfrops_v3.so
7f5f78df5000-7f5f78df6000 rw-p 00008000 fc:01 528261                     /usr/local/lib/pmix/mca_bfrops_v3.so
7f5f78df6000-7f5f78dfd000 r-xp 00000000 fc:01 528259                     /usr/local/lib/pmix/mca_bfrops_v21.so
7f5f78dfd000-7f5f78ffd000 ---p 00007000 fc:01 528259                     /usr/local/lib/pmix/mca_bfrops_v21.so
7f5f78ffd000-7f5f78ffe000 r--p 00007000 fc:01 528259                     /usr/local/lib/pmix/mca_bfrops_v21.so
7f5f78ffe000-7f5f78fff000 rw-p 00008000 fc:01 528259                     /usr/local/lib/pmix/mca_bfrops_v21.so
7f5f78fff000-7f5f7c000000 rw-p 00000000 00:00 0 
7f5f7c000000-7f5f7c1b4000 rw-p 00000000 00:00 0 
7f5f7c1b4000-7f5f80000000 ---p 00000000 00:00 0 
7f5f80000000-7f5f80021000 rw-p 00000000 00:00 0 
7f5f80021000-7f5f84000000 ---p 00000000 00:00 0 
7f5f84000000-7f5f84021000 rw-p 00000000 00:00 0 
7f5f84021000-7f5f88000000 ---p 00000000 00:00 0 
7f5f88000000-7f5f8804f000 rw-p 00000000 00:00 0 
7f5f8804f000-7f5f8c000000 ---p 00000000 00:00 0 
7f5f8c000000-7f5f8c021000 rw-p 00000000 00:00 0 
7f5f8c021000-7f5f90000000 ---p 00000000 00:00 0 
7f5f90000000-7f5f90021000 rw-p 00000000 00:00 0 
7f5f90021000-7f5f94000000 ---p 00000000 00:00 0 
7f5f94000000-7f5f94021000 rw-p 00000000 00:00 0 
7f5f94021000-7f5f98000000 ---p 00000000 00:00 0 
7f5f98128000-7f5f981ad000 rw-s 00000000 fc:01 528966                     /tmp/ompi.openmpi-slave4.1000/jf.8274/pmix_dstor_ds21_30887/smlockseg-542244865 (deleted)
7f5f981ad000-7f5f982ec000 r-xp 00000000 fc:01 528295                     /usr/local/lib/openmpi/mca_pmix_pmix3x.so
7f5f982ec000-7f5f984ec000 ---p 0013f000 fc:01 528295                     /usr/local/lib/openmpi/mca_pmix_pmix3x.so
7f5f984ec000-7f5f984ed000 r--p 0013f000 fc:01 528295                     /usr/local/lib/openmpi/mca_pmix_pmix3x.so
7f5f984ed000-7f5f984f2000 rw-p 00140000 fc:01 528295                     /usr/local/lib/openmpi/mca_pmix_pmix3x.so
7f5f984f2000-7f5f984f5000 rw-p 00000000 00:00 0 
7f5f984f8000-7f5f984fa000 r-xp 00000000 fc:01 528281                     /usr/local/lib/pmix/mca_psec_native.so
7f5f984fa000-7f5f986f9000 ---p 00002000 fc:01 528281                     /usr/local/lib/pmix/mca_psec_native.so
7f5f986f9000-7f5f986fa000 r--p 00001000 fc:01 528281                     /usr/local/lib/pmix/mca_psec_native.so
7f5f986fa000-7f5f986fb000 rw-p 00002000 fc:01 528281                     /usr/local/lib/pmix/mca_psec_native.so
7f5f986fb000-7f5f986fc000 ---p 00000000 00:00 0 
7f5f986fc000-7f5f98efc000 rw-p 00000000 00:00 0 
7f5f98efc000-7f5f98f00000 r-xp 00000000 fc:01 528333                     /usr/local/lib/openmpi/mca_ess_pmi.so
7f5f98f00000-7f5f990ff000 ---p 00004000 fc:01 528333                     /usr/local/lib/openmpi/mca_ess_pmi.so
7f5f990ff000-7f5f99100000 r--p 00003000 fc:01 528333                     /usr/local/lib/openmpi/mca_ess_pmi.so
7f5f99100000-7f5f99101000 rw-p 00004000 fc:01 528333                     /usr/local/lib/openmpi/mca_ess_pmi.so
7f5f99101000-7f5f99102000 r-xp 00000000 fc:01 528401                     /usr/local/lib/openmpi/mca_schizo_orte.so
7f5f99102000-7f5f99301000 ---p 00001000 fc:01 528401                     /usr/local/lib/openmpi/mca_schizo_orte.so
7f5f99301000-7f5f99302000 r--p 00000000 fc:01 528401                     /usr/local/lib/openmpi/mca_schizo_orte.so
7f5f99302000-7f5f99303000 rw-p 00001000 fc:01 528401                     /usr/local/lib/openmpi/mca_schizo_orte.so
7f5f99303000-7f5f99305000 r-xp 00000000 fc:01 528403                     /usr/local/lib/openmpi/mca_schizo_slurm.so
7f5f99305000-7f5f99504000 ---p 00002000 fc:01 528403                     /usr/local/lib/openmpi/mca_schizo_slurm.so
7f5f99504000-7f5f99505000 r--p 00001000 fc:01 528403                     /usr/local/lib/openmpi/mca_schizo_slurm.so
7f5f99505000-7f5f99506000 rw-p 00002000 fc:01 528403                     /usr/local/lib/openmpi/mca_schizo_slurm.so
7f5f99506000-7f5f9950e000 r-xp 00000000 fc:01 528399                     /usr/local/lib/openmpi/mca_schizo_ompi.so
7f5f9950e000-7f5f9970d000 ---p 00008000 fc:01 528399                     /usr/local/lib/openmpi/mca_schizo_ompi.so
7f5f9970d000-7f5f9970e000 r--p 00007000 fc:01 528399                     /usr/local/lib/openmpi/mca_schizo_ompi.so
7f5f9970e000-7f5f99710000 rw-p 00008000 fc:01 528399                     /usr/local/lib/openmpi/mca_schizo_ompi.so
7f5f99710000-7f5f99711000 r-xp 00000000 fc:01 528397                     /usr/local/lib/openmpi/mca_schizo_flux.so
7f5f99711000-7f5f99911000 ---p 00001000 fc:01 528397                     /usr/local/lib/openmpi/mca_schizo_flux.so
7f5f99911000-7f5f99912000 r--p 00001000 fc:01 528397                     /usr/local/lib/openmpi/mca_schizo_flux.so
7f5f99912000-7f5f99913000 rw-p 00002000 fc:01 528397                     /usr/local/lib/openmpi/mca_schizo_flux.so
7f5f99913000-7f5f99915000 r-xp 00000000 fc:01 528301                     /usr/local/lib/openmpi/mca_reachable_weighted.so
7f5f99915000-7f5f99b14000 ---p 00002000 fc:01 528301                     /usr/local/lib/openmpi/mca_reachable_weighted.so
7f5f99b14000-7f5f99b15000 r--p 00001000 fc:01 528301                     /usr/local/lib/openmpi/mca_reachable_weighted.so
7f5f99b15000-7f5f99b16000 rw-p 00002000 fc:01 528301                     /usr/local/lib/openmpi/mca_reachable_weighted.so
7f5f99b16000-7f5f99b19000 r-xp 00000000 fc:01 528303                     /usr/local/lib/openmpi/mca_shmem_mmap.so
7f5f99b19000-7f5f99d18000 ---p 00003000 fc:01 528303                     /usr/local/lib/openmpi/mca_shmem_mmap.so
7f5f99d18000-7f5f99d19000 r--p 00002000 fc:01 528303                     /usr/local/lib/openmpi/mca_shmem_mmap.so
7f5f99d19000-7f5f99d1a000 rw-p 00003000 fc:01 528303                     /usr/local/lib/openmpi/mca_shmem_mmap.so
7f5f99d1a000-7f5f99d1c000 r-xp 00000000 fc:01 2182                       /lib/x86_64-linux-gnu/libutil-2.27.so
7f5f99d1c000-7f5f99f1b000 ---p 00002000 fc:01 2182                       /lib/x86_64-linux-gnu/libutil-2.27.so
7f5f99f1b000-7f5f99f1c000 r--p 00001000 fc:01 2182                       /lib/x86_64-linux-gnu/libutil-2.27.so
7f5f99f1c000-7f5f99f1d000 rw-p 00002000 fc:01 2182                       /lib/x86_64-linux-gnu/libutil-2.27.so
7f5f99f1d000-7f5f99fd0000 r-xp 00000000 fc:01 7145                       /usr/local/lib/libopen-rte.so.40.20.1
7f5f99fd0000-7f5f9a1cf000 ---p 000b3000 fc:01 7145                       /usr/local/lib/libopen-rte.so.40.20.1
7f5f9a1cf000-7f5f9a1d1000 r--p 000b2000 fc:01 7145                       /usr/local/lib/libopen-rte.so.40.20.1
7f5f9a1d1000-7f5f9a1d5000 rw-p 000b4000 fc:01 7145                       /usr/local/lib/libopen-rte.so.40.20.1
7f5f9a1d5000-7f5f9a1d8000 rw-p 00000000 00:00 0 
7f5f9a1d8000-7f5f9a2df000 r-xp 00000000 fc:01 4301                       /usr/local/lib/libopen-pal.so.40.20.1
7f5f9a2df000-7f5f9a4df000 ---p 00107000 fc:01 4301                       /usr/local/lib/libopen-pal.so.40.20.1
7f5f9a4df000-7f5f9a4e2000 r--p 00107000 fc:01 4301                       /usr/local/lib/libopen-pal.so.40.20.1
7f5f9a4e2000-7f5f9a4e8000 rw-p 0010a000 fc:01 4301                       /usr/local/lib/libopen-pal.so.40.20.1
7f5f9a4e8000-7f5f9a4ef000 rw-p 00000000 00:00 0 
7f5f9a4ef000-7f5f9a5fc000 r-xp 00000000 fc:01 7360                       /usr/local/lib/libmpi.so.40.20.1
7f5f9a5fc000-7f5f9a7fb000 ---p 0010d000 fc:01 7360                       /usr/local/lib/libmpi.so.40.20.1
7f5f9a7fb000-7f5f9a7fd000 r--p 0010c000 fc:01 7360                       /usr/local/lib/libmpi.so.40.20.1
7f5f9a7fd000-7f5f9a80e000 rw-p 0010e000 fc:01 7360                       /usr/local/lib/libmpi.so.40.20.1
7f5f9a80e000-7f5f9a820000 rw-p 00000000 00:00 0 
7f5f9a828000-7f5f9a829000 r--s 00000000 fc:01 528967                     /tmp/ompi.openmpi-slave4.1000/jf.8274/pmix_dstor_ds12_30887/initial-pmix_shared-segment-0 (deleted)
7f5f9a829000-7f5f9a82a000 rw-s 00000000 fc:01 528968                     /tmp/ompi.openmpi-slave4.1000/jf.8274/pmix_dstor_ds12_30887/dstore_sm.lock (deleted)
7f5f9a82a000-7f5f9a852000 r-xp 00000000 fc:01 29879                      /usr/local/lib/libmpi_java.so.40.20.0
7f5f9a852000-7f5f9aa51000 ---p 00028000 fc:01 29879                      /usr/local/lib/libmpi_java.so.40.20.0
7f5f9aa51000-7f5f9aa52000 r--p 00027000 fc:01 29879                      /usr/local/lib/libmpi_java.so.40.20.0
7f5f9aa52000-7f5f9aa53000 rw-p 00028000 fc:01 29879                      /usr/local/lib/libmpi_java.so.40.20.0
7f5f9aa53000-7f5f9aa54000 r--s 0000f000 00:34 527712                     /home/mpiuser/cloud/fyp/java_client/lib/mpi.jar
7f5f9aa54000-7f5f9aa57000 r--s 0000e000 00:34 527707                     /home/mpiuser/cloud/fyp/java_client/lib/jackson-annotations-2.10.3.jar
7f5f9aa57000-7f5f9aa74000 r--s 00142000 00:34 527719                     /home/mpiuser/cloud/fyp/java_client/lib/spring-web-5.2.5.RELEASE.jar
7f5f9aa74000-7f5f9aa81000 r--s 00090000 00:34 527704                     /home/mpiuser/cloud/fyp/java_client/lib/amqp-client-5.8.0.jar
7f5f9aa81000-7f5f9aa82000 r--s 00003000 00:34 527715                     /home/mpiuser/cloud/fyp/java_client/lib/slf4j-simple-1.7.30.jar
7f5f9aa82000-7f5f9aa97000 r--s 00142000 00:34 527710                     /home/mpiuser/cloud/fyp/java_client/lib/jackson-databind-2.10.2.jar
7f5f9aa97000-7f5f9aaac000 r--s 00142000 00:34 527711                     /home/mpiuser/cloud/fyp/java_client/lib/jackson-databind-2.10.3.jar
7f5f9aaac000-7f5f9aaad000 r--s 00005000 00:34 527718                     /home/mpiuser/cloud/fyp/java_client/lib/spring-jcl-5.2.5.RELEASE.jar
7f5f9aaad000-7f5f9aac4000 r-xp 00000000 fc:01 2076298                    /usr/lib/jvm/java-8-openjdk-amd64/jre/lib/amd64/libnet.so
7f5f9aac4000-7f5f9acc3000 ---p 00017000 fc:01 2076298                    /usr/lib/jvm/java-8-openjdk-amd64/jre/lib/amd64/libnet.so
7f5f9acc3000-7f5f9acc4000 r--p 00016000 fc:01 2076298                    /usr/lib/jvm/java-8-openjdk-amd64/jre/lib/amd64/libnet.so
7f5f9acc4000-7f5f9acc5000 rw-p 00017000 fc:01 2076298                    /usr/lib/jvm/java-8-openjdk-amd64/jre/lib/amd64/libnet.so
7f5f9acc5000-7f5f9acd6000 r-xp 00000000 fc:01 2076299                    /usr/lib/jvm/java-8-openjdk-amd64/jre/lib/amd64/libnio.so
7f5f9acd6000-7f5f9aed6000 ---p 00011000 fc:01 2076299                    /usr/lib/jvm/java-8-openjdk-amd64/jre/lib/amd64/libnio.so
7f5f9aed6000-7f5f9aed7000 r--p 00011000 fc:01 2076299                    /usr/lib/jvm/java-8-openjdk-amd64/jre/lib/amd64/libnio.so
7f5f9aed7000-7f5f9aed8000 rw-p 00012000 fc:01 2076299                    /usr/lib/jvm/java-8-openjdk-amd64/jre/lib/amd64/libnio.so
7f5f9aed8000-7f5f9aef3000 r--s 001d6000 fc:01 2076325                    /usr/lib/jvm/java-8-openjdk-amd64/jre/lib/ext/nashorn.jar
7f5f9aef3000-7f5f9aef7000 r--s 0003a000 fc:01 2076328                    /usr/lib/jvm/java-8-openjdk-amd64/jre/lib/ext/sunpkcs11.jar
7f5f9aef7000-7f5f9aefc000 r--s 0003d000 fc:01 2076327                    /usr/lib/jvm/java-8-openjdk-amd64/jre/lib/ext/sunjce_provider.jar
7f5f9aefc000-7f5f9aefd000 r--s 00010000 fc:01 2076329                    /usr/lib/jvm/java-8-openjdk-amd64/jre/lib/ext/zipfs.jar
7f5f9aefd000-7f5f9aefe000 r--s 0000a000 fc:01 2076323                    /usr/lib/jvm/java-8-openjdk-amd64/jre/lib/ext/jaccess.jar
7f5f9aefe000-7f5f9af19000 r--s 00394000 fc:01 2076320                    /usr/lib/jvm/java-8-openjdk-amd64/jre/lib/ext/cldrdata.jar
7f5f9af19000-7f5f9af1a000 ---p 00000000 00:00 0 
7f5f9af1a000-7f5f9b01a000 rw-p 00000000 00:00 0 
7f5f9b01a000-7f5f9b01d000 ---p 00000000 00:00 0 
7f5f9b01d000-7f5f9b11b000 rw-p 00000000 00:00 0 
7f5f9b11b000-7f5f9b11c000 ---p 00000000 00:00 0 
7f5f9b11c000-7f5f9b11f000 ---p 00000000 00:00 0 
7f5f9b11f000-7f5f9b21c000 rw-p 00000000 00:00 0 
7f5f9b21c000-7f5f9b21d000 ---p 00000000 00:00 0 
7f5f9b21d000-7f5f9b220000 ---p 00000000 00:00 0 
7f5f9b220000-7f5f9b31d000 rw-p 00000000 00:00 0 
7f5f9b31d000-7f5f9b320000 ---p 00000000 00:00 0 
7f5f9b320000-7f5f9b41e000 rw-p 00000000 00:00 0 
7f5f9b41e000-7f5f9b591000 r--p 00000000 fc:01 7801                       /usr/lib/locale/C.UTF-8/LC_COLLATE
7f5f9b591000-7f5f9b72c000 r--p 00000000 fc:01 7796                       /usr/lib/locale/locale-archive
7f5f9b72c000-7f5f9b72f000 ---p 00000000 00:00 0 
7f5f9b72f000-7f5f9b82d000 rw-p 00000000 00:00 0 
7f5f9b82d000-7f5f9b830000 ---p 00000000 00:00 0 
7f5f9b830000-7f5f9b92e000 rw-p 00000000 00:00 0 
7f5f9b92e000-7f5f9b92f000 ---p 00000000 00:00 0 
7f5f9b92f000-7f5f9ba2f000 rw-p 00000000 00:00 0 
7f5f9ba2f000-7f5f9bbff000 r--s 03c68000 fc:01 2076349                    /usr/lib/jvm/java-8-openjdk-amd64/jre/lib/rt.jar
7f5f9bbff000-7f5f9c07f000 rw-p 00000000 00:00 0 
7f5f9c07f000-7f5f9c3ff000 ---p 00000000 00:00 0 
7f5f9c3ff000-7f5f9c409000 rw-p 00000000 00:00 0 
7f5f9c409000-7f5f9c7bf000 ---p 00000000 00:00 0 
7f5f9c7bf000-7f5f9ca2f000 rwxp 00000000 00:00 0 
7f5f9ca2f000-7f5fab7bf000 ---p 00000000 00:00 0 
7f5fab7bf000-7f5fab7c7000 r-xp 00000000 fc:01 2076306                    /usr/lib/jvm/java-8-openjdk-amd64/jre/lib/amd64/libzip.so
7f5fab7c7000-7f5fab9c6000 ---p 00008000 fc:01 2076306                    /usr/lib/jvm/java-8-openjdk-amd64/jre/lib/amd64/libzip.so
7f5fab9c6000-7f5fab9c7000 r--p 00007000 fc:01 2076306                    /usr/lib/jvm/java-8-openjdk-amd64/jre/lib/amd64/libzip.so
7f5fab9c7000-7f5fab9c8000 rw-p 00008000 fc:01 2076306                    /usr/lib/jvm/java-8-openjdk-amd64/jre/lib/amd64/libzip.so
7f5fab9c8000-7f5fab9d3000 r-xp 00000000 fc:01 2093                       /lib/x86_64-linux-gnu/libnss_files-2.27.so
7f5fab9d3000-7f5fabbd2000 ---p 0000b000 fc:01 2093                       /lib/x86_64-linux-gnu/libnss_files-2.27.so
7f5fabbd2000-7f5fabbd3000 r--p 0000a000 fc:01 2093                       /lib/x86_64-linux-gnu/libnss_files-2.27.so
7f5fabbd3000-7f5fabbd4000 rw-p 0000b000 fc:01 2093                       /lib/x86_64-linux-gnu/libnss_files-2.27.so
7f5fabbd4000-7f5fabbda000 rw-p 00000000 00:00 0 
7f5fabbda000-7f5fabbf1000 r-xp 00000000 fc:01 2090                       /lib/x86_64-linux-gnu/libnsl-2.27.so
7f5fabbf1000-7f5fabdf0000 ---p 00017000 fc:01 2090                       /lib/x86_64-linux-gnu/libnsl-2.27.so
7f5fabdf0000-7f5fabdf1000 r--p 00016000 fc:01 2090                       /lib/x86_64-linux-gnu/libnsl-2.27.so
7f5fabdf1000-7f5fabdf2000 rw-p 00017000 fc:01 2090                       /lib/x86_64-linux-gnu/libnsl-2.27.so
7f5fabdf2000-7f5fabdf4000 rw-p 00000000 00:00 0 
7f5fabdf4000-7f5fabdff000 r-xp 00000000 fc:01 2095                       /lib/x86_64-linux-gnu/libnss_nis-2.27.so
7f5fabdff000-7f5fabffe000 ---p 0000b000 fc:01 2095                       /lib/x86_64-linux-gnu/libnss_nis-2.27.so
7f5fabffe000-7f5fabfff000 r--p 0000a000 fc:01 2095                       /lib/x86_64-linux-gnu/libnss_nis-2.27.so
7f5fabfff000-7f5fac000000 rw-p 0000b000 fc:01 2095                       /lib/x86_64-linux-gnu/libnss_nis-2.27.so
7f5fac000000-7f5fac25f000 rw-p 00000000 00:00 0 
7f5fac25f000-7f5fb0000000 ---p 00000000 00:00 0 
7f5fb0000000-7f5fb0002000 r--s 00007000 fc:01 29713                      /usr/share/java/java-atk-wrapper.jar
7f5fb0002000-7f5fb0033000 r--p 00000000 fc:01 7802                       /usr/lib/locale/C.UTF-8/LC_CTYPE
7f5fb0033000-7f5fb017a000 rw-p 00000000 00:00 0 
7f5fb017a000-7f5fb0182000 r-xp 00000000 fc:01 2091                       /lib/x86_64-linux-gnu/libnss_compat-2.27.so
7f5fb0182000-7f5fb0382000 ---p 00008000 fc:01 2091                       /lib/x86_64-linux-gnu/libnss_compat-2.27.so
7f5fb0382000-7f5fb0383000 r--p 00008000 fc:01 2091                       /lib/x86_64-linux-gnu/libnss_compat-2.27.so
7f5fb0383000-7f5fb0384000 rw-p 00009000 fc:01 2091                       /lib/x86_64-linux-gnu/libnss_compat-2.27.so
7f5fb0384000-7f5fb03ae000 r-xp 00000000 fc:01 2076287                    /usr/lib/jvm/java-8-openjdk-amd64/jre/lib/amd64/libjava.so
7f5fb03ae000-7f5fb05ad000 ---p 0002a000 fc:01 2076287                    /usr/lib/jvm/java-8-openjdk-amd64/jre/lib/amd64/libjava.so
7f5fb05ad000-7f5fb05ae000 r--p 00029000 fc:01 2076287                    /usr/lib/jvm/java-8-openjdk-amd64/jre/lib/amd64/libjava.so
7f5fb05ae000-7f5fb05b0000 rw-p 0002a000 fc:01 2076287                    /usr/lib/jvm/java-8-openjdk-amd64/jre/lib/amd64/libjava.so
7f5fb05b0000-7f5fb05c0000 r-xp 00000000 fc:01 2076305                    /usr/lib/jvm/java-8-openjdk-amd64/jre/lib/amd64/libverify.so
7f5fb05c0000-7f5fb07bf000 ---p 00010000 fc:01 2076305                    /usr/lib/jvm/java-8-openjdk-amd64/jre/lib/amd64/libverify.so
7f5fb07bf000-7f5fb07c1000 r--p 0000f000 fc:01 2076305                    /usr/lib/jvm/java-8-openjdk-amd64/jre/lib/amd64/libverify.so
7f5fb07c1000-7f5fb07c2000 rw-p 00011000 fc:01 2076305                    /usr/lib/jvm/java-8-openjdk-amd64/jre/lib/amd64/libverify.so
7f5fb07c2000-7f5fb07c9000 r-xp 00000000 fc:01 2180                       /lib/x86_64-linux-gnu/librt-2.27.so
7f5fb07c9000-7f5fb09c8000 ---p 00007000 fc:01 2180                       /lib/x86_64-linux-gnu/librt-2.27.so
7f5fb09c8000-7f5fb09c9000 r--p 00006000 fc:01 2180                       /lib/x86_64-linux-gnu/librt-2.27.so
7f5fb09c9000-7f5fb09ca000 rw-p 00007000 fc:01 2180                       /lib/x86_64-linux-gnu/librt-2.27.so
7f5fb09ca000-7f5fb09e1000 r-xp 00000000 fc:01 29118                      /lib/x86_64-linux-gnu/libgcc_s.so.1
7f5fb09e1000-7f5fb0be0000 ---p 00017000 fc:01 29118                      /lib/x86_64-linux-gnu/libgcc_s.so.1
7f5fb0be0000-7f5fb0be1000 r--p 00016000 fc:01 29118                      /lib/x86_64-linux-gnu/libgcc_s.so.1
7f5fb0be1000-7f5fb0be2000 rw-p 00017000 fc:01 29118                      /lib/x86_64-linux-gnu/libgcc_s.so.1
7f5fb0be2000-7f5fb0d7f000 r-xp 00000000 fc:01 2087                       /lib/x86_64-linux-gnu/libm-2.27.so
7f5fb0d7f000-7f5fb0f7e000 ---p 0019d000 fc:01 2087                       /lib/x86_64-linux-gnu/libm-2.27.so
7f5fb0f7e000-7f5fb0f7f000 r--p 0019c000 fc:01 2087                       /lib/x86_64-linux-gnu/libm-2.27.so
7f5fb0f7f000-7f5fb0f80000 rw-p 0019d000 fc:01 2087                       /lib/x86_64-linux-gnu/libm-2.27.so
7f5fb0f80000-7f5fb10f9000 r-xp 00000000 fc:01 2380                       /usr/lib/x86_64-linux-gnu/libstdc++.so.6.0.25
7f5fb10f9000-7f5fb12f9000 ---p 00179000 fc:01 2380                       /usr/lib/x86_64-linux-gnu/libstdc++.so.6.0.25
7f5fb12f9000-7f5fb1303000 r--p 00179000 fc:01 2380                       /usr/lib/x86_64-linux-gnu/libstdc++.so.6.0.25
7f5fb1303000-7f5fb1305000 rw-p 00183000 fc:01 2380                       /usr/lib/x86_64-linux-gnu/libstdc++.so.6.0.25
7f5fb1305000-7f5fb1309000 rw-p 00000000 00:00 0 
7f5fb1309000-7f5fb1fac000 r-xp 00000000 fc:01 2076309                    /usr/lib/jvm/java-8-openjdk-amd64/jre/lib/amd64/server/libjvm.so
7f5fb1fac000-7f5fb21ac000 ---p 00ca3000 fc:01 2076309                    /usr/lib/jvm/java-8-openjdk-amd64/jre/lib/amd64/server/libjvm.so
7f5fb21ac000-7f5fb2240000 r--p 00ca3000 fc:01 2076309                    /usr/lib/jvm/java-8-openjdk-amd64/jre/lib/amd64/server/libjvm.so
7f5fb2240000-7f5fb2269000 rw-p 00d37000 fc:01 2076309                    /usr/lib/jvm/java-8-openjdk-amd64/jre/lib/amd64/server/libjvm.so
7f5fb2269000-7f5fb2299000 rw-p 00000000 00:00 0 
7f5fb2299000-7f5fb22b3000 r-xp 00000000 fc:01 2178                       /lib/x86_64-linux-gnu/libpthread-2.27.so
7f5fb22b3000-7f5fb24b2000 ---p 0001a000 fc:01 2178                       /lib/x86_64-linux-gnu/libpthread-2.27.so
7f5fb24b2000-7f5fb24b3000 r--p 00019000 fc:01 2178                       /lib/x86_64-linux-gnu/libpthread-2.27.so
7f5fb24b3000-7f5fb24b4000 rw-p 0001a000 fc:01 2178                       /lib/x86_64-linux-gnu/libpthread-2.27.so
7f5fb24b4000-7f5fb24b8000 rw-p 00000000 00:00 0 
7f5fb24b8000-7f5fb24bb000 r-xp 00000000 fc:01 2086                       /lib/x86_64-linux-gnu/libdl-2.27.so
7f5fb24bb000-7f5fb26ba000 ---p 00003000 fc:01 2086                       /lib/x86_64-linux-gnu/libdl-2.27.so
7f5fb26ba000-7f5fb26bb000 r--p 00002000 fc:01 2086                       /lib/x86_64-linux-gnu/libdl-2.27.so
7f5fb26bb000-7f5fb26bc000 rw-p 00003000 fc:01 2086                       /lib/x86_64-linux-gnu/libdl-2.27.so
7f5fb26bc000-7f5fb26d8000 r-xp 00000000 fc:01 2183                       /lib/x86_64-linux-gnu/libz.so.1.2.11
7f5fb26d8000-7f5fb28d7000 ---p 0001c000 fc:01 2183                       /lib/x86_64-linux-gnu/libz.so.1.2.11
7f5fb28d7000-7f5fb28d8000 r--p 0001b000 fc:01 2183                       /lib/x86_64-linux-gnu/libz.so.1.2.11
7f5fb28d8000-7f5fb28d9000 rw-p 0001c000 fc:01 2183                       /lib/x86_64-linux-gnu/libz.so.1.2.11
7f5fb28d9000-7f5fb2ac0000 r-xp 00000000 fc:01 2083                       /lib/x86_64-linux-gnu/libc-2.27.so
7f5fb2ac0000-7f5fb2cc0000 ---p 001e7000 fc:01 2083                       /lib/x86_64-linux-gnu/libc-2.27.so
7f5fb2cc0000-7f5fb2cc4000 r--p 001e7000 fc:01 2083                       /lib/x86_64-linux-gnu/libc-2.27.so
7f5fb2cc4000-7f5fb2cc6000 rw-p 001eb000 fc:01 2083                       /lib/x86_64-linux-gnu/libc-2.27.so
7f5fb2cc6000-7f5fb2cca000 rw-p 00000000 00:00 0 
7f5fb2cca000-7f5fb2cd8000 r-xp 00000000 fc:01 2076273                    /usr/lib/jvm/java-8-openjdk-amd64/jre/lib/amd64/jli/libjli.so
7f5fb2cd8000-7f5fb2ed7000 ---p 0000e000 fc:01 2076273                    /usr/lib/jvm/java-8-openjdk-amd64/jre/lib/amd64/jli/libjli.so
7f5fb2ed7000-7f5fb2ed8000 r--p 0000d000 fc:01 2076273                    /usr/lib/jvm/java-8-openjdk-amd64/jre/lib/amd64/jli/libjli.so
7f5fb2ed8000-7f5fb2ed9000 rw-p 0000e000 fc:01 2076273                    /usr/lib/jvm/java-8-openjdk-amd64/jre/lib/amd64/jli/libjli.so
7f5fb2ed9000-7f5fb2f00000 r-xp 00000000 fc:01 2079                       /lib/x86_64-linux-gnu/ld-2.27.so
7f5fb2f00000-7f5fb2f01000 r--s 0000d000 fc:01 2076326                    /usr/lib/jvm/java-8-openjdk-amd64/jre/lib/ext/sunec.jar
7f5fb2f01000-7f5fb2f03000 r--s 00001000 fc:01 2076321                    /usr/lib/jvm/java-8-openjdk-amd64/jre/lib/ext/dnsns.jar
7f5fb2f03000-7f5fb2f06000 r--s 0000f000 fc:01 2076322                    /usr/lib/jvm/java-8-openjdk-amd64/jre/lib/ext/icedtea-sound.jar
7f5fb2f06000-7f5fb2f10000 r--s 00116000 fc:01 2076324                    /usr/lib/jvm/java-8-openjdk-amd64/jre/lib/ext/localedata.jar
7f5fb2f10000-7f5fb2f11000 r--p 00000000 fc:01 7807                       /usr/lib/locale/C.UTF-8/LC_NUMERIC
7f5fb2f11000-7f5fb2f12000 r--p 00000000 fc:01 7810                       /usr/lib/locale/C.UTF-8/LC_TIME
7f5fb2f12000-7f5fb2f13000 r--p 00000000 fc:01 7805                       /usr/lib/locale/C.UTF-8/LC_MONETARY
7f5fb2f13000-7f5fb2f14000 r--p 00000000 fc:01 7799                       /usr/lib/locale/C.UTF-8/LC_MESSAGES/SYS_LC_MESSAGES
7f5fb2f14000-7f5fb2f15000 r--p 00000000 fc:01 7808                       /usr/lib/locale/C.UTF-8/LC_PAPER
7f5fb2f15000-7f5fb2f16000 r--p 00000000 fc:01 7806                       /usr/lib/locale/C.UTF-8/LC_NAME
7f5fb2f16000-7f5fb2f17000 r--p 00000000 fc:01 7800                       /usr/lib/locale/C.UTF-8/LC_ADDRESS
7f5fb2f17000-7f5fb2f18000 r--p 00000000 fc:01 7809                       /usr/lib/locale/C.UTF-8/LC_TELEPHONE
7f5fb2f18000-7f5fb2f19000 r--p 00000000 fc:01 7804                       /usr/lib/locale/C.UTF-8/LC_MEASUREMENT
7f5fb2f19000-7f5fb2f20000 r--s 00000000 fc:01 5010                       /usr/lib/x86_64-linux-gnu/gconv/gconv-modules.cache
7f5fb2f20000-7f5fb2f21000 r--p 00000000 fc:01 7803                       /usr/lib/locale/C.UTF-8/LC_IDENTIFICATION
7f5fb2f21000-7f5fb2f27000 rw-p 00000000 00:00 0 
7f5fb2f27000-7f5fb2f74000 ---p 00000000 00:00 0 
7f5fb2f74000-7f5fb2f77000 rw-p 00000000 00:00 0 
7f5fb2f77000-7f5fb2f9d000 ---p 00000000 00:00 0 
7f5fb2f9d000-7f5fb2fa3000 rw-p 00000000 00:00 0 
7f5fb2fa3000-7f5fb2ff0000 ---p 00000000 00:00 0 
7f5fb2ff0000-7f5fb2ff1000 rw-p 00000000 00:00 0 
7f5fb2ff1000-7f5fb2ff2000 ---p 00000000 00:00 0 
7f5fb2ff2000-7f5fb2ff5000 ---p 00000000 00:00 0 
7f5fb2ff5000-7f5fb30f4000 rw-p 00000000 00:00 0 
7f5fb30f4000-7f5fb30fc000 rw-s 00000000 fc:01 528989                     /tmp/hsperfdata_mpiuser/32125
7f5fb30fc000-7f5fb30fd000 rw-p 00000000 00:00 0 
7f5fb30fd000-7f5fb30fe000 r--p 00000000 00:00 0 
7f5fb30fe000-7f5fb3100000 rw-p 00000000 00:00 0 
7f5fb3100000-7f5fb3101000 r--p 00027000 fc:01 2079                       /lib/x86_64-linux-gnu/ld-2.27.so
7f5fb3101000-7f5fb3102000 rw-p 00028000 fc:01 2079                       /lib/x86_64-linux-gnu/ld-2.27.so
7f5fb3102000-7f5fb3103000 rw-p 00000000 00:00 0 
7ffdf55ec000-7ffdf560d000 rw-p 00000000 00:00 0                          [stack]
7ffdf57f0000-7ffdf57f3000 r--p 00000000 00:00 0                          [vvar]
7ffdf57f3000-7ffdf57f5000 r-xp 00000000 00:00 0                          [vdso]
ffffffffff600000-ffffffffff601000 r-xp 00000000 00:00 0                  [vsyscall]

VM Arguments:
jvm_args: -Djava.library.path=/usr/local/lib 
java_command: Client 1000000 100 0
java_class_path (initial): /home/mpiuser/cloud/fyp/java_client:./lib/spring-jcl-5.2.5.RELEASE.jar:./lib/jackson-databind-2.10.3.jar:./lib/jackson-databind-2.10.2.jar:./lib/slf4j-simple-1.7.30.jar:./lib/amqp-client-5.8.0.jar:./lib/spring-web-5.2.5.RELEASE.jar:./lib/jackson-annotations-2.10.3.jar:./lib/mpi.jar:./lib/spring-beans-5.2.5.RELEASE.jar:./lib/jackson-annotations-2.10.2.jar:./lib/jackson-core-2.10.2.jar:./lib/jackson-core-2.10.3.jar:./lib/slf4j-api-1.7.29.jar:./lib/spring-core-5.2.5.RELEASE.jar:./lib/slf4j-api-1.7.30.jar:./lib/http-client-3.6.1.RELEASE.jar:/usr/local/lib/mpi.jar
Launcher Type: SUN_STANDARD

Environment Variables:
PATH=/usr/local/sbin:/usr/local/bin:/usr/sbin:/usr/bin:/sbin:/bin:/usr/games:/usr/local/games
SHELL=/bin/bash

Signal Handlers:
SIGSEGV: [libjvm.so+0xabc3b0], sa_mask[0]=11111111011111111101111111111110, sa_flags=SA_RESTART|SA_SIGINFO
SIGBUS: [libjvm.so+0xabc3b0], sa_mask[0]=11111111011111111101111111111110, sa_flags=SA_RESTART|SA_SIGINFO
SIGFPE: [libjvm.so+0x8f0bb0], sa_mask[0]=11111111011111111101111111111110, sa_flags=SA_RESTART|SA_SIGINFO
SIGPIPE: [libjvm.so+0x8f0bb0], sa_mask[0]=11111111011111111101111111111110, sa_flags=SA_RESTART|SA_SIGINFO
SIGXFSZ: [libjvm.so+0x8f0bb0], sa_mask[0]=11111111011111111101111111111110, sa_flags=SA_RESTART|SA_SIGINFO
SIGILL: [libjvm.so+0x8f0bb0], sa_mask[0]=11111111011111111101111111111110, sa_flags=SA_RESTART|SA_SIGINFO
SIGUSR1: SIG_DFL, sa_mask[0]=00000000000000000000000000000000, sa_flags=none
SIGUSR2: [libjvm.so+0x8f0a60], sa_mask[0]=00000000000000000000000000000000, sa_flags=SA_RESTART|SA_SIGINFO
SIGHUP: [libjvm.so+0x8f10d0], sa_mask[0]=11111111011111111101111111111110, sa_flags=SA_RESTART|SA_SIGINFO
SIGINT: [libjvm.so+0x8f10d0], sa_mask[0]=11111111011111111101111111111110, sa_flags=SA_RESTART|SA_SIGINFO
SIGTERM: [libjvm.so+0x8f10d0], sa_mask[0]=11111111011111111101111111111110, sa_flags=SA_RESTART|SA_SIGINFO
SIGQUIT: [libjvm.so+0x8f10d0], sa_mask[0]=11111111011111111101111111111110, sa_flags=SA_RESTART|SA_SIGINFO


---------------  S Y S T E M  ---------------

OS:DISTRIB_ID=Ubuntu
DISTRIB_RELEASE=18.04
DISTRIB_CODENAME=bionic
DISTRIB_DESCRIPTION="Ubuntu 18.04.3 LTS"

uname:Linux 4.15.0-66-generic #75-Ubuntu SMP Tue Oct 1 05:24:09 UTC 2019 x86_64
libc:glibc 2.27 NPTL 2.27 
rlimit: STACK 8192k, CORE 0k, NPROC 3841, NOFILE 1048576, AS infinity
load average:129.02 39.01 13.53

/proc/meminfo:
MemTotal:        1008808 kB
MemFree:          132476 kB
MemAvailable:     113804 kB
Buffers:            4112 kB
Cached:            49512 kB
SwapCached:            0 kB
Active:           689804 kB
Inactive:          16328 kB
Active(anon):     653124 kB
Inactive(anon):      184 kB
Active(file):      36680 kB
Inactive(file):    16144 kB
Unevictable:           0 kB
Mlocked:               0 kB
SwapTotal:             0 kB
SwapFree:              0 kB
Dirty:               928 kB
Writeback:             0 kB
AnonPages:        652780 kB
Mapped:            31024 kB
Shmem:               640 kB
Slab:             104732 kB
SReclaimable:      52512 kB
SUnreclaim:        52220 kB
KernelStack:       11960 kB
PageTables:        20816 kB
NFS_Unstable:          0 kB
Bounce:                0 kB
WritebackTmp:          0 kB
CommitLimit:      504404 kB
Committed_AS:    4657720 kB
VmallocTotal:   34359738367 kB
VmallocUsed:           0 kB
VmallocChunk:          0 kB
HardwareCorrupted:     0 kB
AnonHugePages:         0 kB
ShmemHugePages:        0 kB
ShmemPmdMapped:        0 kB
CmaTotal:              0 kB
CmaFree:               0 kB
HugePages_Total:       0
HugePages_Free:        0
HugePages_Rsvd:        0
HugePages_Surp:        0
Hugepagesize:       2048 kB
DirectMap4k:      274412 kB
DirectMap2M:      774144 kB
DirectMap1G:           0 kB

container (cgroup) information:
container_type: cgroupv1
cpu_cpuset_cpus: 0-2
cpu_memory_nodes: 0
active_processor_count: 3
cpu_quota: -1
cpu_period: 100000
cpu_shares: -1
memory_limit_in_bytes: -1
memory_and_swap_limit_in_bytes: -2
memory_soft_limit_in_bytes: -1
memory_usage_in_bytes: 750358528
memory_max_usage_in_bytes: 869789696


CPU:total 3 (initial active 3) (1 cores per cpu, 1 threads per core) family 6 model 85 stepping 4, cmov, cx8, fxsr, mmx, sse, sse2, sse3, ssse3, sse4.1, sse4.2, popcnt, avx, avx2, aes, clmul, erms, 3dnowpref, lzcnt, tsc, bmi1, bmi2, adx

/proc/cpuinfo:
processor	: 0
vendor_id	: GenuineIntel
cpu family	: 6
model		: 85
model name	: Intel(R) Xeon(R) Gold 6140 CPU @ 2.30GHz
stepping	: 4
microcode	: 0x1
cpu MHz		: 2294.608
cache size	: 4096 KB
physical id	: 0
siblings	: 1
core id		: 0
cpu cores	: 1
apicid		: 0
initial apicid	: 0
fpu		: yes
fpu_exception	: yes
cpuid level	: 13
wp		: yes
flags		: fpu vme de pse tsc msr pae mce cx8 apic sep mtrr pge mca cmov pat pse36 clflush mmx fxsr sse sse2 ss syscall nx pdpe1gb rdtscp lm constant_tsc arch_perfmon rep_good nopl cpuid tsc_known_freq pni pclmulqdq vmx ssse3 fma cx16 pcid sse4_1 sse4_2 x2apic movbe popcnt tsc_deadline_timer aes xsave avx f16c rdrand hypervisor lahf_lm abm 3dnowprefetch cpuid_fault invpcid_single pti ssbd ibrs ibpb tpr_shadow vnmi flexpriority ept vpid fsgsbase tsc_adjust bmi1 avx2 smep bmi2 erms invpcid mpx avx512f avx512dq rdseed adx smap clflushopt clwb avx512cd avx512bw avx512vl xsaveopt xsavec xgetbv1 pku ospke md_clear
bugs		: cpu_meltdown spectre_v1 spectre_v2 spec_store_bypass l1tf mds swapgs
bogomips	: 4589.21
clflush size	: 64
cache_alignment	: 64
address sizes	: 40 bits physical, 48 bits virtual
power management:

processor	: 1
vendor_id	: GenuineIntel
cpu family	: 6
model		: 85
model name	: Intel(R) Xeon(R) Gold 6140 CPU @ 2.30GHz
stepping	: 4
microcode	: 0x1
cpu MHz		: 2294.608
cache size	: 4096 KB
physical id	: 1
siblings	: 1
core id		: 0
cpu cores	: 1
apicid		: 1
initial apicid	: 1
fpu		: yes
fpu_exception	: yes
cpuid level	: 13
wp		: yes
flags		: fpu vme de pse tsc msr pae mce cx8 apic sep mtrr pge mca cmov pat pse36 clflush mmx fxsr sse sse2 ss syscall nx pdpe1gb rdtscp lm constant_tsc arch_perfmon rep_good nopl cpuid tsc_known_freq pni pclmulqdq vmx ssse3 fma cx16 pcid sse4_1 sse4_2 x2apic movbe popcnt tsc_deadline_timer aes xsave avx f16c rdrand hypervisor lahf_lm abm 3dnowprefetch cpuid_fault invpcid_single pti ssbd ibrs ibpb tpr_shadow vnmi flexpriority ept vpid fsgsbase tsc_adjust bmi1 avx2 smep bmi2 erms invpcid mpx avx512f avx512dq rdseed adx smap clflushopt clwb avx512cd avx512bw avx512vl xsaveopt xsavec xgetbv1 pku ospke md_clear
bugs		: cpu_meltdown spectre_v1 spectre_v2 spec_store_bypass l1tf mds swapgs
bogomips	: 4589.21
clflush size	: 64
cache_alignment	: 64
address sizes	: 40 bits physical, 48 bits virtual
power management:

processor	: 2
vendor_id	: GenuineIntel
cpu family	: 6
model		: 85
model name	: Intel(R) Xeon(R) Gold 6140 CPU @ 2.30GHz
stepping	: 4
microcode	: 0x1
cpu MHz		: 2294.608
cache size	: 4096 KB
physical id	: 2
siblings	: 1
core id		: 0
cpu cores	: 1
apicid		: 2
initial apicid	: 2
fpu		: yes
fpu_exception	: yes
cpuid level	: 13
wp		: yes
flags		: fpu vme de pse tsc msr pae mce cx8 apic sep mtrr pge mca cmov pat pse36 clflush mmx fxsr sse sse2 ss syscall nx pdpe1gb rdtscp lm constant_tsc arch_perfmon rep_good nopl cpuid tsc_known_freq pni pclmulqdq vmx ssse3 fma cx16 pcid sse4_1 sse4_2 x2apic movbe popcnt tsc_deadline_timer aes xsave avx f16c rdrand hypervisor lahf_lm abm 3dnowprefetch cpuid_fault invpcid_single pti ssbd ibrs ibpb tpr_shadow vnmi flexpriority ept vpid fsgsbase tsc_adjust bmi1 avx2 smep bmi2 erms invpcid mpx avx512f avx512dq rdseed adx smap clflushopt clwb avx512cd avx512bw avx512vl xsaveopt xsavec xgetbv1 pku ospke md_clear
bugs		: cpu_meltdown spectre_v1 spectre_v2 spec_store_bypass l1tf mds swapgs
bogomips	: 4589.21
clflush size	: 64
cache_alignment	: 64
address sizes	: 40 bits physical, 48 bits virtual
power management:



Memory: 4k page, physical 1008808k(132352k free), swap 0k(0k free)

vm_info: OpenJDK 64-Bit Server VM (25.242-b08) for linux-amd64 JRE (1.8.0_242-8u242-b08-0ubuntu3~18.04-b08), built on Jan 17 2020 23:41:21 by "buildd" with gcc 7.4.0

time: Mon Apr  6 11:40:56 2020
timezone: UTC
elapsed time: 2 seconds (0d 0h 0m 2s)

